[2023-05-06T23:25:02.127+0000] {processor.py:156} INFO - Started process (PID=43) to work on /home/airflow/.local/lib/python3.7/site-packages/airflow/example_dags/example_sensor_decorator.py
[2023-05-06T23:25:02.127+0000] {processor.py:799} INFO - Processing file /home/airflow/.local/lib/python3.7/site-packages/airflow/example_dags/example_sensor_decorator.py for tasks to queue
[2023-05-06T23:25:02.128+0000] {logging_mixin.py:149} INFO - [2023-05-06T23:25:02.127+0000] {dagbag.py:541} INFO - Filling up the DagBag from /home/airflow/.local/lib/python3.7/site-packages/airflow/example_dags/example_sensor_decorator.py
[2023-05-06T23:25:02.133+0000] {processor.py:809} INFO - DAG(s) dict_keys(['example_sensor_decorator']) retrieved from /home/airflow/.local/lib/python3.7/site-packages/airflow/example_dags/example_sensor_decorator.py
[2023-05-06T23:25:02.146+0000] {logging_mixin.py:149} INFO - [2023-05-06T23:25:02.145+0000] {dag.py:2726} INFO - Sync 1 DAGs
[2023-05-06T23:25:02.176+0000] {logging_mixin.py:149} INFO - [2023-05-06T23:25:02.176+0000] {dag.py:3490} INFO - Setting next_dagrun for example_sensor_decorator to None, run_after=None
[2023-05-06T23:25:02.204+0000] {processor.py:178} INFO - Processing /home/airflow/.local/lib/python3.7/site-packages/airflow/example_dags/example_sensor_decorator.py took 0.080 seconds
[2023-05-06T23:25:32.342+0000] {processor.py:156} INFO - Started process (PID=101) to work on /home/airflow/.local/lib/python3.7/site-packages/airflow/example_dags/example_sensor_decorator.py
[2023-05-06T23:25:32.343+0000] {processor.py:799} INFO - Processing file /home/airflow/.local/lib/python3.7/site-packages/airflow/example_dags/example_sensor_decorator.py for tasks to queue
[2023-05-06T23:25:32.344+0000] {logging_mixin.py:149} INFO - [2023-05-06T23:25:32.344+0000] {dagbag.py:541} INFO - Filling up the DagBag from /home/airflow/.local/lib/python3.7/site-packages/airflow/example_dags/example_sensor_decorator.py
[2023-05-06T23:25:32.352+0000] {processor.py:809} INFO - DAG(s) dict_keys(['example_sensor_decorator']) retrieved from /home/airflow/.local/lib/python3.7/site-packages/airflow/example_dags/example_sensor_decorator.py
[2023-05-06T23:25:32.376+0000] {logging_mixin.py:149} INFO - [2023-05-06T23:25:32.375+0000] {dag.py:2726} INFO - Sync 1 DAGs
[2023-05-06T23:25:32.399+0000] {logging_mixin.py:149} INFO - [2023-05-06T23:25:32.399+0000] {dag.py:3490} INFO - Setting next_dagrun for example_sensor_decorator to None, run_after=None
[2023-05-06T23:25:32.419+0000] {processor.py:178} INFO - Processing /home/airflow/.local/lib/python3.7/site-packages/airflow/example_dags/example_sensor_decorator.py took 0.081 seconds
[2023-05-06T23:26:02.446+0000] {processor.py:156} INFO - Started process (PID=159) to work on /home/airflow/.local/lib/python3.7/site-packages/airflow/example_dags/example_sensor_decorator.py
[2023-05-06T23:26:02.447+0000] {processor.py:799} INFO - Processing file /home/airflow/.local/lib/python3.7/site-packages/airflow/example_dags/example_sensor_decorator.py for tasks to queue
[2023-05-06T23:26:02.448+0000] {logging_mixin.py:149} INFO - [2023-05-06T23:26:02.448+0000] {dagbag.py:541} INFO - Filling up the DagBag from /home/airflow/.local/lib/python3.7/site-packages/airflow/example_dags/example_sensor_decorator.py
[2023-05-06T23:26:02.455+0000] {processor.py:809} INFO - DAG(s) dict_keys(['example_sensor_decorator']) retrieved from /home/airflow/.local/lib/python3.7/site-packages/airflow/example_dags/example_sensor_decorator.py
[2023-05-06T23:26:02.475+0000] {logging_mixin.py:149} INFO - [2023-05-06T23:26:02.474+0000] {dag.py:2726} INFO - Sync 1 DAGs
[2023-05-06T23:26:02.496+0000] {logging_mixin.py:149} INFO - [2023-05-06T23:26:02.496+0000] {dag.py:3490} INFO - Setting next_dagrun for example_sensor_decorator to None, run_after=None
[2023-05-06T23:26:02.511+0000] {processor.py:178} INFO - Processing /home/airflow/.local/lib/python3.7/site-packages/airflow/example_dags/example_sensor_decorator.py took 0.069 seconds
[2023-05-06T23:26:32.862+0000] {processor.py:156} INFO - Started process (PID=216) to work on /home/airflow/.local/lib/python3.7/site-packages/airflow/example_dags/example_sensor_decorator.py
[2023-05-06T23:26:32.863+0000] {processor.py:799} INFO - Processing file /home/airflow/.local/lib/python3.7/site-packages/airflow/example_dags/example_sensor_decorator.py for tasks to queue
[2023-05-06T23:26:32.863+0000] {logging_mixin.py:149} INFO - [2023-05-06T23:26:32.863+0000] {dagbag.py:541} INFO - Filling up the DagBag from /home/airflow/.local/lib/python3.7/site-packages/airflow/example_dags/example_sensor_decorator.py
[2023-05-06T23:26:32.867+0000] {processor.py:809} INFO - DAG(s) dict_keys(['example_sensor_decorator']) retrieved from /home/airflow/.local/lib/python3.7/site-packages/airflow/example_dags/example_sensor_decorator.py
[2023-05-06T23:26:32.885+0000] {logging_mixin.py:149} INFO - [2023-05-06T23:26:32.885+0000] {dag.py:2726} INFO - Sync 1 DAGs
[2023-05-06T23:26:32.907+0000] {logging_mixin.py:149} INFO - [2023-05-06T23:26:32.906+0000] {dag.py:3490} INFO - Setting next_dagrun for example_sensor_decorator to None, run_after=None
[2023-05-06T23:26:32.925+0000] {processor.py:178} INFO - Processing /home/airflow/.local/lib/python3.7/site-packages/airflow/example_dags/example_sensor_decorator.py took 0.065 seconds
[2023-05-06T23:27:03.524+0000] {processor.py:156} INFO - Started process (PID=274) to work on /home/airflow/.local/lib/python3.7/site-packages/airflow/example_dags/example_sensor_decorator.py
[2023-05-06T23:27:03.525+0000] {processor.py:799} INFO - Processing file /home/airflow/.local/lib/python3.7/site-packages/airflow/example_dags/example_sensor_decorator.py for tasks to queue
[2023-05-06T23:27:03.525+0000] {logging_mixin.py:149} INFO - [2023-05-06T23:27:03.525+0000] {dagbag.py:541} INFO - Filling up the DagBag from /home/airflow/.local/lib/python3.7/site-packages/airflow/example_dags/example_sensor_decorator.py
[2023-05-06T23:27:03.530+0000] {processor.py:809} INFO - DAG(s) dict_keys(['example_sensor_decorator']) retrieved from /home/airflow/.local/lib/python3.7/site-packages/airflow/example_dags/example_sensor_decorator.py
[2023-05-06T23:27:03.552+0000] {logging_mixin.py:149} INFO - [2023-05-06T23:27:03.552+0000] {dag.py:2726} INFO - Sync 1 DAGs
[2023-05-06T23:27:03.576+0000] {logging_mixin.py:149} INFO - [2023-05-06T23:27:03.576+0000] {dag.py:3490} INFO - Setting next_dagrun for example_sensor_decorator to None, run_after=None
[2023-05-06T23:27:03.596+0000] {processor.py:178} INFO - Processing /home/airflow/.local/lib/python3.7/site-packages/airflow/example_dags/example_sensor_decorator.py took 0.074 seconds
[2023-05-06T23:27:34.069+0000] {processor.py:156} INFO - Started process (PID=332) to work on /home/airflow/.local/lib/python3.7/site-packages/airflow/example_dags/example_sensor_decorator.py
[2023-05-06T23:27:34.069+0000] {processor.py:799} INFO - Processing file /home/airflow/.local/lib/python3.7/site-packages/airflow/example_dags/example_sensor_decorator.py for tasks to queue
[2023-05-06T23:27:34.070+0000] {logging_mixin.py:149} INFO - [2023-05-06T23:27:34.070+0000] {dagbag.py:541} INFO - Filling up the DagBag from /home/airflow/.local/lib/python3.7/site-packages/airflow/example_dags/example_sensor_decorator.py
[2023-05-06T23:27:34.077+0000] {processor.py:809} INFO - DAG(s) dict_keys(['example_sensor_decorator']) retrieved from /home/airflow/.local/lib/python3.7/site-packages/airflow/example_dags/example_sensor_decorator.py
[2023-05-06T23:27:34.102+0000] {logging_mixin.py:149} INFO - [2023-05-06T23:27:34.102+0000] {dag.py:2726} INFO - Sync 1 DAGs
[2023-05-06T23:27:34.127+0000] {logging_mixin.py:149} INFO - [2023-05-06T23:27:34.127+0000] {dag.py:3490} INFO - Setting next_dagrun for example_sensor_decorator to None, run_after=None
[2023-05-06T23:27:34.145+0000] {processor.py:178} INFO - Processing /home/airflow/.local/lib/python3.7/site-packages/airflow/example_dags/example_sensor_decorator.py took 0.079 seconds
[2023-05-06T23:28:04.497+0000] {processor.py:156} INFO - Started process (PID=390) to work on /home/airflow/.local/lib/python3.7/site-packages/airflow/example_dags/example_sensor_decorator.py
[2023-05-06T23:28:04.498+0000] {processor.py:799} INFO - Processing file /home/airflow/.local/lib/python3.7/site-packages/airflow/example_dags/example_sensor_decorator.py for tasks to queue
[2023-05-06T23:28:04.499+0000] {logging_mixin.py:149} INFO - [2023-05-06T23:28:04.499+0000] {dagbag.py:541} INFO - Filling up the DagBag from /home/airflow/.local/lib/python3.7/site-packages/airflow/example_dags/example_sensor_decorator.py
[2023-05-06T23:28:04.503+0000] {processor.py:809} INFO - DAG(s) dict_keys(['example_sensor_decorator']) retrieved from /home/airflow/.local/lib/python3.7/site-packages/airflow/example_dags/example_sensor_decorator.py
[2023-05-06T23:28:04.523+0000] {logging_mixin.py:149} INFO - [2023-05-06T23:28:04.523+0000] {dag.py:2726} INFO - Sync 1 DAGs
[2023-05-06T23:28:04.549+0000] {logging_mixin.py:149} INFO - [2023-05-06T23:28:04.549+0000] {dag.py:3490} INFO - Setting next_dagrun for example_sensor_decorator to None, run_after=None
[2023-05-06T23:28:04.570+0000] {processor.py:178} INFO - Processing /home/airflow/.local/lib/python3.7/site-packages/airflow/example_dags/example_sensor_decorator.py took 0.076 seconds
[2023-05-06T23:28:34.759+0000] {processor.py:156} INFO - Started process (PID=448) to work on /home/airflow/.local/lib/python3.7/site-packages/airflow/example_dags/example_sensor_decorator.py
[2023-05-06T23:28:34.759+0000] {processor.py:799} INFO - Processing file /home/airflow/.local/lib/python3.7/site-packages/airflow/example_dags/example_sensor_decorator.py for tasks to queue
[2023-05-06T23:28:34.760+0000] {logging_mixin.py:149} INFO - [2023-05-06T23:28:34.760+0000] {dagbag.py:541} INFO - Filling up the DagBag from /home/airflow/.local/lib/python3.7/site-packages/airflow/example_dags/example_sensor_decorator.py
[2023-05-06T23:28:34.764+0000] {processor.py:809} INFO - DAG(s) dict_keys(['example_sensor_decorator']) retrieved from /home/airflow/.local/lib/python3.7/site-packages/airflow/example_dags/example_sensor_decorator.py
[2023-05-06T23:28:34.786+0000] {logging_mixin.py:149} INFO - [2023-05-06T23:28:34.785+0000] {dag.py:2726} INFO - Sync 1 DAGs
[2023-05-06T23:28:34.810+0000] {logging_mixin.py:149} INFO - [2023-05-06T23:28:34.809+0000] {dag.py:3490} INFO - Setting next_dagrun for example_sensor_decorator to None, run_after=None
[2023-05-06T23:28:34.829+0000] {processor.py:178} INFO - Processing /home/airflow/.local/lib/python3.7/site-packages/airflow/example_dags/example_sensor_decorator.py took 0.072 seconds
[2023-05-06T23:29:05.199+0000] {processor.py:156} INFO - Started process (PID=507) to work on /home/airflow/.local/lib/python3.7/site-packages/airflow/example_dags/example_sensor_decorator.py
[2023-05-06T23:29:05.200+0000] {processor.py:799} INFO - Processing file /home/airflow/.local/lib/python3.7/site-packages/airflow/example_dags/example_sensor_decorator.py for tasks to queue
[2023-05-06T23:29:05.200+0000] {logging_mixin.py:149} INFO - [2023-05-06T23:29:05.200+0000] {dagbag.py:541} INFO - Filling up the DagBag from /home/airflow/.local/lib/python3.7/site-packages/airflow/example_dags/example_sensor_decorator.py
[2023-05-06T23:29:05.204+0000] {processor.py:809} INFO - DAG(s) dict_keys(['example_sensor_decorator']) retrieved from /home/airflow/.local/lib/python3.7/site-packages/airflow/example_dags/example_sensor_decorator.py
[2023-05-06T23:29:05.223+0000] {logging_mixin.py:149} INFO - [2023-05-06T23:29:05.223+0000] {dag.py:2726} INFO - Sync 1 DAGs
[2023-05-06T23:29:05.246+0000] {logging_mixin.py:149} INFO - [2023-05-06T23:29:05.246+0000] {dag.py:3490} INFO - Setting next_dagrun for example_sensor_decorator to None, run_after=None
[2023-05-06T23:29:05.263+0000] {processor.py:178} INFO - Processing /home/airflow/.local/lib/python3.7/site-packages/airflow/example_dags/example_sensor_decorator.py took 0.066 seconds
[2023-05-06T23:29:35.717+0000] {processor.py:156} INFO - Started process (PID=565) to work on /home/airflow/.local/lib/python3.7/site-packages/airflow/example_dags/example_sensor_decorator.py
[2023-05-06T23:29:35.718+0000] {processor.py:799} INFO - Processing file /home/airflow/.local/lib/python3.7/site-packages/airflow/example_dags/example_sensor_decorator.py for tasks to queue
[2023-05-06T23:29:35.718+0000] {logging_mixin.py:149} INFO - [2023-05-06T23:29:35.718+0000] {dagbag.py:541} INFO - Filling up the DagBag from /home/airflow/.local/lib/python3.7/site-packages/airflow/example_dags/example_sensor_decorator.py
[2023-05-06T23:29:35.723+0000] {processor.py:809} INFO - DAG(s) dict_keys(['example_sensor_decorator']) retrieved from /home/airflow/.local/lib/python3.7/site-packages/airflow/example_dags/example_sensor_decorator.py
[2023-05-06T23:29:35.746+0000] {logging_mixin.py:149} INFO - [2023-05-06T23:29:35.746+0000] {dag.py:2726} INFO - Sync 1 DAGs
[2023-05-06T23:29:35.770+0000] {logging_mixin.py:149} INFO - [2023-05-06T23:29:35.770+0000] {dag.py:3490} INFO - Setting next_dagrun for example_sensor_decorator to None, run_after=None
[2023-05-06T23:29:35.788+0000] {processor.py:178} INFO - Processing /home/airflow/.local/lib/python3.7/site-packages/airflow/example_dags/example_sensor_decorator.py took 0.073 seconds
[2023-05-06T23:30:06.268+0000] {processor.py:156} INFO - Started process (PID=623) to work on /home/airflow/.local/lib/python3.7/site-packages/airflow/example_dags/example_sensor_decorator.py
[2023-05-06T23:30:06.269+0000] {processor.py:799} INFO - Processing file /home/airflow/.local/lib/python3.7/site-packages/airflow/example_dags/example_sensor_decorator.py for tasks to queue
[2023-05-06T23:30:06.269+0000] {logging_mixin.py:149} INFO - [2023-05-06T23:30:06.269+0000] {dagbag.py:541} INFO - Filling up the DagBag from /home/airflow/.local/lib/python3.7/site-packages/airflow/example_dags/example_sensor_decorator.py
[2023-05-06T23:30:06.273+0000] {processor.py:809} INFO - DAG(s) dict_keys(['example_sensor_decorator']) retrieved from /home/airflow/.local/lib/python3.7/site-packages/airflow/example_dags/example_sensor_decorator.py
[2023-05-06T23:30:06.301+0000] {logging_mixin.py:149} INFO - [2023-05-06T23:30:06.300+0000] {dag.py:2726} INFO - Sync 1 DAGs
[2023-05-06T23:30:06.325+0000] {logging_mixin.py:149} INFO - [2023-05-06T23:30:06.325+0000] {dag.py:3490} INFO - Setting next_dagrun for example_sensor_decorator to None, run_after=None
[2023-05-06T23:30:06.344+0000] {processor.py:178} INFO - Processing /home/airflow/.local/lib/python3.7/site-packages/airflow/example_dags/example_sensor_decorator.py took 0.079 seconds
[2023-05-06T23:30:36.654+0000] {processor.py:156} INFO - Started process (PID=681) to work on /home/airflow/.local/lib/python3.7/site-packages/airflow/example_dags/example_sensor_decorator.py
[2023-05-06T23:30:36.655+0000] {processor.py:799} INFO - Processing file /home/airflow/.local/lib/python3.7/site-packages/airflow/example_dags/example_sensor_decorator.py for tasks to queue
[2023-05-06T23:30:36.655+0000] {logging_mixin.py:149} INFO - [2023-05-06T23:30:36.655+0000] {dagbag.py:541} INFO - Filling up the DagBag from /home/airflow/.local/lib/python3.7/site-packages/airflow/example_dags/example_sensor_decorator.py
[2023-05-06T23:30:36.659+0000] {processor.py:809} INFO - DAG(s) dict_keys(['example_sensor_decorator']) retrieved from /home/airflow/.local/lib/python3.7/site-packages/airflow/example_dags/example_sensor_decorator.py
[2023-05-06T23:30:36.690+0000] {logging_mixin.py:149} INFO - [2023-05-06T23:30:36.690+0000] {dag.py:2726} INFO - Sync 1 DAGs
[2023-05-06T23:30:36.724+0000] {logging_mixin.py:149} INFO - [2023-05-06T23:30:36.724+0000] {dag.py:3490} INFO - Setting next_dagrun for example_sensor_decorator to None, run_after=None
[2023-05-06T23:30:36.741+0000] {processor.py:178} INFO - Processing /home/airflow/.local/lib/python3.7/site-packages/airflow/example_dags/example_sensor_decorator.py took 0.089 seconds
[2023-05-06T23:31:07.129+0000] {processor.py:156} INFO - Started process (PID=738) to work on /home/airflow/.local/lib/python3.7/site-packages/airflow/example_dags/example_sensor_decorator.py
[2023-05-06T23:31:07.129+0000] {processor.py:799} INFO - Processing file /home/airflow/.local/lib/python3.7/site-packages/airflow/example_dags/example_sensor_decorator.py for tasks to queue
[2023-05-06T23:31:07.130+0000] {logging_mixin.py:149} INFO - [2023-05-06T23:31:07.130+0000] {dagbag.py:541} INFO - Filling up the DagBag from /home/airflow/.local/lib/python3.7/site-packages/airflow/example_dags/example_sensor_decorator.py
[2023-05-06T23:31:07.133+0000] {processor.py:809} INFO - DAG(s) dict_keys(['example_sensor_decorator']) retrieved from /home/airflow/.local/lib/python3.7/site-packages/airflow/example_dags/example_sensor_decorator.py
[2023-05-06T23:31:07.153+0000] {logging_mixin.py:149} INFO - [2023-05-06T23:31:07.152+0000] {dag.py:2726} INFO - Sync 1 DAGs
[2023-05-06T23:31:07.175+0000] {logging_mixin.py:149} INFO - [2023-05-06T23:31:07.175+0000] {dag.py:3490} INFO - Setting next_dagrun for example_sensor_decorator to None, run_after=None
[2023-05-06T23:31:07.193+0000] {processor.py:178} INFO - Processing /home/airflow/.local/lib/python3.7/site-packages/airflow/example_dags/example_sensor_decorator.py took 0.066 seconds
[2023-05-06T23:31:37.406+0000] {processor.py:156} INFO - Started process (PID=796) to work on /home/airflow/.local/lib/python3.7/site-packages/airflow/example_dags/example_sensor_decorator.py
[2023-05-06T23:31:37.407+0000] {processor.py:799} INFO - Processing file /home/airflow/.local/lib/python3.7/site-packages/airflow/example_dags/example_sensor_decorator.py for tasks to queue
[2023-05-06T23:31:37.407+0000] {logging_mixin.py:149} INFO - [2023-05-06T23:31:37.407+0000] {dagbag.py:541} INFO - Filling up the DagBag from /home/airflow/.local/lib/python3.7/site-packages/airflow/example_dags/example_sensor_decorator.py
[2023-05-06T23:31:37.411+0000] {processor.py:809} INFO - DAG(s) dict_keys(['example_sensor_decorator']) retrieved from /home/airflow/.local/lib/python3.7/site-packages/airflow/example_dags/example_sensor_decorator.py
[2023-05-06T23:31:37.429+0000] {logging_mixin.py:149} INFO - [2023-05-06T23:31:37.429+0000] {dag.py:2726} INFO - Sync 1 DAGs
[2023-05-06T23:31:37.453+0000] {logging_mixin.py:149} INFO - [2023-05-06T23:31:37.453+0000] {dag.py:3490} INFO - Setting next_dagrun for example_sensor_decorator to None, run_after=None
[2023-05-06T23:31:37.469+0000] {processor.py:178} INFO - Processing /home/airflow/.local/lib/python3.7/site-packages/airflow/example_dags/example_sensor_decorator.py took 0.065 seconds
[2023-05-06T23:32:07.928+0000] {processor.py:156} INFO - Started process (PID=854) to work on /home/airflow/.local/lib/python3.7/site-packages/airflow/example_dags/example_sensor_decorator.py
[2023-05-06T23:32:07.928+0000] {processor.py:799} INFO - Processing file /home/airflow/.local/lib/python3.7/site-packages/airflow/example_dags/example_sensor_decorator.py for tasks to queue
[2023-05-06T23:32:07.929+0000] {logging_mixin.py:149} INFO - [2023-05-06T23:32:07.929+0000] {dagbag.py:541} INFO - Filling up the DagBag from /home/airflow/.local/lib/python3.7/site-packages/airflow/example_dags/example_sensor_decorator.py
[2023-05-06T23:32:07.933+0000] {processor.py:809} INFO - DAG(s) dict_keys(['example_sensor_decorator']) retrieved from /home/airflow/.local/lib/python3.7/site-packages/airflow/example_dags/example_sensor_decorator.py
[2023-05-06T23:32:07.953+0000] {logging_mixin.py:149} INFO - [2023-05-06T23:32:07.953+0000] {dag.py:2726} INFO - Sync 1 DAGs
[2023-05-06T23:32:07.976+0000] {logging_mixin.py:149} INFO - [2023-05-06T23:32:07.976+0000] {dag.py:3490} INFO - Setting next_dagrun for example_sensor_decorator to None, run_after=None
[2023-05-06T23:32:07.993+0000] {processor.py:178} INFO - Processing /home/airflow/.local/lib/python3.7/site-packages/airflow/example_dags/example_sensor_decorator.py took 0.067 seconds
[2023-05-06T23:32:38.355+0000] {processor.py:156} INFO - Started process (PID=912) to work on /home/airflow/.local/lib/python3.7/site-packages/airflow/example_dags/example_sensor_decorator.py
[2023-05-06T23:32:38.356+0000] {processor.py:799} INFO - Processing file /home/airflow/.local/lib/python3.7/site-packages/airflow/example_dags/example_sensor_decorator.py for tasks to queue
[2023-05-06T23:32:38.356+0000] {logging_mixin.py:149} INFO - [2023-05-06T23:32:38.356+0000] {dagbag.py:541} INFO - Filling up the DagBag from /home/airflow/.local/lib/python3.7/site-packages/airflow/example_dags/example_sensor_decorator.py
[2023-05-06T23:32:38.360+0000] {processor.py:809} INFO - DAG(s) dict_keys(['example_sensor_decorator']) retrieved from /home/airflow/.local/lib/python3.7/site-packages/airflow/example_dags/example_sensor_decorator.py
[2023-05-06T23:32:38.379+0000] {logging_mixin.py:149} INFO - [2023-05-06T23:32:38.378+0000] {dag.py:2726} INFO - Sync 1 DAGs
[2023-05-06T23:32:38.403+0000] {logging_mixin.py:149} INFO - [2023-05-06T23:32:38.403+0000] {dag.py:3490} INFO - Setting next_dagrun for example_sensor_decorator to None, run_after=None
[2023-05-06T23:32:38.419+0000] {processor.py:178} INFO - Processing /home/airflow/.local/lib/python3.7/site-packages/airflow/example_dags/example_sensor_decorator.py took 0.066 seconds
[2023-05-06T23:33:08.728+0000] {processor.py:156} INFO - Started process (PID=970) to work on /home/airflow/.local/lib/python3.7/site-packages/airflow/example_dags/example_sensor_decorator.py
[2023-05-06T23:33:08.728+0000] {processor.py:799} INFO - Processing file /home/airflow/.local/lib/python3.7/site-packages/airflow/example_dags/example_sensor_decorator.py for tasks to queue
[2023-05-06T23:33:08.729+0000] {logging_mixin.py:149} INFO - [2023-05-06T23:33:08.729+0000] {dagbag.py:541} INFO - Filling up the DagBag from /home/airflow/.local/lib/python3.7/site-packages/airflow/example_dags/example_sensor_decorator.py
[2023-05-06T23:33:08.732+0000] {processor.py:809} INFO - DAG(s) dict_keys(['example_sensor_decorator']) retrieved from /home/airflow/.local/lib/python3.7/site-packages/airflow/example_dags/example_sensor_decorator.py
[2023-05-06T23:33:08.751+0000] {logging_mixin.py:149} INFO - [2023-05-06T23:33:08.751+0000] {dag.py:2726} INFO - Sync 1 DAGs
[2023-05-06T23:33:08.775+0000] {logging_mixin.py:149} INFO - [2023-05-06T23:33:08.774+0000] {dag.py:3490} INFO - Setting next_dagrun for example_sensor_decorator to None, run_after=None
[2023-05-06T23:33:08.791+0000] {processor.py:178} INFO - Processing /home/airflow/.local/lib/python3.7/site-packages/airflow/example_dags/example_sensor_decorator.py took 0.065 seconds
[2023-05-06T23:33:39.197+0000] {processor.py:156} INFO - Started process (PID=1029) to work on /home/airflow/.local/lib/python3.7/site-packages/airflow/example_dags/example_sensor_decorator.py
[2023-05-06T23:33:39.198+0000] {processor.py:799} INFO - Processing file /home/airflow/.local/lib/python3.7/site-packages/airflow/example_dags/example_sensor_decorator.py for tasks to queue
[2023-05-06T23:33:39.199+0000] {logging_mixin.py:149} INFO - [2023-05-06T23:33:39.199+0000] {dagbag.py:541} INFO - Filling up the DagBag from /home/airflow/.local/lib/python3.7/site-packages/airflow/example_dags/example_sensor_decorator.py
[2023-05-06T23:33:39.203+0000] {processor.py:809} INFO - DAG(s) dict_keys(['example_sensor_decorator']) retrieved from /home/airflow/.local/lib/python3.7/site-packages/airflow/example_dags/example_sensor_decorator.py
[2023-05-06T23:33:39.229+0000] {logging_mixin.py:149} INFO - [2023-05-06T23:33:39.229+0000] {dag.py:2726} INFO - Sync 1 DAGs
[2023-05-06T23:33:39.255+0000] {logging_mixin.py:149} INFO - [2023-05-06T23:33:39.255+0000] {dag.py:3490} INFO - Setting next_dagrun for example_sensor_decorator to None, run_after=None
[2023-05-06T23:33:39.275+0000] {processor.py:178} INFO - Processing /home/airflow/.local/lib/python3.7/site-packages/airflow/example_dags/example_sensor_decorator.py took 0.080 seconds
[2023-05-06T23:34:09.491+0000] {processor.py:156} INFO - Started process (PID=1087) to work on /home/airflow/.local/lib/python3.7/site-packages/airflow/example_dags/example_sensor_decorator.py
[2023-05-06T23:34:09.492+0000] {processor.py:799} INFO - Processing file /home/airflow/.local/lib/python3.7/site-packages/airflow/example_dags/example_sensor_decorator.py for tasks to queue
[2023-05-06T23:34:09.493+0000] {logging_mixin.py:149} INFO - [2023-05-06T23:34:09.493+0000] {dagbag.py:541} INFO - Filling up the DagBag from /home/airflow/.local/lib/python3.7/site-packages/airflow/example_dags/example_sensor_decorator.py
[2023-05-06T23:34:09.501+0000] {processor.py:809} INFO - DAG(s) dict_keys(['example_sensor_decorator']) retrieved from /home/airflow/.local/lib/python3.7/site-packages/airflow/example_dags/example_sensor_decorator.py
[2023-05-06T23:34:09.535+0000] {logging_mixin.py:149} INFO - [2023-05-06T23:34:09.535+0000] {dag.py:2726} INFO - Sync 1 DAGs
[2023-05-06T23:34:09.565+0000] {logging_mixin.py:149} INFO - [2023-05-06T23:34:09.565+0000] {dag.py:3490} INFO - Setting next_dagrun for example_sensor_decorator to None, run_after=None
[2023-05-06T23:34:09.580+0000] {processor.py:178} INFO - Processing /home/airflow/.local/lib/python3.7/site-packages/airflow/example_dags/example_sensor_decorator.py took 0.094 seconds
[2023-05-06T23:34:40.051+0000] {processor.py:156} INFO - Started process (PID=1145) to work on /home/airflow/.local/lib/python3.7/site-packages/airflow/example_dags/example_sensor_decorator.py
[2023-05-06T23:34:40.051+0000] {processor.py:799} INFO - Processing file /home/airflow/.local/lib/python3.7/site-packages/airflow/example_dags/example_sensor_decorator.py for tasks to queue
[2023-05-06T23:34:40.052+0000] {logging_mixin.py:149} INFO - [2023-05-06T23:34:40.052+0000] {dagbag.py:541} INFO - Filling up the DagBag from /home/airflow/.local/lib/python3.7/site-packages/airflow/example_dags/example_sensor_decorator.py
[2023-05-06T23:34:40.056+0000] {processor.py:809} INFO - DAG(s) dict_keys(['example_sensor_decorator']) retrieved from /home/airflow/.local/lib/python3.7/site-packages/airflow/example_dags/example_sensor_decorator.py
[2023-05-06T23:34:40.074+0000] {logging_mixin.py:149} INFO - [2023-05-06T23:34:40.074+0000] {dag.py:2726} INFO - Sync 1 DAGs
[2023-05-06T23:34:40.099+0000] {logging_mixin.py:149} INFO - [2023-05-06T23:34:40.099+0000] {dag.py:3490} INFO - Setting next_dagrun for example_sensor_decorator to None, run_after=None
[2023-05-06T23:34:40.119+0000] {processor.py:178} INFO - Processing /home/airflow/.local/lib/python3.7/site-packages/airflow/example_dags/example_sensor_decorator.py took 0.071 seconds
[2023-05-06T23:35:10.593+0000] {processor.py:156} INFO - Started process (PID=1203) to work on /home/airflow/.local/lib/python3.7/site-packages/airflow/example_dags/example_sensor_decorator.py
[2023-05-06T23:35:10.594+0000] {processor.py:799} INFO - Processing file /home/airflow/.local/lib/python3.7/site-packages/airflow/example_dags/example_sensor_decorator.py for tasks to queue
[2023-05-06T23:35:10.594+0000] {logging_mixin.py:149} INFO - [2023-05-06T23:35:10.594+0000] {dagbag.py:541} INFO - Filling up the DagBag from /home/airflow/.local/lib/python3.7/site-packages/airflow/example_dags/example_sensor_decorator.py
[2023-05-06T23:35:10.598+0000] {processor.py:809} INFO - DAG(s) dict_keys(['example_sensor_decorator']) retrieved from /home/airflow/.local/lib/python3.7/site-packages/airflow/example_dags/example_sensor_decorator.py
[2023-05-06T23:35:10.629+0000] {logging_mixin.py:149} INFO - [2023-05-06T23:35:10.628+0000] {dag.py:2726} INFO - Sync 1 DAGs
[2023-05-06T23:35:10.663+0000] {logging_mixin.py:149} INFO - [2023-05-06T23:35:10.663+0000] {dag.py:3490} INFO - Setting next_dagrun for example_sensor_decorator to None, run_after=None
[2023-05-06T23:35:10.681+0000] {processor.py:178} INFO - Processing /home/airflow/.local/lib/python3.7/site-packages/airflow/example_dags/example_sensor_decorator.py took 0.090 seconds
[2023-05-06T23:35:41.132+0000] {processor.py:156} INFO - Started process (PID=1261) to work on /home/airflow/.local/lib/python3.7/site-packages/airflow/example_dags/example_sensor_decorator.py
[2023-05-06T23:35:41.133+0000] {processor.py:799} INFO - Processing file /home/airflow/.local/lib/python3.7/site-packages/airflow/example_dags/example_sensor_decorator.py for tasks to queue
[2023-05-06T23:35:41.133+0000] {logging_mixin.py:149} INFO - [2023-05-06T23:35:41.133+0000] {dagbag.py:541} INFO - Filling up the DagBag from /home/airflow/.local/lib/python3.7/site-packages/airflow/example_dags/example_sensor_decorator.py
[2023-05-06T23:35:41.138+0000] {processor.py:809} INFO - DAG(s) dict_keys(['example_sensor_decorator']) retrieved from /home/airflow/.local/lib/python3.7/site-packages/airflow/example_dags/example_sensor_decorator.py
[2023-05-06T23:35:41.159+0000] {logging_mixin.py:149} INFO - [2023-05-06T23:35:41.159+0000] {dag.py:2726} INFO - Sync 1 DAGs
[2023-05-06T23:35:41.188+0000] {logging_mixin.py:149} INFO - [2023-05-06T23:35:41.187+0000] {dag.py:3490} INFO - Setting next_dagrun for example_sensor_decorator to None, run_after=None
[2023-05-06T23:35:41.210+0000] {processor.py:178} INFO - Processing /home/airflow/.local/lib/python3.7/site-packages/airflow/example_dags/example_sensor_decorator.py took 0.081 seconds
[2023-05-06T23:36:11.483+0000] {processor.py:156} INFO - Started process (PID=1319) to work on /home/airflow/.local/lib/python3.7/site-packages/airflow/example_dags/example_sensor_decorator.py
[2023-05-06T23:36:11.484+0000] {processor.py:799} INFO - Processing file /home/airflow/.local/lib/python3.7/site-packages/airflow/example_dags/example_sensor_decorator.py for tasks to queue
[2023-05-06T23:36:11.484+0000] {logging_mixin.py:149} INFO - [2023-05-06T23:36:11.484+0000] {dagbag.py:541} INFO - Filling up the DagBag from /home/airflow/.local/lib/python3.7/site-packages/airflow/example_dags/example_sensor_decorator.py
[2023-05-06T23:36:11.488+0000] {processor.py:809} INFO - DAG(s) dict_keys(['example_sensor_decorator']) retrieved from /home/airflow/.local/lib/python3.7/site-packages/airflow/example_dags/example_sensor_decorator.py
[2023-05-06T23:36:11.509+0000] {logging_mixin.py:149} INFO - [2023-05-06T23:36:11.509+0000] {dag.py:2726} INFO - Sync 1 DAGs
[2023-05-06T23:36:11.533+0000] {logging_mixin.py:149} INFO - [2023-05-06T23:36:11.533+0000] {dag.py:3490} INFO - Setting next_dagrun for example_sensor_decorator to None, run_after=None
[2023-05-06T23:36:11.550+0000] {processor.py:178} INFO - Processing /home/airflow/.local/lib/python3.7/site-packages/airflow/example_dags/example_sensor_decorator.py took 0.069 seconds
[2023-05-06T23:36:41.815+0000] {processor.py:156} INFO - Started process (PID=1377) to work on /home/airflow/.local/lib/python3.7/site-packages/airflow/example_dags/example_sensor_decorator.py
[2023-05-06T23:36:41.816+0000] {processor.py:799} INFO - Processing file /home/airflow/.local/lib/python3.7/site-packages/airflow/example_dags/example_sensor_decorator.py for tasks to queue
[2023-05-06T23:36:41.816+0000] {logging_mixin.py:149} INFO - [2023-05-06T23:36:41.816+0000] {dagbag.py:541} INFO - Filling up the DagBag from /home/airflow/.local/lib/python3.7/site-packages/airflow/example_dags/example_sensor_decorator.py
[2023-05-06T23:36:41.820+0000] {processor.py:809} INFO - DAG(s) dict_keys(['example_sensor_decorator']) retrieved from /home/airflow/.local/lib/python3.7/site-packages/airflow/example_dags/example_sensor_decorator.py
[2023-05-06T23:36:41.839+0000] {logging_mixin.py:149} INFO - [2023-05-06T23:36:41.839+0000] {dag.py:2726} INFO - Sync 1 DAGs
[2023-05-06T23:36:41.861+0000] {logging_mixin.py:149} INFO - [2023-05-06T23:36:41.860+0000] {dag.py:3490} INFO - Setting next_dagrun for example_sensor_decorator to None, run_after=None
[2023-05-06T23:36:41.877+0000] {processor.py:178} INFO - Processing /home/airflow/.local/lib/python3.7/site-packages/airflow/example_dags/example_sensor_decorator.py took 0.064 seconds
[2023-05-06T23:37:12.568+0000] {processor.py:156} INFO - Started process (PID=1435) to work on /home/airflow/.local/lib/python3.7/site-packages/airflow/example_dags/example_sensor_decorator.py
[2023-05-06T23:37:12.569+0000] {processor.py:799} INFO - Processing file /home/airflow/.local/lib/python3.7/site-packages/airflow/example_dags/example_sensor_decorator.py for tasks to queue
[2023-05-06T23:37:12.569+0000] {logging_mixin.py:149} INFO - [2023-05-06T23:37:12.569+0000] {dagbag.py:541} INFO - Filling up the DagBag from /home/airflow/.local/lib/python3.7/site-packages/airflow/example_dags/example_sensor_decorator.py
[2023-05-06T23:37:12.576+0000] {processor.py:809} INFO - DAG(s) dict_keys(['example_sensor_decorator']) retrieved from /home/airflow/.local/lib/python3.7/site-packages/airflow/example_dags/example_sensor_decorator.py
[2023-05-06T23:37:12.597+0000] {logging_mixin.py:149} INFO - [2023-05-06T23:37:12.596+0000] {dag.py:2726} INFO - Sync 1 DAGs
[2023-05-06T23:37:12.619+0000] {logging_mixin.py:149} INFO - [2023-05-06T23:37:12.618+0000] {dag.py:3490} INFO - Setting next_dagrun for example_sensor_decorator to None, run_after=None
[2023-05-06T23:37:12.635+0000] {processor.py:178} INFO - Processing /home/airflow/.local/lib/python3.7/site-packages/airflow/example_dags/example_sensor_decorator.py took 0.072 seconds
[2023-05-06T23:37:43.281+0000] {processor.py:156} INFO - Started process (PID=1493) to work on /home/airflow/.local/lib/python3.7/site-packages/airflow/example_dags/example_sensor_decorator.py
[2023-05-06T23:37:43.282+0000] {processor.py:799} INFO - Processing file /home/airflow/.local/lib/python3.7/site-packages/airflow/example_dags/example_sensor_decorator.py for tasks to queue
[2023-05-06T23:37:43.282+0000] {logging_mixin.py:149} INFO - [2023-05-06T23:37:43.282+0000] {dagbag.py:541} INFO - Filling up the DagBag from /home/airflow/.local/lib/python3.7/site-packages/airflow/example_dags/example_sensor_decorator.py
[2023-05-06T23:37:43.286+0000] {processor.py:809} INFO - DAG(s) dict_keys(['example_sensor_decorator']) retrieved from /home/airflow/.local/lib/python3.7/site-packages/airflow/example_dags/example_sensor_decorator.py
[2023-05-06T23:37:43.306+0000] {logging_mixin.py:149} INFO - [2023-05-06T23:37:43.306+0000] {dag.py:2726} INFO - Sync 1 DAGs
[2023-05-06T23:37:43.330+0000] {logging_mixin.py:149} INFO - [2023-05-06T23:37:43.330+0000] {dag.py:3490} INFO - Setting next_dagrun for example_sensor_decorator to None, run_after=None
[2023-05-06T23:37:43.347+0000] {processor.py:178} INFO - Processing /home/airflow/.local/lib/python3.7/site-packages/airflow/example_dags/example_sensor_decorator.py took 0.067 seconds
[2023-05-06T23:38:13.814+0000] {processor.py:156} INFO - Started process (PID=1551) to work on /home/airflow/.local/lib/python3.7/site-packages/airflow/example_dags/example_sensor_decorator.py
[2023-05-06T23:38:13.815+0000] {processor.py:799} INFO - Processing file /home/airflow/.local/lib/python3.7/site-packages/airflow/example_dags/example_sensor_decorator.py for tasks to queue
[2023-05-06T23:38:13.816+0000] {logging_mixin.py:149} INFO - [2023-05-06T23:38:13.816+0000] {dagbag.py:541} INFO - Filling up the DagBag from /home/airflow/.local/lib/python3.7/site-packages/airflow/example_dags/example_sensor_decorator.py
[2023-05-06T23:38:13.824+0000] {processor.py:809} INFO - DAG(s) dict_keys(['example_sensor_decorator']) retrieved from /home/airflow/.local/lib/python3.7/site-packages/airflow/example_dags/example_sensor_decorator.py
[2023-05-06T23:38:13.846+0000] {logging_mixin.py:149} INFO - [2023-05-06T23:38:13.846+0000] {dag.py:2726} INFO - Sync 1 DAGs
[2023-05-06T23:38:13.868+0000] {logging_mixin.py:149} INFO - [2023-05-06T23:38:13.868+0000] {dag.py:3490} INFO - Setting next_dagrun for example_sensor_decorator to None, run_after=None
[2023-05-06T23:38:13.884+0000] {processor.py:178} INFO - Processing /home/airflow/.local/lib/python3.7/site-packages/airflow/example_dags/example_sensor_decorator.py took 0.075 seconds
[2023-05-06T23:38:43.969+0000] {processor.py:156} INFO - Started process (PID=1609) to work on /home/airflow/.local/lib/python3.7/site-packages/airflow/example_dags/example_sensor_decorator.py
[2023-05-06T23:38:43.970+0000] {processor.py:799} INFO - Processing file /home/airflow/.local/lib/python3.7/site-packages/airflow/example_dags/example_sensor_decorator.py for tasks to queue
[2023-05-06T23:38:43.970+0000] {logging_mixin.py:149} INFO - [2023-05-06T23:38:43.970+0000] {dagbag.py:541} INFO - Filling up the DagBag from /home/airflow/.local/lib/python3.7/site-packages/airflow/example_dags/example_sensor_decorator.py
[2023-05-06T23:38:43.974+0000] {processor.py:809} INFO - DAG(s) dict_keys(['example_sensor_decorator']) retrieved from /home/airflow/.local/lib/python3.7/site-packages/airflow/example_dags/example_sensor_decorator.py
[2023-05-06T23:38:43.993+0000] {logging_mixin.py:149} INFO - [2023-05-06T23:38:43.993+0000] {dag.py:2726} INFO - Sync 1 DAGs
[2023-05-06T23:38:44.015+0000] {logging_mixin.py:149} INFO - [2023-05-06T23:38:44.015+0000] {dag.py:3490} INFO - Setting next_dagrun for example_sensor_decorator to None, run_after=None
[2023-05-06T23:38:44.032+0000] {processor.py:178} INFO - Processing /home/airflow/.local/lib/python3.7/site-packages/airflow/example_dags/example_sensor_decorator.py took 0.065 seconds
[2023-05-06T23:39:14.062+0000] {processor.py:156} INFO - Started process (PID=1667) to work on /home/airflow/.local/lib/python3.7/site-packages/airflow/example_dags/example_sensor_decorator.py
[2023-05-06T23:39:14.063+0000] {processor.py:799} INFO - Processing file /home/airflow/.local/lib/python3.7/site-packages/airflow/example_dags/example_sensor_decorator.py for tasks to queue
[2023-05-06T23:39:14.064+0000] {logging_mixin.py:149} INFO - [2023-05-06T23:39:14.063+0000] {dagbag.py:541} INFO - Filling up the DagBag from /home/airflow/.local/lib/python3.7/site-packages/airflow/example_dags/example_sensor_decorator.py
[2023-05-06T23:39:14.068+0000] {processor.py:809} INFO - DAG(s) dict_keys(['example_sensor_decorator']) retrieved from /home/airflow/.local/lib/python3.7/site-packages/airflow/example_dags/example_sensor_decorator.py
[2023-05-06T23:39:14.088+0000] {logging_mixin.py:149} INFO - [2023-05-06T23:39:14.087+0000] {dag.py:2726} INFO - Sync 1 DAGs
[2023-05-06T23:39:14.110+0000] {logging_mixin.py:149} INFO - [2023-05-06T23:39:14.110+0000] {dag.py:3490} INFO - Setting next_dagrun for example_sensor_decorator to None, run_after=None
[2023-05-06T23:39:14.127+0000] {processor.py:178} INFO - Processing /home/airflow/.local/lib/python3.7/site-packages/airflow/example_dags/example_sensor_decorator.py took 0.068 seconds
[2023-05-06T23:39:44.423+0000] {processor.py:156} INFO - Started process (PID=1726) to work on /home/airflow/.local/lib/python3.7/site-packages/airflow/example_dags/example_sensor_decorator.py
[2023-05-06T23:39:44.424+0000] {processor.py:799} INFO - Processing file /home/airflow/.local/lib/python3.7/site-packages/airflow/example_dags/example_sensor_decorator.py for tasks to queue
[2023-05-06T23:39:44.424+0000] {logging_mixin.py:149} INFO - [2023-05-06T23:39:44.424+0000] {dagbag.py:541} INFO - Filling up the DagBag from /home/airflow/.local/lib/python3.7/site-packages/airflow/example_dags/example_sensor_decorator.py
[2023-05-06T23:39:44.428+0000] {processor.py:809} INFO - DAG(s) dict_keys(['example_sensor_decorator']) retrieved from /home/airflow/.local/lib/python3.7/site-packages/airflow/example_dags/example_sensor_decorator.py
[2023-05-06T23:39:44.449+0000] {logging_mixin.py:149} INFO - [2023-05-06T23:39:44.449+0000] {dag.py:2726} INFO - Sync 1 DAGs
[2023-05-06T23:39:44.471+0000] {logging_mixin.py:149} INFO - [2023-05-06T23:39:44.470+0000] {dag.py:3490} INFO - Setting next_dagrun for example_sensor_decorator to None, run_after=None
[2023-05-06T23:39:44.488+0000] {processor.py:178} INFO - Processing /home/airflow/.local/lib/python3.7/site-packages/airflow/example_dags/example_sensor_decorator.py took 0.067 seconds
[2023-05-06T23:40:14.766+0000] {processor.py:156} INFO - Started process (PID=1784) to work on /home/airflow/.local/lib/python3.7/site-packages/airflow/example_dags/example_sensor_decorator.py
[2023-05-06T23:40:14.767+0000] {processor.py:799} INFO - Processing file /home/airflow/.local/lib/python3.7/site-packages/airflow/example_dags/example_sensor_decorator.py for tasks to queue
[2023-05-06T23:40:14.768+0000] {logging_mixin.py:149} INFO - [2023-05-06T23:40:14.767+0000] {dagbag.py:541} INFO - Filling up the DagBag from /home/airflow/.local/lib/python3.7/site-packages/airflow/example_dags/example_sensor_decorator.py
[2023-05-06T23:40:14.771+0000] {processor.py:809} INFO - DAG(s) dict_keys(['example_sensor_decorator']) retrieved from /home/airflow/.local/lib/python3.7/site-packages/airflow/example_dags/example_sensor_decorator.py
[2023-05-06T23:40:14.792+0000] {logging_mixin.py:149} INFO - [2023-05-06T23:40:14.792+0000] {dag.py:2726} INFO - Sync 1 DAGs
[2023-05-06T23:40:14.815+0000] {logging_mixin.py:149} INFO - [2023-05-06T23:40:14.815+0000] {dag.py:3490} INFO - Setting next_dagrun for example_sensor_decorator to None, run_after=None
[2023-05-06T23:40:14.832+0000] {processor.py:178} INFO - Processing /home/airflow/.local/lib/python3.7/site-packages/airflow/example_dags/example_sensor_decorator.py took 0.068 seconds
[2023-05-06T23:40:45.104+0000] {processor.py:156} INFO - Started process (PID=1843) to work on /home/airflow/.local/lib/python3.7/site-packages/airflow/example_dags/example_sensor_decorator.py
[2023-05-06T23:40:45.105+0000] {processor.py:799} INFO - Processing file /home/airflow/.local/lib/python3.7/site-packages/airflow/example_dags/example_sensor_decorator.py for tasks to queue
[2023-05-06T23:40:45.105+0000] {logging_mixin.py:149} INFO - [2023-05-06T23:40:45.105+0000] {dagbag.py:541} INFO - Filling up the DagBag from /home/airflow/.local/lib/python3.7/site-packages/airflow/example_dags/example_sensor_decorator.py
[2023-05-06T23:40:45.109+0000] {processor.py:809} INFO - DAG(s) dict_keys(['example_sensor_decorator']) retrieved from /home/airflow/.local/lib/python3.7/site-packages/airflow/example_dags/example_sensor_decorator.py
[2023-05-06T23:40:45.130+0000] {logging_mixin.py:149} INFO - [2023-05-06T23:40:45.130+0000] {dag.py:2726} INFO - Sync 1 DAGs
[2023-05-06T23:40:45.154+0000] {logging_mixin.py:149} INFO - [2023-05-06T23:40:45.154+0000] {dag.py:3490} INFO - Setting next_dagrun for example_sensor_decorator to None, run_after=None
[2023-05-06T23:40:45.172+0000] {processor.py:178} INFO - Processing /home/airflow/.local/lib/python3.7/site-packages/airflow/example_dags/example_sensor_decorator.py took 0.070 seconds
[2023-05-06T23:41:15.444+0000] {processor.py:156} INFO - Started process (PID=1901) to work on /home/airflow/.local/lib/python3.7/site-packages/airflow/example_dags/example_sensor_decorator.py
[2023-05-06T23:41:15.445+0000] {processor.py:799} INFO - Processing file /home/airflow/.local/lib/python3.7/site-packages/airflow/example_dags/example_sensor_decorator.py for tasks to queue
[2023-05-06T23:41:15.445+0000] {logging_mixin.py:149} INFO - [2023-05-06T23:41:15.445+0000] {dagbag.py:541} INFO - Filling up the DagBag from /home/airflow/.local/lib/python3.7/site-packages/airflow/example_dags/example_sensor_decorator.py
[2023-05-06T23:41:15.449+0000] {processor.py:809} INFO - DAG(s) dict_keys(['example_sensor_decorator']) retrieved from /home/airflow/.local/lib/python3.7/site-packages/airflow/example_dags/example_sensor_decorator.py
[2023-05-06T23:41:15.472+0000] {logging_mixin.py:149} INFO - [2023-05-06T23:41:15.471+0000] {dag.py:2726} INFO - Sync 1 DAGs
[2023-05-06T23:41:15.496+0000] {logging_mixin.py:149} INFO - [2023-05-06T23:41:15.496+0000] {dag.py:3490} INFO - Setting next_dagrun for example_sensor_decorator to None, run_after=None
[2023-05-06T23:41:15.515+0000] {processor.py:178} INFO - Processing /home/airflow/.local/lib/python3.7/site-packages/airflow/example_dags/example_sensor_decorator.py took 0.073 seconds
[2023-05-06T23:41:45.767+0000] {processor.py:156} INFO - Started process (PID=1959) to work on /home/airflow/.local/lib/python3.7/site-packages/airflow/example_dags/example_sensor_decorator.py
[2023-05-06T23:41:45.767+0000] {processor.py:799} INFO - Processing file /home/airflow/.local/lib/python3.7/site-packages/airflow/example_dags/example_sensor_decorator.py for tasks to queue
[2023-05-06T23:41:45.768+0000] {logging_mixin.py:149} INFO - [2023-05-06T23:41:45.768+0000] {dagbag.py:541} INFO - Filling up the DagBag from /home/airflow/.local/lib/python3.7/site-packages/airflow/example_dags/example_sensor_decorator.py
[2023-05-06T23:41:45.772+0000] {processor.py:809} INFO - DAG(s) dict_keys(['example_sensor_decorator']) retrieved from /home/airflow/.local/lib/python3.7/site-packages/airflow/example_dags/example_sensor_decorator.py
[2023-05-06T23:41:45.790+0000] {logging_mixin.py:149} INFO - [2023-05-06T23:41:45.790+0000] {dag.py:2726} INFO - Sync 1 DAGs
[2023-05-06T23:41:45.812+0000] {logging_mixin.py:149} INFO - [2023-05-06T23:41:45.812+0000] {dag.py:3490} INFO - Setting next_dagrun for example_sensor_decorator to None, run_after=None
[2023-05-06T23:41:45.829+0000] {processor.py:178} INFO - Processing /home/airflow/.local/lib/python3.7/site-packages/airflow/example_dags/example_sensor_decorator.py took 0.065 seconds
[2023-05-06T23:42:16.076+0000] {processor.py:156} INFO - Started process (PID=2017) to work on /home/airflow/.local/lib/python3.7/site-packages/airflow/example_dags/example_sensor_decorator.py
[2023-05-06T23:42:16.077+0000] {processor.py:799} INFO - Processing file /home/airflow/.local/lib/python3.7/site-packages/airflow/example_dags/example_sensor_decorator.py for tasks to queue
[2023-05-06T23:42:16.077+0000] {logging_mixin.py:149} INFO - [2023-05-06T23:42:16.077+0000] {dagbag.py:541} INFO - Filling up the DagBag from /home/airflow/.local/lib/python3.7/site-packages/airflow/example_dags/example_sensor_decorator.py
[2023-05-06T23:42:16.082+0000] {processor.py:809} INFO - DAG(s) dict_keys(['example_sensor_decorator']) retrieved from /home/airflow/.local/lib/python3.7/site-packages/airflow/example_dags/example_sensor_decorator.py
[2023-05-06T23:42:16.103+0000] {logging_mixin.py:149} INFO - [2023-05-06T23:42:16.103+0000] {dag.py:2726} INFO - Sync 1 DAGs
[2023-05-06T23:42:16.125+0000] {logging_mixin.py:149} INFO - [2023-05-06T23:42:16.125+0000] {dag.py:3490} INFO - Setting next_dagrun for example_sensor_decorator to None, run_after=None
[2023-05-06T23:42:16.143+0000] {processor.py:178} INFO - Processing /home/airflow/.local/lib/python3.7/site-packages/airflow/example_dags/example_sensor_decorator.py took 0.068 seconds
[2023-05-06T23:42:46.533+0000] {processor.py:156} INFO - Started process (PID=2075) to work on /home/airflow/.local/lib/python3.7/site-packages/airflow/example_dags/example_sensor_decorator.py
[2023-05-06T23:42:46.533+0000] {processor.py:799} INFO - Processing file /home/airflow/.local/lib/python3.7/site-packages/airflow/example_dags/example_sensor_decorator.py for tasks to queue
[2023-05-06T23:42:46.534+0000] {logging_mixin.py:149} INFO - [2023-05-06T23:42:46.534+0000] {dagbag.py:541} INFO - Filling up the DagBag from /home/airflow/.local/lib/python3.7/site-packages/airflow/example_dags/example_sensor_decorator.py
[2023-05-06T23:42:46.538+0000] {processor.py:809} INFO - DAG(s) dict_keys(['example_sensor_decorator']) retrieved from /home/airflow/.local/lib/python3.7/site-packages/airflow/example_dags/example_sensor_decorator.py
[2023-05-06T23:42:46.558+0000] {logging_mixin.py:149} INFO - [2023-05-06T23:42:46.558+0000] {dag.py:2726} INFO - Sync 1 DAGs
[2023-05-06T23:42:46.583+0000] {logging_mixin.py:149} INFO - [2023-05-06T23:42:46.583+0000] {dag.py:3490} INFO - Setting next_dagrun for example_sensor_decorator to None, run_after=None
[2023-05-06T23:42:46.604+0000] {processor.py:178} INFO - Processing /home/airflow/.local/lib/python3.7/site-packages/airflow/example_dags/example_sensor_decorator.py took 0.074 seconds
[2023-05-06T23:43:16.974+0000] {processor.py:156} INFO - Started process (PID=2133) to work on /home/airflow/.local/lib/python3.7/site-packages/airflow/example_dags/example_sensor_decorator.py
[2023-05-06T23:43:16.974+0000] {processor.py:799} INFO - Processing file /home/airflow/.local/lib/python3.7/site-packages/airflow/example_dags/example_sensor_decorator.py for tasks to queue
[2023-05-06T23:43:16.975+0000] {logging_mixin.py:149} INFO - [2023-05-06T23:43:16.975+0000] {dagbag.py:541} INFO - Filling up the DagBag from /home/airflow/.local/lib/python3.7/site-packages/airflow/example_dags/example_sensor_decorator.py
[2023-05-06T23:43:16.979+0000] {processor.py:809} INFO - DAG(s) dict_keys(['example_sensor_decorator']) retrieved from /home/airflow/.local/lib/python3.7/site-packages/airflow/example_dags/example_sensor_decorator.py
[2023-05-06T23:43:16.997+0000] {logging_mixin.py:149} INFO - [2023-05-06T23:43:16.997+0000] {dag.py:2726} INFO - Sync 1 DAGs
[2023-05-06T23:43:17.019+0000] {logging_mixin.py:149} INFO - [2023-05-06T23:43:17.019+0000] {dag.py:3490} INFO - Setting next_dagrun for example_sensor_decorator to None, run_after=None
[2023-05-06T23:43:17.038+0000] {processor.py:178} INFO - Processing /home/airflow/.local/lib/python3.7/site-packages/airflow/example_dags/example_sensor_decorator.py took 0.066 seconds
