[2023-05-06T23:25:03.660+0000] {processor.py:156} INFO - Started process (PID=62) to work on /home/airflow/.local/lib/python3.7/site-packages/airflow/example_dags/example_sla_dag.py
[2023-05-06T23:25:03.660+0000] {processor.py:799} INFO - Processing file /home/airflow/.local/lib/python3.7/site-packages/airflow/example_dags/example_sla_dag.py for tasks to queue
[2023-05-06T23:25:03.661+0000] {logging_mixin.py:149} INFO - [2023-05-06T23:25:03.661+0000] {dagbag.py:541} INFO - Filling up the DagBag from /home/airflow/.local/lib/python3.7/site-packages/airflow/example_dags/example_sla_dag.py
[2023-05-06T23:25:03.668+0000] {processor.py:809} INFO - DAG(s) dict_keys(['example_sla_dag']) retrieved from /home/airflow/.local/lib/python3.7/site-packages/airflow/example_dags/example_sla_dag.py
[2023-05-06T23:25:03.679+0000] {logging_mixin.py:149} INFO - [2023-05-06T23:25:03.679+0000] {dag.py:2726} INFO - Sync 1 DAGs
[2023-05-06T23:25:03.707+0000] {logging_mixin.py:149} INFO - [2023-05-06T23:25:03.707+0000] {dag.py:3490} INFO - Setting next_dagrun for example_sla_dag to 2023-05-06T23:22:00+00:00, run_after=2023-05-06T23:24:00+00:00
[2023-05-06T23:25:03.729+0000] {processor.py:178} INFO - Processing /home/airflow/.local/lib/python3.7/site-packages/airflow/example_dags/example_sla_dag.py took 0.072 seconds
[2023-05-06T23:25:34.468+0000] {processor.py:156} INFO - Started process (PID=120) to work on /home/airflow/.local/lib/python3.7/site-packages/airflow/example_dags/example_sla_dag.py
[2023-05-06T23:25:34.468+0000] {processor.py:799} INFO - Processing file /home/airflow/.local/lib/python3.7/site-packages/airflow/example_dags/example_sla_dag.py for tasks to queue
[2023-05-06T23:25:34.469+0000] {logging_mixin.py:149} INFO - [2023-05-06T23:25:34.469+0000] {dagbag.py:541} INFO - Filling up the DagBag from /home/airflow/.local/lib/python3.7/site-packages/airflow/example_dags/example_sla_dag.py
[2023-05-06T23:25:34.475+0000] {processor.py:809} INFO - DAG(s) dict_keys(['example_sla_dag']) retrieved from /home/airflow/.local/lib/python3.7/site-packages/airflow/example_dags/example_sla_dag.py
[2023-05-06T23:25:34.493+0000] {logging_mixin.py:149} INFO - [2023-05-06T23:25:34.493+0000] {dag.py:2726} INFO - Sync 1 DAGs
[2023-05-06T23:25:34.519+0000] {logging_mixin.py:149} INFO - [2023-05-06T23:25:34.519+0000] {dag.py:3490} INFO - Setting next_dagrun for example_sla_dag to 2023-05-06T23:22:00+00:00, run_after=2023-05-06T23:24:00+00:00
[2023-05-06T23:25:34.535+0000] {processor.py:178} INFO - Processing /home/airflow/.local/lib/python3.7/site-packages/airflow/example_dags/example_sla_dag.py took 0.069 seconds
[2023-05-06T23:26:05.458+0000] {processor.py:156} INFO - Started process (PID=178) to work on /home/airflow/.local/lib/python3.7/site-packages/airflow/example_dags/example_sla_dag.py
[2023-05-06T23:26:05.459+0000] {processor.py:799} INFO - Processing file /home/airflow/.local/lib/python3.7/site-packages/airflow/example_dags/example_sla_dag.py for tasks to queue
[2023-05-06T23:26:05.459+0000] {logging_mixin.py:149} INFO - [2023-05-06T23:26:05.459+0000] {dagbag.py:541} INFO - Filling up the DagBag from /home/airflow/.local/lib/python3.7/site-packages/airflow/example_dags/example_sla_dag.py
[2023-05-06T23:26:05.465+0000] {processor.py:809} INFO - DAG(s) dict_keys(['example_sla_dag']) retrieved from /home/airflow/.local/lib/python3.7/site-packages/airflow/example_dags/example_sla_dag.py
[2023-05-06T23:26:05.483+0000] {logging_mixin.py:149} INFO - [2023-05-06T23:26:05.483+0000] {dag.py:2726} INFO - Sync 1 DAGs
[2023-05-06T23:26:05.508+0000] {logging_mixin.py:149} INFO - [2023-05-06T23:26:05.508+0000] {dag.py:3490} INFO - Setting next_dagrun for example_sla_dag to 2023-05-06T23:24:00+00:00, run_after=2023-05-06T23:26:00+00:00
[2023-05-06T23:26:05.525+0000] {processor.py:178} INFO - Processing /home/airflow/.local/lib/python3.7/site-packages/airflow/example_dags/example_sla_dag.py took 0.069 seconds
[2023-05-06T23:26:36.051+0000] {processor.py:156} INFO - Started process (PID=235) to work on /home/airflow/.local/lib/python3.7/site-packages/airflow/example_dags/example_sla_dag.py
[2023-05-06T23:26:36.052+0000] {processor.py:799} INFO - Processing file /home/airflow/.local/lib/python3.7/site-packages/airflow/example_dags/example_sla_dag.py for tasks to queue
[2023-05-06T23:26:36.052+0000] {logging_mixin.py:149} INFO - [2023-05-06T23:26:36.052+0000] {dagbag.py:541} INFO - Filling up the DagBag from /home/airflow/.local/lib/python3.7/site-packages/airflow/example_dags/example_sla_dag.py
[2023-05-06T23:26:36.058+0000] {processor.py:809} INFO - DAG(s) dict_keys(['example_sla_dag']) retrieved from /home/airflow/.local/lib/python3.7/site-packages/airflow/example_dags/example_sla_dag.py
[2023-05-06T23:26:36.078+0000] {logging_mixin.py:149} INFO - [2023-05-06T23:26:36.078+0000] {dag.py:2726} INFO - Sync 1 DAGs
[2023-05-06T23:26:36.102+0000] {logging_mixin.py:149} INFO - [2023-05-06T23:26:36.102+0000] {dag.py:3490} INFO - Setting next_dagrun for example_sla_dag to 2023-05-06T23:24:00+00:00, run_after=2023-05-06T23:26:00+00:00
[2023-05-06T23:26:36.119+0000] {processor.py:178} INFO - Processing /home/airflow/.local/lib/python3.7/site-packages/airflow/example_dags/example_sla_dag.py took 0.070 seconds
[2023-05-06T23:27:06.612+0000] {processor.py:156} INFO - Started process (PID=293) to work on /home/airflow/.local/lib/python3.7/site-packages/airflow/example_dags/example_sla_dag.py
[2023-05-06T23:27:06.612+0000] {processor.py:799} INFO - Processing file /home/airflow/.local/lib/python3.7/site-packages/airflow/example_dags/example_sla_dag.py for tasks to queue
[2023-05-06T23:27:06.612+0000] {logging_mixin.py:149} INFO - [2023-05-06T23:27:06.612+0000] {dagbag.py:541} INFO - Filling up the DagBag from /home/airflow/.local/lib/python3.7/site-packages/airflow/example_dags/example_sla_dag.py
[2023-05-06T23:27:06.618+0000] {processor.py:809} INFO - DAG(s) dict_keys(['example_sla_dag']) retrieved from /home/airflow/.local/lib/python3.7/site-packages/airflow/example_dags/example_sla_dag.py
[2023-05-06T23:27:06.639+0000] {logging_mixin.py:149} INFO - [2023-05-06T23:27:06.639+0000] {dag.py:2726} INFO - Sync 1 DAGs
[2023-05-06T23:27:06.666+0000] {logging_mixin.py:149} INFO - [2023-05-06T23:27:06.666+0000] {dag.py:3490} INFO - Setting next_dagrun for example_sla_dag to 2023-05-06T23:24:00+00:00, run_after=2023-05-06T23:26:00+00:00
[2023-05-06T23:27:06.683+0000] {processor.py:178} INFO - Processing /home/airflow/.local/lib/python3.7/site-packages/airflow/example_dags/example_sla_dag.py took 0.074 seconds
[2023-05-06T23:27:37.128+0000] {processor.py:156} INFO - Started process (PID=351) to work on /home/airflow/.local/lib/python3.7/site-packages/airflow/example_dags/example_sla_dag.py
[2023-05-06T23:27:37.129+0000] {processor.py:799} INFO - Processing file /home/airflow/.local/lib/python3.7/site-packages/airflow/example_dags/example_sla_dag.py for tasks to queue
[2023-05-06T23:27:37.129+0000] {logging_mixin.py:149} INFO - [2023-05-06T23:27:37.129+0000] {dagbag.py:541} INFO - Filling up the DagBag from /home/airflow/.local/lib/python3.7/site-packages/airflow/example_dags/example_sla_dag.py
[2023-05-06T23:27:37.136+0000] {processor.py:809} INFO - DAG(s) dict_keys(['example_sla_dag']) retrieved from /home/airflow/.local/lib/python3.7/site-packages/airflow/example_dags/example_sla_dag.py
[2023-05-06T23:27:37.155+0000] {logging_mixin.py:149} INFO - [2023-05-06T23:27:37.155+0000] {dag.py:2726} INFO - Sync 1 DAGs
[2023-05-06T23:27:37.180+0000] {logging_mixin.py:149} INFO - [2023-05-06T23:27:37.180+0000] {dag.py:3490} INFO - Setting next_dagrun for example_sla_dag to 2023-05-06T23:24:00+00:00, run_after=2023-05-06T23:26:00+00:00
[2023-05-06T23:27:37.199+0000] {processor.py:178} INFO - Processing /home/airflow/.local/lib/python3.7/site-packages/airflow/example_dags/example_sla_dag.py took 0.073 seconds
[2023-05-06T23:28:07.453+0000] {processor.py:156} INFO - Started process (PID=409) to work on /home/airflow/.local/lib/python3.7/site-packages/airflow/example_dags/example_sla_dag.py
[2023-05-06T23:28:07.454+0000] {processor.py:799} INFO - Processing file /home/airflow/.local/lib/python3.7/site-packages/airflow/example_dags/example_sla_dag.py for tasks to queue
[2023-05-06T23:28:07.454+0000] {logging_mixin.py:149} INFO - [2023-05-06T23:28:07.454+0000] {dagbag.py:541} INFO - Filling up the DagBag from /home/airflow/.local/lib/python3.7/site-packages/airflow/example_dags/example_sla_dag.py
[2023-05-06T23:28:07.461+0000] {processor.py:809} INFO - DAG(s) dict_keys(['example_sla_dag']) retrieved from /home/airflow/.local/lib/python3.7/site-packages/airflow/example_dags/example_sla_dag.py
[2023-05-06T23:28:07.481+0000] {logging_mixin.py:149} INFO - [2023-05-06T23:28:07.481+0000] {dag.py:2726} INFO - Sync 1 DAGs
[2023-05-06T23:28:07.510+0000] {logging_mixin.py:149} INFO - [2023-05-06T23:28:07.510+0000] {dag.py:3490} INFO - Setting next_dagrun for example_sla_dag to 2023-05-06T23:26:00+00:00, run_after=2023-05-06T23:28:00+00:00
[2023-05-06T23:28:07.527+0000] {processor.py:178} INFO - Processing /home/airflow/.local/lib/python3.7/site-packages/airflow/example_dags/example_sla_dag.py took 0.077 seconds
[2023-05-06T23:28:37.832+0000] {processor.py:156} INFO - Started process (PID=467) to work on /home/airflow/.local/lib/python3.7/site-packages/airflow/example_dags/example_sla_dag.py
[2023-05-06T23:28:37.832+0000] {processor.py:799} INFO - Processing file /home/airflow/.local/lib/python3.7/site-packages/airflow/example_dags/example_sla_dag.py for tasks to queue
[2023-05-06T23:28:37.833+0000] {logging_mixin.py:149} INFO - [2023-05-06T23:28:37.833+0000] {dagbag.py:541} INFO - Filling up the DagBag from /home/airflow/.local/lib/python3.7/site-packages/airflow/example_dags/example_sla_dag.py
[2023-05-06T23:28:37.839+0000] {processor.py:809} INFO - DAG(s) dict_keys(['example_sla_dag']) retrieved from /home/airflow/.local/lib/python3.7/site-packages/airflow/example_dags/example_sla_dag.py
[2023-05-06T23:28:37.858+0000] {logging_mixin.py:149} INFO - [2023-05-06T23:28:37.858+0000] {dag.py:2726} INFO - Sync 1 DAGs
[2023-05-06T23:28:37.884+0000] {logging_mixin.py:149} INFO - [2023-05-06T23:28:37.884+0000] {dag.py:3490} INFO - Setting next_dagrun for example_sla_dag to 2023-05-06T23:26:00+00:00, run_after=2023-05-06T23:28:00+00:00
[2023-05-06T23:28:37.904+0000] {processor.py:178} INFO - Processing /home/airflow/.local/lib/python3.7/site-packages/airflow/example_dags/example_sla_dag.py took 0.074 seconds
[2023-05-06T23:29:08.333+0000] {processor.py:156} INFO - Started process (PID=526) to work on /home/airflow/.local/lib/python3.7/site-packages/airflow/example_dags/example_sla_dag.py
[2023-05-06T23:29:08.333+0000] {processor.py:799} INFO - Processing file /home/airflow/.local/lib/python3.7/site-packages/airflow/example_dags/example_sla_dag.py for tasks to queue
[2023-05-06T23:29:08.334+0000] {logging_mixin.py:149} INFO - [2023-05-06T23:29:08.334+0000] {dagbag.py:541} INFO - Filling up the DagBag from /home/airflow/.local/lib/python3.7/site-packages/airflow/example_dags/example_sla_dag.py
[2023-05-06T23:29:08.340+0000] {processor.py:809} INFO - DAG(s) dict_keys(['example_sla_dag']) retrieved from /home/airflow/.local/lib/python3.7/site-packages/airflow/example_dags/example_sla_dag.py
[2023-05-06T23:29:08.359+0000] {logging_mixin.py:149} INFO - [2023-05-06T23:29:08.358+0000] {dag.py:2726} INFO - Sync 1 DAGs
[2023-05-06T23:29:08.387+0000] {logging_mixin.py:149} INFO - [2023-05-06T23:29:08.386+0000] {dag.py:3490} INFO - Setting next_dagrun for example_sla_dag to 2023-05-06T23:26:00+00:00, run_after=2023-05-06T23:28:00+00:00
[2023-05-06T23:29:08.406+0000] {processor.py:178} INFO - Processing /home/airflow/.local/lib/python3.7/site-packages/airflow/example_dags/example_sla_dag.py took 0.076 seconds
[2023-05-06T23:29:38.748+0000] {processor.py:156} INFO - Started process (PID=584) to work on /home/airflow/.local/lib/python3.7/site-packages/airflow/example_dags/example_sla_dag.py
[2023-05-06T23:29:38.748+0000] {processor.py:799} INFO - Processing file /home/airflow/.local/lib/python3.7/site-packages/airflow/example_dags/example_sla_dag.py for tasks to queue
[2023-05-06T23:29:38.749+0000] {logging_mixin.py:149} INFO - [2023-05-06T23:29:38.749+0000] {dagbag.py:541} INFO - Filling up the DagBag from /home/airflow/.local/lib/python3.7/site-packages/airflow/example_dags/example_sla_dag.py
[2023-05-06T23:29:38.756+0000] {processor.py:809} INFO - DAG(s) dict_keys(['example_sla_dag']) retrieved from /home/airflow/.local/lib/python3.7/site-packages/airflow/example_dags/example_sla_dag.py
[2023-05-06T23:29:38.776+0000] {logging_mixin.py:149} INFO - [2023-05-06T23:29:38.776+0000] {dag.py:2726} INFO - Sync 1 DAGs
[2023-05-06T23:29:38.805+0000] {logging_mixin.py:149} INFO - [2023-05-06T23:29:38.805+0000] {dag.py:3490} INFO - Setting next_dagrun for example_sla_dag to 2023-05-06T23:26:00+00:00, run_after=2023-05-06T23:28:00+00:00
[2023-05-06T23:29:38.823+0000] {processor.py:178} INFO - Processing /home/airflow/.local/lib/python3.7/site-packages/airflow/example_dags/example_sla_dag.py took 0.078 seconds
[2023-05-06T23:30:09.357+0000] {processor.py:156} INFO - Started process (PID=642) to work on /home/airflow/.local/lib/python3.7/site-packages/airflow/example_dags/example_sla_dag.py
[2023-05-06T23:30:09.358+0000] {processor.py:799} INFO - Processing file /home/airflow/.local/lib/python3.7/site-packages/airflow/example_dags/example_sla_dag.py for tasks to queue
[2023-05-06T23:30:09.358+0000] {logging_mixin.py:149} INFO - [2023-05-06T23:30:09.358+0000] {dagbag.py:541} INFO - Filling up the DagBag from /home/airflow/.local/lib/python3.7/site-packages/airflow/example_dags/example_sla_dag.py
[2023-05-06T23:30:09.364+0000] {processor.py:809} INFO - DAG(s) dict_keys(['example_sla_dag']) retrieved from /home/airflow/.local/lib/python3.7/site-packages/airflow/example_dags/example_sla_dag.py
[2023-05-06T23:30:09.385+0000] {logging_mixin.py:149} INFO - [2023-05-06T23:30:09.385+0000] {dag.py:2726} INFO - Sync 1 DAGs
[2023-05-06T23:30:09.412+0000] {logging_mixin.py:149} INFO - [2023-05-06T23:30:09.411+0000] {dag.py:3490} INFO - Setting next_dagrun for example_sla_dag to 2023-05-06T23:28:00+00:00, run_after=2023-05-06T23:30:00+00:00
[2023-05-06T23:30:09.429+0000] {processor.py:178} INFO - Processing /home/airflow/.local/lib/python3.7/site-packages/airflow/example_dags/example_sla_dag.py took 0.074 seconds
[2023-05-06T23:30:39.633+0000] {processor.py:156} INFO - Started process (PID=700) to work on /home/airflow/.local/lib/python3.7/site-packages/airflow/example_dags/example_sla_dag.py
[2023-05-06T23:30:39.634+0000] {processor.py:799} INFO - Processing file /home/airflow/.local/lib/python3.7/site-packages/airflow/example_dags/example_sla_dag.py for tasks to queue
[2023-05-06T23:30:39.634+0000] {logging_mixin.py:149} INFO - [2023-05-06T23:30:39.634+0000] {dagbag.py:541} INFO - Filling up the DagBag from /home/airflow/.local/lib/python3.7/site-packages/airflow/example_dags/example_sla_dag.py
[2023-05-06T23:30:39.640+0000] {processor.py:809} INFO - DAG(s) dict_keys(['example_sla_dag']) retrieved from /home/airflow/.local/lib/python3.7/site-packages/airflow/example_dags/example_sla_dag.py
[2023-05-06T23:30:39.663+0000] {logging_mixin.py:149} INFO - [2023-05-06T23:30:39.662+0000] {dag.py:2726} INFO - Sync 1 DAGs
[2023-05-06T23:30:39.693+0000] {logging_mixin.py:149} INFO - [2023-05-06T23:30:39.692+0000] {dag.py:3490} INFO - Setting next_dagrun for example_sla_dag to 2023-05-06T23:28:00+00:00, run_after=2023-05-06T23:30:00+00:00
[2023-05-06T23:30:39.713+0000] {processor.py:178} INFO - Processing /home/airflow/.local/lib/python3.7/site-packages/airflow/example_dags/example_sla_dag.py took 0.082 seconds
[2023-05-06T23:31:10.123+0000] {processor.py:156} INFO - Started process (PID=757) to work on /home/airflow/.local/lib/python3.7/site-packages/airflow/example_dags/example_sla_dag.py
[2023-05-06T23:31:10.124+0000] {processor.py:799} INFO - Processing file /home/airflow/.local/lib/python3.7/site-packages/airflow/example_dags/example_sla_dag.py for tasks to queue
[2023-05-06T23:31:10.125+0000] {logging_mixin.py:149} INFO - [2023-05-06T23:31:10.125+0000] {dagbag.py:541} INFO - Filling up the DagBag from /home/airflow/.local/lib/python3.7/site-packages/airflow/example_dags/example_sla_dag.py
[2023-05-06T23:31:10.131+0000] {processor.py:809} INFO - DAG(s) dict_keys(['example_sla_dag']) retrieved from /home/airflow/.local/lib/python3.7/site-packages/airflow/example_dags/example_sla_dag.py
[2023-05-06T23:31:10.149+0000] {logging_mixin.py:149} INFO - [2023-05-06T23:31:10.149+0000] {dag.py:2726} INFO - Sync 1 DAGs
[2023-05-06T23:31:10.174+0000] {logging_mixin.py:149} INFO - [2023-05-06T23:31:10.173+0000] {dag.py:3490} INFO - Setting next_dagrun for example_sla_dag to 2023-05-06T23:28:00+00:00, run_after=2023-05-06T23:30:00+00:00
[2023-05-06T23:31:10.190+0000] {processor.py:178} INFO - Processing /home/airflow/.local/lib/python3.7/site-packages/airflow/example_dags/example_sla_dag.py took 0.069 seconds
[2023-05-06T23:31:40.461+0000] {processor.py:156} INFO - Started process (PID=815) to work on /home/airflow/.local/lib/python3.7/site-packages/airflow/example_dags/example_sla_dag.py
[2023-05-06T23:31:40.462+0000] {processor.py:799} INFO - Processing file /home/airflow/.local/lib/python3.7/site-packages/airflow/example_dags/example_sla_dag.py for tasks to queue
[2023-05-06T23:31:40.463+0000] {logging_mixin.py:149} INFO - [2023-05-06T23:31:40.463+0000] {dagbag.py:541} INFO - Filling up the DagBag from /home/airflow/.local/lib/python3.7/site-packages/airflow/example_dags/example_sla_dag.py
[2023-05-06T23:31:40.471+0000] {processor.py:809} INFO - DAG(s) dict_keys(['example_sla_dag']) retrieved from /home/airflow/.local/lib/python3.7/site-packages/airflow/example_dags/example_sla_dag.py
[2023-05-06T23:31:40.494+0000] {logging_mixin.py:149} INFO - [2023-05-06T23:31:40.494+0000] {dag.py:2726} INFO - Sync 1 DAGs
[2023-05-06T23:31:40.522+0000] {logging_mixin.py:149} INFO - [2023-05-06T23:31:40.522+0000] {dag.py:3490} INFO - Setting next_dagrun for example_sla_dag to 2023-05-06T23:28:00+00:00, run_after=2023-05-06T23:30:00+00:00
[2023-05-06T23:31:40.543+0000] {processor.py:178} INFO - Processing /home/airflow/.local/lib/python3.7/site-packages/airflow/example_dags/example_sla_dag.py took 0.085 seconds
[2023-05-06T23:32:11.027+0000] {processor.py:156} INFO - Started process (PID=873) to work on /home/airflow/.local/lib/python3.7/site-packages/airflow/example_dags/example_sla_dag.py
[2023-05-06T23:32:11.027+0000] {processor.py:799} INFO - Processing file /home/airflow/.local/lib/python3.7/site-packages/airflow/example_dags/example_sla_dag.py for tasks to queue
[2023-05-06T23:32:11.028+0000] {logging_mixin.py:149} INFO - [2023-05-06T23:32:11.028+0000] {dagbag.py:541} INFO - Filling up the DagBag from /home/airflow/.local/lib/python3.7/site-packages/airflow/example_dags/example_sla_dag.py
[2023-05-06T23:32:11.034+0000] {processor.py:809} INFO - DAG(s) dict_keys(['example_sla_dag']) retrieved from /home/airflow/.local/lib/python3.7/site-packages/airflow/example_dags/example_sla_dag.py
[2023-05-06T23:32:11.053+0000] {logging_mixin.py:149} INFO - [2023-05-06T23:32:11.053+0000] {dag.py:2726} INFO - Sync 1 DAGs
[2023-05-06T23:32:11.080+0000] {logging_mixin.py:149} INFO - [2023-05-06T23:32:11.079+0000] {dag.py:3490} INFO - Setting next_dagrun for example_sla_dag to 2023-05-06T23:30:00+00:00, run_after=2023-05-06T23:32:00+00:00
[2023-05-06T23:32:11.098+0000] {processor.py:178} INFO - Processing /home/airflow/.local/lib/python3.7/site-packages/airflow/example_dags/example_sla_dag.py took 0.074 seconds
[2023-05-06T23:32:41.384+0000] {processor.py:156} INFO - Started process (PID=931) to work on /home/airflow/.local/lib/python3.7/site-packages/airflow/example_dags/example_sla_dag.py
[2023-05-06T23:32:41.385+0000] {processor.py:799} INFO - Processing file /home/airflow/.local/lib/python3.7/site-packages/airflow/example_dags/example_sla_dag.py for tasks to queue
[2023-05-06T23:32:41.385+0000] {logging_mixin.py:149} INFO - [2023-05-06T23:32:41.385+0000] {dagbag.py:541} INFO - Filling up the DagBag from /home/airflow/.local/lib/python3.7/site-packages/airflow/example_dags/example_sla_dag.py
[2023-05-06T23:32:41.391+0000] {processor.py:809} INFO - DAG(s) dict_keys(['example_sla_dag']) retrieved from /home/airflow/.local/lib/python3.7/site-packages/airflow/example_dags/example_sla_dag.py
[2023-05-06T23:32:41.410+0000] {logging_mixin.py:149} INFO - [2023-05-06T23:32:41.410+0000] {dag.py:2726} INFO - Sync 1 DAGs
[2023-05-06T23:32:41.435+0000] {logging_mixin.py:149} INFO - [2023-05-06T23:32:41.435+0000] {dag.py:3490} INFO - Setting next_dagrun for example_sla_dag to 2023-05-06T23:30:00+00:00, run_after=2023-05-06T23:32:00+00:00
[2023-05-06T23:32:41.452+0000] {processor.py:178} INFO - Processing /home/airflow/.local/lib/python3.7/site-packages/airflow/example_dags/example_sla_dag.py took 0.070 seconds
[2023-05-06T23:33:11.830+0000] {processor.py:156} INFO - Started process (PID=989) to work on /home/airflow/.local/lib/python3.7/site-packages/airflow/example_dags/example_sla_dag.py
[2023-05-06T23:33:11.831+0000] {processor.py:799} INFO - Processing file /home/airflow/.local/lib/python3.7/site-packages/airflow/example_dags/example_sla_dag.py for tasks to queue
[2023-05-06T23:33:11.832+0000] {logging_mixin.py:149} INFO - [2023-05-06T23:33:11.832+0000] {dagbag.py:541} INFO - Filling up the DagBag from /home/airflow/.local/lib/python3.7/site-packages/airflow/example_dags/example_sla_dag.py
[2023-05-06T23:33:11.845+0000] {processor.py:809} INFO - DAG(s) dict_keys(['example_sla_dag']) retrieved from /home/airflow/.local/lib/python3.7/site-packages/airflow/example_dags/example_sla_dag.py
[2023-05-06T23:33:11.868+0000] {logging_mixin.py:149} INFO - [2023-05-06T23:33:11.868+0000] {dag.py:2726} INFO - Sync 1 DAGs
[2023-05-06T23:33:11.894+0000] {logging_mixin.py:149} INFO - [2023-05-06T23:33:11.894+0000] {dag.py:3490} INFO - Setting next_dagrun for example_sla_dag to 2023-05-06T23:30:00+00:00, run_after=2023-05-06T23:32:00+00:00
[2023-05-06T23:33:11.911+0000] {processor.py:178} INFO - Processing /home/airflow/.local/lib/python3.7/site-packages/airflow/example_dags/example_sla_dag.py took 0.085 seconds
[2023-05-06T23:33:42.177+0000] {processor.py:156} INFO - Started process (PID=1048) to work on /home/airflow/.local/lib/python3.7/site-packages/airflow/example_dags/example_sla_dag.py
[2023-05-06T23:33:42.178+0000] {processor.py:799} INFO - Processing file /home/airflow/.local/lib/python3.7/site-packages/airflow/example_dags/example_sla_dag.py for tasks to queue
[2023-05-06T23:33:42.178+0000] {logging_mixin.py:149} INFO - [2023-05-06T23:33:42.178+0000] {dagbag.py:541} INFO - Filling up the DagBag from /home/airflow/.local/lib/python3.7/site-packages/airflow/example_dags/example_sla_dag.py
[2023-05-06T23:33:42.184+0000] {processor.py:809} INFO - DAG(s) dict_keys(['example_sla_dag']) retrieved from /home/airflow/.local/lib/python3.7/site-packages/airflow/example_dags/example_sla_dag.py
[2023-05-06T23:33:42.204+0000] {logging_mixin.py:149} INFO - [2023-05-06T23:33:42.204+0000] {dag.py:2726} INFO - Sync 1 DAGs
[2023-05-06T23:33:42.230+0000] {logging_mixin.py:149} INFO - [2023-05-06T23:33:42.230+0000] {dag.py:3490} INFO - Setting next_dagrun for example_sla_dag to 2023-05-06T23:30:00+00:00, run_after=2023-05-06T23:32:00+00:00
[2023-05-06T23:33:42.247+0000] {processor.py:178} INFO - Processing /home/airflow/.local/lib/python3.7/site-packages/airflow/example_dags/example_sla_dag.py took 0.072 seconds
[2023-05-06T23:34:12.657+0000] {processor.py:156} INFO - Started process (PID=1106) to work on /home/airflow/.local/lib/python3.7/site-packages/airflow/example_dags/example_sla_dag.py
[2023-05-06T23:34:12.658+0000] {processor.py:799} INFO - Processing file /home/airflow/.local/lib/python3.7/site-packages/airflow/example_dags/example_sla_dag.py for tasks to queue
[2023-05-06T23:34:12.659+0000] {logging_mixin.py:149} INFO - [2023-05-06T23:34:12.658+0000] {dagbag.py:541} INFO - Filling up the DagBag from /home/airflow/.local/lib/python3.7/site-packages/airflow/example_dags/example_sla_dag.py
[2023-05-06T23:34:12.665+0000] {processor.py:809} INFO - DAG(s) dict_keys(['example_sla_dag']) retrieved from /home/airflow/.local/lib/python3.7/site-packages/airflow/example_dags/example_sla_dag.py
[2023-05-06T23:34:12.683+0000] {logging_mixin.py:149} INFO - [2023-05-06T23:34:12.683+0000] {dag.py:2726} INFO - Sync 1 DAGs
[2023-05-06T23:34:12.708+0000] {logging_mixin.py:149} INFO - [2023-05-06T23:34:12.708+0000] {dag.py:3490} INFO - Setting next_dagrun for example_sla_dag to 2023-05-06T23:32:00+00:00, run_after=2023-05-06T23:34:00+00:00
[2023-05-06T23:34:12.725+0000] {processor.py:178} INFO - Processing /home/airflow/.local/lib/python3.7/site-packages/airflow/example_dags/example_sla_dag.py took 0.070 seconds
[2023-05-06T23:34:43.067+0000] {processor.py:156} INFO - Started process (PID=1164) to work on /home/airflow/.local/lib/python3.7/site-packages/airflow/example_dags/example_sla_dag.py
[2023-05-06T23:34:43.068+0000] {processor.py:799} INFO - Processing file /home/airflow/.local/lib/python3.7/site-packages/airflow/example_dags/example_sla_dag.py for tasks to queue
[2023-05-06T23:34:43.069+0000] {logging_mixin.py:149} INFO - [2023-05-06T23:34:43.069+0000] {dagbag.py:541} INFO - Filling up the DagBag from /home/airflow/.local/lib/python3.7/site-packages/airflow/example_dags/example_sla_dag.py
[2023-05-06T23:34:43.080+0000] {processor.py:809} INFO - DAG(s) dict_keys(['example_sla_dag']) retrieved from /home/airflow/.local/lib/python3.7/site-packages/airflow/example_dags/example_sla_dag.py
[2023-05-06T23:34:43.102+0000] {logging_mixin.py:149} INFO - [2023-05-06T23:34:43.102+0000] {dag.py:2726} INFO - Sync 1 DAGs
[2023-05-06T23:34:43.128+0000] {logging_mixin.py:149} INFO - [2023-05-06T23:34:43.128+0000] {dag.py:3490} INFO - Setting next_dagrun for example_sla_dag to 2023-05-06T23:32:00+00:00, run_after=2023-05-06T23:34:00+00:00
[2023-05-06T23:34:43.144+0000] {processor.py:178} INFO - Processing /home/airflow/.local/lib/python3.7/site-packages/airflow/example_dags/example_sla_dag.py took 0.081 seconds
[2023-05-06T23:35:13.597+0000] {processor.py:156} INFO - Started process (PID=1222) to work on /home/airflow/.local/lib/python3.7/site-packages/airflow/example_dags/example_sla_dag.py
[2023-05-06T23:35:13.598+0000] {processor.py:799} INFO - Processing file /home/airflow/.local/lib/python3.7/site-packages/airflow/example_dags/example_sla_dag.py for tasks to queue
[2023-05-06T23:35:13.598+0000] {logging_mixin.py:149} INFO - [2023-05-06T23:35:13.598+0000] {dagbag.py:541} INFO - Filling up the DagBag from /home/airflow/.local/lib/python3.7/site-packages/airflow/example_dags/example_sla_dag.py
[2023-05-06T23:35:13.604+0000] {processor.py:809} INFO - DAG(s) dict_keys(['example_sla_dag']) retrieved from /home/airflow/.local/lib/python3.7/site-packages/airflow/example_dags/example_sla_dag.py
[2023-05-06T23:35:13.624+0000] {logging_mixin.py:149} INFO - [2023-05-06T23:35:13.624+0000] {dag.py:2726} INFO - Sync 1 DAGs
[2023-05-06T23:35:13.652+0000] {logging_mixin.py:149} INFO - [2023-05-06T23:35:13.652+0000] {dag.py:3490} INFO - Setting next_dagrun for example_sla_dag to 2023-05-06T23:32:00+00:00, run_after=2023-05-06T23:34:00+00:00
[2023-05-06T23:35:13.669+0000] {processor.py:178} INFO - Processing /home/airflow/.local/lib/python3.7/site-packages/airflow/example_dags/example_sla_dag.py took 0.074 seconds
[2023-05-06T23:35:44.120+0000] {processor.py:156} INFO - Started process (PID=1280) to work on /home/airflow/.local/lib/python3.7/site-packages/airflow/example_dags/example_sla_dag.py
[2023-05-06T23:35:44.121+0000] {processor.py:799} INFO - Processing file /home/airflow/.local/lib/python3.7/site-packages/airflow/example_dags/example_sla_dag.py for tasks to queue
[2023-05-06T23:35:44.121+0000] {logging_mixin.py:149} INFO - [2023-05-06T23:35:44.121+0000] {dagbag.py:541} INFO - Filling up the DagBag from /home/airflow/.local/lib/python3.7/site-packages/airflow/example_dags/example_sla_dag.py
[2023-05-06T23:35:44.127+0000] {processor.py:809} INFO - DAG(s) dict_keys(['example_sla_dag']) retrieved from /home/airflow/.local/lib/python3.7/site-packages/airflow/example_dags/example_sla_dag.py
[2023-05-06T23:35:44.144+0000] {logging_mixin.py:149} INFO - [2023-05-06T23:35:44.144+0000] {dag.py:2726} INFO - Sync 1 DAGs
[2023-05-06T23:35:44.171+0000] {logging_mixin.py:149} INFO - [2023-05-06T23:35:44.171+0000] {dag.py:3490} INFO - Setting next_dagrun for example_sla_dag to 2023-05-06T23:32:00+00:00, run_after=2023-05-06T23:34:00+00:00
[2023-05-06T23:35:44.188+0000] {processor.py:178} INFO - Processing /home/airflow/.local/lib/python3.7/site-packages/airflow/example_dags/example_sla_dag.py took 0.070 seconds
[2023-05-06T23:36:14.533+0000] {processor.py:156} INFO - Started process (PID=1338) to work on /home/airflow/.local/lib/python3.7/site-packages/airflow/example_dags/example_sla_dag.py
[2023-05-06T23:36:14.534+0000] {processor.py:799} INFO - Processing file /home/airflow/.local/lib/python3.7/site-packages/airflow/example_dags/example_sla_dag.py for tasks to queue
[2023-05-06T23:36:14.535+0000] {logging_mixin.py:149} INFO - [2023-05-06T23:36:14.534+0000] {dagbag.py:541} INFO - Filling up the DagBag from /home/airflow/.local/lib/python3.7/site-packages/airflow/example_dags/example_sla_dag.py
[2023-05-06T23:36:14.546+0000] {processor.py:809} INFO - DAG(s) dict_keys(['example_sla_dag']) retrieved from /home/airflow/.local/lib/python3.7/site-packages/airflow/example_dags/example_sla_dag.py
[2023-05-06T23:36:14.566+0000] {logging_mixin.py:149} INFO - [2023-05-06T23:36:14.566+0000] {dag.py:2726} INFO - Sync 1 DAGs
[2023-05-06T23:36:14.591+0000] {logging_mixin.py:149} INFO - [2023-05-06T23:36:14.591+0000] {dag.py:3490} INFO - Setting next_dagrun for example_sla_dag to 2023-05-06T23:34:00+00:00, run_after=2023-05-06T23:36:00+00:00
[2023-05-06T23:36:14.608+0000] {processor.py:178} INFO - Processing /home/airflow/.local/lib/python3.7/site-packages/airflow/example_dags/example_sla_dag.py took 0.079 seconds
[2023-05-06T23:36:45.187+0000] {processor.py:156} INFO - Started process (PID=1396) to work on /home/airflow/.local/lib/python3.7/site-packages/airflow/example_dags/example_sla_dag.py
[2023-05-06T23:36:45.188+0000] {processor.py:799} INFO - Processing file /home/airflow/.local/lib/python3.7/site-packages/airflow/example_dags/example_sla_dag.py for tasks to queue
[2023-05-06T23:36:45.189+0000] {logging_mixin.py:149} INFO - [2023-05-06T23:36:45.189+0000] {dagbag.py:541} INFO - Filling up the DagBag from /home/airflow/.local/lib/python3.7/site-packages/airflow/example_dags/example_sla_dag.py
[2023-05-06T23:36:45.201+0000] {processor.py:809} INFO - DAG(s) dict_keys(['example_sla_dag']) retrieved from /home/airflow/.local/lib/python3.7/site-packages/airflow/example_dags/example_sla_dag.py
[2023-05-06T23:36:45.226+0000] {logging_mixin.py:149} INFO - [2023-05-06T23:36:45.226+0000] {dag.py:2726} INFO - Sync 1 DAGs
[2023-05-06T23:36:45.251+0000] {logging_mixin.py:149} INFO - [2023-05-06T23:36:45.251+0000] {dag.py:3490} INFO - Setting next_dagrun for example_sla_dag to 2023-05-06T23:34:00+00:00, run_after=2023-05-06T23:36:00+00:00
[2023-05-06T23:36:45.269+0000] {processor.py:178} INFO - Processing /home/airflow/.local/lib/python3.7/site-packages/airflow/example_dags/example_sla_dag.py took 0.086 seconds
[2023-05-06T23:37:15.776+0000] {processor.py:156} INFO - Started process (PID=1454) to work on /home/airflow/.local/lib/python3.7/site-packages/airflow/example_dags/example_sla_dag.py
[2023-05-06T23:37:15.776+0000] {processor.py:799} INFO - Processing file /home/airflow/.local/lib/python3.7/site-packages/airflow/example_dags/example_sla_dag.py for tasks to queue
[2023-05-06T23:37:15.777+0000] {logging_mixin.py:149} INFO - [2023-05-06T23:37:15.777+0000] {dagbag.py:541} INFO - Filling up the DagBag from /home/airflow/.local/lib/python3.7/site-packages/airflow/example_dags/example_sla_dag.py
[2023-05-06T23:37:15.783+0000] {processor.py:809} INFO - DAG(s) dict_keys(['example_sla_dag']) retrieved from /home/airflow/.local/lib/python3.7/site-packages/airflow/example_dags/example_sla_dag.py
[2023-05-06T23:37:15.800+0000] {logging_mixin.py:149} INFO - [2023-05-06T23:37:15.800+0000] {dag.py:2726} INFO - Sync 1 DAGs
[2023-05-06T23:37:15.827+0000] {logging_mixin.py:149} INFO - [2023-05-06T23:37:15.826+0000] {dag.py:3490} INFO - Setting next_dagrun for example_sla_dag to 2023-05-06T23:34:00+00:00, run_after=2023-05-06T23:36:00+00:00
[2023-05-06T23:37:15.843+0000] {processor.py:178} INFO - Processing /home/airflow/.local/lib/python3.7/site-packages/airflow/example_dags/example_sla_dag.py took 0.070 seconds
[2023-05-06T23:37:46.345+0000] {processor.py:156} INFO - Started process (PID=1512) to work on /home/airflow/.local/lib/python3.7/site-packages/airflow/example_dags/example_sla_dag.py
[2023-05-06T23:37:46.346+0000] {processor.py:799} INFO - Processing file /home/airflow/.local/lib/python3.7/site-packages/airflow/example_dags/example_sla_dag.py for tasks to queue
[2023-05-06T23:37:46.346+0000] {logging_mixin.py:149} INFO - [2023-05-06T23:37:46.346+0000] {dagbag.py:541} INFO - Filling up the DagBag from /home/airflow/.local/lib/python3.7/site-packages/airflow/example_dags/example_sla_dag.py
[2023-05-06T23:37:46.352+0000] {processor.py:809} INFO - DAG(s) dict_keys(['example_sla_dag']) retrieved from /home/airflow/.local/lib/python3.7/site-packages/airflow/example_dags/example_sla_dag.py
[2023-05-06T23:37:46.374+0000] {logging_mixin.py:149} INFO - [2023-05-06T23:37:46.373+0000] {dag.py:2726} INFO - Sync 1 DAGs
[2023-05-06T23:37:46.399+0000] {logging_mixin.py:149} INFO - [2023-05-06T23:37:46.399+0000] {dag.py:3490} INFO - Setting next_dagrun for example_sla_dag to 2023-05-06T23:34:00+00:00, run_after=2023-05-06T23:36:00+00:00
[2023-05-06T23:37:46.415+0000] {processor.py:178} INFO - Processing /home/airflow/.local/lib/python3.7/site-packages/airflow/example_dags/example_sla_dag.py took 0.071 seconds
[2023-05-06T23:38:17.173+0000] {processor.py:156} INFO - Started process (PID=1570) to work on /home/airflow/.local/lib/python3.7/site-packages/airflow/example_dags/example_sla_dag.py
[2023-05-06T23:38:17.174+0000] {processor.py:799} INFO - Processing file /home/airflow/.local/lib/python3.7/site-packages/airflow/example_dags/example_sla_dag.py for tasks to queue
[2023-05-06T23:38:17.175+0000] {logging_mixin.py:149} INFO - [2023-05-06T23:38:17.175+0000] {dagbag.py:541} INFO - Filling up the DagBag from /home/airflow/.local/lib/python3.7/site-packages/airflow/example_dags/example_sla_dag.py
[2023-05-06T23:38:17.188+0000] {processor.py:809} INFO - DAG(s) dict_keys(['example_sla_dag']) retrieved from /home/airflow/.local/lib/python3.7/site-packages/airflow/example_dags/example_sla_dag.py
[2023-05-06T23:38:17.208+0000] {logging_mixin.py:149} INFO - [2023-05-06T23:38:17.208+0000] {dag.py:2726} INFO - Sync 1 DAGs
[2023-05-06T23:38:17.234+0000] {logging_mixin.py:149} INFO - [2023-05-06T23:38:17.234+0000] {dag.py:3490} INFO - Setting next_dagrun for example_sla_dag to 2023-05-06T23:36:00+00:00, run_after=2023-05-06T23:38:00+00:00
[2023-05-06T23:38:17.251+0000] {processor.py:178} INFO - Processing /home/airflow/.local/lib/python3.7/site-packages/airflow/example_dags/example_sla_dag.py took 0.082 seconds
[2023-05-06T23:38:47.379+0000] {processor.py:156} INFO - Started process (PID=1628) to work on /home/airflow/.local/lib/python3.7/site-packages/airflow/example_dags/example_sla_dag.py
[2023-05-06T23:38:47.381+0000] {processor.py:799} INFO - Processing file /home/airflow/.local/lib/python3.7/site-packages/airflow/example_dags/example_sla_dag.py for tasks to queue
[2023-05-06T23:38:47.382+0000] {logging_mixin.py:149} INFO - [2023-05-06T23:38:47.381+0000] {dagbag.py:541} INFO - Filling up the DagBag from /home/airflow/.local/lib/python3.7/site-packages/airflow/example_dags/example_sla_dag.py
[2023-05-06T23:38:47.395+0000] {processor.py:809} INFO - DAG(s) dict_keys(['example_sla_dag']) retrieved from /home/airflow/.local/lib/python3.7/site-packages/airflow/example_dags/example_sla_dag.py
[2023-05-06T23:38:47.419+0000] {logging_mixin.py:149} INFO - [2023-05-06T23:38:47.419+0000] {dag.py:2726} INFO - Sync 1 DAGs
[2023-05-06T23:38:47.448+0000] {logging_mixin.py:149} INFO - [2023-05-06T23:38:47.447+0000] {dag.py:3490} INFO - Setting next_dagrun for example_sla_dag to 2023-05-06T23:36:00+00:00, run_after=2023-05-06T23:38:00+00:00
[2023-05-06T23:38:47.466+0000] {processor.py:178} INFO - Processing /home/airflow/.local/lib/python3.7/site-packages/airflow/example_dags/example_sla_dag.py took 0.091 seconds
[2023-05-06T23:39:18.145+0000] {processor.py:156} INFO - Started process (PID=1686) to work on /home/airflow/.local/lib/python3.7/site-packages/airflow/example_dags/example_sla_dag.py
[2023-05-06T23:39:18.145+0000] {processor.py:799} INFO - Processing file /home/airflow/.local/lib/python3.7/site-packages/airflow/example_dags/example_sla_dag.py for tasks to queue
[2023-05-06T23:39:18.146+0000] {logging_mixin.py:149} INFO - [2023-05-06T23:39:18.146+0000] {dagbag.py:541} INFO - Filling up the DagBag from /home/airflow/.local/lib/python3.7/site-packages/airflow/example_dags/example_sla_dag.py
[2023-05-06T23:39:18.152+0000] {processor.py:809} INFO - DAG(s) dict_keys(['example_sla_dag']) retrieved from /home/airflow/.local/lib/python3.7/site-packages/airflow/example_dags/example_sla_dag.py
[2023-05-06T23:39:18.171+0000] {logging_mixin.py:149} INFO - [2023-05-06T23:39:18.171+0000] {dag.py:2726} INFO - Sync 1 DAGs
[2023-05-06T23:39:18.196+0000] {logging_mixin.py:149} INFO - [2023-05-06T23:39:18.196+0000] {dag.py:3490} INFO - Setting next_dagrun for example_sla_dag to 2023-05-06T23:36:00+00:00, run_after=2023-05-06T23:38:00+00:00
[2023-05-06T23:39:18.212+0000] {processor.py:178} INFO - Processing /home/airflow/.local/lib/python3.7/site-packages/airflow/example_dags/example_sla_dag.py took 0.069 seconds
[2023-05-06T23:39:48.460+0000] {processor.py:156} INFO - Started process (PID=1745) to work on /home/airflow/.local/lib/python3.7/site-packages/airflow/example_dags/example_sla_dag.py
[2023-05-06T23:39:48.461+0000] {processor.py:799} INFO - Processing file /home/airflow/.local/lib/python3.7/site-packages/airflow/example_dags/example_sla_dag.py for tasks to queue
[2023-05-06T23:39:48.461+0000] {logging_mixin.py:149} INFO - [2023-05-06T23:39:48.461+0000] {dagbag.py:541} INFO - Filling up the DagBag from /home/airflow/.local/lib/python3.7/site-packages/airflow/example_dags/example_sla_dag.py
[2023-05-06T23:39:48.468+0000] {processor.py:809} INFO - DAG(s) dict_keys(['example_sla_dag']) retrieved from /home/airflow/.local/lib/python3.7/site-packages/airflow/example_dags/example_sla_dag.py
[2023-05-06T23:39:48.488+0000] {logging_mixin.py:149} INFO - [2023-05-06T23:39:48.488+0000] {dag.py:2726} INFO - Sync 1 DAGs
[2023-05-06T23:39:48.514+0000] {logging_mixin.py:149} INFO - [2023-05-06T23:39:48.514+0000] {dag.py:3490} INFO - Setting next_dagrun for example_sla_dag to 2023-05-06T23:36:00+00:00, run_after=2023-05-06T23:38:00+00:00
[2023-05-06T23:39:48.533+0000] {processor.py:178} INFO - Processing /home/airflow/.local/lib/python3.7/site-packages/airflow/example_dags/example_sla_dag.py took 0.074 seconds
[2023-05-06T23:40:18.794+0000] {processor.py:156} INFO - Started process (PID=1803) to work on /home/airflow/.local/lib/python3.7/site-packages/airflow/example_dags/example_sla_dag.py
[2023-05-06T23:40:18.795+0000] {processor.py:799} INFO - Processing file /home/airflow/.local/lib/python3.7/site-packages/airflow/example_dags/example_sla_dag.py for tasks to queue
[2023-05-06T23:40:18.795+0000] {logging_mixin.py:149} INFO - [2023-05-06T23:40:18.795+0000] {dagbag.py:541} INFO - Filling up the DagBag from /home/airflow/.local/lib/python3.7/site-packages/airflow/example_dags/example_sla_dag.py
[2023-05-06T23:40:18.804+0000] {processor.py:809} INFO - DAG(s) dict_keys(['example_sla_dag']) retrieved from /home/airflow/.local/lib/python3.7/site-packages/airflow/example_dags/example_sla_dag.py
[2023-05-06T23:40:18.826+0000] {logging_mixin.py:149} INFO - [2023-05-06T23:40:18.825+0000] {dag.py:2726} INFO - Sync 1 DAGs
[2023-05-06T23:40:18.851+0000] {logging_mixin.py:149} INFO - [2023-05-06T23:40:18.851+0000] {dag.py:3490} INFO - Setting next_dagrun for example_sla_dag to 2023-05-06T23:38:00+00:00, run_after=2023-05-06T23:40:00+00:00
[2023-05-06T23:40:18.871+0000] {processor.py:178} INFO - Processing /home/airflow/.local/lib/python3.7/site-packages/airflow/example_dags/example_sla_dag.py took 0.079 seconds
[2023-05-06T23:40:49.123+0000] {processor.py:156} INFO - Started process (PID=1862) to work on /home/airflow/.local/lib/python3.7/site-packages/airflow/example_dags/example_sla_dag.py
[2023-05-06T23:40:49.124+0000] {processor.py:799} INFO - Processing file /home/airflow/.local/lib/python3.7/site-packages/airflow/example_dags/example_sla_dag.py for tasks to queue
[2023-05-06T23:40:49.125+0000] {logging_mixin.py:149} INFO - [2023-05-06T23:40:49.125+0000] {dagbag.py:541} INFO - Filling up the DagBag from /home/airflow/.local/lib/python3.7/site-packages/airflow/example_dags/example_sla_dag.py
[2023-05-06T23:40:49.137+0000] {processor.py:809} INFO - DAG(s) dict_keys(['example_sla_dag']) retrieved from /home/airflow/.local/lib/python3.7/site-packages/airflow/example_dags/example_sla_dag.py
[2023-05-06T23:40:49.160+0000] {logging_mixin.py:149} INFO - [2023-05-06T23:40:49.160+0000] {dag.py:2726} INFO - Sync 1 DAGs
[2023-05-06T23:40:49.187+0000] {logging_mixin.py:149} INFO - [2023-05-06T23:40:49.187+0000] {dag.py:3490} INFO - Setting next_dagrun for example_sla_dag to 2023-05-06T23:38:00+00:00, run_after=2023-05-06T23:40:00+00:00
[2023-05-06T23:40:49.206+0000] {processor.py:178} INFO - Processing /home/airflow/.local/lib/python3.7/site-packages/airflow/example_dags/example_sla_dag.py took 0.087 seconds
[2023-05-06T23:41:19.463+0000] {processor.py:156} INFO - Started process (PID=1920) to work on /home/airflow/.local/lib/python3.7/site-packages/airflow/example_dags/example_sla_dag.py
[2023-05-06T23:41:19.463+0000] {processor.py:799} INFO - Processing file /home/airflow/.local/lib/python3.7/site-packages/airflow/example_dags/example_sla_dag.py for tasks to queue
[2023-05-06T23:41:19.464+0000] {logging_mixin.py:149} INFO - [2023-05-06T23:41:19.464+0000] {dagbag.py:541} INFO - Filling up the DagBag from /home/airflow/.local/lib/python3.7/site-packages/airflow/example_dags/example_sla_dag.py
[2023-05-06T23:41:19.470+0000] {processor.py:809} INFO - DAG(s) dict_keys(['example_sla_dag']) retrieved from /home/airflow/.local/lib/python3.7/site-packages/airflow/example_dags/example_sla_dag.py
[2023-05-06T23:41:19.494+0000] {logging_mixin.py:149} INFO - [2023-05-06T23:41:19.494+0000] {dag.py:2726} INFO - Sync 1 DAGs
[2023-05-06T23:41:19.521+0000] {logging_mixin.py:149} INFO - [2023-05-06T23:41:19.521+0000] {dag.py:3490} INFO - Setting next_dagrun for example_sla_dag to 2023-05-06T23:38:00+00:00, run_after=2023-05-06T23:40:00+00:00
[2023-05-06T23:41:19.541+0000] {processor.py:178} INFO - Processing /home/airflow/.local/lib/python3.7/site-packages/airflow/example_dags/example_sla_dag.py took 0.081 seconds
[2023-05-06T23:41:49.789+0000] {processor.py:156} INFO - Started process (PID=1978) to work on /home/airflow/.local/lib/python3.7/site-packages/airflow/example_dags/example_sla_dag.py
[2023-05-06T23:41:49.789+0000] {processor.py:799} INFO - Processing file /home/airflow/.local/lib/python3.7/site-packages/airflow/example_dags/example_sla_dag.py for tasks to queue
[2023-05-06T23:41:49.790+0000] {logging_mixin.py:149} INFO - [2023-05-06T23:41:49.789+0000] {dagbag.py:541} INFO - Filling up the DagBag from /home/airflow/.local/lib/python3.7/site-packages/airflow/example_dags/example_sla_dag.py
[2023-05-06T23:41:49.795+0000] {processor.py:809} INFO - DAG(s) dict_keys(['example_sla_dag']) retrieved from /home/airflow/.local/lib/python3.7/site-packages/airflow/example_dags/example_sla_dag.py
[2023-05-06T23:41:49.814+0000] {logging_mixin.py:149} INFO - [2023-05-06T23:41:49.814+0000] {dag.py:2726} INFO - Sync 1 DAGs
[2023-05-06T23:41:49.840+0000] {logging_mixin.py:149} INFO - [2023-05-06T23:41:49.839+0000] {dag.py:3490} INFO - Setting next_dagrun for example_sla_dag to 2023-05-06T23:38:00+00:00, run_after=2023-05-06T23:40:00+00:00
[2023-05-06T23:41:49.857+0000] {processor.py:178} INFO - Processing /home/airflow/.local/lib/python3.7/site-packages/airflow/example_dags/example_sla_dag.py took 0.070 seconds
[2023-05-06T23:42:20.065+0000] {processor.py:156} INFO - Started process (PID=2036) to work on /home/airflow/.local/lib/python3.7/site-packages/airflow/example_dags/example_sla_dag.py
[2023-05-06T23:42:20.066+0000] {processor.py:799} INFO - Processing file /home/airflow/.local/lib/python3.7/site-packages/airflow/example_dags/example_sla_dag.py for tasks to queue
[2023-05-06T23:42:20.066+0000] {logging_mixin.py:149} INFO - [2023-05-06T23:42:20.066+0000] {dagbag.py:541} INFO - Filling up the DagBag from /home/airflow/.local/lib/python3.7/site-packages/airflow/example_dags/example_sla_dag.py
[2023-05-06T23:42:20.072+0000] {processor.py:809} INFO - DAG(s) dict_keys(['example_sla_dag']) retrieved from /home/airflow/.local/lib/python3.7/site-packages/airflow/example_dags/example_sla_dag.py
[2023-05-06T23:42:20.093+0000] {logging_mixin.py:149} INFO - [2023-05-06T23:42:20.093+0000] {dag.py:2726} INFO - Sync 1 DAGs
[2023-05-06T23:42:20.121+0000] {logging_mixin.py:149} INFO - [2023-05-06T23:42:20.121+0000] {dag.py:3490} INFO - Setting next_dagrun for example_sla_dag to 2023-05-06T23:40:00+00:00, run_after=2023-05-06T23:42:00+00:00
[2023-05-06T23:42:20.138+0000] {processor.py:178} INFO - Processing /home/airflow/.local/lib/python3.7/site-packages/airflow/example_dags/example_sla_dag.py took 0.076 seconds
[2023-05-06T23:42:50.586+0000] {processor.py:156} INFO - Started process (PID=2094) to work on /home/airflow/.local/lib/python3.7/site-packages/airflow/example_dags/example_sla_dag.py
[2023-05-06T23:42:50.587+0000] {processor.py:799} INFO - Processing file /home/airflow/.local/lib/python3.7/site-packages/airflow/example_dags/example_sla_dag.py for tasks to queue
[2023-05-06T23:42:50.587+0000] {logging_mixin.py:149} INFO - [2023-05-06T23:42:50.587+0000] {dagbag.py:541} INFO - Filling up the DagBag from /home/airflow/.local/lib/python3.7/site-packages/airflow/example_dags/example_sla_dag.py
[2023-05-06T23:42:50.594+0000] {processor.py:809} INFO - DAG(s) dict_keys(['example_sla_dag']) retrieved from /home/airflow/.local/lib/python3.7/site-packages/airflow/example_dags/example_sla_dag.py
[2023-05-06T23:42:50.613+0000] {logging_mixin.py:149} INFO - [2023-05-06T23:42:50.613+0000] {dag.py:2726} INFO - Sync 1 DAGs
[2023-05-06T23:42:50.646+0000] {logging_mixin.py:149} INFO - [2023-05-06T23:42:50.646+0000] {dag.py:3490} INFO - Setting next_dagrun for example_sla_dag to 2023-05-06T23:40:00+00:00, run_after=2023-05-06T23:42:00+00:00
[2023-05-06T23:42:50.669+0000] {processor.py:178} INFO - Processing /home/airflow/.local/lib/python3.7/site-packages/airflow/example_dags/example_sla_dag.py took 0.085 seconds
[2023-05-06T23:43:21.006+0000] {processor.py:156} INFO - Started process (PID=2152) to work on /home/airflow/.local/lib/python3.7/site-packages/airflow/example_dags/example_sla_dag.py
[2023-05-06T23:43:21.007+0000] {processor.py:799} INFO - Processing file /home/airflow/.local/lib/python3.7/site-packages/airflow/example_dags/example_sla_dag.py for tasks to queue
[2023-05-06T23:43:21.007+0000] {logging_mixin.py:149} INFO - [2023-05-06T23:43:21.007+0000] {dagbag.py:541} INFO - Filling up the DagBag from /home/airflow/.local/lib/python3.7/site-packages/airflow/example_dags/example_sla_dag.py
[2023-05-06T23:43:21.014+0000] {processor.py:809} INFO - DAG(s) dict_keys(['example_sla_dag']) retrieved from /home/airflow/.local/lib/python3.7/site-packages/airflow/example_dags/example_sla_dag.py
[2023-05-06T23:43:21.035+0000] {logging_mixin.py:149} INFO - [2023-05-06T23:43:21.035+0000] {dag.py:2726} INFO - Sync 1 DAGs
[2023-05-06T23:43:21.062+0000] {logging_mixin.py:149} INFO - [2023-05-06T23:43:21.061+0000] {dag.py:3490} INFO - Setting next_dagrun for example_sla_dag to 2023-05-06T23:40:00+00:00, run_after=2023-05-06T23:42:00+00:00
[2023-05-06T23:43:21.080+0000] {processor.py:178} INFO - Processing /home/airflow/.local/lib/python3.7/site-packages/airflow/example_dags/example_sla_dag.py took 0.076 seconds
