[2023-05-06T23:25:02.678+0000] {processor.py:156} INFO - Started process (PID=52) to work on /home/airflow/.local/lib/python3.7/site-packages/airflow/example_dags/example_short_circuit_operator.py
[2023-05-06T23:25:02.679+0000] {processor.py:799} INFO - Processing file /home/airflow/.local/lib/python3.7/site-packages/airflow/example_dags/example_short_circuit_operator.py for tasks to queue
[2023-05-06T23:25:02.680+0000] {logging_mixin.py:149} INFO - [2023-05-06T23:25:02.680+0000] {dagbag.py:541} INFO - Filling up the DagBag from /home/airflow/.local/lib/python3.7/site-packages/airflow/example_dags/example_short_circuit_operator.py
[2023-05-06T23:25:02.688+0000] {processor.py:809} INFO - DAG(s) dict_keys(['example_short_circuit_operator']) retrieved from /home/airflow/.local/lib/python3.7/site-packages/airflow/example_dags/example_short_circuit_operator.py
[2023-05-06T23:25:02.700+0000] {logging_mixin.py:149} INFO - [2023-05-06T23:25:02.700+0000] {dag.py:2726} INFO - Sync 1 DAGs
[2023-05-06T23:25:02.727+0000] {logging_mixin.py:149} INFO - [2023-05-06T23:25:02.727+0000] {dag.py:3490} INFO - Setting next_dagrun for example_short_circuit_operator to 2023-05-05T23:25:02.726939+00:00, run_after=2023-05-06T23:25:02.726939+00:00
[2023-05-06T23:25:02.748+0000] {processor.py:178} INFO - Processing /home/airflow/.local/lib/python3.7/site-packages/airflow/example_dags/example_short_circuit_operator.py took 0.072 seconds
[2023-05-06T23:25:32.840+0000] {processor.py:156} INFO - Started process (PID=109) to work on /home/airflow/.local/lib/python3.7/site-packages/airflow/example_dags/example_short_circuit_operator.py
[2023-05-06T23:25:32.841+0000] {processor.py:799} INFO - Processing file /home/airflow/.local/lib/python3.7/site-packages/airflow/example_dags/example_short_circuit_operator.py for tasks to queue
[2023-05-06T23:25:32.841+0000] {logging_mixin.py:149} INFO - [2023-05-06T23:25:32.841+0000] {dagbag.py:541} INFO - Filling up the DagBag from /home/airflow/.local/lib/python3.7/site-packages/airflow/example_dags/example_short_circuit_operator.py
[2023-05-06T23:25:32.847+0000] {processor.py:809} INFO - DAG(s) dict_keys(['example_short_circuit_operator']) retrieved from /home/airflow/.local/lib/python3.7/site-packages/airflow/example_dags/example_short_circuit_operator.py
[2023-05-06T23:25:32.868+0000] {logging_mixin.py:149} INFO - [2023-05-06T23:25:32.867+0000] {dag.py:2726} INFO - Sync 1 DAGs
[2023-05-06T23:25:32.892+0000] {logging_mixin.py:149} INFO - [2023-05-06T23:25:32.892+0000] {dag.py:3490} INFO - Setting next_dagrun for example_short_circuit_operator to 2023-05-05T23:25:32.891941+00:00, run_after=2023-05-06T23:25:32.891941+00:00
[2023-05-06T23:25:32.910+0000] {processor.py:178} INFO - Processing /home/airflow/.local/lib/python3.7/site-packages/airflow/example_dags/example_short_circuit_operator.py took 0.071 seconds
[2023-05-06T23:26:03.852+0000] {processor.py:156} INFO - Started process (PID=167) to work on /home/airflow/.local/lib/python3.7/site-packages/airflow/example_dags/example_short_circuit_operator.py
[2023-05-06T23:26:03.853+0000] {processor.py:799} INFO - Processing file /home/airflow/.local/lib/python3.7/site-packages/airflow/example_dags/example_short_circuit_operator.py for tasks to queue
[2023-05-06T23:26:03.854+0000] {logging_mixin.py:149} INFO - [2023-05-06T23:26:03.854+0000] {dagbag.py:541} INFO - Filling up the DagBag from /home/airflow/.local/lib/python3.7/site-packages/airflow/example_dags/example_short_circuit_operator.py
[2023-05-06T23:26:03.867+0000] {processor.py:809} INFO - DAG(s) dict_keys(['example_short_circuit_operator']) retrieved from /home/airflow/.local/lib/python3.7/site-packages/airflow/example_dags/example_short_circuit_operator.py
[2023-05-06T23:26:03.904+0000] {logging_mixin.py:149} INFO - [2023-05-06T23:26:03.904+0000] {dag.py:2726} INFO - Sync 1 DAGs
[2023-05-06T23:26:03.927+0000] {logging_mixin.py:149} INFO - [2023-05-06T23:26:03.927+0000] {dag.py:3490} INFO - Setting next_dagrun for example_short_circuit_operator to 2023-05-05T23:26:03.927016+00:00, run_after=2023-05-06T23:26:03.927016+00:00
[2023-05-06T23:26:03.944+0000] {processor.py:178} INFO - Processing /home/airflow/.local/lib/python3.7/site-packages/airflow/example_dags/example_short_circuit_operator.py took 0.097 seconds
[2023-05-06T23:26:34.374+0000] {processor.py:156} INFO - Started process (PID=224) to work on /home/airflow/.local/lib/python3.7/site-packages/airflow/example_dags/example_short_circuit_operator.py
[2023-05-06T23:26:34.375+0000] {processor.py:799} INFO - Processing file /home/airflow/.local/lib/python3.7/site-packages/airflow/example_dags/example_short_circuit_operator.py for tasks to queue
[2023-05-06T23:26:34.375+0000] {logging_mixin.py:149} INFO - [2023-05-06T23:26:34.375+0000] {dagbag.py:541} INFO - Filling up the DagBag from /home/airflow/.local/lib/python3.7/site-packages/airflow/example_dags/example_short_circuit_operator.py
[2023-05-06T23:26:34.381+0000] {processor.py:809} INFO - DAG(s) dict_keys(['example_short_circuit_operator']) retrieved from /home/airflow/.local/lib/python3.7/site-packages/airflow/example_dags/example_short_circuit_operator.py
[2023-05-06T23:26:34.406+0000] {logging_mixin.py:149} INFO - [2023-05-06T23:26:34.406+0000] {dag.py:2726} INFO - Sync 1 DAGs
[2023-05-06T23:26:34.430+0000] {logging_mixin.py:149} INFO - [2023-05-06T23:26:34.430+0000] {dag.py:3490} INFO - Setting next_dagrun for example_short_circuit_operator to 2023-05-05T23:26:34.429832+00:00, run_after=2023-05-06T23:26:34.429832+00:00
[2023-05-06T23:26:34.450+0000] {processor.py:178} INFO - Processing /home/airflow/.local/lib/python3.7/site-packages/airflow/example_dags/example_short_circuit_operator.py took 0.078 seconds
[2023-05-06T23:27:04.987+0000] {processor.py:156} INFO - Started process (PID=282) to work on /home/airflow/.local/lib/python3.7/site-packages/airflow/example_dags/example_short_circuit_operator.py
[2023-05-06T23:27:04.987+0000] {processor.py:799} INFO - Processing file /home/airflow/.local/lib/python3.7/site-packages/airflow/example_dags/example_short_circuit_operator.py for tasks to queue
[2023-05-06T23:27:04.988+0000] {logging_mixin.py:149} INFO - [2023-05-06T23:27:04.988+0000] {dagbag.py:541} INFO - Filling up the DagBag from /home/airflow/.local/lib/python3.7/site-packages/airflow/example_dags/example_short_circuit_operator.py
[2023-05-06T23:27:04.994+0000] {processor.py:809} INFO - DAG(s) dict_keys(['example_short_circuit_operator']) retrieved from /home/airflow/.local/lib/python3.7/site-packages/airflow/example_dags/example_short_circuit_operator.py
[2023-05-06T23:27:05.015+0000] {logging_mixin.py:149} INFO - [2023-05-06T23:27:05.015+0000] {dag.py:2726} INFO - Sync 1 DAGs
[2023-05-06T23:27:05.040+0000] {logging_mixin.py:149} INFO - [2023-05-06T23:27:05.040+0000] {dag.py:3490} INFO - Setting next_dagrun for example_short_circuit_operator to 2023-05-05T23:27:05.040611+00:00, run_after=2023-05-06T23:27:05.040611+00:00
[2023-05-06T23:27:05.058+0000] {processor.py:178} INFO - Processing /home/airflow/.local/lib/python3.7/site-packages/airflow/example_dags/example_short_circuit_operator.py took 0.073 seconds
[2023-05-06T23:27:35.524+0000] {processor.py:156} INFO - Started process (PID=340) to work on /home/airflow/.local/lib/python3.7/site-packages/airflow/example_dags/example_short_circuit_operator.py
[2023-05-06T23:27:35.525+0000] {processor.py:799} INFO - Processing file /home/airflow/.local/lib/python3.7/site-packages/airflow/example_dags/example_short_circuit_operator.py for tasks to queue
[2023-05-06T23:27:35.525+0000] {logging_mixin.py:149} INFO - [2023-05-06T23:27:35.525+0000] {dagbag.py:541} INFO - Filling up the DagBag from /home/airflow/.local/lib/python3.7/site-packages/airflow/example_dags/example_short_circuit_operator.py
[2023-05-06T23:27:35.532+0000] {processor.py:809} INFO - DAG(s) dict_keys(['example_short_circuit_operator']) retrieved from /home/airflow/.local/lib/python3.7/site-packages/airflow/example_dags/example_short_circuit_operator.py
[2023-05-06T23:27:35.555+0000] {logging_mixin.py:149} INFO - [2023-05-06T23:27:35.555+0000] {dag.py:2726} INFO - Sync 1 DAGs
[2023-05-06T23:27:35.579+0000] {logging_mixin.py:149} INFO - [2023-05-06T23:27:35.579+0000] {dag.py:3490} INFO - Setting next_dagrun for example_short_circuit_operator to 2023-05-05T23:27:35.578872+00:00, run_after=2023-05-06T23:27:35.578872+00:00
[2023-05-06T23:27:35.597+0000] {processor.py:178} INFO - Processing /home/airflow/.local/lib/python3.7/site-packages/airflow/example_dags/example_short_circuit_operator.py took 0.075 seconds
[2023-05-06T23:28:05.869+0000] {processor.py:156} INFO - Started process (PID=398) to work on /home/airflow/.local/lib/python3.7/site-packages/airflow/example_dags/example_short_circuit_operator.py
[2023-05-06T23:28:05.870+0000] {processor.py:799} INFO - Processing file /home/airflow/.local/lib/python3.7/site-packages/airflow/example_dags/example_short_circuit_operator.py for tasks to queue
[2023-05-06T23:28:05.870+0000] {logging_mixin.py:149} INFO - [2023-05-06T23:28:05.870+0000] {dagbag.py:541} INFO - Filling up the DagBag from /home/airflow/.local/lib/python3.7/site-packages/airflow/example_dags/example_short_circuit_operator.py
[2023-05-06T23:28:05.877+0000] {processor.py:809} INFO - DAG(s) dict_keys(['example_short_circuit_operator']) retrieved from /home/airflow/.local/lib/python3.7/site-packages/airflow/example_dags/example_short_circuit_operator.py
[2023-05-06T23:28:05.898+0000] {logging_mixin.py:149} INFO - [2023-05-06T23:28:05.898+0000] {dag.py:2726} INFO - Sync 1 DAGs
[2023-05-06T23:28:05.921+0000] {logging_mixin.py:149} INFO - [2023-05-06T23:28:05.921+0000] {dag.py:3490} INFO - Setting next_dagrun for example_short_circuit_operator to 2023-05-05T23:28:05.921624+00:00, run_after=2023-05-06T23:28:05.921624+00:00
[2023-05-06T23:28:05.939+0000] {processor.py:178} INFO - Processing /home/airflow/.local/lib/python3.7/site-packages/airflow/example_dags/example_short_circuit_operator.py took 0.073 seconds
[2023-05-06T23:28:36.218+0000] {processor.py:156} INFO - Started process (PID=456) to work on /home/airflow/.local/lib/python3.7/site-packages/airflow/example_dags/example_short_circuit_operator.py
[2023-05-06T23:28:36.219+0000] {processor.py:799} INFO - Processing file /home/airflow/.local/lib/python3.7/site-packages/airflow/example_dags/example_short_circuit_operator.py for tasks to queue
[2023-05-06T23:28:36.219+0000] {logging_mixin.py:149} INFO - [2023-05-06T23:28:36.219+0000] {dagbag.py:541} INFO - Filling up the DagBag from /home/airflow/.local/lib/python3.7/site-packages/airflow/example_dags/example_short_circuit_operator.py
[2023-05-06T23:28:36.226+0000] {processor.py:809} INFO - DAG(s) dict_keys(['example_short_circuit_operator']) retrieved from /home/airflow/.local/lib/python3.7/site-packages/airflow/example_dags/example_short_circuit_operator.py
[2023-05-06T23:28:36.248+0000] {logging_mixin.py:149} INFO - [2023-05-06T23:28:36.248+0000] {dag.py:2726} INFO - Sync 1 DAGs
[2023-05-06T23:28:36.272+0000] {logging_mixin.py:149} INFO - [2023-05-06T23:28:36.272+0000] {dag.py:3490} INFO - Setting next_dagrun for example_short_circuit_operator to 2023-05-05T23:28:36.272350+00:00, run_after=2023-05-06T23:28:36.272350+00:00
[2023-05-06T23:28:36.291+0000] {processor.py:178} INFO - Processing /home/airflow/.local/lib/python3.7/site-packages/airflow/example_dags/example_short_circuit_operator.py took 0.077 seconds
[2023-05-06T23:29:06.675+0000] {processor.py:156} INFO - Started process (PID=515) to work on /home/airflow/.local/lib/python3.7/site-packages/airflow/example_dags/example_short_circuit_operator.py
[2023-05-06T23:29:06.676+0000] {processor.py:799} INFO - Processing file /home/airflow/.local/lib/python3.7/site-packages/airflow/example_dags/example_short_circuit_operator.py for tasks to queue
[2023-05-06T23:29:06.677+0000] {logging_mixin.py:149} INFO - [2023-05-06T23:29:06.677+0000] {dagbag.py:541} INFO - Filling up the DagBag from /home/airflow/.local/lib/python3.7/site-packages/airflow/example_dags/example_short_circuit_operator.py
[2023-05-06T23:29:06.691+0000] {processor.py:809} INFO - DAG(s) dict_keys(['example_short_circuit_operator']) retrieved from /home/airflow/.local/lib/python3.7/site-packages/airflow/example_dags/example_short_circuit_operator.py
[2023-05-06T23:29:06.716+0000] {logging_mixin.py:149} INFO - [2023-05-06T23:29:06.716+0000] {dag.py:2726} INFO - Sync 1 DAGs
[2023-05-06T23:29:06.740+0000] {logging_mixin.py:149} INFO - [2023-05-06T23:29:06.740+0000] {dag.py:3490} INFO - Setting next_dagrun for example_short_circuit_operator to 2023-05-05T23:29:06.740402+00:00, run_after=2023-05-06T23:29:06.740402+00:00
[2023-05-06T23:29:06.758+0000] {processor.py:178} INFO - Processing /home/airflow/.local/lib/python3.7/site-packages/airflow/example_dags/example_short_circuit_operator.py took 0.088 seconds
[2023-05-06T23:29:37.111+0000] {processor.py:156} INFO - Started process (PID=573) to work on /home/airflow/.local/lib/python3.7/site-packages/airflow/example_dags/example_short_circuit_operator.py
[2023-05-06T23:29:37.111+0000] {processor.py:799} INFO - Processing file /home/airflow/.local/lib/python3.7/site-packages/airflow/example_dags/example_short_circuit_operator.py for tasks to queue
[2023-05-06T23:29:37.112+0000] {logging_mixin.py:149} INFO - [2023-05-06T23:29:37.112+0000] {dagbag.py:541} INFO - Filling up the DagBag from /home/airflow/.local/lib/python3.7/site-packages/airflow/example_dags/example_short_circuit_operator.py
[2023-05-06T23:29:37.118+0000] {processor.py:809} INFO - DAG(s) dict_keys(['example_short_circuit_operator']) retrieved from /home/airflow/.local/lib/python3.7/site-packages/airflow/example_dags/example_short_circuit_operator.py
[2023-05-06T23:29:37.139+0000] {logging_mixin.py:149} INFO - [2023-05-06T23:29:37.139+0000] {dag.py:2726} INFO - Sync 1 DAGs
[2023-05-06T23:29:37.162+0000] {logging_mixin.py:149} INFO - [2023-05-06T23:29:37.162+0000] {dag.py:3490} INFO - Setting next_dagrun for example_short_circuit_operator to 2023-05-05T23:29:37.162014+00:00, run_after=2023-05-06T23:29:37.162014+00:00
[2023-05-06T23:29:37.181+0000] {processor.py:178} INFO - Processing /home/airflow/.local/lib/python3.7/site-packages/airflow/example_dags/example_short_circuit_operator.py took 0.073 seconds
[2023-05-06T23:30:07.765+0000] {processor.py:156} INFO - Started process (PID=631) to work on /home/airflow/.local/lib/python3.7/site-packages/airflow/example_dags/example_short_circuit_operator.py
[2023-05-06T23:30:07.766+0000] {processor.py:799} INFO - Processing file /home/airflow/.local/lib/python3.7/site-packages/airflow/example_dags/example_short_circuit_operator.py for tasks to queue
[2023-05-06T23:30:07.767+0000] {logging_mixin.py:149} INFO - [2023-05-06T23:30:07.767+0000] {dagbag.py:541} INFO - Filling up the DagBag from /home/airflow/.local/lib/python3.7/site-packages/airflow/example_dags/example_short_circuit_operator.py
[2023-05-06T23:30:07.777+0000] {processor.py:809} INFO - DAG(s) dict_keys(['example_short_circuit_operator']) retrieved from /home/airflow/.local/lib/python3.7/site-packages/airflow/example_dags/example_short_circuit_operator.py
[2023-05-06T23:30:07.797+0000] {logging_mixin.py:149} INFO - [2023-05-06T23:30:07.797+0000] {dag.py:2726} INFO - Sync 1 DAGs
[2023-05-06T23:30:07.820+0000] {logging_mixin.py:149} INFO - [2023-05-06T23:30:07.820+0000] {dag.py:3490} INFO - Setting next_dagrun for example_short_circuit_operator to 2023-05-05T23:30:07.819979+00:00, run_after=2023-05-06T23:30:07.819979+00:00
[2023-05-06T23:30:07.836+0000] {processor.py:178} INFO - Processing /home/airflow/.local/lib/python3.7/site-packages/airflow/example_dags/example_short_circuit_operator.py took 0.076 seconds
[2023-05-06T23:30:37.973+0000] {processor.py:156} INFO - Started process (PID=689) to work on /home/airflow/.local/lib/python3.7/site-packages/airflow/example_dags/example_short_circuit_operator.py
[2023-05-06T23:30:37.973+0000] {processor.py:799} INFO - Processing file /home/airflow/.local/lib/python3.7/site-packages/airflow/example_dags/example_short_circuit_operator.py for tasks to queue
[2023-05-06T23:30:37.974+0000] {logging_mixin.py:149} INFO - [2023-05-06T23:30:37.974+0000] {dagbag.py:541} INFO - Filling up the DagBag from /home/airflow/.local/lib/python3.7/site-packages/airflow/example_dags/example_short_circuit_operator.py
[2023-05-06T23:30:37.980+0000] {processor.py:809} INFO - DAG(s) dict_keys(['example_short_circuit_operator']) retrieved from /home/airflow/.local/lib/python3.7/site-packages/airflow/example_dags/example_short_circuit_operator.py
[2023-05-06T23:30:38.002+0000] {logging_mixin.py:149} INFO - [2023-05-06T23:30:38.002+0000] {dag.py:2726} INFO - Sync 1 DAGs
[2023-05-06T23:30:38.027+0000] {logging_mixin.py:149} INFO - [2023-05-06T23:30:38.026+0000] {dag.py:3490} INFO - Setting next_dagrun for example_short_circuit_operator to 2023-05-05T23:30:38.026713+00:00, run_after=2023-05-06T23:30:38.026713+00:00
[2023-05-06T23:30:38.045+0000] {processor.py:178} INFO - Processing /home/airflow/.local/lib/python3.7/site-packages/airflow/example_dags/example_short_circuit_operator.py took 0.074 seconds
[2023-05-06T23:31:08.505+0000] {processor.py:156} INFO - Started process (PID=746) to work on /home/airflow/.local/lib/python3.7/site-packages/airflow/example_dags/example_short_circuit_operator.py
[2023-05-06T23:31:08.506+0000] {processor.py:799} INFO - Processing file /home/airflow/.local/lib/python3.7/site-packages/airflow/example_dags/example_short_circuit_operator.py for tasks to queue
[2023-05-06T23:31:08.506+0000] {logging_mixin.py:149} INFO - [2023-05-06T23:31:08.506+0000] {dagbag.py:541} INFO - Filling up the DagBag from /home/airflow/.local/lib/python3.7/site-packages/airflow/example_dags/example_short_circuit_operator.py
[2023-05-06T23:31:08.513+0000] {processor.py:809} INFO - DAG(s) dict_keys(['example_short_circuit_operator']) retrieved from /home/airflow/.local/lib/python3.7/site-packages/airflow/example_dags/example_short_circuit_operator.py
[2023-05-06T23:31:08.536+0000] {logging_mixin.py:149} INFO - [2023-05-06T23:31:08.536+0000] {dag.py:2726} INFO - Sync 1 DAGs
[2023-05-06T23:31:08.562+0000] {logging_mixin.py:149} INFO - [2023-05-06T23:31:08.562+0000] {dag.py:3490} INFO - Setting next_dagrun for example_short_circuit_operator to 2023-05-05T23:31:08.562088+00:00, run_after=2023-05-06T23:31:08.562088+00:00
[2023-05-06T23:31:08.582+0000] {processor.py:178} INFO - Processing /home/airflow/.local/lib/python3.7/site-packages/airflow/example_dags/example_short_circuit_operator.py took 0.079 seconds
[2023-05-06T23:31:38.815+0000] {processor.py:156} INFO - Started process (PID=804) to work on /home/airflow/.local/lib/python3.7/site-packages/airflow/example_dags/example_short_circuit_operator.py
[2023-05-06T23:31:38.816+0000] {processor.py:799} INFO - Processing file /home/airflow/.local/lib/python3.7/site-packages/airflow/example_dags/example_short_circuit_operator.py for tasks to queue
[2023-05-06T23:31:38.816+0000] {logging_mixin.py:149} INFO - [2023-05-06T23:31:38.816+0000] {dagbag.py:541} INFO - Filling up the DagBag from /home/airflow/.local/lib/python3.7/site-packages/airflow/example_dags/example_short_circuit_operator.py
[2023-05-06T23:31:38.822+0000] {processor.py:809} INFO - DAG(s) dict_keys(['example_short_circuit_operator']) retrieved from /home/airflow/.local/lib/python3.7/site-packages/airflow/example_dags/example_short_circuit_operator.py
[2023-05-06T23:31:38.846+0000] {logging_mixin.py:149} INFO - [2023-05-06T23:31:38.846+0000] {dag.py:2726} INFO - Sync 1 DAGs
[2023-05-06T23:31:38.871+0000] {logging_mixin.py:149} INFO - [2023-05-06T23:31:38.871+0000] {dag.py:3490} INFO - Setting next_dagrun for example_short_circuit_operator to 2023-05-05T23:31:38.871213+00:00, run_after=2023-05-06T23:31:38.871213+00:00
[2023-05-06T23:31:38.890+0000] {processor.py:178} INFO - Processing /home/airflow/.local/lib/python3.7/site-packages/airflow/example_dags/example_short_circuit_operator.py took 0.077 seconds
[2023-05-06T23:32:09.416+0000] {processor.py:156} INFO - Started process (PID=862) to work on /home/airflow/.local/lib/python3.7/site-packages/airflow/example_dags/example_short_circuit_operator.py
[2023-05-06T23:32:09.416+0000] {processor.py:799} INFO - Processing file /home/airflow/.local/lib/python3.7/site-packages/airflow/example_dags/example_short_circuit_operator.py for tasks to queue
[2023-05-06T23:32:09.417+0000] {logging_mixin.py:149} INFO - [2023-05-06T23:32:09.417+0000] {dagbag.py:541} INFO - Filling up the DagBag from /home/airflow/.local/lib/python3.7/site-packages/airflow/example_dags/example_short_circuit_operator.py
[2023-05-06T23:32:09.423+0000] {processor.py:809} INFO - DAG(s) dict_keys(['example_short_circuit_operator']) retrieved from /home/airflow/.local/lib/python3.7/site-packages/airflow/example_dags/example_short_circuit_operator.py
[2023-05-06T23:32:09.445+0000] {logging_mixin.py:149} INFO - [2023-05-06T23:32:09.445+0000] {dag.py:2726} INFO - Sync 1 DAGs
[2023-05-06T23:32:09.469+0000] {logging_mixin.py:149} INFO - [2023-05-06T23:32:09.469+0000] {dag.py:3490} INFO - Setting next_dagrun for example_short_circuit_operator to 2023-05-05T23:32:09.469096+00:00, run_after=2023-05-06T23:32:09.469096+00:00
[2023-05-06T23:32:09.489+0000] {processor.py:178} INFO - Processing /home/airflow/.local/lib/python3.7/site-packages/airflow/example_dags/example_short_circuit_operator.py took 0.076 seconds
[2023-05-06T23:32:39.851+0000] {processor.py:156} INFO - Started process (PID=920) to work on /home/airflow/.local/lib/python3.7/site-packages/airflow/example_dags/example_short_circuit_operator.py
[2023-05-06T23:32:39.852+0000] {processor.py:799} INFO - Processing file /home/airflow/.local/lib/python3.7/site-packages/airflow/example_dags/example_short_circuit_operator.py for tasks to queue
[2023-05-06T23:32:39.852+0000] {logging_mixin.py:149} INFO - [2023-05-06T23:32:39.852+0000] {dagbag.py:541} INFO - Filling up the DagBag from /home/airflow/.local/lib/python3.7/site-packages/airflow/example_dags/example_short_circuit_operator.py
[2023-05-06T23:32:39.858+0000] {processor.py:809} INFO - DAG(s) dict_keys(['example_short_circuit_operator']) retrieved from /home/airflow/.local/lib/python3.7/site-packages/airflow/example_dags/example_short_circuit_operator.py
[2023-05-06T23:32:39.882+0000] {logging_mixin.py:149} INFO - [2023-05-06T23:32:39.882+0000] {dag.py:2726} INFO - Sync 1 DAGs
[2023-05-06T23:32:39.909+0000] {logging_mixin.py:149} INFO - [2023-05-06T23:32:39.909+0000] {dag.py:3490} INFO - Setting next_dagrun for example_short_circuit_operator to 2023-05-05T23:32:39.908952+00:00, run_after=2023-05-06T23:32:39.908952+00:00
[2023-05-06T23:32:39.928+0000] {processor.py:178} INFO - Processing /home/airflow/.local/lib/python3.7/site-packages/airflow/example_dags/example_short_circuit_operator.py took 0.079 seconds
[2023-05-06T23:33:10.195+0000] {processor.py:156} INFO - Started process (PID=978) to work on /home/airflow/.local/lib/python3.7/site-packages/airflow/example_dags/example_short_circuit_operator.py
[2023-05-06T23:33:10.195+0000] {processor.py:799} INFO - Processing file /home/airflow/.local/lib/python3.7/site-packages/airflow/example_dags/example_short_circuit_operator.py for tasks to queue
[2023-05-06T23:33:10.196+0000] {logging_mixin.py:149} INFO - [2023-05-06T23:33:10.196+0000] {dagbag.py:541} INFO - Filling up the DagBag from /home/airflow/.local/lib/python3.7/site-packages/airflow/example_dags/example_short_circuit_operator.py
[2023-05-06T23:33:10.202+0000] {processor.py:809} INFO - DAG(s) dict_keys(['example_short_circuit_operator']) retrieved from /home/airflow/.local/lib/python3.7/site-packages/airflow/example_dags/example_short_circuit_operator.py
[2023-05-06T23:33:10.224+0000] {logging_mixin.py:149} INFO - [2023-05-06T23:33:10.223+0000] {dag.py:2726} INFO - Sync 1 DAGs
[2023-05-06T23:33:10.247+0000] {logging_mixin.py:149} INFO - [2023-05-06T23:33:10.247+0000] {dag.py:3490} INFO - Setting next_dagrun for example_short_circuit_operator to 2023-05-05T23:33:10.247431+00:00, run_after=2023-05-06T23:33:10.247431+00:00
[2023-05-06T23:33:10.263+0000] {processor.py:178} INFO - Processing /home/airflow/.local/lib/python3.7/site-packages/airflow/example_dags/example_short_circuit_operator.py took 0.071 seconds
[2023-05-06T23:33:40.579+0000] {processor.py:156} INFO - Started process (PID=1037) to work on /home/airflow/.local/lib/python3.7/site-packages/airflow/example_dags/example_short_circuit_operator.py
[2023-05-06T23:33:40.580+0000] {processor.py:799} INFO - Processing file /home/airflow/.local/lib/python3.7/site-packages/airflow/example_dags/example_short_circuit_operator.py for tasks to queue
[2023-05-06T23:33:40.580+0000] {logging_mixin.py:149} INFO - [2023-05-06T23:33:40.580+0000] {dagbag.py:541} INFO - Filling up the DagBag from /home/airflow/.local/lib/python3.7/site-packages/airflow/example_dags/example_short_circuit_operator.py
[2023-05-06T23:33:40.587+0000] {processor.py:809} INFO - DAG(s) dict_keys(['example_short_circuit_operator']) retrieved from /home/airflow/.local/lib/python3.7/site-packages/airflow/example_dags/example_short_circuit_operator.py
[2023-05-06T23:33:40.609+0000] {logging_mixin.py:149} INFO - [2023-05-06T23:33:40.609+0000] {dag.py:2726} INFO - Sync 1 DAGs
[2023-05-06T23:33:40.632+0000] {logging_mixin.py:149} INFO - [2023-05-06T23:33:40.632+0000] {dag.py:3490} INFO - Setting next_dagrun for example_short_circuit_operator to 2023-05-05T23:33:40.632392+00:00, run_after=2023-05-06T23:33:40.632392+00:00
[2023-05-06T23:33:40.652+0000] {processor.py:178} INFO - Processing /home/airflow/.local/lib/python3.7/site-packages/airflow/example_dags/example_short_circuit_operator.py took 0.075 seconds
[2023-05-06T23:34:10.929+0000] {processor.py:156} INFO - Started process (PID=1095) to work on /home/airflow/.local/lib/python3.7/site-packages/airflow/example_dags/example_short_circuit_operator.py
[2023-05-06T23:34:10.930+0000] {processor.py:799} INFO - Processing file /home/airflow/.local/lib/python3.7/site-packages/airflow/example_dags/example_short_circuit_operator.py for tasks to queue
[2023-05-06T23:34:10.930+0000] {logging_mixin.py:149} INFO - [2023-05-06T23:34:10.930+0000] {dagbag.py:541} INFO - Filling up the DagBag from /home/airflow/.local/lib/python3.7/site-packages/airflow/example_dags/example_short_circuit_operator.py
[2023-05-06T23:34:10.936+0000] {processor.py:809} INFO - DAG(s) dict_keys(['example_short_circuit_operator']) retrieved from /home/airflow/.local/lib/python3.7/site-packages/airflow/example_dags/example_short_circuit_operator.py
[2023-05-06T23:34:10.959+0000] {logging_mixin.py:149} INFO - [2023-05-06T23:34:10.959+0000] {dag.py:2726} INFO - Sync 1 DAGs
[2023-05-06T23:34:10.983+0000] {logging_mixin.py:149} INFO - [2023-05-06T23:34:10.983+0000] {dag.py:3490} INFO - Setting next_dagrun for example_short_circuit_operator to 2023-05-05T23:34:10.983216+00:00, run_after=2023-05-06T23:34:10.983216+00:00
[2023-05-06T23:34:10.999+0000] {processor.py:178} INFO - Processing /home/airflow/.local/lib/python3.7/site-packages/airflow/example_dags/example_short_circuit_operator.py took 0.072 seconds
[2023-05-06T23:34:41.493+0000] {processor.py:156} INFO - Started process (PID=1153) to work on /home/airflow/.local/lib/python3.7/site-packages/airflow/example_dags/example_short_circuit_operator.py
[2023-05-06T23:34:41.493+0000] {processor.py:799} INFO - Processing file /home/airflow/.local/lib/python3.7/site-packages/airflow/example_dags/example_short_circuit_operator.py for tasks to queue
[2023-05-06T23:34:41.494+0000] {logging_mixin.py:149} INFO - [2023-05-06T23:34:41.494+0000] {dagbag.py:541} INFO - Filling up the DagBag from /home/airflow/.local/lib/python3.7/site-packages/airflow/example_dags/example_short_circuit_operator.py
[2023-05-06T23:34:41.500+0000] {processor.py:809} INFO - DAG(s) dict_keys(['example_short_circuit_operator']) retrieved from /home/airflow/.local/lib/python3.7/site-packages/airflow/example_dags/example_short_circuit_operator.py
[2023-05-06T23:34:41.521+0000] {logging_mixin.py:149} INFO - [2023-05-06T23:34:41.521+0000] {dag.py:2726} INFO - Sync 1 DAGs
[2023-05-06T23:34:41.543+0000] {logging_mixin.py:149} INFO - [2023-05-06T23:34:41.543+0000] {dag.py:3490} INFO - Setting next_dagrun for example_short_circuit_operator to 2023-05-05T23:34:41.543501+00:00, run_after=2023-05-06T23:34:41.543501+00:00
[2023-05-06T23:34:41.559+0000] {processor.py:178} INFO - Processing /home/airflow/.local/lib/python3.7/site-packages/airflow/example_dags/example_short_circuit_operator.py took 0.069 seconds
[2023-05-06T23:35:12.089+0000] {processor.py:156} INFO - Started process (PID=1211) to work on /home/airflow/.local/lib/python3.7/site-packages/airflow/example_dags/example_short_circuit_operator.py
[2023-05-06T23:35:12.090+0000] {processor.py:799} INFO - Processing file /home/airflow/.local/lib/python3.7/site-packages/airflow/example_dags/example_short_circuit_operator.py for tasks to queue
[2023-05-06T23:35:12.090+0000] {logging_mixin.py:149} INFO - [2023-05-06T23:35:12.090+0000] {dagbag.py:541} INFO - Filling up the DagBag from /home/airflow/.local/lib/python3.7/site-packages/airflow/example_dags/example_short_circuit_operator.py
[2023-05-06T23:35:12.096+0000] {processor.py:809} INFO - DAG(s) dict_keys(['example_short_circuit_operator']) retrieved from /home/airflow/.local/lib/python3.7/site-packages/airflow/example_dags/example_short_circuit_operator.py
[2023-05-06T23:35:12.121+0000] {logging_mixin.py:149} INFO - [2023-05-06T23:35:12.121+0000] {dag.py:2726} INFO - Sync 1 DAGs
[2023-05-06T23:35:12.143+0000] {logging_mixin.py:149} INFO - [2023-05-06T23:35:12.143+0000] {dag.py:3490} INFO - Setting next_dagrun for example_short_circuit_operator to 2023-05-05T23:35:12.143309+00:00, run_after=2023-05-06T23:35:12.143309+00:00
[2023-05-06T23:35:12.161+0000] {processor.py:178} INFO - Processing /home/airflow/.local/lib/python3.7/site-packages/airflow/example_dags/example_short_circuit_operator.py took 0.074 seconds
[2023-05-06T23:35:42.513+0000] {processor.py:156} INFO - Started process (PID=1269) to work on /home/airflow/.local/lib/python3.7/site-packages/airflow/example_dags/example_short_circuit_operator.py
[2023-05-06T23:35:42.514+0000] {processor.py:799} INFO - Processing file /home/airflow/.local/lib/python3.7/site-packages/airflow/example_dags/example_short_circuit_operator.py for tasks to queue
[2023-05-06T23:35:42.514+0000] {logging_mixin.py:149} INFO - [2023-05-06T23:35:42.514+0000] {dagbag.py:541} INFO - Filling up the DagBag from /home/airflow/.local/lib/python3.7/site-packages/airflow/example_dags/example_short_circuit_operator.py
[2023-05-06T23:35:42.520+0000] {processor.py:809} INFO - DAG(s) dict_keys(['example_short_circuit_operator']) retrieved from /home/airflow/.local/lib/python3.7/site-packages/airflow/example_dags/example_short_circuit_operator.py
[2023-05-06T23:35:42.540+0000] {logging_mixin.py:149} INFO - [2023-05-06T23:35:42.540+0000] {dag.py:2726} INFO - Sync 1 DAGs
[2023-05-06T23:35:42.563+0000] {logging_mixin.py:149} INFO - [2023-05-06T23:35:42.563+0000] {dag.py:3490} INFO - Setting next_dagrun for example_short_circuit_operator to 2023-05-05T23:35:42.563089+00:00, run_after=2023-05-06T23:35:42.563089+00:00
[2023-05-06T23:35:42.580+0000] {processor.py:178} INFO - Processing /home/airflow/.local/lib/python3.7/site-packages/airflow/example_dags/example_short_circuit_operator.py took 0.070 seconds
[2023-05-06T23:36:12.887+0000] {processor.py:156} INFO - Started process (PID=1327) to work on /home/airflow/.local/lib/python3.7/site-packages/airflow/example_dags/example_short_circuit_operator.py
[2023-05-06T23:36:12.887+0000] {processor.py:799} INFO - Processing file /home/airflow/.local/lib/python3.7/site-packages/airflow/example_dags/example_short_circuit_operator.py for tasks to queue
[2023-05-06T23:36:12.888+0000] {logging_mixin.py:149} INFO - [2023-05-06T23:36:12.887+0000] {dagbag.py:541} INFO - Filling up the DagBag from /home/airflow/.local/lib/python3.7/site-packages/airflow/example_dags/example_short_circuit_operator.py
[2023-05-06T23:36:12.893+0000] {processor.py:809} INFO - DAG(s) dict_keys(['example_short_circuit_operator']) retrieved from /home/airflow/.local/lib/python3.7/site-packages/airflow/example_dags/example_short_circuit_operator.py
[2023-05-06T23:36:12.914+0000] {logging_mixin.py:149} INFO - [2023-05-06T23:36:12.914+0000] {dag.py:2726} INFO - Sync 1 DAGs
[2023-05-06T23:36:12.937+0000] {logging_mixin.py:149} INFO - [2023-05-06T23:36:12.937+0000] {dag.py:3490} INFO - Setting next_dagrun for example_short_circuit_operator to 2023-05-05T23:36:12.936830+00:00, run_after=2023-05-06T23:36:12.936830+00:00
[2023-05-06T23:36:12.953+0000] {processor.py:178} INFO - Processing /home/airflow/.local/lib/python3.7/site-packages/airflow/example_dags/example_short_circuit_operator.py took 0.069 seconds
[2023-05-06T23:36:43.360+0000] {processor.py:156} INFO - Started process (PID=1385) to work on /home/airflow/.local/lib/python3.7/site-packages/airflow/example_dags/example_short_circuit_operator.py
[2023-05-06T23:36:43.362+0000] {processor.py:799} INFO - Processing file /home/airflow/.local/lib/python3.7/site-packages/airflow/example_dags/example_short_circuit_operator.py for tasks to queue
[2023-05-06T23:36:43.362+0000] {logging_mixin.py:149} INFO - [2023-05-06T23:36:43.362+0000] {dagbag.py:541} INFO - Filling up the DagBag from /home/airflow/.local/lib/python3.7/site-packages/airflow/example_dags/example_short_circuit_operator.py
[2023-05-06T23:36:43.370+0000] {processor.py:809} INFO - DAG(s) dict_keys(['example_short_circuit_operator']) retrieved from /home/airflow/.local/lib/python3.7/site-packages/airflow/example_dags/example_short_circuit_operator.py
[2023-05-06T23:36:43.400+0000] {logging_mixin.py:149} INFO - [2023-05-06T23:36:43.399+0000] {dag.py:2726} INFO - Sync 1 DAGs
[2023-05-06T23:36:43.451+0000] {logging_mixin.py:149} INFO - [2023-05-06T23:36:43.450+0000] {dag.py:3490} INFO - Setting next_dagrun for example_short_circuit_operator to 2023-05-05T23:36:43.450647+00:00, run_after=2023-05-06T23:36:43.450647+00:00
[2023-05-06T23:36:43.492+0000] {processor.py:178} INFO - Processing /home/airflow/.local/lib/python3.7/site-packages/airflow/example_dags/example_short_circuit_operator.py took 0.136 seconds
[2023-05-06T23:37:14.075+0000] {processor.py:156} INFO - Started process (PID=1443) to work on /home/airflow/.local/lib/python3.7/site-packages/airflow/example_dags/example_short_circuit_operator.py
[2023-05-06T23:37:14.075+0000] {processor.py:799} INFO - Processing file /home/airflow/.local/lib/python3.7/site-packages/airflow/example_dags/example_short_circuit_operator.py for tasks to queue
[2023-05-06T23:37:14.076+0000] {logging_mixin.py:149} INFO - [2023-05-06T23:37:14.076+0000] {dagbag.py:541} INFO - Filling up the DagBag from /home/airflow/.local/lib/python3.7/site-packages/airflow/example_dags/example_short_circuit_operator.py
[2023-05-06T23:37:14.081+0000] {processor.py:809} INFO - DAG(s) dict_keys(['example_short_circuit_operator']) retrieved from /home/airflow/.local/lib/python3.7/site-packages/airflow/example_dags/example_short_circuit_operator.py
[2023-05-06T23:37:14.104+0000] {logging_mixin.py:149} INFO - [2023-05-06T23:37:14.104+0000] {dag.py:2726} INFO - Sync 1 DAGs
[2023-05-06T23:37:14.127+0000] {logging_mixin.py:149} INFO - [2023-05-06T23:37:14.127+0000] {dag.py:3490} INFO - Setting next_dagrun for example_short_circuit_operator to 2023-05-05T23:37:14.127240+00:00, run_after=2023-05-06T23:37:14.127240+00:00
[2023-05-06T23:37:14.145+0000] {processor.py:178} INFO - Processing /home/airflow/.local/lib/python3.7/site-packages/airflow/example_dags/example_short_circuit_operator.py took 0.072 seconds
[2023-05-06T23:37:44.693+0000] {processor.py:156} INFO - Started process (PID=1501) to work on /home/airflow/.local/lib/python3.7/site-packages/airflow/example_dags/example_short_circuit_operator.py
[2023-05-06T23:37:44.694+0000] {processor.py:799} INFO - Processing file /home/airflow/.local/lib/python3.7/site-packages/airflow/example_dags/example_short_circuit_operator.py for tasks to queue
[2023-05-06T23:37:44.694+0000] {logging_mixin.py:149} INFO - [2023-05-06T23:37:44.694+0000] {dagbag.py:541} INFO - Filling up the DagBag from /home/airflow/.local/lib/python3.7/site-packages/airflow/example_dags/example_short_circuit_operator.py
[2023-05-06T23:37:44.700+0000] {processor.py:809} INFO - DAG(s) dict_keys(['example_short_circuit_operator']) retrieved from /home/airflow/.local/lib/python3.7/site-packages/airflow/example_dags/example_short_circuit_operator.py
[2023-05-06T23:37:44.723+0000] {logging_mixin.py:149} INFO - [2023-05-06T23:37:44.723+0000] {dag.py:2726} INFO - Sync 1 DAGs
[2023-05-06T23:37:44.746+0000] {logging_mixin.py:149} INFO - [2023-05-06T23:37:44.746+0000] {dag.py:3490} INFO - Setting next_dagrun for example_short_circuit_operator to 2023-05-05T23:37:44.745855+00:00, run_after=2023-05-06T23:37:44.745855+00:00
[2023-05-06T23:37:44.763+0000] {processor.py:178} INFO - Processing /home/airflow/.local/lib/python3.7/site-packages/airflow/example_dags/example_short_circuit_operator.py took 0.072 seconds
[2023-05-06T23:38:15.357+0000] {processor.py:156} INFO - Started process (PID=1559) to work on /home/airflow/.local/lib/python3.7/site-packages/airflow/example_dags/example_short_circuit_operator.py
[2023-05-06T23:38:15.357+0000] {processor.py:799} INFO - Processing file /home/airflow/.local/lib/python3.7/site-packages/airflow/example_dags/example_short_circuit_operator.py for tasks to queue
[2023-05-06T23:38:15.358+0000] {logging_mixin.py:149} INFO - [2023-05-06T23:38:15.358+0000] {dagbag.py:541} INFO - Filling up the DagBag from /home/airflow/.local/lib/python3.7/site-packages/airflow/example_dags/example_short_circuit_operator.py
[2023-05-06T23:38:15.364+0000] {processor.py:809} INFO - DAG(s) dict_keys(['example_short_circuit_operator']) retrieved from /home/airflow/.local/lib/python3.7/site-packages/airflow/example_dags/example_short_circuit_operator.py
[2023-05-06T23:38:15.384+0000] {logging_mixin.py:149} INFO - [2023-05-06T23:38:15.384+0000] {dag.py:2726} INFO - Sync 1 DAGs
[2023-05-06T23:38:15.407+0000] {logging_mixin.py:149} INFO - [2023-05-06T23:38:15.407+0000] {dag.py:3490} INFO - Setting next_dagrun for example_short_circuit_operator to 2023-05-05T23:38:15.407604+00:00, run_after=2023-05-06T23:38:15.407604+00:00
[2023-05-06T23:38:15.425+0000] {processor.py:178} INFO - Processing /home/airflow/.local/lib/python3.7/site-packages/airflow/example_dags/example_short_circuit_operator.py took 0.071 seconds
[2023-05-06T23:38:45.518+0000] {processor.py:156} INFO - Started process (PID=1617) to work on /home/airflow/.local/lib/python3.7/site-packages/airflow/example_dags/example_short_circuit_operator.py
[2023-05-06T23:38:45.520+0000] {processor.py:799} INFO - Processing file /home/airflow/.local/lib/python3.7/site-packages/airflow/example_dags/example_short_circuit_operator.py for tasks to queue
[2023-05-06T23:38:45.521+0000] {logging_mixin.py:149} INFO - [2023-05-06T23:38:45.520+0000] {dagbag.py:541} INFO - Filling up the DagBag from /home/airflow/.local/lib/python3.7/site-packages/airflow/example_dags/example_short_circuit_operator.py
[2023-05-06T23:38:45.534+0000] {processor.py:809} INFO - DAG(s) dict_keys(['example_short_circuit_operator']) retrieved from /home/airflow/.local/lib/python3.7/site-packages/airflow/example_dags/example_short_circuit_operator.py
[2023-05-06T23:38:45.559+0000] {logging_mixin.py:149} INFO - [2023-05-06T23:38:45.559+0000] {dag.py:2726} INFO - Sync 1 DAGs
[2023-05-06T23:38:45.583+0000] {logging_mixin.py:149} INFO - [2023-05-06T23:38:45.583+0000] {dag.py:3490} INFO - Setting next_dagrun for example_short_circuit_operator to 2023-05-05T23:38:45.583447+00:00, run_after=2023-05-06T23:38:45.583447+00:00
[2023-05-06T23:38:45.602+0000] {processor.py:178} INFO - Processing /home/airflow/.local/lib/python3.7/site-packages/airflow/example_dags/example_short_circuit_operator.py took 0.088 seconds
[2023-05-06T23:39:16.534+0000] {processor.py:156} INFO - Started process (PID=1675) to work on /home/airflow/.local/lib/python3.7/site-packages/airflow/example_dags/example_short_circuit_operator.py
[2023-05-06T23:39:16.535+0000] {processor.py:799} INFO - Processing file /home/airflow/.local/lib/python3.7/site-packages/airflow/example_dags/example_short_circuit_operator.py for tasks to queue
[2023-05-06T23:39:16.536+0000] {logging_mixin.py:149} INFO - [2023-05-06T23:39:16.535+0000] {dagbag.py:541} INFO - Filling up the DagBag from /home/airflow/.local/lib/python3.7/site-packages/airflow/example_dags/example_short_circuit_operator.py
[2023-05-06T23:39:16.542+0000] {processor.py:809} INFO - DAG(s) dict_keys(['example_short_circuit_operator']) retrieved from /home/airflow/.local/lib/python3.7/site-packages/airflow/example_dags/example_short_circuit_operator.py
[2023-05-06T23:39:16.565+0000] {logging_mixin.py:149} INFO - [2023-05-06T23:39:16.564+0000] {dag.py:2726} INFO - Sync 1 DAGs
[2023-05-06T23:39:16.588+0000] {logging_mixin.py:149} INFO - [2023-05-06T23:39:16.588+0000] {dag.py:3490} INFO - Setting next_dagrun for example_short_circuit_operator to 2023-05-05T23:39:16.588440+00:00, run_after=2023-05-06T23:39:16.588440+00:00
[2023-05-06T23:39:16.606+0000] {processor.py:178} INFO - Processing /home/airflow/.local/lib/python3.7/site-packages/airflow/example_dags/example_short_circuit_operator.py took 0.074 seconds
[2023-05-06T23:39:46.832+0000] {processor.py:156} INFO - Started process (PID=1734) to work on /home/airflow/.local/lib/python3.7/site-packages/airflow/example_dags/example_short_circuit_operator.py
[2023-05-06T23:39:46.832+0000] {processor.py:799} INFO - Processing file /home/airflow/.local/lib/python3.7/site-packages/airflow/example_dags/example_short_circuit_operator.py for tasks to queue
[2023-05-06T23:39:46.833+0000] {logging_mixin.py:149} INFO - [2023-05-06T23:39:46.833+0000] {dagbag.py:541} INFO - Filling up the DagBag from /home/airflow/.local/lib/python3.7/site-packages/airflow/example_dags/example_short_circuit_operator.py
[2023-05-06T23:39:46.839+0000] {processor.py:809} INFO - DAG(s) dict_keys(['example_short_circuit_operator']) retrieved from /home/airflow/.local/lib/python3.7/site-packages/airflow/example_dags/example_short_circuit_operator.py
[2023-05-06T23:39:46.861+0000] {logging_mixin.py:149} INFO - [2023-05-06T23:39:46.861+0000] {dag.py:2726} INFO - Sync 1 DAGs
[2023-05-06T23:39:46.885+0000] {logging_mixin.py:149} INFO - [2023-05-06T23:39:46.885+0000] {dag.py:3490} INFO - Setting next_dagrun for example_short_circuit_operator to 2023-05-05T23:39:46.885003+00:00, run_after=2023-05-06T23:39:46.885003+00:00
[2023-05-06T23:39:46.904+0000] {processor.py:178} INFO - Processing /home/airflow/.local/lib/python3.7/site-packages/airflow/example_dags/example_short_circuit_operator.py took 0.074 seconds
[2023-05-06T23:40:17.169+0000] {processor.py:156} INFO - Started process (PID=1792) to work on /home/airflow/.local/lib/python3.7/site-packages/airflow/example_dags/example_short_circuit_operator.py
[2023-05-06T23:40:17.169+0000] {processor.py:799} INFO - Processing file /home/airflow/.local/lib/python3.7/site-packages/airflow/example_dags/example_short_circuit_operator.py for tasks to queue
[2023-05-06T23:40:17.170+0000] {logging_mixin.py:149} INFO - [2023-05-06T23:40:17.170+0000] {dagbag.py:541} INFO - Filling up the DagBag from /home/airflow/.local/lib/python3.7/site-packages/airflow/example_dags/example_short_circuit_operator.py
[2023-05-06T23:40:17.176+0000] {processor.py:809} INFO - DAG(s) dict_keys(['example_short_circuit_operator']) retrieved from /home/airflow/.local/lib/python3.7/site-packages/airflow/example_dags/example_short_circuit_operator.py
[2023-05-06T23:40:17.196+0000] {logging_mixin.py:149} INFO - [2023-05-06T23:40:17.196+0000] {dag.py:2726} INFO - Sync 1 DAGs
[2023-05-06T23:40:17.218+0000] {logging_mixin.py:149} INFO - [2023-05-06T23:40:17.218+0000] {dag.py:3490} INFO - Setting next_dagrun for example_short_circuit_operator to 2023-05-05T23:40:17.218116+00:00, run_after=2023-05-06T23:40:17.218116+00:00
[2023-05-06T23:40:17.237+0000] {processor.py:178} INFO - Processing /home/airflow/.local/lib/python3.7/site-packages/airflow/example_dags/example_short_circuit_operator.py took 0.070 seconds
[2023-05-06T23:40:47.501+0000] {processor.py:156} INFO - Started process (PID=1851) to work on /home/airflow/.local/lib/python3.7/site-packages/airflow/example_dags/example_short_circuit_operator.py
[2023-05-06T23:40:47.502+0000] {processor.py:799} INFO - Processing file /home/airflow/.local/lib/python3.7/site-packages/airflow/example_dags/example_short_circuit_operator.py for tasks to queue
[2023-05-06T23:40:47.502+0000] {logging_mixin.py:149} INFO - [2023-05-06T23:40:47.502+0000] {dagbag.py:541} INFO - Filling up the DagBag from /home/airflow/.local/lib/python3.7/site-packages/airflow/example_dags/example_short_circuit_operator.py
[2023-05-06T23:40:47.508+0000] {processor.py:809} INFO - DAG(s) dict_keys(['example_short_circuit_operator']) retrieved from /home/airflow/.local/lib/python3.7/site-packages/airflow/example_dags/example_short_circuit_operator.py
[2023-05-06T23:40:47.530+0000] {logging_mixin.py:149} INFO - [2023-05-06T23:40:47.529+0000] {dag.py:2726} INFO - Sync 1 DAGs
[2023-05-06T23:40:47.552+0000] {logging_mixin.py:149} INFO - [2023-05-06T23:40:47.552+0000] {dag.py:3490} INFO - Setting next_dagrun for example_short_circuit_operator to 2023-05-05T23:40:47.552393+00:00, run_after=2023-05-06T23:40:47.552393+00:00
[2023-05-06T23:40:47.572+0000] {processor.py:178} INFO - Processing /home/airflow/.local/lib/python3.7/site-packages/airflow/example_dags/example_short_circuit_operator.py took 0.073 seconds
[2023-05-06T23:41:17.828+0000] {processor.py:156} INFO - Started process (PID=1909) to work on /home/airflow/.local/lib/python3.7/site-packages/airflow/example_dags/example_short_circuit_operator.py
[2023-05-06T23:41:17.829+0000] {processor.py:799} INFO - Processing file /home/airflow/.local/lib/python3.7/site-packages/airflow/example_dags/example_short_circuit_operator.py for tasks to queue
[2023-05-06T23:41:17.829+0000] {logging_mixin.py:149} INFO - [2023-05-06T23:41:17.829+0000] {dagbag.py:541} INFO - Filling up the DagBag from /home/airflow/.local/lib/python3.7/site-packages/airflow/example_dags/example_short_circuit_operator.py
[2023-05-06T23:41:17.835+0000] {processor.py:809} INFO - DAG(s) dict_keys(['example_short_circuit_operator']) retrieved from /home/airflow/.local/lib/python3.7/site-packages/airflow/example_dags/example_short_circuit_operator.py
[2023-05-06T23:41:17.858+0000] {logging_mixin.py:149} INFO - [2023-05-06T23:41:17.858+0000] {dag.py:2726} INFO - Sync 1 DAGs
[2023-05-06T23:41:17.881+0000] {logging_mixin.py:149} INFO - [2023-05-06T23:41:17.881+0000] {dag.py:3490} INFO - Setting next_dagrun for example_short_circuit_operator to 2023-05-05T23:41:17.881514+00:00, run_after=2023-05-06T23:41:17.881514+00:00
[2023-05-06T23:41:17.902+0000] {processor.py:178} INFO - Processing /home/airflow/.local/lib/python3.7/site-packages/airflow/example_dags/example_short_circuit_operator.py took 0.076 seconds
[2023-05-06T23:41:48.150+0000] {processor.py:156} INFO - Started process (PID=1967) to work on /home/airflow/.local/lib/python3.7/site-packages/airflow/example_dags/example_short_circuit_operator.py
[2023-05-06T23:41:48.150+0000] {processor.py:799} INFO - Processing file /home/airflow/.local/lib/python3.7/site-packages/airflow/example_dags/example_short_circuit_operator.py for tasks to queue
[2023-05-06T23:41:48.152+0000] {logging_mixin.py:149} INFO - [2023-05-06T23:41:48.152+0000] {dagbag.py:541} INFO - Filling up the DagBag from /home/airflow/.local/lib/python3.7/site-packages/airflow/example_dags/example_short_circuit_operator.py
[2023-05-06T23:41:48.161+0000] {processor.py:809} INFO - DAG(s) dict_keys(['example_short_circuit_operator']) retrieved from /home/airflow/.local/lib/python3.7/site-packages/airflow/example_dags/example_short_circuit_operator.py
[2023-05-06T23:41:48.187+0000] {logging_mixin.py:149} INFO - [2023-05-06T23:41:48.187+0000] {dag.py:2726} INFO - Sync 1 DAGs
[2023-05-06T23:41:48.212+0000] {logging_mixin.py:149} INFO - [2023-05-06T23:41:48.212+0000] {dag.py:3490} INFO - Setting next_dagrun for example_short_circuit_operator to 2023-05-05T23:41:48.212513+00:00, run_after=2023-05-06T23:41:48.212513+00:00
[2023-05-06T23:41:48.231+0000] {processor.py:178} INFO - Processing /home/airflow/.local/lib/python3.7/site-packages/airflow/example_dags/example_short_circuit_operator.py took 0.084 seconds
[2023-05-06T23:42:18.536+0000] {processor.py:156} INFO - Started process (PID=2025) to work on /home/airflow/.local/lib/python3.7/site-packages/airflow/example_dags/example_short_circuit_operator.py
[2023-05-06T23:42:18.536+0000] {processor.py:799} INFO - Processing file /home/airflow/.local/lib/python3.7/site-packages/airflow/example_dags/example_short_circuit_operator.py for tasks to queue
[2023-05-06T23:42:18.537+0000] {logging_mixin.py:149} INFO - [2023-05-06T23:42:18.537+0000] {dagbag.py:541} INFO - Filling up the DagBag from /home/airflow/.local/lib/python3.7/site-packages/airflow/example_dags/example_short_circuit_operator.py
[2023-05-06T23:42:18.543+0000] {processor.py:809} INFO - DAG(s) dict_keys(['example_short_circuit_operator']) retrieved from /home/airflow/.local/lib/python3.7/site-packages/airflow/example_dags/example_short_circuit_operator.py
[2023-05-06T23:42:18.567+0000] {logging_mixin.py:149} INFO - [2023-05-06T23:42:18.567+0000] {dag.py:2726} INFO - Sync 1 DAGs
[2023-05-06T23:42:18.590+0000] {logging_mixin.py:149} INFO - [2023-05-06T23:42:18.590+0000] {dag.py:3490} INFO - Setting next_dagrun for example_short_circuit_operator to 2023-05-05T23:42:18.589880+00:00, run_after=2023-05-06T23:42:18.589880+00:00
[2023-05-06T23:42:18.608+0000] {processor.py:178} INFO - Processing /home/airflow/.local/lib/python3.7/site-packages/airflow/example_dags/example_short_circuit_operator.py took 0.074 seconds
[2023-05-06T23:42:49.030+0000] {processor.py:156} INFO - Started process (PID=2083) to work on /home/airflow/.local/lib/python3.7/site-packages/airflow/example_dags/example_short_circuit_operator.py
[2023-05-06T23:42:49.031+0000] {processor.py:799} INFO - Processing file /home/airflow/.local/lib/python3.7/site-packages/airflow/example_dags/example_short_circuit_operator.py for tasks to queue
[2023-05-06T23:42:49.031+0000] {logging_mixin.py:149} INFO - [2023-05-06T23:42:49.031+0000] {dagbag.py:541} INFO - Filling up the DagBag from /home/airflow/.local/lib/python3.7/site-packages/airflow/example_dags/example_short_circuit_operator.py
[2023-05-06T23:42:49.037+0000] {processor.py:809} INFO - DAG(s) dict_keys(['example_short_circuit_operator']) retrieved from /home/airflow/.local/lib/python3.7/site-packages/airflow/example_dags/example_short_circuit_operator.py
[2023-05-06T23:42:49.063+0000] {logging_mixin.py:149} INFO - [2023-05-06T23:42:49.063+0000] {dag.py:2726} INFO - Sync 1 DAGs
[2023-05-06T23:42:49.086+0000] {logging_mixin.py:149} INFO - [2023-05-06T23:42:49.086+0000] {dag.py:3490} INFO - Setting next_dagrun for example_short_circuit_operator to 2023-05-05T23:42:49.085922+00:00, run_after=2023-05-06T23:42:49.085922+00:00
[2023-05-06T23:42:49.103+0000] {processor.py:178} INFO - Processing /home/airflow/.local/lib/python3.7/site-packages/airflow/example_dags/example_short_circuit_operator.py took 0.075 seconds
[2023-05-06T23:43:19.348+0000] {processor.py:156} INFO - Started process (PID=2141) to work on /home/airflow/.local/lib/python3.7/site-packages/airflow/example_dags/example_short_circuit_operator.py
[2023-05-06T23:43:19.349+0000] {processor.py:799} INFO - Processing file /home/airflow/.local/lib/python3.7/site-packages/airflow/example_dags/example_short_circuit_operator.py for tasks to queue
[2023-05-06T23:43:19.350+0000] {logging_mixin.py:149} INFO - [2023-05-06T23:43:19.350+0000] {dagbag.py:541} INFO - Filling up the DagBag from /home/airflow/.local/lib/python3.7/site-packages/airflow/example_dags/example_short_circuit_operator.py
[2023-05-06T23:43:19.363+0000] {processor.py:809} INFO - DAG(s) dict_keys(['example_short_circuit_operator']) retrieved from /home/airflow/.local/lib/python3.7/site-packages/airflow/example_dags/example_short_circuit_operator.py
[2023-05-06T23:43:19.387+0000] {logging_mixin.py:149} INFO - [2023-05-06T23:43:19.387+0000] {dag.py:2726} INFO - Sync 1 DAGs
[2023-05-06T23:43:19.411+0000] {logging_mixin.py:149} INFO - [2023-05-06T23:43:19.411+0000] {dag.py:3490} INFO - Setting next_dagrun for example_short_circuit_operator to 2023-05-05T23:43:19.410834+00:00, run_after=2023-05-06T23:43:19.410834+00:00
[2023-05-06T23:43:19.429+0000] {processor.py:178} INFO - Processing /home/airflow/.local/lib/python3.7/site-packages/airflow/example_dags/example_short_circuit_operator.py took 0.084 seconds
