[2023-05-06T23:25:02.121+0000] {processor.py:156} INFO - Started process (PID=42) to work on /home/airflow/.local/lib/python3.7/site-packages/airflow/example_dags/example_sensors.py
[2023-05-06T23:25:02.122+0000] {processor.py:799} INFO - Processing file /home/airflow/.local/lib/python3.7/site-packages/airflow/example_dags/example_sensors.py for tasks to queue
[2023-05-06T23:25:02.123+0000] {logging_mixin.py:149} INFO - [2023-05-06T23:25:02.123+0000] {dagbag.py:541} INFO - Filling up the DagBag from /home/airflow/.local/lib/python3.7/site-packages/airflow/example_dags/example_sensors.py
[2023-05-06T23:25:02.131+0000] {processor.py:809} INFO - DAG(s) dict_keys(['example_sensors']) retrieved from /home/airflow/.local/lib/python3.7/site-packages/airflow/example_dags/example_sensors.py
[2023-05-06T23:25:02.143+0000] {logging_mixin.py:149} INFO - [2023-05-06T23:25:02.143+0000] {dag.py:2726} INFO - Sync 1 DAGs
[2023-05-06T23:25:02.172+0000] {logging_mixin.py:149} INFO - [2023-05-06T23:25:02.171+0000] {dag.py:3490} INFO - Setting next_dagrun for example_sensors to None, run_after=None
[2023-05-06T23:25:02.196+0000] {processor.py:178} INFO - Processing /home/airflow/.local/lib/python3.7/site-packages/airflow/example_dags/example_sensors.py took 0.077 seconds
[2023-05-06T23:25:32.228+0000] {processor.py:156} INFO - Started process (PID=100) to work on /home/airflow/.local/lib/python3.7/site-packages/airflow/example_dags/example_sensors.py
[2023-05-06T23:25:32.229+0000] {processor.py:799} INFO - Processing file /home/airflow/.local/lib/python3.7/site-packages/airflow/example_dags/example_sensors.py for tasks to queue
[2023-05-06T23:25:32.230+0000] {logging_mixin.py:149} INFO - [2023-05-06T23:25:32.230+0000] {dagbag.py:541} INFO - Filling up the DagBag from /home/airflow/.local/lib/python3.7/site-packages/airflow/example_dags/example_sensors.py
[2023-05-06T23:25:32.237+0000] {processor.py:809} INFO - DAG(s) dict_keys(['example_sensors']) retrieved from /home/airflow/.local/lib/python3.7/site-packages/airflow/example_dags/example_sensors.py
[2023-05-06T23:25:32.280+0000] {logging_mixin.py:149} INFO - [2023-05-06T23:25:32.280+0000] {dag.py:2726} INFO - Sync 1 DAGs
[2023-05-06T23:25:32.304+0000] {logging_mixin.py:149} INFO - [2023-05-06T23:25:32.304+0000] {dag.py:3490} INFO - Setting next_dagrun for example_sensors to None, run_after=None
[2023-05-06T23:25:32.322+0000] {processor.py:178} INFO - Processing /home/airflow/.local/lib/python3.7/site-packages/airflow/example_dags/example_sensors.py took 0.099 seconds
[2023-05-06T23:26:02.356+0000] {processor.py:156} INFO - Started process (PID=158) to work on /home/airflow/.local/lib/python3.7/site-packages/airflow/example_dags/example_sensors.py
[2023-05-06T23:26:02.357+0000] {processor.py:799} INFO - Processing file /home/airflow/.local/lib/python3.7/site-packages/airflow/example_dags/example_sensors.py for tasks to queue
[2023-05-06T23:26:02.357+0000] {logging_mixin.py:149} INFO - [2023-05-06T23:26:02.357+0000] {dagbag.py:541} INFO - Filling up the DagBag from /home/airflow/.local/lib/python3.7/site-packages/airflow/example_dags/example_sensors.py
[2023-05-06T23:26:02.364+0000] {processor.py:809} INFO - DAG(s) dict_keys(['example_sensors']) retrieved from /home/airflow/.local/lib/python3.7/site-packages/airflow/example_dags/example_sensors.py
[2023-05-06T23:26:02.387+0000] {logging_mixin.py:149} INFO - [2023-05-06T23:26:02.387+0000] {dag.py:2726} INFO - Sync 1 DAGs
[2023-05-06T23:26:02.409+0000] {logging_mixin.py:149} INFO - [2023-05-06T23:26:02.409+0000] {dag.py:3490} INFO - Setting next_dagrun for example_sensors to None, run_after=None
[2023-05-06T23:26:02.427+0000] {processor.py:178} INFO - Processing /home/airflow/.local/lib/python3.7/site-packages/airflow/example_dags/example_sensors.py took 0.073 seconds
[2023-05-06T23:26:32.814+0000] {processor.py:156} INFO - Started process (PID=215) to work on /home/airflow/.local/lib/python3.7/site-packages/airflow/example_dags/example_sensors.py
[2023-05-06T23:26:32.815+0000] {processor.py:799} INFO - Processing file /home/airflow/.local/lib/python3.7/site-packages/airflow/example_dags/example_sensors.py for tasks to queue
[2023-05-06T23:26:32.815+0000] {logging_mixin.py:149} INFO - [2023-05-06T23:26:32.815+0000] {dagbag.py:541} INFO - Filling up the DagBag from /home/airflow/.local/lib/python3.7/site-packages/airflow/example_dags/example_sensors.py
[2023-05-06T23:26:32.822+0000] {processor.py:809} INFO - DAG(s) dict_keys(['example_sensors']) retrieved from /home/airflow/.local/lib/python3.7/site-packages/airflow/example_dags/example_sensors.py
[2023-05-06T23:26:32.865+0000] {logging_mixin.py:149} INFO - [2023-05-06T23:26:32.865+0000] {dag.py:2726} INFO - Sync 1 DAGs
[2023-05-06T23:26:32.889+0000] {logging_mixin.py:149} INFO - [2023-05-06T23:26:32.889+0000] {dag.py:3490} INFO - Setting next_dagrun for example_sensors to None, run_after=None
[2023-05-06T23:26:32.906+0000] {processor.py:178} INFO - Processing /home/airflow/.local/lib/python3.7/site-packages/airflow/example_dags/example_sensors.py took 0.094 seconds
[2023-05-06T23:27:03.434+0000] {processor.py:156} INFO - Started process (PID=273) to work on /home/airflow/.local/lib/python3.7/site-packages/airflow/example_dags/example_sensors.py
[2023-05-06T23:27:03.435+0000] {processor.py:799} INFO - Processing file /home/airflow/.local/lib/python3.7/site-packages/airflow/example_dags/example_sensors.py for tasks to queue
[2023-05-06T23:27:03.435+0000] {logging_mixin.py:149} INFO - [2023-05-06T23:27:03.435+0000] {dagbag.py:541} INFO - Filling up the DagBag from /home/airflow/.local/lib/python3.7/site-packages/airflow/example_dags/example_sensors.py
[2023-05-06T23:27:03.443+0000] {processor.py:809} INFO - DAG(s) dict_keys(['example_sensors']) retrieved from /home/airflow/.local/lib/python3.7/site-packages/airflow/example_dags/example_sensors.py
[2023-05-06T23:27:03.465+0000] {logging_mixin.py:149} INFO - [2023-05-06T23:27:03.465+0000] {dag.py:2726} INFO - Sync 1 DAGs
[2023-05-06T23:27:03.487+0000] {logging_mixin.py:149} INFO - [2023-05-06T23:27:03.486+0000] {dag.py:3490} INFO - Setting next_dagrun for example_sensors to None, run_after=None
[2023-05-06T23:27:03.505+0000] {processor.py:178} INFO - Processing /home/airflow/.local/lib/python3.7/site-packages/airflow/example_dags/example_sensors.py took 0.073 seconds
[2023-05-06T23:27:33.990+0000] {processor.py:156} INFO - Started process (PID=331) to work on /home/airflow/.local/lib/python3.7/site-packages/airflow/example_dags/example_sensors.py
[2023-05-06T23:27:33.990+0000] {processor.py:799} INFO - Processing file /home/airflow/.local/lib/python3.7/site-packages/airflow/example_dags/example_sensors.py for tasks to queue
[2023-05-06T23:27:33.991+0000] {logging_mixin.py:149} INFO - [2023-05-06T23:27:33.990+0000] {dagbag.py:541} INFO - Filling up the DagBag from /home/airflow/.local/lib/python3.7/site-packages/airflow/example_dags/example_sensors.py
[2023-05-06T23:27:33.998+0000] {processor.py:809} INFO - DAG(s) dict_keys(['example_sensors']) retrieved from /home/airflow/.local/lib/python3.7/site-packages/airflow/example_dags/example_sensors.py
[2023-05-06T23:27:34.024+0000] {logging_mixin.py:149} INFO - [2023-05-06T23:27:34.024+0000] {dag.py:2726} INFO - Sync 1 DAGs
[2023-05-06T23:27:34.052+0000] {logging_mixin.py:149} INFO - [2023-05-06T23:27:34.051+0000] {dag.py:3490} INFO - Setting next_dagrun for example_sensors to None, run_after=None
[2023-05-06T23:27:34.074+0000] {processor.py:178} INFO - Processing /home/airflow/.local/lib/python3.7/site-packages/airflow/example_dags/example_sensors.py took 0.087 seconds
[2023-05-06T23:28:04.454+0000] {processor.py:156} INFO - Started process (PID=389) to work on /home/airflow/.local/lib/python3.7/site-packages/airflow/example_dags/example_sensors.py
[2023-05-06T23:28:04.455+0000] {processor.py:799} INFO - Processing file /home/airflow/.local/lib/python3.7/site-packages/airflow/example_dags/example_sensors.py for tasks to queue
[2023-05-06T23:28:04.455+0000] {logging_mixin.py:149} INFO - [2023-05-06T23:28:04.455+0000] {dagbag.py:541} INFO - Filling up the DagBag from /home/airflow/.local/lib/python3.7/site-packages/airflow/example_dags/example_sensors.py
[2023-05-06T23:28:04.463+0000] {processor.py:809} INFO - DAG(s) dict_keys(['example_sensors']) retrieved from /home/airflow/.local/lib/python3.7/site-packages/airflow/example_dags/example_sensors.py
[2023-05-06T23:28:04.494+0000] {logging_mixin.py:149} INFO - [2023-05-06T23:28:04.494+0000] {dag.py:2726} INFO - Sync 1 DAGs
[2023-05-06T23:28:04.518+0000] {logging_mixin.py:149} INFO - [2023-05-06T23:28:04.518+0000] {dag.py:3490} INFO - Setting next_dagrun for example_sensors to None, run_after=None
[2023-05-06T23:28:04.536+0000] {processor.py:178} INFO - Processing /home/airflow/.local/lib/python3.7/site-packages/airflow/example_dags/example_sensors.py took 0.085 seconds
[2023-05-06T23:28:34.687+0000] {processor.py:156} INFO - Started process (PID=447) to work on /home/airflow/.local/lib/python3.7/site-packages/airflow/example_dags/example_sensors.py
[2023-05-06T23:28:34.688+0000] {processor.py:799} INFO - Processing file /home/airflow/.local/lib/python3.7/site-packages/airflow/example_dags/example_sensors.py for tasks to queue
[2023-05-06T23:28:34.689+0000] {logging_mixin.py:149} INFO - [2023-05-06T23:28:34.689+0000] {dagbag.py:541} INFO - Filling up the DagBag from /home/airflow/.local/lib/python3.7/site-packages/airflow/example_dags/example_sensors.py
[2023-05-06T23:28:34.696+0000] {processor.py:809} INFO - DAG(s) dict_keys(['example_sensors']) retrieved from /home/airflow/.local/lib/python3.7/site-packages/airflow/example_dags/example_sensors.py
[2023-05-06T23:28:34.720+0000] {logging_mixin.py:149} INFO - [2023-05-06T23:28:34.720+0000] {dag.py:2726} INFO - Sync 1 DAGs
[2023-05-06T23:28:34.744+0000] {logging_mixin.py:149} INFO - [2023-05-06T23:28:34.743+0000] {dag.py:3490} INFO - Setting next_dagrun for example_sensors to None, run_after=None
[2023-05-06T23:28:34.764+0000] {processor.py:178} INFO - Processing /home/airflow/.local/lib/python3.7/site-packages/airflow/example_dags/example_sensors.py took 0.079 seconds
[2023-05-06T23:29:05.121+0000] {processor.py:156} INFO - Started process (PID=506) to work on /home/airflow/.local/lib/python3.7/site-packages/airflow/example_dags/example_sensors.py
[2023-05-06T23:29:05.122+0000] {processor.py:799} INFO - Processing file /home/airflow/.local/lib/python3.7/site-packages/airflow/example_dags/example_sensors.py for tasks to queue
[2023-05-06T23:29:05.122+0000] {logging_mixin.py:149} INFO - [2023-05-06T23:29:05.122+0000] {dagbag.py:541} INFO - Filling up the DagBag from /home/airflow/.local/lib/python3.7/site-packages/airflow/example_dags/example_sensors.py
[2023-05-06T23:29:05.129+0000] {processor.py:809} INFO - DAG(s) dict_keys(['example_sensors']) retrieved from /home/airflow/.local/lib/python3.7/site-packages/airflow/example_dags/example_sensors.py
[2023-05-06T23:29:05.152+0000] {logging_mixin.py:149} INFO - [2023-05-06T23:29:05.152+0000] {dag.py:2726} INFO - Sync 1 DAGs
[2023-05-06T23:29:05.175+0000] {logging_mixin.py:149} INFO - [2023-05-06T23:29:05.175+0000] {dag.py:3490} INFO - Setting next_dagrun for example_sensors to None, run_after=None
[2023-05-06T23:29:05.191+0000] {processor.py:178} INFO - Processing /home/airflow/.local/lib/python3.7/site-packages/airflow/example_dags/example_sensors.py took 0.072 seconds
[2023-05-06T23:29:35.621+0000] {processor.py:156} INFO - Started process (PID=564) to work on /home/airflow/.local/lib/python3.7/site-packages/airflow/example_dags/example_sensors.py
[2023-05-06T23:29:35.622+0000] {processor.py:799} INFO - Processing file /home/airflow/.local/lib/python3.7/site-packages/airflow/example_dags/example_sensors.py for tasks to queue
[2023-05-06T23:29:35.623+0000] {logging_mixin.py:149} INFO - [2023-05-06T23:29:35.622+0000] {dagbag.py:541} INFO - Filling up the DagBag from /home/airflow/.local/lib/python3.7/site-packages/airflow/example_dags/example_sensors.py
[2023-05-06T23:29:35.630+0000] {processor.py:809} INFO - DAG(s) dict_keys(['example_sensors']) retrieved from /home/airflow/.local/lib/python3.7/site-packages/airflow/example_dags/example_sensors.py
[2023-05-06T23:29:35.658+0000] {logging_mixin.py:149} INFO - [2023-05-06T23:29:35.658+0000] {dag.py:2726} INFO - Sync 1 DAGs
[2023-05-06T23:29:35.685+0000] {logging_mixin.py:149} INFO - [2023-05-06T23:29:35.684+0000] {dag.py:3490} INFO - Setting next_dagrun for example_sensors to None, run_after=None
[2023-05-06T23:29:35.704+0000] {processor.py:178} INFO - Processing /home/airflow/.local/lib/python3.7/site-packages/airflow/example_dags/example_sensors.py took 0.085 seconds
[2023-05-06T23:30:06.203+0000] {processor.py:156} INFO - Started process (PID=622) to work on /home/airflow/.local/lib/python3.7/site-packages/airflow/example_dags/example_sensors.py
[2023-05-06T23:30:06.205+0000] {processor.py:799} INFO - Processing file /home/airflow/.local/lib/python3.7/site-packages/airflow/example_dags/example_sensors.py for tasks to queue
[2023-05-06T23:30:06.206+0000] {logging_mixin.py:149} INFO - [2023-05-06T23:30:06.205+0000] {dagbag.py:541} INFO - Filling up the DagBag from /home/airflow/.local/lib/python3.7/site-packages/airflow/example_dags/example_sensors.py
[2023-05-06T23:30:06.219+0000] {processor.py:809} INFO - DAG(s) dict_keys(['example_sensors']) retrieved from /home/airflow/.local/lib/python3.7/site-packages/airflow/example_dags/example_sensors.py
[2023-05-06T23:30:06.246+0000] {logging_mixin.py:149} INFO - [2023-05-06T23:30:06.245+0000] {dag.py:2726} INFO - Sync 1 DAGs
[2023-05-06T23:30:06.269+0000] {logging_mixin.py:149} INFO - [2023-05-06T23:30:06.269+0000] {dag.py:3490} INFO - Setting next_dagrun for example_sensors to None, run_after=None
[2023-05-06T23:30:06.287+0000] {processor.py:178} INFO - Processing /home/airflow/.local/lib/python3.7/site-packages/airflow/example_dags/example_sensors.py took 0.089 seconds
[2023-05-06T23:30:36.586+0000] {processor.py:156} INFO - Started process (PID=680) to work on /home/airflow/.local/lib/python3.7/site-packages/airflow/example_dags/example_sensors.py
[2023-05-06T23:30:36.587+0000] {processor.py:799} INFO - Processing file /home/airflow/.local/lib/python3.7/site-packages/airflow/example_dags/example_sensors.py for tasks to queue
[2023-05-06T23:30:36.587+0000] {logging_mixin.py:149} INFO - [2023-05-06T23:30:36.587+0000] {dagbag.py:541} INFO - Filling up the DagBag from /home/airflow/.local/lib/python3.7/site-packages/airflow/example_dags/example_sensors.py
[2023-05-06T23:30:36.594+0000] {processor.py:809} INFO - DAG(s) dict_keys(['example_sensors']) retrieved from /home/airflow/.local/lib/python3.7/site-packages/airflow/example_dags/example_sensors.py
[2023-05-06T23:30:36.618+0000] {logging_mixin.py:149} INFO - [2023-05-06T23:30:36.617+0000] {dag.py:2726} INFO - Sync 1 DAGs
[2023-05-06T23:30:36.638+0000] {logging_mixin.py:149} INFO - [2023-05-06T23:30:36.638+0000] {dag.py:3490} INFO - Setting next_dagrun for example_sensors to None, run_after=None
[2023-05-06T23:30:36.657+0000] {processor.py:178} INFO - Processing /home/airflow/.local/lib/python3.7/site-packages/airflow/example_dags/example_sensors.py took 0.074 seconds
[2023-05-06T23:31:07.085+0000] {processor.py:156} INFO - Started process (PID=737) to work on /home/airflow/.local/lib/python3.7/site-packages/airflow/example_dags/example_sensors.py
[2023-05-06T23:31:07.086+0000] {processor.py:799} INFO - Processing file /home/airflow/.local/lib/python3.7/site-packages/airflow/example_dags/example_sensors.py for tasks to queue
[2023-05-06T23:31:07.087+0000] {logging_mixin.py:149} INFO - [2023-05-06T23:31:07.086+0000] {dagbag.py:541} INFO - Filling up the DagBag from /home/airflow/.local/lib/python3.7/site-packages/airflow/example_dags/example_sensors.py
[2023-05-06T23:31:07.093+0000] {processor.py:809} INFO - DAG(s) dict_keys(['example_sensors']) retrieved from /home/airflow/.local/lib/python3.7/site-packages/airflow/example_dags/example_sensors.py
[2023-05-06T23:31:07.119+0000] {logging_mixin.py:149} INFO - [2023-05-06T23:31:07.118+0000] {dag.py:2726} INFO - Sync 1 DAGs
[2023-05-06T23:31:07.141+0000] {logging_mixin.py:149} INFO - [2023-05-06T23:31:07.141+0000] {dag.py:3490} INFO - Setting next_dagrun for example_sensors to None, run_after=None
[2023-05-06T23:31:07.158+0000] {processor.py:178} INFO - Processing /home/airflow/.local/lib/python3.7/site-packages/airflow/example_dags/example_sensors.py took 0.075 seconds
[2023-05-06T23:31:37.320+0000] {processor.py:156} INFO - Started process (PID=795) to work on /home/airflow/.local/lib/python3.7/site-packages/airflow/example_dags/example_sensors.py
[2023-05-06T23:31:37.321+0000] {processor.py:799} INFO - Processing file /home/airflow/.local/lib/python3.7/site-packages/airflow/example_dags/example_sensors.py for tasks to queue
[2023-05-06T23:31:37.321+0000] {logging_mixin.py:149} INFO - [2023-05-06T23:31:37.321+0000] {dagbag.py:541} INFO - Filling up the DagBag from /home/airflow/.local/lib/python3.7/site-packages/airflow/example_dags/example_sensors.py
[2023-05-06T23:31:37.328+0000] {processor.py:809} INFO - DAG(s) dict_keys(['example_sensors']) retrieved from /home/airflow/.local/lib/python3.7/site-packages/airflow/example_dags/example_sensors.py
[2023-05-06T23:31:37.351+0000] {logging_mixin.py:149} INFO - [2023-05-06T23:31:37.351+0000] {dag.py:2726} INFO - Sync 1 DAGs
[2023-05-06T23:31:37.373+0000] {logging_mixin.py:149} INFO - [2023-05-06T23:31:37.373+0000] {dag.py:3490} INFO - Setting next_dagrun for example_sensors to None, run_after=None
[2023-05-06T23:31:37.392+0000] {processor.py:178} INFO - Processing /home/airflow/.local/lib/python3.7/site-packages/airflow/example_dags/example_sensors.py took 0.074 seconds
[2023-05-06T23:32:07.858+0000] {processor.py:156} INFO - Started process (PID=853) to work on /home/airflow/.local/lib/python3.7/site-packages/airflow/example_dags/example_sensors.py
[2023-05-06T23:32:07.859+0000] {processor.py:799} INFO - Processing file /home/airflow/.local/lib/python3.7/site-packages/airflow/example_dags/example_sensors.py for tasks to queue
[2023-05-06T23:32:07.859+0000] {logging_mixin.py:149} INFO - [2023-05-06T23:32:07.859+0000] {dagbag.py:541} INFO - Filling up the DagBag from /home/airflow/.local/lib/python3.7/site-packages/airflow/example_dags/example_sensors.py
[2023-05-06T23:32:07.866+0000] {processor.py:809} INFO - DAG(s) dict_keys(['example_sensors']) retrieved from /home/airflow/.local/lib/python3.7/site-packages/airflow/example_dags/example_sensors.py
[2023-05-06T23:32:07.890+0000] {logging_mixin.py:149} INFO - [2023-05-06T23:32:07.890+0000] {dag.py:2726} INFO - Sync 1 DAGs
[2023-05-06T23:32:07.912+0000] {logging_mixin.py:149} INFO - [2023-05-06T23:32:07.912+0000] {dag.py:3490} INFO - Setting next_dagrun for example_sensors to None, run_after=None
[2023-05-06T23:32:07.930+0000] {processor.py:178} INFO - Processing /home/airflow/.local/lib/python3.7/site-packages/airflow/example_dags/example_sensors.py took 0.074 seconds
[2023-05-06T23:32:38.273+0000] {processor.py:156} INFO - Started process (PID=911) to work on /home/airflow/.local/lib/python3.7/site-packages/airflow/example_dags/example_sensors.py
[2023-05-06T23:32:38.273+0000] {processor.py:799} INFO - Processing file /home/airflow/.local/lib/python3.7/site-packages/airflow/example_dags/example_sensors.py for tasks to queue
[2023-05-06T23:32:38.274+0000] {logging_mixin.py:149} INFO - [2023-05-06T23:32:38.274+0000] {dagbag.py:541} INFO - Filling up the DagBag from /home/airflow/.local/lib/python3.7/site-packages/airflow/example_dags/example_sensors.py
[2023-05-06T23:32:38.281+0000] {processor.py:809} INFO - DAG(s) dict_keys(['example_sensors']) retrieved from /home/airflow/.local/lib/python3.7/site-packages/airflow/example_dags/example_sensors.py
[2023-05-06T23:32:38.305+0000] {logging_mixin.py:149} INFO - [2023-05-06T23:32:38.305+0000] {dag.py:2726} INFO - Sync 1 DAGs
[2023-05-06T23:32:38.328+0000] {logging_mixin.py:149} INFO - [2023-05-06T23:32:38.328+0000] {dag.py:3490} INFO - Setting next_dagrun for example_sensors to None, run_after=None
[2023-05-06T23:32:38.345+0000] {processor.py:178} INFO - Processing /home/airflow/.local/lib/python3.7/site-packages/airflow/example_dags/example_sensors.py took 0.075 seconds
[2023-05-06T23:33:08.648+0000] {processor.py:156} INFO - Started process (PID=969) to work on /home/airflow/.local/lib/python3.7/site-packages/airflow/example_dags/example_sensors.py
[2023-05-06T23:33:08.649+0000] {processor.py:799} INFO - Processing file /home/airflow/.local/lib/python3.7/site-packages/airflow/example_dags/example_sensors.py for tasks to queue
[2023-05-06T23:33:08.649+0000] {logging_mixin.py:149} INFO - [2023-05-06T23:33:08.649+0000] {dagbag.py:541} INFO - Filling up the DagBag from /home/airflow/.local/lib/python3.7/site-packages/airflow/example_dags/example_sensors.py
[2023-05-06T23:33:08.657+0000] {processor.py:809} INFO - DAG(s) dict_keys(['example_sensors']) retrieved from /home/airflow/.local/lib/python3.7/site-packages/airflow/example_dags/example_sensors.py
[2023-05-06T23:33:08.680+0000] {logging_mixin.py:149} INFO - [2023-05-06T23:33:08.679+0000] {dag.py:2726} INFO - Sync 1 DAGs
[2023-05-06T23:33:08.702+0000] {logging_mixin.py:149} INFO - [2023-05-06T23:33:08.701+0000] {dag.py:3490} INFO - Setting next_dagrun for example_sensors to None, run_after=None
[2023-05-06T23:33:08.719+0000] {processor.py:178} INFO - Processing /home/airflow/.local/lib/python3.7/site-packages/airflow/example_dags/example_sensors.py took 0.073 seconds
[2023-05-06T23:33:39.128+0000] {processor.py:156} INFO - Started process (PID=1028) to work on /home/airflow/.local/lib/python3.7/site-packages/airflow/example_dags/example_sensors.py
[2023-05-06T23:33:39.128+0000] {processor.py:799} INFO - Processing file /home/airflow/.local/lib/python3.7/site-packages/airflow/example_dags/example_sensors.py for tasks to queue
[2023-05-06T23:33:39.129+0000] {logging_mixin.py:149} INFO - [2023-05-06T23:33:39.129+0000] {dagbag.py:541} INFO - Filling up the DagBag from /home/airflow/.local/lib/python3.7/site-packages/airflow/example_dags/example_sensors.py
[2023-05-06T23:33:39.136+0000] {processor.py:809} INFO - DAG(s) dict_keys(['example_sensors']) retrieved from /home/airflow/.local/lib/python3.7/site-packages/airflow/example_dags/example_sensors.py
[2023-05-06T23:33:39.162+0000] {logging_mixin.py:149} INFO - [2023-05-06T23:33:39.162+0000] {dag.py:2726} INFO - Sync 1 DAGs
[2023-05-06T23:33:39.186+0000] {logging_mixin.py:149} INFO - [2023-05-06T23:33:39.186+0000] {dag.py:3490} INFO - Setting next_dagrun for example_sensors to None, run_after=None
[2023-05-06T23:33:39.210+0000] {processor.py:178} INFO - Processing /home/airflow/.local/lib/python3.7/site-packages/airflow/example_dags/example_sensors.py took 0.084 seconds
[2023-05-06T23:34:09.404+0000] {processor.py:156} INFO - Started process (PID=1086) to work on /home/airflow/.local/lib/python3.7/site-packages/airflow/example_dags/example_sensors.py
[2023-05-06T23:34:09.404+0000] {processor.py:799} INFO - Processing file /home/airflow/.local/lib/python3.7/site-packages/airflow/example_dags/example_sensors.py for tasks to queue
[2023-05-06T23:34:09.405+0000] {logging_mixin.py:149} INFO - [2023-05-06T23:34:09.405+0000] {dagbag.py:541} INFO - Filling up the DagBag from /home/airflow/.local/lib/python3.7/site-packages/airflow/example_dags/example_sensors.py
[2023-05-06T23:34:09.412+0000] {processor.py:809} INFO - DAG(s) dict_keys(['example_sensors']) retrieved from /home/airflow/.local/lib/python3.7/site-packages/airflow/example_dags/example_sensors.py
[2023-05-06T23:34:09.434+0000] {logging_mixin.py:149} INFO - [2023-05-06T23:34:09.434+0000] {dag.py:2726} INFO - Sync 1 DAGs
[2023-05-06T23:34:09.457+0000] {logging_mixin.py:149} INFO - [2023-05-06T23:34:09.457+0000] {dag.py:3490} INFO - Setting next_dagrun for example_sensors to None, run_after=None
[2023-05-06T23:34:09.474+0000] {processor.py:178} INFO - Processing /home/airflow/.local/lib/python3.7/site-packages/airflow/example_dags/example_sensors.py took 0.072 seconds
[2023-05-06T23:34:39.986+0000] {processor.py:156} INFO - Started process (PID=1144) to work on /home/airflow/.local/lib/python3.7/site-packages/airflow/example_dags/example_sensors.py
[2023-05-06T23:34:39.987+0000] {processor.py:799} INFO - Processing file /home/airflow/.local/lib/python3.7/site-packages/airflow/example_dags/example_sensors.py for tasks to queue
[2023-05-06T23:34:39.987+0000] {logging_mixin.py:149} INFO - [2023-05-06T23:34:39.987+0000] {dagbag.py:541} INFO - Filling up the DagBag from /home/airflow/.local/lib/python3.7/site-packages/airflow/example_dags/example_sensors.py
[2023-05-06T23:34:39.994+0000] {processor.py:809} INFO - DAG(s) dict_keys(['example_sensors']) retrieved from /home/airflow/.local/lib/python3.7/site-packages/airflow/example_dags/example_sensors.py
[2023-05-06T23:34:40.020+0000] {logging_mixin.py:149} INFO - [2023-05-06T23:34:40.019+0000] {dag.py:2726} INFO - Sync 1 DAGs
[2023-05-06T23:34:40.045+0000] {logging_mixin.py:149} INFO - [2023-05-06T23:34:40.045+0000] {dag.py:3490} INFO - Setting next_dagrun for example_sensors to None, run_after=None
[2023-05-06T23:34:40.064+0000] {processor.py:178} INFO - Processing /home/airflow/.local/lib/python3.7/site-packages/airflow/example_dags/example_sensors.py took 0.080 seconds
[2023-05-06T23:35:10.588+0000] {processor.py:156} INFO - Started process (PID=1202) to work on /home/airflow/.local/lib/python3.7/site-packages/airflow/example_dags/example_sensors.py
[2023-05-06T23:35:10.589+0000] {processor.py:799} INFO - Processing file /home/airflow/.local/lib/python3.7/site-packages/airflow/example_dags/example_sensors.py for tasks to queue
[2023-05-06T23:35:10.589+0000] {logging_mixin.py:149} INFO - [2023-05-06T23:35:10.589+0000] {dagbag.py:541} INFO - Filling up the DagBag from /home/airflow/.local/lib/python3.7/site-packages/airflow/example_dags/example_sensors.py
[2023-05-06T23:35:10.596+0000] {processor.py:809} INFO - DAG(s) dict_keys(['example_sensors']) retrieved from /home/airflow/.local/lib/python3.7/site-packages/airflow/example_dags/example_sensors.py
[2023-05-06T23:35:10.619+0000] {logging_mixin.py:149} INFO - [2023-05-06T23:35:10.618+0000] {dag.py:2726} INFO - Sync 1 DAGs
[2023-05-06T23:35:10.640+0000] {logging_mixin.py:149} INFO - [2023-05-06T23:35:10.639+0000] {dag.py:3490} INFO - Setting next_dagrun for example_sensors to None, run_after=None
[2023-05-06T23:35:10.657+0000] {processor.py:178} INFO - Processing /home/airflow/.local/lib/python3.7/site-packages/airflow/example_dags/example_sensors.py took 0.071 seconds
[2023-05-06T23:35:41.125+0000] {processor.py:156} INFO - Started process (PID=1260) to work on /home/airflow/.local/lib/python3.7/site-packages/airflow/example_dags/example_sensors.py
[2023-05-06T23:35:41.126+0000] {processor.py:799} INFO - Processing file /home/airflow/.local/lib/python3.7/site-packages/airflow/example_dags/example_sensors.py for tasks to queue
[2023-05-06T23:35:41.127+0000] {logging_mixin.py:149} INFO - [2023-05-06T23:35:41.126+0000] {dagbag.py:541} INFO - Filling up the DagBag from /home/airflow/.local/lib/python3.7/site-packages/airflow/example_dags/example_sensors.py
[2023-05-06T23:35:41.136+0000] {processor.py:809} INFO - DAG(s) dict_keys(['example_sensors']) retrieved from /home/airflow/.local/lib/python3.7/site-packages/airflow/example_dags/example_sensors.py
[2023-05-06T23:35:41.162+0000] {logging_mixin.py:149} INFO - [2023-05-06T23:35:41.162+0000] {dag.py:2726} INFO - Sync 1 DAGs
[2023-05-06T23:35:41.186+0000] {logging_mixin.py:149} INFO - [2023-05-06T23:35:41.186+0000] {dag.py:3490} INFO - Setting next_dagrun for example_sensors to None, run_after=None
[2023-05-06T23:35:41.209+0000] {processor.py:178} INFO - Processing /home/airflow/.local/lib/python3.7/site-packages/airflow/example_dags/example_sensors.py took 0.086 seconds
[2023-05-06T23:36:11.402+0000] {processor.py:156} INFO - Started process (PID=1318) to work on /home/airflow/.local/lib/python3.7/site-packages/airflow/example_dags/example_sensors.py
[2023-05-06T23:36:11.403+0000] {processor.py:799} INFO - Processing file /home/airflow/.local/lib/python3.7/site-packages/airflow/example_dags/example_sensors.py for tasks to queue
[2023-05-06T23:36:11.404+0000] {logging_mixin.py:149} INFO - [2023-05-06T23:36:11.404+0000] {dagbag.py:541} INFO - Filling up the DagBag from /home/airflow/.local/lib/python3.7/site-packages/airflow/example_dags/example_sensors.py
[2023-05-06T23:36:11.418+0000] {processor.py:809} INFO - DAG(s) dict_keys(['example_sensors']) retrieved from /home/airflow/.local/lib/python3.7/site-packages/airflow/example_dags/example_sensors.py
[2023-05-06T23:36:11.445+0000] {logging_mixin.py:149} INFO - [2023-05-06T23:36:11.445+0000] {dag.py:2726} INFO - Sync 1 DAGs
[2023-05-06T23:36:11.470+0000] {logging_mixin.py:149} INFO - [2023-05-06T23:36:11.470+0000] {dag.py:3490} INFO - Setting next_dagrun for example_sensors to None, run_after=None
[2023-05-06T23:36:11.487+0000] {processor.py:178} INFO - Processing /home/airflow/.local/lib/python3.7/site-packages/airflow/example_dags/example_sensors.py took 0.088 seconds
[2023-05-06T23:36:41.760+0000] {processor.py:156} INFO - Started process (PID=1376) to work on /home/airflow/.local/lib/python3.7/site-packages/airflow/example_dags/example_sensors.py
[2023-05-06T23:36:41.761+0000] {processor.py:799} INFO - Processing file /home/airflow/.local/lib/python3.7/site-packages/airflow/example_dags/example_sensors.py for tasks to queue
[2023-05-06T23:36:41.761+0000] {logging_mixin.py:149} INFO - [2023-05-06T23:36:41.761+0000] {dagbag.py:541} INFO - Filling up the DagBag from /home/airflow/.local/lib/python3.7/site-packages/airflow/example_dags/example_sensors.py
[2023-05-06T23:36:41.768+0000] {processor.py:809} INFO - DAG(s) dict_keys(['example_sensors']) retrieved from /home/airflow/.local/lib/python3.7/site-packages/airflow/example_dags/example_sensors.py
[2023-05-06T23:36:41.791+0000] {logging_mixin.py:149} INFO - [2023-05-06T23:36:41.791+0000] {dag.py:2726} INFO - Sync 1 DAGs
[2023-05-06T23:36:41.814+0000] {logging_mixin.py:149} INFO - [2023-05-06T23:36:41.814+0000] {dag.py:3490} INFO - Setting next_dagrun for example_sensors to None, run_after=None
[2023-05-06T23:36:41.832+0000] {processor.py:178} INFO - Processing /home/airflow/.local/lib/python3.7/site-packages/airflow/example_dags/example_sensors.py took 0.074 seconds
[2023-05-06T23:37:12.519+0000] {processor.py:156} INFO - Started process (PID=1434) to work on /home/airflow/.local/lib/python3.7/site-packages/airflow/example_dags/example_sensors.py
[2023-05-06T23:37:12.520+0000] {processor.py:799} INFO - Processing file /home/airflow/.local/lib/python3.7/site-packages/airflow/example_dags/example_sensors.py for tasks to queue
[2023-05-06T23:37:12.521+0000] {logging_mixin.py:149} INFO - [2023-05-06T23:37:12.521+0000] {dagbag.py:541} INFO - Filling up the DagBag from /home/airflow/.local/lib/python3.7/site-packages/airflow/example_dags/example_sensors.py
[2023-05-06T23:37:12.537+0000] {processor.py:809} INFO - DAG(s) dict_keys(['example_sensors']) retrieved from /home/airflow/.local/lib/python3.7/site-packages/airflow/example_dags/example_sensors.py
[2023-05-06T23:37:12.562+0000] {logging_mixin.py:149} INFO - [2023-05-06T23:37:12.562+0000] {dag.py:2726} INFO - Sync 1 DAGs
[2023-05-06T23:37:12.584+0000] {logging_mixin.py:149} INFO - [2023-05-06T23:37:12.583+0000] {dag.py:3490} INFO - Setting next_dagrun for example_sensors to None, run_after=None
[2023-05-06T23:37:12.603+0000] {processor.py:178} INFO - Processing /home/airflow/.local/lib/python3.7/site-packages/airflow/example_dags/example_sensors.py took 0.089 seconds
[2023-05-06T23:37:43.278+0000] {processor.py:156} INFO - Started process (PID=1492) to work on /home/airflow/.local/lib/python3.7/site-packages/airflow/example_dags/example_sensors.py
[2023-05-06T23:37:43.278+0000] {processor.py:799} INFO - Processing file /home/airflow/.local/lib/python3.7/site-packages/airflow/example_dags/example_sensors.py for tasks to queue
[2023-05-06T23:37:43.279+0000] {logging_mixin.py:149} INFO - [2023-05-06T23:37:43.279+0000] {dagbag.py:541} INFO - Filling up the DagBag from /home/airflow/.local/lib/python3.7/site-packages/airflow/example_dags/example_sensors.py
[2023-05-06T23:37:43.285+0000] {processor.py:809} INFO - DAG(s) dict_keys(['example_sensors']) retrieved from /home/airflow/.local/lib/python3.7/site-packages/airflow/example_dags/example_sensors.py
[2023-05-06T23:37:43.309+0000] {logging_mixin.py:149} INFO - [2023-05-06T23:37:43.308+0000] {dag.py:2726} INFO - Sync 1 DAGs
[2023-05-06T23:37:43.330+0000] {logging_mixin.py:149} INFO - [2023-05-06T23:37:43.330+0000] {dag.py:3490} INFO - Setting next_dagrun for example_sensors to None, run_after=None
[2023-05-06T23:37:43.347+0000] {processor.py:178} INFO - Processing /home/airflow/.local/lib/python3.7/site-packages/airflow/example_dags/example_sensors.py took 0.071 seconds
[2023-05-06T23:38:13.767+0000] {processor.py:156} INFO - Started process (PID=1550) to work on /home/airflow/.local/lib/python3.7/site-packages/airflow/example_dags/example_sensors.py
[2023-05-06T23:38:13.768+0000] {processor.py:799} INFO - Processing file /home/airflow/.local/lib/python3.7/site-packages/airflow/example_dags/example_sensors.py for tasks to queue
[2023-05-06T23:38:13.768+0000] {logging_mixin.py:149} INFO - [2023-05-06T23:38:13.768+0000] {dagbag.py:541} INFO - Filling up the DagBag from /home/airflow/.local/lib/python3.7/site-packages/airflow/example_dags/example_sensors.py
[2023-05-06T23:38:13.775+0000] {processor.py:809} INFO - DAG(s) dict_keys(['example_sensors']) retrieved from /home/airflow/.local/lib/python3.7/site-packages/airflow/example_dags/example_sensors.py
[2023-05-06T23:38:13.797+0000] {logging_mixin.py:149} INFO - [2023-05-06T23:38:13.797+0000] {dag.py:2726} INFO - Sync 1 DAGs
[2023-05-06T23:38:13.819+0000] {logging_mixin.py:149} INFO - [2023-05-06T23:38:13.819+0000] {dag.py:3490} INFO - Setting next_dagrun for example_sensors to None, run_after=None
[2023-05-06T23:38:13.839+0000] {processor.py:178} INFO - Processing /home/airflow/.local/lib/python3.7/site-packages/airflow/example_dags/example_sensors.py took 0.073 seconds
[2023-05-06T23:38:43.882+0000] {processor.py:156} INFO - Started process (PID=1608) to work on /home/airflow/.local/lib/python3.7/site-packages/airflow/example_dags/example_sensors.py
[2023-05-06T23:38:43.883+0000] {processor.py:799} INFO - Processing file /home/airflow/.local/lib/python3.7/site-packages/airflow/example_dags/example_sensors.py for tasks to queue
[2023-05-06T23:38:43.883+0000] {logging_mixin.py:149} INFO - [2023-05-06T23:38:43.883+0000] {dagbag.py:541} INFO - Filling up the DagBag from /home/airflow/.local/lib/python3.7/site-packages/airflow/example_dags/example_sensors.py
[2023-05-06T23:38:43.890+0000] {processor.py:809} INFO - DAG(s) dict_keys(['example_sensors']) retrieved from /home/airflow/.local/lib/python3.7/site-packages/airflow/example_dags/example_sensors.py
[2023-05-06T23:38:43.913+0000] {logging_mixin.py:149} INFO - [2023-05-06T23:38:43.913+0000] {dag.py:2726} INFO - Sync 1 DAGs
[2023-05-06T23:38:43.935+0000] {logging_mixin.py:149} INFO - [2023-05-06T23:38:43.935+0000] {dag.py:3490} INFO - Setting next_dagrun for example_sensors to None, run_after=None
[2023-05-06T23:38:43.952+0000] {processor.py:178} INFO - Processing /home/airflow/.local/lib/python3.7/site-packages/airflow/example_dags/example_sensors.py took 0.073 seconds
[2023-05-06T23:39:13.974+0000] {processor.py:156} INFO - Started process (PID=1665) to work on /home/airflow/.local/lib/python3.7/site-packages/airflow/example_dags/example_sensors.py
[2023-05-06T23:39:13.974+0000] {processor.py:799} INFO - Processing file /home/airflow/.local/lib/python3.7/site-packages/airflow/example_dags/example_sensors.py for tasks to queue
[2023-05-06T23:39:13.975+0000] {logging_mixin.py:149} INFO - [2023-05-06T23:39:13.975+0000] {dagbag.py:541} INFO - Filling up the DagBag from /home/airflow/.local/lib/python3.7/site-packages/airflow/example_dags/example_sensors.py
[2023-05-06T23:39:13.982+0000] {processor.py:809} INFO - DAG(s) dict_keys(['example_sensors']) retrieved from /home/airflow/.local/lib/python3.7/site-packages/airflow/example_dags/example_sensors.py
[2023-05-06T23:39:14.005+0000] {logging_mixin.py:149} INFO - [2023-05-06T23:39:14.004+0000] {dag.py:2726} INFO - Sync 1 DAGs
[2023-05-06T23:39:14.027+0000] {logging_mixin.py:149} INFO - [2023-05-06T23:39:14.027+0000] {dag.py:3490} INFO - Setting next_dagrun for example_sensors to None, run_after=None
[2023-05-06T23:39:14.045+0000] {processor.py:178} INFO - Processing /home/airflow/.local/lib/python3.7/site-packages/airflow/example_dags/example_sensors.py took 0.074 seconds
[2023-05-06T23:39:44.361+0000] {processor.py:156} INFO - Started process (PID=1725) to work on /home/airflow/.local/lib/python3.7/site-packages/airflow/example_dags/example_sensors.py
[2023-05-06T23:39:44.362+0000] {processor.py:799} INFO - Processing file /home/airflow/.local/lib/python3.7/site-packages/airflow/example_dags/example_sensors.py for tasks to queue
[2023-05-06T23:39:44.363+0000] {logging_mixin.py:149} INFO - [2023-05-06T23:39:44.363+0000] {dagbag.py:541} INFO - Filling up the DagBag from /home/airflow/.local/lib/python3.7/site-packages/airflow/example_dags/example_sensors.py
[2023-05-06T23:39:44.370+0000] {processor.py:809} INFO - DAG(s) dict_keys(['example_sensors']) retrieved from /home/airflow/.local/lib/python3.7/site-packages/airflow/example_dags/example_sensors.py
[2023-05-06T23:39:44.393+0000] {logging_mixin.py:149} INFO - [2023-05-06T23:39:44.393+0000] {dag.py:2726} INFO - Sync 1 DAGs
[2023-05-06T23:39:44.417+0000] {logging_mixin.py:149} INFO - [2023-05-06T23:39:44.417+0000] {dag.py:3490} INFO - Setting next_dagrun for example_sensors to None, run_after=None
[2023-05-06T23:39:44.434+0000] {processor.py:178} INFO - Processing /home/airflow/.local/lib/python3.7/site-packages/airflow/example_dags/example_sensors.py took 0.075 seconds
[2023-05-06T23:40:14.714+0000] {processor.py:156} INFO - Started process (PID=1783) to work on /home/airflow/.local/lib/python3.7/site-packages/airflow/example_dags/example_sensors.py
[2023-05-06T23:40:14.715+0000] {processor.py:799} INFO - Processing file /home/airflow/.local/lib/python3.7/site-packages/airflow/example_dags/example_sensors.py for tasks to queue
[2023-05-06T23:40:14.716+0000] {logging_mixin.py:149} INFO - [2023-05-06T23:40:14.716+0000] {dagbag.py:541} INFO - Filling up the DagBag from /home/airflow/.local/lib/python3.7/site-packages/airflow/example_dags/example_sensors.py
[2023-05-06T23:40:14.723+0000] {processor.py:809} INFO - DAG(s) dict_keys(['example_sensors']) retrieved from /home/airflow/.local/lib/python3.7/site-packages/airflow/example_dags/example_sensors.py
[2023-05-06T23:40:14.745+0000] {logging_mixin.py:149} INFO - [2023-05-06T23:40:14.745+0000] {dag.py:2726} INFO - Sync 1 DAGs
[2023-05-06T23:40:14.768+0000] {logging_mixin.py:149} INFO - [2023-05-06T23:40:14.768+0000] {dag.py:3490} INFO - Setting next_dagrun for example_sensors to None, run_after=None
[2023-05-06T23:40:14.785+0000] {processor.py:178} INFO - Processing /home/airflow/.local/lib/python3.7/site-packages/airflow/example_dags/example_sensors.py took 0.073 seconds
[2023-05-06T23:40:45.015+0000] {processor.py:156} INFO - Started process (PID=1842) to work on /home/airflow/.local/lib/python3.7/site-packages/airflow/example_dags/example_sensors.py
[2023-05-06T23:40:45.015+0000] {processor.py:799} INFO - Processing file /home/airflow/.local/lib/python3.7/site-packages/airflow/example_dags/example_sensors.py for tasks to queue
[2023-05-06T23:40:45.016+0000] {logging_mixin.py:149} INFO - [2023-05-06T23:40:45.016+0000] {dagbag.py:541} INFO - Filling up the DagBag from /home/airflow/.local/lib/python3.7/site-packages/airflow/example_dags/example_sensors.py
[2023-05-06T23:40:45.023+0000] {processor.py:809} INFO - DAG(s) dict_keys(['example_sensors']) retrieved from /home/airflow/.local/lib/python3.7/site-packages/airflow/example_dags/example_sensors.py
[2023-05-06T23:40:45.047+0000] {logging_mixin.py:149} INFO - [2023-05-06T23:40:45.047+0000] {dag.py:2726} INFO - Sync 1 DAGs
[2023-05-06T23:40:45.070+0000] {logging_mixin.py:149} INFO - [2023-05-06T23:40:45.070+0000] {dag.py:3490} INFO - Setting next_dagrun for example_sensors to None, run_after=None
[2023-05-06T23:40:45.087+0000] {processor.py:178} INFO - Processing /home/airflow/.local/lib/python3.7/site-packages/airflow/example_dags/example_sensors.py took 0.074 seconds
[2023-05-06T23:41:15.395+0000] {processor.py:156} INFO - Started process (PID=1900) to work on /home/airflow/.local/lib/python3.7/site-packages/airflow/example_dags/example_sensors.py
[2023-05-06T23:41:15.395+0000] {processor.py:799} INFO - Processing file /home/airflow/.local/lib/python3.7/site-packages/airflow/example_dags/example_sensors.py for tasks to queue
[2023-05-06T23:41:15.396+0000] {logging_mixin.py:149} INFO - [2023-05-06T23:41:15.396+0000] {dagbag.py:541} INFO - Filling up the DagBag from /home/airflow/.local/lib/python3.7/site-packages/airflow/example_dags/example_sensors.py
[2023-05-06T23:41:15.403+0000] {processor.py:809} INFO - DAG(s) dict_keys(['example_sensors']) retrieved from /home/airflow/.local/lib/python3.7/site-packages/airflow/example_dags/example_sensors.py
[2023-05-06T23:41:15.427+0000] {logging_mixin.py:149} INFO - [2023-05-06T23:41:15.427+0000] {dag.py:2726} INFO - Sync 1 DAGs
[2023-05-06T23:41:15.451+0000] {logging_mixin.py:149} INFO - [2023-05-06T23:41:15.451+0000] {dag.py:3490} INFO - Setting next_dagrun for example_sensors to None, run_after=None
[2023-05-06T23:41:15.470+0000] {processor.py:178} INFO - Processing /home/airflow/.local/lib/python3.7/site-packages/airflow/example_dags/example_sensors.py took 0.078 seconds
[2023-05-06T23:41:45.694+0000] {processor.py:156} INFO - Started process (PID=1958) to work on /home/airflow/.local/lib/python3.7/site-packages/airflow/example_dags/example_sensors.py
[2023-05-06T23:41:45.695+0000] {processor.py:799} INFO - Processing file /home/airflow/.local/lib/python3.7/site-packages/airflow/example_dags/example_sensors.py for tasks to queue
[2023-05-06T23:41:45.695+0000] {logging_mixin.py:149} INFO - [2023-05-06T23:41:45.695+0000] {dagbag.py:541} INFO - Filling up the DagBag from /home/airflow/.local/lib/python3.7/site-packages/airflow/example_dags/example_sensors.py
[2023-05-06T23:41:45.702+0000] {processor.py:809} INFO - DAG(s) dict_keys(['example_sensors']) retrieved from /home/airflow/.local/lib/python3.7/site-packages/airflow/example_dags/example_sensors.py
[2023-05-06T23:41:45.726+0000] {logging_mixin.py:149} INFO - [2023-05-06T23:41:45.725+0000] {dag.py:2726} INFO - Sync 1 DAGs
[2023-05-06T23:41:45.748+0000] {logging_mixin.py:149} INFO - [2023-05-06T23:41:45.748+0000] {dag.py:3490} INFO - Setting next_dagrun for example_sensors to None, run_after=None
[2023-05-06T23:41:45.768+0000] {processor.py:178} INFO - Processing /home/airflow/.local/lib/python3.7/site-packages/airflow/example_dags/example_sensors.py took 0.076 seconds
[2023-05-06T23:42:15.997+0000] {processor.py:156} INFO - Started process (PID=2016) to work on /home/airflow/.local/lib/python3.7/site-packages/airflow/example_dags/example_sensors.py
[2023-05-06T23:42:15.997+0000] {processor.py:799} INFO - Processing file /home/airflow/.local/lib/python3.7/site-packages/airflow/example_dags/example_sensors.py for tasks to queue
[2023-05-06T23:42:15.998+0000] {logging_mixin.py:149} INFO - [2023-05-06T23:42:15.998+0000] {dagbag.py:541} INFO - Filling up the DagBag from /home/airflow/.local/lib/python3.7/site-packages/airflow/example_dags/example_sensors.py
[2023-05-06T23:42:16.006+0000] {processor.py:809} INFO - DAG(s) dict_keys(['example_sensors']) retrieved from /home/airflow/.local/lib/python3.7/site-packages/airflow/example_dags/example_sensors.py
[2023-05-06T23:42:16.029+0000] {logging_mixin.py:149} INFO - [2023-05-06T23:42:16.029+0000] {dag.py:2726} INFO - Sync 1 DAGs
[2023-05-06T23:42:16.052+0000] {logging_mixin.py:149} INFO - [2023-05-06T23:42:16.052+0000] {dag.py:3490} INFO - Setting next_dagrun for example_sensors to None, run_after=None
[2023-05-06T23:42:16.071+0000] {processor.py:178} INFO - Processing /home/airflow/.local/lib/python3.7/site-packages/airflow/example_dags/example_sensors.py took 0.077 seconds
[2023-05-06T23:42:46.436+0000] {processor.py:156} INFO - Started process (PID=2074) to work on /home/airflow/.local/lib/python3.7/site-packages/airflow/example_dags/example_sensors.py
[2023-05-06T23:42:46.437+0000] {processor.py:799} INFO - Processing file /home/airflow/.local/lib/python3.7/site-packages/airflow/example_dags/example_sensors.py for tasks to queue
[2023-05-06T23:42:46.438+0000] {logging_mixin.py:149} INFO - [2023-05-06T23:42:46.437+0000] {dagbag.py:541} INFO - Filling up the DagBag from /home/airflow/.local/lib/python3.7/site-packages/airflow/example_dags/example_sensors.py
[2023-05-06T23:42:46.446+0000] {processor.py:809} INFO - DAG(s) dict_keys(['example_sensors']) retrieved from /home/airflow/.local/lib/python3.7/site-packages/airflow/example_dags/example_sensors.py
[2023-05-06T23:42:46.485+0000] {logging_mixin.py:149} INFO - [2023-05-06T23:42:46.485+0000] {dag.py:2726} INFO - Sync 1 DAGs
[2023-05-06T23:42:46.511+0000] {logging_mixin.py:149} INFO - [2023-05-06T23:42:46.511+0000] {dag.py:3490} INFO - Setting next_dagrun for example_sensors to None, run_after=None
[2023-05-06T23:42:46.530+0000] {processor.py:178} INFO - Processing /home/airflow/.local/lib/python3.7/site-packages/airflow/example_dags/example_sensors.py took 0.095 seconds
[2023-05-06T23:43:16.896+0000] {processor.py:156} INFO - Started process (PID=2132) to work on /home/airflow/.local/lib/python3.7/site-packages/airflow/example_dags/example_sensors.py
[2023-05-06T23:43:16.897+0000] {processor.py:799} INFO - Processing file /home/airflow/.local/lib/python3.7/site-packages/airflow/example_dags/example_sensors.py for tasks to queue
[2023-05-06T23:43:16.897+0000] {logging_mixin.py:149} INFO - [2023-05-06T23:43:16.897+0000] {dagbag.py:541} INFO - Filling up the DagBag from /home/airflow/.local/lib/python3.7/site-packages/airflow/example_dags/example_sensors.py
[2023-05-06T23:43:16.904+0000] {processor.py:809} INFO - DAG(s) dict_keys(['example_sensors']) retrieved from /home/airflow/.local/lib/python3.7/site-packages/airflow/example_dags/example_sensors.py
[2023-05-06T23:43:16.927+0000] {logging_mixin.py:149} INFO - [2023-05-06T23:43:16.926+0000] {dag.py:2726} INFO - Sync 1 DAGs
[2023-05-06T23:43:16.950+0000] {logging_mixin.py:149} INFO - [2023-05-06T23:43:16.950+0000] {dag.py:3490} INFO - Setting next_dagrun for example_sensors to None, run_after=None
[2023-05-06T23:43:16.969+0000] {processor.py:178} INFO - Processing /home/airflow/.local/lib/python3.7/site-packages/airflow/example_dags/example_sensors.py took 0.074 seconds
