[2023-05-06T23:25:02.768+0000] {processor.py:156} INFO - Started process (PID=53) to work on /home/airflow/.local/lib/python3.7/site-packages/airflow/example_dags/example_trigger_target_dag.py
[2023-05-06T23:25:02.768+0000] {processor.py:799} INFO - Processing file /home/airflow/.local/lib/python3.7/site-packages/airflow/example_dags/example_trigger_target_dag.py for tasks to queue
[2023-05-06T23:25:02.769+0000] {logging_mixin.py:149} INFO - [2023-05-06T23:25:02.769+0000] {dagbag.py:541} INFO - Filling up the DagBag from /home/airflow/.local/lib/python3.7/site-packages/airflow/example_dags/example_trigger_target_dag.py
[2023-05-06T23:25:02.776+0000] {processor.py:809} INFO - DAG(s) dict_keys(['example_trigger_target_dag']) retrieved from /home/airflow/.local/lib/python3.7/site-packages/airflow/example_dags/example_trigger_target_dag.py
[2023-05-06T23:25:02.790+0000] {logging_mixin.py:149} INFO - [2023-05-06T23:25:02.789+0000] {dag.py:2726} INFO - Sync 1 DAGs
[2023-05-06T23:25:02.823+0000] {logging_mixin.py:149} INFO - [2023-05-06T23:25:02.823+0000] {dag.py:3490} INFO - Setting next_dagrun for example_trigger_target_dag to None, run_after=None
[2023-05-06T23:25:02.845+0000] {processor.py:178} INFO - Processing /home/airflow/.local/lib/python3.7/site-packages/airflow/example_dags/example_trigger_target_dag.py took 0.079 seconds
[2023-05-06T23:25:32.916+0000] {processor.py:156} INFO - Started process (PID=110) to work on /home/airflow/.local/lib/python3.7/site-packages/airflow/example_dags/example_trigger_target_dag.py
[2023-05-06T23:25:32.916+0000] {processor.py:799} INFO - Processing file /home/airflow/.local/lib/python3.7/site-packages/airflow/example_dags/example_trigger_target_dag.py for tasks to queue
[2023-05-06T23:25:32.917+0000] {logging_mixin.py:149} INFO - [2023-05-06T23:25:32.917+0000] {dagbag.py:541} INFO - Filling up the DagBag from /home/airflow/.local/lib/python3.7/site-packages/airflow/example_dags/example_trigger_target_dag.py
[2023-05-06T23:25:32.920+0000] {processor.py:809} INFO - DAG(s) dict_keys(['example_trigger_target_dag']) retrieved from /home/airflow/.local/lib/python3.7/site-packages/airflow/example_dags/example_trigger_target_dag.py
[2023-05-06T23:25:32.938+0000] {logging_mixin.py:149} INFO - [2023-05-06T23:25:32.938+0000] {dag.py:2726} INFO - Sync 1 DAGs
[2023-05-06T23:25:32.961+0000] {logging_mixin.py:149} INFO - [2023-05-06T23:25:32.961+0000] {dag.py:3490} INFO - Setting next_dagrun for example_trigger_target_dag to None, run_after=None
[2023-05-06T23:25:32.977+0000] {processor.py:178} INFO - Processing /home/airflow/.local/lib/python3.7/site-packages/airflow/example_dags/example_trigger_target_dag.py took 0.063 seconds
[2023-05-06T23:26:03.861+0000] {processor.py:156} INFO - Started process (PID=168) to work on /home/airflow/.local/lib/python3.7/site-packages/airflow/example_dags/example_trigger_target_dag.py
[2023-05-06T23:26:03.862+0000] {processor.py:799} INFO - Processing file /home/airflow/.local/lib/python3.7/site-packages/airflow/example_dags/example_trigger_target_dag.py for tasks to queue
[2023-05-06T23:26:03.863+0000] {logging_mixin.py:149} INFO - [2023-05-06T23:26:03.863+0000] {dagbag.py:541} INFO - Filling up the DagBag from /home/airflow/.local/lib/python3.7/site-packages/airflow/example_dags/example_trigger_target_dag.py
[2023-05-06T23:26:03.871+0000] {processor.py:809} INFO - DAG(s) dict_keys(['example_trigger_target_dag']) retrieved from /home/airflow/.local/lib/python3.7/site-packages/airflow/example_dags/example_trigger_target_dag.py
[2023-05-06T23:26:03.895+0000] {logging_mixin.py:149} INFO - [2023-05-06T23:26:03.895+0000] {dag.py:2726} INFO - Sync 1 DAGs
[2023-05-06T23:26:03.920+0000] {logging_mixin.py:149} INFO - [2023-05-06T23:26:03.920+0000] {dag.py:3490} INFO - Setting next_dagrun for example_trigger_target_dag to None, run_after=None
[2023-05-06T23:26:03.938+0000] {processor.py:178} INFO - Processing /home/airflow/.local/lib/python3.7/site-packages/airflow/example_dags/example_trigger_target_dag.py took 0.082 seconds
[2023-05-06T23:26:34.474+0000] {processor.py:156} INFO - Started process (PID=225) to work on /home/airflow/.local/lib/python3.7/site-packages/airflow/example_dags/example_trigger_target_dag.py
[2023-05-06T23:26:34.475+0000] {processor.py:799} INFO - Processing file /home/airflow/.local/lib/python3.7/site-packages/airflow/example_dags/example_trigger_target_dag.py for tasks to queue
[2023-05-06T23:26:34.476+0000] {logging_mixin.py:149} INFO - [2023-05-06T23:26:34.476+0000] {dagbag.py:541} INFO - Filling up the DagBag from /home/airflow/.local/lib/python3.7/site-packages/airflow/example_dags/example_trigger_target_dag.py
[2023-05-06T23:26:34.484+0000] {processor.py:809} INFO - DAG(s) dict_keys(['example_trigger_target_dag']) retrieved from /home/airflow/.local/lib/python3.7/site-packages/airflow/example_dags/example_trigger_target_dag.py
[2023-05-06T23:26:34.524+0000] {logging_mixin.py:149} INFO - [2023-05-06T23:26:34.524+0000] {dag.py:2726} INFO - Sync 1 DAGs
[2023-05-06T23:26:34.550+0000] {logging_mixin.py:149} INFO - [2023-05-06T23:26:34.550+0000] {dag.py:3490} INFO - Setting next_dagrun for example_trigger_target_dag to None, run_after=None
[2023-05-06T23:26:34.568+0000] {processor.py:178} INFO - Processing /home/airflow/.local/lib/python3.7/site-packages/airflow/example_dags/example_trigger_target_dag.py took 0.098 seconds
[2023-05-06T23:27:04.996+0000] {processor.py:156} INFO - Started process (PID=283) to work on /home/airflow/.local/lib/python3.7/site-packages/airflow/example_dags/example_trigger_target_dag.py
[2023-05-06T23:27:04.998+0000] {processor.py:799} INFO - Processing file /home/airflow/.local/lib/python3.7/site-packages/airflow/example_dags/example_trigger_target_dag.py for tasks to queue
[2023-05-06T23:27:04.999+0000] {logging_mixin.py:149} INFO - [2023-05-06T23:27:04.999+0000] {dagbag.py:541} INFO - Filling up the DagBag from /home/airflow/.local/lib/python3.7/site-packages/airflow/example_dags/example_trigger_target_dag.py
[2023-05-06T23:27:05.005+0000] {processor.py:809} INFO - DAG(s) dict_keys(['example_trigger_target_dag']) retrieved from /home/airflow/.local/lib/python3.7/site-packages/airflow/example_dags/example_trigger_target_dag.py
[2023-05-06T23:27:05.036+0000] {logging_mixin.py:149} INFO - [2023-05-06T23:27:05.036+0000] {dag.py:2726} INFO - Sync 1 DAGs
[2023-05-06T23:27:05.061+0000] {logging_mixin.py:149} INFO - [2023-05-06T23:27:05.061+0000] {dag.py:3490} INFO - Setting next_dagrun for example_trigger_target_dag to None, run_after=None
[2023-05-06T23:27:05.078+0000] {processor.py:178} INFO - Processing /home/airflow/.local/lib/python3.7/site-packages/airflow/example_dags/example_trigger_target_dag.py took 0.085 seconds
[2023-05-06T23:27:35.529+0000] {processor.py:156} INFO - Started process (PID=341) to work on /home/airflow/.local/lib/python3.7/site-packages/airflow/example_dags/example_trigger_target_dag.py
[2023-05-06T23:27:35.530+0000] {processor.py:799} INFO - Processing file /home/airflow/.local/lib/python3.7/site-packages/airflow/example_dags/example_trigger_target_dag.py for tasks to queue
[2023-05-06T23:27:35.530+0000] {logging_mixin.py:149} INFO - [2023-05-06T23:27:35.530+0000] {dagbag.py:541} INFO - Filling up the DagBag from /home/airflow/.local/lib/python3.7/site-packages/airflow/example_dags/example_trigger_target_dag.py
[2023-05-06T23:27:35.535+0000] {processor.py:809} INFO - DAG(s) dict_keys(['example_trigger_target_dag']) retrieved from /home/airflow/.local/lib/python3.7/site-packages/airflow/example_dags/example_trigger_target_dag.py
[2023-05-06T23:27:35.553+0000] {logging_mixin.py:149} INFO - [2023-05-06T23:27:35.553+0000] {dag.py:2726} INFO - Sync 1 DAGs
[2023-05-06T23:27:35.575+0000] {logging_mixin.py:149} INFO - [2023-05-06T23:27:35.575+0000] {dag.py:3490} INFO - Setting next_dagrun for example_trigger_target_dag to None, run_after=None
[2023-05-06T23:27:35.593+0000] {processor.py:178} INFO - Processing /home/airflow/.local/lib/python3.7/site-packages/airflow/example_dags/example_trigger_target_dag.py took 0.066 seconds
[2023-05-06T23:28:05.947+0000] {processor.py:156} INFO - Started process (PID=399) to work on /home/airflow/.local/lib/python3.7/site-packages/airflow/example_dags/example_trigger_target_dag.py
[2023-05-06T23:28:05.948+0000] {processor.py:799} INFO - Processing file /home/airflow/.local/lib/python3.7/site-packages/airflow/example_dags/example_trigger_target_dag.py for tasks to queue
[2023-05-06T23:28:05.948+0000] {logging_mixin.py:149} INFO - [2023-05-06T23:28:05.948+0000] {dagbag.py:541} INFO - Filling up the DagBag from /home/airflow/.local/lib/python3.7/site-packages/airflow/example_dags/example_trigger_target_dag.py
[2023-05-06T23:28:05.952+0000] {processor.py:809} INFO - DAG(s) dict_keys(['example_trigger_target_dag']) retrieved from /home/airflow/.local/lib/python3.7/site-packages/airflow/example_dags/example_trigger_target_dag.py
[2023-05-06T23:28:05.972+0000] {logging_mixin.py:149} INFO - [2023-05-06T23:28:05.972+0000] {dag.py:2726} INFO - Sync 1 DAGs
[2023-05-06T23:28:05.996+0000] {logging_mixin.py:149} INFO - [2023-05-06T23:28:05.996+0000] {dag.py:3490} INFO - Setting next_dagrun for example_trigger_target_dag to None, run_after=None
[2023-05-06T23:28:06.015+0000] {processor.py:178} INFO - Processing /home/airflow/.local/lib/python3.7/site-packages/airflow/example_dags/example_trigger_target_dag.py took 0.070 seconds
[2023-05-06T23:28:36.245+0000] {processor.py:156} INFO - Started process (PID=457) to work on /home/airflow/.local/lib/python3.7/site-packages/airflow/example_dags/example_trigger_target_dag.py
[2023-05-06T23:28:36.245+0000] {processor.py:799} INFO - Processing file /home/airflow/.local/lib/python3.7/site-packages/airflow/example_dags/example_trigger_target_dag.py for tasks to queue
[2023-05-06T23:28:36.246+0000] {logging_mixin.py:149} INFO - [2023-05-06T23:28:36.246+0000] {dagbag.py:541} INFO - Filling up the DagBag from /home/airflow/.local/lib/python3.7/site-packages/airflow/example_dags/example_trigger_target_dag.py
[2023-05-06T23:28:36.249+0000] {processor.py:809} INFO - DAG(s) dict_keys(['example_trigger_target_dag']) retrieved from /home/airflow/.local/lib/python3.7/site-packages/airflow/example_dags/example_trigger_target_dag.py
[2023-05-06T23:28:36.269+0000] {logging_mixin.py:149} INFO - [2023-05-06T23:28:36.269+0000] {dag.py:2726} INFO - Sync 1 DAGs
[2023-05-06T23:28:36.292+0000] {logging_mixin.py:149} INFO - [2023-05-06T23:28:36.292+0000] {dag.py:3490} INFO - Setting next_dagrun for example_trigger_target_dag to None, run_after=None
[2023-05-06T23:28:36.311+0000] {processor.py:178} INFO - Processing /home/airflow/.local/lib/python3.7/site-packages/airflow/example_dags/example_trigger_target_dag.py took 0.068 seconds
[2023-05-06T23:29:06.780+0000] {processor.py:156} INFO - Started process (PID=516) to work on /home/airflow/.local/lib/python3.7/site-packages/airflow/example_dags/example_trigger_target_dag.py
[2023-05-06T23:29:06.781+0000] {processor.py:799} INFO - Processing file /home/airflow/.local/lib/python3.7/site-packages/airflow/example_dags/example_trigger_target_dag.py for tasks to queue
[2023-05-06T23:29:06.782+0000] {logging_mixin.py:149} INFO - [2023-05-06T23:29:06.782+0000] {dagbag.py:541} INFO - Filling up the DagBag from /home/airflow/.local/lib/python3.7/site-packages/airflow/example_dags/example_trigger_target_dag.py
[2023-05-06T23:29:06.789+0000] {processor.py:809} INFO - DAG(s) dict_keys(['example_trigger_target_dag']) retrieved from /home/airflow/.local/lib/python3.7/site-packages/airflow/example_dags/example_trigger_target_dag.py
[2023-05-06T23:29:06.814+0000] {logging_mixin.py:149} INFO - [2023-05-06T23:29:06.814+0000] {dag.py:2726} INFO - Sync 1 DAGs
[2023-05-06T23:29:06.838+0000] {logging_mixin.py:149} INFO - [2023-05-06T23:29:06.837+0000] {dag.py:3490} INFO - Setting next_dagrun for example_trigger_target_dag to None, run_after=None
[2023-05-06T23:29:06.855+0000] {processor.py:178} INFO - Processing /home/airflow/.local/lib/python3.7/site-packages/airflow/example_dags/example_trigger_target_dag.py took 0.079 seconds
[2023-05-06T23:29:37.188+0000] {processor.py:156} INFO - Started process (PID=574) to work on /home/airflow/.local/lib/python3.7/site-packages/airflow/example_dags/example_trigger_target_dag.py
[2023-05-06T23:29:37.188+0000] {processor.py:799} INFO - Processing file /home/airflow/.local/lib/python3.7/site-packages/airflow/example_dags/example_trigger_target_dag.py for tasks to queue
[2023-05-06T23:29:37.189+0000] {logging_mixin.py:149} INFO - [2023-05-06T23:29:37.189+0000] {dagbag.py:541} INFO - Filling up the DagBag from /home/airflow/.local/lib/python3.7/site-packages/airflow/example_dags/example_trigger_target_dag.py
[2023-05-06T23:29:37.193+0000] {processor.py:809} INFO - DAG(s) dict_keys(['example_trigger_target_dag']) retrieved from /home/airflow/.local/lib/python3.7/site-packages/airflow/example_dags/example_trigger_target_dag.py
[2023-05-06T23:29:37.214+0000] {logging_mixin.py:149} INFO - [2023-05-06T23:29:37.214+0000] {dag.py:2726} INFO - Sync 1 DAGs
[2023-05-06T23:29:37.235+0000] {logging_mixin.py:149} INFO - [2023-05-06T23:29:37.235+0000] {dag.py:3490} INFO - Setting next_dagrun for example_trigger_target_dag to None, run_after=None
[2023-05-06T23:29:37.252+0000] {processor.py:178} INFO - Processing /home/airflow/.local/lib/python3.7/site-packages/airflow/example_dags/example_trigger_target_dag.py took 0.067 seconds
[2023-05-06T23:30:07.781+0000] {processor.py:156} INFO - Started process (PID=632) to work on /home/airflow/.local/lib/python3.7/site-packages/airflow/example_dags/example_trigger_target_dag.py
[2023-05-06T23:30:07.782+0000] {processor.py:799} INFO - Processing file /home/airflow/.local/lib/python3.7/site-packages/airflow/example_dags/example_trigger_target_dag.py for tasks to queue
[2023-05-06T23:30:07.782+0000] {logging_mixin.py:149} INFO - [2023-05-06T23:30:07.782+0000] {dagbag.py:541} INFO - Filling up the DagBag from /home/airflow/.local/lib/python3.7/site-packages/airflow/example_dags/example_trigger_target_dag.py
[2023-05-06T23:30:07.786+0000] {processor.py:809} INFO - DAG(s) dict_keys(['example_trigger_target_dag']) retrieved from /home/airflow/.local/lib/python3.7/site-packages/airflow/example_dags/example_trigger_target_dag.py
[2023-05-06T23:30:07.805+0000] {logging_mixin.py:149} INFO - [2023-05-06T23:30:07.805+0000] {dag.py:2726} INFO - Sync 1 DAGs
[2023-05-06T23:30:07.828+0000] {logging_mixin.py:149} INFO - [2023-05-06T23:30:07.828+0000] {dag.py:3490} INFO - Setting next_dagrun for example_trigger_target_dag to None, run_after=None
[2023-05-06T23:30:07.846+0000] {processor.py:178} INFO - Processing /home/airflow/.local/lib/python3.7/site-packages/airflow/example_dags/example_trigger_target_dag.py took 0.067 seconds
[2023-05-06T23:30:38.055+0000] {processor.py:156} INFO - Started process (PID=690) to work on /home/airflow/.local/lib/python3.7/site-packages/airflow/example_dags/example_trigger_target_dag.py
[2023-05-06T23:30:38.056+0000] {processor.py:799} INFO - Processing file /home/airflow/.local/lib/python3.7/site-packages/airflow/example_dags/example_trigger_target_dag.py for tasks to queue
[2023-05-06T23:30:38.056+0000] {logging_mixin.py:149} INFO - [2023-05-06T23:30:38.056+0000] {dagbag.py:541} INFO - Filling up the DagBag from /home/airflow/.local/lib/python3.7/site-packages/airflow/example_dags/example_trigger_target_dag.py
[2023-05-06T23:30:38.060+0000] {processor.py:809} INFO - DAG(s) dict_keys(['example_trigger_target_dag']) retrieved from /home/airflow/.local/lib/python3.7/site-packages/airflow/example_dags/example_trigger_target_dag.py
[2023-05-06T23:30:38.079+0000] {logging_mixin.py:149} INFO - [2023-05-06T23:30:38.078+0000] {dag.py:2726} INFO - Sync 1 DAGs
[2023-05-06T23:30:38.105+0000] {logging_mixin.py:149} INFO - [2023-05-06T23:30:38.105+0000] {dag.py:3490} INFO - Setting next_dagrun for example_trigger_target_dag to None, run_after=None
[2023-05-06T23:30:38.128+0000] {processor.py:178} INFO - Processing /home/airflow/.local/lib/python3.7/site-packages/airflow/example_dags/example_trigger_target_dag.py took 0.075 seconds
[2023-05-06T23:31:08.573+0000] {processor.py:156} INFO - Started process (PID=747) to work on /home/airflow/.local/lib/python3.7/site-packages/airflow/example_dags/example_trigger_target_dag.py
[2023-05-06T23:31:08.574+0000] {processor.py:799} INFO - Processing file /home/airflow/.local/lib/python3.7/site-packages/airflow/example_dags/example_trigger_target_dag.py for tasks to queue
[2023-05-06T23:31:08.574+0000] {logging_mixin.py:149} INFO - [2023-05-06T23:31:08.574+0000] {dagbag.py:541} INFO - Filling up the DagBag from /home/airflow/.local/lib/python3.7/site-packages/airflow/example_dags/example_trigger_target_dag.py
[2023-05-06T23:31:08.579+0000] {processor.py:809} INFO - DAG(s) dict_keys(['example_trigger_target_dag']) retrieved from /home/airflow/.local/lib/python3.7/site-packages/airflow/example_dags/example_trigger_target_dag.py
[2023-05-06T23:31:08.599+0000] {logging_mixin.py:149} INFO - [2023-05-06T23:31:08.599+0000] {dag.py:2726} INFO - Sync 1 DAGs
[2023-05-06T23:31:08.622+0000] {logging_mixin.py:149} INFO - [2023-05-06T23:31:08.622+0000] {dag.py:3490} INFO - Setting next_dagrun for example_trigger_target_dag to None, run_after=None
[2023-05-06T23:31:08.638+0000] {processor.py:178} INFO - Processing /home/airflow/.local/lib/python3.7/site-packages/airflow/example_dags/example_trigger_target_dag.py took 0.067 seconds
[2023-05-06T23:31:38.852+0000] {processor.py:156} INFO - Started process (PID=805) to work on /home/airflow/.local/lib/python3.7/site-packages/airflow/example_dags/example_trigger_target_dag.py
[2023-05-06T23:31:38.853+0000] {processor.py:799} INFO - Processing file /home/airflow/.local/lib/python3.7/site-packages/airflow/example_dags/example_trigger_target_dag.py for tasks to queue
[2023-05-06T23:31:38.853+0000] {logging_mixin.py:149} INFO - [2023-05-06T23:31:38.853+0000] {dagbag.py:541} INFO - Filling up the DagBag from /home/airflow/.local/lib/python3.7/site-packages/airflow/example_dags/example_trigger_target_dag.py
[2023-05-06T23:31:38.858+0000] {processor.py:809} INFO - DAG(s) dict_keys(['example_trigger_target_dag']) retrieved from /home/airflow/.local/lib/python3.7/site-packages/airflow/example_dags/example_trigger_target_dag.py
[2023-05-06T23:31:38.878+0000] {logging_mixin.py:149} INFO - [2023-05-06T23:31:38.877+0000] {dag.py:2726} INFO - Sync 1 DAGs
[2023-05-06T23:31:38.901+0000] {logging_mixin.py:149} INFO - [2023-05-06T23:31:38.900+0000] {dag.py:3490} INFO - Setting next_dagrun for example_trigger_target_dag to None, run_after=None
[2023-05-06T23:31:38.920+0000] {processor.py:178} INFO - Processing /home/airflow/.local/lib/python3.7/site-packages/airflow/example_dags/example_trigger_target_dag.py took 0.070 seconds
[2023-05-06T23:32:09.436+0000] {processor.py:156} INFO - Started process (PID=863) to work on /home/airflow/.local/lib/python3.7/site-packages/airflow/example_dags/example_trigger_target_dag.py
[2023-05-06T23:32:09.437+0000] {processor.py:799} INFO - Processing file /home/airflow/.local/lib/python3.7/site-packages/airflow/example_dags/example_trigger_target_dag.py for tasks to queue
[2023-05-06T23:32:09.437+0000] {logging_mixin.py:149} INFO - [2023-05-06T23:32:09.437+0000] {dagbag.py:541} INFO - Filling up the DagBag from /home/airflow/.local/lib/python3.7/site-packages/airflow/example_dags/example_trigger_target_dag.py
[2023-05-06T23:32:09.441+0000] {processor.py:809} INFO - DAG(s) dict_keys(['example_trigger_target_dag']) retrieved from /home/airflow/.local/lib/python3.7/site-packages/airflow/example_dags/example_trigger_target_dag.py
[2023-05-06T23:32:09.461+0000] {logging_mixin.py:149} INFO - [2023-05-06T23:32:09.461+0000] {dag.py:2726} INFO - Sync 1 DAGs
[2023-05-06T23:32:09.485+0000] {logging_mixin.py:149} INFO - [2023-05-06T23:32:09.484+0000] {dag.py:3490} INFO - Setting next_dagrun for example_trigger_target_dag to None, run_after=None
[2023-05-06T23:32:09.503+0000] {processor.py:178} INFO - Processing /home/airflow/.local/lib/python3.7/site-packages/airflow/example_dags/example_trigger_target_dag.py took 0.070 seconds
[2023-05-06T23:32:39.867+0000] {processor.py:156} INFO - Started process (PID=921) to work on /home/airflow/.local/lib/python3.7/site-packages/airflow/example_dags/example_trigger_target_dag.py
[2023-05-06T23:32:39.867+0000] {processor.py:799} INFO - Processing file /home/airflow/.local/lib/python3.7/site-packages/airflow/example_dags/example_trigger_target_dag.py for tasks to queue
[2023-05-06T23:32:39.868+0000] {logging_mixin.py:149} INFO - [2023-05-06T23:32:39.868+0000] {dagbag.py:541} INFO - Filling up the DagBag from /home/airflow/.local/lib/python3.7/site-packages/airflow/example_dags/example_trigger_target_dag.py
[2023-05-06T23:32:39.871+0000] {processor.py:809} INFO - DAG(s) dict_keys(['example_trigger_target_dag']) retrieved from /home/airflow/.local/lib/python3.7/site-packages/airflow/example_dags/example_trigger_target_dag.py
[2023-05-06T23:32:39.891+0000] {logging_mixin.py:149} INFO - [2023-05-06T23:32:39.891+0000] {dag.py:2726} INFO - Sync 1 DAGs
[2023-05-06T23:32:39.914+0000] {logging_mixin.py:149} INFO - [2023-05-06T23:32:39.914+0000] {dag.py:3490} INFO - Setting next_dagrun for example_trigger_target_dag to None, run_after=None
[2023-05-06T23:32:39.933+0000] {processor.py:178} INFO - Processing /home/airflow/.local/lib/python3.7/site-packages/airflow/example_dags/example_trigger_target_dag.py took 0.069 seconds
[2023-05-06T23:33:10.284+0000] {processor.py:156} INFO - Started process (PID=979) to work on /home/airflow/.local/lib/python3.7/site-packages/airflow/example_dags/example_trigger_target_dag.py
[2023-05-06T23:33:10.285+0000] {processor.py:799} INFO - Processing file /home/airflow/.local/lib/python3.7/site-packages/airflow/example_dags/example_trigger_target_dag.py for tasks to queue
[2023-05-06T23:33:10.286+0000] {logging_mixin.py:149} INFO - [2023-05-06T23:33:10.286+0000] {dagbag.py:541} INFO - Filling up the DagBag from /home/airflow/.local/lib/python3.7/site-packages/airflow/example_dags/example_trigger_target_dag.py
[2023-05-06T23:33:10.293+0000] {processor.py:809} INFO - DAG(s) dict_keys(['example_trigger_target_dag']) retrieved from /home/airflow/.local/lib/python3.7/site-packages/airflow/example_dags/example_trigger_target_dag.py
[2023-05-06T23:33:10.314+0000] {logging_mixin.py:149} INFO - [2023-05-06T23:33:10.314+0000] {dag.py:2726} INFO - Sync 1 DAGs
[2023-05-06T23:33:10.337+0000] {logging_mixin.py:149} INFO - [2023-05-06T23:33:10.337+0000] {dag.py:3490} INFO - Setting next_dagrun for example_trigger_target_dag to None, run_after=None
[2023-05-06T23:33:10.354+0000] {processor.py:178} INFO - Processing /home/airflow/.local/lib/python3.7/site-packages/airflow/example_dags/example_trigger_target_dag.py took 0.075 seconds
[2023-05-06T23:33:40.647+0000] {processor.py:156} INFO - Started process (PID=1038) to work on /home/airflow/.local/lib/python3.7/site-packages/airflow/example_dags/example_trigger_target_dag.py
[2023-05-06T23:33:40.648+0000] {processor.py:799} INFO - Processing file /home/airflow/.local/lib/python3.7/site-packages/airflow/example_dags/example_trigger_target_dag.py for tasks to queue
[2023-05-06T23:33:40.649+0000] {logging_mixin.py:149} INFO - [2023-05-06T23:33:40.649+0000] {dagbag.py:541} INFO - Filling up the DagBag from /home/airflow/.local/lib/python3.7/site-packages/airflow/example_dags/example_trigger_target_dag.py
[2023-05-06T23:33:40.653+0000] {processor.py:809} INFO - DAG(s) dict_keys(['example_trigger_target_dag']) retrieved from /home/airflow/.local/lib/python3.7/site-packages/airflow/example_dags/example_trigger_target_dag.py
[2023-05-06T23:33:40.673+0000] {logging_mixin.py:149} INFO - [2023-05-06T23:33:40.673+0000] {dag.py:2726} INFO - Sync 1 DAGs
[2023-05-06T23:33:40.696+0000] {logging_mixin.py:149} INFO - [2023-05-06T23:33:40.696+0000] {dag.py:3490} INFO - Setting next_dagrun for example_trigger_target_dag to None, run_after=None
[2023-05-06T23:33:40.713+0000] {processor.py:178} INFO - Processing /home/airflow/.local/lib/python3.7/site-packages/airflow/example_dags/example_trigger_target_dag.py took 0.068 seconds
[2023-05-06T23:34:10.974+0000] {processor.py:156} INFO - Started process (PID=1096) to work on /home/airflow/.local/lib/python3.7/site-packages/airflow/example_dags/example_trigger_target_dag.py
[2023-05-06T23:34:10.975+0000] {processor.py:799} INFO - Processing file /home/airflow/.local/lib/python3.7/site-packages/airflow/example_dags/example_trigger_target_dag.py for tasks to queue
[2023-05-06T23:34:10.975+0000] {logging_mixin.py:149} INFO - [2023-05-06T23:34:10.975+0000] {dagbag.py:541} INFO - Filling up the DagBag from /home/airflow/.local/lib/python3.7/site-packages/airflow/example_dags/example_trigger_target_dag.py
[2023-05-06T23:34:10.979+0000] {processor.py:809} INFO - DAG(s) dict_keys(['example_trigger_target_dag']) retrieved from /home/airflow/.local/lib/python3.7/site-packages/airflow/example_dags/example_trigger_target_dag.py
[2023-05-06T23:34:11.007+0000] {logging_mixin.py:149} INFO - [2023-05-06T23:34:11.006+0000] {dag.py:2726} INFO - Sync 1 DAGs
[2023-05-06T23:34:11.035+0000] {logging_mixin.py:149} INFO - [2023-05-06T23:34:11.035+0000] {dag.py:3490} INFO - Setting next_dagrun for example_trigger_target_dag to None, run_after=None
[2023-05-06T23:34:11.052+0000] {processor.py:178} INFO - Processing /home/airflow/.local/lib/python3.7/site-packages/airflow/example_dags/example_trigger_target_dag.py took 0.080 seconds
[2023-05-06T23:34:41.498+0000] {processor.py:156} INFO - Started process (PID=1154) to work on /home/airflow/.local/lib/python3.7/site-packages/airflow/example_dags/example_trigger_target_dag.py
[2023-05-06T23:34:41.499+0000] {processor.py:799} INFO - Processing file /home/airflow/.local/lib/python3.7/site-packages/airflow/example_dags/example_trigger_target_dag.py for tasks to queue
[2023-05-06T23:34:41.499+0000] {logging_mixin.py:149} INFO - [2023-05-06T23:34:41.499+0000] {dagbag.py:541} INFO - Filling up the DagBag from /home/airflow/.local/lib/python3.7/site-packages/airflow/example_dags/example_trigger_target_dag.py
[2023-05-06T23:34:41.503+0000] {processor.py:809} INFO - DAG(s) dict_keys(['example_trigger_target_dag']) retrieved from /home/airflow/.local/lib/python3.7/site-packages/airflow/example_dags/example_trigger_target_dag.py
[2023-05-06T23:34:41.521+0000] {logging_mixin.py:149} INFO - [2023-05-06T23:34:41.520+0000] {dag.py:2726} INFO - Sync 1 DAGs
[2023-05-06T23:34:41.543+0000] {logging_mixin.py:149} INFO - [2023-05-06T23:34:41.543+0000] {dag.py:3490} INFO - Setting next_dagrun for example_trigger_target_dag to None, run_after=None
[2023-05-06T23:34:41.559+0000] {processor.py:178} INFO - Processing /home/airflow/.local/lib/python3.7/site-packages/airflow/example_dags/example_trigger_target_dag.py took 0.063 seconds
[2023-05-06T23:35:12.098+0000] {processor.py:156} INFO - Started process (PID=1212) to work on /home/airflow/.local/lib/python3.7/site-packages/airflow/example_dags/example_trigger_target_dag.py
[2023-05-06T23:35:12.098+0000] {processor.py:799} INFO - Processing file /home/airflow/.local/lib/python3.7/site-packages/airflow/example_dags/example_trigger_target_dag.py for tasks to queue
[2023-05-06T23:35:12.099+0000] {logging_mixin.py:149} INFO - [2023-05-06T23:35:12.099+0000] {dagbag.py:541} INFO - Filling up the DagBag from /home/airflow/.local/lib/python3.7/site-packages/airflow/example_dags/example_trigger_target_dag.py
[2023-05-06T23:35:12.103+0000] {processor.py:809} INFO - DAG(s) dict_keys(['example_trigger_target_dag']) retrieved from /home/airflow/.local/lib/python3.7/site-packages/airflow/example_dags/example_trigger_target_dag.py
[2023-05-06T23:35:12.121+0000] {logging_mixin.py:149} INFO - [2023-05-06T23:35:12.121+0000] {dag.py:2726} INFO - Sync 1 DAGs
[2023-05-06T23:35:12.144+0000] {logging_mixin.py:149} INFO - [2023-05-06T23:35:12.143+0000] {dag.py:3490} INFO - Setting next_dagrun for example_trigger_target_dag to None, run_after=None
[2023-05-06T23:35:12.162+0000] {processor.py:178} INFO - Processing /home/airflow/.local/lib/python3.7/site-packages/airflow/example_dags/example_trigger_target_dag.py took 0.066 seconds
[2023-05-06T23:35:42.579+0000] {processor.py:156} INFO - Started process (PID=1270) to work on /home/airflow/.local/lib/python3.7/site-packages/airflow/example_dags/example_trigger_target_dag.py
[2023-05-06T23:35:42.579+0000] {processor.py:799} INFO - Processing file /home/airflow/.local/lib/python3.7/site-packages/airflow/example_dags/example_trigger_target_dag.py for tasks to queue
[2023-05-06T23:35:42.580+0000] {logging_mixin.py:149} INFO - [2023-05-06T23:35:42.580+0000] {dagbag.py:541} INFO - Filling up the DagBag from /home/airflow/.local/lib/python3.7/site-packages/airflow/example_dags/example_trigger_target_dag.py
[2023-05-06T23:35:42.583+0000] {processor.py:809} INFO - DAG(s) dict_keys(['example_trigger_target_dag']) retrieved from /home/airflow/.local/lib/python3.7/site-packages/airflow/example_dags/example_trigger_target_dag.py
[2023-05-06T23:35:42.603+0000] {logging_mixin.py:149} INFO - [2023-05-06T23:35:42.603+0000] {dag.py:2726} INFO - Sync 1 DAGs
[2023-05-06T23:35:42.625+0000] {logging_mixin.py:149} INFO - [2023-05-06T23:35:42.625+0000] {dag.py:3490} INFO - Setting next_dagrun for example_trigger_target_dag to None, run_after=None
[2023-05-06T23:35:42.642+0000] {processor.py:178} INFO - Processing /home/airflow/.local/lib/python3.7/site-packages/airflow/example_dags/example_trigger_target_dag.py took 0.065 seconds
[2023-05-06T23:36:12.957+0000] {processor.py:156} INFO - Started process (PID=1328) to work on /home/airflow/.local/lib/python3.7/site-packages/airflow/example_dags/example_trigger_target_dag.py
[2023-05-06T23:36:12.958+0000] {processor.py:799} INFO - Processing file /home/airflow/.local/lib/python3.7/site-packages/airflow/example_dags/example_trigger_target_dag.py for tasks to queue
[2023-05-06T23:36:12.958+0000] {logging_mixin.py:149} INFO - [2023-05-06T23:36:12.958+0000] {dagbag.py:541} INFO - Filling up the DagBag from /home/airflow/.local/lib/python3.7/site-packages/airflow/example_dags/example_trigger_target_dag.py
[2023-05-06T23:36:12.962+0000] {processor.py:809} INFO - DAG(s) dict_keys(['example_trigger_target_dag']) retrieved from /home/airflow/.local/lib/python3.7/site-packages/airflow/example_dags/example_trigger_target_dag.py
[2023-05-06T23:36:12.979+0000] {logging_mixin.py:149} INFO - [2023-05-06T23:36:12.979+0000] {dag.py:2726} INFO - Sync 1 DAGs
[2023-05-06T23:36:13.002+0000] {logging_mixin.py:149} INFO - [2023-05-06T23:36:13.002+0000] {dag.py:3490} INFO - Setting next_dagrun for example_trigger_target_dag to None, run_after=None
[2023-05-06T23:36:13.019+0000] {processor.py:178} INFO - Processing /home/airflow/.local/lib/python3.7/site-packages/airflow/example_dags/example_trigger_target_dag.py took 0.065 seconds
[2023-05-06T23:36:43.500+0000] {processor.py:156} INFO - Started process (PID=1386) to work on /home/airflow/.local/lib/python3.7/site-packages/airflow/example_dags/example_trigger_target_dag.py
[2023-05-06T23:36:43.501+0000] {processor.py:799} INFO - Processing file /home/airflow/.local/lib/python3.7/site-packages/airflow/example_dags/example_trigger_target_dag.py for tasks to queue
[2023-05-06T23:36:43.502+0000] {logging_mixin.py:149} INFO - [2023-05-06T23:36:43.502+0000] {dagbag.py:541} INFO - Filling up the DagBag from /home/airflow/.local/lib/python3.7/site-packages/airflow/example_dags/example_trigger_target_dag.py
[2023-05-06T23:36:43.511+0000] {processor.py:809} INFO - DAG(s) dict_keys(['example_trigger_target_dag']) retrieved from /home/airflow/.local/lib/python3.7/site-packages/airflow/example_dags/example_trigger_target_dag.py
[2023-05-06T23:36:43.540+0000] {logging_mixin.py:149} INFO - [2023-05-06T23:36:43.540+0000] {dag.py:2726} INFO - Sync 1 DAGs
[2023-05-06T23:36:43.571+0000] {logging_mixin.py:149} INFO - [2023-05-06T23:36:43.571+0000] {dag.py:3490} INFO - Setting next_dagrun for example_trigger_target_dag to None, run_after=None
[2023-05-06T23:36:43.594+0000] {processor.py:178} INFO - Processing /home/airflow/.local/lib/python3.7/site-packages/airflow/example_dags/example_trigger_target_dag.py took 0.097 seconds
[2023-05-06T23:37:14.110+0000] {processor.py:156} INFO - Started process (PID=1444) to work on /home/airflow/.local/lib/python3.7/site-packages/airflow/example_dags/example_trigger_target_dag.py
[2023-05-06T23:37:14.111+0000] {processor.py:799} INFO - Processing file /home/airflow/.local/lib/python3.7/site-packages/airflow/example_dags/example_trigger_target_dag.py for tasks to queue
[2023-05-06T23:37:14.111+0000] {logging_mixin.py:149} INFO - [2023-05-06T23:37:14.111+0000] {dagbag.py:541} INFO - Filling up the DagBag from /home/airflow/.local/lib/python3.7/site-packages/airflow/example_dags/example_trigger_target_dag.py
[2023-05-06T23:37:14.115+0000] {processor.py:809} INFO - DAG(s) dict_keys(['example_trigger_target_dag']) retrieved from /home/airflow/.local/lib/python3.7/site-packages/airflow/example_dags/example_trigger_target_dag.py
[2023-05-06T23:37:14.134+0000] {logging_mixin.py:149} INFO - [2023-05-06T23:37:14.134+0000] {dag.py:2726} INFO - Sync 1 DAGs
[2023-05-06T23:37:14.156+0000] {logging_mixin.py:149} INFO - [2023-05-06T23:37:14.156+0000] {dag.py:3490} INFO - Setting next_dagrun for example_trigger_target_dag to None, run_after=None
[2023-05-06T23:37:14.172+0000] {processor.py:178} INFO - Processing /home/airflow/.local/lib/python3.7/site-packages/airflow/example_dags/example_trigger_target_dag.py took 0.064 seconds
[2023-05-06T23:37:44.767+0000] {processor.py:156} INFO - Started process (PID=1502) to work on /home/airflow/.local/lib/python3.7/site-packages/airflow/example_dags/example_trigger_target_dag.py
[2023-05-06T23:37:44.768+0000] {processor.py:799} INFO - Processing file /home/airflow/.local/lib/python3.7/site-packages/airflow/example_dags/example_trigger_target_dag.py for tasks to queue
[2023-05-06T23:37:44.769+0000] {logging_mixin.py:149} INFO - [2023-05-06T23:37:44.769+0000] {dagbag.py:541} INFO - Filling up the DagBag from /home/airflow/.local/lib/python3.7/site-packages/airflow/example_dags/example_trigger_target_dag.py
[2023-05-06T23:37:44.776+0000] {processor.py:809} INFO - DAG(s) dict_keys(['example_trigger_target_dag']) retrieved from /home/airflow/.local/lib/python3.7/site-packages/airflow/example_dags/example_trigger_target_dag.py
[2023-05-06T23:37:44.810+0000] {logging_mixin.py:149} INFO - [2023-05-06T23:37:44.809+0000] {dag.py:2726} INFO - Sync 1 DAGs
[2023-05-06T23:37:44.838+0000] {logging_mixin.py:149} INFO - [2023-05-06T23:37:44.837+0000] {dag.py:3490} INFO - Setting next_dagrun for example_trigger_target_dag to None, run_after=None
[2023-05-06T23:37:44.857+0000] {processor.py:178} INFO - Processing /home/airflow/.local/lib/python3.7/site-packages/airflow/example_dags/example_trigger_target_dag.py took 0.094 seconds
[2023-05-06T23:38:15.375+0000] {processor.py:156} INFO - Started process (PID=1560) to work on /home/airflow/.local/lib/python3.7/site-packages/airflow/example_dags/example_trigger_target_dag.py
[2023-05-06T23:38:15.375+0000] {processor.py:799} INFO - Processing file /home/airflow/.local/lib/python3.7/site-packages/airflow/example_dags/example_trigger_target_dag.py for tasks to queue
[2023-05-06T23:38:15.376+0000] {logging_mixin.py:149} INFO - [2023-05-06T23:38:15.376+0000] {dagbag.py:541} INFO - Filling up the DagBag from /home/airflow/.local/lib/python3.7/site-packages/airflow/example_dags/example_trigger_target_dag.py
[2023-05-06T23:38:15.379+0000] {processor.py:809} INFO - DAG(s) dict_keys(['example_trigger_target_dag']) retrieved from /home/airflow/.local/lib/python3.7/site-packages/airflow/example_dags/example_trigger_target_dag.py
[2023-05-06T23:38:15.399+0000] {logging_mixin.py:149} INFO - [2023-05-06T23:38:15.399+0000] {dag.py:2726} INFO - Sync 1 DAGs
[2023-05-06T23:38:15.421+0000] {logging_mixin.py:149} INFO - [2023-05-06T23:38:15.421+0000] {dag.py:3490} INFO - Setting next_dagrun for example_trigger_target_dag to None, run_after=None
[2023-05-06T23:38:15.438+0000] {processor.py:178} INFO - Processing /home/airflow/.local/lib/python3.7/site-packages/airflow/example_dags/example_trigger_target_dag.py took 0.065 seconds
[2023-05-06T23:38:45.532+0000] {processor.py:156} INFO - Started process (PID=1618) to work on /home/airflow/.local/lib/python3.7/site-packages/airflow/example_dags/example_trigger_target_dag.py
[2023-05-06T23:38:45.533+0000] {processor.py:799} INFO - Processing file /home/airflow/.local/lib/python3.7/site-packages/airflow/example_dags/example_trigger_target_dag.py for tasks to queue
[2023-05-06T23:38:45.533+0000] {logging_mixin.py:149} INFO - [2023-05-06T23:38:45.533+0000] {dagbag.py:541} INFO - Filling up the DagBag from /home/airflow/.local/lib/python3.7/site-packages/airflow/example_dags/example_trigger_target_dag.py
[2023-05-06T23:38:45.537+0000] {processor.py:809} INFO - DAG(s) dict_keys(['example_trigger_target_dag']) retrieved from /home/airflow/.local/lib/python3.7/site-packages/airflow/example_dags/example_trigger_target_dag.py
[2023-05-06T23:38:45.555+0000] {logging_mixin.py:149} INFO - [2023-05-06T23:38:45.555+0000] {dag.py:2726} INFO - Sync 1 DAGs
[2023-05-06T23:38:45.578+0000] {logging_mixin.py:149} INFO - [2023-05-06T23:38:45.578+0000] {dag.py:3490} INFO - Setting next_dagrun for example_trigger_target_dag to None, run_after=None
[2023-05-06T23:38:45.596+0000] {processor.py:178} INFO - Processing /home/airflow/.local/lib/python3.7/site-packages/airflow/example_dags/example_trigger_target_dag.py took 0.066 seconds
[2023-05-06T23:39:16.554+0000] {processor.py:156} INFO - Started process (PID=1676) to work on /home/airflow/.local/lib/python3.7/site-packages/airflow/example_dags/example_trigger_target_dag.py
[2023-05-06T23:39:16.555+0000] {processor.py:799} INFO - Processing file /home/airflow/.local/lib/python3.7/site-packages/airflow/example_dags/example_trigger_target_dag.py for tasks to queue
[2023-05-06T23:39:16.555+0000] {logging_mixin.py:149} INFO - [2023-05-06T23:39:16.555+0000] {dagbag.py:541} INFO - Filling up the DagBag from /home/airflow/.local/lib/python3.7/site-packages/airflow/example_dags/example_trigger_target_dag.py
[2023-05-06T23:39:16.559+0000] {processor.py:809} INFO - DAG(s) dict_keys(['example_trigger_target_dag']) retrieved from /home/airflow/.local/lib/python3.7/site-packages/airflow/example_dags/example_trigger_target_dag.py
[2023-05-06T23:39:16.580+0000] {logging_mixin.py:149} INFO - [2023-05-06T23:39:16.579+0000] {dag.py:2726} INFO - Sync 1 DAGs
[2023-05-06T23:39:16.601+0000] {logging_mixin.py:149} INFO - [2023-05-06T23:39:16.601+0000] {dag.py:3490} INFO - Setting next_dagrun for example_trigger_target_dag to None, run_after=None
[2023-05-06T23:39:16.618+0000] {processor.py:178} INFO - Processing /home/airflow/.local/lib/python3.7/site-packages/airflow/example_dags/example_trigger_target_dag.py took 0.066 seconds
[2023-05-06T23:39:46.896+0000] {processor.py:156} INFO - Started process (PID=1735) to work on /home/airflow/.local/lib/python3.7/site-packages/airflow/example_dags/example_trigger_target_dag.py
[2023-05-06T23:39:46.897+0000] {processor.py:799} INFO - Processing file /home/airflow/.local/lib/python3.7/site-packages/airflow/example_dags/example_trigger_target_dag.py for tasks to queue
[2023-05-06T23:39:46.897+0000] {logging_mixin.py:149} INFO - [2023-05-06T23:39:46.897+0000] {dagbag.py:541} INFO - Filling up the DagBag from /home/airflow/.local/lib/python3.7/site-packages/airflow/example_dags/example_trigger_target_dag.py
[2023-05-06T23:39:46.901+0000] {processor.py:809} INFO - DAG(s) dict_keys(['example_trigger_target_dag']) retrieved from /home/airflow/.local/lib/python3.7/site-packages/airflow/example_dags/example_trigger_target_dag.py
[2023-05-06T23:39:46.919+0000] {logging_mixin.py:149} INFO - [2023-05-06T23:39:46.919+0000] {dag.py:2726} INFO - Sync 1 DAGs
[2023-05-06T23:39:46.943+0000] {logging_mixin.py:149} INFO - [2023-05-06T23:39:46.943+0000] {dag.py:3490} INFO - Setting next_dagrun for example_trigger_target_dag to None, run_after=None
[2023-05-06T23:39:46.961+0000] {processor.py:178} INFO - Processing /home/airflow/.local/lib/python3.7/site-packages/airflow/example_dags/example_trigger_target_dag.py took 0.067 seconds
[2023-05-06T23:40:17.251+0000] {processor.py:156} INFO - Started process (PID=1793) to work on /home/airflow/.local/lib/python3.7/site-packages/airflow/example_dags/example_trigger_target_dag.py
[2023-05-06T23:40:17.252+0000] {processor.py:799} INFO - Processing file /home/airflow/.local/lib/python3.7/site-packages/airflow/example_dags/example_trigger_target_dag.py for tasks to queue
[2023-05-06T23:40:17.253+0000] {logging_mixin.py:149} INFO - [2023-05-06T23:40:17.253+0000] {dagbag.py:541} INFO - Filling up the DagBag from /home/airflow/.local/lib/python3.7/site-packages/airflow/example_dags/example_trigger_target_dag.py
[2023-05-06T23:40:17.262+0000] {processor.py:809} INFO - DAG(s) dict_keys(['example_trigger_target_dag']) retrieved from /home/airflow/.local/lib/python3.7/site-packages/airflow/example_dags/example_trigger_target_dag.py
[2023-05-06T23:40:17.283+0000] {logging_mixin.py:149} INFO - [2023-05-06T23:40:17.282+0000] {dag.py:2726} INFO - Sync 1 DAGs
[2023-05-06T23:40:17.305+0000] {logging_mixin.py:149} INFO - [2023-05-06T23:40:17.305+0000] {dag.py:3490} INFO - Setting next_dagrun for example_trigger_target_dag to None, run_after=None
[2023-05-06T23:40:17.322+0000] {processor.py:178} INFO - Processing /home/airflow/.local/lib/python3.7/site-packages/airflow/example_dags/example_trigger_target_dag.py took 0.076 seconds
[2023-05-06T23:40:47.584+0000] {processor.py:156} INFO - Started process (PID=1852) to work on /home/airflow/.local/lib/python3.7/site-packages/airflow/example_dags/example_trigger_target_dag.py
[2023-05-06T23:40:47.584+0000] {processor.py:799} INFO - Processing file /home/airflow/.local/lib/python3.7/site-packages/airflow/example_dags/example_trigger_target_dag.py for tasks to queue
[2023-05-06T23:40:47.585+0000] {logging_mixin.py:149} INFO - [2023-05-06T23:40:47.585+0000] {dagbag.py:541} INFO - Filling up the DagBag from /home/airflow/.local/lib/python3.7/site-packages/airflow/example_dags/example_trigger_target_dag.py
[2023-05-06T23:40:47.588+0000] {processor.py:809} INFO - DAG(s) dict_keys(['example_trigger_target_dag']) retrieved from /home/airflow/.local/lib/python3.7/site-packages/airflow/example_dags/example_trigger_target_dag.py
[2023-05-06T23:40:47.607+0000] {logging_mixin.py:149} INFO - [2023-05-06T23:40:47.607+0000] {dag.py:2726} INFO - Sync 1 DAGs
[2023-05-06T23:40:47.631+0000] {logging_mixin.py:149} INFO - [2023-05-06T23:40:47.631+0000] {dag.py:3490} INFO - Setting next_dagrun for example_trigger_target_dag to None, run_after=None
[2023-05-06T23:40:47.649+0000] {processor.py:178} INFO - Processing /home/airflow/.local/lib/python3.7/site-packages/airflow/example_dags/example_trigger_target_dag.py took 0.068 seconds
[2023-05-06T23:41:17.906+0000] {processor.py:156} INFO - Started process (PID=1910) to work on /home/airflow/.local/lib/python3.7/site-packages/airflow/example_dags/example_trigger_target_dag.py
[2023-05-06T23:41:17.907+0000] {processor.py:799} INFO - Processing file /home/airflow/.local/lib/python3.7/site-packages/airflow/example_dags/example_trigger_target_dag.py for tasks to queue
[2023-05-06T23:41:17.908+0000] {logging_mixin.py:149} INFO - [2023-05-06T23:41:17.908+0000] {dagbag.py:541} INFO - Filling up the DagBag from /home/airflow/.local/lib/python3.7/site-packages/airflow/example_dags/example_trigger_target_dag.py
[2023-05-06T23:41:17.913+0000] {processor.py:809} INFO - DAG(s) dict_keys(['example_trigger_target_dag']) retrieved from /home/airflow/.local/lib/python3.7/site-packages/airflow/example_dags/example_trigger_target_dag.py
[2023-05-06T23:41:17.931+0000] {logging_mixin.py:149} INFO - [2023-05-06T23:41:17.931+0000] {dag.py:2726} INFO - Sync 1 DAGs
[2023-05-06T23:41:17.954+0000] {logging_mixin.py:149} INFO - [2023-05-06T23:41:17.954+0000] {dag.py:3490} INFO - Setting next_dagrun for example_trigger_target_dag to None, run_after=None
[2023-05-06T23:41:17.976+0000] {processor.py:178} INFO - Processing /home/airflow/.local/lib/python3.7/site-packages/airflow/example_dags/example_trigger_target_dag.py took 0.072 seconds
[2023-05-06T23:41:48.243+0000] {processor.py:156} INFO - Started process (PID=1968) to work on /home/airflow/.local/lib/python3.7/site-packages/airflow/example_dags/example_trigger_target_dag.py
[2023-05-06T23:41:48.243+0000] {processor.py:799} INFO - Processing file /home/airflow/.local/lib/python3.7/site-packages/airflow/example_dags/example_trigger_target_dag.py for tasks to queue
[2023-05-06T23:41:48.244+0000] {logging_mixin.py:149} INFO - [2023-05-06T23:41:48.244+0000] {dagbag.py:541} INFO - Filling up the DagBag from /home/airflow/.local/lib/python3.7/site-packages/airflow/example_dags/example_trigger_target_dag.py
[2023-05-06T23:41:48.247+0000] {processor.py:809} INFO - DAG(s) dict_keys(['example_trigger_target_dag']) retrieved from /home/airflow/.local/lib/python3.7/site-packages/airflow/example_dags/example_trigger_target_dag.py
[2023-05-06T23:41:48.266+0000] {logging_mixin.py:149} INFO - [2023-05-06T23:41:48.266+0000] {dag.py:2726} INFO - Sync 1 DAGs
[2023-05-06T23:41:48.289+0000] {logging_mixin.py:149} INFO - [2023-05-06T23:41:48.289+0000] {dag.py:3490} INFO - Setting next_dagrun for example_trigger_target_dag to None, run_after=None
[2023-05-06T23:41:48.307+0000] {processor.py:178} INFO - Processing /home/airflow/.local/lib/python3.7/site-packages/airflow/example_dags/example_trigger_target_dag.py took 0.067 seconds
[2023-05-06T23:42:18.541+0000] {processor.py:156} INFO - Started process (PID=2026) to work on /home/airflow/.local/lib/python3.7/site-packages/airflow/example_dags/example_trigger_target_dag.py
[2023-05-06T23:42:18.541+0000] {processor.py:799} INFO - Processing file /home/airflow/.local/lib/python3.7/site-packages/airflow/example_dags/example_trigger_target_dag.py for tasks to queue
[2023-05-06T23:42:18.542+0000] {logging_mixin.py:149} INFO - [2023-05-06T23:42:18.542+0000] {dagbag.py:541} INFO - Filling up the DagBag from /home/airflow/.local/lib/python3.7/site-packages/airflow/example_dags/example_trigger_target_dag.py
[2023-05-06T23:42:18.546+0000] {processor.py:809} INFO - DAG(s) dict_keys(['example_trigger_target_dag']) retrieved from /home/airflow/.local/lib/python3.7/site-packages/airflow/example_dags/example_trigger_target_dag.py
[2023-05-06T23:42:18.567+0000] {logging_mixin.py:149} INFO - [2023-05-06T23:42:18.567+0000] {dag.py:2726} INFO - Sync 1 DAGs
[2023-05-06T23:42:18.592+0000] {logging_mixin.py:149} INFO - [2023-05-06T23:42:18.592+0000] {dag.py:3490} INFO - Setting next_dagrun for example_trigger_target_dag to None, run_after=None
[2023-05-06T23:42:18.611+0000] {processor.py:178} INFO - Processing /home/airflow/.local/lib/python3.7/site-packages/airflow/example_dags/example_trigger_target_dag.py took 0.073 seconds
[2023-05-06T23:42:49.039+0000] {processor.py:156} INFO - Started process (PID=2084) to work on /home/airflow/.local/lib/python3.7/site-packages/airflow/example_dags/example_trigger_target_dag.py
[2023-05-06T23:42:49.040+0000] {processor.py:799} INFO - Processing file /home/airflow/.local/lib/python3.7/site-packages/airflow/example_dags/example_trigger_target_dag.py for tasks to queue
[2023-05-06T23:42:49.041+0000] {logging_mixin.py:149} INFO - [2023-05-06T23:42:49.041+0000] {dagbag.py:541} INFO - Filling up the DagBag from /home/airflow/.local/lib/python3.7/site-packages/airflow/example_dags/example_trigger_target_dag.py
[2023-05-06T23:42:49.046+0000] {processor.py:809} INFO - DAG(s) dict_keys(['example_trigger_target_dag']) retrieved from /home/airflow/.local/lib/python3.7/site-packages/airflow/example_dags/example_trigger_target_dag.py
[2023-05-06T23:42:49.067+0000] {logging_mixin.py:149} INFO - [2023-05-06T23:42:49.067+0000] {dag.py:2726} INFO - Sync 1 DAGs
[2023-05-06T23:42:49.089+0000] {logging_mixin.py:149} INFO - [2023-05-06T23:42:49.089+0000] {dag.py:3490} INFO - Setting next_dagrun for example_trigger_target_dag to None, run_after=None
[2023-05-06T23:42:49.106+0000] {processor.py:178} INFO - Processing /home/airflow/.local/lib/python3.7/site-packages/airflow/example_dags/example_trigger_target_dag.py took 0.070 seconds
[2023-05-06T23:43:19.420+0000] {processor.py:156} INFO - Started process (PID=2142) to work on /home/airflow/.local/lib/python3.7/site-packages/airflow/example_dags/example_trigger_target_dag.py
[2023-05-06T23:43:19.420+0000] {processor.py:799} INFO - Processing file /home/airflow/.local/lib/python3.7/site-packages/airflow/example_dags/example_trigger_target_dag.py for tasks to queue
[2023-05-06T23:43:19.421+0000] {logging_mixin.py:149} INFO - [2023-05-06T23:43:19.421+0000] {dagbag.py:541} INFO - Filling up the DagBag from /home/airflow/.local/lib/python3.7/site-packages/airflow/example_dags/example_trigger_target_dag.py
[2023-05-06T23:43:19.425+0000] {processor.py:809} INFO - DAG(s) dict_keys(['example_trigger_target_dag']) retrieved from /home/airflow/.local/lib/python3.7/site-packages/airflow/example_dags/example_trigger_target_dag.py
[2023-05-06T23:43:19.446+0000] {logging_mixin.py:149} INFO - [2023-05-06T23:43:19.446+0000] {dag.py:2726} INFO - Sync 1 DAGs
[2023-05-06T23:43:19.472+0000] {logging_mixin.py:149} INFO - [2023-05-06T23:43:19.472+0000] {dag.py:3490} INFO - Setting next_dagrun for example_trigger_target_dag to None, run_after=None
[2023-05-06T23:43:19.490+0000] {processor.py:178} INFO - Processing /home/airflow/.local/lib/python3.7/site-packages/airflow/example_dags/example_trigger_target_dag.py took 0.072 seconds
