[2023-05-06T23:25:03.125+0000] {processor.py:156} INFO - Started process (PID=56) to work on /home/airflow/.local/lib/python3.7/site-packages/airflow/example_dags/example_external_task_marker_dag.py
[2023-05-06T23:25:03.126+0000] {processor.py:799} INFO - Processing file /home/airflow/.local/lib/python3.7/site-packages/airflow/example_dags/example_external_task_marker_dag.py for tasks to queue
[2023-05-06T23:25:03.127+0000] {logging_mixin.py:149} INFO - [2023-05-06T23:25:03.127+0000] {dagbag.py:541} INFO - Filling up the DagBag from /home/airflow/.local/lib/python3.7/site-packages/airflow/example_dags/example_external_task_marker_dag.py
[2023-05-06T23:25:03.132+0000] {processor.py:809} INFO - DAG(s) dict_keys(['example_external_task_marker_parent', 'example_external_task_marker_child']) retrieved from /home/airflow/.local/lib/python3.7/site-packages/airflow/example_dags/example_external_task_marker_dag.py
[2023-05-06T23:25:03.147+0000] {logging_mixin.py:149} INFO - [2023-05-06T23:25:03.147+0000] {dag.py:2726} INFO - Sync 2 DAGs
[2023-05-06T23:25:03.175+0000] {logging_mixin.py:149} INFO - [2023-05-06T23:25:03.175+0000] {dag.py:3490} INFO - Setting next_dagrun for example_external_task_marker_child to None, run_after=None
[2023-05-06T23:25:03.179+0000] {logging_mixin.py:149} INFO - [2023-05-06T23:25:03.179+0000] {dag.py:3490} INFO - Setting next_dagrun for example_external_task_marker_parent to None, run_after=None
[2023-05-06T23:25:03.196+0000] {processor.py:178} INFO - Processing /home/airflow/.local/lib/python3.7/site-packages/airflow/example_dags/example_external_task_marker_dag.py took 0.073 seconds
[2023-05-06T23:25:34.222+0000] {processor.py:156} INFO - Started process (PID=114) to work on /home/airflow/.local/lib/python3.7/site-packages/airflow/example_dags/example_external_task_marker_dag.py
[2023-05-06T23:25:34.222+0000] {processor.py:799} INFO - Processing file /home/airflow/.local/lib/python3.7/site-packages/airflow/example_dags/example_external_task_marker_dag.py for tasks to queue
[2023-05-06T23:25:34.223+0000] {logging_mixin.py:149} INFO - [2023-05-06T23:25:34.223+0000] {dagbag.py:541} INFO - Filling up the DagBag from /home/airflow/.local/lib/python3.7/site-packages/airflow/example_dags/example_external_task_marker_dag.py
[2023-05-06T23:25:34.226+0000] {processor.py:809} INFO - DAG(s) dict_keys(['example_external_task_marker_child', 'example_external_task_marker_parent']) retrieved from /home/airflow/.local/lib/python3.7/site-packages/airflow/example_dags/example_external_task_marker_dag.py
[2023-05-06T23:25:34.251+0000] {logging_mixin.py:149} INFO - [2023-05-06T23:25:34.251+0000] {dag.py:2726} INFO - Sync 2 DAGs
[2023-05-06T23:25:34.274+0000] {logging_mixin.py:149} INFO - [2023-05-06T23:25:34.274+0000] {dag.py:3490} INFO - Setting next_dagrun for example_external_task_marker_child to None, run_after=None
[2023-05-06T23:25:34.278+0000] {logging_mixin.py:149} INFO - [2023-05-06T23:25:34.277+0000] {dag.py:3490} INFO - Setting next_dagrun for example_external_task_marker_parent to None, run_after=None
[2023-05-06T23:25:34.293+0000] {processor.py:178} INFO - Processing /home/airflow/.local/lib/python3.7/site-packages/airflow/example_dags/example_external_task_marker_dag.py took 0.073 seconds
[2023-05-06T23:26:05.165+0000] {processor.py:156} INFO - Started process (PID=172) to work on /home/airflow/.local/lib/python3.7/site-packages/airflow/example_dags/example_external_task_marker_dag.py
[2023-05-06T23:26:05.166+0000] {processor.py:799} INFO - Processing file /home/airflow/.local/lib/python3.7/site-packages/airflow/example_dags/example_external_task_marker_dag.py for tasks to queue
[2023-05-06T23:26:05.166+0000] {logging_mixin.py:149} INFO - [2023-05-06T23:26:05.166+0000] {dagbag.py:541} INFO - Filling up the DagBag from /home/airflow/.local/lib/python3.7/site-packages/airflow/example_dags/example_external_task_marker_dag.py
[2023-05-06T23:26:05.170+0000] {processor.py:809} INFO - DAG(s) dict_keys(['example_external_task_marker_parent', 'example_external_task_marker_child']) retrieved from /home/airflow/.local/lib/python3.7/site-packages/airflow/example_dags/example_external_task_marker_dag.py
[2023-05-06T23:26:05.192+0000] {logging_mixin.py:149} INFO - [2023-05-06T23:26:05.192+0000] {dag.py:2726} INFO - Sync 2 DAGs
[2023-05-06T23:26:05.214+0000] {logging_mixin.py:149} INFO - [2023-05-06T23:26:05.214+0000] {dag.py:3490} INFO - Setting next_dagrun for example_external_task_marker_child to None, run_after=None
[2023-05-06T23:26:05.217+0000] {logging_mixin.py:149} INFO - [2023-05-06T23:26:05.217+0000] {dag.py:3490} INFO - Setting next_dagrun for example_external_task_marker_parent to None, run_after=None
[2023-05-06T23:26:05.233+0000] {processor.py:178} INFO - Processing /home/airflow/.local/lib/python3.7/site-packages/airflow/example_dags/example_external_task_marker_dag.py took 0.070 seconds
[2023-05-06T23:26:35.742+0000] {processor.py:156} INFO - Started process (PID=229) to work on /home/airflow/.local/lib/python3.7/site-packages/airflow/example_dags/example_external_task_marker_dag.py
[2023-05-06T23:26:35.744+0000] {processor.py:799} INFO - Processing file /home/airflow/.local/lib/python3.7/site-packages/airflow/example_dags/example_external_task_marker_dag.py for tasks to queue
[2023-05-06T23:26:35.744+0000] {logging_mixin.py:149} INFO - [2023-05-06T23:26:35.744+0000] {dagbag.py:541} INFO - Filling up the DagBag from /home/airflow/.local/lib/python3.7/site-packages/airflow/example_dags/example_external_task_marker_dag.py
[2023-05-06T23:26:35.753+0000] {processor.py:809} INFO - DAG(s) dict_keys(['example_external_task_marker_child', 'example_external_task_marker_parent']) retrieved from /home/airflow/.local/lib/python3.7/site-packages/airflow/example_dags/example_external_task_marker_dag.py
[2023-05-06T23:26:35.795+0000] {logging_mixin.py:149} INFO - [2023-05-06T23:26:35.794+0000] {dag.py:2726} INFO - Sync 2 DAGs
[2023-05-06T23:26:35.817+0000] {logging_mixin.py:149} INFO - [2023-05-06T23:26:35.817+0000] {dag.py:3490} INFO - Setting next_dagrun for example_external_task_marker_child to None, run_after=None
[2023-05-06T23:26:35.820+0000] {logging_mixin.py:149} INFO - [2023-05-06T23:26:35.820+0000] {dag.py:3490} INFO - Setting next_dagrun for example_external_task_marker_parent to None, run_after=None
[2023-05-06T23:26:35.835+0000] {processor.py:178} INFO - Processing /home/airflow/.local/lib/python3.7/site-packages/airflow/example_dags/example_external_task_marker_dag.py took 0.097 seconds
[2023-05-06T23:27:06.333+0000] {processor.py:156} INFO - Started process (PID=287) to work on /home/airflow/.local/lib/python3.7/site-packages/airflow/example_dags/example_external_task_marker_dag.py
[2023-05-06T23:27:06.334+0000] {processor.py:799} INFO - Processing file /home/airflow/.local/lib/python3.7/site-packages/airflow/example_dags/example_external_task_marker_dag.py for tasks to queue
[2023-05-06T23:27:06.334+0000] {logging_mixin.py:149} INFO - [2023-05-06T23:27:06.334+0000] {dagbag.py:541} INFO - Filling up the DagBag from /home/airflow/.local/lib/python3.7/site-packages/airflow/example_dags/example_external_task_marker_dag.py
[2023-05-06T23:27:06.338+0000] {processor.py:809} INFO - DAG(s) dict_keys(['example_external_task_marker_child', 'example_external_task_marker_parent']) retrieved from /home/airflow/.local/lib/python3.7/site-packages/airflow/example_dags/example_external_task_marker_dag.py
[2023-05-06T23:27:06.375+0000] {logging_mixin.py:149} INFO - [2023-05-06T23:27:06.375+0000] {dag.py:2726} INFO - Sync 2 DAGs
[2023-05-06T23:27:06.400+0000] {logging_mixin.py:149} INFO - [2023-05-06T23:27:06.400+0000] {dag.py:3490} INFO - Setting next_dagrun for example_external_task_marker_child to None, run_after=None
[2023-05-06T23:27:06.403+0000] {logging_mixin.py:149} INFO - [2023-05-06T23:27:06.403+0000] {dag.py:3490} INFO - Setting next_dagrun for example_external_task_marker_parent to None, run_after=None
[2023-05-06T23:27:06.419+0000] {processor.py:178} INFO - Processing /home/airflow/.local/lib/python3.7/site-packages/airflow/example_dags/example_external_task_marker_dag.py took 0.088 seconds
[2023-05-06T23:27:36.872+0000] {processor.py:156} INFO - Started process (PID=345) to work on /home/airflow/.local/lib/python3.7/site-packages/airflow/example_dags/example_external_task_marker_dag.py
[2023-05-06T23:27:36.872+0000] {processor.py:799} INFO - Processing file /home/airflow/.local/lib/python3.7/site-packages/airflow/example_dags/example_external_task_marker_dag.py for tasks to queue
[2023-05-06T23:27:36.873+0000] {logging_mixin.py:149} INFO - [2023-05-06T23:27:36.873+0000] {dagbag.py:541} INFO - Filling up the DagBag from /home/airflow/.local/lib/python3.7/site-packages/airflow/example_dags/example_external_task_marker_dag.py
[2023-05-06T23:27:36.877+0000] {processor.py:809} INFO - DAG(s) dict_keys(['example_external_task_marker_child', 'example_external_task_marker_parent']) retrieved from /home/airflow/.local/lib/python3.7/site-packages/airflow/example_dags/example_external_task_marker_dag.py
[2023-05-06T23:27:36.901+0000] {logging_mixin.py:149} INFO - [2023-05-06T23:27:36.900+0000] {dag.py:2726} INFO - Sync 2 DAGs
[2023-05-06T23:27:36.923+0000] {logging_mixin.py:149} INFO - [2023-05-06T23:27:36.923+0000] {dag.py:3490} INFO - Setting next_dagrun for example_external_task_marker_child to None, run_after=None
[2023-05-06T23:27:36.926+0000] {logging_mixin.py:149} INFO - [2023-05-06T23:27:36.926+0000] {dag.py:3490} INFO - Setting next_dagrun for example_external_task_marker_parent to None, run_after=None
[2023-05-06T23:27:36.944+0000] {processor.py:178} INFO - Processing /home/airflow/.local/lib/python3.7/site-packages/airflow/example_dags/example_external_task_marker_dag.py took 0.074 seconds
[2023-05-06T23:28:07.199+0000] {processor.py:156} INFO - Started process (PID=403) to work on /home/airflow/.local/lib/python3.7/site-packages/airflow/example_dags/example_external_task_marker_dag.py
[2023-05-06T23:28:07.200+0000] {processor.py:799} INFO - Processing file /home/airflow/.local/lib/python3.7/site-packages/airflow/example_dags/example_external_task_marker_dag.py for tasks to queue
[2023-05-06T23:28:07.200+0000] {logging_mixin.py:149} INFO - [2023-05-06T23:28:07.200+0000] {dagbag.py:541} INFO - Filling up the DagBag from /home/airflow/.local/lib/python3.7/site-packages/airflow/example_dags/example_external_task_marker_dag.py
[2023-05-06T23:28:07.204+0000] {processor.py:809} INFO - DAG(s) dict_keys(['example_external_task_marker_parent', 'example_external_task_marker_child']) retrieved from /home/airflow/.local/lib/python3.7/site-packages/airflow/example_dags/example_external_task_marker_dag.py
[2023-05-06T23:28:07.229+0000] {logging_mixin.py:149} INFO - [2023-05-06T23:28:07.229+0000] {dag.py:2726} INFO - Sync 2 DAGs
[2023-05-06T23:28:07.252+0000] {logging_mixin.py:149} INFO - [2023-05-06T23:28:07.252+0000] {dag.py:3490} INFO - Setting next_dagrun for example_external_task_marker_child to None, run_after=None
[2023-05-06T23:28:07.255+0000] {logging_mixin.py:149} INFO - [2023-05-06T23:28:07.255+0000] {dag.py:3490} INFO - Setting next_dagrun for example_external_task_marker_parent to None, run_after=None
[2023-05-06T23:28:07.270+0000] {processor.py:178} INFO - Processing /home/airflow/.local/lib/python3.7/site-packages/airflow/example_dags/example_external_task_marker_dag.py took 0.073 seconds
[2023-05-06T23:28:37.570+0000] {processor.py:156} INFO - Started process (PID=461) to work on /home/airflow/.local/lib/python3.7/site-packages/airflow/example_dags/example_external_task_marker_dag.py
[2023-05-06T23:28:37.571+0000] {processor.py:799} INFO - Processing file /home/airflow/.local/lib/python3.7/site-packages/airflow/example_dags/example_external_task_marker_dag.py for tasks to queue
[2023-05-06T23:28:37.571+0000] {logging_mixin.py:149} INFO - [2023-05-06T23:28:37.571+0000] {dagbag.py:541} INFO - Filling up the DagBag from /home/airflow/.local/lib/python3.7/site-packages/airflow/example_dags/example_external_task_marker_dag.py
[2023-05-06T23:28:37.575+0000] {processor.py:809} INFO - DAG(s) dict_keys(['example_external_task_marker_child', 'example_external_task_marker_parent']) retrieved from /home/airflow/.local/lib/python3.7/site-packages/airflow/example_dags/example_external_task_marker_dag.py
[2023-05-06T23:28:37.598+0000] {logging_mixin.py:149} INFO - [2023-05-06T23:28:37.598+0000] {dag.py:2726} INFO - Sync 2 DAGs
[2023-05-06T23:28:37.623+0000] {logging_mixin.py:149} INFO - [2023-05-06T23:28:37.623+0000] {dag.py:3490} INFO - Setting next_dagrun for example_external_task_marker_child to None, run_after=None
[2023-05-06T23:28:37.627+0000] {logging_mixin.py:149} INFO - [2023-05-06T23:28:37.627+0000] {dag.py:3490} INFO - Setting next_dagrun for example_external_task_marker_parent to None, run_after=None
[2023-05-06T23:28:37.644+0000] {processor.py:178} INFO - Processing /home/airflow/.local/lib/python3.7/site-packages/airflow/example_dags/example_external_task_marker_dag.py took 0.076 seconds
[2023-05-06T23:29:08.061+0000] {processor.py:156} INFO - Started process (PID=520) to work on /home/airflow/.local/lib/python3.7/site-packages/airflow/example_dags/example_external_task_marker_dag.py
[2023-05-06T23:29:08.063+0000] {processor.py:799} INFO - Processing file /home/airflow/.local/lib/python3.7/site-packages/airflow/example_dags/example_external_task_marker_dag.py for tasks to queue
[2023-05-06T23:29:08.064+0000] {logging_mixin.py:149} INFO - [2023-05-06T23:29:08.064+0000] {dagbag.py:541} INFO - Filling up the DagBag from /home/airflow/.local/lib/python3.7/site-packages/airflow/example_dags/example_external_task_marker_dag.py
[2023-05-06T23:29:08.068+0000] {processor.py:809} INFO - DAG(s) dict_keys(['example_external_task_marker_child', 'example_external_task_marker_parent']) retrieved from /home/airflow/.local/lib/python3.7/site-packages/airflow/example_dags/example_external_task_marker_dag.py
[2023-05-06T23:29:08.092+0000] {logging_mixin.py:149} INFO - [2023-05-06T23:29:08.092+0000] {dag.py:2726} INFO - Sync 2 DAGs
[2023-05-06T23:29:08.116+0000] {logging_mixin.py:149} INFO - [2023-05-06T23:29:08.116+0000] {dag.py:3490} INFO - Setting next_dagrun for example_external_task_marker_child to None, run_after=None
[2023-05-06T23:29:08.119+0000] {logging_mixin.py:149} INFO - [2023-05-06T23:29:08.119+0000] {dag.py:3490} INFO - Setting next_dagrun for example_external_task_marker_parent to None, run_after=None
[2023-05-06T23:29:08.137+0000] {processor.py:178} INFO - Processing /home/airflow/.local/lib/python3.7/site-packages/airflow/example_dags/example_external_task_marker_dag.py took 0.078 seconds
[2023-05-06T23:29:38.470+0000] {processor.py:156} INFO - Started process (PID=578) to work on /home/airflow/.local/lib/python3.7/site-packages/airflow/example_dags/example_external_task_marker_dag.py
[2023-05-06T23:29:38.471+0000] {processor.py:799} INFO - Processing file /home/airflow/.local/lib/python3.7/site-packages/airflow/example_dags/example_external_task_marker_dag.py for tasks to queue
[2023-05-06T23:29:38.471+0000] {logging_mixin.py:149} INFO - [2023-05-06T23:29:38.471+0000] {dagbag.py:541} INFO - Filling up the DagBag from /home/airflow/.local/lib/python3.7/site-packages/airflow/example_dags/example_external_task_marker_dag.py
[2023-05-06T23:29:38.476+0000] {processor.py:809} INFO - DAG(s) dict_keys(['example_external_task_marker_child', 'example_external_task_marker_parent']) retrieved from /home/airflow/.local/lib/python3.7/site-packages/airflow/example_dags/example_external_task_marker_dag.py
[2023-05-06T23:29:38.499+0000] {logging_mixin.py:149} INFO - [2023-05-06T23:29:38.499+0000] {dag.py:2726} INFO - Sync 2 DAGs
[2023-05-06T23:29:38.523+0000] {logging_mixin.py:149} INFO - [2023-05-06T23:29:38.523+0000] {dag.py:3490} INFO - Setting next_dagrun for example_external_task_marker_child to None, run_after=None
[2023-05-06T23:29:38.527+0000] {logging_mixin.py:149} INFO - [2023-05-06T23:29:38.526+0000] {dag.py:3490} INFO - Setting next_dagrun for example_external_task_marker_parent to None, run_after=None
[2023-05-06T23:29:38.544+0000] {processor.py:178} INFO - Processing /home/airflow/.local/lib/python3.7/site-packages/airflow/example_dags/example_external_task_marker_dag.py took 0.076 seconds
[2023-05-06T23:30:09.100+0000] {processor.py:156} INFO - Started process (PID=636) to work on /home/airflow/.local/lib/python3.7/site-packages/airflow/example_dags/example_external_task_marker_dag.py
[2023-05-06T23:30:09.100+0000] {processor.py:799} INFO - Processing file /home/airflow/.local/lib/python3.7/site-packages/airflow/example_dags/example_external_task_marker_dag.py for tasks to queue
[2023-05-06T23:30:09.101+0000] {logging_mixin.py:149} INFO - [2023-05-06T23:30:09.100+0000] {dagbag.py:541} INFO - Filling up the DagBag from /home/airflow/.local/lib/python3.7/site-packages/airflow/example_dags/example_external_task_marker_dag.py
[2023-05-06T23:30:09.105+0000] {processor.py:809} INFO - DAG(s) dict_keys(['example_external_task_marker_parent', 'example_external_task_marker_child']) retrieved from /home/airflow/.local/lib/python3.7/site-packages/airflow/example_dags/example_external_task_marker_dag.py
[2023-05-06T23:30:09.128+0000] {logging_mixin.py:149} INFO - [2023-05-06T23:30:09.128+0000] {dag.py:2726} INFO - Sync 2 DAGs
[2023-05-06T23:30:09.152+0000] {logging_mixin.py:149} INFO - [2023-05-06T23:30:09.151+0000] {dag.py:3490} INFO - Setting next_dagrun for example_external_task_marker_child to None, run_after=None
[2023-05-06T23:30:09.155+0000] {logging_mixin.py:149} INFO - [2023-05-06T23:30:09.155+0000] {dag.py:3490} INFO - Setting next_dagrun for example_external_task_marker_parent to None, run_after=None
[2023-05-06T23:30:09.171+0000] {processor.py:178} INFO - Processing /home/airflow/.local/lib/python3.7/site-packages/airflow/example_dags/example_external_task_marker_dag.py took 0.073 seconds
[2023-05-06T23:30:39.312+0000] {processor.py:156} INFO - Started process (PID=694) to work on /home/airflow/.local/lib/python3.7/site-packages/airflow/example_dags/example_external_task_marker_dag.py
[2023-05-06T23:30:39.313+0000] {processor.py:799} INFO - Processing file /home/airflow/.local/lib/python3.7/site-packages/airflow/example_dags/example_external_task_marker_dag.py for tasks to queue
[2023-05-06T23:30:39.313+0000] {logging_mixin.py:149} INFO - [2023-05-06T23:30:39.313+0000] {dagbag.py:541} INFO - Filling up the DagBag from /home/airflow/.local/lib/python3.7/site-packages/airflow/example_dags/example_external_task_marker_dag.py
[2023-05-06T23:30:39.318+0000] {processor.py:809} INFO - DAG(s) dict_keys(['example_external_task_marker_child', 'example_external_task_marker_parent']) retrieved from /home/airflow/.local/lib/python3.7/site-packages/airflow/example_dags/example_external_task_marker_dag.py
[2023-05-06T23:30:39.343+0000] {logging_mixin.py:149} INFO - [2023-05-06T23:30:39.343+0000] {dag.py:2726} INFO - Sync 2 DAGs
[2023-05-06T23:30:39.369+0000] {logging_mixin.py:149} INFO - [2023-05-06T23:30:39.369+0000] {dag.py:3490} INFO - Setting next_dagrun for example_external_task_marker_child to None, run_after=None
[2023-05-06T23:30:39.372+0000] {logging_mixin.py:149} INFO - [2023-05-06T23:30:39.372+0000] {dag.py:3490} INFO - Setting next_dagrun for example_external_task_marker_parent to None, run_after=None
[2023-05-06T23:30:39.390+0000] {processor.py:178} INFO - Processing /home/airflow/.local/lib/python3.7/site-packages/airflow/example_dags/example_external_task_marker_dag.py took 0.080 seconds
[2023-05-06T23:31:09.840+0000] {processor.py:156} INFO - Started process (PID=751) to work on /home/airflow/.local/lib/python3.7/site-packages/airflow/example_dags/example_external_task_marker_dag.py
[2023-05-06T23:31:09.841+0000] {processor.py:799} INFO - Processing file /home/airflow/.local/lib/python3.7/site-packages/airflow/example_dags/example_external_task_marker_dag.py for tasks to queue
[2023-05-06T23:31:09.841+0000] {logging_mixin.py:149} INFO - [2023-05-06T23:31:09.841+0000] {dagbag.py:541} INFO - Filling up the DagBag from /home/airflow/.local/lib/python3.7/site-packages/airflow/example_dags/example_external_task_marker_dag.py
[2023-05-06T23:31:09.846+0000] {processor.py:809} INFO - DAG(s) dict_keys(['example_external_task_marker_child', 'example_external_task_marker_parent']) retrieved from /home/airflow/.local/lib/python3.7/site-packages/airflow/example_dags/example_external_task_marker_dag.py
[2023-05-06T23:31:09.869+0000] {logging_mixin.py:149} INFO - [2023-05-06T23:31:09.869+0000] {dag.py:2726} INFO - Sync 2 DAGs
[2023-05-06T23:31:09.892+0000] {logging_mixin.py:149} INFO - [2023-05-06T23:31:09.892+0000] {dag.py:3490} INFO - Setting next_dagrun for example_external_task_marker_child to None, run_after=None
[2023-05-06T23:31:09.895+0000] {logging_mixin.py:149} INFO - [2023-05-06T23:31:09.895+0000] {dag.py:3490} INFO - Setting next_dagrun for example_external_task_marker_parent to None, run_after=None
[2023-05-06T23:31:09.911+0000] {processor.py:178} INFO - Processing /home/airflow/.local/lib/python3.7/site-packages/airflow/example_dags/example_external_task_marker_dag.py took 0.073 seconds
[2023-05-06T23:31:40.159+0000] {processor.py:156} INFO - Started process (PID=809) to work on /home/airflow/.local/lib/python3.7/site-packages/airflow/example_dags/example_external_task_marker_dag.py
[2023-05-06T23:31:40.160+0000] {processor.py:799} INFO - Processing file /home/airflow/.local/lib/python3.7/site-packages/airflow/example_dags/example_external_task_marker_dag.py for tasks to queue
[2023-05-06T23:31:40.161+0000] {logging_mixin.py:149} INFO - [2023-05-06T23:31:40.160+0000] {dagbag.py:541} INFO - Filling up the DagBag from /home/airflow/.local/lib/python3.7/site-packages/airflow/example_dags/example_external_task_marker_dag.py
[2023-05-06T23:31:40.165+0000] {processor.py:809} INFO - DAG(s) dict_keys(['example_external_task_marker_child', 'example_external_task_marker_parent']) retrieved from /home/airflow/.local/lib/python3.7/site-packages/airflow/example_dags/example_external_task_marker_dag.py
[2023-05-06T23:31:40.196+0000] {logging_mixin.py:149} INFO - [2023-05-06T23:31:40.196+0000] {dag.py:2726} INFO - Sync 2 DAGs
[2023-05-06T23:31:40.221+0000] {logging_mixin.py:149} INFO - [2023-05-06T23:31:40.221+0000] {dag.py:3490} INFO - Setting next_dagrun for example_external_task_marker_child to None, run_after=None
[2023-05-06T23:31:40.225+0000] {logging_mixin.py:149} INFO - [2023-05-06T23:31:40.224+0000] {dag.py:3490} INFO - Setting next_dagrun for example_external_task_marker_parent to None, run_after=None
[2023-05-06T23:31:40.248+0000] {processor.py:178} INFO - Processing /home/airflow/.local/lib/python3.7/site-packages/airflow/example_dags/example_external_task_marker_dag.py took 0.092 seconds
[2023-05-06T23:32:10.749+0000] {processor.py:156} INFO - Started process (PID=867) to work on /home/airflow/.local/lib/python3.7/site-packages/airflow/example_dags/example_external_task_marker_dag.py
[2023-05-06T23:32:10.750+0000] {processor.py:799} INFO - Processing file /home/airflow/.local/lib/python3.7/site-packages/airflow/example_dags/example_external_task_marker_dag.py for tasks to queue
[2023-05-06T23:32:10.750+0000] {logging_mixin.py:149} INFO - [2023-05-06T23:32:10.750+0000] {dagbag.py:541} INFO - Filling up the DagBag from /home/airflow/.local/lib/python3.7/site-packages/airflow/example_dags/example_external_task_marker_dag.py
[2023-05-06T23:32:10.754+0000] {processor.py:809} INFO - DAG(s) dict_keys(['example_external_task_marker_child', 'example_external_task_marker_parent']) retrieved from /home/airflow/.local/lib/python3.7/site-packages/airflow/example_dags/example_external_task_marker_dag.py
[2023-05-06T23:32:10.777+0000] {logging_mixin.py:149} INFO - [2023-05-06T23:32:10.777+0000] {dag.py:2726} INFO - Sync 2 DAGs
[2023-05-06T23:32:10.800+0000] {logging_mixin.py:149} INFO - [2023-05-06T23:32:10.800+0000] {dag.py:3490} INFO - Setting next_dagrun for example_external_task_marker_child to None, run_after=None
[2023-05-06T23:32:10.803+0000] {logging_mixin.py:149} INFO - [2023-05-06T23:32:10.803+0000] {dag.py:3490} INFO - Setting next_dagrun for example_external_task_marker_parent to None, run_after=None
[2023-05-06T23:32:10.821+0000] {processor.py:178} INFO - Processing /home/airflow/.local/lib/python3.7/site-packages/airflow/example_dags/example_external_task_marker_dag.py took 0.074 seconds
[2023-05-06T23:32:41.115+0000] {processor.py:156} INFO - Started process (PID=925) to work on /home/airflow/.local/lib/python3.7/site-packages/airflow/example_dags/example_external_task_marker_dag.py
[2023-05-06T23:32:41.116+0000] {processor.py:799} INFO - Processing file /home/airflow/.local/lib/python3.7/site-packages/airflow/example_dags/example_external_task_marker_dag.py for tasks to queue
[2023-05-06T23:32:41.116+0000] {logging_mixin.py:149} INFO - [2023-05-06T23:32:41.116+0000] {dagbag.py:541} INFO - Filling up the DagBag from /home/airflow/.local/lib/python3.7/site-packages/airflow/example_dags/example_external_task_marker_dag.py
[2023-05-06T23:32:41.120+0000] {processor.py:809} INFO - DAG(s) dict_keys(['example_external_task_marker_parent', 'example_external_task_marker_child']) retrieved from /home/airflow/.local/lib/python3.7/site-packages/airflow/example_dags/example_external_task_marker_dag.py
[2023-05-06T23:32:41.148+0000] {logging_mixin.py:149} INFO - [2023-05-06T23:32:41.147+0000] {dag.py:2726} INFO - Sync 2 DAGs
[2023-05-06T23:32:41.172+0000] {logging_mixin.py:149} INFO - [2023-05-06T23:32:41.172+0000] {dag.py:3490} INFO - Setting next_dagrun for example_external_task_marker_child to None, run_after=None
[2023-05-06T23:32:41.175+0000] {logging_mixin.py:149} INFO - [2023-05-06T23:32:41.175+0000] {dag.py:3490} INFO - Setting next_dagrun for example_external_task_marker_parent to None, run_after=None
[2023-05-06T23:32:41.191+0000] {processor.py:178} INFO - Processing /home/airflow/.local/lib/python3.7/site-packages/airflow/example_dags/example_external_task_marker_dag.py took 0.078 seconds
[2023-05-06T23:33:11.546+0000] {processor.py:156} INFO - Started process (PID=983) to work on /home/airflow/.local/lib/python3.7/site-packages/airflow/example_dags/example_external_task_marker_dag.py
[2023-05-06T23:33:11.547+0000] {processor.py:799} INFO - Processing file /home/airflow/.local/lib/python3.7/site-packages/airflow/example_dags/example_external_task_marker_dag.py for tasks to queue
[2023-05-06T23:33:11.547+0000] {logging_mixin.py:149} INFO - [2023-05-06T23:33:11.547+0000] {dagbag.py:541} INFO - Filling up the DagBag from /home/airflow/.local/lib/python3.7/site-packages/airflow/example_dags/example_external_task_marker_dag.py
[2023-05-06T23:33:11.551+0000] {processor.py:809} INFO - DAG(s) dict_keys(['example_external_task_marker_child', 'example_external_task_marker_parent']) retrieved from /home/airflow/.local/lib/python3.7/site-packages/airflow/example_dags/example_external_task_marker_dag.py
[2023-05-06T23:33:11.574+0000] {logging_mixin.py:149} INFO - [2023-05-06T23:33:11.574+0000] {dag.py:2726} INFO - Sync 2 DAGs
[2023-05-06T23:33:11.599+0000] {logging_mixin.py:149} INFO - [2023-05-06T23:33:11.599+0000] {dag.py:3490} INFO - Setting next_dagrun for example_external_task_marker_child to None, run_after=None
[2023-05-06T23:33:11.602+0000] {logging_mixin.py:149} INFO - [2023-05-06T23:33:11.602+0000] {dag.py:3490} INFO - Setting next_dagrun for example_external_task_marker_parent to None, run_after=None
[2023-05-06T23:33:11.617+0000] {processor.py:178} INFO - Processing /home/airflow/.local/lib/python3.7/site-packages/airflow/example_dags/example_external_task_marker_dag.py took 0.074 seconds
[2023-05-06T23:33:41.915+0000] {processor.py:156} INFO - Started process (PID=1042) to work on /home/airflow/.local/lib/python3.7/site-packages/airflow/example_dags/example_external_task_marker_dag.py
[2023-05-06T23:33:41.915+0000] {processor.py:799} INFO - Processing file /home/airflow/.local/lib/python3.7/site-packages/airflow/example_dags/example_external_task_marker_dag.py for tasks to queue
[2023-05-06T23:33:41.916+0000] {logging_mixin.py:149} INFO - [2023-05-06T23:33:41.916+0000] {dagbag.py:541} INFO - Filling up the DagBag from /home/airflow/.local/lib/python3.7/site-packages/airflow/example_dags/example_external_task_marker_dag.py
[2023-05-06T23:33:41.922+0000] {processor.py:809} INFO - DAG(s) dict_keys(['example_external_task_marker_child', 'example_external_task_marker_parent']) retrieved from /home/airflow/.local/lib/python3.7/site-packages/airflow/example_dags/example_external_task_marker_dag.py
[2023-05-06T23:33:41.945+0000] {logging_mixin.py:149} INFO - [2023-05-06T23:33:41.944+0000] {dag.py:2726} INFO - Sync 2 DAGs
[2023-05-06T23:33:41.967+0000] {logging_mixin.py:149} INFO - [2023-05-06T23:33:41.967+0000] {dag.py:3490} INFO - Setting next_dagrun for example_external_task_marker_child to None, run_after=None
[2023-05-06T23:33:41.970+0000] {logging_mixin.py:149} INFO - [2023-05-06T23:33:41.970+0000] {dag.py:3490} INFO - Setting next_dagrun for example_external_task_marker_parent to None, run_after=None
[2023-05-06T23:33:41.985+0000] {processor.py:178} INFO - Processing /home/airflow/.local/lib/python3.7/site-packages/airflow/example_dags/example_external_task_marker_dag.py took 0.074 seconds
[2023-05-06T23:34:12.291+0000] {processor.py:156} INFO - Started process (PID=1100) to work on /home/airflow/.local/lib/python3.7/site-packages/airflow/example_dags/example_external_task_marker_dag.py
[2023-05-06T23:34:12.291+0000] {processor.py:799} INFO - Processing file /home/airflow/.local/lib/python3.7/site-packages/airflow/example_dags/example_external_task_marker_dag.py for tasks to queue
[2023-05-06T23:34:12.292+0000] {logging_mixin.py:149} INFO - [2023-05-06T23:34:12.292+0000] {dagbag.py:541} INFO - Filling up the DagBag from /home/airflow/.local/lib/python3.7/site-packages/airflow/example_dags/example_external_task_marker_dag.py
[2023-05-06T23:34:12.296+0000] {processor.py:809} INFO - DAG(s) dict_keys(['example_external_task_marker_parent', 'example_external_task_marker_child']) retrieved from /home/airflow/.local/lib/python3.7/site-packages/airflow/example_dags/example_external_task_marker_dag.py
[2023-05-06T23:34:12.322+0000] {logging_mixin.py:149} INFO - [2023-05-06T23:34:12.322+0000] {dag.py:2726} INFO - Sync 2 DAGs
[2023-05-06T23:34:12.347+0000] {logging_mixin.py:149} INFO - [2023-05-06T23:34:12.347+0000] {dag.py:3490} INFO - Setting next_dagrun for example_external_task_marker_child to None, run_after=None
[2023-05-06T23:34:12.350+0000] {logging_mixin.py:149} INFO - [2023-05-06T23:34:12.350+0000] {dag.py:3490} INFO - Setting next_dagrun for example_external_task_marker_parent to None, run_after=None
[2023-05-06T23:34:12.369+0000] {processor.py:178} INFO - Processing /home/airflow/.local/lib/python3.7/site-packages/airflow/example_dags/example_external_task_marker_dag.py took 0.081 seconds
[2023-05-06T23:34:42.801+0000] {processor.py:156} INFO - Started process (PID=1158) to work on /home/airflow/.local/lib/python3.7/site-packages/airflow/example_dags/example_external_task_marker_dag.py
[2023-05-06T23:34:42.802+0000] {processor.py:799} INFO - Processing file /home/airflow/.local/lib/python3.7/site-packages/airflow/example_dags/example_external_task_marker_dag.py for tasks to queue
[2023-05-06T23:34:42.802+0000] {logging_mixin.py:149} INFO - [2023-05-06T23:34:42.802+0000] {dagbag.py:541} INFO - Filling up the DagBag from /home/airflow/.local/lib/python3.7/site-packages/airflow/example_dags/example_external_task_marker_dag.py
[2023-05-06T23:34:42.806+0000] {processor.py:809} INFO - DAG(s) dict_keys(['example_external_task_marker_child', 'example_external_task_marker_parent']) retrieved from /home/airflow/.local/lib/python3.7/site-packages/airflow/example_dags/example_external_task_marker_dag.py
[2023-05-06T23:34:42.843+0000] {logging_mixin.py:149} INFO - [2023-05-06T23:34:42.843+0000] {dag.py:2726} INFO - Sync 2 DAGs
[2023-05-06T23:34:42.866+0000] {logging_mixin.py:149} INFO - [2023-05-06T23:34:42.865+0000] {dag.py:3490} INFO - Setting next_dagrun for example_external_task_marker_child to None, run_after=None
[2023-05-06T23:34:42.869+0000] {logging_mixin.py:149} INFO - [2023-05-06T23:34:42.868+0000] {dag.py:3490} INFO - Setting next_dagrun for example_external_task_marker_parent to None, run_after=None
[2023-05-06T23:34:42.882+0000] {processor.py:178} INFO - Processing /home/airflow/.local/lib/python3.7/site-packages/airflow/example_dags/example_external_task_marker_dag.py took 0.084 seconds
[2023-05-06T23:35:13.344+0000] {processor.py:156} INFO - Started process (PID=1216) to work on /home/airflow/.local/lib/python3.7/site-packages/airflow/example_dags/example_external_task_marker_dag.py
[2023-05-06T23:35:13.345+0000] {processor.py:799} INFO - Processing file /home/airflow/.local/lib/python3.7/site-packages/airflow/example_dags/example_external_task_marker_dag.py for tasks to queue
[2023-05-06T23:35:13.345+0000] {logging_mixin.py:149} INFO - [2023-05-06T23:35:13.345+0000] {dagbag.py:541} INFO - Filling up the DagBag from /home/airflow/.local/lib/python3.7/site-packages/airflow/example_dags/example_external_task_marker_dag.py
[2023-05-06T23:35:13.349+0000] {processor.py:809} INFO - DAG(s) dict_keys(['example_external_task_marker_child', 'example_external_task_marker_parent']) retrieved from /home/airflow/.local/lib/python3.7/site-packages/airflow/example_dags/example_external_task_marker_dag.py
[2023-05-06T23:35:13.373+0000] {logging_mixin.py:149} INFO - [2023-05-06T23:35:13.372+0000] {dag.py:2726} INFO - Sync 2 DAGs
[2023-05-06T23:35:13.397+0000] {logging_mixin.py:149} INFO - [2023-05-06T23:35:13.397+0000] {dag.py:3490} INFO - Setting next_dagrun for example_external_task_marker_child to None, run_after=None
[2023-05-06T23:35:13.400+0000] {logging_mixin.py:149} INFO - [2023-05-06T23:35:13.400+0000] {dag.py:3490} INFO - Setting next_dagrun for example_external_task_marker_parent to None, run_after=None
[2023-05-06T23:35:13.415+0000] {processor.py:178} INFO - Processing /home/airflow/.local/lib/python3.7/site-packages/airflow/example_dags/example_external_task_marker_dag.py took 0.073 seconds
[2023-05-06T23:35:43.852+0000] {processor.py:156} INFO - Started process (PID=1274) to work on /home/airflow/.local/lib/python3.7/site-packages/airflow/example_dags/example_external_task_marker_dag.py
[2023-05-06T23:35:43.853+0000] {processor.py:799} INFO - Processing file /home/airflow/.local/lib/python3.7/site-packages/airflow/example_dags/example_external_task_marker_dag.py for tasks to queue
[2023-05-06T23:35:43.854+0000] {logging_mixin.py:149} INFO - [2023-05-06T23:35:43.854+0000] {dagbag.py:541} INFO - Filling up the DagBag from /home/airflow/.local/lib/python3.7/site-packages/airflow/example_dags/example_external_task_marker_dag.py
[2023-05-06T23:35:43.863+0000] {processor.py:809} INFO - DAG(s) dict_keys(['example_external_task_marker_parent', 'example_external_task_marker_child']) retrieved from /home/airflow/.local/lib/python3.7/site-packages/airflow/example_dags/example_external_task_marker_dag.py
[2023-05-06T23:35:43.903+0000] {logging_mixin.py:149} INFO - [2023-05-06T23:35:43.902+0000] {dag.py:2726} INFO - Sync 2 DAGs
[2023-05-06T23:35:43.925+0000] {logging_mixin.py:149} INFO - [2023-05-06T23:35:43.925+0000] {dag.py:3490} INFO - Setting next_dagrun for example_external_task_marker_child to None, run_after=None
[2023-05-06T23:35:43.928+0000] {logging_mixin.py:149} INFO - [2023-05-06T23:35:43.928+0000] {dag.py:3490} INFO - Setting next_dagrun for example_external_task_marker_parent to None, run_after=None
[2023-05-06T23:35:43.943+0000] {processor.py:178} INFO - Processing /home/airflow/.local/lib/python3.7/site-packages/airflow/example_dags/example_external_task_marker_dag.py took 0.096 seconds
[2023-05-06T23:36:14.255+0000] {processor.py:156} INFO - Started process (PID=1332) to work on /home/airflow/.local/lib/python3.7/site-packages/airflow/example_dags/example_external_task_marker_dag.py
[2023-05-06T23:36:14.256+0000] {processor.py:799} INFO - Processing file /home/airflow/.local/lib/python3.7/site-packages/airflow/example_dags/example_external_task_marker_dag.py for tasks to queue
[2023-05-06T23:36:14.257+0000] {logging_mixin.py:149} INFO - [2023-05-06T23:36:14.257+0000] {dagbag.py:541} INFO - Filling up the DagBag from /home/airflow/.local/lib/python3.7/site-packages/airflow/example_dags/example_external_task_marker_dag.py
[2023-05-06T23:36:14.264+0000] {processor.py:809} INFO - DAG(s) dict_keys(['example_external_task_marker_parent', 'example_external_task_marker_child']) retrieved from /home/airflow/.local/lib/python3.7/site-packages/airflow/example_dags/example_external_task_marker_dag.py
[2023-05-06T23:36:14.303+0000] {logging_mixin.py:149} INFO - [2023-05-06T23:36:14.302+0000] {dag.py:2726} INFO - Sync 2 DAGs
[2023-05-06T23:36:14.327+0000] {logging_mixin.py:149} INFO - [2023-05-06T23:36:14.327+0000] {dag.py:3490} INFO - Setting next_dagrun for example_external_task_marker_child to None, run_after=None
[2023-05-06T23:36:14.330+0000] {logging_mixin.py:149} INFO - [2023-05-06T23:36:14.330+0000] {dag.py:3490} INFO - Setting next_dagrun for example_external_task_marker_parent to None, run_after=None
[2023-05-06T23:36:14.347+0000] {processor.py:178} INFO - Processing /home/airflow/.local/lib/python3.7/site-packages/airflow/example_dags/example_external_task_marker_dag.py took 0.096 seconds
[2023-05-06T23:36:44.801+0000] {processor.py:156} INFO - Started process (PID=1390) to work on /home/airflow/.local/lib/python3.7/site-packages/airflow/example_dags/example_external_task_marker_dag.py
[2023-05-06T23:36:44.802+0000] {processor.py:799} INFO - Processing file /home/airflow/.local/lib/python3.7/site-packages/airflow/example_dags/example_external_task_marker_dag.py for tasks to queue
[2023-05-06T23:36:44.802+0000] {logging_mixin.py:149} INFO - [2023-05-06T23:36:44.802+0000] {dagbag.py:541} INFO - Filling up the DagBag from /home/airflow/.local/lib/python3.7/site-packages/airflow/example_dags/example_external_task_marker_dag.py
[2023-05-06T23:36:44.806+0000] {processor.py:809} INFO - DAG(s) dict_keys(['example_external_task_marker_child', 'example_external_task_marker_parent']) retrieved from /home/airflow/.local/lib/python3.7/site-packages/airflow/example_dags/example_external_task_marker_dag.py
[2023-05-06T23:36:44.845+0000] {logging_mixin.py:149} INFO - [2023-05-06T23:36:44.845+0000] {dag.py:2726} INFO - Sync 2 DAGs
[2023-05-06T23:36:44.878+0000] {logging_mixin.py:149} INFO - [2023-05-06T23:36:44.878+0000] {dag.py:3490} INFO - Setting next_dagrun for example_external_task_marker_child to None, run_after=None
[2023-05-06T23:36:44.881+0000] {logging_mixin.py:149} INFO - [2023-05-06T23:36:44.881+0000] {dag.py:3490} INFO - Setting next_dagrun for example_external_task_marker_parent to None, run_after=None
[2023-05-06T23:36:44.897+0000] {processor.py:178} INFO - Processing /home/airflow/.local/lib/python3.7/site-packages/airflow/example_dags/example_external_task_marker_dag.py took 0.098 seconds
[2023-05-06T23:37:15.459+0000] {processor.py:156} INFO - Started process (PID=1448) to work on /home/airflow/.local/lib/python3.7/site-packages/airflow/example_dags/example_external_task_marker_dag.py
[2023-05-06T23:37:15.460+0000] {processor.py:799} INFO - Processing file /home/airflow/.local/lib/python3.7/site-packages/airflow/example_dags/example_external_task_marker_dag.py for tasks to queue
[2023-05-06T23:37:15.460+0000] {logging_mixin.py:149} INFO - [2023-05-06T23:37:15.460+0000] {dagbag.py:541} INFO - Filling up the DagBag from /home/airflow/.local/lib/python3.7/site-packages/airflow/example_dags/example_external_task_marker_dag.py
[2023-05-06T23:37:15.464+0000] {processor.py:809} INFO - DAG(s) dict_keys(['example_external_task_marker_child', 'example_external_task_marker_parent']) retrieved from /home/airflow/.local/lib/python3.7/site-packages/airflow/example_dags/example_external_task_marker_dag.py
[2023-05-06T23:37:15.486+0000] {logging_mixin.py:149} INFO - [2023-05-06T23:37:15.486+0000] {dag.py:2726} INFO - Sync 2 DAGs
[2023-05-06T23:37:15.509+0000] {logging_mixin.py:149} INFO - [2023-05-06T23:37:15.508+0000] {dag.py:3490} INFO - Setting next_dagrun for example_external_task_marker_child to None, run_after=None
[2023-05-06T23:37:15.512+0000] {logging_mixin.py:149} INFO - [2023-05-06T23:37:15.511+0000] {dag.py:3490} INFO - Setting next_dagrun for example_external_task_marker_parent to None, run_after=None
[2023-05-06T23:37:15.529+0000] {processor.py:178} INFO - Processing /home/airflow/.local/lib/python3.7/site-packages/airflow/example_dags/example_external_task_marker_dag.py took 0.071 seconds
[2023-05-06T23:37:46.056+0000] {processor.py:156} INFO - Started process (PID=1506) to work on /home/airflow/.local/lib/python3.7/site-packages/airflow/example_dags/example_external_task_marker_dag.py
[2023-05-06T23:37:46.057+0000] {processor.py:799} INFO - Processing file /home/airflow/.local/lib/python3.7/site-packages/airflow/example_dags/example_external_task_marker_dag.py for tasks to queue
[2023-05-06T23:37:46.058+0000] {logging_mixin.py:149} INFO - [2023-05-06T23:37:46.058+0000] {dagbag.py:541} INFO - Filling up the DagBag from /home/airflow/.local/lib/python3.7/site-packages/airflow/example_dags/example_external_task_marker_dag.py
[2023-05-06T23:37:46.065+0000] {processor.py:809} INFO - DAG(s) dict_keys(['example_external_task_marker_parent', 'example_external_task_marker_child']) retrieved from /home/airflow/.local/lib/python3.7/site-packages/airflow/example_dags/example_external_task_marker_dag.py
[2023-05-06T23:37:46.091+0000] {logging_mixin.py:149} INFO - [2023-05-06T23:37:46.091+0000] {dag.py:2726} INFO - Sync 2 DAGs
[2023-05-06T23:37:46.116+0000] {logging_mixin.py:149} INFO - [2023-05-06T23:37:46.116+0000] {dag.py:3490} INFO - Setting next_dagrun for example_external_task_marker_child to None, run_after=None
[2023-05-06T23:37:46.119+0000] {logging_mixin.py:149} INFO - [2023-05-06T23:37:46.119+0000] {dag.py:3490} INFO - Setting next_dagrun for example_external_task_marker_parent to None, run_after=None
[2023-05-06T23:37:46.136+0000] {processor.py:178} INFO - Processing /home/airflow/.local/lib/python3.7/site-packages/airflow/example_dags/example_external_task_marker_dag.py took 0.084 seconds
[2023-05-06T23:38:16.736+0000] {processor.py:156} INFO - Started process (PID=1564) to work on /home/airflow/.local/lib/python3.7/site-packages/airflow/example_dags/example_external_task_marker_dag.py
[2023-05-06T23:38:16.737+0000] {processor.py:799} INFO - Processing file /home/airflow/.local/lib/python3.7/site-packages/airflow/example_dags/example_external_task_marker_dag.py for tasks to queue
[2023-05-06T23:38:16.737+0000] {logging_mixin.py:149} INFO - [2023-05-06T23:38:16.737+0000] {dagbag.py:541} INFO - Filling up the DagBag from /home/airflow/.local/lib/python3.7/site-packages/airflow/example_dags/example_external_task_marker_dag.py
[2023-05-06T23:38:16.741+0000] {processor.py:809} INFO - DAG(s) dict_keys(['example_external_task_marker_child', 'example_external_task_marker_parent']) retrieved from /home/airflow/.local/lib/python3.7/site-packages/airflow/example_dags/example_external_task_marker_dag.py
[2023-05-06T23:38:16.780+0000] {logging_mixin.py:149} INFO - [2023-05-06T23:38:16.780+0000] {dag.py:2726} INFO - Sync 2 DAGs
[2023-05-06T23:38:16.812+0000] {logging_mixin.py:149} INFO - [2023-05-06T23:38:16.812+0000] {dag.py:3490} INFO - Setting next_dagrun for example_external_task_marker_child to None, run_after=None
[2023-05-06T23:38:16.815+0000] {logging_mixin.py:149} INFO - [2023-05-06T23:38:16.815+0000] {dag.py:3490} INFO - Setting next_dagrun for example_external_task_marker_parent to None, run_after=None
[2023-05-06T23:38:16.831+0000] {processor.py:178} INFO - Processing /home/airflow/.local/lib/python3.7/site-packages/airflow/example_dags/example_external_task_marker_dag.py took 0.097 seconds
[2023-05-06T23:38:46.872+0000] {processor.py:156} INFO - Started process (PID=1622) to work on /home/airflow/.local/lib/python3.7/site-packages/airflow/example_dags/example_external_task_marker_dag.py
[2023-05-06T23:38:46.872+0000] {processor.py:799} INFO - Processing file /home/airflow/.local/lib/python3.7/site-packages/airflow/example_dags/example_external_task_marker_dag.py for tasks to queue
[2023-05-06T23:38:46.873+0000] {logging_mixin.py:149} INFO - [2023-05-06T23:38:46.873+0000] {dagbag.py:541} INFO - Filling up the DagBag from /home/airflow/.local/lib/python3.7/site-packages/airflow/example_dags/example_external_task_marker_dag.py
[2023-05-06T23:38:46.876+0000] {processor.py:809} INFO - DAG(s) dict_keys(['example_external_task_marker_child', 'example_external_task_marker_parent']) retrieved from /home/airflow/.local/lib/python3.7/site-packages/airflow/example_dags/example_external_task_marker_dag.py
[2023-05-06T23:38:46.898+0000] {logging_mixin.py:149} INFO - [2023-05-06T23:38:46.898+0000] {dag.py:2726} INFO - Sync 2 DAGs
[2023-05-06T23:38:46.924+0000] {logging_mixin.py:149} INFO - [2023-05-06T23:38:46.923+0000] {dag.py:3490} INFO - Setting next_dagrun for example_external_task_marker_child to None, run_after=None
[2023-05-06T23:38:46.927+0000] {logging_mixin.py:149} INFO - [2023-05-06T23:38:46.927+0000] {dag.py:3490} INFO - Setting next_dagrun for example_external_task_marker_parent to None, run_after=None
[2023-05-06T23:38:46.946+0000] {processor.py:178} INFO - Processing /home/airflow/.local/lib/python3.7/site-packages/airflow/example_dags/example_external_task_marker_dag.py took 0.077 seconds
[2023-05-06T23:39:17.882+0000] {processor.py:156} INFO - Started process (PID=1680) to work on /home/airflow/.local/lib/python3.7/site-packages/airflow/example_dags/example_external_task_marker_dag.py
[2023-05-06T23:39:17.882+0000] {processor.py:799} INFO - Processing file /home/airflow/.local/lib/python3.7/site-packages/airflow/example_dags/example_external_task_marker_dag.py for tasks to queue
[2023-05-06T23:39:17.883+0000] {logging_mixin.py:149} INFO - [2023-05-06T23:39:17.883+0000] {dagbag.py:541} INFO - Filling up the DagBag from /home/airflow/.local/lib/python3.7/site-packages/airflow/example_dags/example_external_task_marker_dag.py
[2023-05-06T23:39:17.887+0000] {processor.py:809} INFO - DAG(s) dict_keys(['example_external_task_marker_parent', 'example_external_task_marker_child']) retrieved from /home/airflow/.local/lib/python3.7/site-packages/airflow/example_dags/example_external_task_marker_dag.py
[2023-05-06T23:39:17.912+0000] {logging_mixin.py:149} INFO - [2023-05-06T23:39:17.912+0000] {dag.py:2726} INFO - Sync 2 DAGs
[2023-05-06T23:39:17.936+0000] {logging_mixin.py:149} INFO - [2023-05-06T23:39:17.936+0000] {dag.py:3490} INFO - Setting next_dagrun for example_external_task_marker_child to None, run_after=None
[2023-05-06T23:39:17.939+0000] {logging_mixin.py:149} INFO - [2023-05-06T23:39:17.939+0000] {dag.py:3490} INFO - Setting next_dagrun for example_external_task_marker_parent to None, run_after=None
[2023-05-06T23:39:17.954+0000] {processor.py:178} INFO - Processing /home/airflow/.local/lib/python3.7/site-packages/airflow/example_dags/example_external_task_marker_dag.py took 0.074 seconds
[2023-05-06T23:39:48.196+0000] {processor.py:156} INFO - Started process (PID=1739) to work on /home/airflow/.local/lib/python3.7/site-packages/airflow/example_dags/example_external_task_marker_dag.py
[2023-05-06T23:39:48.197+0000] {processor.py:799} INFO - Processing file /home/airflow/.local/lib/python3.7/site-packages/airflow/example_dags/example_external_task_marker_dag.py for tasks to queue
[2023-05-06T23:39:48.197+0000] {logging_mixin.py:149} INFO - [2023-05-06T23:39:48.197+0000] {dagbag.py:541} INFO - Filling up the DagBag from /home/airflow/.local/lib/python3.7/site-packages/airflow/example_dags/example_external_task_marker_dag.py
[2023-05-06T23:39:48.201+0000] {processor.py:809} INFO - DAG(s) dict_keys(['example_external_task_marker_child', 'example_external_task_marker_parent']) retrieved from /home/airflow/.local/lib/python3.7/site-packages/airflow/example_dags/example_external_task_marker_dag.py
[2023-05-06T23:39:48.234+0000] {logging_mixin.py:149} INFO - [2023-05-06T23:39:48.234+0000] {dag.py:2726} INFO - Sync 2 DAGs
[2023-05-06T23:39:48.258+0000] {logging_mixin.py:149} INFO - [2023-05-06T23:39:48.258+0000] {dag.py:3490} INFO - Setting next_dagrun for example_external_task_marker_child to None, run_after=None
[2023-05-06T23:39:48.261+0000] {logging_mixin.py:149} INFO - [2023-05-06T23:39:48.261+0000] {dag.py:3490} INFO - Setting next_dagrun for example_external_task_marker_parent to None, run_after=None
[2023-05-06T23:39:48.276+0000] {processor.py:178} INFO - Processing /home/airflow/.local/lib/python3.7/site-packages/airflow/example_dags/example_external_task_marker_dag.py took 0.082 seconds
[2023-05-06T23:40:18.516+0000] {processor.py:156} INFO - Started process (PID=1797) to work on /home/airflow/.local/lib/python3.7/site-packages/airflow/example_dags/example_external_task_marker_dag.py
[2023-05-06T23:40:18.516+0000] {processor.py:799} INFO - Processing file /home/airflow/.local/lib/python3.7/site-packages/airflow/example_dags/example_external_task_marker_dag.py for tasks to queue
[2023-05-06T23:40:18.517+0000] {logging_mixin.py:149} INFO - [2023-05-06T23:40:18.517+0000] {dagbag.py:541} INFO - Filling up the DagBag from /home/airflow/.local/lib/python3.7/site-packages/airflow/example_dags/example_external_task_marker_dag.py
[2023-05-06T23:40:18.521+0000] {processor.py:809} INFO - DAG(s) dict_keys(['example_external_task_marker_child', 'example_external_task_marker_parent']) retrieved from /home/airflow/.local/lib/python3.7/site-packages/airflow/example_dags/example_external_task_marker_dag.py
[2023-05-06T23:40:18.545+0000] {logging_mixin.py:149} INFO - [2023-05-06T23:40:18.545+0000] {dag.py:2726} INFO - Sync 2 DAGs
[2023-05-06T23:40:18.568+0000] {logging_mixin.py:149} INFO - [2023-05-06T23:40:18.568+0000] {dag.py:3490} INFO - Setting next_dagrun for example_external_task_marker_child to None, run_after=None
[2023-05-06T23:40:18.571+0000] {logging_mixin.py:149} INFO - [2023-05-06T23:40:18.571+0000] {dag.py:3490} INFO - Setting next_dagrun for example_external_task_marker_parent to None, run_after=None
[2023-05-06T23:40:18.589+0000] {processor.py:178} INFO - Processing /home/airflow/.local/lib/python3.7/site-packages/airflow/example_dags/example_external_task_marker_dag.py took 0.076 seconds
[2023-05-06T23:40:48.845+0000] {processor.py:156} INFO - Started process (PID=1856) to work on /home/airflow/.local/lib/python3.7/site-packages/airflow/example_dags/example_external_task_marker_dag.py
[2023-05-06T23:40:48.846+0000] {processor.py:799} INFO - Processing file /home/airflow/.local/lib/python3.7/site-packages/airflow/example_dags/example_external_task_marker_dag.py for tasks to queue
[2023-05-06T23:40:48.847+0000] {logging_mixin.py:149} INFO - [2023-05-06T23:40:48.847+0000] {dagbag.py:541} INFO - Filling up the DagBag from /home/airflow/.local/lib/python3.7/site-packages/airflow/example_dags/example_external_task_marker_dag.py
[2023-05-06T23:40:48.851+0000] {processor.py:809} INFO - DAG(s) dict_keys(['example_external_task_marker_child', 'example_external_task_marker_parent']) retrieved from /home/airflow/.local/lib/python3.7/site-packages/airflow/example_dags/example_external_task_marker_dag.py
[2023-05-06T23:40:48.875+0000] {logging_mixin.py:149} INFO - [2023-05-06T23:40:48.874+0000] {dag.py:2726} INFO - Sync 2 DAGs
[2023-05-06T23:40:48.898+0000] {logging_mixin.py:149} INFO - [2023-05-06T23:40:48.898+0000] {dag.py:3490} INFO - Setting next_dagrun for example_external_task_marker_child to None, run_after=None
[2023-05-06T23:40:48.902+0000] {logging_mixin.py:149} INFO - [2023-05-06T23:40:48.902+0000] {dag.py:3490} INFO - Setting next_dagrun for example_external_task_marker_parent to None, run_after=None
[2023-05-06T23:40:48.922+0000] {processor.py:178} INFO - Processing /home/airflow/.local/lib/python3.7/site-packages/airflow/example_dags/example_external_task_marker_dag.py took 0.078 seconds
[2023-05-06T23:41:19.187+0000] {processor.py:156} INFO - Started process (PID=1914) to work on /home/airflow/.local/lib/python3.7/site-packages/airflow/example_dags/example_external_task_marker_dag.py
[2023-05-06T23:41:19.188+0000] {processor.py:799} INFO - Processing file /home/airflow/.local/lib/python3.7/site-packages/airflow/example_dags/example_external_task_marker_dag.py for tasks to queue
[2023-05-06T23:41:19.188+0000] {logging_mixin.py:149} INFO - [2023-05-06T23:41:19.188+0000] {dagbag.py:541} INFO - Filling up the DagBag from /home/airflow/.local/lib/python3.7/site-packages/airflow/example_dags/example_external_task_marker_dag.py
[2023-05-06T23:41:19.193+0000] {processor.py:809} INFO - DAG(s) dict_keys(['example_external_task_marker_child', 'example_external_task_marker_parent']) retrieved from /home/airflow/.local/lib/python3.7/site-packages/airflow/example_dags/example_external_task_marker_dag.py
[2023-05-06T23:41:19.216+0000] {logging_mixin.py:149} INFO - [2023-05-06T23:41:19.216+0000] {dag.py:2726} INFO - Sync 2 DAGs
[2023-05-06T23:41:19.239+0000] {logging_mixin.py:149} INFO - [2023-05-06T23:41:19.239+0000] {dag.py:3490} INFO - Setting next_dagrun for example_external_task_marker_child to None, run_after=None
[2023-05-06T23:41:19.243+0000] {logging_mixin.py:149} INFO - [2023-05-06T23:41:19.243+0000] {dag.py:3490} INFO - Setting next_dagrun for example_external_task_marker_parent to None, run_after=None
[2023-05-06T23:41:19.260+0000] {processor.py:178} INFO - Processing /home/airflow/.local/lib/python3.7/site-packages/airflow/example_dags/example_external_task_marker_dag.py took 0.075 seconds
[2023-05-06T23:41:49.533+0000] {processor.py:156} INFO - Started process (PID=1972) to work on /home/airflow/.local/lib/python3.7/site-packages/airflow/example_dags/example_external_task_marker_dag.py
[2023-05-06T23:41:49.534+0000] {processor.py:799} INFO - Processing file /home/airflow/.local/lib/python3.7/site-packages/airflow/example_dags/example_external_task_marker_dag.py for tasks to queue
[2023-05-06T23:41:49.534+0000] {logging_mixin.py:149} INFO - [2023-05-06T23:41:49.534+0000] {dagbag.py:541} INFO - Filling up the DagBag from /home/airflow/.local/lib/python3.7/site-packages/airflow/example_dags/example_external_task_marker_dag.py
[2023-05-06T23:41:49.538+0000] {processor.py:809} INFO - DAG(s) dict_keys(['example_external_task_marker_parent', 'example_external_task_marker_child']) retrieved from /home/airflow/.local/lib/python3.7/site-packages/airflow/example_dags/example_external_task_marker_dag.py
[2023-05-06T23:41:49.560+0000] {logging_mixin.py:149} INFO - [2023-05-06T23:41:49.560+0000] {dag.py:2726} INFO - Sync 2 DAGs
[2023-05-06T23:41:49.584+0000] {logging_mixin.py:149} INFO - [2023-05-06T23:41:49.584+0000] {dag.py:3490} INFO - Setting next_dagrun for example_external_task_marker_child to None, run_after=None
[2023-05-06T23:41:49.588+0000] {logging_mixin.py:149} INFO - [2023-05-06T23:41:49.587+0000] {dag.py:3490} INFO - Setting next_dagrun for example_external_task_marker_parent to None, run_after=None
[2023-05-06T23:41:49.604+0000] {processor.py:178} INFO - Processing /home/airflow/.local/lib/python3.7/site-packages/airflow/example_dags/example_external_task_marker_dag.py took 0.073 seconds
[2023-05-06T23:42:19.798+0000] {processor.py:156} INFO - Started process (PID=2030) to work on /home/airflow/.local/lib/python3.7/site-packages/airflow/example_dags/example_external_task_marker_dag.py
[2023-05-06T23:42:19.798+0000] {processor.py:799} INFO - Processing file /home/airflow/.local/lib/python3.7/site-packages/airflow/example_dags/example_external_task_marker_dag.py for tasks to queue
[2023-05-06T23:42:19.799+0000] {logging_mixin.py:149} INFO - [2023-05-06T23:42:19.799+0000] {dagbag.py:541} INFO - Filling up the DagBag from /home/airflow/.local/lib/python3.7/site-packages/airflow/example_dags/example_external_task_marker_dag.py
[2023-05-06T23:42:19.803+0000] {processor.py:809} INFO - DAG(s) dict_keys(['example_external_task_marker_child', 'example_external_task_marker_parent']) retrieved from /home/airflow/.local/lib/python3.7/site-packages/airflow/example_dags/example_external_task_marker_dag.py
[2023-05-06T23:42:19.827+0000] {logging_mixin.py:149} INFO - [2023-05-06T23:42:19.827+0000] {dag.py:2726} INFO - Sync 2 DAGs
[2023-05-06T23:42:19.850+0000] {logging_mixin.py:149} INFO - [2023-05-06T23:42:19.850+0000] {dag.py:3490} INFO - Setting next_dagrun for example_external_task_marker_child to None, run_after=None
[2023-05-06T23:42:19.853+0000] {logging_mixin.py:149} INFO - [2023-05-06T23:42:19.853+0000] {dag.py:3490} INFO - Setting next_dagrun for example_external_task_marker_parent to None, run_after=None
[2023-05-06T23:42:19.870+0000] {processor.py:178} INFO - Processing /home/airflow/.local/lib/python3.7/site-packages/airflow/example_dags/example_external_task_marker_dag.py took 0.075 seconds
[2023-05-06T23:42:50.311+0000] {processor.py:156} INFO - Started process (PID=2088) to work on /home/airflow/.local/lib/python3.7/site-packages/airflow/example_dags/example_external_task_marker_dag.py
[2023-05-06T23:42:50.311+0000] {processor.py:799} INFO - Processing file /home/airflow/.local/lib/python3.7/site-packages/airflow/example_dags/example_external_task_marker_dag.py for tasks to queue
[2023-05-06T23:42:50.312+0000] {logging_mixin.py:149} INFO - [2023-05-06T23:42:50.312+0000] {dagbag.py:541} INFO - Filling up the DagBag from /home/airflow/.local/lib/python3.7/site-packages/airflow/example_dags/example_external_task_marker_dag.py
[2023-05-06T23:42:50.316+0000] {processor.py:809} INFO - DAG(s) dict_keys(['example_external_task_marker_parent', 'example_external_task_marker_child']) retrieved from /home/airflow/.local/lib/python3.7/site-packages/airflow/example_dags/example_external_task_marker_dag.py
[2023-05-06T23:42:50.340+0000] {logging_mixin.py:149} INFO - [2023-05-06T23:42:50.340+0000] {dag.py:2726} INFO - Sync 2 DAGs
[2023-05-06T23:42:50.366+0000] {logging_mixin.py:149} INFO - [2023-05-06T23:42:50.365+0000] {dag.py:3490} INFO - Setting next_dagrun for example_external_task_marker_child to None, run_after=None
[2023-05-06T23:42:50.369+0000] {logging_mixin.py:149} INFO - [2023-05-06T23:42:50.369+0000] {dag.py:3490} INFO - Setting next_dagrun for example_external_task_marker_parent to None, run_after=None
[2023-05-06T23:42:50.385+0000] {processor.py:178} INFO - Processing /home/airflow/.local/lib/python3.7/site-packages/airflow/example_dags/example_external_task_marker_dag.py took 0.077 seconds
[2023-05-06T23:43:20.726+0000] {processor.py:156} INFO - Started process (PID=2146) to work on /home/airflow/.local/lib/python3.7/site-packages/airflow/example_dags/example_external_task_marker_dag.py
[2023-05-06T23:43:20.726+0000] {processor.py:799} INFO - Processing file /home/airflow/.local/lib/python3.7/site-packages/airflow/example_dags/example_external_task_marker_dag.py for tasks to queue
[2023-05-06T23:43:20.727+0000] {logging_mixin.py:149} INFO - [2023-05-06T23:43:20.727+0000] {dagbag.py:541} INFO - Filling up the DagBag from /home/airflow/.local/lib/python3.7/site-packages/airflow/example_dags/example_external_task_marker_dag.py
[2023-05-06T23:43:20.734+0000] {processor.py:809} INFO - DAG(s) dict_keys(['example_external_task_marker_parent', 'example_external_task_marker_child']) retrieved from /home/airflow/.local/lib/python3.7/site-packages/airflow/example_dags/example_external_task_marker_dag.py
[2023-05-06T23:43:20.763+0000] {logging_mixin.py:149} INFO - [2023-05-06T23:43:20.763+0000] {dag.py:2726} INFO - Sync 2 DAGs
[2023-05-06T23:43:20.787+0000] {logging_mixin.py:149} INFO - [2023-05-06T23:43:20.786+0000] {dag.py:3490} INFO - Setting next_dagrun for example_external_task_marker_child to None, run_after=None
[2023-05-06T23:43:20.790+0000] {logging_mixin.py:149} INFO - [2023-05-06T23:43:20.790+0000] {dag.py:3490} INFO - Setting next_dagrun for example_external_task_marker_parent to None, run_after=None
[2023-05-06T23:43:20.806+0000] {processor.py:178} INFO - Processing /home/airflow/.local/lib/python3.7/site-packages/airflow/example_dags/example_external_task_marker_dag.py took 0.084 seconds
