[2023-05-06T23:25:02.430+0000] {processor.py:156} INFO - Started process (PID=48) to work on /home/airflow/.local/lib/python3.7/site-packages/airflow/example_dags/example_datasets.py
[2023-05-06T23:25:02.430+0000] {processor.py:799} INFO - Processing file /home/airflow/.local/lib/python3.7/site-packages/airflow/example_dags/example_datasets.py for tasks to queue
[2023-05-06T23:25:02.431+0000] {logging_mixin.py:149} INFO - [2023-05-06T23:25:02.431+0000] {dagbag.py:541} INFO - Filling up the DagBag from /home/airflow/.local/lib/python3.7/site-packages/airflow/example_dags/example_datasets.py
[2023-05-06T23:25:02.439+0000] {processor.py:809} INFO - DAG(s) dict_keys(['dataset_produces_1', 'dataset_produces_2', 'dataset_consumes_1_and_2', 'dataset_consumes_1_never_scheduled', 'dataset_consumes_unknown_never_scheduled', 'dataset_consumes_1']) retrieved from /home/airflow/.local/lib/python3.7/site-packages/airflow/example_dags/example_datasets.py
[2023-05-06T23:25:02.457+0000] {logging_mixin.py:149} INFO - [2023-05-06T23:25:02.457+0000] {dag.py:2726} INFO - Sync 6 DAGs
[2023-05-06T23:25:02.486+0000] {logging_mixin.py:149} INFO - [2023-05-06T23:25:02.486+0000] {dag.py:3490} INFO - Setting next_dagrun for dataset_consumes_1 to None, run_after=None
[2023-05-06T23:25:02.490+0000] {logging_mixin.py:149} INFO - [2023-05-06T23:25:02.490+0000] {dag.py:3490} INFO - Setting next_dagrun for dataset_consumes_1_and_2 to None, run_after=None
[2023-05-06T23:25:02.492+0000] {logging_mixin.py:149} INFO - [2023-05-06T23:25:02.492+0000] {dag.py:3490} INFO - Setting next_dagrun for dataset_consumes_1_never_scheduled to None, run_after=None
[2023-05-06T23:25:02.493+0000] {logging_mixin.py:149} INFO - [2023-05-06T23:25:02.493+0000] {dag.py:3490} INFO - Setting next_dagrun for dataset_consumes_unknown_never_scheduled to None, run_after=None
[2023-05-06T23:25:02.496+0000] {logging_mixin.py:149} INFO - [2023-05-06T23:25:02.496+0000] {dag.py:3490} INFO - Setting next_dagrun for dataset_produces_1 to 2023-05-05T00:00:00+00:00, run_after=2023-05-06T00:00:00+00:00
[2023-05-06T23:25:02.498+0000] {logging_mixin.py:149} INFO - [2023-05-06T23:25:02.497+0000] {dag.py:3490} INFO - Setting next_dagrun for dataset_produces_2 to None, run_after=None
[2023-05-06T23:25:02.537+0000] {processor.py:178} INFO - Processing /home/airflow/.local/lib/python3.7/site-packages/airflow/example_dags/example_datasets.py took 0.110 seconds
[2023-05-06T23:25:32.653+0000] {processor.py:156} INFO - Started process (PID=106) to work on /home/airflow/.local/lib/python3.7/site-packages/airflow/example_dags/example_datasets.py
[2023-05-06T23:25:32.654+0000] {processor.py:799} INFO - Processing file /home/airflow/.local/lib/python3.7/site-packages/airflow/example_dags/example_datasets.py for tasks to queue
[2023-05-06T23:25:32.655+0000] {logging_mixin.py:149} INFO - [2023-05-06T23:25:32.655+0000] {dagbag.py:541} INFO - Filling up the DagBag from /home/airflow/.local/lib/python3.7/site-packages/airflow/example_dags/example_datasets.py
[2023-05-06T23:25:32.671+0000] {processor.py:809} INFO - DAG(s) dict_keys(['dataset_consumes_1', 'dataset_produces_1', 'dataset_consumes_1_and_2', 'dataset_consumes_unknown_never_scheduled', 'dataset_consumes_1_never_scheduled', 'dataset_produces_2']) retrieved from /home/airflow/.local/lib/python3.7/site-packages/airflow/example_dags/example_datasets.py
[2023-05-06T23:25:32.760+0000] {logging_mixin.py:149} INFO - [2023-05-06T23:25:32.760+0000] {dag.py:2726} INFO - Sync 6 DAGs
[2023-05-06T23:25:32.783+0000] {logging_mixin.py:149} INFO - [2023-05-06T23:25:32.783+0000] {dag.py:3490} INFO - Setting next_dagrun for dataset_consumes_1 to None, run_after=None
[2023-05-06T23:25:32.786+0000] {logging_mixin.py:149} INFO - [2023-05-06T23:25:32.786+0000] {dag.py:3490} INFO - Setting next_dagrun for dataset_consumes_1_and_2 to None, run_after=None
[2023-05-06T23:25:32.787+0000] {logging_mixin.py:149} INFO - [2023-05-06T23:25:32.787+0000] {dag.py:3490} INFO - Setting next_dagrun for dataset_consumes_1_never_scheduled to None, run_after=None
[2023-05-06T23:25:32.788+0000] {logging_mixin.py:149} INFO - [2023-05-06T23:25:32.788+0000] {dag.py:3490} INFO - Setting next_dagrun for dataset_consumes_unknown_never_scheduled to None, run_after=None
[2023-05-06T23:25:32.790+0000] {logging_mixin.py:149} INFO - [2023-05-06T23:25:32.790+0000] {dag.py:3490} INFO - Setting next_dagrun for dataset_produces_1 to 2023-05-05T00:00:00+00:00, run_after=2023-05-06T00:00:00+00:00
[2023-05-06T23:25:32.792+0000] {logging_mixin.py:149} INFO - [2023-05-06T23:25:32.791+0000] {dag.py:3490} INFO - Setting next_dagrun for dataset_produces_2 to None, run_after=None
[2023-05-06T23:25:32.824+0000] {processor.py:178} INFO - Processing /home/airflow/.local/lib/python3.7/site-packages/airflow/example_dags/example_datasets.py took 0.177 seconds
[2023-05-06T23:26:03.589+0000] {processor.py:156} INFO - Started process (PID=164) to work on /home/airflow/.local/lib/python3.7/site-packages/airflow/example_dags/example_datasets.py
[2023-05-06T23:26:03.590+0000] {processor.py:799} INFO - Processing file /home/airflow/.local/lib/python3.7/site-packages/airflow/example_dags/example_datasets.py for tasks to queue
[2023-05-06T23:26:03.590+0000] {logging_mixin.py:149} INFO - [2023-05-06T23:26:03.590+0000] {dagbag.py:541} INFO - Filling up the DagBag from /home/airflow/.local/lib/python3.7/site-packages/airflow/example_dags/example_datasets.py
[2023-05-06T23:26:03.597+0000] {processor.py:809} INFO - DAG(s) dict_keys(['dataset_consumes_unknown_never_scheduled', 'dataset_consumes_1_never_scheduled', 'dataset_consumes_1', 'dataset_consumes_1_and_2', 'dataset_produces_1', 'dataset_produces_2']) retrieved from /home/airflow/.local/lib/python3.7/site-packages/airflow/example_dags/example_datasets.py
[2023-05-06T23:26:03.632+0000] {logging_mixin.py:149} INFO - [2023-05-06T23:26:03.631+0000] {dag.py:2726} INFO - Sync 6 DAGs
[2023-05-06T23:26:03.657+0000] {logging_mixin.py:149} INFO - [2023-05-06T23:26:03.657+0000] {dag.py:3490} INFO - Setting next_dagrun for dataset_consumes_1 to None, run_after=None
[2023-05-06T23:26:03.661+0000] {logging_mixin.py:149} INFO - [2023-05-06T23:26:03.661+0000] {dag.py:3490} INFO - Setting next_dagrun for dataset_consumes_1_and_2 to None, run_after=None
[2023-05-06T23:26:03.663+0000] {logging_mixin.py:149} INFO - [2023-05-06T23:26:03.663+0000] {dag.py:3490} INFO - Setting next_dagrun for dataset_consumes_1_never_scheduled to None, run_after=None
[2023-05-06T23:26:03.664+0000] {logging_mixin.py:149} INFO - [2023-05-06T23:26:03.664+0000] {dag.py:3490} INFO - Setting next_dagrun for dataset_consumes_unknown_never_scheduled to None, run_after=None
[2023-05-06T23:26:03.667+0000] {logging_mixin.py:149} INFO - [2023-05-06T23:26:03.666+0000] {dag.py:3490} INFO - Setting next_dagrun for dataset_produces_1 to 2023-05-05T00:00:00+00:00, run_after=2023-05-06T00:00:00+00:00
[2023-05-06T23:26:03.668+0000] {logging_mixin.py:149} INFO - [2023-05-06T23:26:03.668+0000] {dag.py:3490} INFO - Setting next_dagrun for dataset_produces_2 to None, run_after=None
[2023-05-06T23:26:03.702+0000] {processor.py:178} INFO - Processing /home/airflow/.local/lib/python3.7/site-packages/airflow/example_dags/example_datasets.py took 0.115 seconds
[2023-05-06T23:26:34.138+0000] {processor.py:156} INFO - Started process (PID=221) to work on /home/airflow/.local/lib/python3.7/site-packages/airflow/example_dags/example_datasets.py
[2023-05-06T23:26:34.138+0000] {processor.py:799} INFO - Processing file /home/airflow/.local/lib/python3.7/site-packages/airflow/example_dags/example_datasets.py for tasks to queue
[2023-05-06T23:26:34.139+0000] {logging_mixin.py:149} INFO - [2023-05-06T23:26:34.139+0000] {dagbag.py:541} INFO - Filling up the DagBag from /home/airflow/.local/lib/python3.7/site-packages/airflow/example_dags/example_datasets.py
[2023-05-06T23:26:34.145+0000] {processor.py:809} INFO - DAG(s) dict_keys(['dataset_produces_1', 'dataset_consumes_unknown_never_scheduled', 'dataset_produces_2', 'dataset_consumes_1', 'dataset_consumes_1_and_2', 'dataset_consumes_1_never_scheduled']) retrieved from /home/airflow/.local/lib/python3.7/site-packages/airflow/example_dags/example_datasets.py
[2023-05-06T23:26:34.182+0000] {logging_mixin.py:149} INFO - [2023-05-06T23:26:34.181+0000] {dag.py:2726} INFO - Sync 6 DAGs
[2023-05-06T23:26:34.208+0000] {logging_mixin.py:149} INFO - [2023-05-06T23:26:34.208+0000] {dag.py:3490} INFO - Setting next_dagrun for dataset_consumes_1 to None, run_after=None
[2023-05-06T23:26:34.211+0000] {logging_mixin.py:149} INFO - [2023-05-06T23:26:34.211+0000] {dag.py:3490} INFO - Setting next_dagrun for dataset_consumes_1_and_2 to None, run_after=None
[2023-05-06T23:26:34.212+0000] {logging_mixin.py:149} INFO - [2023-05-06T23:26:34.212+0000] {dag.py:3490} INFO - Setting next_dagrun for dataset_consumes_1_never_scheduled to None, run_after=None
[2023-05-06T23:26:34.213+0000] {logging_mixin.py:149} INFO - [2023-05-06T23:26:34.213+0000] {dag.py:3490} INFO - Setting next_dagrun for dataset_consumes_unknown_never_scheduled to None, run_after=None
[2023-05-06T23:26:34.215+0000] {logging_mixin.py:149} INFO - [2023-05-06T23:26:34.215+0000] {dag.py:3490} INFO - Setting next_dagrun for dataset_produces_1 to 2023-05-05T00:00:00+00:00, run_after=2023-05-06T00:00:00+00:00
[2023-05-06T23:26:34.217+0000] {logging_mixin.py:149} INFO - [2023-05-06T23:26:34.216+0000] {dag.py:3490} INFO - Setting next_dagrun for dataset_produces_2 to None, run_after=None
[2023-05-06T23:26:34.248+0000] {processor.py:178} INFO - Processing /home/airflow/.local/lib/python3.7/site-packages/airflow/example_dags/example_datasets.py took 0.112 seconds
[2023-05-06T23:27:04.760+0000] {processor.py:156} INFO - Started process (PID=279) to work on /home/airflow/.local/lib/python3.7/site-packages/airflow/example_dags/example_datasets.py
[2023-05-06T23:27:04.761+0000] {processor.py:799} INFO - Processing file /home/airflow/.local/lib/python3.7/site-packages/airflow/example_dags/example_datasets.py for tasks to queue
[2023-05-06T23:27:04.761+0000] {logging_mixin.py:149} INFO - [2023-05-06T23:27:04.761+0000] {dagbag.py:541} INFO - Filling up the DagBag from /home/airflow/.local/lib/python3.7/site-packages/airflow/example_dags/example_datasets.py
[2023-05-06T23:27:04.768+0000] {processor.py:809} INFO - DAG(s) dict_keys(['dataset_consumes_1_and_2', 'dataset_consumes_1_never_scheduled', 'dataset_consumes_1', 'dataset_produces_2', 'dataset_consumes_unknown_never_scheduled', 'dataset_produces_1']) retrieved from /home/airflow/.local/lib/python3.7/site-packages/airflow/example_dags/example_datasets.py
[2023-05-06T23:27:04.806+0000] {logging_mixin.py:149} INFO - [2023-05-06T23:27:04.806+0000] {dag.py:2726} INFO - Sync 6 DAGs
[2023-05-06T23:27:04.832+0000] {logging_mixin.py:149} INFO - [2023-05-06T23:27:04.832+0000] {dag.py:3490} INFO - Setting next_dagrun for dataset_consumes_1 to None, run_after=None
[2023-05-06T23:27:04.835+0000] {logging_mixin.py:149} INFO - [2023-05-06T23:27:04.835+0000] {dag.py:3490} INFO - Setting next_dagrun for dataset_consumes_1_and_2 to None, run_after=None
[2023-05-06T23:27:04.837+0000] {logging_mixin.py:149} INFO - [2023-05-06T23:27:04.837+0000] {dag.py:3490} INFO - Setting next_dagrun for dataset_consumes_1_never_scheduled to None, run_after=None
[2023-05-06T23:27:04.838+0000] {logging_mixin.py:149} INFO - [2023-05-06T23:27:04.838+0000] {dag.py:3490} INFO - Setting next_dagrun for dataset_consumes_unknown_never_scheduled to None, run_after=None
[2023-05-06T23:27:04.841+0000] {logging_mixin.py:149} INFO - [2023-05-06T23:27:04.841+0000] {dag.py:3490} INFO - Setting next_dagrun for dataset_produces_1 to 2023-05-05T00:00:00+00:00, run_after=2023-05-06T00:00:00+00:00
[2023-05-06T23:27:04.842+0000] {logging_mixin.py:149} INFO - [2023-05-06T23:27:04.842+0000] {dag.py:3490} INFO - Setting next_dagrun for dataset_produces_2 to None, run_after=None
[2023-05-06T23:27:04.875+0000] {processor.py:178} INFO - Processing /home/airflow/.local/lib/python3.7/site-packages/airflow/example_dags/example_datasets.py took 0.117 seconds
[2023-05-06T23:27:35.308+0000] {processor.py:156} INFO - Started process (PID=337) to work on /home/airflow/.local/lib/python3.7/site-packages/airflow/example_dags/example_datasets.py
[2023-05-06T23:27:35.309+0000] {processor.py:799} INFO - Processing file /home/airflow/.local/lib/python3.7/site-packages/airflow/example_dags/example_datasets.py for tasks to queue
[2023-05-06T23:27:35.309+0000] {logging_mixin.py:149} INFO - [2023-05-06T23:27:35.309+0000] {dagbag.py:541} INFO - Filling up the DagBag from /home/airflow/.local/lib/python3.7/site-packages/airflow/example_dags/example_datasets.py
[2023-05-06T23:27:35.316+0000] {processor.py:809} INFO - DAG(s) dict_keys(['dataset_consumes_1_never_scheduled', 'dataset_produces_1', 'dataset_consumes_unknown_never_scheduled', 'dataset_consumes_1_and_2', 'dataset_produces_2', 'dataset_consumes_1']) retrieved from /home/airflow/.local/lib/python3.7/site-packages/airflow/example_dags/example_datasets.py
[2023-05-06T23:27:35.351+0000] {logging_mixin.py:149} INFO - [2023-05-06T23:27:35.350+0000] {dag.py:2726} INFO - Sync 6 DAGs
[2023-05-06T23:27:35.375+0000] {logging_mixin.py:149} INFO - [2023-05-06T23:27:35.375+0000] {dag.py:3490} INFO - Setting next_dagrun for dataset_consumes_1 to None, run_after=None
[2023-05-06T23:27:35.378+0000] {logging_mixin.py:149} INFO - [2023-05-06T23:27:35.378+0000] {dag.py:3490} INFO - Setting next_dagrun for dataset_consumes_1_and_2 to None, run_after=None
[2023-05-06T23:27:35.379+0000] {logging_mixin.py:149} INFO - [2023-05-06T23:27:35.379+0000] {dag.py:3490} INFO - Setting next_dagrun for dataset_consumes_1_never_scheduled to None, run_after=None
[2023-05-06T23:27:35.380+0000] {logging_mixin.py:149} INFO - [2023-05-06T23:27:35.380+0000] {dag.py:3490} INFO - Setting next_dagrun for dataset_consumes_unknown_never_scheduled to None, run_after=None
[2023-05-06T23:27:35.383+0000] {logging_mixin.py:149} INFO - [2023-05-06T23:27:35.383+0000] {dag.py:3490} INFO - Setting next_dagrun for dataset_produces_1 to 2023-05-05T00:00:00+00:00, run_after=2023-05-06T00:00:00+00:00
[2023-05-06T23:27:35.384+0000] {logging_mixin.py:149} INFO - [2023-05-06T23:27:35.384+0000] {dag.py:3490} INFO - Setting next_dagrun for dataset_produces_2 to None, run_after=None
[2023-05-06T23:27:35.419+0000] {processor.py:178} INFO - Processing /home/airflow/.local/lib/python3.7/site-packages/airflow/example_dags/example_datasets.py took 0.113 seconds
[2023-05-06T23:28:05.739+0000] {processor.py:156} INFO - Started process (PID=395) to work on /home/airflow/.local/lib/python3.7/site-packages/airflow/example_dags/example_datasets.py
[2023-05-06T23:28:05.739+0000] {processor.py:799} INFO - Processing file /home/airflow/.local/lib/python3.7/site-packages/airflow/example_dags/example_datasets.py for tasks to queue
[2023-05-06T23:28:05.740+0000] {logging_mixin.py:149} INFO - [2023-05-06T23:28:05.740+0000] {dagbag.py:541} INFO - Filling up the DagBag from /home/airflow/.local/lib/python3.7/site-packages/airflow/example_dags/example_datasets.py
[2023-05-06T23:28:05.748+0000] {processor.py:809} INFO - DAG(s) dict_keys(['dataset_produces_1', 'dataset_produces_2', 'dataset_consumes_1_never_scheduled', 'dataset_consumes_1_and_2', 'dataset_consumes_unknown_never_scheduled', 'dataset_consumes_1']) retrieved from /home/airflow/.local/lib/python3.7/site-packages/airflow/example_dags/example_datasets.py
[2023-05-06T23:28:05.783+0000] {logging_mixin.py:149} INFO - [2023-05-06T23:28:05.783+0000] {dag.py:2726} INFO - Sync 6 DAGs
[2023-05-06T23:28:05.809+0000] {logging_mixin.py:149} INFO - [2023-05-06T23:28:05.808+0000] {dag.py:3490} INFO - Setting next_dagrun for dataset_consumes_1 to None, run_after=None
[2023-05-06T23:28:05.812+0000] {logging_mixin.py:149} INFO - [2023-05-06T23:28:05.812+0000] {dag.py:3490} INFO - Setting next_dagrun for dataset_consumes_1_and_2 to None, run_after=None
[2023-05-06T23:28:05.813+0000] {logging_mixin.py:149} INFO - [2023-05-06T23:28:05.813+0000] {dag.py:3490} INFO - Setting next_dagrun for dataset_consumes_1_never_scheduled to None, run_after=None
[2023-05-06T23:28:05.815+0000] {logging_mixin.py:149} INFO - [2023-05-06T23:28:05.815+0000] {dag.py:3490} INFO - Setting next_dagrun for dataset_consumes_unknown_never_scheduled to None, run_after=None
[2023-05-06T23:28:05.817+0000] {logging_mixin.py:149} INFO - [2023-05-06T23:28:05.817+0000] {dag.py:3490} INFO - Setting next_dagrun for dataset_produces_1 to 2023-05-05T00:00:00+00:00, run_after=2023-05-06T00:00:00+00:00
[2023-05-06T23:28:05.819+0000] {logging_mixin.py:149} INFO - [2023-05-06T23:28:05.819+0000] {dag.py:3490} INFO - Setting next_dagrun for dataset_produces_2 to None, run_after=None
[2023-05-06T23:28:05.851+0000] {processor.py:178} INFO - Processing /home/airflow/.local/lib/python3.7/site-packages/airflow/example_dags/example_datasets.py took 0.115 seconds
[2023-05-06T23:28:36.112+0000] {processor.py:156} INFO - Started process (PID=454) to work on /home/airflow/.local/lib/python3.7/site-packages/airflow/example_dags/example_datasets.py
[2023-05-06T23:28:36.113+0000] {processor.py:799} INFO - Processing file /home/airflow/.local/lib/python3.7/site-packages/airflow/example_dags/example_datasets.py for tasks to queue
[2023-05-06T23:28:36.113+0000] {logging_mixin.py:149} INFO - [2023-05-06T23:28:36.113+0000] {dagbag.py:541} INFO - Filling up the DagBag from /home/airflow/.local/lib/python3.7/site-packages/airflow/example_dags/example_datasets.py
[2023-05-06T23:28:36.121+0000] {processor.py:809} INFO - DAG(s) dict_keys(['dataset_consumes_1_and_2', 'dataset_produces_2', 'dataset_consumes_unknown_never_scheduled', 'dataset_produces_1', 'dataset_consumes_1_never_scheduled', 'dataset_consumes_1']) retrieved from /home/airflow/.local/lib/python3.7/site-packages/airflow/example_dags/example_datasets.py
[2023-05-06T23:28:36.158+0000] {logging_mixin.py:149} INFO - [2023-05-06T23:28:36.158+0000] {dag.py:2726} INFO - Sync 6 DAGs
[2023-05-06T23:28:36.184+0000] {logging_mixin.py:149} INFO - [2023-05-06T23:28:36.183+0000] {dag.py:3490} INFO - Setting next_dagrun for dataset_consumes_1 to None, run_after=None
[2023-05-06T23:28:36.187+0000] {logging_mixin.py:149} INFO - [2023-05-06T23:28:36.187+0000] {dag.py:3490} INFO - Setting next_dagrun for dataset_consumes_1_and_2 to None, run_after=None
[2023-05-06T23:28:36.189+0000] {logging_mixin.py:149} INFO - [2023-05-06T23:28:36.188+0000] {dag.py:3490} INFO - Setting next_dagrun for dataset_consumes_1_never_scheduled to None, run_after=None
[2023-05-06T23:28:36.190+0000] {logging_mixin.py:149} INFO - [2023-05-06T23:28:36.190+0000] {dag.py:3490} INFO - Setting next_dagrun for dataset_consumes_unknown_never_scheduled to None, run_after=None
[2023-05-06T23:28:36.193+0000] {logging_mixin.py:149} INFO - [2023-05-06T23:28:36.193+0000] {dag.py:3490} INFO - Setting next_dagrun for dataset_produces_1 to 2023-05-05T00:00:00+00:00, run_after=2023-05-06T00:00:00+00:00
[2023-05-06T23:28:36.195+0000] {logging_mixin.py:149} INFO - [2023-05-06T23:28:36.194+0000] {dag.py:3490} INFO - Setting next_dagrun for dataset_produces_2 to None, run_after=None
[2023-05-06T23:28:36.227+0000] {processor.py:178} INFO - Processing /home/airflow/.local/lib/python3.7/site-packages/airflow/example_dags/example_datasets.py took 0.117 seconds
[2023-05-06T23:29:06.448+0000] {processor.py:156} INFO - Started process (PID=512) to work on /home/airflow/.local/lib/python3.7/site-packages/airflow/example_dags/example_datasets.py
[2023-05-06T23:29:06.449+0000] {processor.py:799} INFO - Processing file /home/airflow/.local/lib/python3.7/site-packages/airflow/example_dags/example_datasets.py for tasks to queue
[2023-05-06T23:29:06.449+0000] {logging_mixin.py:149} INFO - [2023-05-06T23:29:06.449+0000] {dagbag.py:541} INFO - Filling up the DagBag from /home/airflow/.local/lib/python3.7/site-packages/airflow/example_dags/example_datasets.py
[2023-05-06T23:29:06.455+0000] {processor.py:809} INFO - DAG(s) dict_keys(['dataset_produces_2', 'dataset_produces_1', 'dataset_consumes_1_and_2', 'dataset_consumes_unknown_never_scheduled', 'dataset_consumes_1', 'dataset_consumes_1_never_scheduled']) retrieved from /home/airflow/.local/lib/python3.7/site-packages/airflow/example_dags/example_datasets.py
[2023-05-06T23:29:06.490+0000] {logging_mixin.py:149} INFO - [2023-05-06T23:29:06.490+0000] {dag.py:2726} INFO - Sync 6 DAGs
[2023-05-06T23:29:06.514+0000] {logging_mixin.py:149} INFO - [2023-05-06T23:29:06.514+0000] {dag.py:3490} INFO - Setting next_dagrun for dataset_consumes_1 to None, run_after=None
[2023-05-06T23:29:06.518+0000] {logging_mixin.py:149} INFO - [2023-05-06T23:29:06.517+0000] {dag.py:3490} INFO - Setting next_dagrun for dataset_consumes_1_and_2 to None, run_after=None
[2023-05-06T23:29:06.519+0000] {logging_mixin.py:149} INFO - [2023-05-06T23:29:06.519+0000] {dag.py:3490} INFO - Setting next_dagrun for dataset_consumes_1_never_scheduled to None, run_after=None
[2023-05-06T23:29:06.520+0000] {logging_mixin.py:149} INFO - [2023-05-06T23:29:06.520+0000] {dag.py:3490} INFO - Setting next_dagrun for dataset_consumes_unknown_never_scheduled to None, run_after=None
[2023-05-06T23:29:06.522+0000] {logging_mixin.py:149} INFO - [2023-05-06T23:29:06.522+0000] {dag.py:3490} INFO - Setting next_dagrun for dataset_produces_1 to 2023-05-05T00:00:00+00:00, run_after=2023-05-06T00:00:00+00:00
[2023-05-06T23:29:06.524+0000] {logging_mixin.py:149} INFO - [2023-05-06T23:29:06.524+0000] {dag.py:3490} INFO - Setting next_dagrun for dataset_produces_2 to None, run_after=None
[2023-05-06T23:29:06.555+0000] {processor.py:178} INFO - Processing /home/airflow/.local/lib/python3.7/site-packages/airflow/example_dags/example_datasets.py took 0.109 seconds
[2023-05-06T23:29:36.989+0000] {processor.py:156} INFO - Started process (PID=570) to work on /home/airflow/.local/lib/python3.7/site-packages/airflow/example_dags/example_datasets.py
[2023-05-06T23:29:36.989+0000] {processor.py:799} INFO - Processing file /home/airflow/.local/lib/python3.7/site-packages/airflow/example_dags/example_datasets.py for tasks to queue
[2023-05-06T23:29:36.990+0000] {logging_mixin.py:149} INFO - [2023-05-06T23:29:36.990+0000] {dagbag.py:541} INFO - Filling up the DagBag from /home/airflow/.local/lib/python3.7/site-packages/airflow/example_dags/example_datasets.py
[2023-05-06T23:29:36.997+0000] {processor.py:809} INFO - DAG(s) dict_keys(['dataset_consumes_unknown_never_scheduled', 'dataset_produces_1', 'dataset_consumes_1_and_2', 'dataset_produces_2', 'dataset_consumes_1_never_scheduled', 'dataset_consumes_1']) retrieved from /home/airflow/.local/lib/python3.7/site-packages/airflow/example_dags/example_datasets.py
[2023-05-06T23:29:37.030+0000] {logging_mixin.py:149} INFO - [2023-05-06T23:29:37.029+0000] {dag.py:2726} INFO - Sync 6 DAGs
[2023-05-06T23:29:37.052+0000] {logging_mixin.py:149} INFO - [2023-05-06T23:29:37.052+0000] {dag.py:3490} INFO - Setting next_dagrun for dataset_consumes_1 to None, run_after=None
[2023-05-06T23:29:37.055+0000] {logging_mixin.py:149} INFO - [2023-05-06T23:29:37.055+0000] {dag.py:3490} INFO - Setting next_dagrun for dataset_consumes_1_and_2 to None, run_after=None
[2023-05-06T23:29:37.057+0000] {logging_mixin.py:149} INFO - [2023-05-06T23:29:37.057+0000] {dag.py:3490} INFO - Setting next_dagrun for dataset_consumes_1_never_scheduled to None, run_after=None
[2023-05-06T23:29:37.058+0000] {logging_mixin.py:149} INFO - [2023-05-06T23:29:37.058+0000] {dag.py:3490} INFO - Setting next_dagrun for dataset_consumes_unknown_never_scheduled to None, run_after=None
[2023-05-06T23:29:37.061+0000] {logging_mixin.py:149} INFO - [2023-05-06T23:29:37.061+0000] {dag.py:3490} INFO - Setting next_dagrun for dataset_produces_1 to 2023-05-05T00:00:00+00:00, run_after=2023-05-06T00:00:00+00:00
[2023-05-06T23:29:37.062+0000] {logging_mixin.py:149} INFO - [2023-05-06T23:29:37.062+0000] {dag.py:3490} INFO - Setting next_dagrun for dataset_produces_2 to None, run_after=None
[2023-05-06T23:29:37.093+0000] {processor.py:178} INFO - Processing /home/airflow/.local/lib/python3.7/site-packages/airflow/example_dags/example_datasets.py took 0.107 seconds
[2023-05-06T23:30:07.527+0000] {processor.py:156} INFO - Started process (PID=628) to work on /home/airflow/.local/lib/python3.7/site-packages/airflow/example_dags/example_datasets.py
[2023-05-06T23:30:07.528+0000] {processor.py:799} INFO - Processing file /home/airflow/.local/lib/python3.7/site-packages/airflow/example_dags/example_datasets.py for tasks to queue
[2023-05-06T23:30:07.528+0000] {logging_mixin.py:149} INFO - [2023-05-06T23:30:07.528+0000] {dagbag.py:541} INFO - Filling up the DagBag from /home/airflow/.local/lib/python3.7/site-packages/airflow/example_dags/example_datasets.py
[2023-05-06T23:30:07.535+0000] {processor.py:809} INFO - DAG(s) dict_keys(['dataset_produces_2', 'dataset_consumes_1_and_2', 'dataset_consumes_1_never_scheduled', 'dataset_consumes_unknown_never_scheduled', 'dataset_consumes_1', 'dataset_produces_1']) retrieved from /home/airflow/.local/lib/python3.7/site-packages/airflow/example_dags/example_datasets.py
[2023-05-06T23:30:07.570+0000] {logging_mixin.py:149} INFO - [2023-05-06T23:30:07.570+0000] {dag.py:2726} INFO - Sync 6 DAGs
[2023-05-06T23:30:07.597+0000] {logging_mixin.py:149} INFO - [2023-05-06T23:30:07.597+0000] {dag.py:3490} INFO - Setting next_dagrun for dataset_consumes_1 to None, run_after=None
[2023-05-06T23:30:07.600+0000] {logging_mixin.py:149} INFO - [2023-05-06T23:30:07.600+0000] {dag.py:3490} INFO - Setting next_dagrun for dataset_consumes_1_and_2 to None, run_after=None
[2023-05-06T23:30:07.602+0000] {logging_mixin.py:149} INFO - [2023-05-06T23:30:07.602+0000] {dag.py:3490} INFO - Setting next_dagrun for dataset_consumes_1_never_scheduled to None, run_after=None
[2023-05-06T23:30:07.603+0000] {logging_mixin.py:149} INFO - [2023-05-06T23:30:07.603+0000] {dag.py:3490} INFO - Setting next_dagrun for dataset_consumes_unknown_never_scheduled to None, run_after=None
[2023-05-06T23:30:07.606+0000] {logging_mixin.py:149} INFO - [2023-05-06T23:30:07.606+0000] {dag.py:3490} INFO - Setting next_dagrun for dataset_produces_1 to 2023-05-05T00:00:00+00:00, run_after=2023-05-06T00:00:00+00:00
[2023-05-06T23:30:07.607+0000] {logging_mixin.py:149} INFO - [2023-05-06T23:30:07.607+0000] {dag.py:3490} INFO - Setting next_dagrun for dataset_produces_2 to None, run_after=None
[2023-05-06T23:30:07.639+0000] {processor.py:178} INFO - Processing /home/airflow/.local/lib/python3.7/site-packages/airflow/example_dags/example_datasets.py took 0.114 seconds
[2023-05-06T23:30:37.832+0000] {processor.py:156} INFO - Started process (PID=686) to work on /home/airflow/.local/lib/python3.7/site-packages/airflow/example_dags/example_datasets.py
[2023-05-06T23:30:37.833+0000] {processor.py:799} INFO - Processing file /home/airflow/.local/lib/python3.7/site-packages/airflow/example_dags/example_datasets.py for tasks to queue
[2023-05-06T23:30:37.833+0000] {logging_mixin.py:149} INFO - [2023-05-06T23:30:37.833+0000] {dagbag.py:541} INFO - Filling up the DagBag from /home/airflow/.local/lib/python3.7/site-packages/airflow/example_dags/example_datasets.py
[2023-05-06T23:30:37.840+0000] {processor.py:809} INFO - DAG(s) dict_keys(['dataset_produces_2', 'dataset_produces_1', 'dataset_consumes_1_and_2', 'dataset_consumes_unknown_never_scheduled', 'dataset_consumes_1', 'dataset_consumes_1_never_scheduled']) retrieved from /home/airflow/.local/lib/python3.7/site-packages/airflow/example_dags/example_datasets.py
[2023-05-06T23:30:37.878+0000] {logging_mixin.py:149} INFO - [2023-05-06T23:30:37.878+0000] {dag.py:2726} INFO - Sync 6 DAGs
[2023-05-06T23:30:37.902+0000] {logging_mixin.py:149} INFO - [2023-05-06T23:30:37.902+0000] {dag.py:3490} INFO - Setting next_dagrun for dataset_consumes_1 to None, run_after=None
[2023-05-06T23:30:37.905+0000] {logging_mixin.py:149} INFO - [2023-05-06T23:30:37.905+0000] {dag.py:3490} INFO - Setting next_dagrun for dataset_consumes_1_and_2 to None, run_after=None
[2023-05-06T23:30:37.907+0000] {logging_mixin.py:149} INFO - [2023-05-06T23:30:37.906+0000] {dag.py:3490} INFO - Setting next_dagrun for dataset_consumes_1_never_scheduled to None, run_after=None
[2023-05-06T23:30:37.908+0000] {logging_mixin.py:149} INFO - [2023-05-06T23:30:37.908+0000] {dag.py:3490} INFO - Setting next_dagrun for dataset_consumes_unknown_never_scheduled to None, run_after=None
[2023-05-06T23:30:37.911+0000] {logging_mixin.py:149} INFO - [2023-05-06T23:30:37.911+0000] {dag.py:3490} INFO - Setting next_dagrun for dataset_produces_1 to 2023-05-05T00:00:00+00:00, run_after=2023-05-06T00:00:00+00:00
[2023-05-06T23:30:37.914+0000] {logging_mixin.py:149} INFO - [2023-05-06T23:30:37.914+0000] {dag.py:3490} INFO - Setting next_dagrun for dataset_produces_2 to None, run_after=None
[2023-05-06T23:30:37.946+0000] {processor.py:178} INFO - Processing /home/airflow/.local/lib/python3.7/site-packages/airflow/example_dags/example_datasets.py took 0.116 seconds
[2023-05-06T23:31:08.372+0000] {processor.py:156} INFO - Started process (PID=743) to work on /home/airflow/.local/lib/python3.7/site-packages/airflow/example_dags/example_datasets.py
[2023-05-06T23:31:08.373+0000] {processor.py:799} INFO - Processing file /home/airflow/.local/lib/python3.7/site-packages/airflow/example_dags/example_datasets.py for tasks to queue
[2023-05-06T23:31:08.373+0000] {logging_mixin.py:149} INFO - [2023-05-06T23:31:08.373+0000] {dagbag.py:541} INFO - Filling up the DagBag from /home/airflow/.local/lib/python3.7/site-packages/airflow/example_dags/example_datasets.py
[2023-05-06T23:31:08.381+0000] {processor.py:809} INFO - DAG(s) dict_keys(['dataset_consumes_1', 'dataset_consumes_1_and_2', 'dataset_consumes_1_never_scheduled', 'dataset_produces_2', 'dataset_consumes_unknown_never_scheduled', 'dataset_produces_1']) retrieved from /home/airflow/.local/lib/python3.7/site-packages/airflow/example_dags/example_datasets.py
[2023-05-06T23:31:08.420+0000] {logging_mixin.py:149} INFO - [2023-05-06T23:31:08.420+0000] {dag.py:2726} INFO - Sync 6 DAGs
[2023-05-06T23:31:08.444+0000] {logging_mixin.py:149} INFO - [2023-05-06T23:31:08.444+0000] {dag.py:3490} INFO - Setting next_dagrun for dataset_consumes_1 to None, run_after=None
[2023-05-06T23:31:08.448+0000] {logging_mixin.py:149} INFO - [2023-05-06T23:31:08.448+0000] {dag.py:3490} INFO - Setting next_dagrun for dataset_consumes_1_and_2 to None, run_after=None
[2023-05-06T23:31:08.449+0000] {logging_mixin.py:149} INFO - [2023-05-06T23:31:08.449+0000] {dag.py:3490} INFO - Setting next_dagrun for dataset_consumes_1_never_scheduled to None, run_after=None
[2023-05-06T23:31:08.451+0000] {logging_mixin.py:149} INFO - [2023-05-06T23:31:08.451+0000] {dag.py:3490} INFO - Setting next_dagrun for dataset_consumes_unknown_never_scheduled to None, run_after=None
[2023-05-06T23:31:08.453+0000] {logging_mixin.py:149} INFO - [2023-05-06T23:31:08.453+0000] {dag.py:3490} INFO - Setting next_dagrun for dataset_produces_1 to 2023-05-05T00:00:00+00:00, run_after=2023-05-06T00:00:00+00:00
[2023-05-06T23:31:08.455+0000] {logging_mixin.py:149} INFO - [2023-05-06T23:31:08.455+0000] {dag.py:3490} INFO - Setting next_dagrun for dataset_produces_2 to None, run_after=None
[2023-05-06T23:31:08.487+0000] {processor.py:178} INFO - Processing /home/airflow/.local/lib/python3.7/site-packages/airflow/example_dags/example_datasets.py took 0.117 seconds
[2023-05-06T23:31:38.686+0000] {processor.py:156} INFO - Started process (PID=802) to work on /home/airflow/.local/lib/python3.7/site-packages/airflow/example_dags/example_datasets.py
[2023-05-06T23:31:38.687+0000] {processor.py:799} INFO - Processing file /home/airflow/.local/lib/python3.7/site-packages/airflow/example_dags/example_datasets.py for tasks to queue
[2023-05-06T23:31:38.687+0000] {logging_mixin.py:149} INFO - [2023-05-06T23:31:38.687+0000] {dagbag.py:541} INFO - Filling up the DagBag from /home/airflow/.local/lib/python3.7/site-packages/airflow/example_dags/example_datasets.py
[2023-05-06T23:31:38.694+0000] {processor.py:809} INFO - DAG(s) dict_keys(['dataset_consumes_1', 'dataset_consumes_1_and_2', 'dataset_consumes_1_never_scheduled', 'dataset_produces_2', 'dataset_produces_1', 'dataset_consumes_unknown_never_scheduled']) retrieved from /home/airflow/.local/lib/python3.7/site-packages/airflow/example_dags/example_datasets.py
[2023-05-06T23:31:38.730+0000] {logging_mixin.py:149} INFO - [2023-05-06T23:31:38.730+0000] {dag.py:2726} INFO - Sync 6 DAGs
[2023-05-06T23:31:38.754+0000] {logging_mixin.py:149} INFO - [2023-05-06T23:31:38.754+0000] {dag.py:3490} INFO - Setting next_dagrun for dataset_consumes_1 to None, run_after=None
[2023-05-06T23:31:38.758+0000] {logging_mixin.py:149} INFO - [2023-05-06T23:31:38.758+0000] {dag.py:3490} INFO - Setting next_dagrun for dataset_consumes_1_and_2 to None, run_after=None
[2023-05-06T23:31:38.759+0000] {logging_mixin.py:149} INFO - [2023-05-06T23:31:38.759+0000] {dag.py:3490} INFO - Setting next_dagrun for dataset_consumes_1_never_scheduled to None, run_after=None
[2023-05-06T23:31:38.761+0000] {logging_mixin.py:149} INFO - [2023-05-06T23:31:38.760+0000] {dag.py:3490} INFO - Setting next_dagrun for dataset_consumes_unknown_never_scheduled to None, run_after=None
[2023-05-06T23:31:38.763+0000] {logging_mixin.py:149} INFO - [2023-05-06T23:31:38.763+0000] {dag.py:3490} INFO - Setting next_dagrun for dataset_produces_1 to 2023-05-05T00:00:00+00:00, run_after=2023-05-06T00:00:00+00:00
[2023-05-06T23:31:38.765+0000] {logging_mixin.py:149} INFO - [2023-05-06T23:31:38.764+0000] {dag.py:3490} INFO - Setting next_dagrun for dataset_produces_2 to None, run_after=None
[2023-05-06T23:31:38.797+0000] {processor.py:178} INFO - Processing /home/airflow/.local/lib/python3.7/site-packages/airflow/example_dags/example_datasets.py took 0.113 seconds
[2023-05-06T23:32:09.184+0000] {processor.py:156} INFO - Started process (PID=859) to work on /home/airflow/.local/lib/python3.7/site-packages/airflow/example_dags/example_datasets.py
[2023-05-06T23:32:09.185+0000] {processor.py:799} INFO - Processing file /home/airflow/.local/lib/python3.7/site-packages/airflow/example_dags/example_datasets.py for tasks to queue
[2023-05-06T23:32:09.186+0000] {logging_mixin.py:149} INFO - [2023-05-06T23:32:09.186+0000] {dagbag.py:541} INFO - Filling up the DagBag from /home/airflow/.local/lib/python3.7/site-packages/airflow/example_dags/example_datasets.py
[2023-05-06T23:32:09.201+0000] {processor.py:809} INFO - DAG(s) dict_keys(['dataset_consumes_1', 'dataset_produces_1', 'dataset_consumes_1_never_scheduled', 'dataset_produces_2', 'dataset_consumes_1_and_2', 'dataset_consumes_unknown_never_scheduled']) retrieved from /home/airflow/.local/lib/python3.7/site-packages/airflow/example_dags/example_datasets.py
[2023-05-06T23:32:09.240+0000] {logging_mixin.py:149} INFO - [2023-05-06T23:32:09.240+0000] {dag.py:2726} INFO - Sync 6 DAGs
[2023-05-06T23:32:09.263+0000] {logging_mixin.py:149} INFO - [2023-05-06T23:32:09.263+0000] {dag.py:3490} INFO - Setting next_dagrun for dataset_consumes_1 to None, run_after=None
[2023-05-06T23:32:09.266+0000] {logging_mixin.py:149} INFO - [2023-05-06T23:32:09.266+0000] {dag.py:3490} INFO - Setting next_dagrun for dataset_consumes_1_and_2 to None, run_after=None
[2023-05-06T23:32:09.267+0000] {logging_mixin.py:149} INFO - [2023-05-06T23:32:09.267+0000] {dag.py:3490} INFO - Setting next_dagrun for dataset_consumes_1_never_scheduled to None, run_after=None
[2023-05-06T23:32:09.269+0000] {logging_mixin.py:149} INFO - [2023-05-06T23:32:09.269+0000] {dag.py:3490} INFO - Setting next_dagrun for dataset_consumes_unknown_never_scheduled to None, run_after=None
[2023-05-06T23:32:09.271+0000] {logging_mixin.py:149} INFO - [2023-05-06T23:32:09.271+0000] {dag.py:3490} INFO - Setting next_dagrun for dataset_produces_1 to 2023-05-05T00:00:00+00:00, run_after=2023-05-06T00:00:00+00:00
[2023-05-06T23:32:09.272+0000] {logging_mixin.py:149} INFO - [2023-05-06T23:32:09.272+0000] {dag.py:3490} INFO - Setting next_dagrun for dataset_produces_2 to None, run_after=None
[2023-05-06T23:32:09.306+0000] {processor.py:178} INFO - Processing /home/airflow/.local/lib/python3.7/site-packages/airflow/example_dags/example_datasets.py took 0.127 seconds
[2023-05-06T23:32:39.617+0000] {processor.py:156} INFO - Started process (PID=917) to work on /home/airflow/.local/lib/python3.7/site-packages/airflow/example_dags/example_datasets.py
[2023-05-06T23:32:39.617+0000] {processor.py:799} INFO - Processing file /home/airflow/.local/lib/python3.7/site-packages/airflow/example_dags/example_datasets.py for tasks to queue
[2023-05-06T23:32:39.618+0000] {logging_mixin.py:149} INFO - [2023-05-06T23:32:39.618+0000] {dagbag.py:541} INFO - Filling up the DagBag from /home/airflow/.local/lib/python3.7/site-packages/airflow/example_dags/example_datasets.py
[2023-05-06T23:32:39.625+0000] {processor.py:809} INFO - DAG(s) dict_keys(['dataset_consumes_1_and_2', 'dataset_consumes_1_never_scheduled', 'dataset_produces_1', 'dataset_produces_2', 'dataset_consumes_1', 'dataset_consumes_unknown_never_scheduled']) retrieved from /home/airflow/.local/lib/python3.7/site-packages/airflow/example_dags/example_datasets.py
[2023-05-06T23:32:39.670+0000] {logging_mixin.py:149} INFO - [2023-05-06T23:32:39.669+0000] {dag.py:2726} INFO - Sync 6 DAGs
[2023-05-06T23:32:39.696+0000] {logging_mixin.py:149} INFO - [2023-05-06T23:32:39.696+0000] {dag.py:3490} INFO - Setting next_dagrun for dataset_consumes_1 to None, run_after=None
[2023-05-06T23:32:39.700+0000] {logging_mixin.py:149} INFO - [2023-05-06T23:32:39.699+0000] {dag.py:3490} INFO - Setting next_dagrun for dataset_consumes_1_and_2 to None, run_after=None
[2023-05-06T23:32:39.701+0000] {logging_mixin.py:149} INFO - [2023-05-06T23:32:39.701+0000] {dag.py:3490} INFO - Setting next_dagrun for dataset_consumes_1_never_scheduled to None, run_after=None
[2023-05-06T23:32:39.702+0000] {logging_mixin.py:149} INFO - [2023-05-06T23:32:39.702+0000] {dag.py:3490} INFO - Setting next_dagrun for dataset_consumes_unknown_never_scheduled to None, run_after=None
[2023-05-06T23:32:39.704+0000] {logging_mixin.py:149} INFO - [2023-05-06T23:32:39.704+0000] {dag.py:3490} INFO - Setting next_dagrun for dataset_produces_1 to 2023-05-05T00:00:00+00:00, run_after=2023-05-06T00:00:00+00:00
[2023-05-06T23:32:39.706+0000] {logging_mixin.py:149} INFO - [2023-05-06T23:32:39.706+0000] {dag.py:3490} INFO - Setting next_dagrun for dataset_produces_2 to None, run_after=None
[2023-05-06T23:32:39.738+0000] {processor.py:178} INFO - Processing /home/airflow/.local/lib/python3.7/site-packages/airflow/example_dags/example_datasets.py took 0.125 seconds
[2023-05-06T23:33:09.969+0000] {processor.py:156} INFO - Started process (PID=975) to work on /home/airflow/.local/lib/python3.7/site-packages/airflow/example_dags/example_datasets.py
[2023-05-06T23:33:09.970+0000] {processor.py:799} INFO - Processing file /home/airflow/.local/lib/python3.7/site-packages/airflow/example_dags/example_datasets.py for tasks to queue
[2023-05-06T23:33:09.970+0000] {logging_mixin.py:149} INFO - [2023-05-06T23:33:09.970+0000] {dagbag.py:541} INFO - Filling up the DagBag from /home/airflow/.local/lib/python3.7/site-packages/airflow/example_dags/example_datasets.py
[2023-05-06T23:33:09.977+0000] {processor.py:809} INFO - DAG(s) dict_keys(['dataset_consumes_1_never_scheduled', 'dataset_produces_2', 'dataset_consumes_1_and_2', 'dataset_produces_1', 'dataset_consumes_unknown_never_scheduled', 'dataset_consumes_1']) retrieved from /home/airflow/.local/lib/python3.7/site-packages/airflow/example_dags/example_datasets.py
[2023-05-06T23:33:10.013+0000] {logging_mixin.py:149} INFO - [2023-05-06T23:33:10.012+0000] {dag.py:2726} INFO - Sync 6 DAGs
[2023-05-06T23:33:10.038+0000] {logging_mixin.py:149} INFO - [2023-05-06T23:33:10.038+0000] {dag.py:3490} INFO - Setting next_dagrun for dataset_consumes_1 to None, run_after=None
[2023-05-06T23:33:10.041+0000] {logging_mixin.py:149} INFO - [2023-05-06T23:33:10.041+0000] {dag.py:3490} INFO - Setting next_dagrun for dataset_consumes_1_and_2 to None, run_after=None
[2023-05-06T23:33:10.042+0000] {logging_mixin.py:149} INFO - [2023-05-06T23:33:10.042+0000] {dag.py:3490} INFO - Setting next_dagrun for dataset_consumes_1_never_scheduled to None, run_after=None
[2023-05-06T23:33:10.044+0000] {logging_mixin.py:149} INFO - [2023-05-06T23:33:10.044+0000] {dag.py:3490} INFO - Setting next_dagrun for dataset_consumes_unknown_never_scheduled to None, run_after=None
[2023-05-06T23:33:10.047+0000] {logging_mixin.py:149} INFO - [2023-05-06T23:33:10.047+0000] {dag.py:3490} INFO - Setting next_dagrun for dataset_produces_1 to 2023-05-05T00:00:00+00:00, run_after=2023-05-06T00:00:00+00:00
[2023-05-06T23:33:10.048+0000] {logging_mixin.py:149} INFO - [2023-05-06T23:33:10.048+0000] {dag.py:3490} INFO - Setting next_dagrun for dataset_produces_2 to None, run_after=None
[2023-05-06T23:33:10.080+0000] {processor.py:178} INFO - Processing /home/airflow/.local/lib/python3.7/site-packages/airflow/example_dags/example_datasets.py took 0.113 seconds
[2023-05-06T23:33:40.441+0000] {processor.py:156} INFO - Started process (PID=1034) to work on /home/airflow/.local/lib/python3.7/site-packages/airflow/example_dags/example_datasets.py
[2023-05-06T23:33:40.442+0000] {processor.py:799} INFO - Processing file /home/airflow/.local/lib/python3.7/site-packages/airflow/example_dags/example_datasets.py for tasks to queue
[2023-05-06T23:33:40.442+0000] {logging_mixin.py:149} INFO - [2023-05-06T23:33:40.442+0000] {dagbag.py:541} INFO - Filling up the DagBag from /home/airflow/.local/lib/python3.7/site-packages/airflow/example_dags/example_datasets.py
[2023-05-06T23:33:40.449+0000] {processor.py:809} INFO - DAG(s) dict_keys(['dataset_consumes_1_never_scheduled', 'dataset_consumes_1_and_2', 'dataset_produces_1', 'dataset_consumes_unknown_never_scheduled', 'dataset_produces_2', 'dataset_consumes_1']) retrieved from /home/airflow/.local/lib/python3.7/site-packages/airflow/example_dags/example_datasets.py
[2023-05-06T23:33:40.489+0000] {logging_mixin.py:149} INFO - [2023-05-06T23:33:40.489+0000] {dag.py:2726} INFO - Sync 6 DAGs
[2023-05-06T23:33:40.513+0000] {logging_mixin.py:149} INFO - [2023-05-06T23:33:40.513+0000] {dag.py:3490} INFO - Setting next_dagrun for dataset_consumes_1 to None, run_after=None
[2023-05-06T23:33:40.517+0000] {logging_mixin.py:149} INFO - [2023-05-06T23:33:40.517+0000] {dag.py:3490} INFO - Setting next_dagrun for dataset_consumes_1_and_2 to None, run_after=None
[2023-05-06T23:33:40.519+0000] {logging_mixin.py:149} INFO - [2023-05-06T23:33:40.519+0000] {dag.py:3490} INFO - Setting next_dagrun for dataset_consumes_1_never_scheduled to None, run_after=None
[2023-05-06T23:33:40.520+0000] {logging_mixin.py:149} INFO - [2023-05-06T23:33:40.520+0000] {dag.py:3490} INFO - Setting next_dagrun for dataset_consumes_unknown_never_scheduled to None, run_after=None
[2023-05-06T23:33:40.523+0000] {logging_mixin.py:149} INFO - [2023-05-06T23:33:40.523+0000] {dag.py:3490} INFO - Setting next_dagrun for dataset_produces_1 to 2023-05-05T00:00:00+00:00, run_after=2023-05-06T00:00:00+00:00
[2023-05-06T23:33:40.525+0000] {logging_mixin.py:149} INFO - [2023-05-06T23:33:40.524+0000] {dag.py:3490} INFO - Setting next_dagrun for dataset_produces_2 to None, run_after=None
[2023-05-06T23:33:40.560+0000] {processor.py:178} INFO - Processing /home/airflow/.local/lib/python3.7/site-packages/airflow/example_dags/example_datasets.py took 0.121 seconds
[2023-05-06T23:34:10.784+0000] {processor.py:156} INFO - Started process (PID=1092) to work on /home/airflow/.local/lib/python3.7/site-packages/airflow/example_dags/example_datasets.py
[2023-05-06T23:34:10.785+0000] {processor.py:799} INFO - Processing file /home/airflow/.local/lib/python3.7/site-packages/airflow/example_dags/example_datasets.py for tasks to queue
[2023-05-06T23:34:10.786+0000] {logging_mixin.py:149} INFO - [2023-05-06T23:34:10.785+0000] {dagbag.py:541} INFO - Filling up the DagBag from /home/airflow/.local/lib/python3.7/site-packages/airflow/example_dags/example_datasets.py
[2023-05-06T23:34:10.799+0000] {processor.py:809} INFO - DAG(s) dict_keys(['dataset_consumes_unknown_never_scheduled', 'dataset_consumes_1_and_2', 'dataset_consumes_1', 'dataset_consumes_1_never_scheduled', 'dataset_produces_2', 'dataset_produces_1']) retrieved from /home/airflow/.local/lib/python3.7/site-packages/airflow/example_dags/example_datasets.py
[2023-05-06T23:34:10.847+0000] {logging_mixin.py:149} INFO - [2023-05-06T23:34:10.847+0000] {dag.py:2726} INFO - Sync 6 DAGs
[2023-05-06T23:34:10.870+0000] {logging_mixin.py:149} INFO - [2023-05-06T23:34:10.870+0000] {dag.py:3490} INFO - Setting next_dagrun for dataset_consumes_1 to None, run_after=None
[2023-05-06T23:34:10.873+0000] {logging_mixin.py:149} INFO - [2023-05-06T23:34:10.873+0000] {dag.py:3490} INFO - Setting next_dagrun for dataset_consumes_1_and_2 to None, run_after=None
[2023-05-06T23:34:10.874+0000] {logging_mixin.py:149} INFO - [2023-05-06T23:34:10.874+0000] {dag.py:3490} INFO - Setting next_dagrun for dataset_consumes_1_never_scheduled to None, run_after=None
[2023-05-06T23:34:10.875+0000] {logging_mixin.py:149} INFO - [2023-05-06T23:34:10.875+0000] {dag.py:3490} INFO - Setting next_dagrun for dataset_consumes_unknown_never_scheduled to None, run_after=None
[2023-05-06T23:34:10.878+0000] {logging_mixin.py:149} INFO - [2023-05-06T23:34:10.878+0000] {dag.py:3490} INFO - Setting next_dagrun for dataset_produces_1 to 2023-05-05T00:00:00+00:00, run_after=2023-05-06T00:00:00+00:00
[2023-05-06T23:34:10.879+0000] {logging_mixin.py:149} INFO - [2023-05-06T23:34:10.879+0000] {dag.py:3490} INFO - Setting next_dagrun for dataset_produces_2 to None, run_after=None
[2023-05-06T23:34:10.911+0000] {processor.py:178} INFO - Processing /home/airflow/.local/lib/python3.7/site-packages/airflow/example_dags/example_datasets.py took 0.132 seconds
[2023-05-06T23:34:41.290+0000] {processor.py:156} INFO - Started process (PID=1150) to work on /home/airflow/.local/lib/python3.7/site-packages/airflow/example_dags/example_datasets.py
[2023-05-06T23:34:41.290+0000] {processor.py:799} INFO - Processing file /home/airflow/.local/lib/python3.7/site-packages/airflow/example_dags/example_datasets.py for tasks to queue
[2023-05-06T23:34:41.291+0000] {logging_mixin.py:149} INFO - [2023-05-06T23:34:41.291+0000] {dagbag.py:541} INFO - Filling up the DagBag from /home/airflow/.local/lib/python3.7/site-packages/airflow/example_dags/example_datasets.py
[2023-05-06T23:34:41.297+0000] {processor.py:809} INFO - DAG(s) dict_keys(['dataset_produces_2', 'dataset_produces_1', 'dataset_consumes_1_never_scheduled', 'dataset_consumes_1_and_2', 'dataset_consumes_unknown_never_scheduled', 'dataset_consumes_1']) retrieved from /home/airflow/.local/lib/python3.7/site-packages/airflow/example_dags/example_datasets.py
[2023-05-06T23:34:41.332+0000] {logging_mixin.py:149} INFO - [2023-05-06T23:34:41.332+0000] {dag.py:2726} INFO - Sync 6 DAGs
[2023-05-06T23:34:41.356+0000] {logging_mixin.py:149} INFO - [2023-05-06T23:34:41.356+0000] {dag.py:3490} INFO - Setting next_dagrun for dataset_consumes_1 to None, run_after=None
[2023-05-06T23:34:41.360+0000] {logging_mixin.py:149} INFO - [2023-05-06T23:34:41.360+0000] {dag.py:3490} INFO - Setting next_dagrun for dataset_consumes_1_and_2 to None, run_after=None
[2023-05-06T23:34:41.361+0000] {logging_mixin.py:149} INFO - [2023-05-06T23:34:41.361+0000] {dag.py:3490} INFO - Setting next_dagrun for dataset_consumes_1_never_scheduled to None, run_after=None
[2023-05-06T23:34:41.362+0000] {logging_mixin.py:149} INFO - [2023-05-06T23:34:41.362+0000] {dag.py:3490} INFO - Setting next_dagrun for dataset_consumes_unknown_never_scheduled to None, run_after=None
[2023-05-06T23:34:41.365+0000] {logging_mixin.py:149} INFO - [2023-05-06T23:34:41.365+0000] {dag.py:3490} INFO - Setting next_dagrun for dataset_produces_1 to 2023-05-05T00:00:00+00:00, run_after=2023-05-06T00:00:00+00:00
[2023-05-06T23:34:41.366+0000] {logging_mixin.py:149} INFO - [2023-05-06T23:34:41.366+0000] {dag.py:3490} INFO - Setting next_dagrun for dataset_produces_2 to None, run_after=None
[2023-05-06T23:34:41.395+0000] {processor.py:178} INFO - Processing /home/airflow/.local/lib/python3.7/site-packages/airflow/example_dags/example_datasets.py took 0.107 seconds
[2023-05-06T23:35:11.864+0000] {processor.py:156} INFO - Started process (PID=1208) to work on /home/airflow/.local/lib/python3.7/site-packages/airflow/example_dags/example_datasets.py
[2023-05-06T23:35:11.865+0000] {processor.py:799} INFO - Processing file /home/airflow/.local/lib/python3.7/site-packages/airflow/example_dags/example_datasets.py for tasks to queue
[2023-05-06T23:35:11.866+0000] {logging_mixin.py:149} INFO - [2023-05-06T23:35:11.865+0000] {dagbag.py:541} INFO - Filling up the DagBag from /home/airflow/.local/lib/python3.7/site-packages/airflow/example_dags/example_datasets.py
[2023-05-06T23:35:11.879+0000] {processor.py:809} INFO - DAG(s) dict_keys(['dataset_consumes_1', 'dataset_consumes_1_never_scheduled', 'dataset_consumes_unknown_never_scheduled', 'dataset_produces_2', 'dataset_consumes_1_and_2', 'dataset_produces_1']) retrieved from /home/airflow/.local/lib/python3.7/site-packages/airflow/example_dags/example_datasets.py
[2023-05-06T23:35:11.916+0000] {logging_mixin.py:149} INFO - [2023-05-06T23:35:11.916+0000] {dag.py:2726} INFO - Sync 6 DAGs
[2023-05-06T23:35:11.941+0000] {logging_mixin.py:149} INFO - [2023-05-06T23:35:11.941+0000] {dag.py:3490} INFO - Setting next_dagrun for dataset_consumes_1 to None, run_after=None
[2023-05-06T23:35:11.944+0000] {logging_mixin.py:149} INFO - [2023-05-06T23:35:11.944+0000] {dag.py:3490} INFO - Setting next_dagrun for dataset_consumes_1_and_2 to None, run_after=None
[2023-05-06T23:35:11.945+0000] {logging_mixin.py:149} INFO - [2023-05-06T23:35:11.945+0000] {dag.py:3490} INFO - Setting next_dagrun for dataset_consumes_1_never_scheduled to None, run_after=None
[2023-05-06T23:35:11.946+0000] {logging_mixin.py:149} INFO - [2023-05-06T23:35:11.946+0000] {dag.py:3490} INFO - Setting next_dagrun for dataset_consumes_unknown_never_scheduled to None, run_after=None
[2023-05-06T23:35:11.948+0000] {logging_mixin.py:149} INFO - [2023-05-06T23:35:11.948+0000] {dag.py:3490} INFO - Setting next_dagrun for dataset_produces_1 to 2023-05-05T00:00:00+00:00, run_after=2023-05-06T00:00:00+00:00
[2023-05-06T23:35:11.949+0000] {logging_mixin.py:149} INFO - [2023-05-06T23:35:11.949+0000] {dag.py:3490} INFO - Setting next_dagrun for dataset_produces_2 to None, run_after=None
[2023-05-06T23:35:11.984+0000] {processor.py:178} INFO - Processing /home/airflow/.local/lib/python3.7/site-packages/airflow/example_dags/example_datasets.py took 0.124 seconds
[2023-05-06T23:35:42.381+0000] {processor.py:156} INFO - Started process (PID=1266) to work on /home/airflow/.local/lib/python3.7/site-packages/airflow/example_dags/example_datasets.py
[2023-05-06T23:35:42.382+0000] {processor.py:799} INFO - Processing file /home/airflow/.local/lib/python3.7/site-packages/airflow/example_dags/example_datasets.py for tasks to queue
[2023-05-06T23:35:42.383+0000] {logging_mixin.py:149} INFO - [2023-05-06T23:35:42.383+0000] {dagbag.py:541} INFO - Filling up the DagBag from /home/airflow/.local/lib/python3.7/site-packages/airflow/example_dags/example_datasets.py
[2023-05-06T23:35:42.399+0000] {processor.py:809} INFO - DAG(s) dict_keys(['dataset_produces_1', 'dataset_consumes_1_never_scheduled', 'dataset_consumes_unknown_never_scheduled', 'dataset_consumes_1_and_2', 'dataset_produces_2', 'dataset_consumes_1']) retrieved from /home/airflow/.local/lib/python3.7/site-packages/airflow/example_dags/example_datasets.py
[2023-05-06T23:35:42.436+0000] {logging_mixin.py:149} INFO - [2023-05-06T23:35:42.436+0000] {dag.py:2726} INFO - Sync 6 DAGs
[2023-05-06T23:35:42.460+0000] {logging_mixin.py:149} INFO - [2023-05-06T23:35:42.460+0000] {dag.py:3490} INFO - Setting next_dagrun for dataset_consumes_1 to None, run_after=None
[2023-05-06T23:35:42.463+0000] {logging_mixin.py:149} INFO - [2023-05-06T23:35:42.463+0000] {dag.py:3490} INFO - Setting next_dagrun for dataset_consumes_1_and_2 to None, run_after=None
[2023-05-06T23:35:42.464+0000] {logging_mixin.py:149} INFO - [2023-05-06T23:35:42.464+0000] {dag.py:3490} INFO - Setting next_dagrun for dataset_consumes_1_never_scheduled to None, run_after=None
[2023-05-06T23:35:42.465+0000] {logging_mixin.py:149} INFO - [2023-05-06T23:35:42.465+0000] {dag.py:3490} INFO - Setting next_dagrun for dataset_consumes_unknown_never_scheduled to None, run_after=None
[2023-05-06T23:35:42.467+0000] {logging_mixin.py:149} INFO - [2023-05-06T23:35:42.467+0000] {dag.py:3490} INFO - Setting next_dagrun for dataset_produces_1 to 2023-05-05T00:00:00+00:00, run_after=2023-05-06T00:00:00+00:00
[2023-05-06T23:35:42.469+0000] {logging_mixin.py:149} INFO - [2023-05-06T23:35:42.468+0000] {dag.py:3490} INFO - Setting next_dagrun for dataset_produces_2 to None, run_after=None
[2023-05-06T23:35:42.497+0000] {processor.py:178} INFO - Processing /home/airflow/.local/lib/python3.7/site-packages/airflow/example_dags/example_datasets.py took 0.121 seconds
[2023-05-06T23:36:12.761+0000] {processor.py:156} INFO - Started process (PID=1324) to work on /home/airflow/.local/lib/python3.7/site-packages/airflow/example_dags/example_datasets.py
[2023-05-06T23:36:12.762+0000] {processor.py:799} INFO - Processing file /home/airflow/.local/lib/python3.7/site-packages/airflow/example_dags/example_datasets.py for tasks to queue
[2023-05-06T23:36:12.762+0000] {logging_mixin.py:149} INFO - [2023-05-06T23:36:12.762+0000] {dagbag.py:541} INFO - Filling up the DagBag from /home/airflow/.local/lib/python3.7/site-packages/airflow/example_dags/example_datasets.py
[2023-05-06T23:36:12.768+0000] {processor.py:809} INFO - DAG(s) dict_keys(['dataset_produces_2', 'dataset_consumes_1', 'dataset_consumes_1_and_2', 'dataset_consumes_unknown_never_scheduled', 'dataset_produces_1', 'dataset_consumes_1_never_scheduled']) retrieved from /home/airflow/.local/lib/python3.7/site-packages/airflow/example_dags/example_datasets.py
[2023-05-06T23:36:12.804+0000] {logging_mixin.py:149} INFO - [2023-05-06T23:36:12.804+0000] {dag.py:2726} INFO - Sync 6 DAGs
[2023-05-06T23:36:12.828+0000] {logging_mixin.py:149} INFO - [2023-05-06T23:36:12.827+0000] {dag.py:3490} INFO - Setting next_dagrun for dataset_consumes_1 to None, run_after=None
[2023-05-06T23:36:12.831+0000] {logging_mixin.py:149} INFO - [2023-05-06T23:36:12.831+0000] {dag.py:3490} INFO - Setting next_dagrun for dataset_consumes_1_and_2 to None, run_after=None
[2023-05-06T23:36:12.832+0000] {logging_mixin.py:149} INFO - [2023-05-06T23:36:12.832+0000] {dag.py:3490} INFO - Setting next_dagrun for dataset_consumes_1_never_scheduled to None, run_after=None
[2023-05-06T23:36:12.833+0000] {logging_mixin.py:149} INFO - [2023-05-06T23:36:12.833+0000] {dag.py:3490} INFO - Setting next_dagrun for dataset_consumes_unknown_never_scheduled to None, run_after=None
[2023-05-06T23:36:12.835+0000] {logging_mixin.py:149} INFO - [2023-05-06T23:36:12.835+0000] {dag.py:3490} INFO - Setting next_dagrun for dataset_produces_1 to 2023-05-05T00:00:00+00:00, run_after=2023-05-06T00:00:00+00:00
[2023-05-06T23:36:12.836+0000] {logging_mixin.py:149} INFO - [2023-05-06T23:36:12.836+0000] {dag.py:3490} INFO - Setting next_dagrun for dataset_produces_2 to None, run_after=None
[2023-05-06T23:36:12.866+0000] {processor.py:178} INFO - Processing /home/airflow/.local/lib/python3.7/site-packages/airflow/example_dags/example_datasets.py took 0.107 seconds
[2023-05-06T23:36:43.056+0000] {processor.py:156} INFO - Started process (PID=1382) to work on /home/airflow/.local/lib/python3.7/site-packages/airflow/example_dags/example_datasets.py
[2023-05-06T23:36:43.057+0000] {processor.py:799} INFO - Processing file /home/airflow/.local/lib/python3.7/site-packages/airflow/example_dags/example_datasets.py for tasks to queue
[2023-05-06T23:36:43.057+0000] {logging_mixin.py:149} INFO - [2023-05-06T23:36:43.057+0000] {dagbag.py:541} INFO - Filling up the DagBag from /home/airflow/.local/lib/python3.7/site-packages/airflow/example_dags/example_datasets.py
[2023-05-06T23:36:43.063+0000] {processor.py:809} INFO - DAG(s) dict_keys(['dataset_consumes_unknown_never_scheduled', 'dataset_consumes_1_never_scheduled', 'dataset_produces_2', 'dataset_consumes_1', 'dataset_produces_1', 'dataset_consumes_1_and_2']) retrieved from /home/airflow/.local/lib/python3.7/site-packages/airflow/example_dags/example_datasets.py
[2023-05-06T23:36:43.110+0000] {logging_mixin.py:149} INFO - [2023-05-06T23:36:43.110+0000] {dag.py:2726} INFO - Sync 6 DAGs
[2023-05-06T23:36:43.140+0000] {logging_mixin.py:149} INFO - [2023-05-06T23:36:43.140+0000] {dag.py:3490} INFO - Setting next_dagrun for dataset_consumes_1 to None, run_after=None
[2023-05-06T23:36:43.143+0000] {logging_mixin.py:149} INFO - [2023-05-06T23:36:43.143+0000] {dag.py:3490} INFO - Setting next_dagrun for dataset_consumes_1_and_2 to None, run_after=None
[2023-05-06T23:36:43.144+0000] {logging_mixin.py:149} INFO - [2023-05-06T23:36:43.144+0000] {dag.py:3490} INFO - Setting next_dagrun for dataset_consumes_1_never_scheduled to None, run_after=None
[2023-05-06T23:36:43.146+0000] {logging_mixin.py:149} INFO - [2023-05-06T23:36:43.145+0000] {dag.py:3490} INFO - Setting next_dagrun for dataset_consumes_unknown_never_scheduled to None, run_after=None
[2023-05-06T23:36:43.148+0000] {logging_mixin.py:149} INFO - [2023-05-06T23:36:43.148+0000] {dag.py:3490} INFO - Setting next_dagrun for dataset_produces_1 to 2023-05-05T00:00:00+00:00, run_after=2023-05-06T00:00:00+00:00
[2023-05-06T23:36:43.149+0000] {logging_mixin.py:149} INFO - [2023-05-06T23:36:43.149+0000] {dag.py:3490} INFO - Setting next_dagrun for dataset_produces_2 to None, run_after=None
[2023-05-06T23:36:43.182+0000] {processor.py:178} INFO - Processing /home/airflow/.local/lib/python3.7/site-packages/airflow/example_dags/example_datasets.py took 0.128 seconds
[2023-05-06T23:37:13.855+0000] {processor.py:156} INFO - Started process (PID=1440) to work on /home/airflow/.local/lib/python3.7/site-packages/airflow/example_dags/example_datasets.py
[2023-05-06T23:37:13.855+0000] {processor.py:799} INFO - Processing file /home/airflow/.local/lib/python3.7/site-packages/airflow/example_dags/example_datasets.py for tasks to queue
[2023-05-06T23:37:13.856+0000] {logging_mixin.py:149} INFO - [2023-05-06T23:37:13.856+0000] {dagbag.py:541} INFO - Filling up the DagBag from /home/airflow/.local/lib/python3.7/site-packages/airflow/example_dags/example_datasets.py
[2023-05-06T23:37:13.863+0000] {processor.py:809} INFO - DAG(s) dict_keys(['dataset_consumes_1', 'dataset_consumes_1_never_scheduled', 'dataset_consumes_1_and_2', 'dataset_consumes_unknown_never_scheduled', 'dataset_produces_2', 'dataset_produces_1']) retrieved from /home/airflow/.local/lib/python3.7/site-packages/airflow/example_dags/example_datasets.py
[2023-05-06T23:37:13.899+0000] {logging_mixin.py:149} INFO - [2023-05-06T23:37:13.898+0000] {dag.py:2726} INFO - Sync 6 DAGs
[2023-05-06T23:37:13.922+0000] {logging_mixin.py:149} INFO - [2023-05-06T23:37:13.922+0000] {dag.py:3490} INFO - Setting next_dagrun for dataset_consumes_1 to None, run_after=None
[2023-05-06T23:37:13.925+0000] {logging_mixin.py:149} INFO - [2023-05-06T23:37:13.925+0000] {dag.py:3490} INFO - Setting next_dagrun for dataset_consumes_1_and_2 to None, run_after=None
[2023-05-06T23:37:13.926+0000] {logging_mixin.py:149} INFO - [2023-05-06T23:37:13.926+0000] {dag.py:3490} INFO - Setting next_dagrun for dataset_consumes_1_never_scheduled to None, run_after=None
[2023-05-06T23:37:13.928+0000] {logging_mixin.py:149} INFO - [2023-05-06T23:37:13.927+0000] {dag.py:3490} INFO - Setting next_dagrun for dataset_consumes_unknown_never_scheduled to None, run_after=None
[2023-05-06T23:37:13.930+0000] {logging_mixin.py:149} INFO - [2023-05-06T23:37:13.930+0000] {dag.py:3490} INFO - Setting next_dagrun for dataset_produces_1 to 2023-05-05T00:00:00+00:00, run_after=2023-05-06T00:00:00+00:00
[2023-05-06T23:37:13.931+0000] {logging_mixin.py:149} INFO - [2023-05-06T23:37:13.931+0000] {dag.py:3490} INFO - Setting next_dagrun for dataset_produces_2 to None, run_after=None
[2023-05-06T23:37:13.961+0000] {processor.py:178} INFO - Processing /home/airflow/.local/lib/python3.7/site-packages/airflow/example_dags/example_datasets.py took 0.109 seconds
[2023-05-06T23:37:44.555+0000] {processor.py:156} INFO - Started process (PID=1498) to work on /home/airflow/.local/lib/python3.7/site-packages/airflow/example_dags/example_datasets.py
[2023-05-06T23:37:44.556+0000] {processor.py:799} INFO - Processing file /home/airflow/.local/lib/python3.7/site-packages/airflow/example_dags/example_datasets.py for tasks to queue
[2023-05-06T23:37:44.557+0000] {logging_mixin.py:149} INFO - [2023-05-06T23:37:44.557+0000] {dagbag.py:541} INFO - Filling up the DagBag from /home/airflow/.local/lib/python3.7/site-packages/airflow/example_dags/example_datasets.py
[2023-05-06T23:37:44.572+0000] {processor.py:809} INFO - DAG(s) dict_keys(['dataset_produces_1', 'dataset_consumes_1_never_scheduled', 'dataset_consumes_1_and_2', 'dataset_consumes_unknown_never_scheduled', 'dataset_produces_2', 'dataset_consumes_1']) retrieved from /home/airflow/.local/lib/python3.7/site-packages/airflow/example_dags/example_datasets.py
[2023-05-06T23:37:44.614+0000] {logging_mixin.py:149} INFO - [2023-05-06T23:37:44.613+0000] {dag.py:2726} INFO - Sync 6 DAGs
[2023-05-06T23:37:44.637+0000] {logging_mixin.py:149} INFO - [2023-05-06T23:37:44.637+0000] {dag.py:3490} INFO - Setting next_dagrun for dataset_consumes_1 to None, run_after=None
[2023-05-06T23:37:44.640+0000] {logging_mixin.py:149} INFO - [2023-05-06T23:37:44.640+0000] {dag.py:3490} INFO - Setting next_dagrun for dataset_consumes_1_and_2 to None, run_after=None
[2023-05-06T23:37:44.642+0000] {logging_mixin.py:149} INFO - [2023-05-06T23:37:44.642+0000] {dag.py:3490} INFO - Setting next_dagrun for dataset_consumes_1_never_scheduled to None, run_after=None
[2023-05-06T23:37:44.643+0000] {logging_mixin.py:149} INFO - [2023-05-06T23:37:44.643+0000] {dag.py:3490} INFO - Setting next_dagrun for dataset_consumes_unknown_never_scheduled to None, run_after=None
[2023-05-06T23:37:44.646+0000] {logging_mixin.py:149} INFO - [2023-05-06T23:37:44.645+0000] {dag.py:3490} INFO - Setting next_dagrun for dataset_produces_1 to 2023-05-05T00:00:00+00:00, run_after=2023-05-06T00:00:00+00:00
[2023-05-06T23:37:44.647+0000] {logging_mixin.py:149} INFO - [2023-05-06T23:37:44.647+0000] {dag.py:3490} INFO - Setting next_dagrun for dataset_produces_2 to None, run_after=None
[2023-05-06T23:37:44.676+0000] {processor.py:178} INFO - Processing /home/airflow/.local/lib/python3.7/site-packages/airflow/example_dags/example_datasets.py took 0.126 seconds
[2023-05-06T23:38:15.094+0000] {processor.py:156} INFO - Started process (PID=1556) to work on /home/airflow/.local/lib/python3.7/site-packages/airflow/example_dags/example_datasets.py
[2023-05-06T23:38:15.095+0000] {processor.py:799} INFO - Processing file /home/airflow/.local/lib/python3.7/site-packages/airflow/example_dags/example_datasets.py for tasks to queue
[2023-05-06T23:38:15.096+0000] {logging_mixin.py:149} INFO - [2023-05-06T23:38:15.096+0000] {dagbag.py:541} INFO - Filling up the DagBag from /home/airflow/.local/lib/python3.7/site-packages/airflow/example_dags/example_datasets.py
[2023-05-06T23:38:15.111+0000] {processor.py:809} INFO - DAG(s) dict_keys(['dataset_produces_2', 'dataset_consumes_1_and_2', 'dataset_consumes_1', 'dataset_consumes_unknown_never_scheduled', 'dataset_consumes_1_never_scheduled', 'dataset_produces_1']) retrieved from /home/airflow/.local/lib/python3.7/site-packages/airflow/example_dags/example_datasets.py
[2023-05-06T23:38:15.159+0000] {logging_mixin.py:149} INFO - [2023-05-06T23:38:15.159+0000] {dag.py:2726} INFO - Sync 6 DAGs
[2023-05-06T23:38:15.184+0000] {logging_mixin.py:149} INFO - [2023-05-06T23:38:15.184+0000] {dag.py:3490} INFO - Setting next_dagrun for dataset_consumes_1 to None, run_after=None
[2023-05-06T23:38:15.187+0000] {logging_mixin.py:149} INFO - [2023-05-06T23:38:15.187+0000] {dag.py:3490} INFO - Setting next_dagrun for dataset_consumes_1_and_2 to None, run_after=None
[2023-05-06T23:38:15.188+0000] {logging_mixin.py:149} INFO - [2023-05-06T23:38:15.188+0000] {dag.py:3490} INFO - Setting next_dagrun for dataset_consumes_1_never_scheduled to None, run_after=None
[2023-05-06T23:38:15.189+0000] {logging_mixin.py:149} INFO - [2023-05-06T23:38:15.189+0000] {dag.py:3490} INFO - Setting next_dagrun for dataset_consumes_unknown_never_scheduled to None, run_after=None
[2023-05-06T23:38:15.192+0000] {logging_mixin.py:149} INFO - [2023-05-06T23:38:15.192+0000] {dag.py:3490} INFO - Setting next_dagrun for dataset_produces_1 to 2023-05-05T00:00:00+00:00, run_after=2023-05-06T00:00:00+00:00
[2023-05-06T23:38:15.193+0000] {logging_mixin.py:149} INFO - [2023-05-06T23:38:15.193+0000] {dag.py:3490} INFO - Setting next_dagrun for dataset_produces_2 to None, run_after=None
[2023-05-06T23:38:15.224+0000] {processor.py:178} INFO - Processing /home/airflow/.local/lib/python3.7/site-packages/airflow/example_dags/example_datasets.py took 0.135 seconds
[2023-05-06T23:38:45.284+0000] {processor.py:156} INFO - Started process (PID=1614) to work on /home/airflow/.local/lib/python3.7/site-packages/airflow/example_dags/example_datasets.py
[2023-05-06T23:38:45.285+0000] {processor.py:799} INFO - Processing file /home/airflow/.local/lib/python3.7/site-packages/airflow/example_dags/example_datasets.py for tasks to queue
[2023-05-06T23:38:45.286+0000] {logging_mixin.py:149} INFO - [2023-05-06T23:38:45.286+0000] {dagbag.py:541} INFO - Filling up the DagBag from /home/airflow/.local/lib/python3.7/site-packages/airflow/example_dags/example_datasets.py
[2023-05-06T23:38:45.300+0000] {processor.py:809} INFO - DAG(s) dict_keys(['dataset_consumes_1_and_2', 'dataset_consumes_1_never_scheduled', 'dataset_consumes_unknown_never_scheduled', 'dataset_produces_1', 'dataset_produces_2', 'dataset_consumes_1']) retrieved from /home/airflow/.local/lib/python3.7/site-packages/airflow/example_dags/example_datasets.py
[2023-05-06T23:38:45.338+0000] {logging_mixin.py:149} INFO - [2023-05-06T23:38:45.338+0000] {dag.py:2726} INFO - Sync 6 DAGs
[2023-05-06T23:38:45.361+0000] {logging_mixin.py:149} INFO - [2023-05-06T23:38:45.361+0000] {dag.py:3490} INFO - Setting next_dagrun for dataset_consumes_1 to None, run_after=None
[2023-05-06T23:38:45.364+0000] {logging_mixin.py:149} INFO - [2023-05-06T23:38:45.364+0000] {dag.py:3490} INFO - Setting next_dagrun for dataset_consumes_1_and_2 to None, run_after=None
[2023-05-06T23:38:45.365+0000] {logging_mixin.py:149} INFO - [2023-05-06T23:38:45.365+0000] {dag.py:3490} INFO - Setting next_dagrun for dataset_consumes_1_never_scheduled to None, run_after=None
[2023-05-06T23:38:45.366+0000] {logging_mixin.py:149} INFO - [2023-05-06T23:38:45.366+0000] {dag.py:3490} INFO - Setting next_dagrun for dataset_consumes_unknown_never_scheduled to None, run_after=None
[2023-05-06T23:38:45.369+0000] {logging_mixin.py:149} INFO - [2023-05-06T23:38:45.368+0000] {dag.py:3490} INFO - Setting next_dagrun for dataset_produces_1 to 2023-05-05T00:00:00+00:00, run_after=2023-05-06T00:00:00+00:00
[2023-05-06T23:38:45.370+0000] {logging_mixin.py:149} INFO - [2023-05-06T23:38:45.370+0000] {dag.py:3490} INFO - Setting next_dagrun for dataset_produces_2 to None, run_after=None
[2023-05-06T23:38:45.399+0000] {processor.py:178} INFO - Processing /home/airflow/.local/lib/python3.7/site-packages/airflow/example_dags/example_datasets.py took 0.120 seconds
[2023-05-06T23:39:16.319+0000] {processor.py:156} INFO - Started process (PID=1672) to work on /home/airflow/.local/lib/python3.7/site-packages/airflow/example_dags/example_datasets.py
[2023-05-06T23:39:16.319+0000] {processor.py:799} INFO - Processing file /home/airflow/.local/lib/python3.7/site-packages/airflow/example_dags/example_datasets.py for tasks to queue
[2023-05-06T23:39:16.320+0000] {logging_mixin.py:149} INFO - [2023-05-06T23:39:16.320+0000] {dagbag.py:541} INFO - Filling up the DagBag from /home/airflow/.local/lib/python3.7/site-packages/airflow/example_dags/example_datasets.py
[2023-05-06T23:39:16.326+0000] {processor.py:809} INFO - DAG(s) dict_keys(['dataset_produces_1', 'dataset_consumes_1_and_2', 'dataset_consumes_1', 'dataset_produces_2', 'dataset_consumes_unknown_never_scheduled', 'dataset_consumes_1_never_scheduled']) retrieved from /home/airflow/.local/lib/python3.7/site-packages/airflow/example_dags/example_datasets.py
[2023-05-06T23:39:16.364+0000] {logging_mixin.py:149} INFO - [2023-05-06T23:39:16.364+0000] {dag.py:2726} INFO - Sync 6 DAGs
[2023-05-06T23:39:16.388+0000] {logging_mixin.py:149} INFO - [2023-05-06T23:39:16.388+0000] {dag.py:3490} INFO - Setting next_dagrun for dataset_consumes_1 to None, run_after=None
[2023-05-06T23:39:16.392+0000] {logging_mixin.py:149} INFO - [2023-05-06T23:39:16.392+0000] {dag.py:3490} INFO - Setting next_dagrun for dataset_consumes_1_and_2 to None, run_after=None
[2023-05-06T23:39:16.393+0000] {logging_mixin.py:149} INFO - [2023-05-06T23:39:16.393+0000] {dag.py:3490} INFO - Setting next_dagrun for dataset_consumes_1_never_scheduled to None, run_after=None
[2023-05-06T23:39:16.395+0000] {logging_mixin.py:149} INFO - [2023-05-06T23:39:16.394+0000] {dag.py:3490} INFO - Setting next_dagrun for dataset_consumes_unknown_never_scheduled to None, run_after=None
[2023-05-06T23:39:16.397+0000] {logging_mixin.py:149} INFO - [2023-05-06T23:39:16.397+0000] {dag.py:3490} INFO - Setting next_dagrun for dataset_produces_1 to 2023-05-05T00:00:00+00:00, run_after=2023-05-06T00:00:00+00:00
[2023-05-06T23:39:16.399+0000] {logging_mixin.py:149} INFO - [2023-05-06T23:39:16.398+0000] {dag.py:3490} INFO - Setting next_dagrun for dataset_produces_2 to None, run_after=None
[2023-05-06T23:39:16.427+0000] {processor.py:178} INFO - Processing /home/airflow/.local/lib/python3.7/site-packages/airflow/example_dags/example_datasets.py took 0.111 seconds
[2023-05-06T23:39:46.666+0000] {processor.py:156} INFO - Started process (PID=1731) to work on /home/airflow/.local/lib/python3.7/site-packages/airflow/example_dags/example_datasets.py
[2023-05-06T23:39:46.666+0000] {processor.py:799} INFO - Processing file /home/airflow/.local/lib/python3.7/site-packages/airflow/example_dags/example_datasets.py for tasks to queue
[2023-05-06T23:39:46.667+0000] {logging_mixin.py:149} INFO - [2023-05-06T23:39:46.667+0000] {dagbag.py:541} INFO - Filling up the DagBag from /home/airflow/.local/lib/python3.7/site-packages/airflow/example_dags/example_datasets.py
[2023-05-06T23:39:46.674+0000] {processor.py:809} INFO - DAG(s) dict_keys(['dataset_consumes_1', 'dataset_produces_1', 'dataset_produces_2', 'dataset_consumes_1_and_2', 'dataset_consumes_unknown_never_scheduled', 'dataset_consumes_1_never_scheduled']) retrieved from /home/airflow/.local/lib/python3.7/site-packages/airflow/example_dags/example_datasets.py
[2023-05-06T23:39:46.713+0000] {logging_mixin.py:149} INFO - [2023-05-06T23:39:46.713+0000] {dag.py:2726} INFO - Sync 6 DAGs
[2023-05-06T23:39:46.739+0000] {logging_mixin.py:149} INFO - [2023-05-06T23:39:46.739+0000] {dag.py:3490} INFO - Setting next_dagrun for dataset_consumes_1 to None, run_after=None
[2023-05-06T23:39:46.742+0000] {logging_mixin.py:149} INFO - [2023-05-06T23:39:46.742+0000] {dag.py:3490} INFO - Setting next_dagrun for dataset_consumes_1_and_2 to None, run_after=None
[2023-05-06T23:39:46.744+0000] {logging_mixin.py:149} INFO - [2023-05-06T23:39:46.743+0000] {dag.py:3490} INFO - Setting next_dagrun for dataset_consumes_1_never_scheduled to None, run_after=None
[2023-05-06T23:39:46.745+0000] {logging_mixin.py:149} INFO - [2023-05-06T23:39:46.745+0000] {dag.py:3490} INFO - Setting next_dagrun for dataset_consumes_unknown_never_scheduled to None, run_after=None
[2023-05-06T23:39:46.747+0000] {logging_mixin.py:149} INFO - [2023-05-06T23:39:46.747+0000] {dag.py:3490} INFO - Setting next_dagrun for dataset_produces_1 to 2023-05-05T00:00:00+00:00, run_after=2023-05-06T00:00:00+00:00
[2023-05-06T23:39:46.749+0000] {logging_mixin.py:149} INFO - [2023-05-06T23:39:46.749+0000] {dag.py:3490} INFO - Setting next_dagrun for dataset_produces_2 to None, run_after=None
[2023-05-06T23:39:46.781+0000] {processor.py:178} INFO - Processing /home/airflow/.local/lib/python3.7/site-packages/airflow/example_dags/example_datasets.py took 0.118 seconds
[2023-05-06T23:40:17.025+0000] {processor.py:156} INFO - Started process (PID=1789) to work on /home/airflow/.local/lib/python3.7/site-packages/airflow/example_dags/example_datasets.py
[2023-05-06T23:40:17.026+0000] {processor.py:799} INFO - Processing file /home/airflow/.local/lib/python3.7/site-packages/airflow/example_dags/example_datasets.py for tasks to queue
[2023-05-06T23:40:17.026+0000] {logging_mixin.py:149} INFO - [2023-05-06T23:40:17.026+0000] {dagbag.py:541} INFO - Filling up the DagBag from /home/airflow/.local/lib/python3.7/site-packages/airflow/example_dags/example_datasets.py
[2023-05-06T23:40:17.033+0000] {processor.py:809} INFO - DAG(s) dict_keys(['dataset_produces_2', 'dataset_consumes_1', 'dataset_consumes_1_never_scheduled', 'dataset_consumes_1_and_2', 'dataset_consumes_unknown_never_scheduled', 'dataset_produces_1']) retrieved from /home/airflow/.local/lib/python3.7/site-packages/airflow/example_dags/example_datasets.py
[2023-05-06T23:40:17.072+0000] {logging_mixin.py:149} INFO - [2023-05-06T23:40:17.072+0000] {dag.py:2726} INFO - Sync 6 DAGs
[2023-05-06T23:40:17.096+0000] {logging_mixin.py:149} INFO - [2023-05-06T23:40:17.096+0000] {dag.py:3490} INFO - Setting next_dagrun for dataset_consumes_1 to None, run_after=None
[2023-05-06T23:40:17.099+0000] {logging_mixin.py:149} INFO - [2023-05-06T23:40:17.099+0000] {dag.py:3490} INFO - Setting next_dagrun for dataset_consumes_1_and_2 to None, run_after=None
[2023-05-06T23:40:17.100+0000] {logging_mixin.py:149} INFO - [2023-05-06T23:40:17.100+0000] {dag.py:3490} INFO - Setting next_dagrun for dataset_consumes_1_never_scheduled to None, run_after=None
[2023-05-06T23:40:17.102+0000] {logging_mixin.py:149} INFO - [2023-05-06T23:40:17.102+0000] {dag.py:3490} INFO - Setting next_dagrun for dataset_consumes_unknown_never_scheduled to None, run_after=None
[2023-05-06T23:40:17.104+0000] {logging_mixin.py:149} INFO - [2023-05-06T23:40:17.104+0000] {dag.py:3490} INFO - Setting next_dagrun for dataset_produces_1 to 2023-05-05T00:00:00+00:00, run_after=2023-05-06T00:00:00+00:00
[2023-05-06T23:40:17.107+0000] {logging_mixin.py:149} INFO - [2023-05-06T23:40:17.106+0000] {dag.py:3490} INFO - Setting next_dagrun for dataset_produces_2 to None, run_after=None
[2023-05-06T23:40:17.138+0000] {processor.py:178} INFO - Processing /home/airflow/.local/lib/python3.7/site-packages/airflow/example_dags/example_datasets.py took 0.115 seconds
[2023-05-06T23:40:47.349+0000] {processor.py:156} INFO - Started process (PID=1848) to work on /home/airflow/.local/lib/python3.7/site-packages/airflow/example_dags/example_datasets.py
[2023-05-06T23:40:47.350+0000] {processor.py:799} INFO - Processing file /home/airflow/.local/lib/python3.7/site-packages/airflow/example_dags/example_datasets.py for tasks to queue
[2023-05-06T23:40:47.350+0000] {logging_mixin.py:149} INFO - [2023-05-06T23:40:47.350+0000] {dagbag.py:541} INFO - Filling up the DagBag from /home/airflow/.local/lib/python3.7/site-packages/airflow/example_dags/example_datasets.py
[2023-05-06T23:40:47.357+0000] {processor.py:809} INFO - DAG(s) dict_keys(['dataset_consumes_1_and_2', 'dataset_produces_1', 'dataset_produces_2', 'dataset_consumes_1', 'dataset_consumes_unknown_never_scheduled', 'dataset_consumes_1_never_scheduled']) retrieved from /home/airflow/.local/lib/python3.7/site-packages/airflow/example_dags/example_datasets.py
[2023-05-06T23:40:47.395+0000] {logging_mixin.py:149} INFO - [2023-05-06T23:40:47.395+0000] {dag.py:2726} INFO - Sync 6 DAGs
[2023-05-06T23:40:47.422+0000] {logging_mixin.py:149} INFO - [2023-05-06T23:40:47.422+0000] {dag.py:3490} INFO - Setting next_dagrun for dataset_consumes_1 to None, run_after=None
[2023-05-06T23:40:47.425+0000] {logging_mixin.py:149} INFO - [2023-05-06T23:40:47.425+0000] {dag.py:3490} INFO - Setting next_dagrun for dataset_consumes_1_and_2 to None, run_after=None
[2023-05-06T23:40:47.427+0000] {logging_mixin.py:149} INFO - [2023-05-06T23:40:47.426+0000] {dag.py:3490} INFO - Setting next_dagrun for dataset_consumes_1_never_scheduled to None, run_after=None
[2023-05-06T23:40:47.428+0000] {logging_mixin.py:149} INFO - [2023-05-06T23:40:47.428+0000] {dag.py:3490} INFO - Setting next_dagrun for dataset_consumes_unknown_never_scheduled to None, run_after=None
[2023-05-06T23:40:47.431+0000] {logging_mixin.py:149} INFO - [2023-05-06T23:40:47.431+0000] {dag.py:3490} INFO - Setting next_dagrun for dataset_produces_1 to 2023-05-05T00:00:00+00:00, run_after=2023-05-06T00:00:00+00:00
[2023-05-06T23:40:47.433+0000] {logging_mixin.py:149} INFO - [2023-05-06T23:40:47.432+0000] {dag.py:3490} INFO - Setting next_dagrun for dataset_produces_2 to None, run_after=None
[2023-05-06T23:40:47.469+0000] {processor.py:178} INFO - Processing /home/airflow/.local/lib/python3.7/site-packages/airflow/example_dags/example_datasets.py took 0.123 seconds
[2023-05-06T23:41:17.671+0000] {processor.py:156} INFO - Started process (PID=1906) to work on /home/airflow/.local/lib/python3.7/site-packages/airflow/example_dags/example_datasets.py
[2023-05-06T23:41:17.671+0000] {processor.py:799} INFO - Processing file /home/airflow/.local/lib/python3.7/site-packages/airflow/example_dags/example_datasets.py for tasks to queue
[2023-05-06T23:41:17.672+0000] {logging_mixin.py:149} INFO - [2023-05-06T23:41:17.671+0000] {dagbag.py:541} INFO - Filling up the DagBag from /home/airflow/.local/lib/python3.7/site-packages/airflow/example_dags/example_datasets.py
[2023-05-06T23:41:17.679+0000] {processor.py:809} INFO - DAG(s) dict_keys(['dataset_consumes_1', 'dataset_produces_2', 'dataset_consumes_unknown_never_scheduled', 'dataset_consumes_1_and_2', 'dataset_consumes_1_never_scheduled', 'dataset_produces_1']) retrieved from /home/airflow/.local/lib/python3.7/site-packages/airflow/example_dags/example_datasets.py
[2023-05-06T23:41:17.719+0000] {logging_mixin.py:149} INFO - [2023-05-06T23:41:17.719+0000] {dag.py:2726} INFO - Sync 6 DAGs
[2023-05-06T23:41:17.745+0000] {logging_mixin.py:149} INFO - [2023-05-06T23:41:17.745+0000] {dag.py:3490} INFO - Setting next_dagrun for dataset_consumes_1 to None, run_after=None
[2023-05-06T23:41:17.748+0000] {logging_mixin.py:149} INFO - [2023-05-06T23:41:17.748+0000] {dag.py:3490} INFO - Setting next_dagrun for dataset_consumes_1_and_2 to None, run_after=None
[2023-05-06T23:41:17.749+0000] {logging_mixin.py:149} INFO - [2023-05-06T23:41:17.749+0000] {dag.py:3490} INFO - Setting next_dagrun for dataset_consumes_1_never_scheduled to None, run_after=None
[2023-05-06T23:41:17.750+0000] {logging_mixin.py:149} INFO - [2023-05-06T23:41:17.750+0000] {dag.py:3490} INFO - Setting next_dagrun for dataset_consumes_unknown_never_scheduled to None, run_after=None
[2023-05-06T23:41:17.754+0000] {logging_mixin.py:149} INFO - [2023-05-06T23:41:17.754+0000] {dag.py:3490} INFO - Setting next_dagrun for dataset_produces_1 to 2023-05-05T00:00:00+00:00, run_after=2023-05-06T00:00:00+00:00
[2023-05-06T23:41:17.755+0000] {logging_mixin.py:149} INFO - [2023-05-06T23:41:17.755+0000] {dag.py:3490} INFO - Setting next_dagrun for dataset_produces_2 to None, run_after=None
[2023-05-06T23:41:17.789+0000] {processor.py:178} INFO - Processing /home/airflow/.local/lib/python3.7/site-packages/airflow/example_dags/example_datasets.py took 0.120 seconds
[2023-05-06T23:41:47.993+0000] {processor.py:156} INFO - Started process (PID=1964) to work on /home/airflow/.local/lib/python3.7/site-packages/airflow/example_dags/example_datasets.py
[2023-05-06T23:41:47.994+0000] {processor.py:799} INFO - Processing file /home/airflow/.local/lib/python3.7/site-packages/airflow/example_dags/example_datasets.py for tasks to queue
[2023-05-06T23:41:47.994+0000] {logging_mixin.py:149} INFO - [2023-05-06T23:41:47.994+0000] {dagbag.py:541} INFO - Filling up the DagBag from /home/airflow/.local/lib/python3.7/site-packages/airflow/example_dags/example_datasets.py
[2023-05-06T23:41:48.001+0000] {processor.py:809} INFO - DAG(s) dict_keys(['dataset_consumes_1', 'dataset_produces_2', 'dataset_consumes_1_never_scheduled', 'dataset_consumes_1_and_2', 'dataset_produces_1', 'dataset_consumes_unknown_never_scheduled']) retrieved from /home/airflow/.local/lib/python3.7/site-packages/airflow/example_dags/example_datasets.py
[2023-05-06T23:41:48.041+0000] {logging_mixin.py:149} INFO - [2023-05-06T23:41:48.041+0000] {dag.py:2726} INFO - Sync 6 DAGs
[2023-05-06T23:41:48.071+0000] {logging_mixin.py:149} INFO - [2023-05-06T23:41:48.070+0000] {dag.py:3490} INFO - Setting next_dagrun for dataset_consumes_1 to None, run_after=None
[2023-05-06T23:41:48.074+0000] {logging_mixin.py:149} INFO - [2023-05-06T23:41:48.074+0000] {dag.py:3490} INFO - Setting next_dagrun for dataset_consumes_1_and_2 to None, run_after=None
[2023-05-06T23:41:48.076+0000] {logging_mixin.py:149} INFO - [2023-05-06T23:41:48.076+0000] {dag.py:3490} INFO - Setting next_dagrun for dataset_consumes_1_never_scheduled to None, run_after=None
[2023-05-06T23:41:48.077+0000] {logging_mixin.py:149} INFO - [2023-05-06T23:41:48.077+0000] {dag.py:3490} INFO - Setting next_dagrun for dataset_consumes_unknown_never_scheduled to None, run_after=None
[2023-05-06T23:41:48.080+0000] {logging_mixin.py:149} INFO - [2023-05-06T23:41:48.080+0000] {dag.py:3490} INFO - Setting next_dagrun for dataset_produces_1 to 2023-05-05T00:00:00+00:00, run_after=2023-05-06T00:00:00+00:00
[2023-05-06T23:41:48.081+0000] {logging_mixin.py:149} INFO - [2023-05-06T23:41:48.081+0000] {dag.py:3490} INFO - Setting next_dagrun for dataset_produces_2 to None, run_after=None
[2023-05-06T23:41:48.122+0000] {processor.py:178} INFO - Processing /home/airflow/.local/lib/python3.7/site-packages/airflow/example_dags/example_datasets.py took 0.132 seconds
[2023-05-06T23:42:18.310+0000] {processor.py:156} INFO - Started process (PID=2022) to work on /home/airflow/.local/lib/python3.7/site-packages/airflow/example_dags/example_datasets.py
[2023-05-06T23:42:18.311+0000] {processor.py:799} INFO - Processing file /home/airflow/.local/lib/python3.7/site-packages/airflow/example_dags/example_datasets.py for tasks to queue
[2023-05-06T23:42:18.312+0000] {logging_mixin.py:149} INFO - [2023-05-06T23:42:18.311+0000] {dagbag.py:541} INFO - Filling up the DagBag from /home/airflow/.local/lib/python3.7/site-packages/airflow/example_dags/example_datasets.py
[2023-05-06T23:42:18.322+0000] {processor.py:809} INFO - DAG(s) dict_keys(['dataset_consumes_1_never_scheduled', 'dataset_produces_2', 'dataset_produces_1', 'dataset_consumes_unknown_never_scheduled', 'dataset_consumes_1', 'dataset_consumes_1_and_2']) retrieved from /home/airflow/.local/lib/python3.7/site-packages/airflow/example_dags/example_datasets.py
[2023-05-06T23:42:18.359+0000] {logging_mixin.py:149} INFO - [2023-05-06T23:42:18.359+0000] {dag.py:2726} INFO - Sync 6 DAGs
[2023-05-06T23:42:18.384+0000] {logging_mixin.py:149} INFO - [2023-05-06T23:42:18.383+0000] {dag.py:3490} INFO - Setting next_dagrun for dataset_consumes_1 to None, run_after=None
[2023-05-06T23:42:18.387+0000] {logging_mixin.py:149} INFO - [2023-05-06T23:42:18.387+0000] {dag.py:3490} INFO - Setting next_dagrun for dataset_consumes_1_and_2 to None, run_after=None
[2023-05-06T23:42:18.388+0000] {logging_mixin.py:149} INFO - [2023-05-06T23:42:18.388+0000] {dag.py:3490} INFO - Setting next_dagrun for dataset_consumes_1_never_scheduled to None, run_after=None
[2023-05-06T23:42:18.389+0000] {logging_mixin.py:149} INFO - [2023-05-06T23:42:18.389+0000] {dag.py:3490} INFO - Setting next_dagrun for dataset_consumes_unknown_never_scheduled to None, run_after=None
[2023-05-06T23:42:18.391+0000] {logging_mixin.py:149} INFO - [2023-05-06T23:42:18.391+0000] {dag.py:3490} INFO - Setting next_dagrun for dataset_produces_1 to 2023-05-05T00:00:00+00:00, run_after=2023-05-06T00:00:00+00:00
[2023-05-06T23:42:18.393+0000] {logging_mixin.py:149} INFO - [2023-05-06T23:42:18.393+0000] {dag.py:3490} INFO - Setting next_dagrun for dataset_produces_2 to None, run_after=None
[2023-05-06T23:42:18.426+0000] {processor.py:178} INFO - Processing /home/airflow/.local/lib/python3.7/site-packages/airflow/example_dags/example_datasets.py took 0.120 seconds
[2023-05-06T23:42:48.776+0000] {processor.py:156} INFO - Started process (PID=2080) to work on /home/airflow/.local/lib/python3.7/site-packages/airflow/example_dags/example_datasets.py
[2023-05-06T23:42:48.777+0000] {processor.py:799} INFO - Processing file /home/airflow/.local/lib/python3.7/site-packages/airflow/example_dags/example_datasets.py for tasks to queue
[2023-05-06T23:42:48.778+0000] {logging_mixin.py:149} INFO - [2023-05-06T23:42:48.778+0000] {dagbag.py:541} INFO - Filling up the DagBag from /home/airflow/.local/lib/python3.7/site-packages/airflow/example_dags/example_datasets.py
[2023-05-06T23:42:48.791+0000] {processor.py:809} INFO - DAG(s) dict_keys(['dataset_consumes_unknown_never_scheduled', 'dataset_produces_2', 'dataset_consumes_1_never_scheduled', 'dataset_produces_1', 'dataset_consumes_1_and_2', 'dataset_consumes_1']) retrieved from /home/airflow/.local/lib/python3.7/site-packages/airflow/example_dags/example_datasets.py
[2023-05-06T23:42:48.831+0000] {logging_mixin.py:149} INFO - [2023-05-06T23:42:48.830+0000] {dag.py:2726} INFO - Sync 6 DAGs
[2023-05-06T23:42:48.855+0000] {logging_mixin.py:149} INFO - [2023-05-06T23:42:48.855+0000] {dag.py:3490} INFO - Setting next_dagrun for dataset_consumes_1 to None, run_after=None
[2023-05-06T23:42:48.860+0000] {logging_mixin.py:149} INFO - [2023-05-06T23:42:48.859+0000] {dag.py:3490} INFO - Setting next_dagrun for dataset_consumes_1_and_2 to None, run_after=None
[2023-05-06T23:42:48.861+0000] {logging_mixin.py:149} INFO - [2023-05-06T23:42:48.861+0000] {dag.py:3490} INFO - Setting next_dagrun for dataset_consumes_1_never_scheduled to None, run_after=None
[2023-05-06T23:42:48.862+0000] {logging_mixin.py:149} INFO - [2023-05-06T23:42:48.862+0000] {dag.py:3490} INFO - Setting next_dagrun for dataset_consumes_unknown_never_scheduled to None, run_after=None
[2023-05-06T23:42:48.865+0000] {logging_mixin.py:149} INFO - [2023-05-06T23:42:48.865+0000] {dag.py:3490} INFO - Setting next_dagrun for dataset_produces_1 to 2023-05-05T00:00:00+00:00, run_after=2023-05-06T00:00:00+00:00
[2023-05-06T23:42:48.867+0000] {logging_mixin.py:149} INFO - [2023-05-06T23:42:48.866+0000] {dag.py:3490} INFO - Setting next_dagrun for dataset_produces_2 to None, run_after=None
[2023-05-06T23:42:48.901+0000] {processor.py:178} INFO - Processing /home/airflow/.local/lib/python3.7/site-packages/airflow/example_dags/example_datasets.py took 0.129 seconds
[2023-05-06T23:43:19.197+0000] {processor.py:156} INFO - Started process (PID=2138) to work on /home/airflow/.local/lib/python3.7/site-packages/airflow/example_dags/example_datasets.py
[2023-05-06T23:43:19.198+0000] {processor.py:799} INFO - Processing file /home/airflow/.local/lib/python3.7/site-packages/airflow/example_dags/example_datasets.py for tasks to queue
[2023-05-06T23:43:19.198+0000] {logging_mixin.py:149} INFO - [2023-05-06T23:43:19.198+0000] {dagbag.py:541} INFO - Filling up the DagBag from /home/airflow/.local/lib/python3.7/site-packages/airflow/example_dags/example_datasets.py
[2023-05-06T23:43:19.205+0000] {processor.py:809} INFO - DAG(s) dict_keys(['dataset_produces_2', 'dataset_produces_1', 'dataset_consumes_1_and_2', 'dataset_consumes_1_never_scheduled', 'dataset_consumes_1', 'dataset_consumes_unknown_never_scheduled']) retrieved from /home/airflow/.local/lib/python3.7/site-packages/airflow/example_dags/example_datasets.py
[2023-05-06T23:43:19.241+0000] {logging_mixin.py:149} INFO - [2023-05-06T23:43:19.240+0000] {dag.py:2726} INFO - Sync 6 DAGs
[2023-05-06T23:43:19.266+0000] {logging_mixin.py:149} INFO - [2023-05-06T23:43:19.265+0000] {dag.py:3490} INFO - Setting next_dagrun for dataset_consumes_1 to None, run_after=None
[2023-05-06T23:43:19.269+0000] {logging_mixin.py:149} INFO - [2023-05-06T23:43:19.269+0000] {dag.py:3490} INFO - Setting next_dagrun for dataset_consumes_1_and_2 to None, run_after=None
[2023-05-06T23:43:19.270+0000] {logging_mixin.py:149} INFO - [2023-05-06T23:43:19.270+0000] {dag.py:3490} INFO - Setting next_dagrun for dataset_consumes_1_never_scheduled to None, run_after=None
[2023-05-06T23:43:19.271+0000] {logging_mixin.py:149} INFO - [2023-05-06T23:43:19.271+0000] {dag.py:3490} INFO - Setting next_dagrun for dataset_consumes_unknown_never_scheduled to None, run_after=None
[2023-05-06T23:43:19.274+0000] {logging_mixin.py:149} INFO - [2023-05-06T23:43:19.274+0000] {dag.py:3490} INFO - Setting next_dagrun for dataset_produces_1 to 2023-05-05T00:00:00+00:00, run_after=2023-05-06T00:00:00+00:00
[2023-05-06T23:43:19.275+0000] {logging_mixin.py:149} INFO - [2023-05-06T23:43:19.275+0000] {dag.py:3490} INFO - Setting next_dagrun for dataset_produces_2 to None, run_after=None
[2023-05-06T23:43:19.304+0000] {processor.py:178} INFO - Processing /home/airflow/.local/lib/python3.7/site-packages/airflow/example_dags/example_datasets.py took 0.109 seconds
