[2023-05-06T23:25:01.365+0000] {processor.py:156} INFO - Started process (PID=33) to work on /home/airflow/.local/lib/python3.7/site-packages/airflow/example_dags/example_task_group_decorator.py
[2023-05-06T23:25:01.366+0000] {processor.py:799} INFO - Processing file /home/airflow/.local/lib/python3.7/site-packages/airflow/example_dags/example_task_group_decorator.py for tasks to queue
[2023-05-06T23:25:01.366+0000] {logging_mixin.py:149} INFO - [2023-05-06T23:25:01.366+0000] {dagbag.py:541} INFO - Filling up the DagBag from /home/airflow/.local/lib/python3.7/site-packages/airflow/example_dags/example_task_group_decorator.py
[2023-05-06T23:25:01.382+0000] {processor.py:809} INFO - DAG(s) dict_keys(['example_task_group_decorator']) retrieved from /home/airflow/.local/lib/python3.7/site-packages/airflow/example_dags/example_task_group_decorator.py
[2023-05-06T23:25:01.511+0000] {logging_mixin.py:149} INFO - [2023-05-06T23:25:01.511+0000] {dag.py:2726} INFO - Sync 1 DAGs
[2023-05-06T23:25:01.533+0000] {logging_mixin.py:149} INFO - [2023-05-06T23:25:01.533+0000] {dag.py:3490} INFO - Setting next_dagrun for example_task_group_decorator to 2023-05-05T23:25:01.533570+00:00, run_after=2023-05-06T23:25:01.533570+00:00
[2023-05-06T23:25:01.551+0000] {processor.py:178} INFO - Processing /home/airflow/.local/lib/python3.7/site-packages/airflow/example_dags/example_task_group_decorator.py took 0.188 seconds
[2023-05-06T23:25:31.594+0000] {processor.py:156} INFO - Started process (PID=91) to work on /home/airflow/.local/lib/python3.7/site-packages/airflow/example_dags/example_task_group_decorator.py
[2023-05-06T23:25:31.595+0000] {processor.py:799} INFO - Processing file /home/airflow/.local/lib/python3.7/site-packages/airflow/example_dags/example_task_group_decorator.py for tasks to queue
[2023-05-06T23:25:31.596+0000] {logging_mixin.py:149} INFO - [2023-05-06T23:25:31.596+0000] {dagbag.py:541} INFO - Filling up the DagBag from /home/airflow/.local/lib/python3.7/site-packages/airflow/example_dags/example_task_group_decorator.py
[2023-05-06T23:25:31.607+0000] {processor.py:809} INFO - DAG(s) dict_keys(['example_task_group_decorator']) retrieved from /home/airflow/.local/lib/python3.7/site-packages/airflow/example_dags/example_task_group_decorator.py
[2023-05-06T23:25:31.630+0000] {logging_mixin.py:149} INFO - [2023-05-06T23:25:31.630+0000] {dag.py:2726} INFO - Sync 1 DAGs
[2023-05-06T23:25:31.653+0000] {logging_mixin.py:149} INFO - [2023-05-06T23:25:31.652+0000] {dag.py:3490} INFO - Setting next_dagrun for example_task_group_decorator to 2023-05-05T23:25:31.652793+00:00, run_after=2023-05-06T23:25:31.652793+00:00
[2023-05-06T23:25:31.670+0000] {processor.py:178} INFO - Processing /home/airflow/.local/lib/python3.7/site-packages/airflow/example_dags/example_task_group_decorator.py took 0.081 seconds
[2023-05-06T23:26:01.697+0000] {processor.py:156} INFO - Started process (PID=149) to work on /home/airflow/.local/lib/python3.7/site-packages/airflow/example_dags/example_task_group_decorator.py
[2023-05-06T23:26:01.698+0000] {processor.py:799} INFO - Processing file /home/airflow/.local/lib/python3.7/site-packages/airflow/example_dags/example_task_group_decorator.py for tasks to queue
[2023-05-06T23:26:01.699+0000] {logging_mixin.py:149} INFO - [2023-05-06T23:26:01.699+0000] {dagbag.py:541} INFO - Filling up the DagBag from /home/airflow/.local/lib/python3.7/site-packages/airflow/example_dags/example_task_group_decorator.py
[2023-05-06T23:26:01.725+0000] {processor.py:809} INFO - DAG(s) dict_keys(['example_task_group_decorator']) retrieved from /home/airflow/.local/lib/python3.7/site-packages/airflow/example_dags/example_task_group_decorator.py
[2023-05-06T23:26:01.751+0000] {logging_mixin.py:149} INFO - [2023-05-06T23:26:01.751+0000] {dag.py:2726} INFO - Sync 1 DAGs
[2023-05-06T23:26:01.773+0000] {logging_mixin.py:149} INFO - [2023-05-06T23:26:01.773+0000] {dag.py:3490} INFO - Setting next_dagrun for example_task_group_decorator to 2023-05-05T23:26:01.773173+00:00, run_after=2023-05-06T23:26:01.773173+00:00
[2023-05-06T23:26:01.791+0000] {processor.py:178} INFO - Processing /home/airflow/.local/lib/python3.7/site-packages/airflow/example_dags/example_task_group_decorator.py took 0.098 seconds
[2023-05-06T23:26:32.294+0000] {processor.py:156} INFO - Started process (PID=206) to work on /home/airflow/.local/lib/python3.7/site-packages/airflow/example_dags/example_task_group_decorator.py
[2023-05-06T23:26:32.295+0000] {processor.py:799} INFO - Processing file /home/airflow/.local/lib/python3.7/site-packages/airflow/example_dags/example_task_group_decorator.py for tasks to queue
[2023-05-06T23:26:32.296+0000] {logging_mixin.py:149} INFO - [2023-05-06T23:26:32.296+0000] {dagbag.py:541} INFO - Filling up the DagBag from /home/airflow/.local/lib/python3.7/site-packages/airflow/example_dags/example_task_group_decorator.py
[2023-05-06T23:26:32.319+0000] {processor.py:809} INFO - DAG(s) dict_keys(['example_task_group_decorator']) retrieved from /home/airflow/.local/lib/python3.7/site-packages/airflow/example_dags/example_task_group_decorator.py
[2023-05-06T23:26:32.343+0000] {logging_mixin.py:149} INFO - [2023-05-06T23:26:32.343+0000] {dag.py:2726} INFO - Sync 1 DAGs
[2023-05-06T23:26:32.366+0000] {logging_mixin.py:149} INFO - [2023-05-06T23:26:32.366+0000] {dag.py:3490} INFO - Setting next_dagrun for example_task_group_decorator to 2023-05-05T23:26:32.365989+00:00, run_after=2023-05-06T23:26:32.365989+00:00
[2023-05-06T23:26:32.383+0000] {processor.py:178} INFO - Processing /home/airflow/.local/lib/python3.7/site-packages/airflow/example_dags/example_task_group_decorator.py took 0.094 seconds
[2023-05-06T23:27:02.886+0000] {processor.py:156} INFO - Started process (PID=264) to work on /home/airflow/.local/lib/python3.7/site-packages/airflow/example_dags/example_task_group_decorator.py
[2023-05-06T23:27:02.887+0000] {processor.py:799} INFO - Processing file /home/airflow/.local/lib/python3.7/site-packages/airflow/example_dags/example_task_group_decorator.py for tasks to queue
[2023-05-06T23:27:02.887+0000] {logging_mixin.py:149} INFO - [2023-05-06T23:27:02.887+0000] {dagbag.py:541} INFO - Filling up the DagBag from /home/airflow/.local/lib/python3.7/site-packages/airflow/example_dags/example_task_group_decorator.py
[2023-05-06T23:27:02.910+0000] {processor.py:809} INFO - DAG(s) dict_keys(['example_task_group_decorator']) retrieved from /home/airflow/.local/lib/python3.7/site-packages/airflow/example_dags/example_task_group_decorator.py
[2023-05-06T23:27:02.934+0000] {logging_mixin.py:149} INFO - [2023-05-06T23:27:02.934+0000] {dag.py:2726} INFO - Sync 1 DAGs
[2023-05-06T23:27:02.958+0000] {logging_mixin.py:149} INFO - [2023-05-06T23:27:02.958+0000] {dag.py:3490} INFO - Setting next_dagrun for example_task_group_decorator to 2023-05-05T23:27:02.957955+00:00, run_after=2023-05-06T23:27:02.957955+00:00
[2023-05-06T23:27:02.977+0000] {processor.py:178} INFO - Processing /home/airflow/.local/lib/python3.7/site-packages/airflow/example_dags/example_task_group_decorator.py took 0.096 seconds
[2023-05-06T23:27:33.565+0000] {processor.py:156} INFO - Started process (PID=322) to work on /home/airflow/.local/lib/python3.7/site-packages/airflow/example_dags/example_task_group_decorator.py
[2023-05-06T23:27:33.566+0000] {processor.py:799} INFO - Processing file /home/airflow/.local/lib/python3.7/site-packages/airflow/example_dags/example_task_group_decorator.py for tasks to queue
[2023-05-06T23:27:33.567+0000] {logging_mixin.py:149} INFO - [2023-05-06T23:27:33.567+0000] {dagbag.py:541} INFO - Filling up the DagBag from /home/airflow/.local/lib/python3.7/site-packages/airflow/example_dags/example_task_group_decorator.py
[2023-05-06T23:27:33.591+0000] {processor.py:809} INFO - DAG(s) dict_keys(['example_task_group_decorator']) retrieved from /home/airflow/.local/lib/python3.7/site-packages/airflow/example_dags/example_task_group_decorator.py
[2023-05-06T23:27:33.616+0000] {logging_mixin.py:149} INFO - [2023-05-06T23:27:33.616+0000] {dag.py:2726} INFO - Sync 1 DAGs
[2023-05-06T23:27:33.641+0000] {logging_mixin.py:149} INFO - [2023-05-06T23:27:33.640+0000] {dag.py:3490} INFO - Setting next_dagrun for example_task_group_decorator to 2023-05-05T23:27:33.640792+00:00, run_after=2023-05-06T23:27:33.640792+00:00
[2023-05-06T23:27:33.658+0000] {processor.py:178} INFO - Processing /home/airflow/.local/lib/python3.7/site-packages/airflow/example_dags/example_task_group_decorator.py took 0.097 seconds
[2023-05-06T23:28:03.913+0000] {processor.py:156} INFO - Started process (PID=380) to work on /home/airflow/.local/lib/python3.7/site-packages/airflow/example_dags/example_task_group_decorator.py
[2023-05-06T23:28:03.915+0000] {processor.py:799} INFO - Processing file /home/airflow/.local/lib/python3.7/site-packages/airflow/example_dags/example_task_group_decorator.py for tasks to queue
[2023-05-06T23:28:03.915+0000] {logging_mixin.py:149} INFO - [2023-05-06T23:28:03.915+0000] {dagbag.py:541} INFO - Filling up the DagBag from /home/airflow/.local/lib/python3.7/site-packages/airflow/example_dags/example_task_group_decorator.py
[2023-05-06T23:28:03.927+0000] {processor.py:809} INFO - DAG(s) dict_keys(['example_task_group_decorator']) retrieved from /home/airflow/.local/lib/python3.7/site-packages/airflow/example_dags/example_task_group_decorator.py
[2023-05-06T23:28:03.952+0000] {logging_mixin.py:149} INFO - [2023-05-06T23:28:03.952+0000] {dag.py:2726} INFO - Sync 1 DAGs
[2023-05-06T23:28:03.978+0000] {logging_mixin.py:149} INFO - [2023-05-06T23:28:03.977+0000] {dag.py:3490} INFO - Setting next_dagrun for example_task_group_decorator to 2023-05-05T23:28:03.977579+00:00, run_after=2023-05-06T23:28:03.977579+00:00
[2023-05-06T23:28:03.995+0000] {processor.py:178} INFO - Processing /home/airflow/.local/lib/python3.7/site-packages/airflow/example_dags/example_task_group_decorator.py took 0.085 seconds
[2023-05-06T23:28:34.234+0000] {processor.py:156} INFO - Started process (PID=438) to work on /home/airflow/.local/lib/python3.7/site-packages/airflow/example_dags/example_task_group_decorator.py
[2023-05-06T23:28:34.236+0000] {processor.py:799} INFO - Processing file /home/airflow/.local/lib/python3.7/site-packages/airflow/example_dags/example_task_group_decorator.py for tasks to queue
[2023-05-06T23:28:34.237+0000] {logging_mixin.py:149} INFO - [2023-05-06T23:28:34.237+0000] {dagbag.py:541} INFO - Filling up the DagBag from /home/airflow/.local/lib/python3.7/site-packages/airflow/example_dags/example_task_group_decorator.py
[2023-05-06T23:28:34.247+0000] {processor.py:809} INFO - DAG(s) dict_keys(['example_task_group_decorator']) retrieved from /home/airflow/.local/lib/python3.7/site-packages/airflow/example_dags/example_task_group_decorator.py
[2023-05-06T23:28:34.272+0000] {logging_mixin.py:149} INFO - [2023-05-06T23:28:34.272+0000] {dag.py:2726} INFO - Sync 1 DAGs
[2023-05-06T23:28:34.295+0000] {logging_mixin.py:149} INFO - [2023-05-06T23:28:34.295+0000] {dag.py:3490} INFO - Setting next_dagrun for example_task_group_decorator to 2023-05-05T23:28:34.295123+00:00, run_after=2023-05-06T23:28:34.295123+00:00
[2023-05-06T23:28:34.313+0000] {processor.py:178} INFO - Processing /home/airflow/.local/lib/python3.7/site-packages/airflow/example_dags/example_task_group_decorator.py took 0.081 seconds
[2023-05-06T23:29:04.686+0000] {processor.py:156} INFO - Started process (PID=497) to work on /home/airflow/.local/lib/python3.7/site-packages/airflow/example_dags/example_task_group_decorator.py
[2023-05-06T23:29:04.695+0000] {processor.py:799} INFO - Processing file /home/airflow/.local/lib/python3.7/site-packages/airflow/example_dags/example_task_group_decorator.py for tasks to queue
[2023-05-06T23:29:04.696+0000] {logging_mixin.py:149} INFO - [2023-05-06T23:29:04.696+0000] {dagbag.py:541} INFO - Filling up the DagBag from /home/airflow/.local/lib/python3.7/site-packages/airflow/example_dags/example_task_group_decorator.py
[2023-05-06T23:29:04.709+0000] {processor.py:809} INFO - DAG(s) dict_keys(['example_task_group_decorator']) retrieved from /home/airflow/.local/lib/python3.7/site-packages/airflow/example_dags/example_task_group_decorator.py
[2023-05-06T23:29:04.744+0000] {logging_mixin.py:149} INFO - [2023-05-06T23:29:04.744+0000] {dag.py:2726} INFO - Sync 1 DAGs
[2023-05-06T23:29:04.767+0000] {logging_mixin.py:149} INFO - [2023-05-06T23:29:04.767+0000] {dag.py:3490} INFO - Setting next_dagrun for example_task_group_decorator to 2023-05-05T23:29:04.766925+00:00, run_after=2023-05-06T23:29:04.766925+00:00
[2023-05-06T23:29:04.785+0000] {processor.py:178} INFO - Processing /home/airflow/.local/lib/python3.7/site-packages/airflow/example_dags/example_task_group_decorator.py took 0.101 seconds
[2023-05-06T23:29:35.175+0000] {processor.py:156} INFO - Started process (PID=555) to work on /home/airflow/.local/lib/python3.7/site-packages/airflow/example_dags/example_task_group_decorator.py
[2023-05-06T23:29:35.177+0000] {processor.py:799} INFO - Processing file /home/airflow/.local/lib/python3.7/site-packages/airflow/example_dags/example_task_group_decorator.py for tasks to queue
[2023-05-06T23:29:35.178+0000] {logging_mixin.py:149} INFO - [2023-05-06T23:29:35.178+0000] {dagbag.py:541} INFO - Filling up the DagBag from /home/airflow/.local/lib/python3.7/site-packages/airflow/example_dags/example_task_group_decorator.py
[2023-05-06T23:29:35.189+0000] {processor.py:809} INFO - DAG(s) dict_keys(['example_task_group_decorator']) retrieved from /home/airflow/.local/lib/python3.7/site-packages/airflow/example_dags/example_task_group_decorator.py
[2023-05-06T23:29:35.213+0000] {logging_mixin.py:149} INFO - [2023-05-06T23:29:35.213+0000] {dag.py:2726} INFO - Sync 1 DAGs
[2023-05-06T23:29:35.235+0000] {logging_mixin.py:149} INFO - [2023-05-06T23:29:35.235+0000] {dag.py:3490} INFO - Setting next_dagrun for example_task_group_decorator to 2023-05-05T23:29:35.235575+00:00, run_after=2023-05-06T23:29:35.235575+00:00
[2023-05-06T23:29:35.255+0000] {processor.py:178} INFO - Processing /home/airflow/.local/lib/python3.7/site-packages/airflow/example_dags/example_task_group_decorator.py took 0.084 seconds
[2023-05-06T23:30:05.754+0000] {processor.py:156} INFO - Started process (PID=613) to work on /home/airflow/.local/lib/python3.7/site-packages/airflow/example_dags/example_task_group_decorator.py
[2023-05-06T23:30:05.758+0000] {processor.py:799} INFO - Processing file /home/airflow/.local/lib/python3.7/site-packages/airflow/example_dags/example_task_group_decorator.py for tasks to queue
[2023-05-06T23:30:05.759+0000] {logging_mixin.py:149} INFO - [2023-05-06T23:30:05.759+0000] {dagbag.py:541} INFO - Filling up the DagBag from /home/airflow/.local/lib/python3.7/site-packages/airflow/example_dags/example_task_group_decorator.py
[2023-05-06T23:30:05.770+0000] {processor.py:809} INFO - DAG(s) dict_keys(['example_task_group_decorator']) retrieved from /home/airflow/.local/lib/python3.7/site-packages/airflow/example_dags/example_task_group_decorator.py
[2023-05-06T23:30:05.794+0000] {logging_mixin.py:149} INFO - [2023-05-06T23:30:05.794+0000] {dag.py:2726} INFO - Sync 1 DAGs
[2023-05-06T23:30:05.818+0000] {logging_mixin.py:149} INFO - [2023-05-06T23:30:05.818+0000] {dag.py:3490} INFO - Setting next_dagrun for example_task_group_decorator to 2023-05-05T23:30:05.818001+00:00, run_after=2023-05-06T23:30:05.818001+00:00
[2023-05-06T23:30:05.839+0000] {processor.py:178} INFO - Processing /home/airflow/.local/lib/python3.7/site-packages/airflow/example_dags/example_task_group_decorator.py took 0.086 seconds
[2023-05-06T23:30:36.161+0000] {processor.py:156} INFO - Started process (PID=671) to work on /home/airflow/.local/lib/python3.7/site-packages/airflow/example_dags/example_task_group_decorator.py
[2023-05-06T23:30:36.162+0000] {processor.py:799} INFO - Processing file /home/airflow/.local/lib/python3.7/site-packages/airflow/example_dags/example_task_group_decorator.py for tasks to queue
[2023-05-06T23:30:36.163+0000] {logging_mixin.py:149} INFO - [2023-05-06T23:30:36.162+0000] {dagbag.py:541} INFO - Filling up the DagBag from /home/airflow/.local/lib/python3.7/site-packages/airflow/example_dags/example_task_group_decorator.py
[2023-05-06T23:30:36.173+0000] {processor.py:809} INFO - DAG(s) dict_keys(['example_task_group_decorator']) retrieved from /home/airflow/.local/lib/python3.7/site-packages/airflow/example_dags/example_task_group_decorator.py
[2023-05-06T23:30:36.199+0000] {logging_mixin.py:149} INFO - [2023-05-06T23:30:36.199+0000] {dag.py:2726} INFO - Sync 1 DAGs
[2023-05-06T23:30:36.226+0000] {logging_mixin.py:149} INFO - [2023-05-06T23:30:36.225+0000] {dag.py:3490} INFO - Setting next_dagrun for example_task_group_decorator to 2023-05-05T23:30:36.225559+00:00, run_after=2023-05-06T23:30:36.225559+00:00
[2023-05-06T23:30:36.243+0000] {processor.py:178} INFO - Processing /home/airflow/.local/lib/python3.7/site-packages/airflow/example_dags/example_task_group_decorator.py took 0.084 seconds
[2023-05-06T23:31:06.572+0000] {processor.py:156} INFO - Started process (PID=728) to work on /home/airflow/.local/lib/python3.7/site-packages/airflow/example_dags/example_task_group_decorator.py
[2023-05-06T23:31:06.573+0000] {processor.py:799} INFO - Processing file /home/airflow/.local/lib/python3.7/site-packages/airflow/example_dags/example_task_group_decorator.py for tasks to queue
[2023-05-06T23:31:06.574+0000] {logging_mixin.py:149} INFO - [2023-05-06T23:31:06.573+0000] {dagbag.py:541} INFO - Filling up the DagBag from /home/airflow/.local/lib/python3.7/site-packages/airflow/example_dags/example_task_group_decorator.py
[2023-05-06T23:31:06.596+0000] {processor.py:809} INFO - DAG(s) dict_keys(['example_task_group_decorator']) retrieved from /home/airflow/.local/lib/python3.7/site-packages/airflow/example_dags/example_task_group_decorator.py
[2023-05-06T23:31:06.624+0000] {logging_mixin.py:149} INFO - [2023-05-06T23:31:06.624+0000] {dag.py:2726} INFO - Sync 1 DAGs
[2023-05-06T23:31:06.649+0000] {logging_mixin.py:149} INFO - [2023-05-06T23:31:06.649+0000] {dag.py:3490} INFO - Setting next_dagrun for example_task_group_decorator to 2023-05-05T23:31:06.649074+00:00, run_after=2023-05-06T23:31:06.649074+00:00
[2023-05-06T23:31:06.665+0000] {processor.py:178} INFO - Processing /home/airflow/.local/lib/python3.7/site-packages/airflow/example_dags/example_task_group_decorator.py took 0.097 seconds
[2023-05-06T23:31:36.911+0000] {processor.py:156} INFO - Started process (PID=786) to work on /home/airflow/.local/lib/python3.7/site-packages/airflow/example_dags/example_task_group_decorator.py
[2023-05-06T23:31:36.911+0000] {processor.py:799} INFO - Processing file /home/airflow/.local/lib/python3.7/site-packages/airflow/example_dags/example_task_group_decorator.py for tasks to queue
[2023-05-06T23:31:36.912+0000] {logging_mixin.py:149} INFO - [2023-05-06T23:31:36.912+0000] {dagbag.py:541} INFO - Filling up the DagBag from /home/airflow/.local/lib/python3.7/site-packages/airflow/example_dags/example_task_group_decorator.py
[2023-05-06T23:31:36.922+0000] {processor.py:809} INFO - DAG(s) dict_keys(['example_task_group_decorator']) retrieved from /home/airflow/.local/lib/python3.7/site-packages/airflow/example_dags/example_task_group_decorator.py
[2023-05-06T23:31:36.946+0000] {logging_mixin.py:149} INFO - [2023-05-06T23:31:36.946+0000] {dag.py:2726} INFO - Sync 1 DAGs
[2023-05-06T23:31:36.968+0000] {logging_mixin.py:149} INFO - [2023-05-06T23:31:36.968+0000] {dag.py:3490} INFO - Setting next_dagrun for example_task_group_decorator to 2023-05-05T23:31:36.968073+00:00, run_after=2023-05-06T23:31:36.968073+00:00
[2023-05-06T23:31:36.985+0000] {processor.py:178} INFO - Processing /home/airflow/.local/lib/python3.7/site-packages/airflow/example_dags/example_task_group_decorator.py took 0.077 seconds
[2023-05-06T23:32:07.400+0000] {processor.py:156} INFO - Started process (PID=844) to work on /home/airflow/.local/lib/python3.7/site-packages/airflow/example_dags/example_task_group_decorator.py
[2023-05-06T23:32:07.401+0000] {processor.py:799} INFO - Processing file /home/airflow/.local/lib/python3.7/site-packages/airflow/example_dags/example_task_group_decorator.py for tasks to queue
[2023-05-06T23:32:07.401+0000] {logging_mixin.py:149} INFO - [2023-05-06T23:32:07.401+0000] {dagbag.py:541} INFO - Filling up the DagBag from /home/airflow/.local/lib/python3.7/site-packages/airflow/example_dags/example_task_group_decorator.py
[2023-05-06T23:32:07.423+0000] {processor.py:809} INFO - DAG(s) dict_keys(['example_task_group_decorator']) retrieved from /home/airflow/.local/lib/python3.7/site-packages/airflow/example_dags/example_task_group_decorator.py
[2023-05-06T23:32:07.449+0000] {logging_mixin.py:149} INFO - [2023-05-06T23:32:07.449+0000] {dag.py:2726} INFO - Sync 1 DAGs
[2023-05-06T23:32:07.472+0000] {logging_mixin.py:149} INFO - [2023-05-06T23:32:07.471+0000] {dag.py:3490} INFO - Setting next_dagrun for example_task_group_decorator to 2023-05-05T23:32:07.471812+00:00, run_after=2023-05-06T23:32:07.471812+00:00
[2023-05-06T23:32:07.490+0000] {processor.py:178} INFO - Processing /home/airflow/.local/lib/python3.7/site-packages/airflow/example_dags/example_task_group_decorator.py took 0.095 seconds
[2023-05-06T23:32:37.851+0000] {processor.py:156} INFO - Started process (PID=902) to work on /home/airflow/.local/lib/python3.7/site-packages/airflow/example_dags/example_task_group_decorator.py
[2023-05-06T23:32:37.852+0000] {processor.py:799} INFO - Processing file /home/airflow/.local/lib/python3.7/site-packages/airflow/example_dags/example_task_group_decorator.py for tasks to queue
[2023-05-06T23:32:37.852+0000] {logging_mixin.py:149} INFO - [2023-05-06T23:32:37.852+0000] {dagbag.py:541} INFO - Filling up the DagBag from /home/airflow/.local/lib/python3.7/site-packages/airflow/example_dags/example_task_group_decorator.py
[2023-05-06T23:32:37.863+0000] {processor.py:809} INFO - DAG(s) dict_keys(['example_task_group_decorator']) retrieved from /home/airflow/.local/lib/python3.7/site-packages/airflow/example_dags/example_task_group_decorator.py
[2023-05-06T23:32:37.887+0000] {logging_mixin.py:149} INFO - [2023-05-06T23:32:37.887+0000] {dag.py:2726} INFO - Sync 1 DAGs
[2023-05-06T23:32:37.910+0000] {logging_mixin.py:149} INFO - [2023-05-06T23:32:37.910+0000] {dag.py:3490} INFO - Setting next_dagrun for example_task_group_decorator to 2023-05-05T23:32:37.910043+00:00, run_after=2023-05-06T23:32:37.910043+00:00
[2023-05-06T23:32:37.927+0000] {processor.py:178} INFO - Processing /home/airflow/.local/lib/python3.7/site-packages/airflow/example_dags/example_task_group_decorator.py took 0.078 seconds
[2023-05-06T23:33:08.220+0000] {processor.py:156} INFO - Started process (PID=960) to work on /home/airflow/.local/lib/python3.7/site-packages/airflow/example_dags/example_task_group_decorator.py
[2023-05-06T23:33:08.221+0000] {processor.py:799} INFO - Processing file /home/airflow/.local/lib/python3.7/site-packages/airflow/example_dags/example_task_group_decorator.py for tasks to queue
[2023-05-06T23:33:08.222+0000] {logging_mixin.py:149} INFO - [2023-05-06T23:33:08.222+0000] {dagbag.py:541} INFO - Filling up the DagBag from /home/airflow/.local/lib/python3.7/site-packages/airflow/example_dags/example_task_group_decorator.py
[2023-05-06T23:33:08.244+0000] {processor.py:809} INFO - DAG(s) dict_keys(['example_task_group_decorator']) retrieved from /home/airflow/.local/lib/python3.7/site-packages/airflow/example_dags/example_task_group_decorator.py
[2023-05-06T23:33:08.271+0000] {logging_mixin.py:149} INFO - [2023-05-06T23:33:08.271+0000] {dag.py:2726} INFO - Sync 1 DAGs
[2023-05-06T23:33:08.294+0000] {logging_mixin.py:149} INFO - [2023-05-06T23:33:08.294+0000] {dag.py:3490} INFO - Setting next_dagrun for example_task_group_decorator to 2023-05-05T23:33:08.294361+00:00, run_after=2023-05-06T23:33:08.294361+00:00
[2023-05-06T23:33:08.313+0000] {processor.py:178} INFO - Processing /home/airflow/.local/lib/python3.7/site-packages/airflow/example_dags/example_task_group_decorator.py took 0.098 seconds
[2023-05-06T23:33:38.670+0000] {processor.py:156} INFO - Started process (PID=1019) to work on /home/airflow/.local/lib/python3.7/site-packages/airflow/example_dags/example_task_group_decorator.py
[2023-05-06T23:33:38.671+0000] {processor.py:799} INFO - Processing file /home/airflow/.local/lib/python3.7/site-packages/airflow/example_dags/example_task_group_decorator.py for tasks to queue
[2023-05-06T23:33:38.672+0000] {logging_mixin.py:149} INFO - [2023-05-06T23:33:38.672+0000] {dagbag.py:541} INFO - Filling up the DagBag from /home/airflow/.local/lib/python3.7/site-packages/airflow/example_dags/example_task_group_decorator.py
[2023-05-06T23:33:38.684+0000] {processor.py:809} INFO - DAG(s) dict_keys(['example_task_group_decorator']) retrieved from /home/airflow/.local/lib/python3.7/site-packages/airflow/example_dags/example_task_group_decorator.py
[2023-05-06T23:33:38.709+0000] {logging_mixin.py:149} INFO - [2023-05-06T23:33:38.709+0000] {dag.py:2726} INFO - Sync 1 DAGs
[2023-05-06T23:33:38.734+0000] {logging_mixin.py:149} INFO - [2023-05-06T23:33:38.734+0000] {dag.py:3490} INFO - Setting next_dagrun for example_task_group_decorator to 2023-05-05T23:33:38.734052+00:00, run_after=2023-05-06T23:33:38.734052+00:00
[2023-05-06T23:33:38.754+0000] {processor.py:178} INFO - Processing /home/airflow/.local/lib/python3.7/site-packages/airflow/example_dags/example_task_group_decorator.py took 0.088 seconds
[2023-05-06T23:34:08.981+0000] {processor.py:156} INFO - Started process (PID=1077) to work on /home/airflow/.local/lib/python3.7/site-packages/airflow/example_dags/example_task_group_decorator.py
[2023-05-06T23:34:08.982+0000] {processor.py:799} INFO - Processing file /home/airflow/.local/lib/python3.7/site-packages/airflow/example_dags/example_task_group_decorator.py for tasks to queue
[2023-05-06T23:34:08.983+0000] {logging_mixin.py:149} INFO - [2023-05-06T23:34:08.983+0000] {dagbag.py:541} INFO - Filling up the DagBag from /home/airflow/.local/lib/python3.7/site-packages/airflow/example_dags/example_task_group_decorator.py
[2023-05-06T23:34:09.009+0000] {processor.py:809} INFO - DAG(s) dict_keys(['example_task_group_decorator']) retrieved from /home/airflow/.local/lib/python3.7/site-packages/airflow/example_dags/example_task_group_decorator.py
[2023-05-06T23:34:09.036+0000] {logging_mixin.py:149} INFO - [2023-05-06T23:34:09.036+0000] {dag.py:2726} INFO - Sync 1 DAGs
[2023-05-06T23:34:09.059+0000] {logging_mixin.py:149} INFO - [2023-05-06T23:34:09.059+0000] {dag.py:3490} INFO - Setting next_dagrun for example_task_group_decorator to 2023-05-05T23:34:09.059192+00:00, run_after=2023-05-06T23:34:09.059192+00:00
[2023-05-06T23:34:09.076+0000] {processor.py:178} INFO - Processing /home/airflow/.local/lib/python3.7/site-packages/airflow/example_dags/example_task_group_decorator.py took 0.100 seconds
[2023-05-06T23:34:39.555+0000] {processor.py:156} INFO - Started process (PID=1135) to work on /home/airflow/.local/lib/python3.7/site-packages/airflow/example_dags/example_task_group_decorator.py
[2023-05-06T23:34:39.556+0000] {processor.py:799} INFO - Processing file /home/airflow/.local/lib/python3.7/site-packages/airflow/example_dags/example_task_group_decorator.py for tasks to queue
[2023-05-06T23:34:39.556+0000] {logging_mixin.py:149} INFO - [2023-05-06T23:34:39.556+0000] {dagbag.py:541} INFO - Filling up the DagBag from /home/airflow/.local/lib/python3.7/site-packages/airflow/example_dags/example_task_group_decorator.py
[2023-05-06T23:34:39.567+0000] {processor.py:809} INFO - DAG(s) dict_keys(['example_task_group_decorator']) retrieved from /home/airflow/.local/lib/python3.7/site-packages/airflow/example_dags/example_task_group_decorator.py
[2023-05-06T23:34:39.591+0000] {logging_mixin.py:149} INFO - [2023-05-06T23:34:39.591+0000] {dag.py:2726} INFO - Sync 1 DAGs
[2023-05-06T23:34:39.614+0000] {logging_mixin.py:149} INFO - [2023-05-06T23:34:39.614+0000] {dag.py:3490} INFO - Setting next_dagrun for example_task_group_decorator to 2023-05-05T23:34:39.614554+00:00, run_after=2023-05-06T23:34:39.614554+00:00
[2023-05-06T23:34:39.633+0000] {processor.py:178} INFO - Processing /home/airflow/.local/lib/python3.7/site-packages/airflow/example_dags/example_task_group_decorator.py took 0.081 seconds
[2023-05-06T23:35:10.066+0000] {processor.py:156} INFO - Started process (PID=1193) to work on /home/airflow/.local/lib/python3.7/site-packages/airflow/example_dags/example_task_group_decorator.py
[2023-05-06T23:35:10.067+0000] {processor.py:799} INFO - Processing file /home/airflow/.local/lib/python3.7/site-packages/airflow/example_dags/example_task_group_decorator.py for tasks to queue
[2023-05-06T23:35:10.068+0000] {logging_mixin.py:149} INFO - [2023-05-06T23:35:10.068+0000] {dagbag.py:541} INFO - Filling up the DagBag from /home/airflow/.local/lib/python3.7/site-packages/airflow/example_dags/example_task_group_decorator.py
[2023-05-06T23:35:10.090+0000] {processor.py:809} INFO - DAG(s) dict_keys(['example_task_group_decorator']) retrieved from /home/airflow/.local/lib/python3.7/site-packages/airflow/example_dags/example_task_group_decorator.py
[2023-05-06T23:35:10.114+0000] {logging_mixin.py:149} INFO - [2023-05-06T23:35:10.114+0000] {dag.py:2726} INFO - Sync 1 DAGs
[2023-05-06T23:35:10.135+0000] {logging_mixin.py:149} INFO - [2023-05-06T23:35:10.135+0000] {dag.py:3490} INFO - Setting next_dagrun for example_task_group_decorator to 2023-05-05T23:35:10.135473+00:00, run_after=2023-05-06T23:35:10.135473+00:00
[2023-05-06T23:35:10.152+0000] {processor.py:178} INFO - Processing /home/airflow/.local/lib/python3.7/site-packages/airflow/example_dags/example_task_group_decorator.py took 0.090 seconds
[2023-05-06T23:35:40.403+0000] {processor.py:156} INFO - Started process (PID=1251) to work on /home/airflow/.local/lib/python3.7/site-packages/airflow/example_dags/example_task_group_decorator.py
[2023-05-06T23:35:40.404+0000] {processor.py:799} INFO - Processing file /home/airflow/.local/lib/python3.7/site-packages/airflow/example_dags/example_task_group_decorator.py for tasks to queue
[2023-05-06T23:35:40.405+0000] {logging_mixin.py:149} INFO - [2023-05-06T23:35:40.405+0000] {dagbag.py:541} INFO - Filling up the DagBag from /home/airflow/.local/lib/python3.7/site-packages/airflow/example_dags/example_task_group_decorator.py
[2023-05-06T23:35:40.426+0000] {processor.py:809} INFO - DAG(s) dict_keys(['example_task_group_decorator']) retrieved from /home/airflow/.local/lib/python3.7/site-packages/airflow/example_dags/example_task_group_decorator.py
[2023-05-06T23:35:40.452+0000] {logging_mixin.py:149} INFO - [2023-05-06T23:35:40.452+0000] {dag.py:2726} INFO - Sync 1 DAGs
[2023-05-06T23:35:40.475+0000] {logging_mixin.py:149} INFO - [2023-05-06T23:35:40.474+0000] {dag.py:3490} INFO - Setting next_dagrun for example_task_group_decorator to 2023-05-05T23:35:40.474661+00:00, run_after=2023-05-06T23:35:40.474661+00:00
[2023-05-06T23:35:40.494+0000] {processor.py:178} INFO - Processing /home/airflow/.local/lib/python3.7/site-packages/airflow/example_dags/example_task_group_decorator.py took 0.095 seconds
[2023-05-06T23:36:10.973+0000] {processor.py:156} INFO - Started process (PID=1309) to work on /home/airflow/.local/lib/python3.7/site-packages/airflow/example_dags/example_task_group_decorator.py
[2023-05-06T23:36:10.975+0000] {processor.py:799} INFO - Processing file /home/airflow/.local/lib/python3.7/site-packages/airflow/example_dags/example_task_group_decorator.py for tasks to queue
[2023-05-06T23:36:10.976+0000] {logging_mixin.py:149} INFO - [2023-05-06T23:36:10.976+0000] {dagbag.py:541} INFO - Filling up the DagBag from /home/airflow/.local/lib/python3.7/site-packages/airflow/example_dags/example_task_group_decorator.py
[2023-05-06T23:36:10.987+0000] {processor.py:809} INFO - DAG(s) dict_keys(['example_task_group_decorator']) retrieved from /home/airflow/.local/lib/python3.7/site-packages/airflow/example_dags/example_task_group_decorator.py
[2023-05-06T23:36:11.011+0000] {logging_mixin.py:149} INFO - [2023-05-06T23:36:11.011+0000] {dag.py:2726} INFO - Sync 1 DAGs
[2023-05-06T23:36:11.035+0000] {logging_mixin.py:149} INFO - [2023-05-06T23:36:11.035+0000] {dag.py:3490} INFO - Setting next_dagrun for example_task_group_decorator to 2023-05-05T23:36:11.035500+00:00, run_after=2023-05-06T23:36:11.035500+00:00
[2023-05-06T23:36:11.056+0000] {processor.py:178} INFO - Processing /home/airflow/.local/lib/python3.7/site-packages/airflow/example_dags/example_task_group_decorator.py took 0.087 seconds
[2023-05-06T23:36:41.336+0000] {processor.py:156} INFO - Started process (PID=1367) to work on /home/airflow/.local/lib/python3.7/site-packages/airflow/example_dags/example_task_group_decorator.py
[2023-05-06T23:36:41.337+0000] {processor.py:799} INFO - Processing file /home/airflow/.local/lib/python3.7/site-packages/airflow/example_dags/example_task_group_decorator.py for tasks to queue
[2023-05-06T23:36:41.337+0000] {logging_mixin.py:149} INFO - [2023-05-06T23:36:41.337+0000] {dagbag.py:541} INFO - Filling up the DagBag from /home/airflow/.local/lib/python3.7/site-packages/airflow/example_dags/example_task_group_decorator.py
[2023-05-06T23:36:41.348+0000] {processor.py:809} INFO - DAG(s) dict_keys(['example_task_group_decorator']) retrieved from /home/airflow/.local/lib/python3.7/site-packages/airflow/example_dags/example_task_group_decorator.py
[2023-05-06T23:36:41.372+0000] {logging_mixin.py:149} INFO - [2023-05-06T23:36:41.372+0000] {dag.py:2726} INFO - Sync 1 DAGs
[2023-05-06T23:36:41.394+0000] {logging_mixin.py:149} INFO - [2023-05-06T23:36:41.394+0000] {dag.py:3490} INFO - Setting next_dagrun for example_task_group_decorator to 2023-05-05T23:36:41.393830+00:00, run_after=2023-05-06T23:36:41.393830+00:00
[2023-05-06T23:36:41.410+0000] {processor.py:178} INFO - Processing /home/airflow/.local/lib/python3.7/site-packages/airflow/example_dags/example_task_group_decorator.py took 0.076 seconds
[2023-05-06T23:37:12.048+0000] {processor.py:156} INFO - Started process (PID=1425) to work on /home/airflow/.local/lib/python3.7/site-packages/airflow/example_dags/example_task_group_decorator.py
[2023-05-06T23:37:12.049+0000] {processor.py:799} INFO - Processing file /home/airflow/.local/lib/python3.7/site-packages/airflow/example_dags/example_task_group_decorator.py for tasks to queue
[2023-05-06T23:37:12.050+0000] {logging_mixin.py:149} INFO - [2023-05-06T23:37:12.050+0000] {dagbag.py:541} INFO - Filling up the DagBag from /home/airflow/.local/lib/python3.7/site-packages/airflow/example_dags/example_task_group_decorator.py
[2023-05-06T23:37:12.076+0000] {processor.py:809} INFO - DAG(s) dict_keys(['example_task_group_decorator']) retrieved from /home/airflow/.local/lib/python3.7/site-packages/airflow/example_dags/example_task_group_decorator.py
[2023-05-06T23:37:12.104+0000] {logging_mixin.py:149} INFO - [2023-05-06T23:37:12.104+0000] {dag.py:2726} INFO - Sync 1 DAGs
[2023-05-06T23:37:12.129+0000] {logging_mixin.py:149} INFO - [2023-05-06T23:37:12.129+0000] {dag.py:3490} INFO - Setting next_dagrun for example_task_group_decorator to 2023-05-05T23:37:12.129079+00:00, run_after=2023-05-06T23:37:12.129079+00:00
[2023-05-06T23:37:12.148+0000] {processor.py:178} INFO - Processing /home/airflow/.local/lib/python3.7/site-packages/airflow/example_dags/example_task_group_decorator.py took 0.105 seconds
[2023-05-06T23:37:42.577+0000] {processor.py:156} INFO - Started process (PID=1483) to work on /home/airflow/.local/lib/python3.7/site-packages/airflow/example_dags/example_task_group_decorator.py
[2023-05-06T23:37:42.578+0000] {processor.py:799} INFO - Processing file /home/airflow/.local/lib/python3.7/site-packages/airflow/example_dags/example_task_group_decorator.py for tasks to queue
[2023-05-06T23:37:42.579+0000] {logging_mixin.py:149} INFO - [2023-05-06T23:37:42.579+0000] {dagbag.py:541} INFO - Filling up the DagBag from /home/airflow/.local/lib/python3.7/site-packages/airflow/example_dags/example_task_group_decorator.py
[2023-05-06T23:37:42.603+0000] {processor.py:809} INFO - DAG(s) dict_keys(['example_task_group_decorator']) retrieved from /home/airflow/.local/lib/python3.7/site-packages/airflow/example_dags/example_task_group_decorator.py
[2023-05-06T23:37:42.648+0000] {logging_mixin.py:149} INFO - [2023-05-06T23:37:42.648+0000] {dag.py:2726} INFO - Sync 1 DAGs
[2023-05-06T23:37:42.671+0000] {logging_mixin.py:149} INFO - [2023-05-06T23:37:42.671+0000] {dag.py:3490} INFO - Setting next_dagrun for example_task_group_decorator to 2023-05-05T23:37:42.671070+00:00, run_after=2023-05-06T23:37:42.671070+00:00
[2023-05-06T23:37:42.690+0000] {processor.py:178} INFO - Processing /home/airflow/.local/lib/python3.7/site-packages/airflow/example_dags/example_task_group_decorator.py took 0.119 seconds
[2023-05-06T23:38:13.161+0000] {processor.py:156} INFO - Started process (PID=1541) to work on /home/airflow/.local/lib/python3.7/site-packages/airflow/example_dags/example_task_group_decorator.py
[2023-05-06T23:38:13.162+0000] {processor.py:799} INFO - Processing file /home/airflow/.local/lib/python3.7/site-packages/airflow/example_dags/example_task_group_decorator.py for tasks to queue
[2023-05-06T23:38:13.163+0000] {logging_mixin.py:149} INFO - [2023-05-06T23:38:13.163+0000] {dagbag.py:541} INFO - Filling up the DagBag from /home/airflow/.local/lib/python3.7/site-packages/airflow/example_dags/example_task_group_decorator.py
[2023-05-06T23:38:13.186+0000] {processor.py:809} INFO - DAG(s) dict_keys(['example_task_group_decorator']) retrieved from /home/airflow/.local/lib/python3.7/site-packages/airflow/example_dags/example_task_group_decorator.py
[2023-05-06T23:38:13.225+0000] {logging_mixin.py:149} INFO - [2023-05-06T23:38:13.224+0000] {dag.py:2726} INFO - Sync 1 DAGs
[2023-05-06T23:38:13.248+0000] {logging_mixin.py:149} INFO - [2023-05-06T23:38:13.248+0000] {dag.py:3490} INFO - Setting next_dagrun for example_task_group_decorator to 2023-05-05T23:38:13.248498+00:00, run_after=2023-05-06T23:38:13.248498+00:00
[2023-05-06T23:38:13.267+0000] {processor.py:178} INFO - Processing /home/airflow/.local/lib/python3.7/site-packages/airflow/example_dags/example_task_group_decorator.py took 0.110 seconds
[2023-05-06T23:38:43.400+0000] {processor.py:156} INFO - Started process (PID=1599) to work on /home/airflow/.local/lib/python3.7/site-packages/airflow/example_dags/example_task_group_decorator.py
[2023-05-06T23:38:43.401+0000] {processor.py:799} INFO - Processing file /home/airflow/.local/lib/python3.7/site-packages/airflow/example_dags/example_task_group_decorator.py for tasks to queue
[2023-05-06T23:38:43.401+0000] {logging_mixin.py:149} INFO - [2023-05-06T23:38:43.401+0000] {dagbag.py:541} INFO - Filling up the DagBag from /home/airflow/.local/lib/python3.7/site-packages/airflow/example_dags/example_task_group_decorator.py
[2023-05-06T23:38:43.422+0000] {processor.py:809} INFO - DAG(s) dict_keys(['example_task_group_decorator']) retrieved from /home/airflow/.local/lib/python3.7/site-packages/airflow/example_dags/example_task_group_decorator.py
[2023-05-06T23:38:43.447+0000] {logging_mixin.py:149} INFO - [2023-05-06T23:38:43.447+0000] {dag.py:2726} INFO - Sync 1 DAGs
[2023-05-06T23:38:43.469+0000] {logging_mixin.py:149} INFO - [2023-05-06T23:38:43.469+0000] {dag.py:3490} INFO - Setting next_dagrun for example_task_group_decorator to 2023-05-05T23:38:43.469591+00:00, run_after=2023-05-06T23:38:43.469591+00:00
[2023-05-06T23:38:43.487+0000] {processor.py:178} INFO - Processing /home/airflow/.local/lib/python3.7/site-packages/airflow/example_dags/example_task_group_decorator.py took 0.091 seconds
[2023-05-06T23:39:13.540+0000] {processor.py:156} INFO - Started process (PID=1657) to work on /home/airflow/.local/lib/python3.7/site-packages/airflow/example_dags/example_task_group_decorator.py
[2023-05-06T23:39:13.541+0000] {processor.py:799} INFO - Processing file /home/airflow/.local/lib/python3.7/site-packages/airflow/example_dags/example_task_group_decorator.py for tasks to queue
[2023-05-06T23:39:13.541+0000] {logging_mixin.py:149} INFO - [2023-05-06T23:39:13.541+0000] {dagbag.py:541} INFO - Filling up the DagBag from /home/airflow/.local/lib/python3.7/site-packages/airflow/example_dags/example_task_group_decorator.py
[2023-05-06T23:39:13.552+0000] {processor.py:809} INFO - DAG(s) dict_keys(['example_task_group_decorator']) retrieved from /home/airflow/.local/lib/python3.7/site-packages/airflow/example_dags/example_task_group_decorator.py
[2023-05-06T23:39:13.577+0000] {logging_mixin.py:149} INFO - [2023-05-06T23:39:13.577+0000] {dag.py:2726} INFO - Sync 1 DAGs
[2023-05-06T23:39:13.602+0000] {logging_mixin.py:149} INFO - [2023-05-06T23:39:13.602+0000] {dag.py:3490} INFO - Setting next_dagrun for example_task_group_decorator to 2023-05-05T23:39:13.601943+00:00, run_after=2023-05-06T23:39:13.601943+00:00
[2023-05-06T23:39:13.621+0000] {processor.py:178} INFO - Processing /home/airflow/.local/lib/python3.7/site-packages/airflow/example_dags/example_task_group_decorator.py took 0.083 seconds
[2023-05-06T23:39:43.924+0000] {processor.py:156} INFO - Started process (PID=1716) to work on /home/airflow/.local/lib/python3.7/site-packages/airflow/example_dags/example_task_group_decorator.py
[2023-05-06T23:39:43.927+0000] {processor.py:799} INFO - Processing file /home/airflow/.local/lib/python3.7/site-packages/airflow/example_dags/example_task_group_decorator.py for tasks to queue
[2023-05-06T23:39:43.927+0000] {logging_mixin.py:149} INFO - [2023-05-06T23:39:43.927+0000] {dagbag.py:541} INFO - Filling up the DagBag from /home/airflow/.local/lib/python3.7/site-packages/airflow/example_dags/example_task_group_decorator.py
[2023-05-06T23:39:43.938+0000] {processor.py:809} INFO - DAG(s) dict_keys(['example_task_group_decorator']) retrieved from /home/airflow/.local/lib/python3.7/site-packages/airflow/example_dags/example_task_group_decorator.py
[2023-05-06T23:39:43.963+0000] {logging_mixin.py:149} INFO - [2023-05-06T23:39:43.963+0000] {dag.py:2726} INFO - Sync 1 DAGs
[2023-05-06T23:39:43.985+0000] {logging_mixin.py:149} INFO - [2023-05-06T23:39:43.985+0000] {dag.py:3490} INFO - Setting next_dagrun for example_task_group_decorator to 2023-05-05T23:39:43.985021+00:00, run_after=2023-05-06T23:39:43.985021+00:00
[2023-05-06T23:39:44.003+0000] {processor.py:178} INFO - Processing /home/airflow/.local/lib/python3.7/site-packages/airflow/example_dags/example_task_group_decorator.py took 0.081 seconds
[2023-05-06T23:40:14.282+0000] {processor.py:156} INFO - Started process (PID=1774) to work on /home/airflow/.local/lib/python3.7/site-packages/airflow/example_dags/example_task_group_decorator.py
[2023-05-06T23:40:14.284+0000] {processor.py:799} INFO - Processing file /home/airflow/.local/lib/python3.7/site-packages/airflow/example_dags/example_task_group_decorator.py for tasks to queue
[2023-05-06T23:40:14.285+0000] {logging_mixin.py:149} INFO - [2023-05-06T23:40:14.285+0000] {dagbag.py:541} INFO - Filling up the DagBag from /home/airflow/.local/lib/python3.7/site-packages/airflow/example_dags/example_task_group_decorator.py
[2023-05-06T23:40:14.312+0000] {processor.py:809} INFO - DAG(s) dict_keys(['example_task_group_decorator']) retrieved from /home/airflow/.local/lib/python3.7/site-packages/airflow/example_dags/example_task_group_decorator.py
[2023-05-06T23:40:14.338+0000] {logging_mixin.py:149} INFO - [2023-05-06T23:40:14.338+0000] {dag.py:2726} INFO - Sync 1 DAGs
[2023-05-06T23:40:14.360+0000] {logging_mixin.py:149} INFO - [2023-05-06T23:40:14.360+0000] {dag.py:3490} INFO - Setting next_dagrun for example_task_group_decorator to 2023-05-05T23:40:14.360040+00:00, run_after=2023-05-06T23:40:14.360040+00:00
[2023-05-06T23:40:14.377+0000] {processor.py:178} INFO - Processing /home/airflow/.local/lib/python3.7/site-packages/airflow/example_dags/example_task_group_decorator.py took 0.100 seconds
[2023-05-06T23:40:44.583+0000] {processor.py:156} INFO - Started process (PID=1833) to work on /home/airflow/.local/lib/python3.7/site-packages/airflow/example_dags/example_task_group_decorator.py
[2023-05-06T23:40:44.590+0000] {processor.py:799} INFO - Processing file /home/airflow/.local/lib/python3.7/site-packages/airflow/example_dags/example_task_group_decorator.py for tasks to queue
[2023-05-06T23:40:44.591+0000] {logging_mixin.py:149} INFO - [2023-05-06T23:40:44.591+0000] {dagbag.py:541} INFO - Filling up the DagBag from /home/airflow/.local/lib/python3.7/site-packages/airflow/example_dags/example_task_group_decorator.py
[2023-05-06T23:40:44.601+0000] {processor.py:809} INFO - DAG(s) dict_keys(['example_task_group_decorator']) retrieved from /home/airflow/.local/lib/python3.7/site-packages/airflow/example_dags/example_task_group_decorator.py
[2023-05-06T23:40:44.626+0000] {logging_mixin.py:149} INFO - [2023-05-06T23:40:44.626+0000] {dag.py:2726} INFO - Sync 1 DAGs
[2023-05-06T23:40:44.649+0000] {logging_mixin.py:149} INFO - [2023-05-06T23:40:44.649+0000] {dag.py:3490} INFO - Setting next_dagrun for example_task_group_decorator to 2023-05-05T23:40:44.649198+00:00, run_after=2023-05-06T23:40:44.649198+00:00
[2023-05-06T23:40:44.667+0000] {processor.py:178} INFO - Processing /home/airflow/.local/lib/python3.7/site-packages/airflow/example_dags/example_task_group_decorator.py took 0.086 seconds
[2023-05-06T23:41:14.934+0000] {processor.py:156} INFO - Started process (PID=1891) to work on /home/airflow/.local/lib/python3.7/site-packages/airflow/example_dags/example_task_group_decorator.py
[2023-05-06T23:41:14.935+0000] {processor.py:799} INFO - Processing file /home/airflow/.local/lib/python3.7/site-packages/airflow/example_dags/example_task_group_decorator.py for tasks to queue
[2023-05-06T23:41:14.935+0000] {logging_mixin.py:149} INFO - [2023-05-06T23:41:14.935+0000] {dagbag.py:541} INFO - Filling up the DagBag from /home/airflow/.local/lib/python3.7/site-packages/airflow/example_dags/example_task_group_decorator.py
[2023-05-06T23:41:14.958+0000] {processor.py:809} INFO - DAG(s) dict_keys(['example_task_group_decorator']) retrieved from /home/airflow/.local/lib/python3.7/site-packages/airflow/example_dags/example_task_group_decorator.py
[2023-05-06T23:41:14.985+0000] {logging_mixin.py:149} INFO - [2023-05-06T23:41:14.985+0000] {dag.py:2726} INFO - Sync 1 DAGs
[2023-05-06T23:41:15.009+0000] {logging_mixin.py:149} INFO - [2023-05-06T23:41:15.009+0000] {dag.py:3490} INFO - Setting next_dagrun for example_task_group_decorator to 2023-05-05T23:41:15.009019+00:00, run_after=2023-05-06T23:41:15.009019+00:00
[2023-05-06T23:41:15.028+0000] {processor.py:178} INFO - Processing /home/airflow/.local/lib/python3.7/site-packages/airflow/example_dags/example_task_group_decorator.py took 0.098 seconds
[2023-05-06T23:41:45.276+0000] {processor.py:156} INFO - Started process (PID=1949) to work on /home/airflow/.local/lib/python3.7/site-packages/airflow/example_dags/example_task_group_decorator.py
[2023-05-06T23:41:45.281+0000] {processor.py:799} INFO - Processing file /home/airflow/.local/lib/python3.7/site-packages/airflow/example_dags/example_task_group_decorator.py for tasks to queue
[2023-05-06T23:41:45.282+0000] {logging_mixin.py:149} INFO - [2023-05-06T23:41:45.281+0000] {dagbag.py:541} INFO - Filling up the DagBag from /home/airflow/.local/lib/python3.7/site-packages/airflow/example_dags/example_task_group_decorator.py
[2023-05-06T23:41:45.293+0000] {processor.py:809} INFO - DAG(s) dict_keys(['example_task_group_decorator']) retrieved from /home/airflow/.local/lib/python3.7/site-packages/airflow/example_dags/example_task_group_decorator.py
[2023-05-06T23:41:45.318+0000] {logging_mixin.py:149} INFO - [2023-05-06T23:41:45.318+0000] {dag.py:2726} INFO - Sync 1 DAGs
[2023-05-06T23:41:45.341+0000] {logging_mixin.py:149} INFO - [2023-05-06T23:41:45.340+0000] {dag.py:3490} INFO - Setting next_dagrun for example_task_group_decorator to 2023-05-05T23:41:45.340690+00:00, run_after=2023-05-06T23:41:45.340690+00:00
[2023-05-06T23:41:45.360+0000] {processor.py:178} INFO - Processing /home/airflow/.local/lib/python3.7/site-packages/airflow/example_dags/example_task_group_decorator.py took 0.086 seconds
[2023-05-06T23:42:15.558+0000] {processor.py:156} INFO - Started process (PID=2007) to work on /home/airflow/.local/lib/python3.7/site-packages/airflow/example_dags/example_task_group_decorator.py
[2023-05-06T23:42:15.559+0000] {processor.py:799} INFO - Processing file /home/airflow/.local/lib/python3.7/site-packages/airflow/example_dags/example_task_group_decorator.py for tasks to queue
[2023-05-06T23:42:15.559+0000] {logging_mixin.py:149} INFO - [2023-05-06T23:42:15.559+0000] {dagbag.py:541} INFO - Filling up the DagBag from /home/airflow/.local/lib/python3.7/site-packages/airflow/example_dags/example_task_group_decorator.py
[2023-05-06T23:42:15.571+0000] {processor.py:809} INFO - DAG(s) dict_keys(['example_task_group_decorator']) retrieved from /home/airflow/.local/lib/python3.7/site-packages/airflow/example_dags/example_task_group_decorator.py
[2023-05-06T23:42:15.597+0000] {logging_mixin.py:149} INFO - [2023-05-06T23:42:15.597+0000] {dag.py:2726} INFO - Sync 1 DAGs
[2023-05-06T23:42:15.621+0000] {logging_mixin.py:149} INFO - [2023-05-06T23:42:15.621+0000] {dag.py:3490} INFO - Setting next_dagrun for example_task_group_decorator to 2023-05-05T23:42:15.621178+00:00, run_after=2023-05-06T23:42:15.621178+00:00
[2023-05-06T23:42:15.639+0000] {processor.py:178} INFO - Processing /home/airflow/.local/lib/python3.7/site-packages/airflow/example_dags/example_task_group_decorator.py took 0.083 seconds
[2023-05-06T23:42:45.868+0000] {processor.py:156} INFO - Started process (PID=2065) to work on /home/airflow/.local/lib/python3.7/site-packages/airflow/example_dags/example_task_group_decorator.py
[2023-05-06T23:42:45.870+0000] {processor.py:799} INFO - Processing file /home/airflow/.local/lib/python3.7/site-packages/airflow/example_dags/example_task_group_decorator.py for tasks to queue
[2023-05-06T23:42:45.871+0000] {logging_mixin.py:149} INFO - [2023-05-06T23:42:45.870+0000] {dagbag.py:541} INFO - Filling up the DagBag from /home/airflow/.local/lib/python3.7/site-packages/airflow/example_dags/example_task_group_decorator.py
[2023-05-06T23:42:45.894+0000] {processor.py:809} INFO - DAG(s) dict_keys(['example_task_group_decorator']) retrieved from /home/airflow/.local/lib/python3.7/site-packages/airflow/example_dags/example_task_group_decorator.py
[2023-05-06T23:42:45.920+0000] {logging_mixin.py:149} INFO - [2023-05-06T23:42:45.920+0000] {dag.py:2726} INFO - Sync 1 DAGs
[2023-05-06T23:42:45.945+0000] {logging_mixin.py:149} INFO - [2023-05-06T23:42:45.945+0000] {dag.py:3490} INFO - Setting next_dagrun for example_task_group_decorator to 2023-05-05T23:42:45.945334+00:00, run_after=2023-05-06T23:42:45.945334+00:00
[2023-05-06T23:42:45.965+0000] {processor.py:178} INFO - Processing /home/airflow/.local/lib/python3.7/site-packages/airflow/example_dags/example_task_group_decorator.py took 0.100 seconds
[2023-05-06T23:43:16.470+0000] {processor.py:156} INFO - Started process (PID=2123) to work on /home/airflow/.local/lib/python3.7/site-packages/airflow/example_dags/example_task_group_decorator.py
[2023-05-06T23:43:16.470+0000] {processor.py:799} INFO - Processing file /home/airflow/.local/lib/python3.7/site-packages/airflow/example_dags/example_task_group_decorator.py for tasks to queue
[2023-05-06T23:43:16.471+0000] {logging_mixin.py:149} INFO - [2023-05-06T23:43:16.471+0000] {dagbag.py:541} INFO - Filling up the DagBag from /home/airflow/.local/lib/python3.7/site-packages/airflow/example_dags/example_task_group_decorator.py
[2023-05-06T23:43:16.482+0000] {processor.py:809} INFO - DAG(s) dict_keys(['example_task_group_decorator']) retrieved from /home/airflow/.local/lib/python3.7/site-packages/airflow/example_dags/example_task_group_decorator.py
[2023-05-06T23:43:16.505+0000] {logging_mixin.py:149} INFO - [2023-05-06T23:43:16.505+0000] {dag.py:2726} INFO - Sync 1 DAGs
[2023-05-06T23:43:16.527+0000] {logging_mixin.py:149} INFO - [2023-05-06T23:43:16.527+0000] {dag.py:3490} INFO - Setting next_dagrun for example_task_group_decorator to 2023-05-05T23:43:16.527252+00:00, run_after=2023-05-06T23:43:16.527252+00:00
[2023-05-06T23:43:16.548+0000] {processor.py:178} INFO - Processing /home/airflow/.local/lib/python3.7/site-packages/airflow/example_dags/example_task_group_decorator.py took 0.080 seconds
