[2023-05-06T23:25:01.794+0000] {processor.py:156} INFO - Started process (PID=38) to work on /home/airflow/.local/lib/python3.7/site-packages/airflow/example_dags/example_short_circuit_decorator.py
[2023-05-06T23:25:01.794+0000] {processor.py:799} INFO - Processing file /home/airflow/.local/lib/python3.7/site-packages/airflow/example_dags/example_short_circuit_decorator.py for tasks to queue
[2023-05-06T23:25:01.795+0000] {logging_mixin.py:149} INFO - [2023-05-06T23:25:01.795+0000] {dagbag.py:541} INFO - Filling up the DagBag from /home/airflow/.local/lib/python3.7/site-packages/airflow/example_dags/example_short_circuit_decorator.py
[2023-05-06T23:25:01.805+0000] {processor.py:809} INFO - DAG(s) dict_keys(['example_short_circuit_decorator']) retrieved from /home/airflow/.local/lib/python3.7/site-packages/airflow/example_dags/example_short_circuit_decorator.py
[2023-05-06T23:25:01.817+0000] {logging_mixin.py:149} INFO - [2023-05-06T23:25:01.816+0000] {dag.py:2726} INFO - Sync 1 DAGs
[2023-05-06T23:25:01.854+0000] {logging_mixin.py:149} INFO - [2023-05-06T23:25:01.854+0000] {dag.py:3490} INFO - Setting next_dagrun for example_short_circuit_decorator to 2023-05-05T23:25:01.854600+00:00, run_after=2023-05-06T23:25:01.854600+00:00
[2023-05-06T23:25:01.876+0000] {processor.py:178} INFO - Processing /home/airflow/.local/lib/python3.7/site-packages/airflow/example_dags/example_short_circuit_decorator.py took 0.084 seconds
[2023-05-06T23:25:31.951+0000] {processor.py:156} INFO - Started process (PID=96) to work on /home/airflow/.local/lib/python3.7/site-packages/airflow/example_dags/example_short_circuit_decorator.py
[2023-05-06T23:25:31.951+0000] {processor.py:799} INFO - Processing file /home/airflow/.local/lib/python3.7/site-packages/airflow/example_dags/example_short_circuit_decorator.py for tasks to queue
[2023-05-06T23:25:31.952+0000] {logging_mixin.py:149} INFO - [2023-05-06T23:25:31.951+0000] {dagbag.py:541} INFO - Filling up the DagBag from /home/airflow/.local/lib/python3.7/site-packages/airflow/example_dags/example_short_circuit_decorator.py
[2023-05-06T23:25:31.958+0000] {processor.py:809} INFO - DAG(s) dict_keys(['example_short_circuit_decorator']) retrieved from /home/airflow/.local/lib/python3.7/site-packages/airflow/example_dags/example_short_circuit_decorator.py
[2023-05-06T23:25:31.979+0000] {logging_mixin.py:149} INFO - [2023-05-06T23:25:31.979+0000] {dag.py:2726} INFO - Sync 1 DAGs
[2023-05-06T23:25:32.002+0000] {logging_mixin.py:149} INFO - [2023-05-06T23:25:32.001+0000] {dag.py:3490} INFO - Setting next_dagrun for example_short_circuit_decorator to 2023-05-05T23:25:32.001675+00:00, run_after=2023-05-06T23:25:32.001675+00:00
[2023-05-06T23:25:32.019+0000] {processor.py:178} INFO - Processing /home/airflow/.local/lib/python3.7/site-packages/airflow/example_dags/example_short_circuit_decorator.py took 0.070 seconds
[2023-05-06T23:26:02.178+0000] {processor.py:156} INFO - Started process (PID=154) to work on /home/airflow/.local/lib/python3.7/site-packages/airflow/example_dags/example_short_circuit_decorator.py
[2023-05-06T23:26:02.179+0000] {processor.py:799} INFO - Processing file /home/airflow/.local/lib/python3.7/site-packages/airflow/example_dags/example_short_circuit_decorator.py for tasks to queue
[2023-05-06T23:26:02.180+0000] {logging_mixin.py:149} INFO - [2023-05-06T23:26:02.180+0000] {dagbag.py:541} INFO - Filling up the DagBag from /home/airflow/.local/lib/python3.7/site-packages/airflow/example_dags/example_short_circuit_decorator.py
[2023-05-06T23:26:02.194+0000] {processor.py:809} INFO - DAG(s) dict_keys(['example_short_circuit_decorator']) retrieved from /home/airflow/.local/lib/python3.7/site-packages/airflow/example_dags/example_short_circuit_decorator.py
[2023-05-06T23:26:02.230+0000] {logging_mixin.py:149} INFO - [2023-05-06T23:26:02.229+0000] {dag.py:2726} INFO - Sync 1 DAGs
[2023-05-06T23:26:02.254+0000] {logging_mixin.py:149} INFO - [2023-05-06T23:26:02.254+0000] {dag.py:3490} INFO - Setting next_dagrun for example_short_circuit_decorator to 2023-05-05T23:26:02.254397+00:00, run_after=2023-05-06T23:26:02.254397+00:00
[2023-05-06T23:26:02.271+0000] {processor.py:178} INFO - Processing /home/airflow/.local/lib/python3.7/site-packages/airflow/example_dags/example_short_circuit_decorator.py took 0.096 seconds
[2023-05-06T23:26:32.674+0000] {processor.py:156} INFO - Started process (PID=212) to work on /home/airflow/.local/lib/python3.7/site-packages/airflow/example_dags/example_short_circuit_decorator.py
[2023-05-06T23:26:32.674+0000] {processor.py:799} INFO - Processing file /home/airflow/.local/lib/python3.7/site-packages/airflow/example_dags/example_short_circuit_decorator.py for tasks to queue
[2023-05-06T23:26:32.675+0000] {logging_mixin.py:149} INFO - [2023-05-06T23:26:32.675+0000] {dagbag.py:541} INFO - Filling up the DagBag from /home/airflow/.local/lib/python3.7/site-packages/airflow/example_dags/example_short_circuit_decorator.py
[2023-05-06T23:26:32.681+0000] {processor.py:809} INFO - DAG(s) dict_keys(['example_short_circuit_decorator']) retrieved from /home/airflow/.local/lib/python3.7/site-packages/airflow/example_dags/example_short_circuit_decorator.py
[2023-05-06T23:26:32.705+0000] {logging_mixin.py:149} INFO - [2023-05-06T23:26:32.705+0000] {dag.py:2726} INFO - Sync 1 DAGs
[2023-05-06T23:26:32.729+0000] {logging_mixin.py:149} INFO - [2023-05-06T23:26:32.729+0000] {dag.py:3490} INFO - Setting next_dagrun for example_short_circuit_decorator to 2023-05-05T23:26:32.728885+00:00, run_after=2023-05-06T23:26:32.728885+00:00
[2023-05-06T23:26:32.746+0000] {processor.py:178} INFO - Processing /home/airflow/.local/lib/python3.7/site-packages/airflow/example_dags/example_short_circuit_decorator.py took 0.074 seconds
[2023-05-06T23:27:03.234+0000] {processor.py:156} INFO - Started process (PID=269) to work on /home/airflow/.local/lib/python3.7/site-packages/airflow/example_dags/example_short_circuit_decorator.py
[2023-05-06T23:27:03.235+0000] {processor.py:799} INFO - Processing file /home/airflow/.local/lib/python3.7/site-packages/airflow/example_dags/example_short_circuit_decorator.py for tasks to queue
[2023-05-06T23:27:03.236+0000] {logging_mixin.py:149} INFO - [2023-05-06T23:27:03.235+0000] {dagbag.py:541} INFO - Filling up the DagBag from /home/airflow/.local/lib/python3.7/site-packages/airflow/example_dags/example_short_circuit_decorator.py
[2023-05-06T23:27:03.250+0000] {processor.py:809} INFO - DAG(s) dict_keys(['example_short_circuit_decorator']) retrieved from /home/airflow/.local/lib/python3.7/site-packages/airflow/example_dags/example_short_circuit_decorator.py
[2023-05-06T23:27:03.274+0000] {logging_mixin.py:149} INFO - [2023-05-06T23:27:03.274+0000] {dag.py:2726} INFO - Sync 1 DAGs
[2023-05-06T23:27:03.296+0000] {logging_mixin.py:149} INFO - [2023-05-06T23:27:03.296+0000] {dag.py:3490} INFO - Setting next_dagrun for example_short_circuit_decorator to 2023-05-05T23:27:03.295916+00:00, run_after=2023-05-06T23:27:03.295916+00:00
[2023-05-06T23:27:03.313+0000] {processor.py:178} INFO - Processing /home/airflow/.local/lib/python3.7/site-packages/airflow/example_dags/example_short_circuit_decorator.py took 0.083 seconds
[2023-05-06T23:27:33.823+0000] {processor.py:156} INFO - Started process (PID=327) to work on /home/airflow/.local/lib/python3.7/site-packages/airflow/example_dags/example_short_circuit_decorator.py
[2023-05-06T23:27:33.824+0000] {processor.py:799} INFO - Processing file /home/airflow/.local/lib/python3.7/site-packages/airflow/example_dags/example_short_circuit_decorator.py for tasks to queue
[2023-05-06T23:27:33.824+0000] {logging_mixin.py:149} INFO - [2023-05-06T23:27:33.824+0000] {dagbag.py:541} INFO - Filling up the DagBag from /home/airflow/.local/lib/python3.7/site-packages/airflow/example_dags/example_short_circuit_decorator.py
[2023-05-06T23:27:33.832+0000] {processor.py:809} INFO - DAG(s) dict_keys(['example_short_circuit_decorator']) retrieved from /home/airflow/.local/lib/python3.7/site-packages/airflow/example_dags/example_short_circuit_decorator.py
[2023-05-06T23:27:33.853+0000] {logging_mixin.py:149} INFO - [2023-05-06T23:27:33.853+0000] {dag.py:2726} INFO - Sync 1 DAGs
[2023-05-06T23:27:33.875+0000] {logging_mixin.py:149} INFO - [2023-05-06T23:27:33.875+0000] {dag.py:3490} INFO - Setting next_dagrun for example_short_circuit_decorator to 2023-05-05T23:27:33.875373+00:00, run_after=2023-05-06T23:27:33.875373+00:00
[2023-05-06T23:27:33.892+0000] {processor.py:178} INFO - Processing /home/airflow/.local/lib/python3.7/site-packages/airflow/example_dags/example_short_circuit_decorator.py took 0.071 seconds
[2023-05-06T23:28:04.173+0000] {processor.py:156} INFO - Started process (PID=385) to work on /home/airflow/.local/lib/python3.7/site-packages/airflow/example_dags/example_short_circuit_decorator.py
[2023-05-06T23:28:04.173+0000] {processor.py:799} INFO - Processing file /home/airflow/.local/lib/python3.7/site-packages/airflow/example_dags/example_short_circuit_decorator.py for tasks to queue
[2023-05-06T23:28:04.174+0000] {logging_mixin.py:149} INFO - [2023-05-06T23:28:04.174+0000] {dagbag.py:541} INFO - Filling up the DagBag from /home/airflow/.local/lib/python3.7/site-packages/airflow/example_dags/example_short_circuit_decorator.py
[2023-05-06T23:28:04.181+0000] {processor.py:809} INFO - DAG(s) dict_keys(['example_short_circuit_decorator']) retrieved from /home/airflow/.local/lib/python3.7/site-packages/airflow/example_dags/example_short_circuit_decorator.py
[2023-05-06T23:28:04.202+0000] {logging_mixin.py:149} INFO - [2023-05-06T23:28:04.202+0000] {dag.py:2726} INFO - Sync 1 DAGs
[2023-05-06T23:28:04.227+0000] {logging_mixin.py:149} INFO - [2023-05-06T23:28:04.226+0000] {dag.py:3490} INFO - Setting next_dagrun for example_short_circuit_decorator to 2023-05-05T23:28:04.226688+00:00, run_after=2023-05-06T23:28:04.226688+00:00
[2023-05-06T23:28:04.251+0000] {processor.py:178} INFO - Processing /home/airflow/.local/lib/python3.7/site-packages/airflow/example_dags/example_short_circuit_decorator.py took 0.080 seconds
[2023-05-06T23:28:34.483+0000] {processor.py:156} INFO - Started process (PID=443) to work on /home/airflow/.local/lib/python3.7/site-packages/airflow/example_dags/example_short_circuit_decorator.py
[2023-05-06T23:28:34.484+0000] {processor.py:799} INFO - Processing file /home/airflow/.local/lib/python3.7/site-packages/airflow/example_dags/example_short_circuit_decorator.py for tasks to queue
[2023-05-06T23:28:34.485+0000] {logging_mixin.py:149} INFO - [2023-05-06T23:28:34.485+0000] {dagbag.py:541} INFO - Filling up the DagBag from /home/airflow/.local/lib/python3.7/site-packages/airflow/example_dags/example_short_circuit_decorator.py
[2023-05-06T23:28:34.493+0000] {processor.py:809} INFO - DAG(s) dict_keys(['example_short_circuit_decorator']) retrieved from /home/airflow/.local/lib/python3.7/site-packages/airflow/example_dags/example_short_circuit_decorator.py
[2023-05-06T23:28:34.546+0000] {logging_mixin.py:149} INFO - [2023-05-06T23:28:34.546+0000] {dag.py:2726} INFO - Sync 1 DAGs
[2023-05-06T23:28:34.570+0000] {logging_mixin.py:149} INFO - [2023-05-06T23:28:34.570+0000] {dag.py:3490} INFO - Setting next_dagrun for example_short_circuit_decorator to 2023-05-05T23:28:34.570206+00:00, run_after=2023-05-06T23:28:34.570206+00:00
[2023-05-06T23:28:34.590+0000] {processor.py:178} INFO - Processing /home/airflow/.local/lib/python3.7/site-packages/airflow/example_dags/example_short_circuit_decorator.py took 0.110 seconds
[2023-05-06T23:29:04.950+0000] {processor.py:156} INFO - Started process (PID=502) to work on /home/airflow/.local/lib/python3.7/site-packages/airflow/example_dags/example_short_circuit_decorator.py
[2023-05-06T23:29:04.950+0000] {processor.py:799} INFO - Processing file /home/airflow/.local/lib/python3.7/site-packages/airflow/example_dags/example_short_circuit_decorator.py for tasks to queue
[2023-05-06T23:29:04.951+0000] {logging_mixin.py:149} INFO - [2023-05-06T23:29:04.951+0000] {dagbag.py:541} INFO - Filling up the DagBag from /home/airflow/.local/lib/python3.7/site-packages/airflow/example_dags/example_short_circuit_decorator.py
[2023-05-06T23:29:04.957+0000] {processor.py:809} INFO - DAG(s) dict_keys(['example_short_circuit_decorator']) retrieved from /home/airflow/.local/lib/python3.7/site-packages/airflow/example_dags/example_short_circuit_decorator.py
[2023-05-06T23:29:04.980+0000] {logging_mixin.py:149} INFO - [2023-05-06T23:29:04.980+0000] {dag.py:2726} INFO - Sync 1 DAGs
[2023-05-06T23:29:05.003+0000] {logging_mixin.py:149} INFO - [2023-05-06T23:29:05.003+0000] {dag.py:3490} INFO - Setting next_dagrun for example_short_circuit_decorator to 2023-05-05T23:29:05.003582+00:00, run_after=2023-05-06T23:29:05.003582+00:00
[2023-05-06T23:29:05.022+0000] {processor.py:178} INFO - Processing /home/airflow/.local/lib/python3.7/site-packages/airflow/example_dags/example_short_circuit_decorator.py took 0.074 seconds
[2023-05-06T23:29:35.437+0000] {processor.py:156} INFO - Started process (PID=560) to work on /home/airflow/.local/lib/python3.7/site-packages/airflow/example_dags/example_short_circuit_decorator.py
[2023-05-06T23:29:35.438+0000] {processor.py:799} INFO - Processing file /home/airflow/.local/lib/python3.7/site-packages/airflow/example_dags/example_short_circuit_decorator.py for tasks to queue
[2023-05-06T23:29:35.438+0000] {logging_mixin.py:149} INFO - [2023-05-06T23:29:35.438+0000] {dagbag.py:541} INFO - Filling up the DagBag from /home/airflow/.local/lib/python3.7/site-packages/airflow/example_dags/example_short_circuit_decorator.py
[2023-05-06T23:29:35.447+0000] {processor.py:809} INFO - DAG(s) dict_keys(['example_short_circuit_decorator']) retrieved from /home/airflow/.local/lib/python3.7/site-packages/airflow/example_dags/example_short_circuit_decorator.py
[2023-05-06T23:29:35.470+0000] {logging_mixin.py:149} INFO - [2023-05-06T23:29:35.469+0000] {dag.py:2726} INFO - Sync 1 DAGs
[2023-05-06T23:29:35.495+0000] {logging_mixin.py:149} INFO - [2023-05-06T23:29:35.495+0000] {dag.py:3490} INFO - Setting next_dagrun for example_short_circuit_decorator to 2023-05-05T23:29:35.495312+00:00, run_after=2023-05-06T23:29:35.495312+00:00
[2023-05-06T23:29:35.517+0000] {processor.py:178} INFO - Processing /home/airflow/.local/lib/python3.7/site-packages/airflow/example_dags/example_short_circuit_decorator.py took 0.082 seconds
[2023-05-06T23:30:06.014+0000] {processor.py:156} INFO - Started process (PID=618) to work on /home/airflow/.local/lib/python3.7/site-packages/airflow/example_dags/example_short_circuit_decorator.py
[2023-05-06T23:30:06.014+0000] {processor.py:799} INFO - Processing file /home/airflow/.local/lib/python3.7/site-packages/airflow/example_dags/example_short_circuit_decorator.py for tasks to queue
[2023-05-06T23:30:06.015+0000] {logging_mixin.py:149} INFO - [2023-05-06T23:30:06.015+0000] {dagbag.py:541} INFO - Filling up the DagBag from /home/airflow/.local/lib/python3.7/site-packages/airflow/example_dags/example_short_circuit_decorator.py
[2023-05-06T23:30:06.023+0000] {processor.py:809} INFO - DAG(s) dict_keys(['example_short_circuit_decorator']) retrieved from /home/airflow/.local/lib/python3.7/site-packages/airflow/example_dags/example_short_circuit_decorator.py
[2023-05-06T23:30:06.046+0000] {logging_mixin.py:149} INFO - [2023-05-06T23:30:06.046+0000] {dag.py:2726} INFO - Sync 1 DAGs
[2023-05-06T23:30:06.074+0000] {logging_mixin.py:149} INFO - [2023-05-06T23:30:06.073+0000] {dag.py:3490} INFO - Setting next_dagrun for example_short_circuit_decorator to 2023-05-05T23:30:06.073673+00:00, run_after=2023-05-06T23:30:06.073673+00:00
[2023-05-06T23:30:06.093+0000] {processor.py:178} INFO - Processing /home/airflow/.local/lib/python3.7/site-packages/airflow/example_dags/example_short_circuit_decorator.py took 0.082 seconds
[2023-05-06T23:30:36.413+0000] {processor.py:156} INFO - Started process (PID=676) to work on /home/airflow/.local/lib/python3.7/site-packages/airflow/example_dags/example_short_circuit_decorator.py
[2023-05-06T23:30:36.414+0000] {processor.py:799} INFO - Processing file /home/airflow/.local/lib/python3.7/site-packages/airflow/example_dags/example_short_circuit_decorator.py for tasks to queue
[2023-05-06T23:30:36.415+0000] {logging_mixin.py:149} INFO - [2023-05-06T23:30:36.414+0000] {dagbag.py:541} INFO - Filling up the DagBag from /home/airflow/.local/lib/python3.7/site-packages/airflow/example_dags/example_short_circuit_decorator.py
[2023-05-06T23:30:36.422+0000] {processor.py:809} INFO - DAG(s) dict_keys(['example_short_circuit_decorator']) retrieved from /home/airflow/.local/lib/python3.7/site-packages/airflow/example_dags/example_short_circuit_decorator.py
[2023-05-06T23:30:36.443+0000] {logging_mixin.py:149} INFO - [2023-05-06T23:30:36.443+0000] {dag.py:2726} INFO - Sync 1 DAGs
[2023-05-06T23:30:36.467+0000] {logging_mixin.py:149} INFO - [2023-05-06T23:30:36.467+0000] {dag.py:3490} INFO - Setting next_dagrun for example_short_circuit_decorator to 2023-05-05T23:30:36.467617+00:00, run_after=2023-05-06T23:30:36.467617+00:00
[2023-05-06T23:30:36.486+0000] {processor.py:178} INFO - Processing /home/airflow/.local/lib/python3.7/site-packages/airflow/example_dags/example_short_circuit_decorator.py took 0.075 seconds
[2023-05-06T23:31:06.915+0000] {processor.py:156} INFO - Started process (PID=733) to work on /home/airflow/.local/lib/python3.7/site-packages/airflow/example_dags/example_short_circuit_decorator.py
[2023-05-06T23:31:06.915+0000] {processor.py:799} INFO - Processing file /home/airflow/.local/lib/python3.7/site-packages/airflow/example_dags/example_short_circuit_decorator.py for tasks to queue
[2023-05-06T23:31:06.916+0000] {logging_mixin.py:149} INFO - [2023-05-06T23:31:06.916+0000] {dagbag.py:541} INFO - Filling up the DagBag from /home/airflow/.local/lib/python3.7/site-packages/airflow/example_dags/example_short_circuit_decorator.py
[2023-05-06T23:31:06.923+0000] {processor.py:809} INFO - DAG(s) dict_keys(['example_short_circuit_decorator']) retrieved from /home/airflow/.local/lib/python3.7/site-packages/airflow/example_dags/example_short_circuit_decorator.py
[2023-05-06T23:31:06.943+0000] {logging_mixin.py:149} INFO - [2023-05-06T23:31:06.943+0000] {dag.py:2726} INFO - Sync 1 DAGs
[2023-05-06T23:31:06.966+0000] {logging_mixin.py:149} INFO - [2023-05-06T23:31:06.966+0000] {dag.py:3490} INFO - Setting next_dagrun for example_short_circuit_decorator to 2023-05-05T23:31:06.966102+00:00, run_after=2023-05-06T23:31:06.966102+00:00
[2023-05-06T23:31:06.984+0000] {processor.py:178} INFO - Processing /home/airflow/.local/lib/python3.7/site-packages/airflow/example_dags/example_short_circuit_decorator.py took 0.071 seconds
[2023-05-06T23:31:37.146+0000] {processor.py:156} INFO - Started process (PID=791) to work on /home/airflow/.local/lib/python3.7/site-packages/airflow/example_dags/example_short_circuit_decorator.py
[2023-05-06T23:31:37.147+0000] {processor.py:799} INFO - Processing file /home/airflow/.local/lib/python3.7/site-packages/airflow/example_dags/example_short_circuit_decorator.py for tasks to queue
[2023-05-06T23:31:37.147+0000] {logging_mixin.py:149} INFO - [2023-05-06T23:31:37.147+0000] {dagbag.py:541} INFO - Filling up the DagBag from /home/airflow/.local/lib/python3.7/site-packages/airflow/example_dags/example_short_circuit_decorator.py
[2023-05-06T23:31:37.154+0000] {processor.py:809} INFO - DAG(s) dict_keys(['example_short_circuit_decorator']) retrieved from /home/airflow/.local/lib/python3.7/site-packages/airflow/example_dags/example_short_circuit_decorator.py
[2023-05-06T23:31:37.176+0000] {logging_mixin.py:149} INFO - [2023-05-06T23:31:37.176+0000] {dag.py:2726} INFO - Sync 1 DAGs
[2023-05-06T23:31:37.199+0000] {logging_mixin.py:149} INFO - [2023-05-06T23:31:37.199+0000] {dag.py:3490} INFO - Setting next_dagrun for example_short_circuit_decorator to 2023-05-05T23:31:37.199552+00:00, run_after=2023-05-06T23:31:37.199552+00:00
[2023-05-06T23:31:37.217+0000] {processor.py:178} INFO - Processing /home/airflow/.local/lib/python3.7/site-packages/airflow/example_dags/example_short_circuit_decorator.py took 0.073 seconds
[2023-05-06T23:32:07.663+0000] {processor.py:156} INFO - Started process (PID=849) to work on /home/airflow/.local/lib/python3.7/site-packages/airflow/example_dags/example_short_circuit_decorator.py
[2023-05-06T23:32:07.664+0000] {processor.py:799} INFO - Processing file /home/airflow/.local/lib/python3.7/site-packages/airflow/example_dags/example_short_circuit_decorator.py for tasks to queue
[2023-05-06T23:32:07.665+0000] {logging_mixin.py:149} INFO - [2023-05-06T23:32:07.665+0000] {dagbag.py:541} INFO - Filling up the DagBag from /home/airflow/.local/lib/python3.7/site-packages/airflow/example_dags/example_short_circuit_decorator.py
[2023-05-06T23:32:07.680+0000] {processor.py:809} INFO - DAG(s) dict_keys(['example_short_circuit_decorator']) retrieved from /home/airflow/.local/lib/python3.7/site-packages/airflow/example_dags/example_short_circuit_decorator.py
[2023-05-06T23:32:07.717+0000] {logging_mixin.py:149} INFO - [2023-05-06T23:32:07.717+0000] {dag.py:2726} INFO - Sync 1 DAGs
[2023-05-06T23:32:07.742+0000] {logging_mixin.py:149} INFO - [2023-05-06T23:32:07.742+0000] {dag.py:3490} INFO - Setting next_dagrun for example_short_circuit_decorator to 2023-05-05T23:32:07.742202+00:00, run_after=2023-05-06T23:32:07.742202+00:00
[2023-05-06T23:32:07.760+0000] {processor.py:178} INFO - Processing /home/airflow/.local/lib/python3.7/site-packages/airflow/example_dags/example_short_circuit_decorator.py took 0.102 seconds
[2023-05-06T23:32:38.101+0000] {processor.py:156} INFO - Started process (PID=907) to work on /home/airflow/.local/lib/python3.7/site-packages/airflow/example_dags/example_short_circuit_decorator.py
[2023-05-06T23:32:38.102+0000] {processor.py:799} INFO - Processing file /home/airflow/.local/lib/python3.7/site-packages/airflow/example_dags/example_short_circuit_decorator.py for tasks to queue
[2023-05-06T23:32:38.102+0000] {logging_mixin.py:149} INFO - [2023-05-06T23:32:38.102+0000] {dagbag.py:541} INFO - Filling up the DagBag from /home/airflow/.local/lib/python3.7/site-packages/airflow/example_dags/example_short_circuit_decorator.py
[2023-05-06T23:32:38.109+0000] {processor.py:809} INFO - DAG(s) dict_keys(['example_short_circuit_decorator']) retrieved from /home/airflow/.local/lib/python3.7/site-packages/airflow/example_dags/example_short_circuit_decorator.py
[2023-05-06T23:32:38.131+0000] {logging_mixin.py:149} INFO - [2023-05-06T23:32:38.131+0000] {dag.py:2726} INFO - Sync 1 DAGs
[2023-05-06T23:32:38.155+0000] {logging_mixin.py:149} INFO - [2023-05-06T23:32:38.155+0000] {dag.py:3490} INFO - Setting next_dagrun for example_short_circuit_decorator to 2023-05-05T23:32:38.155465+00:00, run_after=2023-05-06T23:32:38.155465+00:00
[2023-05-06T23:32:38.173+0000] {processor.py:178} INFO - Processing /home/airflow/.local/lib/python3.7/site-packages/airflow/example_dags/example_short_circuit_decorator.py took 0.073 seconds
[2023-05-06T23:33:08.478+0000] {processor.py:156} INFO - Started process (PID=965) to work on /home/airflow/.local/lib/python3.7/site-packages/airflow/example_dags/example_short_circuit_decorator.py
[2023-05-06T23:33:08.479+0000] {processor.py:799} INFO - Processing file /home/airflow/.local/lib/python3.7/site-packages/airflow/example_dags/example_short_circuit_decorator.py for tasks to queue
[2023-05-06T23:33:08.479+0000] {logging_mixin.py:149} INFO - [2023-05-06T23:33:08.479+0000] {dagbag.py:541} INFO - Filling up the DagBag from /home/airflow/.local/lib/python3.7/site-packages/airflow/example_dags/example_short_circuit_decorator.py
[2023-05-06T23:33:08.486+0000] {processor.py:809} INFO - DAG(s) dict_keys(['example_short_circuit_decorator']) retrieved from /home/airflow/.local/lib/python3.7/site-packages/airflow/example_dags/example_short_circuit_decorator.py
[2023-05-06T23:33:08.509+0000] {logging_mixin.py:149} INFO - [2023-05-06T23:33:08.509+0000] {dag.py:2726} INFO - Sync 1 DAGs
[2023-05-06T23:33:08.533+0000] {logging_mixin.py:149} INFO - [2023-05-06T23:33:08.532+0000] {dag.py:3490} INFO - Setting next_dagrun for example_short_circuit_decorator to 2023-05-05T23:33:08.532706+00:00, run_after=2023-05-06T23:33:08.532706+00:00
[2023-05-06T23:33:08.551+0000] {processor.py:178} INFO - Processing /home/airflow/.local/lib/python3.7/site-packages/airflow/example_dags/example_short_circuit_decorator.py took 0.075 seconds
[2023-05-06T23:33:38.940+0000] {processor.py:156} INFO - Started process (PID=1024) to work on /home/airflow/.local/lib/python3.7/site-packages/airflow/example_dags/example_short_circuit_decorator.py
[2023-05-06T23:33:38.941+0000] {processor.py:799} INFO - Processing file /home/airflow/.local/lib/python3.7/site-packages/airflow/example_dags/example_short_circuit_decorator.py for tasks to queue
[2023-05-06T23:33:38.941+0000] {logging_mixin.py:149} INFO - [2023-05-06T23:33:38.941+0000] {dagbag.py:541} INFO - Filling up the DagBag from /home/airflow/.local/lib/python3.7/site-packages/airflow/example_dags/example_short_circuit_decorator.py
[2023-05-06T23:33:38.949+0000] {processor.py:809} INFO - DAG(s) dict_keys(['example_short_circuit_decorator']) retrieved from /home/airflow/.local/lib/python3.7/site-packages/airflow/example_dags/example_short_circuit_decorator.py
[2023-05-06T23:33:38.972+0000] {logging_mixin.py:149} INFO - [2023-05-06T23:33:38.972+0000] {dag.py:2726} INFO - Sync 1 DAGs
[2023-05-06T23:33:38.996+0000] {logging_mixin.py:149} INFO - [2023-05-06T23:33:38.996+0000] {dag.py:3490} INFO - Setting next_dagrun for example_short_circuit_decorator to 2023-05-05T23:33:38.996525+00:00, run_after=2023-05-06T23:33:38.996525+00:00
[2023-05-06T23:33:39.015+0000] {processor.py:178} INFO - Processing /home/airflow/.local/lib/python3.7/site-packages/airflow/example_dags/example_short_circuit_decorator.py took 0.077 seconds
[2023-05-06T23:34:09.239+0000] {processor.py:156} INFO - Started process (PID=1082) to work on /home/airflow/.local/lib/python3.7/site-packages/airflow/example_dags/example_short_circuit_decorator.py
[2023-05-06T23:34:09.240+0000] {processor.py:799} INFO - Processing file /home/airflow/.local/lib/python3.7/site-packages/airflow/example_dags/example_short_circuit_decorator.py for tasks to queue
[2023-05-06T23:34:09.240+0000] {logging_mixin.py:149} INFO - [2023-05-06T23:34:09.240+0000] {dagbag.py:541} INFO - Filling up the DagBag from /home/airflow/.local/lib/python3.7/site-packages/airflow/example_dags/example_short_circuit_decorator.py
[2023-05-06T23:34:09.247+0000] {processor.py:809} INFO - DAG(s) dict_keys(['example_short_circuit_decorator']) retrieved from /home/airflow/.local/lib/python3.7/site-packages/airflow/example_dags/example_short_circuit_decorator.py
[2023-05-06T23:34:09.268+0000] {logging_mixin.py:149} INFO - [2023-05-06T23:34:09.267+0000] {dag.py:2726} INFO - Sync 1 DAGs
[2023-05-06T23:34:09.290+0000] {logging_mixin.py:149} INFO - [2023-05-06T23:34:09.289+0000] {dag.py:3490} INFO - Setting next_dagrun for example_short_circuit_decorator to 2023-05-05T23:34:09.289664+00:00, run_after=2023-05-06T23:34:09.289664+00:00
[2023-05-06T23:34:09.308+0000] {processor.py:178} INFO - Processing /home/airflow/.local/lib/python3.7/site-packages/airflow/example_dags/example_short_circuit_decorator.py took 0.071 seconds
[2023-05-06T23:34:39.808+0000] {processor.py:156} INFO - Started process (PID=1140) to work on /home/airflow/.local/lib/python3.7/site-packages/airflow/example_dags/example_short_circuit_decorator.py
[2023-05-06T23:34:39.808+0000] {processor.py:799} INFO - Processing file /home/airflow/.local/lib/python3.7/site-packages/airflow/example_dags/example_short_circuit_decorator.py for tasks to queue
[2023-05-06T23:34:39.809+0000] {logging_mixin.py:149} INFO - [2023-05-06T23:34:39.809+0000] {dagbag.py:541} INFO - Filling up the DagBag from /home/airflow/.local/lib/python3.7/site-packages/airflow/example_dags/example_short_circuit_decorator.py
[2023-05-06T23:34:39.816+0000] {processor.py:809} INFO - DAG(s) dict_keys(['example_short_circuit_decorator']) retrieved from /home/airflow/.local/lib/python3.7/site-packages/airflow/example_dags/example_short_circuit_decorator.py
[2023-05-06T23:34:39.838+0000] {logging_mixin.py:149} INFO - [2023-05-06T23:34:39.837+0000] {dag.py:2726} INFO - Sync 1 DAGs
[2023-05-06T23:34:39.861+0000] {logging_mixin.py:149} INFO - [2023-05-06T23:34:39.860+0000] {dag.py:3490} INFO - Setting next_dagrun for example_short_circuit_decorator to 2023-05-05T23:34:39.860736+00:00, run_after=2023-05-06T23:34:39.860736+00:00
[2023-05-06T23:34:39.879+0000] {processor.py:178} INFO - Processing /home/airflow/.local/lib/python3.7/site-packages/airflow/example_dags/example_short_circuit_decorator.py took 0.073 seconds
[2023-05-06T23:35:10.315+0000] {processor.py:156} INFO - Started process (PID=1198) to work on /home/airflow/.local/lib/python3.7/site-packages/airflow/example_dags/example_short_circuit_decorator.py
[2023-05-06T23:35:10.315+0000] {processor.py:799} INFO - Processing file /home/airflow/.local/lib/python3.7/site-packages/airflow/example_dags/example_short_circuit_decorator.py for tasks to queue
[2023-05-06T23:35:10.316+0000] {logging_mixin.py:149} INFO - [2023-05-06T23:35:10.316+0000] {dagbag.py:541} INFO - Filling up the DagBag from /home/airflow/.local/lib/python3.7/site-packages/airflow/example_dags/example_short_circuit_decorator.py
[2023-05-06T23:35:10.323+0000] {processor.py:809} INFO - DAG(s) dict_keys(['example_short_circuit_decorator']) retrieved from /home/airflow/.local/lib/python3.7/site-packages/airflow/example_dags/example_short_circuit_decorator.py
[2023-05-06T23:35:10.347+0000] {logging_mixin.py:149} INFO - [2023-05-06T23:35:10.347+0000] {dag.py:2726} INFO - Sync 1 DAGs
[2023-05-06T23:35:10.373+0000] {logging_mixin.py:149} INFO - [2023-05-06T23:35:10.373+0000] {dag.py:3490} INFO - Setting next_dagrun for example_short_circuit_decorator to 2023-05-05T23:35:10.373174+00:00, run_after=2023-05-06T23:35:10.373174+00:00
[2023-05-06T23:35:10.390+0000] {processor.py:178} INFO - Processing /home/airflow/.local/lib/python3.7/site-packages/airflow/example_dags/example_short_circuit_decorator.py took 0.078 seconds
[2023-05-06T23:35:40.796+0000] {processor.py:156} INFO - Started process (PID=1256) to work on /home/airflow/.local/lib/python3.7/site-packages/airflow/example_dags/example_short_circuit_decorator.py
[2023-05-06T23:35:40.797+0000] {processor.py:799} INFO - Processing file /home/airflow/.local/lib/python3.7/site-packages/airflow/example_dags/example_short_circuit_decorator.py for tasks to queue
[2023-05-06T23:35:40.798+0000] {logging_mixin.py:149} INFO - [2023-05-06T23:35:40.798+0000] {dagbag.py:541} INFO - Filling up the DagBag from /home/airflow/.local/lib/python3.7/site-packages/airflow/example_dags/example_short_circuit_decorator.py
[2023-05-06T23:35:40.805+0000] {processor.py:809} INFO - DAG(s) dict_keys(['example_short_circuit_decorator']) retrieved from /home/airflow/.local/lib/python3.7/site-packages/airflow/example_dags/example_short_circuit_decorator.py
[2023-05-06T23:35:40.832+0000] {logging_mixin.py:149} INFO - [2023-05-06T23:35:40.832+0000] {dag.py:2726} INFO - Sync 1 DAGs
[2023-05-06T23:35:40.856+0000] {logging_mixin.py:149} INFO - [2023-05-06T23:35:40.856+0000] {dag.py:3490} INFO - Setting next_dagrun for example_short_circuit_decorator to 2023-05-05T23:35:40.855920+00:00, run_after=2023-05-06T23:35:40.855920+00:00
[2023-05-06T23:35:40.882+0000] {processor.py:178} INFO - Processing /home/airflow/.local/lib/python3.7/site-packages/airflow/example_dags/example_short_circuit_decorator.py took 0.088 seconds
[2023-05-06T23:36:11.222+0000] {processor.py:156} INFO - Started process (PID=1314) to work on /home/airflow/.local/lib/python3.7/site-packages/airflow/example_dags/example_short_circuit_decorator.py
[2023-05-06T23:36:11.222+0000] {processor.py:799} INFO - Processing file /home/airflow/.local/lib/python3.7/site-packages/airflow/example_dags/example_short_circuit_decorator.py for tasks to queue
[2023-05-06T23:36:11.223+0000] {logging_mixin.py:149} INFO - [2023-05-06T23:36:11.223+0000] {dagbag.py:541} INFO - Filling up the DagBag from /home/airflow/.local/lib/python3.7/site-packages/airflow/example_dags/example_short_circuit_decorator.py
[2023-05-06T23:36:11.231+0000] {processor.py:809} INFO - DAG(s) dict_keys(['example_short_circuit_decorator']) retrieved from /home/airflow/.local/lib/python3.7/site-packages/airflow/example_dags/example_short_circuit_decorator.py
[2023-05-06T23:36:11.254+0000] {logging_mixin.py:149} INFO - [2023-05-06T23:36:11.254+0000] {dag.py:2726} INFO - Sync 1 DAGs
[2023-05-06T23:36:11.278+0000] {logging_mixin.py:149} INFO - [2023-05-06T23:36:11.277+0000] {dag.py:3490} INFO - Setting next_dagrun for example_short_circuit_decorator to 2023-05-05T23:36:11.277699+00:00, run_after=2023-05-06T23:36:11.277699+00:00
[2023-05-06T23:36:11.296+0000] {processor.py:178} INFO - Processing /home/airflow/.local/lib/python3.7/site-packages/airflow/example_dags/example_short_circuit_decorator.py took 0.076 seconds
[2023-05-06T23:36:41.586+0000] {processor.py:156} INFO - Started process (PID=1372) to work on /home/airflow/.local/lib/python3.7/site-packages/airflow/example_dags/example_short_circuit_decorator.py
[2023-05-06T23:36:41.587+0000] {processor.py:799} INFO - Processing file /home/airflow/.local/lib/python3.7/site-packages/airflow/example_dags/example_short_circuit_decorator.py for tasks to queue
[2023-05-06T23:36:41.587+0000] {logging_mixin.py:149} INFO - [2023-05-06T23:36:41.587+0000] {dagbag.py:541} INFO - Filling up the DagBag from /home/airflow/.local/lib/python3.7/site-packages/airflow/example_dags/example_short_circuit_decorator.py
[2023-05-06T23:36:41.602+0000] {processor.py:809} INFO - DAG(s) dict_keys(['example_short_circuit_decorator']) retrieved from /home/airflow/.local/lib/python3.7/site-packages/airflow/example_dags/example_short_circuit_decorator.py
[2023-05-06T23:36:41.627+0000] {logging_mixin.py:149} INFO - [2023-05-06T23:36:41.627+0000] {dag.py:2726} INFO - Sync 1 DAGs
[2023-05-06T23:36:41.648+0000] {logging_mixin.py:149} INFO - [2023-05-06T23:36:41.648+0000] {dag.py:3490} INFO - Setting next_dagrun for example_short_circuit_decorator to 2023-05-05T23:36:41.648303+00:00, run_after=2023-05-06T23:36:41.648303+00:00
[2023-05-06T23:36:41.665+0000] {processor.py:178} INFO - Processing /home/airflow/.local/lib/python3.7/site-packages/airflow/example_dags/example_short_circuit_decorator.py took 0.084 seconds
[2023-05-06T23:37:12.338+0000] {processor.py:156} INFO - Started process (PID=1430) to work on /home/airflow/.local/lib/python3.7/site-packages/airflow/example_dags/example_short_circuit_decorator.py
[2023-05-06T23:37:12.339+0000] {processor.py:799} INFO - Processing file /home/airflow/.local/lib/python3.7/site-packages/airflow/example_dags/example_short_circuit_decorator.py for tasks to queue
[2023-05-06T23:37:12.340+0000] {logging_mixin.py:149} INFO - [2023-05-06T23:37:12.340+0000] {dagbag.py:541} INFO - Filling up the DagBag from /home/airflow/.local/lib/python3.7/site-packages/airflow/example_dags/example_short_circuit_decorator.py
[2023-05-06T23:37:12.355+0000] {processor.py:809} INFO - DAG(s) dict_keys(['example_short_circuit_decorator']) retrieved from /home/airflow/.local/lib/python3.7/site-packages/airflow/example_dags/example_short_circuit_decorator.py
[2023-05-06T23:37:12.379+0000] {logging_mixin.py:149} INFO - [2023-05-06T23:37:12.379+0000] {dag.py:2726} INFO - Sync 1 DAGs
[2023-05-06T23:37:12.401+0000] {logging_mixin.py:149} INFO - [2023-05-06T23:37:12.400+0000] {dag.py:3490} INFO - Setting next_dagrun for example_short_circuit_decorator to 2023-05-05T23:37:12.400776+00:00, run_after=2023-05-06T23:37:12.400776+00:00
[2023-05-06T23:37:12.418+0000] {processor.py:178} INFO - Processing /home/airflow/.local/lib/python3.7/site-packages/airflow/example_dags/example_short_circuit_decorator.py took 0.085 seconds
[2023-05-06T23:37:42.956+0000] {processor.py:156} INFO - Started process (PID=1488) to work on /home/airflow/.local/lib/python3.7/site-packages/airflow/example_dags/example_short_circuit_decorator.py
[2023-05-06T23:37:42.957+0000] {processor.py:799} INFO - Processing file /home/airflow/.local/lib/python3.7/site-packages/airflow/example_dags/example_short_circuit_decorator.py for tasks to queue
[2023-05-06T23:37:42.957+0000] {logging_mixin.py:149} INFO - [2023-05-06T23:37:42.957+0000] {dagbag.py:541} INFO - Filling up the DagBag from /home/airflow/.local/lib/python3.7/site-packages/airflow/example_dags/example_short_circuit_decorator.py
[2023-05-06T23:37:42.964+0000] {processor.py:809} INFO - DAG(s) dict_keys(['example_short_circuit_decorator']) retrieved from /home/airflow/.local/lib/python3.7/site-packages/airflow/example_dags/example_short_circuit_decorator.py
[2023-05-06T23:37:42.989+0000] {logging_mixin.py:149} INFO - [2023-05-06T23:37:42.989+0000] {dag.py:2726} INFO - Sync 1 DAGs
[2023-05-06T23:37:43.013+0000] {logging_mixin.py:149} INFO - [2023-05-06T23:37:43.013+0000] {dag.py:3490} INFO - Setting next_dagrun for example_short_circuit_decorator to 2023-05-05T23:37:43.013388+00:00, run_after=2023-05-06T23:37:43.013388+00:00
[2023-05-06T23:37:43.031+0000] {processor.py:178} INFO - Processing /home/airflow/.local/lib/python3.7/site-packages/airflow/example_dags/example_short_circuit_decorator.py took 0.076 seconds
[2023-05-06T23:38:13.508+0000] {processor.py:156} INFO - Started process (PID=1546) to work on /home/airflow/.local/lib/python3.7/site-packages/airflow/example_dags/example_short_circuit_decorator.py
[2023-05-06T23:38:13.509+0000] {processor.py:799} INFO - Processing file /home/airflow/.local/lib/python3.7/site-packages/airflow/example_dags/example_short_circuit_decorator.py for tasks to queue
[2023-05-06T23:38:13.509+0000] {logging_mixin.py:149} INFO - [2023-05-06T23:38:13.509+0000] {dagbag.py:541} INFO - Filling up the DagBag from /home/airflow/.local/lib/python3.7/site-packages/airflow/example_dags/example_short_circuit_decorator.py
[2023-05-06T23:38:13.516+0000] {processor.py:809} INFO - DAG(s) dict_keys(['example_short_circuit_decorator']) retrieved from /home/airflow/.local/lib/python3.7/site-packages/airflow/example_dags/example_short_circuit_decorator.py
[2023-05-06T23:38:13.538+0000] {logging_mixin.py:149} INFO - [2023-05-06T23:38:13.538+0000] {dag.py:2726} INFO - Sync 1 DAGs
[2023-05-06T23:38:13.560+0000] {logging_mixin.py:149} INFO - [2023-05-06T23:38:13.560+0000] {dag.py:3490} INFO - Setting next_dagrun for example_short_circuit_decorator to 2023-05-05T23:38:13.559976+00:00, run_after=2023-05-06T23:38:13.559976+00:00
[2023-05-06T23:38:13.577+0000] {processor.py:178} INFO - Processing /home/airflow/.local/lib/python3.7/site-packages/airflow/example_dags/example_short_circuit_decorator.py took 0.071 seconds
[2023-05-06T23:38:43.659+0000] {processor.py:156} INFO - Started process (PID=1604) to work on /home/airflow/.local/lib/python3.7/site-packages/airflow/example_dags/example_short_circuit_decorator.py
[2023-05-06T23:38:43.660+0000] {processor.py:799} INFO - Processing file /home/airflow/.local/lib/python3.7/site-packages/airflow/example_dags/example_short_circuit_decorator.py for tasks to queue
[2023-05-06T23:38:43.660+0000] {logging_mixin.py:149} INFO - [2023-05-06T23:38:43.660+0000] {dagbag.py:541} INFO - Filling up the DagBag from /home/airflow/.local/lib/python3.7/site-packages/airflow/example_dags/example_short_circuit_decorator.py
[2023-05-06T23:38:43.667+0000] {processor.py:809} INFO - DAG(s) dict_keys(['example_short_circuit_decorator']) retrieved from /home/airflow/.local/lib/python3.7/site-packages/airflow/example_dags/example_short_circuit_decorator.py
[2023-05-06T23:38:43.689+0000] {logging_mixin.py:149} INFO - [2023-05-06T23:38:43.689+0000] {dag.py:2726} INFO - Sync 1 DAGs
[2023-05-06T23:38:43.713+0000] {logging_mixin.py:149} INFO - [2023-05-06T23:38:43.713+0000] {dag.py:3490} INFO - Setting next_dagrun for example_short_circuit_decorator to 2023-05-05T23:38:43.713357+00:00, run_after=2023-05-06T23:38:43.713357+00:00
[2023-05-06T23:38:43.733+0000] {processor.py:178} INFO - Processing /home/airflow/.local/lib/python3.7/site-packages/airflow/example_dags/example_short_circuit_decorator.py took 0.076 seconds
[2023-05-06T23:39:13.855+0000] {processor.py:156} INFO - Started process (PID=1662) to work on /home/airflow/.local/lib/python3.7/site-packages/airflow/example_dags/example_short_circuit_decorator.py
[2023-05-06T23:39:13.856+0000] {processor.py:799} INFO - Processing file /home/airflow/.local/lib/python3.7/site-packages/airflow/example_dags/example_short_circuit_decorator.py for tasks to queue
[2023-05-06T23:39:13.857+0000] {logging_mixin.py:149} INFO - [2023-05-06T23:39:13.857+0000] {dagbag.py:541} INFO - Filling up the DagBag from /home/airflow/.local/lib/python3.7/site-packages/airflow/example_dags/example_short_circuit_decorator.py
[2023-05-06T23:39:13.863+0000] {processor.py:809} INFO - DAG(s) dict_keys(['example_short_circuit_decorator']) retrieved from /home/airflow/.local/lib/python3.7/site-packages/airflow/example_dags/example_short_circuit_decorator.py
[2023-05-06T23:39:13.885+0000] {logging_mixin.py:149} INFO - [2023-05-06T23:39:13.885+0000] {dag.py:2726} INFO - Sync 1 DAGs
[2023-05-06T23:39:13.908+0000] {logging_mixin.py:149} INFO - [2023-05-06T23:39:13.908+0000] {dag.py:3490} INFO - Setting next_dagrun for example_short_circuit_decorator to 2023-05-05T23:39:13.908342+00:00, run_after=2023-05-06T23:39:13.908342+00:00
[2023-05-06T23:39:13.927+0000] {processor.py:178} INFO - Processing /home/airflow/.local/lib/python3.7/site-packages/airflow/example_dags/example_short_circuit_decorator.py took 0.074 seconds
[2023-05-06T23:39:44.197+0000] {processor.py:156} INFO - Started process (PID=1721) to work on /home/airflow/.local/lib/python3.7/site-packages/airflow/example_dags/example_short_circuit_decorator.py
[2023-05-06T23:39:44.197+0000] {processor.py:799} INFO - Processing file /home/airflow/.local/lib/python3.7/site-packages/airflow/example_dags/example_short_circuit_decorator.py for tasks to queue
[2023-05-06T23:39:44.198+0000] {logging_mixin.py:149} INFO - [2023-05-06T23:39:44.198+0000] {dagbag.py:541} INFO - Filling up the DagBag from /home/airflow/.local/lib/python3.7/site-packages/airflow/example_dags/example_short_circuit_decorator.py
[2023-05-06T23:39:44.204+0000] {processor.py:809} INFO - DAG(s) dict_keys(['example_short_circuit_decorator']) retrieved from /home/airflow/.local/lib/python3.7/site-packages/airflow/example_dags/example_short_circuit_decorator.py
[2023-05-06T23:39:44.227+0000] {logging_mixin.py:149} INFO - [2023-05-06T23:39:44.227+0000] {dag.py:2726} INFO - Sync 1 DAGs
[2023-05-06T23:39:44.250+0000] {logging_mixin.py:149} INFO - [2023-05-06T23:39:44.249+0000] {dag.py:3490} INFO - Setting next_dagrun for example_short_circuit_decorator to 2023-05-05T23:39:44.249647+00:00, run_after=2023-05-06T23:39:44.249647+00:00
[2023-05-06T23:39:44.267+0000] {processor.py:178} INFO - Processing /home/airflow/.local/lib/python3.7/site-packages/airflow/example_dags/example_short_circuit_decorator.py took 0.072 seconds
[2023-05-06T23:40:14.543+0000] {processor.py:156} INFO - Started process (PID=1779) to work on /home/airflow/.local/lib/python3.7/site-packages/airflow/example_dags/example_short_circuit_decorator.py
[2023-05-06T23:40:14.543+0000] {processor.py:799} INFO - Processing file /home/airflow/.local/lib/python3.7/site-packages/airflow/example_dags/example_short_circuit_decorator.py for tasks to queue
[2023-05-06T23:40:14.544+0000] {logging_mixin.py:149} INFO - [2023-05-06T23:40:14.544+0000] {dagbag.py:541} INFO - Filling up the DagBag from /home/airflow/.local/lib/python3.7/site-packages/airflow/example_dags/example_short_circuit_decorator.py
[2023-05-06T23:40:14.551+0000] {processor.py:809} INFO - DAG(s) dict_keys(['example_short_circuit_decorator']) retrieved from /home/airflow/.local/lib/python3.7/site-packages/airflow/example_dags/example_short_circuit_decorator.py
[2023-05-06T23:40:14.574+0000] {logging_mixin.py:149} INFO - [2023-05-06T23:40:14.573+0000] {dag.py:2726} INFO - Sync 1 DAGs
[2023-05-06T23:40:14.596+0000] {logging_mixin.py:149} INFO - [2023-05-06T23:40:14.596+0000] {dag.py:3490} INFO - Setting next_dagrun for example_short_circuit_decorator to 2023-05-05T23:40:14.596070+00:00, run_after=2023-05-06T23:40:14.596070+00:00
[2023-05-06T23:40:14.613+0000] {processor.py:178} INFO - Processing /home/airflow/.local/lib/python3.7/site-packages/airflow/example_dags/example_short_circuit_decorator.py took 0.073 seconds
[2023-05-06T23:40:44.837+0000] {processor.py:156} INFO - Started process (PID=1838) to work on /home/airflow/.local/lib/python3.7/site-packages/airflow/example_dags/example_short_circuit_decorator.py
[2023-05-06T23:40:44.838+0000] {processor.py:799} INFO - Processing file /home/airflow/.local/lib/python3.7/site-packages/airflow/example_dags/example_short_circuit_decorator.py for tasks to queue
[2023-05-06T23:40:44.839+0000] {logging_mixin.py:149} INFO - [2023-05-06T23:40:44.839+0000] {dagbag.py:541} INFO - Filling up the DagBag from /home/airflow/.local/lib/python3.7/site-packages/airflow/example_dags/example_short_circuit_decorator.py
[2023-05-06T23:40:44.847+0000] {processor.py:809} INFO - DAG(s) dict_keys(['example_short_circuit_decorator']) retrieved from /home/airflow/.local/lib/python3.7/site-packages/airflow/example_dags/example_short_circuit_decorator.py
[2023-05-06T23:40:44.872+0000] {logging_mixin.py:149} INFO - [2023-05-06T23:40:44.871+0000] {dag.py:2726} INFO - Sync 1 DAGs
[2023-05-06T23:40:44.897+0000] {logging_mixin.py:149} INFO - [2023-05-06T23:40:44.896+0000] {dag.py:3490} INFO - Setting next_dagrun for example_short_circuit_decorator to 2023-05-05T23:40:44.896785+00:00, run_after=2023-05-06T23:40:44.896785+00:00
[2023-05-06T23:40:44.916+0000] {processor.py:178} INFO - Processing /home/airflow/.local/lib/python3.7/site-packages/airflow/example_dags/example_short_circuit_decorator.py took 0.082 seconds
[2023-05-06T23:41:15.200+0000] {processor.py:156} INFO - Started process (PID=1896) to work on /home/airflow/.local/lib/python3.7/site-packages/airflow/example_dags/example_short_circuit_decorator.py
[2023-05-06T23:41:15.201+0000] {processor.py:799} INFO - Processing file /home/airflow/.local/lib/python3.7/site-packages/airflow/example_dags/example_short_circuit_decorator.py for tasks to queue
[2023-05-06T23:41:15.201+0000] {logging_mixin.py:149} INFO - [2023-05-06T23:41:15.201+0000] {dagbag.py:541} INFO - Filling up the DagBag from /home/airflow/.local/lib/python3.7/site-packages/airflow/example_dags/example_short_circuit_decorator.py
[2023-05-06T23:41:15.209+0000] {processor.py:809} INFO - DAG(s) dict_keys(['example_short_circuit_decorator']) retrieved from /home/airflow/.local/lib/python3.7/site-packages/airflow/example_dags/example_short_circuit_decorator.py
[2023-05-06T23:41:15.231+0000] {logging_mixin.py:149} INFO - [2023-05-06T23:41:15.230+0000] {dag.py:2726} INFO - Sync 1 DAGs
[2023-05-06T23:41:15.254+0000] {logging_mixin.py:149} INFO - [2023-05-06T23:41:15.254+0000] {dag.py:3490} INFO - Setting next_dagrun for example_short_circuit_decorator to 2023-05-05T23:41:15.253888+00:00, run_after=2023-05-06T23:41:15.253888+00:00
[2023-05-06T23:41:15.273+0000] {processor.py:178} INFO - Processing /home/airflow/.local/lib/python3.7/site-packages/airflow/example_dags/example_short_circuit_decorator.py took 0.075 seconds
[2023-05-06T23:41:45.525+0000] {processor.py:156} INFO - Started process (PID=1954) to work on /home/airflow/.local/lib/python3.7/site-packages/airflow/example_dags/example_short_circuit_decorator.py
[2023-05-06T23:41:45.525+0000] {processor.py:799} INFO - Processing file /home/airflow/.local/lib/python3.7/site-packages/airflow/example_dags/example_short_circuit_decorator.py for tasks to queue
[2023-05-06T23:41:45.526+0000] {logging_mixin.py:149} INFO - [2023-05-06T23:41:45.526+0000] {dagbag.py:541} INFO - Filling up the DagBag from /home/airflow/.local/lib/python3.7/site-packages/airflow/example_dags/example_short_circuit_decorator.py
[2023-05-06T23:41:45.532+0000] {processor.py:809} INFO - DAG(s) dict_keys(['example_short_circuit_decorator']) retrieved from /home/airflow/.local/lib/python3.7/site-packages/airflow/example_dags/example_short_circuit_decorator.py
[2023-05-06T23:41:45.554+0000] {logging_mixin.py:149} INFO - [2023-05-06T23:41:45.554+0000] {dag.py:2726} INFO - Sync 1 DAGs
[2023-05-06T23:41:45.578+0000] {logging_mixin.py:149} INFO - [2023-05-06T23:41:45.577+0000] {dag.py:3490} INFO - Setting next_dagrun for example_short_circuit_decorator to 2023-05-05T23:41:45.577474+00:00, run_after=2023-05-06T23:41:45.577474+00:00
[2023-05-06T23:41:45.597+0000] {processor.py:178} INFO - Processing /home/airflow/.local/lib/python3.7/site-packages/airflow/example_dags/example_short_circuit_decorator.py took 0.074 seconds
[2023-05-06T23:42:15.816+0000] {processor.py:156} INFO - Started process (PID=2012) to work on /home/airflow/.local/lib/python3.7/site-packages/airflow/example_dags/example_short_circuit_decorator.py
[2023-05-06T23:42:15.816+0000] {processor.py:799} INFO - Processing file /home/airflow/.local/lib/python3.7/site-packages/airflow/example_dags/example_short_circuit_decorator.py for tasks to queue
[2023-05-06T23:42:15.817+0000] {logging_mixin.py:149} INFO - [2023-05-06T23:42:15.817+0000] {dagbag.py:541} INFO - Filling up the DagBag from /home/airflow/.local/lib/python3.7/site-packages/airflow/example_dags/example_short_circuit_decorator.py
[2023-05-06T23:42:15.824+0000] {processor.py:809} INFO - DAG(s) dict_keys(['example_short_circuit_decorator']) retrieved from /home/airflow/.local/lib/python3.7/site-packages/airflow/example_dags/example_short_circuit_decorator.py
[2023-05-06T23:42:15.847+0000] {logging_mixin.py:149} INFO - [2023-05-06T23:42:15.847+0000] {dag.py:2726} INFO - Sync 1 DAGs
[2023-05-06T23:42:15.871+0000] {logging_mixin.py:149} INFO - [2023-05-06T23:42:15.871+0000] {dag.py:3490} INFO - Setting next_dagrun for example_short_circuit_decorator to 2023-05-05T23:42:15.871036+00:00, run_after=2023-05-06T23:42:15.871036+00:00
[2023-05-06T23:42:15.890+0000] {processor.py:178} INFO - Processing /home/airflow/.local/lib/python3.7/site-packages/airflow/example_dags/example_short_circuit_decorator.py took 0.077 seconds
[2023-05-06T23:42:46.243+0000] {processor.py:156} INFO - Started process (PID=2070) to work on /home/airflow/.local/lib/python3.7/site-packages/airflow/example_dags/example_short_circuit_decorator.py
[2023-05-06T23:42:46.244+0000] {processor.py:799} INFO - Processing file /home/airflow/.local/lib/python3.7/site-packages/airflow/example_dags/example_short_circuit_decorator.py for tasks to queue
[2023-05-06T23:42:46.244+0000] {logging_mixin.py:149} INFO - [2023-05-06T23:42:46.244+0000] {dagbag.py:541} INFO - Filling up the DagBag from /home/airflow/.local/lib/python3.7/site-packages/airflow/example_dags/example_short_circuit_decorator.py
[2023-05-06T23:42:46.251+0000] {processor.py:809} INFO - DAG(s) dict_keys(['example_short_circuit_decorator']) retrieved from /home/airflow/.local/lib/python3.7/site-packages/airflow/example_dags/example_short_circuit_decorator.py
[2023-05-06T23:42:46.277+0000] {logging_mixin.py:149} INFO - [2023-05-06T23:42:46.277+0000] {dag.py:2726} INFO - Sync 1 DAGs
[2023-05-06T23:42:46.302+0000] {logging_mixin.py:149} INFO - [2023-05-06T23:42:46.302+0000] {dag.py:3490} INFO - Setting next_dagrun for example_short_circuit_decorator to 2023-05-05T23:42:46.301836+00:00, run_after=2023-05-06T23:42:46.301836+00:00
[2023-05-06T23:42:46.321+0000] {processor.py:178} INFO - Processing /home/airflow/.local/lib/python3.7/site-packages/airflow/example_dags/example_short_circuit_decorator.py took 0.081 seconds
[2023-05-06T23:43:16.721+0000] {processor.py:156} INFO - Started process (PID=2128) to work on /home/airflow/.local/lib/python3.7/site-packages/airflow/example_dags/example_short_circuit_decorator.py
[2023-05-06T23:43:16.722+0000] {processor.py:799} INFO - Processing file /home/airflow/.local/lib/python3.7/site-packages/airflow/example_dags/example_short_circuit_decorator.py for tasks to queue
[2023-05-06T23:43:16.722+0000] {logging_mixin.py:149} INFO - [2023-05-06T23:43:16.722+0000] {dagbag.py:541} INFO - Filling up the DagBag from /home/airflow/.local/lib/python3.7/site-packages/airflow/example_dags/example_short_circuit_decorator.py
[2023-05-06T23:43:16.730+0000] {processor.py:809} INFO - DAG(s) dict_keys(['example_short_circuit_decorator']) retrieved from /home/airflow/.local/lib/python3.7/site-packages/airflow/example_dags/example_short_circuit_decorator.py
[2023-05-06T23:43:16.751+0000] {logging_mixin.py:149} INFO - [2023-05-06T23:43:16.751+0000] {dag.py:2726} INFO - Sync 1 DAGs
[2023-05-06T23:43:16.774+0000] {logging_mixin.py:149} INFO - [2023-05-06T23:43:16.774+0000] {dag.py:3490} INFO - Setting next_dagrun for example_short_circuit_decorator to 2023-05-05T23:43:16.774291+00:00, run_after=2023-05-06T23:43:16.774291+00:00
[2023-05-06T23:43:16.792+0000] {processor.py:178} INFO - Processing /home/airflow/.local/lib/python3.7/site-packages/airflow/example_dags/example_short_circuit_decorator.py took 0.073 seconds
