[2023-05-06T23:25:03.836+0000] {processor.py:156} INFO - Started process (PID=65) to work on /home/airflow/.local/lib/python3.7/site-packages/airflow/example_dags/example_nested_branch_dag.py
[2023-05-06T23:25:03.837+0000] {processor.py:799} INFO - Processing file /home/airflow/.local/lib/python3.7/site-packages/airflow/example_dags/example_nested_branch_dag.py for tasks to queue
[2023-05-06T23:25:03.838+0000] {logging_mixin.py:149} INFO - [2023-05-06T23:25:03.838+0000] {dagbag.py:541} INFO - Filling up the DagBag from /home/airflow/.local/lib/python3.7/site-packages/airflow/example_dags/example_nested_branch_dag.py
[2023-05-06T23:25:03.848+0000] {processor.py:809} INFO - DAG(s) dict_keys(['example_nested_branch_dag']) retrieved from /home/airflow/.local/lib/python3.7/site-packages/airflow/example_dags/example_nested_branch_dag.py
[2023-05-06T23:25:03.862+0000] {logging_mixin.py:149} INFO - [2023-05-06T23:25:03.861+0000] {dag.py:2726} INFO - Sync 1 DAGs
[2023-05-06T23:25:03.891+0000] {logging_mixin.py:149} INFO - [2023-05-06T23:25:03.891+0000] {dag.py:3490} INFO - Setting next_dagrun for example_nested_branch_dag to 2023-05-05T00:00:00+00:00, run_after=2023-05-06T00:00:00+00:00
[2023-05-06T23:25:03.911+0000] {processor.py:178} INFO - Processing /home/airflow/.local/lib/python3.7/site-packages/airflow/example_dags/example_nested_branch_dag.py took 0.078 seconds
[2023-05-06T23:25:34.638+0000] {processor.py:156} INFO - Started process (PID=123) to work on /home/airflow/.local/lib/python3.7/site-packages/airflow/example_dags/example_nested_branch_dag.py
[2023-05-06T23:25:34.639+0000] {processor.py:799} INFO - Processing file /home/airflow/.local/lib/python3.7/site-packages/airflow/example_dags/example_nested_branch_dag.py for tasks to queue
[2023-05-06T23:25:34.639+0000] {logging_mixin.py:149} INFO - [2023-05-06T23:25:34.639+0000] {dagbag.py:541} INFO - Filling up the DagBag from /home/airflow/.local/lib/python3.7/site-packages/airflow/example_dags/example_nested_branch_dag.py
[2023-05-06T23:25:34.647+0000] {processor.py:809} INFO - DAG(s) dict_keys(['example_nested_branch_dag']) retrieved from /home/airflow/.local/lib/python3.7/site-packages/airflow/example_dags/example_nested_branch_dag.py
[2023-05-06T23:25:34.679+0000] {logging_mixin.py:149} INFO - [2023-05-06T23:25:34.678+0000] {dag.py:2726} INFO - Sync 1 DAGs
[2023-05-06T23:25:34.711+0000] {logging_mixin.py:149} INFO - [2023-05-06T23:25:34.710+0000] {dag.py:3490} INFO - Setting next_dagrun for example_nested_branch_dag to 2023-05-05T00:00:00+00:00, run_after=2023-05-06T00:00:00+00:00
[2023-05-06T23:25:34.731+0000] {processor.py:178} INFO - Processing /home/airflow/.local/lib/python3.7/site-packages/airflow/example_dags/example_nested_branch_dag.py took 0.095 seconds
[2023-05-06T23:26:05.597+0000] {processor.py:156} INFO - Started process (PID=181) to work on /home/airflow/.local/lib/python3.7/site-packages/airflow/example_dags/example_nested_branch_dag.py
[2023-05-06T23:26:05.597+0000] {processor.py:799} INFO - Processing file /home/airflow/.local/lib/python3.7/site-packages/airflow/example_dags/example_nested_branch_dag.py for tasks to queue
[2023-05-06T23:26:05.598+0000] {logging_mixin.py:149} INFO - [2023-05-06T23:26:05.598+0000] {dagbag.py:541} INFO - Filling up the DagBag from /home/airflow/.local/lib/python3.7/site-packages/airflow/example_dags/example_nested_branch_dag.py
[2023-05-06T23:26:05.605+0000] {processor.py:809} INFO - DAG(s) dict_keys(['example_nested_branch_dag']) retrieved from /home/airflow/.local/lib/python3.7/site-packages/airflow/example_dags/example_nested_branch_dag.py
[2023-05-06T23:26:05.625+0000] {logging_mixin.py:149} INFO - [2023-05-06T23:26:05.625+0000] {dag.py:2726} INFO - Sync 1 DAGs
[2023-05-06T23:26:05.650+0000] {logging_mixin.py:149} INFO - [2023-05-06T23:26:05.650+0000] {dag.py:3490} INFO - Setting next_dagrun for example_nested_branch_dag to 2023-05-05T00:00:00+00:00, run_after=2023-05-06T00:00:00+00:00
[2023-05-06T23:26:05.669+0000] {processor.py:178} INFO - Processing /home/airflow/.local/lib/python3.7/site-packages/airflow/example_dags/example_nested_branch_dag.py took 0.074 seconds
[2023-05-06T23:26:36.154+0000] {processor.py:156} INFO - Started process (PID=238) to work on /home/airflow/.local/lib/python3.7/site-packages/airflow/example_dags/example_nested_branch_dag.py
[2023-05-06T23:26:36.155+0000] {processor.py:799} INFO - Processing file /home/airflow/.local/lib/python3.7/site-packages/airflow/example_dags/example_nested_branch_dag.py for tasks to queue
[2023-05-06T23:26:36.155+0000] {logging_mixin.py:149} INFO - [2023-05-06T23:26:36.155+0000] {dagbag.py:541} INFO - Filling up the DagBag from /home/airflow/.local/lib/python3.7/site-packages/airflow/example_dags/example_nested_branch_dag.py
[2023-05-06T23:26:36.162+0000] {processor.py:809} INFO - DAG(s) dict_keys(['example_nested_branch_dag']) retrieved from /home/airflow/.local/lib/python3.7/site-packages/airflow/example_dags/example_nested_branch_dag.py
[2023-05-06T23:26:36.201+0000] {logging_mixin.py:149} INFO - [2023-05-06T23:26:36.200+0000] {dag.py:2726} INFO - Sync 1 DAGs
[2023-05-06T23:26:36.229+0000] {logging_mixin.py:149} INFO - [2023-05-06T23:26:36.229+0000] {dag.py:3490} INFO - Setting next_dagrun for example_nested_branch_dag to 2023-05-05T00:00:00+00:00, run_after=2023-05-06T00:00:00+00:00
[2023-05-06T23:26:36.246+0000] {processor.py:178} INFO - Processing /home/airflow/.local/lib/python3.7/site-packages/airflow/example_dags/example_nested_branch_dag.py took 0.094 seconds
[2023-05-06T23:27:06.787+0000] {processor.py:156} INFO - Started process (PID=296) to work on /home/airflow/.local/lib/python3.7/site-packages/airflow/example_dags/example_nested_branch_dag.py
[2023-05-06T23:27:06.788+0000] {processor.py:799} INFO - Processing file /home/airflow/.local/lib/python3.7/site-packages/airflow/example_dags/example_nested_branch_dag.py for tasks to queue
[2023-05-06T23:27:06.789+0000] {logging_mixin.py:149} INFO - [2023-05-06T23:27:06.789+0000] {dagbag.py:541} INFO - Filling up the DagBag from /home/airflow/.local/lib/python3.7/site-packages/airflow/example_dags/example_nested_branch_dag.py
[2023-05-06T23:27:06.806+0000] {processor.py:809} INFO - DAG(s) dict_keys(['example_nested_branch_dag']) retrieved from /home/airflow/.local/lib/python3.7/site-packages/airflow/example_dags/example_nested_branch_dag.py
[2023-05-06T23:27:06.829+0000] {logging_mixin.py:149} INFO - [2023-05-06T23:27:06.829+0000] {dag.py:2726} INFO - Sync 1 DAGs
[2023-05-06T23:27:06.856+0000] {logging_mixin.py:149} INFO - [2023-05-06T23:27:06.855+0000] {dag.py:3490} INFO - Setting next_dagrun for example_nested_branch_dag to 2023-05-05T00:00:00+00:00, run_after=2023-05-06T00:00:00+00:00
[2023-05-06T23:27:06.875+0000] {processor.py:178} INFO - Processing /home/airflow/.local/lib/python3.7/site-packages/airflow/example_dags/example_nested_branch_dag.py took 0.093 seconds
[2023-05-06T23:27:37.238+0000] {processor.py:156} INFO - Started process (PID=354) to work on /home/airflow/.local/lib/python3.7/site-packages/airflow/example_dags/example_nested_branch_dag.py
[2023-05-06T23:27:37.239+0000] {processor.py:799} INFO - Processing file /home/airflow/.local/lib/python3.7/site-packages/airflow/example_dags/example_nested_branch_dag.py for tasks to queue
[2023-05-06T23:27:37.239+0000] {logging_mixin.py:149} INFO - [2023-05-06T23:27:37.239+0000] {dagbag.py:541} INFO - Filling up the DagBag from /home/airflow/.local/lib/python3.7/site-packages/airflow/example_dags/example_nested_branch_dag.py
[2023-05-06T23:27:37.246+0000] {processor.py:809} INFO - DAG(s) dict_keys(['example_nested_branch_dag']) retrieved from /home/airflow/.local/lib/python3.7/site-packages/airflow/example_dags/example_nested_branch_dag.py
[2023-05-06T23:27:37.269+0000] {logging_mixin.py:149} INFO - [2023-05-06T23:27:37.269+0000] {dag.py:2726} INFO - Sync 1 DAGs
[2023-05-06T23:27:37.293+0000] {logging_mixin.py:149} INFO - [2023-05-06T23:27:37.292+0000] {dag.py:3490} INFO - Setting next_dagrun for example_nested_branch_dag to 2023-05-05T00:00:00+00:00, run_after=2023-05-06T00:00:00+00:00
[2023-05-06T23:27:37.312+0000] {processor.py:178} INFO - Processing /home/airflow/.local/lib/python3.7/site-packages/airflow/example_dags/example_nested_branch_dag.py took 0.076 seconds
[2023-05-06T23:28:07.584+0000] {processor.py:156} INFO - Started process (PID=412) to work on /home/airflow/.local/lib/python3.7/site-packages/airflow/example_dags/example_nested_branch_dag.py
[2023-05-06T23:28:07.584+0000] {processor.py:799} INFO - Processing file /home/airflow/.local/lib/python3.7/site-packages/airflow/example_dags/example_nested_branch_dag.py for tasks to queue
[2023-05-06T23:28:07.585+0000] {logging_mixin.py:149} INFO - [2023-05-06T23:28:07.585+0000] {dagbag.py:541} INFO - Filling up the DagBag from /home/airflow/.local/lib/python3.7/site-packages/airflow/example_dags/example_nested_branch_dag.py
[2023-05-06T23:28:07.593+0000] {processor.py:809} INFO - DAG(s) dict_keys(['example_nested_branch_dag']) retrieved from /home/airflow/.local/lib/python3.7/site-packages/airflow/example_dags/example_nested_branch_dag.py
[2023-05-06T23:28:07.614+0000] {logging_mixin.py:149} INFO - [2023-05-06T23:28:07.613+0000] {dag.py:2726} INFO - Sync 1 DAGs
[2023-05-06T23:28:07.636+0000] {logging_mixin.py:149} INFO - [2023-05-06T23:28:07.636+0000] {dag.py:3490} INFO - Setting next_dagrun for example_nested_branch_dag to 2023-05-05T00:00:00+00:00, run_after=2023-05-06T00:00:00+00:00
[2023-05-06T23:28:07.655+0000] {processor.py:178} INFO - Processing /home/airflow/.local/lib/python3.7/site-packages/airflow/example_dags/example_nested_branch_dag.py took 0.073 seconds
[2023-05-06T23:28:37.958+0000] {processor.py:156} INFO - Started process (PID=470) to work on /home/airflow/.local/lib/python3.7/site-packages/airflow/example_dags/example_nested_branch_dag.py
[2023-05-06T23:28:37.959+0000] {processor.py:799} INFO - Processing file /home/airflow/.local/lib/python3.7/site-packages/airflow/example_dags/example_nested_branch_dag.py for tasks to queue
[2023-05-06T23:28:37.959+0000] {logging_mixin.py:149} INFO - [2023-05-06T23:28:37.959+0000] {dagbag.py:541} INFO - Filling up the DagBag from /home/airflow/.local/lib/python3.7/site-packages/airflow/example_dags/example_nested_branch_dag.py
[2023-05-06T23:28:37.966+0000] {processor.py:809} INFO - DAG(s) dict_keys(['example_nested_branch_dag']) retrieved from /home/airflow/.local/lib/python3.7/site-packages/airflow/example_dags/example_nested_branch_dag.py
[2023-05-06T23:28:37.987+0000] {logging_mixin.py:149} INFO - [2023-05-06T23:28:37.987+0000] {dag.py:2726} INFO - Sync 1 DAGs
[2023-05-06T23:28:38.012+0000] {logging_mixin.py:149} INFO - [2023-05-06T23:28:38.012+0000] {dag.py:3490} INFO - Setting next_dagrun for example_nested_branch_dag to 2023-05-05T00:00:00+00:00, run_after=2023-05-06T00:00:00+00:00
[2023-05-06T23:28:38.030+0000] {processor.py:178} INFO - Processing /home/airflow/.local/lib/python3.7/site-packages/airflow/example_dags/example_nested_branch_dag.py took 0.074 seconds
[2023-05-06T23:29:08.459+0000] {processor.py:156} INFO - Started process (PID=529) to work on /home/airflow/.local/lib/python3.7/site-packages/airflow/example_dags/example_nested_branch_dag.py
[2023-05-06T23:29:08.460+0000] {processor.py:799} INFO - Processing file /home/airflow/.local/lib/python3.7/site-packages/airflow/example_dags/example_nested_branch_dag.py for tasks to queue
[2023-05-06T23:29:08.461+0000] {logging_mixin.py:149} INFO - [2023-05-06T23:29:08.460+0000] {dagbag.py:541} INFO - Filling up the DagBag from /home/airflow/.local/lib/python3.7/site-packages/airflow/example_dags/example_nested_branch_dag.py
[2023-05-06T23:29:08.468+0000] {processor.py:809} INFO - DAG(s) dict_keys(['example_nested_branch_dag']) retrieved from /home/airflow/.local/lib/python3.7/site-packages/airflow/example_dags/example_nested_branch_dag.py
[2023-05-06T23:29:08.489+0000] {logging_mixin.py:149} INFO - [2023-05-06T23:29:08.489+0000] {dag.py:2726} INFO - Sync 1 DAGs
[2023-05-06T23:29:08.515+0000] {logging_mixin.py:149} INFO - [2023-05-06T23:29:08.515+0000] {dag.py:3490} INFO - Setting next_dagrun for example_nested_branch_dag to 2023-05-05T00:00:00+00:00, run_after=2023-05-06T00:00:00+00:00
[2023-05-06T23:29:08.534+0000] {processor.py:178} INFO - Processing /home/airflow/.local/lib/python3.7/site-packages/airflow/example_dags/example_nested_branch_dag.py took 0.076 seconds
[2023-05-06T23:29:38.877+0000] {processor.py:156} INFO - Started process (PID=587) to work on /home/airflow/.local/lib/python3.7/site-packages/airflow/example_dags/example_nested_branch_dag.py
[2023-05-06T23:29:38.878+0000] {processor.py:799} INFO - Processing file /home/airflow/.local/lib/python3.7/site-packages/airflow/example_dags/example_nested_branch_dag.py for tasks to queue
[2023-05-06T23:29:38.878+0000] {logging_mixin.py:149} INFO - [2023-05-06T23:29:38.878+0000] {dagbag.py:541} INFO - Filling up the DagBag from /home/airflow/.local/lib/python3.7/site-packages/airflow/example_dags/example_nested_branch_dag.py
[2023-05-06T23:29:38.887+0000] {processor.py:809} INFO - DAG(s) dict_keys(['example_nested_branch_dag']) retrieved from /home/airflow/.local/lib/python3.7/site-packages/airflow/example_dags/example_nested_branch_dag.py
[2023-05-06T23:29:38.909+0000] {logging_mixin.py:149} INFO - [2023-05-06T23:29:38.909+0000] {dag.py:2726} INFO - Sync 1 DAGs
[2023-05-06T23:29:38.933+0000] {logging_mixin.py:149} INFO - [2023-05-06T23:29:38.933+0000] {dag.py:3490} INFO - Setting next_dagrun for example_nested_branch_dag to 2023-05-05T00:00:00+00:00, run_after=2023-05-06T00:00:00+00:00
[2023-05-06T23:29:38.954+0000] {processor.py:178} INFO - Processing /home/airflow/.local/lib/python3.7/site-packages/airflow/example_dags/example_nested_branch_dag.py took 0.080 seconds
[2023-05-06T23:30:09.478+0000] {processor.py:156} INFO - Started process (PID=645) to work on /home/airflow/.local/lib/python3.7/site-packages/airflow/example_dags/example_nested_branch_dag.py
[2023-05-06T23:30:09.479+0000] {processor.py:799} INFO - Processing file /home/airflow/.local/lib/python3.7/site-packages/airflow/example_dags/example_nested_branch_dag.py for tasks to queue
[2023-05-06T23:30:09.479+0000] {logging_mixin.py:149} INFO - [2023-05-06T23:30:09.479+0000] {dagbag.py:541} INFO - Filling up the DagBag from /home/airflow/.local/lib/python3.7/site-packages/airflow/example_dags/example_nested_branch_dag.py
[2023-05-06T23:30:09.486+0000] {processor.py:809} INFO - DAG(s) dict_keys(['example_nested_branch_dag']) retrieved from /home/airflow/.local/lib/python3.7/site-packages/airflow/example_dags/example_nested_branch_dag.py
[2023-05-06T23:30:09.507+0000] {logging_mixin.py:149} INFO - [2023-05-06T23:30:09.506+0000] {dag.py:2726} INFO - Sync 1 DAGs
[2023-05-06T23:30:09.532+0000] {logging_mixin.py:149} INFO - [2023-05-06T23:30:09.532+0000] {dag.py:3490} INFO - Setting next_dagrun for example_nested_branch_dag to 2023-05-05T00:00:00+00:00, run_after=2023-05-06T00:00:00+00:00
[2023-05-06T23:30:09.549+0000] {processor.py:178} INFO - Processing /home/airflow/.local/lib/python3.7/site-packages/airflow/example_dags/example_nested_branch_dag.py took 0.072 seconds
[2023-05-06T23:30:39.793+0000] {processor.py:156} INFO - Started process (PID=703) to work on /home/airflow/.local/lib/python3.7/site-packages/airflow/example_dags/example_nested_branch_dag.py
[2023-05-06T23:30:39.794+0000] {processor.py:799} INFO - Processing file /home/airflow/.local/lib/python3.7/site-packages/airflow/example_dags/example_nested_branch_dag.py for tasks to queue
[2023-05-06T23:30:39.795+0000] {logging_mixin.py:149} INFO - [2023-05-06T23:30:39.795+0000] {dagbag.py:541} INFO - Filling up the DagBag from /home/airflow/.local/lib/python3.7/site-packages/airflow/example_dags/example_nested_branch_dag.py
[2023-05-06T23:30:39.803+0000] {processor.py:809} INFO - DAG(s) dict_keys(['example_nested_branch_dag']) retrieved from /home/airflow/.local/lib/python3.7/site-packages/airflow/example_dags/example_nested_branch_dag.py
[2023-05-06T23:30:39.828+0000] {logging_mixin.py:149} INFO - [2023-05-06T23:30:39.828+0000] {dag.py:2726} INFO - Sync 1 DAGs
[2023-05-06T23:30:39.854+0000] {logging_mixin.py:149} INFO - [2023-05-06T23:30:39.854+0000] {dag.py:3490} INFO - Setting next_dagrun for example_nested_branch_dag to 2023-05-05T00:00:00+00:00, run_after=2023-05-06T00:00:00+00:00
[2023-05-06T23:30:39.871+0000] {processor.py:178} INFO - Processing /home/airflow/.local/lib/python3.7/site-packages/airflow/example_dags/example_nested_branch_dag.py took 0.081 seconds
[2023-05-06T23:31:10.233+0000] {processor.py:156} INFO - Started process (PID=760) to work on /home/airflow/.local/lib/python3.7/site-packages/airflow/example_dags/example_nested_branch_dag.py
[2023-05-06T23:31:10.233+0000] {processor.py:799} INFO - Processing file /home/airflow/.local/lib/python3.7/site-packages/airflow/example_dags/example_nested_branch_dag.py for tasks to queue
[2023-05-06T23:31:10.234+0000] {logging_mixin.py:149} INFO - [2023-05-06T23:31:10.233+0000] {dagbag.py:541} INFO - Filling up the DagBag from /home/airflow/.local/lib/python3.7/site-packages/airflow/example_dags/example_nested_branch_dag.py
[2023-05-06T23:31:10.241+0000] {processor.py:809} INFO - DAG(s) dict_keys(['example_nested_branch_dag']) retrieved from /home/airflow/.local/lib/python3.7/site-packages/airflow/example_dags/example_nested_branch_dag.py
[2023-05-06T23:31:10.261+0000] {logging_mixin.py:149} INFO - [2023-05-06T23:31:10.261+0000] {dag.py:2726} INFO - Sync 1 DAGs
[2023-05-06T23:31:10.286+0000] {logging_mixin.py:149} INFO - [2023-05-06T23:31:10.286+0000] {dag.py:3490} INFO - Setting next_dagrun for example_nested_branch_dag to 2023-05-05T00:00:00+00:00, run_after=2023-05-06T00:00:00+00:00
[2023-05-06T23:31:10.303+0000] {processor.py:178} INFO - Processing /home/airflow/.local/lib/python3.7/site-packages/airflow/example_dags/example_nested_branch_dag.py took 0.072 seconds
[2023-05-06T23:31:40.590+0000] {processor.py:156} INFO - Started process (PID=818) to work on /home/airflow/.local/lib/python3.7/site-packages/airflow/example_dags/example_nested_branch_dag.py
[2023-05-06T23:31:40.590+0000] {processor.py:799} INFO - Processing file /home/airflow/.local/lib/python3.7/site-packages/airflow/example_dags/example_nested_branch_dag.py for tasks to queue
[2023-05-06T23:31:40.591+0000] {logging_mixin.py:149} INFO - [2023-05-06T23:31:40.591+0000] {dagbag.py:541} INFO - Filling up the DagBag from /home/airflow/.local/lib/python3.7/site-packages/airflow/example_dags/example_nested_branch_dag.py
[2023-05-06T23:31:40.599+0000] {processor.py:809} INFO - DAG(s) dict_keys(['example_nested_branch_dag']) retrieved from /home/airflow/.local/lib/python3.7/site-packages/airflow/example_dags/example_nested_branch_dag.py
[2023-05-06T23:31:40.623+0000] {logging_mixin.py:149} INFO - [2023-05-06T23:31:40.622+0000] {dag.py:2726} INFO - Sync 1 DAGs
[2023-05-06T23:31:40.647+0000] {logging_mixin.py:149} INFO - [2023-05-06T23:31:40.647+0000] {dag.py:3490} INFO - Setting next_dagrun for example_nested_branch_dag to 2023-05-05T00:00:00+00:00, run_after=2023-05-06T00:00:00+00:00
[2023-05-06T23:31:40.666+0000] {processor.py:178} INFO - Processing /home/airflow/.local/lib/python3.7/site-packages/airflow/example_dags/example_nested_branch_dag.py took 0.079 seconds
[2023-05-06T23:32:11.189+0000] {processor.py:156} INFO - Started process (PID=876) to work on /home/airflow/.local/lib/python3.7/site-packages/airflow/example_dags/example_nested_branch_dag.py
[2023-05-06T23:32:11.190+0000] {processor.py:799} INFO - Processing file /home/airflow/.local/lib/python3.7/site-packages/airflow/example_dags/example_nested_branch_dag.py for tasks to queue
[2023-05-06T23:32:11.190+0000] {logging_mixin.py:149} INFO - [2023-05-06T23:32:11.190+0000] {dagbag.py:541} INFO - Filling up the DagBag from /home/airflow/.local/lib/python3.7/site-packages/airflow/example_dags/example_nested_branch_dag.py
[2023-05-06T23:32:11.198+0000] {processor.py:809} INFO - DAG(s) dict_keys(['example_nested_branch_dag']) retrieved from /home/airflow/.local/lib/python3.7/site-packages/airflow/example_dags/example_nested_branch_dag.py
[2023-05-06T23:32:11.219+0000] {logging_mixin.py:149} INFO - [2023-05-06T23:32:11.218+0000] {dag.py:2726} INFO - Sync 1 DAGs
[2023-05-06T23:32:11.244+0000] {logging_mixin.py:149} INFO - [2023-05-06T23:32:11.244+0000] {dag.py:3490} INFO - Setting next_dagrun for example_nested_branch_dag to 2023-05-05T00:00:00+00:00, run_after=2023-05-06T00:00:00+00:00
[2023-05-06T23:32:11.262+0000] {processor.py:178} INFO - Processing /home/airflow/.local/lib/python3.7/site-packages/airflow/example_dags/example_nested_branch_dag.py took 0.076 seconds
[2023-05-06T23:32:41.512+0000] {processor.py:156} INFO - Started process (PID=934) to work on /home/airflow/.local/lib/python3.7/site-packages/airflow/example_dags/example_nested_branch_dag.py
[2023-05-06T23:32:41.512+0000] {processor.py:799} INFO - Processing file /home/airflow/.local/lib/python3.7/site-packages/airflow/example_dags/example_nested_branch_dag.py for tasks to queue
[2023-05-06T23:32:41.513+0000] {logging_mixin.py:149} INFO - [2023-05-06T23:32:41.513+0000] {dagbag.py:541} INFO - Filling up the DagBag from /home/airflow/.local/lib/python3.7/site-packages/airflow/example_dags/example_nested_branch_dag.py
[2023-05-06T23:32:41.520+0000] {processor.py:809} INFO - DAG(s) dict_keys(['example_nested_branch_dag']) retrieved from /home/airflow/.local/lib/python3.7/site-packages/airflow/example_dags/example_nested_branch_dag.py
[2023-05-06T23:32:41.541+0000] {logging_mixin.py:149} INFO - [2023-05-06T23:32:41.541+0000] {dag.py:2726} INFO - Sync 1 DAGs
[2023-05-06T23:32:41.567+0000] {logging_mixin.py:149} INFO - [2023-05-06T23:32:41.567+0000] {dag.py:3490} INFO - Setting next_dagrun for example_nested_branch_dag to 2023-05-05T00:00:00+00:00, run_after=2023-05-06T00:00:00+00:00
[2023-05-06T23:32:41.584+0000] {processor.py:178} INFO - Processing /home/airflow/.local/lib/python3.7/site-packages/airflow/example_dags/example_nested_branch_dag.py took 0.074 seconds
[2023-05-06T23:33:11.949+0000] {processor.py:156} INFO - Started process (PID=992) to work on /home/airflow/.local/lib/python3.7/site-packages/airflow/example_dags/example_nested_branch_dag.py
[2023-05-06T23:33:11.950+0000] {processor.py:799} INFO - Processing file /home/airflow/.local/lib/python3.7/site-packages/airflow/example_dags/example_nested_branch_dag.py for tasks to queue
[2023-05-06T23:33:11.950+0000] {logging_mixin.py:149} INFO - [2023-05-06T23:33:11.950+0000] {dagbag.py:541} INFO - Filling up the DagBag from /home/airflow/.local/lib/python3.7/site-packages/airflow/example_dags/example_nested_branch_dag.py
[2023-05-06T23:33:11.958+0000] {processor.py:809} INFO - DAG(s) dict_keys(['example_nested_branch_dag']) retrieved from /home/airflow/.local/lib/python3.7/site-packages/airflow/example_dags/example_nested_branch_dag.py
[2023-05-06T23:33:11.978+0000] {logging_mixin.py:149} INFO - [2023-05-06T23:33:11.978+0000] {dag.py:2726} INFO - Sync 1 DAGs
[2023-05-06T23:33:12.001+0000] {logging_mixin.py:149} INFO - [2023-05-06T23:33:12.001+0000] {dag.py:3490} INFO - Setting next_dagrun for example_nested_branch_dag to 2023-05-05T00:00:00+00:00, run_after=2023-05-06T00:00:00+00:00
[2023-05-06T23:33:12.019+0000] {processor.py:178} INFO - Processing /home/airflow/.local/lib/python3.7/site-packages/airflow/example_dags/example_nested_branch_dag.py took 0.072 seconds
[2023-05-06T23:33:42.296+0000] {processor.py:156} INFO - Started process (PID=1051) to work on /home/airflow/.local/lib/python3.7/site-packages/airflow/example_dags/example_nested_branch_dag.py
[2023-05-06T23:33:42.297+0000] {processor.py:799} INFO - Processing file /home/airflow/.local/lib/python3.7/site-packages/airflow/example_dags/example_nested_branch_dag.py for tasks to queue
[2023-05-06T23:33:42.297+0000] {logging_mixin.py:149} INFO - [2023-05-06T23:33:42.297+0000] {dagbag.py:541} INFO - Filling up the DagBag from /home/airflow/.local/lib/python3.7/site-packages/airflow/example_dags/example_nested_branch_dag.py
[2023-05-06T23:33:42.304+0000] {processor.py:809} INFO - DAG(s) dict_keys(['example_nested_branch_dag']) retrieved from /home/airflow/.local/lib/python3.7/site-packages/airflow/example_dags/example_nested_branch_dag.py
[2023-05-06T23:33:42.325+0000] {logging_mixin.py:149} INFO - [2023-05-06T23:33:42.325+0000] {dag.py:2726} INFO - Sync 1 DAGs
[2023-05-06T23:33:42.348+0000] {logging_mixin.py:149} INFO - [2023-05-06T23:33:42.348+0000] {dag.py:3490} INFO - Setting next_dagrun for example_nested_branch_dag to 2023-05-05T00:00:00+00:00, run_after=2023-05-06T00:00:00+00:00
[2023-05-06T23:33:42.367+0000] {processor.py:178} INFO - Processing /home/airflow/.local/lib/python3.7/site-packages/airflow/example_dags/example_nested_branch_dag.py took 0.073 seconds
[2023-05-06T23:34:12.832+0000] {processor.py:156} INFO - Started process (PID=1109) to work on /home/airflow/.local/lib/python3.7/site-packages/airflow/example_dags/example_nested_branch_dag.py
[2023-05-06T23:34:12.832+0000] {processor.py:799} INFO - Processing file /home/airflow/.local/lib/python3.7/site-packages/airflow/example_dags/example_nested_branch_dag.py for tasks to queue
[2023-05-06T23:34:12.833+0000] {logging_mixin.py:149} INFO - [2023-05-06T23:34:12.833+0000] {dagbag.py:541} INFO - Filling up the DagBag from /home/airflow/.local/lib/python3.7/site-packages/airflow/example_dags/example_nested_branch_dag.py
[2023-05-06T23:34:12.840+0000] {processor.py:809} INFO - DAG(s) dict_keys(['example_nested_branch_dag']) retrieved from /home/airflow/.local/lib/python3.7/site-packages/airflow/example_dags/example_nested_branch_dag.py
[2023-05-06T23:34:12.861+0000] {logging_mixin.py:149} INFO - [2023-05-06T23:34:12.861+0000] {dag.py:2726} INFO - Sync 1 DAGs
[2023-05-06T23:34:12.885+0000] {logging_mixin.py:149} INFO - [2023-05-06T23:34:12.884+0000] {dag.py:3490} INFO - Setting next_dagrun for example_nested_branch_dag to 2023-05-05T00:00:00+00:00, run_after=2023-05-06T00:00:00+00:00
[2023-05-06T23:34:12.901+0000] {processor.py:178} INFO - Processing /home/airflow/.local/lib/python3.7/site-packages/airflow/example_dags/example_nested_branch_dag.py took 0.072 seconds
[2023-05-06T23:34:43.170+0000] {processor.py:156} INFO - Started process (PID=1167) to work on /home/airflow/.local/lib/python3.7/site-packages/airflow/example_dags/example_nested_branch_dag.py
[2023-05-06T23:34:43.171+0000] {processor.py:799} INFO - Processing file /home/airflow/.local/lib/python3.7/site-packages/airflow/example_dags/example_nested_branch_dag.py for tasks to queue
[2023-05-06T23:34:43.171+0000] {logging_mixin.py:149} INFO - [2023-05-06T23:34:43.171+0000] {dagbag.py:541} INFO - Filling up the DagBag from /home/airflow/.local/lib/python3.7/site-packages/airflow/example_dags/example_nested_branch_dag.py
[2023-05-06T23:34:43.179+0000] {processor.py:809} INFO - DAG(s) dict_keys(['example_nested_branch_dag']) retrieved from /home/airflow/.local/lib/python3.7/site-packages/airflow/example_dags/example_nested_branch_dag.py
[2023-05-06T23:34:43.213+0000] {logging_mixin.py:149} INFO - [2023-05-06T23:34:43.212+0000] {dag.py:2726} INFO - Sync 1 DAGs
[2023-05-06T23:34:43.242+0000] {logging_mixin.py:149} INFO - [2023-05-06T23:34:43.242+0000] {dag.py:3490} INFO - Setting next_dagrun for example_nested_branch_dag to 2023-05-05T00:00:00+00:00, run_after=2023-05-06T00:00:00+00:00
[2023-05-06T23:34:43.259+0000] {processor.py:178} INFO - Processing /home/airflow/.local/lib/python3.7/site-packages/airflow/example_dags/example_nested_branch_dag.py took 0.092 seconds
[2023-05-06T23:35:13.740+0000] {processor.py:156} INFO - Started process (PID=1225) to work on /home/airflow/.local/lib/python3.7/site-packages/airflow/example_dags/example_nested_branch_dag.py
[2023-05-06T23:35:13.741+0000] {processor.py:799} INFO - Processing file /home/airflow/.local/lib/python3.7/site-packages/airflow/example_dags/example_nested_branch_dag.py for tasks to queue
[2023-05-06T23:35:13.741+0000] {logging_mixin.py:149} INFO - [2023-05-06T23:35:13.741+0000] {dagbag.py:541} INFO - Filling up the DagBag from /home/airflow/.local/lib/python3.7/site-packages/airflow/example_dags/example_nested_branch_dag.py
[2023-05-06T23:35:13.748+0000] {processor.py:809} INFO - DAG(s) dict_keys(['example_nested_branch_dag']) retrieved from /home/airflow/.local/lib/python3.7/site-packages/airflow/example_dags/example_nested_branch_dag.py
[2023-05-06T23:35:13.771+0000] {logging_mixin.py:149} INFO - [2023-05-06T23:35:13.771+0000] {dag.py:2726} INFO - Sync 1 DAGs
[2023-05-06T23:35:13.797+0000] {logging_mixin.py:149} INFO - [2023-05-06T23:35:13.797+0000] {dag.py:3490} INFO - Setting next_dagrun for example_nested_branch_dag to 2023-05-05T00:00:00+00:00, run_after=2023-05-06T00:00:00+00:00
[2023-05-06T23:35:13.814+0000] {processor.py:178} INFO - Processing /home/airflow/.local/lib/python3.7/site-packages/airflow/example_dags/example_nested_branch_dag.py took 0.076 seconds
[2023-05-06T23:35:44.275+0000] {processor.py:156} INFO - Started process (PID=1283) to work on /home/airflow/.local/lib/python3.7/site-packages/airflow/example_dags/example_nested_branch_dag.py
[2023-05-06T23:35:44.276+0000] {processor.py:799} INFO - Processing file /home/airflow/.local/lib/python3.7/site-packages/airflow/example_dags/example_nested_branch_dag.py for tasks to queue
[2023-05-06T23:35:44.277+0000] {logging_mixin.py:149} INFO - [2023-05-06T23:35:44.277+0000] {dagbag.py:541} INFO - Filling up the DagBag from /home/airflow/.local/lib/python3.7/site-packages/airflow/example_dags/example_nested_branch_dag.py
[2023-05-06T23:35:44.292+0000] {processor.py:809} INFO - DAG(s) dict_keys(['example_nested_branch_dag']) retrieved from /home/airflow/.local/lib/python3.7/site-packages/airflow/example_dags/example_nested_branch_dag.py
[2023-05-06T23:35:44.314+0000] {logging_mixin.py:149} INFO - [2023-05-06T23:35:44.314+0000] {dag.py:2726} INFO - Sync 1 DAGs
[2023-05-06T23:35:44.340+0000] {logging_mixin.py:149} INFO - [2023-05-06T23:35:44.340+0000] {dag.py:3490} INFO - Setting next_dagrun for example_nested_branch_dag to 2023-05-05T00:00:00+00:00, run_after=2023-05-06T00:00:00+00:00
[2023-05-06T23:35:44.358+0000] {processor.py:178} INFO - Processing /home/airflow/.local/lib/python3.7/site-packages/airflow/example_dags/example_nested_branch_dag.py took 0.086 seconds
[2023-05-06T23:36:14.650+0000] {processor.py:156} INFO - Started process (PID=1341) to work on /home/airflow/.local/lib/python3.7/site-packages/airflow/example_dags/example_nested_branch_dag.py
[2023-05-06T23:36:14.651+0000] {processor.py:799} INFO - Processing file /home/airflow/.local/lib/python3.7/site-packages/airflow/example_dags/example_nested_branch_dag.py for tasks to queue
[2023-05-06T23:36:14.652+0000] {logging_mixin.py:149} INFO - [2023-05-06T23:36:14.652+0000] {dagbag.py:541} INFO - Filling up the DagBag from /home/airflow/.local/lib/python3.7/site-packages/airflow/example_dags/example_nested_branch_dag.py
[2023-05-06T23:36:14.667+0000] {processor.py:809} INFO - DAG(s) dict_keys(['example_nested_branch_dag']) retrieved from /home/airflow/.local/lib/python3.7/site-packages/airflow/example_dags/example_nested_branch_dag.py
[2023-05-06T23:36:14.704+0000] {logging_mixin.py:149} INFO - [2023-05-06T23:36:14.703+0000] {dag.py:2726} INFO - Sync 1 DAGs
[2023-05-06T23:36:14.728+0000] {logging_mixin.py:149} INFO - [2023-05-06T23:36:14.728+0000] {dag.py:3490} INFO - Setting next_dagrun for example_nested_branch_dag to 2023-05-05T00:00:00+00:00, run_after=2023-05-06T00:00:00+00:00
[2023-05-06T23:36:14.745+0000] {processor.py:178} INFO - Processing /home/airflow/.local/lib/python3.7/site-packages/airflow/example_dags/example_nested_branch_dag.py took 0.100 seconds
[2023-05-06T23:36:45.377+0000] {processor.py:156} INFO - Started process (PID=1399) to work on /home/airflow/.local/lib/python3.7/site-packages/airflow/example_dags/example_nested_branch_dag.py
[2023-05-06T23:36:45.378+0000] {processor.py:799} INFO - Processing file /home/airflow/.local/lib/python3.7/site-packages/airflow/example_dags/example_nested_branch_dag.py for tasks to queue
[2023-05-06T23:36:45.379+0000] {logging_mixin.py:149} INFO - [2023-05-06T23:36:45.379+0000] {dagbag.py:541} INFO - Filling up the DagBag from /home/airflow/.local/lib/python3.7/site-packages/airflow/example_dags/example_nested_branch_dag.py
[2023-05-06T23:36:45.394+0000] {processor.py:809} INFO - DAG(s) dict_keys(['example_nested_branch_dag']) retrieved from /home/airflow/.local/lib/python3.7/site-packages/airflow/example_dags/example_nested_branch_dag.py
[2023-05-06T23:36:45.420+0000] {logging_mixin.py:149} INFO - [2023-05-06T23:36:45.419+0000] {dag.py:2726} INFO - Sync 1 DAGs
[2023-05-06T23:36:45.446+0000] {logging_mixin.py:149} INFO - [2023-05-06T23:36:45.445+0000] {dag.py:3490} INFO - Setting next_dagrun for example_nested_branch_dag to 2023-05-05T00:00:00+00:00, run_after=2023-05-06T00:00:00+00:00
[2023-05-06T23:36:45.464+0000] {processor.py:178} INFO - Processing /home/airflow/.local/lib/python3.7/site-packages/airflow/example_dags/example_nested_branch_dag.py took 0.092 seconds
[2023-05-06T23:37:15.893+0000] {processor.py:156} INFO - Started process (PID=1457) to work on /home/airflow/.local/lib/python3.7/site-packages/airflow/example_dags/example_nested_branch_dag.py
[2023-05-06T23:37:15.894+0000] {processor.py:799} INFO - Processing file /home/airflow/.local/lib/python3.7/site-packages/airflow/example_dags/example_nested_branch_dag.py for tasks to queue
[2023-05-06T23:37:15.894+0000] {logging_mixin.py:149} INFO - [2023-05-06T23:37:15.894+0000] {dagbag.py:541} INFO - Filling up the DagBag from /home/airflow/.local/lib/python3.7/site-packages/airflow/example_dags/example_nested_branch_dag.py
[2023-05-06T23:37:15.902+0000] {processor.py:809} INFO - DAG(s) dict_keys(['example_nested_branch_dag']) retrieved from /home/airflow/.local/lib/python3.7/site-packages/airflow/example_dags/example_nested_branch_dag.py
[2023-05-06T23:37:15.938+0000] {logging_mixin.py:149} INFO - [2023-05-06T23:37:15.938+0000] {dag.py:2726} INFO - Sync 1 DAGs
[2023-05-06T23:37:15.965+0000] {logging_mixin.py:149} INFO - [2023-05-06T23:37:15.965+0000] {dag.py:3490} INFO - Setting next_dagrun for example_nested_branch_dag to 2023-05-05T00:00:00+00:00, run_after=2023-05-06T00:00:00+00:00
[2023-05-06T23:37:15.983+0000] {processor.py:178} INFO - Processing /home/airflow/.local/lib/python3.7/site-packages/airflow/example_dags/example_nested_branch_dag.py took 0.092 seconds
[2023-05-06T23:37:46.477+0000] {processor.py:156} INFO - Started process (PID=1515) to work on /home/airflow/.local/lib/python3.7/site-packages/airflow/example_dags/example_nested_branch_dag.py
[2023-05-06T23:37:46.478+0000] {processor.py:799} INFO - Processing file /home/airflow/.local/lib/python3.7/site-packages/airflow/example_dags/example_nested_branch_dag.py for tasks to queue
[2023-05-06T23:37:46.478+0000] {logging_mixin.py:149} INFO - [2023-05-06T23:37:46.478+0000] {dagbag.py:541} INFO - Filling up the DagBag from /home/airflow/.local/lib/python3.7/site-packages/airflow/example_dags/example_nested_branch_dag.py
[2023-05-06T23:37:46.486+0000] {processor.py:809} INFO - DAG(s) dict_keys(['example_nested_branch_dag']) retrieved from /home/airflow/.local/lib/python3.7/site-packages/airflow/example_dags/example_nested_branch_dag.py
[2023-05-06T23:37:46.510+0000] {logging_mixin.py:149} INFO - [2023-05-06T23:37:46.510+0000] {dag.py:2726} INFO - Sync 1 DAGs
[2023-05-06T23:37:46.536+0000] {logging_mixin.py:149} INFO - [2023-05-06T23:37:46.536+0000] {dag.py:3490} INFO - Setting next_dagrun for example_nested_branch_dag to 2023-05-05T00:00:00+00:00, run_after=2023-05-06T00:00:00+00:00
[2023-05-06T23:37:46.552+0000] {processor.py:178} INFO - Processing /home/airflow/.local/lib/python3.7/site-packages/airflow/example_dags/example_nested_branch_dag.py took 0.077 seconds
[2023-05-06T23:38:17.362+0000] {processor.py:156} INFO - Started process (PID=1573) to work on /home/airflow/.local/lib/python3.7/site-packages/airflow/example_dags/example_nested_branch_dag.py
[2023-05-06T23:38:17.363+0000] {processor.py:799} INFO - Processing file /home/airflow/.local/lib/python3.7/site-packages/airflow/example_dags/example_nested_branch_dag.py for tasks to queue
[2023-05-06T23:38:17.364+0000] {logging_mixin.py:149} INFO - [2023-05-06T23:38:17.363+0000] {dagbag.py:541} INFO - Filling up the DagBag from /home/airflow/.local/lib/python3.7/site-packages/airflow/example_dags/example_nested_branch_dag.py
[2023-05-06T23:38:17.379+0000] {processor.py:809} INFO - DAG(s) dict_keys(['example_nested_branch_dag']) retrieved from /home/airflow/.local/lib/python3.7/site-packages/airflow/example_dags/example_nested_branch_dag.py
[2023-05-06T23:38:17.401+0000] {logging_mixin.py:149} INFO - [2023-05-06T23:38:17.401+0000] {dag.py:2726} INFO - Sync 1 DAGs
[2023-05-06T23:38:17.429+0000] {logging_mixin.py:149} INFO - [2023-05-06T23:38:17.428+0000] {dag.py:3490} INFO - Setting next_dagrun for example_nested_branch_dag to 2023-05-05T00:00:00+00:00, run_after=2023-05-06T00:00:00+00:00
[2023-05-06T23:38:17.445+0000] {processor.py:178} INFO - Processing /home/airflow/.local/lib/python3.7/site-packages/airflow/example_dags/example_nested_branch_dag.py took 0.087 seconds
[2023-05-06T23:38:47.563+0000] {processor.py:156} INFO - Started process (PID=1631) to work on /home/airflow/.local/lib/python3.7/site-packages/airflow/example_dags/example_nested_branch_dag.py
[2023-05-06T23:38:47.564+0000] {processor.py:799} INFO - Processing file /home/airflow/.local/lib/python3.7/site-packages/airflow/example_dags/example_nested_branch_dag.py for tasks to queue
[2023-05-06T23:38:47.565+0000] {logging_mixin.py:149} INFO - [2023-05-06T23:38:47.565+0000] {dagbag.py:541} INFO - Filling up the DagBag from /home/airflow/.local/lib/python3.7/site-packages/airflow/example_dags/example_nested_branch_dag.py
[2023-05-06T23:38:47.581+0000] {processor.py:809} INFO - DAG(s) dict_keys(['example_nested_branch_dag']) retrieved from /home/airflow/.local/lib/python3.7/site-packages/airflow/example_dags/example_nested_branch_dag.py
[2023-05-06T23:38:47.604+0000] {logging_mixin.py:149} INFO - [2023-05-06T23:38:47.604+0000] {dag.py:2726} INFO - Sync 1 DAGs
[2023-05-06T23:38:47.628+0000] {logging_mixin.py:149} INFO - [2023-05-06T23:38:47.628+0000] {dag.py:3490} INFO - Setting next_dagrun for example_nested_branch_dag to 2023-05-05T00:00:00+00:00, run_after=2023-05-06T00:00:00+00:00
[2023-05-06T23:38:47.646+0000] {processor.py:178} INFO - Processing /home/airflow/.local/lib/python3.7/site-packages/airflow/example_dags/example_nested_branch_dag.py took 0.088 seconds
[2023-05-06T23:39:18.255+0000] {processor.py:156} INFO - Started process (PID=1689) to work on /home/airflow/.local/lib/python3.7/site-packages/airflow/example_dags/example_nested_branch_dag.py
[2023-05-06T23:39:18.256+0000] {processor.py:799} INFO - Processing file /home/airflow/.local/lib/python3.7/site-packages/airflow/example_dags/example_nested_branch_dag.py for tasks to queue
[2023-05-06T23:39:18.256+0000] {logging_mixin.py:149} INFO - [2023-05-06T23:39:18.256+0000] {dagbag.py:541} INFO - Filling up the DagBag from /home/airflow/.local/lib/python3.7/site-packages/airflow/example_dags/example_nested_branch_dag.py
[2023-05-06T23:39:18.263+0000] {processor.py:809} INFO - DAG(s) dict_keys(['example_nested_branch_dag']) retrieved from /home/airflow/.local/lib/python3.7/site-packages/airflow/example_dags/example_nested_branch_dag.py
[2023-05-06T23:39:18.285+0000] {logging_mixin.py:149} INFO - [2023-05-06T23:39:18.285+0000] {dag.py:2726} INFO - Sync 1 DAGs
[2023-05-06T23:39:18.312+0000] {logging_mixin.py:149} INFO - [2023-05-06T23:39:18.312+0000] {dag.py:3490} INFO - Setting next_dagrun for example_nested_branch_dag to 2023-05-05T00:00:00+00:00, run_after=2023-05-06T00:00:00+00:00
[2023-05-06T23:39:18.331+0000] {processor.py:178} INFO - Processing /home/airflow/.local/lib/python3.7/site-packages/airflow/example_dags/example_nested_branch_dag.py took 0.078 seconds
[2023-05-06T23:39:48.574+0000] {processor.py:156} INFO - Started process (PID=1748) to work on /home/airflow/.local/lib/python3.7/site-packages/airflow/example_dags/example_nested_branch_dag.py
[2023-05-06T23:39:48.575+0000] {processor.py:799} INFO - Processing file /home/airflow/.local/lib/python3.7/site-packages/airflow/example_dags/example_nested_branch_dag.py for tasks to queue
[2023-05-06T23:39:48.575+0000] {logging_mixin.py:149} INFO - [2023-05-06T23:39:48.575+0000] {dagbag.py:541} INFO - Filling up the DagBag from /home/airflow/.local/lib/python3.7/site-packages/airflow/example_dags/example_nested_branch_dag.py
[2023-05-06T23:39:48.582+0000] {processor.py:809} INFO - DAG(s) dict_keys(['example_nested_branch_dag']) retrieved from /home/airflow/.local/lib/python3.7/site-packages/airflow/example_dags/example_nested_branch_dag.py
[2023-05-06T23:39:48.601+0000] {logging_mixin.py:149} INFO - [2023-05-06T23:39:48.601+0000] {dag.py:2726} INFO - Sync 1 DAGs
[2023-05-06T23:39:48.625+0000] {logging_mixin.py:149} INFO - [2023-05-06T23:39:48.625+0000] {dag.py:3490} INFO - Setting next_dagrun for example_nested_branch_dag to 2023-05-05T00:00:00+00:00, run_after=2023-05-06T00:00:00+00:00
[2023-05-06T23:39:48.641+0000] {processor.py:178} INFO - Processing /home/airflow/.local/lib/python3.7/site-packages/airflow/example_dags/example_nested_branch_dag.py took 0.069 seconds
[2023-05-06T23:40:18.908+0000] {processor.py:156} INFO - Started process (PID=1806) to work on /home/airflow/.local/lib/python3.7/site-packages/airflow/example_dags/example_nested_branch_dag.py
[2023-05-06T23:40:18.909+0000] {processor.py:799} INFO - Processing file /home/airflow/.local/lib/python3.7/site-packages/airflow/example_dags/example_nested_branch_dag.py for tasks to queue
[2023-05-06T23:40:18.909+0000] {logging_mixin.py:149} INFO - [2023-05-06T23:40:18.909+0000] {dagbag.py:541} INFO - Filling up the DagBag from /home/airflow/.local/lib/python3.7/site-packages/airflow/example_dags/example_nested_branch_dag.py
[2023-05-06T23:40:18.916+0000] {processor.py:809} INFO - DAG(s) dict_keys(['example_nested_branch_dag']) retrieved from /home/airflow/.local/lib/python3.7/site-packages/airflow/example_dags/example_nested_branch_dag.py
[2023-05-06T23:40:18.941+0000] {logging_mixin.py:149} INFO - [2023-05-06T23:40:18.940+0000] {dag.py:2726} INFO - Sync 1 DAGs
[2023-05-06T23:40:18.967+0000] {logging_mixin.py:149} INFO - [2023-05-06T23:40:18.967+0000] {dag.py:3490} INFO - Setting next_dagrun for example_nested_branch_dag to 2023-05-05T00:00:00+00:00, run_after=2023-05-06T00:00:00+00:00
[2023-05-06T23:40:18.988+0000] {processor.py:178} INFO - Processing /home/airflow/.local/lib/python3.7/site-packages/airflow/example_dags/example_nested_branch_dag.py took 0.082 seconds
[2023-05-06T23:40:49.250+0000] {processor.py:156} INFO - Started process (PID=1865) to work on /home/airflow/.local/lib/python3.7/site-packages/airflow/example_dags/example_nested_branch_dag.py
[2023-05-06T23:40:49.251+0000] {processor.py:799} INFO - Processing file /home/airflow/.local/lib/python3.7/site-packages/airflow/example_dags/example_nested_branch_dag.py for tasks to queue
[2023-05-06T23:40:49.251+0000] {logging_mixin.py:149} INFO - [2023-05-06T23:40:49.251+0000] {dagbag.py:541} INFO - Filling up the DagBag from /home/airflow/.local/lib/python3.7/site-packages/airflow/example_dags/example_nested_branch_dag.py
[2023-05-06T23:40:49.259+0000] {processor.py:809} INFO - DAG(s) dict_keys(['example_nested_branch_dag']) retrieved from /home/airflow/.local/lib/python3.7/site-packages/airflow/example_dags/example_nested_branch_dag.py
[2023-05-06T23:40:49.279+0000] {logging_mixin.py:149} INFO - [2023-05-06T23:40:49.279+0000] {dag.py:2726} INFO - Sync 1 DAGs
[2023-05-06T23:40:49.302+0000] {logging_mixin.py:149} INFO - [2023-05-06T23:40:49.302+0000] {dag.py:3490} INFO - Setting next_dagrun for example_nested_branch_dag to 2023-05-05T00:00:00+00:00, run_after=2023-05-06T00:00:00+00:00
[2023-05-06T23:40:49.319+0000] {processor.py:178} INFO - Processing /home/airflow/.local/lib/python3.7/site-packages/airflow/example_dags/example_nested_branch_dag.py took 0.070 seconds
[2023-05-06T23:41:19.617+0000] {processor.py:156} INFO - Started process (PID=1923) to work on /home/airflow/.local/lib/python3.7/site-packages/airflow/example_dags/example_nested_branch_dag.py
[2023-05-06T23:41:19.618+0000] {processor.py:799} INFO - Processing file /home/airflow/.local/lib/python3.7/site-packages/airflow/example_dags/example_nested_branch_dag.py for tasks to queue
[2023-05-06T23:41:19.618+0000] {logging_mixin.py:149} INFO - [2023-05-06T23:41:19.618+0000] {dagbag.py:541} INFO - Filling up the DagBag from /home/airflow/.local/lib/python3.7/site-packages/airflow/example_dags/example_nested_branch_dag.py
[2023-05-06T23:41:19.627+0000] {processor.py:809} INFO - DAG(s) dict_keys(['example_nested_branch_dag']) retrieved from /home/airflow/.local/lib/python3.7/site-packages/airflow/example_dags/example_nested_branch_dag.py
[2023-05-06T23:41:19.651+0000] {logging_mixin.py:149} INFO - [2023-05-06T23:41:19.651+0000] {dag.py:2726} INFO - Sync 1 DAGs
[2023-05-06T23:41:19.678+0000] {logging_mixin.py:149} INFO - [2023-05-06T23:41:19.677+0000] {dag.py:3490} INFO - Setting next_dagrun for example_nested_branch_dag to 2023-05-05T00:00:00+00:00, run_after=2023-05-06T00:00:00+00:00
[2023-05-06T23:41:19.696+0000] {processor.py:178} INFO - Processing /home/airflow/.local/lib/python3.7/site-packages/airflow/example_dags/example_nested_branch_dag.py took 0.081 seconds
[2023-05-06T23:41:49.917+0000] {processor.py:156} INFO - Started process (PID=1981) to work on /home/airflow/.local/lib/python3.7/site-packages/airflow/example_dags/example_nested_branch_dag.py
[2023-05-06T23:41:49.918+0000] {processor.py:799} INFO - Processing file /home/airflow/.local/lib/python3.7/site-packages/airflow/example_dags/example_nested_branch_dag.py for tasks to queue
[2023-05-06T23:41:49.919+0000] {logging_mixin.py:149} INFO - [2023-05-06T23:41:49.918+0000] {dagbag.py:541} INFO - Filling up the DagBag from /home/airflow/.local/lib/python3.7/site-packages/airflow/example_dags/example_nested_branch_dag.py
[2023-05-06T23:41:49.926+0000] {processor.py:809} INFO - DAG(s) dict_keys(['example_nested_branch_dag']) retrieved from /home/airflow/.local/lib/python3.7/site-packages/airflow/example_dags/example_nested_branch_dag.py
[2023-05-06T23:41:49.948+0000] {logging_mixin.py:149} INFO - [2023-05-06T23:41:49.948+0000] {dag.py:2726} INFO - Sync 1 DAGs
[2023-05-06T23:41:49.973+0000] {logging_mixin.py:149} INFO - [2023-05-06T23:41:49.973+0000] {dag.py:3490} INFO - Setting next_dagrun for example_nested_branch_dag to 2023-05-05T00:00:00+00:00, run_after=2023-05-06T00:00:00+00:00
[2023-05-06T23:41:49.990+0000] {processor.py:178} INFO - Processing /home/airflow/.local/lib/python3.7/site-packages/airflow/example_dags/example_nested_branch_dag.py took 0.075 seconds
[2023-05-06T23:42:20.179+0000] {processor.py:156} INFO - Started process (PID=2039) to work on /home/airflow/.local/lib/python3.7/site-packages/airflow/example_dags/example_nested_branch_dag.py
[2023-05-06T23:42:20.179+0000] {processor.py:799} INFO - Processing file /home/airflow/.local/lib/python3.7/site-packages/airflow/example_dags/example_nested_branch_dag.py for tasks to queue
[2023-05-06T23:42:20.180+0000] {logging_mixin.py:149} INFO - [2023-05-06T23:42:20.179+0000] {dagbag.py:541} INFO - Filling up the DagBag from /home/airflow/.local/lib/python3.7/site-packages/airflow/example_dags/example_nested_branch_dag.py
[2023-05-06T23:42:20.188+0000] {processor.py:809} INFO - DAG(s) dict_keys(['example_nested_branch_dag']) retrieved from /home/airflow/.local/lib/python3.7/site-packages/airflow/example_dags/example_nested_branch_dag.py
[2023-05-06T23:42:20.209+0000] {logging_mixin.py:149} INFO - [2023-05-06T23:42:20.209+0000] {dag.py:2726} INFO - Sync 1 DAGs
[2023-05-06T23:42:20.234+0000] {logging_mixin.py:149} INFO - [2023-05-06T23:42:20.234+0000] {dag.py:3490} INFO - Setting next_dagrun for example_nested_branch_dag to 2023-05-05T00:00:00+00:00, run_after=2023-05-06T00:00:00+00:00
[2023-05-06T23:42:20.252+0000] {processor.py:178} INFO - Processing /home/airflow/.local/lib/python3.7/site-packages/airflow/example_dags/example_nested_branch_dag.py took 0.075 seconds
[2023-05-06T23:42:50.780+0000] {processor.py:156} INFO - Started process (PID=2097) to work on /home/airflow/.local/lib/python3.7/site-packages/airflow/example_dags/example_nested_branch_dag.py
[2023-05-06T23:42:50.781+0000] {processor.py:799} INFO - Processing file /home/airflow/.local/lib/python3.7/site-packages/airflow/example_dags/example_nested_branch_dag.py for tasks to queue
[2023-05-06T23:42:50.782+0000] {logging_mixin.py:149} INFO - [2023-05-06T23:42:50.782+0000] {dagbag.py:541} INFO - Filling up the DagBag from /home/airflow/.local/lib/python3.7/site-packages/airflow/example_dags/example_nested_branch_dag.py
[2023-05-06T23:42:50.796+0000] {processor.py:809} INFO - DAG(s) dict_keys(['example_nested_branch_dag']) retrieved from /home/airflow/.local/lib/python3.7/site-packages/airflow/example_dags/example_nested_branch_dag.py
[2023-05-06T23:42:50.819+0000] {logging_mixin.py:149} INFO - [2023-05-06T23:42:50.819+0000] {dag.py:2726} INFO - Sync 1 DAGs
[2023-05-06T23:42:50.844+0000] {logging_mixin.py:149} INFO - [2023-05-06T23:42:50.844+0000] {dag.py:3490} INFO - Setting next_dagrun for example_nested_branch_dag to 2023-05-05T00:00:00+00:00, run_after=2023-05-06T00:00:00+00:00
[2023-05-06T23:42:50.862+0000] {processor.py:178} INFO - Processing /home/airflow/.local/lib/python3.7/site-packages/airflow/example_dags/example_nested_branch_dag.py took 0.086 seconds
[2023-05-06T23:43:21.181+0000] {processor.py:156} INFO - Started process (PID=2155) to work on /home/airflow/.local/lib/python3.7/site-packages/airflow/example_dags/example_nested_branch_dag.py
[2023-05-06T23:43:21.181+0000] {processor.py:799} INFO - Processing file /home/airflow/.local/lib/python3.7/site-packages/airflow/example_dags/example_nested_branch_dag.py for tasks to queue
[2023-05-06T23:43:21.182+0000] {logging_mixin.py:149} INFO - [2023-05-06T23:43:21.182+0000] {dagbag.py:541} INFO - Filling up the DagBag from /home/airflow/.local/lib/python3.7/site-packages/airflow/example_dags/example_nested_branch_dag.py
[2023-05-06T23:43:21.189+0000] {processor.py:809} INFO - DAG(s) dict_keys(['example_nested_branch_dag']) retrieved from /home/airflow/.local/lib/python3.7/site-packages/airflow/example_dags/example_nested_branch_dag.py
[2023-05-06T23:43:21.210+0000] {logging_mixin.py:149} INFO - [2023-05-06T23:43:21.210+0000] {dag.py:2726} INFO - Sync 1 DAGs
[2023-05-06T23:43:21.236+0000] {logging_mixin.py:149} INFO - [2023-05-06T23:43:21.236+0000] {dag.py:3490} INFO - Setting next_dagrun for example_nested_branch_dag to 2023-05-05T00:00:00+00:00, run_after=2023-05-06T00:00:00+00:00
[2023-05-06T23:43:21.258+0000] {processor.py:178} INFO - Processing /home/airflow/.local/lib/python3.7/site-packages/airflow/example_dags/example_nested_branch_dag.py took 0.079 seconds
