[2023-05-06T23:25:02.366+0000] {processor.py:156} INFO - Started process (PID=47) to work on /home/airflow/.local/lib/python3.7/site-packages/airflow/example_dags/example_complex.py
[2023-05-06T23:25:02.367+0000] {processor.py:799} INFO - Processing file /home/airflow/.local/lib/python3.7/site-packages/airflow/example_dags/example_complex.py for tasks to queue
[2023-05-06T23:25:02.367+0000] {logging_mixin.py:149} INFO - [2023-05-06T23:25:02.367+0000] {dagbag.py:541} INFO - Filling up the DagBag from /home/airflow/.local/lib/python3.7/site-packages/airflow/example_dags/example_complex.py
[2023-05-06T23:25:02.377+0000] {logging_mixin.py:149} INFO - [2023-05-06T23:25:02.376+0000] {taskmixin.py:211} WARNING - Dependency <Task(BashOperator): create_entry_group>, delete_entry_group already registered for DAG: example_complex
[2023-05-06T23:25:02.377+0000] {logging_mixin.py:149} INFO - [2023-05-06T23:25:02.377+0000] {taskmixin.py:211} WARNING - Dependency <Task(BashOperator): delete_entry_group>, create_entry_group already registered for DAG: example_complex
[2023-05-06T23:25:02.377+0000] {logging_mixin.py:149} INFO - [2023-05-06T23:25:02.377+0000] {taskmixin.py:211} WARNING - Dependency <Task(BashOperator): create_entry_gcs>, delete_entry already registered for DAG: example_complex
[2023-05-06T23:25:02.377+0000] {logging_mixin.py:149} INFO - [2023-05-06T23:25:02.377+0000] {taskmixin.py:211} WARNING - Dependency <Task(BashOperator): delete_entry>, create_entry_gcs already registered for DAG: example_complex
[2023-05-06T23:25:02.377+0000] {logging_mixin.py:149} INFO - [2023-05-06T23:25:02.377+0000] {taskmixin.py:211} WARNING - Dependency <Task(BashOperator): create_tag>, delete_tag already registered for DAG: example_complex
[2023-05-06T23:25:02.378+0000] {logging_mixin.py:149} INFO - [2023-05-06T23:25:02.378+0000] {taskmixin.py:211} WARNING - Dependency <Task(BashOperator): delete_tag>, create_tag already registered for DAG: example_complex
[2023-05-06T23:25:02.380+0000] {processor.py:809} INFO - DAG(s) dict_keys(['example_complex']) retrieved from /home/airflow/.local/lib/python3.7/site-packages/airflow/example_dags/example_complex.py
[2023-05-06T23:25:02.394+0000] {logging_mixin.py:149} INFO - [2023-05-06T23:25:02.393+0000] {dag.py:2726} INFO - Sync 1 DAGs
[2023-05-06T23:25:02.422+0000] {logging_mixin.py:149} INFO - [2023-05-06T23:25:02.421+0000] {dag.py:3490} INFO - Setting next_dagrun for example_complex to None, run_after=None
[2023-05-06T23:25:02.442+0000] {processor.py:178} INFO - Processing /home/airflow/.local/lib/python3.7/site-packages/airflow/example_dags/example_complex.py took 0.080 seconds
[2023-05-06T23:25:32.641+0000] {processor.py:156} INFO - Started process (PID=105) to work on /home/airflow/.local/lib/python3.7/site-packages/airflow/example_dags/example_complex.py
[2023-05-06T23:25:32.642+0000] {processor.py:799} INFO - Processing file /home/airflow/.local/lib/python3.7/site-packages/airflow/example_dags/example_complex.py for tasks to queue
[2023-05-06T23:25:32.642+0000] {logging_mixin.py:149} INFO - [2023-05-06T23:25:32.642+0000] {dagbag.py:541} INFO - Filling up the DagBag from /home/airflow/.local/lib/python3.7/site-packages/airflow/example_dags/example_complex.py
[2023-05-06T23:25:32.650+0000] {logging_mixin.py:149} INFO - [2023-05-06T23:25:32.650+0000] {taskmixin.py:211} WARNING - Dependency <Task(BashOperator): create_entry_group>, delete_entry_group already registered for DAG: example_complex
[2023-05-06T23:25:32.650+0000] {logging_mixin.py:149} INFO - [2023-05-06T23:25:32.650+0000] {taskmixin.py:211} WARNING - Dependency <Task(BashOperator): delete_entry_group>, create_entry_group already registered for DAG: example_complex
[2023-05-06T23:25:32.650+0000] {logging_mixin.py:149} INFO - [2023-05-06T23:25:32.650+0000] {taskmixin.py:211} WARNING - Dependency <Task(BashOperator): create_entry_gcs>, delete_entry already registered for DAG: example_complex
[2023-05-06T23:25:32.650+0000] {logging_mixin.py:149} INFO - [2023-05-06T23:25:32.650+0000] {taskmixin.py:211} WARNING - Dependency <Task(BashOperator): delete_entry>, create_entry_gcs already registered for DAG: example_complex
[2023-05-06T23:25:32.651+0000] {logging_mixin.py:149} INFO - [2023-05-06T23:25:32.651+0000] {taskmixin.py:211} WARNING - Dependency <Task(BashOperator): create_tag>, delete_tag already registered for DAG: example_complex
[2023-05-06T23:25:32.651+0000] {logging_mixin.py:149} INFO - [2023-05-06T23:25:32.651+0000] {taskmixin.py:211} WARNING - Dependency <Task(BashOperator): delete_tag>, create_tag already registered for DAG: example_complex
[2023-05-06T23:25:32.652+0000] {processor.py:809} INFO - DAG(s) dict_keys(['example_complex']) retrieved from /home/airflow/.local/lib/python3.7/site-packages/airflow/example_dags/example_complex.py
[2023-05-06T23:25:32.680+0000] {logging_mixin.py:149} INFO - [2023-05-06T23:25:32.680+0000] {dag.py:2726} INFO - Sync 1 DAGs
[2023-05-06T23:25:32.704+0000] {logging_mixin.py:149} INFO - [2023-05-06T23:25:32.704+0000] {dag.py:3490} INFO - Setting next_dagrun for example_complex to None, run_after=None
[2023-05-06T23:25:32.721+0000] {processor.py:178} INFO - Processing /home/airflow/.local/lib/python3.7/site-packages/airflow/example_dags/example_complex.py took 0.083 seconds
[2023-05-06T23:26:03.493+0000] {processor.py:156} INFO - Started process (PID=163) to work on /home/airflow/.local/lib/python3.7/site-packages/airflow/example_dags/example_complex.py
[2023-05-06T23:26:03.493+0000] {processor.py:799} INFO - Processing file /home/airflow/.local/lib/python3.7/site-packages/airflow/example_dags/example_complex.py for tasks to queue
[2023-05-06T23:26:03.494+0000] {logging_mixin.py:149} INFO - [2023-05-06T23:26:03.494+0000] {dagbag.py:541} INFO - Filling up the DagBag from /home/airflow/.local/lib/python3.7/site-packages/airflow/example_dags/example_complex.py
[2023-05-06T23:26:03.502+0000] {logging_mixin.py:149} INFO - [2023-05-06T23:26:03.501+0000] {taskmixin.py:211} WARNING - Dependency <Task(BashOperator): create_entry_group>, delete_entry_group already registered for DAG: example_complex
[2023-05-06T23:26:03.502+0000] {logging_mixin.py:149} INFO - [2023-05-06T23:26:03.502+0000] {taskmixin.py:211} WARNING - Dependency <Task(BashOperator): delete_entry_group>, create_entry_group already registered for DAG: example_complex
[2023-05-06T23:26:03.502+0000] {logging_mixin.py:149} INFO - [2023-05-06T23:26:03.502+0000] {taskmixin.py:211} WARNING - Dependency <Task(BashOperator): create_entry_gcs>, delete_entry already registered for DAG: example_complex
[2023-05-06T23:26:03.502+0000] {logging_mixin.py:149} INFO - [2023-05-06T23:26:03.502+0000] {taskmixin.py:211} WARNING - Dependency <Task(BashOperator): delete_entry>, create_entry_gcs already registered for DAG: example_complex
[2023-05-06T23:26:03.502+0000] {logging_mixin.py:149} INFO - [2023-05-06T23:26:03.502+0000] {taskmixin.py:211} WARNING - Dependency <Task(BashOperator): create_tag>, delete_tag already registered for DAG: example_complex
[2023-05-06T23:26:03.502+0000] {logging_mixin.py:149} INFO - [2023-05-06T23:26:03.502+0000] {taskmixin.py:211} WARNING - Dependency <Task(BashOperator): delete_tag>, create_tag already registered for DAG: example_complex
[2023-05-06T23:26:03.504+0000] {processor.py:809} INFO - DAG(s) dict_keys(['example_complex']) retrieved from /home/airflow/.local/lib/python3.7/site-packages/airflow/example_dags/example_complex.py
[2023-05-06T23:26:03.531+0000] {logging_mixin.py:149} INFO - [2023-05-06T23:26:03.531+0000] {dag.py:2726} INFO - Sync 1 DAGs
[2023-05-06T23:26:03.554+0000] {logging_mixin.py:149} INFO - [2023-05-06T23:26:03.554+0000] {dag.py:3490} INFO - Setting next_dagrun for example_complex to None, run_after=None
[2023-05-06T23:26:03.573+0000] {processor.py:178} INFO - Processing /home/airflow/.local/lib/python3.7/site-packages/airflow/example_dags/example_complex.py took 0.082 seconds
[2023-05-06T23:26:34.006+0000] {processor.py:156} INFO - Started process (PID=220) to work on /home/airflow/.local/lib/python3.7/site-packages/airflow/example_dags/example_complex.py
[2023-05-06T23:26:34.007+0000] {processor.py:799} INFO - Processing file /home/airflow/.local/lib/python3.7/site-packages/airflow/example_dags/example_complex.py for tasks to queue
[2023-05-06T23:26:34.008+0000] {logging_mixin.py:149} INFO - [2023-05-06T23:26:34.008+0000] {dagbag.py:541} INFO - Filling up the DagBag from /home/airflow/.local/lib/python3.7/site-packages/airflow/example_dags/example_complex.py
[2023-05-06T23:26:34.028+0000] {logging_mixin.py:149} INFO - [2023-05-06T23:26:34.028+0000] {taskmixin.py:211} WARNING - Dependency <Task(BashOperator): create_entry_group>, delete_entry_group already registered for DAG: example_complex
[2023-05-06T23:26:34.029+0000] {logging_mixin.py:149} INFO - [2023-05-06T23:26:34.028+0000] {taskmixin.py:211} WARNING - Dependency <Task(BashOperator): delete_entry_group>, create_entry_group already registered for DAG: example_complex
[2023-05-06T23:26:34.029+0000] {logging_mixin.py:149} INFO - [2023-05-06T23:26:34.029+0000] {taskmixin.py:211} WARNING - Dependency <Task(BashOperator): create_entry_gcs>, delete_entry already registered for DAG: example_complex
[2023-05-06T23:26:34.029+0000] {logging_mixin.py:149} INFO - [2023-05-06T23:26:34.029+0000] {taskmixin.py:211} WARNING - Dependency <Task(BashOperator): delete_entry>, create_entry_gcs already registered for DAG: example_complex
[2023-05-06T23:26:34.030+0000] {logging_mixin.py:149} INFO - [2023-05-06T23:26:34.030+0000] {taskmixin.py:211} WARNING - Dependency <Task(BashOperator): create_tag>, delete_tag already registered for DAG: example_complex
[2023-05-06T23:26:34.030+0000] {logging_mixin.py:149} INFO - [2023-05-06T23:26:34.030+0000] {taskmixin.py:211} WARNING - Dependency <Task(BashOperator): delete_tag>, create_tag already registered for DAG: example_complex
[2023-05-06T23:26:34.034+0000] {processor.py:809} INFO - DAG(s) dict_keys(['example_complex']) retrieved from /home/airflow/.local/lib/python3.7/site-packages/airflow/example_dags/example_complex.py
[2023-05-06T23:26:34.073+0000] {logging_mixin.py:149} INFO - [2023-05-06T23:26:34.073+0000] {dag.py:2726} INFO - Sync 1 DAGs
[2023-05-06T23:26:34.104+0000] {logging_mixin.py:149} INFO - [2023-05-06T23:26:34.104+0000] {dag.py:3490} INFO - Setting next_dagrun for example_complex to None, run_after=None
[2023-05-06T23:26:34.123+0000] {processor.py:178} INFO - Processing /home/airflow/.local/lib/python3.7/site-packages/airflow/example_dags/example_complex.py took 0.122 seconds
[2023-05-06T23:27:04.660+0000] {processor.py:156} INFO - Started process (PID=278) to work on /home/airflow/.local/lib/python3.7/site-packages/airflow/example_dags/example_complex.py
[2023-05-06T23:27:04.660+0000] {processor.py:799} INFO - Processing file /home/airflow/.local/lib/python3.7/site-packages/airflow/example_dags/example_complex.py for tasks to queue
[2023-05-06T23:27:04.661+0000] {logging_mixin.py:149} INFO - [2023-05-06T23:27:04.661+0000] {dagbag.py:541} INFO - Filling up the DagBag from /home/airflow/.local/lib/python3.7/site-packages/airflow/example_dags/example_complex.py
[2023-05-06T23:27:04.669+0000] {logging_mixin.py:149} INFO - [2023-05-06T23:27:04.669+0000] {taskmixin.py:211} WARNING - Dependency <Task(BashOperator): create_entry_group>, delete_entry_group already registered for DAG: example_complex
[2023-05-06T23:27:04.669+0000] {logging_mixin.py:149} INFO - [2023-05-06T23:27:04.669+0000] {taskmixin.py:211} WARNING - Dependency <Task(BashOperator): delete_entry_group>, create_entry_group already registered for DAG: example_complex
[2023-05-06T23:27:04.669+0000] {logging_mixin.py:149} INFO - [2023-05-06T23:27:04.669+0000] {taskmixin.py:211} WARNING - Dependency <Task(BashOperator): create_entry_gcs>, delete_entry already registered for DAG: example_complex
[2023-05-06T23:27:04.670+0000] {logging_mixin.py:149} INFO - [2023-05-06T23:27:04.669+0000] {taskmixin.py:211} WARNING - Dependency <Task(BashOperator): delete_entry>, create_entry_gcs already registered for DAG: example_complex
[2023-05-06T23:27:04.670+0000] {logging_mixin.py:149} INFO - [2023-05-06T23:27:04.670+0000] {taskmixin.py:211} WARNING - Dependency <Task(BashOperator): create_tag>, delete_tag already registered for DAG: example_complex
[2023-05-06T23:27:04.670+0000] {logging_mixin.py:149} INFO - [2023-05-06T23:27:04.670+0000] {taskmixin.py:211} WARNING - Dependency <Task(BashOperator): delete_tag>, create_tag already registered for DAG: example_complex
[2023-05-06T23:27:04.671+0000] {processor.py:809} INFO - DAG(s) dict_keys(['example_complex']) retrieved from /home/airflow/.local/lib/python3.7/site-packages/airflow/example_dags/example_complex.py
[2023-05-06T23:27:04.700+0000] {logging_mixin.py:149} INFO - [2023-05-06T23:27:04.700+0000] {dag.py:2726} INFO - Sync 1 DAGs
[2023-05-06T23:27:04.725+0000] {logging_mixin.py:149} INFO - [2023-05-06T23:27:04.724+0000] {dag.py:3490} INFO - Setting next_dagrun for example_complex to None, run_after=None
[2023-05-06T23:27:04.743+0000] {processor.py:178} INFO - Processing /home/airflow/.local/lib/python3.7/site-packages/airflow/example_dags/example_complex.py took 0.087 seconds
[2023-05-06T23:27:35.212+0000] {processor.py:156} INFO - Started process (PID=336) to work on /home/airflow/.local/lib/python3.7/site-packages/airflow/example_dags/example_complex.py
[2023-05-06T23:27:35.213+0000] {processor.py:799} INFO - Processing file /home/airflow/.local/lib/python3.7/site-packages/airflow/example_dags/example_complex.py for tasks to queue
[2023-05-06T23:27:35.213+0000] {logging_mixin.py:149} INFO - [2023-05-06T23:27:35.213+0000] {dagbag.py:541} INFO - Filling up the DagBag from /home/airflow/.local/lib/python3.7/site-packages/airflow/example_dags/example_complex.py
[2023-05-06T23:27:35.221+0000] {logging_mixin.py:149} INFO - [2023-05-06T23:27:35.221+0000] {taskmixin.py:211} WARNING - Dependency <Task(BashOperator): create_entry_group>, delete_entry_group already registered for DAG: example_complex
[2023-05-06T23:27:35.221+0000] {logging_mixin.py:149} INFO - [2023-05-06T23:27:35.221+0000] {taskmixin.py:211} WARNING - Dependency <Task(BashOperator): delete_entry_group>, create_entry_group already registered for DAG: example_complex
[2023-05-06T23:27:35.221+0000] {logging_mixin.py:149} INFO - [2023-05-06T23:27:35.221+0000] {taskmixin.py:211} WARNING - Dependency <Task(BashOperator): create_entry_gcs>, delete_entry already registered for DAG: example_complex
[2023-05-06T23:27:35.221+0000] {logging_mixin.py:149} INFO - [2023-05-06T23:27:35.221+0000] {taskmixin.py:211} WARNING - Dependency <Task(BashOperator): delete_entry>, create_entry_gcs already registered for DAG: example_complex
[2023-05-06T23:27:35.221+0000] {logging_mixin.py:149} INFO - [2023-05-06T23:27:35.221+0000] {taskmixin.py:211} WARNING - Dependency <Task(BashOperator): create_tag>, delete_tag already registered for DAG: example_complex
[2023-05-06T23:27:35.222+0000] {logging_mixin.py:149} INFO - [2023-05-06T23:27:35.221+0000] {taskmixin.py:211} WARNING - Dependency <Task(BashOperator): delete_tag>, create_tag already registered for DAG: example_complex
[2023-05-06T23:27:35.223+0000] {processor.py:809} INFO - DAG(s) dict_keys(['example_complex']) retrieved from /home/airflow/.local/lib/python3.7/site-packages/airflow/example_dags/example_complex.py
[2023-05-06T23:27:35.251+0000] {logging_mixin.py:149} INFO - [2023-05-06T23:27:35.251+0000] {dag.py:2726} INFO - Sync 1 DAGs
[2023-05-06T23:27:35.274+0000] {logging_mixin.py:149} INFO - [2023-05-06T23:27:35.274+0000] {dag.py:3490} INFO - Setting next_dagrun for example_complex to None, run_after=None
[2023-05-06T23:27:35.291+0000] {processor.py:178} INFO - Processing /home/airflow/.local/lib/python3.7/site-packages/airflow/example_dags/example_complex.py took 0.081 seconds
[2023-05-06T23:28:05.640+0000] {processor.py:156} INFO - Started process (PID=394) to work on /home/airflow/.local/lib/python3.7/site-packages/airflow/example_dags/example_complex.py
[2023-05-06T23:28:05.641+0000] {processor.py:799} INFO - Processing file /home/airflow/.local/lib/python3.7/site-packages/airflow/example_dags/example_complex.py for tasks to queue
[2023-05-06T23:28:05.641+0000] {logging_mixin.py:149} INFO - [2023-05-06T23:28:05.641+0000] {dagbag.py:541} INFO - Filling up the DagBag from /home/airflow/.local/lib/python3.7/site-packages/airflow/example_dags/example_complex.py
[2023-05-06T23:28:05.651+0000] {logging_mixin.py:149} INFO - [2023-05-06T23:28:05.650+0000] {taskmixin.py:211} WARNING - Dependency <Task(BashOperator): create_entry_group>, delete_entry_group already registered for DAG: example_complex
[2023-05-06T23:28:05.651+0000] {logging_mixin.py:149} INFO - [2023-05-06T23:28:05.651+0000] {taskmixin.py:211} WARNING - Dependency <Task(BashOperator): delete_entry_group>, create_entry_group already registered for DAG: example_complex
[2023-05-06T23:28:05.651+0000] {logging_mixin.py:149} INFO - [2023-05-06T23:28:05.651+0000] {taskmixin.py:211} WARNING - Dependency <Task(BashOperator): create_entry_gcs>, delete_entry already registered for DAG: example_complex
[2023-05-06T23:28:05.651+0000] {logging_mixin.py:149} INFO - [2023-05-06T23:28:05.651+0000] {taskmixin.py:211} WARNING - Dependency <Task(BashOperator): delete_entry>, create_entry_gcs already registered for DAG: example_complex
[2023-05-06T23:28:05.651+0000] {logging_mixin.py:149} INFO - [2023-05-06T23:28:05.651+0000] {taskmixin.py:211} WARNING - Dependency <Task(BashOperator): create_tag>, delete_tag already registered for DAG: example_complex
[2023-05-06T23:28:05.651+0000] {logging_mixin.py:149} INFO - [2023-05-06T23:28:05.651+0000] {taskmixin.py:211} WARNING - Dependency <Task(BashOperator): delete_tag>, create_tag already registered for DAG: example_complex
[2023-05-06T23:28:05.653+0000] {processor.py:809} INFO - DAG(s) dict_keys(['example_complex']) retrieved from /home/airflow/.local/lib/python3.7/site-packages/airflow/example_dags/example_complex.py
[2023-05-06T23:28:05.681+0000] {logging_mixin.py:149} INFO - [2023-05-06T23:28:05.681+0000] {dag.py:2726} INFO - Sync 1 DAGs
[2023-05-06T23:28:05.703+0000] {logging_mixin.py:149} INFO - [2023-05-06T23:28:05.703+0000] {dag.py:3490} INFO - Setting next_dagrun for example_complex to None, run_after=None
[2023-05-06T23:28:05.722+0000] {processor.py:178} INFO - Processing /home/airflow/.local/lib/python3.7/site-packages/airflow/example_dags/example_complex.py took 0.085 seconds
[2023-05-06T23:28:35.901+0000] {processor.py:156} INFO - Started process (PID=452) to work on /home/airflow/.local/lib/python3.7/site-packages/airflow/example_dags/example_complex.py
[2023-05-06T23:28:35.902+0000] {processor.py:799} INFO - Processing file /home/airflow/.local/lib/python3.7/site-packages/airflow/example_dags/example_complex.py for tasks to queue
[2023-05-06T23:28:35.902+0000] {logging_mixin.py:149} INFO - [2023-05-06T23:28:35.902+0000] {dagbag.py:541} INFO - Filling up the DagBag from /home/airflow/.local/lib/python3.7/site-packages/airflow/example_dags/example_complex.py
[2023-05-06T23:28:35.910+0000] {logging_mixin.py:149} INFO - [2023-05-06T23:28:35.910+0000] {taskmixin.py:211} WARNING - Dependency <Task(BashOperator): create_entry_group>, delete_entry_group already registered for DAG: example_complex
[2023-05-06T23:28:35.911+0000] {logging_mixin.py:149} INFO - [2023-05-06T23:28:35.911+0000] {taskmixin.py:211} WARNING - Dependency <Task(BashOperator): delete_entry_group>, create_entry_group already registered for DAG: example_complex
[2023-05-06T23:28:35.911+0000] {logging_mixin.py:149} INFO - [2023-05-06T23:28:35.911+0000] {taskmixin.py:211} WARNING - Dependency <Task(BashOperator): create_entry_gcs>, delete_entry already registered for DAG: example_complex
[2023-05-06T23:28:35.911+0000] {logging_mixin.py:149} INFO - [2023-05-06T23:28:35.911+0000] {taskmixin.py:211} WARNING - Dependency <Task(BashOperator): delete_entry>, create_entry_gcs already registered for DAG: example_complex
[2023-05-06T23:28:35.911+0000] {logging_mixin.py:149} INFO - [2023-05-06T23:28:35.911+0000] {taskmixin.py:211} WARNING - Dependency <Task(BashOperator): create_tag>, delete_tag already registered for DAG: example_complex
[2023-05-06T23:28:35.911+0000] {logging_mixin.py:149} INFO - [2023-05-06T23:28:35.911+0000] {taskmixin.py:211} WARNING - Dependency <Task(BashOperator): delete_tag>, create_tag already registered for DAG: example_complex
[2023-05-06T23:28:35.913+0000] {processor.py:809} INFO - DAG(s) dict_keys(['example_complex']) retrieved from /home/airflow/.local/lib/python3.7/site-packages/airflow/example_dags/example_complex.py
[2023-05-06T23:28:35.956+0000] {logging_mixin.py:149} INFO - [2023-05-06T23:28:35.956+0000] {dag.py:2726} INFO - Sync 1 DAGs
[2023-05-06T23:28:35.980+0000] {logging_mixin.py:149} INFO - [2023-05-06T23:28:35.980+0000] {dag.py:3490} INFO - Setting next_dagrun for example_complex to None, run_after=None
[2023-05-06T23:28:35.999+0000] {processor.py:178} INFO - Processing /home/airflow/.local/lib/python3.7/site-packages/airflow/example_dags/example_complex.py took 0.100 seconds
[2023-05-06T23:29:06.338+0000] {processor.py:156} INFO - Started process (PID=511) to work on /home/airflow/.local/lib/python3.7/site-packages/airflow/example_dags/example_complex.py
[2023-05-06T23:29:06.339+0000] {processor.py:799} INFO - Processing file /home/airflow/.local/lib/python3.7/site-packages/airflow/example_dags/example_complex.py for tasks to queue
[2023-05-06T23:29:06.340+0000] {logging_mixin.py:149} INFO - [2023-05-06T23:29:06.340+0000] {dagbag.py:541} INFO - Filling up the DagBag from /home/airflow/.local/lib/python3.7/site-packages/airflow/example_dags/example_complex.py
[2023-05-06T23:29:06.359+0000] {logging_mixin.py:149} INFO - [2023-05-06T23:29:06.359+0000] {taskmixin.py:211} WARNING - Dependency <Task(BashOperator): create_entry_group>, delete_entry_group already registered for DAG: example_complex
[2023-05-06T23:29:06.360+0000] {logging_mixin.py:149} INFO - [2023-05-06T23:29:06.360+0000] {taskmixin.py:211} WARNING - Dependency <Task(BashOperator): delete_entry_group>, create_entry_group already registered for DAG: example_complex
[2023-05-06T23:29:06.360+0000] {logging_mixin.py:149} INFO - [2023-05-06T23:29:06.360+0000] {taskmixin.py:211} WARNING - Dependency <Task(BashOperator): create_entry_gcs>, delete_entry already registered for DAG: example_complex
[2023-05-06T23:29:06.361+0000] {logging_mixin.py:149} INFO - [2023-05-06T23:29:06.360+0000] {taskmixin.py:211} WARNING - Dependency <Task(BashOperator): delete_entry>, create_entry_gcs already registered for DAG: example_complex
[2023-05-06T23:29:06.361+0000] {logging_mixin.py:149} INFO - [2023-05-06T23:29:06.361+0000] {taskmixin.py:211} WARNING - Dependency <Task(BashOperator): create_tag>, delete_tag already registered for DAG: example_complex
[2023-05-06T23:29:06.362+0000] {logging_mixin.py:149} INFO - [2023-05-06T23:29:06.362+0000] {taskmixin.py:211} WARNING - Dependency <Task(BashOperator): delete_tag>, create_tag already registered for DAG: example_complex
[2023-05-06T23:29:06.365+0000] {processor.py:809} INFO - DAG(s) dict_keys(['example_complex']) retrieved from /home/airflow/.local/lib/python3.7/site-packages/airflow/example_dags/example_complex.py
[2023-05-06T23:29:06.396+0000] {logging_mixin.py:149} INFO - [2023-05-06T23:29:06.396+0000] {dag.py:2726} INFO - Sync 1 DAGs
[2023-05-06T23:29:06.420+0000] {logging_mixin.py:149} INFO - [2023-05-06T23:29:06.420+0000] {dag.py:3490} INFO - Setting next_dagrun for example_complex to None, run_after=None
[2023-05-06T23:29:06.439+0000] {processor.py:178} INFO - Processing /home/airflow/.local/lib/python3.7/site-packages/airflow/example_dags/example_complex.py took 0.105 seconds
[2023-05-06T23:29:36.871+0000] {processor.py:156} INFO - Started process (PID=569) to work on /home/airflow/.local/lib/python3.7/site-packages/airflow/example_dags/example_complex.py
[2023-05-06T23:29:36.872+0000] {processor.py:799} INFO - Processing file /home/airflow/.local/lib/python3.7/site-packages/airflow/example_dags/example_complex.py for tasks to queue
[2023-05-06T23:29:36.874+0000] {logging_mixin.py:149} INFO - [2023-05-06T23:29:36.873+0000] {dagbag.py:541} INFO - Filling up the DagBag from /home/airflow/.local/lib/python3.7/site-packages/airflow/example_dags/example_complex.py
[2023-05-06T23:29:36.892+0000] {logging_mixin.py:149} INFO - [2023-05-06T23:29:36.892+0000] {taskmixin.py:211} WARNING - Dependency <Task(BashOperator): create_entry_group>, delete_entry_group already registered for DAG: example_complex
[2023-05-06T23:29:36.893+0000] {logging_mixin.py:149} INFO - [2023-05-06T23:29:36.892+0000] {taskmixin.py:211} WARNING - Dependency <Task(BashOperator): delete_entry_group>, create_entry_group already registered for DAG: example_complex
[2023-05-06T23:29:36.893+0000] {logging_mixin.py:149} INFO - [2023-05-06T23:29:36.893+0000] {taskmixin.py:211} WARNING - Dependency <Task(BashOperator): create_entry_gcs>, delete_entry already registered for DAG: example_complex
[2023-05-06T23:29:36.893+0000] {logging_mixin.py:149} INFO - [2023-05-06T23:29:36.893+0000] {taskmixin.py:211} WARNING - Dependency <Task(BashOperator): delete_entry>, create_entry_gcs already registered for DAG: example_complex
[2023-05-06T23:29:36.894+0000] {logging_mixin.py:149} INFO - [2023-05-06T23:29:36.894+0000] {taskmixin.py:211} WARNING - Dependency <Task(BashOperator): create_tag>, delete_tag already registered for DAG: example_complex
[2023-05-06T23:29:36.894+0000] {logging_mixin.py:149} INFO - [2023-05-06T23:29:36.894+0000] {taskmixin.py:211} WARNING - Dependency <Task(BashOperator): delete_tag>, create_tag already registered for DAG: example_complex
[2023-05-06T23:29:36.898+0000] {processor.py:809} INFO - DAG(s) dict_keys(['example_complex']) retrieved from /home/airflow/.local/lib/python3.7/site-packages/airflow/example_dags/example_complex.py
[2023-05-06T23:29:36.932+0000] {logging_mixin.py:149} INFO - [2023-05-06T23:29:36.932+0000] {dag.py:2726} INFO - Sync 1 DAGs
[2023-05-06T23:29:36.956+0000] {logging_mixin.py:149} INFO - [2023-05-06T23:29:36.956+0000] {dag.py:3490} INFO - Setting next_dagrun for example_complex to None, run_after=None
[2023-05-06T23:29:36.972+0000] {processor.py:178} INFO - Processing /home/airflow/.local/lib/python3.7/site-packages/airflow/example_dags/example_complex.py took 0.106 seconds
[2023-05-06T23:30:07.424+0000] {processor.py:156} INFO - Started process (PID=627) to work on /home/airflow/.local/lib/python3.7/site-packages/airflow/example_dags/example_complex.py
[2023-05-06T23:30:07.425+0000] {processor.py:799} INFO - Processing file /home/airflow/.local/lib/python3.7/site-packages/airflow/example_dags/example_complex.py for tasks to queue
[2023-05-06T23:30:07.425+0000] {logging_mixin.py:149} INFO - [2023-05-06T23:30:07.425+0000] {dagbag.py:541} INFO - Filling up the DagBag from /home/airflow/.local/lib/python3.7/site-packages/airflow/example_dags/example_complex.py
[2023-05-06T23:30:07.433+0000] {logging_mixin.py:149} INFO - [2023-05-06T23:30:07.433+0000] {taskmixin.py:211} WARNING - Dependency <Task(BashOperator): create_entry_group>, delete_entry_group already registered for DAG: example_complex
[2023-05-06T23:30:07.433+0000] {logging_mixin.py:149} INFO - [2023-05-06T23:30:07.433+0000] {taskmixin.py:211} WARNING - Dependency <Task(BashOperator): delete_entry_group>, create_entry_group already registered for DAG: example_complex
[2023-05-06T23:30:07.433+0000] {logging_mixin.py:149} INFO - [2023-05-06T23:30:07.433+0000] {taskmixin.py:211} WARNING - Dependency <Task(BashOperator): create_entry_gcs>, delete_entry already registered for DAG: example_complex
[2023-05-06T23:30:07.433+0000] {logging_mixin.py:149} INFO - [2023-05-06T23:30:07.433+0000] {taskmixin.py:211} WARNING - Dependency <Task(BashOperator): delete_entry>, create_entry_gcs already registered for DAG: example_complex
[2023-05-06T23:30:07.434+0000] {logging_mixin.py:149} INFO - [2023-05-06T23:30:07.434+0000] {taskmixin.py:211} WARNING - Dependency <Task(BashOperator): create_tag>, delete_tag already registered for DAG: example_complex
[2023-05-06T23:30:07.434+0000] {logging_mixin.py:149} INFO - [2023-05-06T23:30:07.434+0000] {taskmixin.py:211} WARNING - Dependency <Task(BashOperator): delete_tag>, create_tag already registered for DAG: example_complex
[2023-05-06T23:30:07.435+0000] {processor.py:809} INFO - DAG(s) dict_keys(['example_complex']) retrieved from /home/airflow/.local/lib/python3.7/site-packages/airflow/example_dags/example_complex.py
[2023-05-06T23:30:07.466+0000] {logging_mixin.py:149} INFO - [2023-05-06T23:30:07.465+0000] {dag.py:2726} INFO - Sync 1 DAGs
[2023-05-06T23:30:07.491+0000] {logging_mixin.py:149} INFO - [2023-05-06T23:30:07.491+0000] {dag.py:3490} INFO - Setting next_dagrun for example_complex to None, run_after=None
[2023-05-06T23:30:07.510+0000] {processor.py:178} INFO - Processing /home/airflow/.local/lib/python3.7/site-packages/airflow/example_dags/example_complex.py took 0.088 seconds
[2023-05-06T23:30:37.728+0000] {processor.py:156} INFO - Started process (PID=685) to work on /home/airflow/.local/lib/python3.7/site-packages/airflow/example_dags/example_complex.py
[2023-05-06T23:30:37.729+0000] {processor.py:799} INFO - Processing file /home/airflow/.local/lib/python3.7/site-packages/airflow/example_dags/example_complex.py for tasks to queue
[2023-05-06T23:30:37.729+0000] {logging_mixin.py:149} INFO - [2023-05-06T23:30:37.729+0000] {dagbag.py:541} INFO - Filling up the DagBag from /home/airflow/.local/lib/python3.7/site-packages/airflow/example_dags/example_complex.py
[2023-05-06T23:30:37.737+0000] {logging_mixin.py:149} INFO - [2023-05-06T23:30:37.737+0000] {taskmixin.py:211} WARNING - Dependency <Task(BashOperator): create_entry_group>, delete_entry_group already registered for DAG: example_complex
[2023-05-06T23:30:37.738+0000] {logging_mixin.py:149} INFO - [2023-05-06T23:30:37.738+0000] {taskmixin.py:211} WARNING - Dependency <Task(BashOperator): delete_entry_group>, create_entry_group already registered for DAG: example_complex
[2023-05-06T23:30:37.738+0000] {logging_mixin.py:149} INFO - [2023-05-06T23:30:37.738+0000] {taskmixin.py:211} WARNING - Dependency <Task(BashOperator): create_entry_gcs>, delete_entry already registered for DAG: example_complex
[2023-05-06T23:30:37.738+0000] {logging_mixin.py:149} INFO - [2023-05-06T23:30:37.738+0000] {taskmixin.py:211} WARNING - Dependency <Task(BashOperator): delete_entry>, create_entry_gcs already registered for DAG: example_complex
[2023-05-06T23:30:37.738+0000] {logging_mixin.py:149} INFO - [2023-05-06T23:30:37.738+0000] {taskmixin.py:211} WARNING - Dependency <Task(BashOperator): create_tag>, delete_tag already registered for DAG: example_complex
[2023-05-06T23:30:37.738+0000] {logging_mixin.py:149} INFO - [2023-05-06T23:30:37.738+0000] {taskmixin.py:211} WARNING - Dependency <Task(BashOperator): delete_tag>, create_tag already registered for DAG: example_complex
[2023-05-06T23:30:37.739+0000] {processor.py:809} INFO - DAG(s) dict_keys(['example_complex']) retrieved from /home/airflow/.local/lib/python3.7/site-packages/airflow/example_dags/example_complex.py
[2023-05-06T23:30:37.771+0000] {logging_mixin.py:149} INFO - [2023-05-06T23:30:37.771+0000] {dag.py:2726} INFO - Sync 1 DAGs
[2023-05-06T23:30:37.794+0000] {logging_mixin.py:149} INFO - [2023-05-06T23:30:37.794+0000] {dag.py:3490} INFO - Setting next_dagrun for example_complex to None, run_after=None
[2023-05-06T23:30:37.813+0000] {processor.py:178} INFO - Processing /home/airflow/.local/lib/python3.7/site-packages/airflow/example_dags/example_complex.py took 0.087 seconds
[2023-05-06T23:31:08.270+0000] {processor.py:156} INFO - Started process (PID=742) to work on /home/airflow/.local/lib/python3.7/site-packages/airflow/example_dags/example_complex.py
[2023-05-06T23:31:08.270+0000] {processor.py:799} INFO - Processing file /home/airflow/.local/lib/python3.7/site-packages/airflow/example_dags/example_complex.py for tasks to queue
[2023-05-06T23:31:08.271+0000] {logging_mixin.py:149} INFO - [2023-05-06T23:31:08.271+0000] {dagbag.py:541} INFO - Filling up the DagBag from /home/airflow/.local/lib/python3.7/site-packages/airflow/example_dags/example_complex.py
[2023-05-06T23:31:08.278+0000] {logging_mixin.py:149} INFO - [2023-05-06T23:31:08.278+0000] {taskmixin.py:211} WARNING - Dependency <Task(BashOperator): create_entry_group>, delete_entry_group already registered for DAG: example_complex
[2023-05-06T23:31:08.279+0000] {logging_mixin.py:149} INFO - [2023-05-06T23:31:08.279+0000] {taskmixin.py:211} WARNING - Dependency <Task(BashOperator): delete_entry_group>, create_entry_group already registered for DAG: example_complex
[2023-05-06T23:31:08.279+0000] {logging_mixin.py:149} INFO - [2023-05-06T23:31:08.279+0000] {taskmixin.py:211} WARNING - Dependency <Task(BashOperator): create_entry_gcs>, delete_entry already registered for DAG: example_complex
[2023-05-06T23:31:08.279+0000] {logging_mixin.py:149} INFO - [2023-05-06T23:31:08.279+0000] {taskmixin.py:211} WARNING - Dependency <Task(BashOperator): delete_entry>, create_entry_gcs already registered for DAG: example_complex
[2023-05-06T23:31:08.279+0000] {logging_mixin.py:149} INFO - [2023-05-06T23:31:08.279+0000] {taskmixin.py:211} WARNING - Dependency <Task(BashOperator): create_tag>, delete_tag already registered for DAG: example_complex
[2023-05-06T23:31:08.279+0000] {logging_mixin.py:149} INFO - [2023-05-06T23:31:08.279+0000] {taskmixin.py:211} WARNING - Dependency <Task(BashOperator): delete_tag>, create_tag already registered for DAG: example_complex
[2023-05-06T23:31:08.281+0000] {processor.py:809} INFO - DAG(s) dict_keys(['example_complex']) retrieved from /home/airflow/.local/lib/python3.7/site-packages/airflow/example_dags/example_complex.py
[2023-05-06T23:31:08.310+0000] {logging_mixin.py:149} INFO - [2023-05-06T23:31:08.310+0000] {dag.py:2726} INFO - Sync 1 DAGs
[2023-05-06T23:31:08.335+0000] {logging_mixin.py:149} INFO - [2023-05-06T23:31:08.334+0000] {dag.py:3490} INFO - Setting next_dagrun for example_complex to None, run_after=None
[2023-05-06T23:31:08.354+0000] {processor.py:178} INFO - Processing /home/airflow/.local/lib/python3.7/site-packages/airflow/example_dags/example_complex.py took 0.087 seconds
[2023-05-06T23:31:38.546+0000] {processor.py:156} INFO - Started process (PID=800) to work on /home/airflow/.local/lib/python3.7/site-packages/airflow/example_dags/example_complex.py
[2023-05-06T23:31:38.547+0000] {processor.py:799} INFO - Processing file /home/airflow/.local/lib/python3.7/site-packages/airflow/example_dags/example_complex.py for tasks to queue
[2023-05-06T23:31:38.547+0000] {logging_mixin.py:149} INFO - [2023-05-06T23:31:38.547+0000] {dagbag.py:541} INFO - Filling up the DagBag from /home/airflow/.local/lib/python3.7/site-packages/airflow/example_dags/example_complex.py
[2023-05-06T23:31:38.566+0000] {logging_mixin.py:149} INFO - [2023-05-06T23:31:38.566+0000] {taskmixin.py:211} WARNING - Dependency <Task(BashOperator): create_entry_group>, delete_entry_group already registered for DAG: example_complex
[2023-05-06T23:31:38.566+0000] {logging_mixin.py:149} INFO - [2023-05-06T23:31:38.566+0000] {taskmixin.py:211} WARNING - Dependency <Task(BashOperator): delete_entry_group>, create_entry_group already registered for DAG: example_complex
[2023-05-06T23:31:38.567+0000] {logging_mixin.py:149} INFO - [2023-05-06T23:31:38.567+0000] {taskmixin.py:211} WARNING - Dependency <Task(BashOperator): create_entry_gcs>, delete_entry already registered for DAG: example_complex
[2023-05-06T23:31:38.567+0000] {logging_mixin.py:149} INFO - [2023-05-06T23:31:38.567+0000] {taskmixin.py:211} WARNING - Dependency <Task(BashOperator): delete_entry>, create_entry_gcs already registered for DAG: example_complex
[2023-05-06T23:31:38.568+0000] {logging_mixin.py:149} INFO - [2023-05-06T23:31:38.567+0000] {taskmixin.py:211} WARNING - Dependency <Task(BashOperator): create_tag>, delete_tag already registered for DAG: example_complex
[2023-05-06T23:31:38.568+0000] {logging_mixin.py:149} INFO - [2023-05-06T23:31:38.568+0000] {taskmixin.py:211} WARNING - Dependency <Task(BashOperator): delete_tag>, create_tag already registered for DAG: example_complex
[2023-05-06T23:31:38.571+0000] {processor.py:809} INFO - DAG(s) dict_keys(['example_complex']) retrieved from /home/airflow/.local/lib/python3.7/site-packages/airflow/example_dags/example_complex.py
[2023-05-06T23:31:38.601+0000] {logging_mixin.py:149} INFO - [2023-05-06T23:31:38.601+0000] {dag.py:2726} INFO - Sync 1 DAGs
[2023-05-06T23:31:38.623+0000] {logging_mixin.py:149} INFO - [2023-05-06T23:31:38.623+0000] {dag.py:3490} INFO - Setting next_dagrun for example_complex to None, run_after=None
[2023-05-06T23:31:38.642+0000] {processor.py:178} INFO - Processing /home/airflow/.local/lib/python3.7/site-packages/airflow/example_dags/example_complex.py took 0.101 seconds
[2023-05-06T23:32:09.063+0000] {processor.py:156} INFO - Started process (PID=858) to work on /home/airflow/.local/lib/python3.7/site-packages/airflow/example_dags/example_complex.py
[2023-05-06T23:32:09.064+0000] {processor.py:799} INFO - Processing file /home/airflow/.local/lib/python3.7/site-packages/airflow/example_dags/example_complex.py for tasks to queue
[2023-05-06T23:32:09.064+0000] {logging_mixin.py:149} INFO - [2023-05-06T23:32:09.064+0000] {dagbag.py:541} INFO - Filling up the DagBag from /home/airflow/.local/lib/python3.7/site-packages/airflow/example_dags/example_complex.py
[2023-05-06T23:32:09.083+0000] {logging_mixin.py:149} INFO - [2023-05-06T23:32:09.082+0000] {taskmixin.py:211} WARNING - Dependency <Task(BashOperator): create_entry_group>, delete_entry_group already registered for DAG: example_complex
[2023-05-06T23:32:09.083+0000] {logging_mixin.py:149} INFO - [2023-05-06T23:32:09.083+0000] {taskmixin.py:211} WARNING - Dependency <Task(BashOperator): delete_entry_group>, create_entry_group already registered for DAG: example_complex
[2023-05-06T23:32:09.083+0000] {logging_mixin.py:149} INFO - [2023-05-06T23:32:09.083+0000] {taskmixin.py:211} WARNING - Dependency <Task(BashOperator): create_entry_gcs>, delete_entry already registered for DAG: example_complex
[2023-05-06T23:32:09.084+0000] {logging_mixin.py:149} INFO - [2023-05-06T23:32:09.083+0000] {taskmixin.py:211} WARNING - Dependency <Task(BashOperator): delete_entry>, create_entry_gcs already registered for DAG: example_complex
[2023-05-06T23:32:09.084+0000] {logging_mixin.py:149} INFO - [2023-05-06T23:32:09.084+0000] {taskmixin.py:211} WARNING - Dependency <Task(BashOperator): create_tag>, delete_tag already registered for DAG: example_complex
[2023-05-06T23:32:09.084+0000] {logging_mixin.py:149} INFO - [2023-05-06T23:32:09.084+0000] {taskmixin.py:211} WARNING - Dependency <Task(BashOperator): delete_tag>, create_tag already registered for DAG: example_complex
[2023-05-06T23:32:09.087+0000] {processor.py:809} INFO - DAG(s) dict_keys(['example_complex']) retrieved from /home/airflow/.local/lib/python3.7/site-packages/airflow/example_dags/example_complex.py
[2023-05-06T23:32:09.119+0000] {logging_mixin.py:149} INFO - [2023-05-06T23:32:09.119+0000] {dag.py:2726} INFO - Sync 1 DAGs
[2023-05-06T23:32:09.141+0000] {logging_mixin.py:149} INFO - [2023-05-06T23:32:09.141+0000] {dag.py:3490} INFO - Setting next_dagrun for example_complex to None, run_after=None
[2023-05-06T23:32:09.161+0000] {processor.py:178} INFO - Processing /home/airflow/.local/lib/python3.7/site-packages/airflow/example_dags/example_complex.py took 0.102 seconds
[2023-05-06T23:32:39.504+0000] {processor.py:156} INFO - Started process (PID=916) to work on /home/airflow/.local/lib/python3.7/site-packages/airflow/example_dags/example_complex.py
[2023-05-06T23:32:39.505+0000] {processor.py:799} INFO - Processing file /home/airflow/.local/lib/python3.7/site-packages/airflow/example_dags/example_complex.py for tasks to queue
[2023-05-06T23:32:39.505+0000] {logging_mixin.py:149} INFO - [2023-05-06T23:32:39.505+0000] {dagbag.py:541} INFO - Filling up the DagBag from /home/airflow/.local/lib/python3.7/site-packages/airflow/example_dags/example_complex.py
[2023-05-06T23:32:39.514+0000] {logging_mixin.py:149} INFO - [2023-05-06T23:32:39.513+0000] {taskmixin.py:211} WARNING - Dependency <Task(BashOperator): create_entry_group>, delete_entry_group already registered for DAG: example_complex
[2023-05-06T23:32:39.514+0000] {logging_mixin.py:149} INFO - [2023-05-06T23:32:39.514+0000] {taskmixin.py:211} WARNING - Dependency <Task(BashOperator): delete_entry_group>, create_entry_group already registered for DAG: example_complex
[2023-05-06T23:32:39.514+0000] {logging_mixin.py:149} INFO - [2023-05-06T23:32:39.514+0000] {taskmixin.py:211} WARNING - Dependency <Task(BashOperator): create_entry_gcs>, delete_entry already registered for DAG: example_complex
[2023-05-06T23:32:39.514+0000] {logging_mixin.py:149} INFO - [2023-05-06T23:32:39.514+0000] {taskmixin.py:211} WARNING - Dependency <Task(BashOperator): delete_entry>, create_entry_gcs already registered for DAG: example_complex
[2023-05-06T23:32:39.514+0000] {logging_mixin.py:149} INFO - [2023-05-06T23:32:39.514+0000] {taskmixin.py:211} WARNING - Dependency <Task(BashOperator): create_tag>, delete_tag already registered for DAG: example_complex
[2023-05-06T23:32:39.515+0000] {logging_mixin.py:149} INFO - [2023-05-06T23:32:39.514+0000] {taskmixin.py:211} WARNING - Dependency <Task(BashOperator): delete_tag>, create_tag already registered for DAG: example_complex
[2023-05-06T23:32:39.516+0000] {processor.py:809} INFO - DAG(s) dict_keys(['example_complex']) retrieved from /home/airflow/.local/lib/python3.7/site-packages/airflow/example_dags/example_complex.py
[2023-05-06T23:32:39.551+0000] {logging_mixin.py:149} INFO - [2023-05-06T23:32:39.551+0000] {dag.py:2726} INFO - Sync 1 DAGs
[2023-05-06T23:32:39.576+0000] {logging_mixin.py:149} INFO - [2023-05-06T23:32:39.575+0000] {dag.py:3490} INFO - Setting next_dagrun for example_complex to None, run_after=None
[2023-05-06T23:32:39.595+0000] {processor.py:178} INFO - Processing /home/airflow/.local/lib/python3.7/site-packages/airflow/example_dags/example_complex.py took 0.094 seconds
[2023-05-06T23:33:09.860+0000] {processor.py:156} INFO - Started process (PID=974) to work on /home/airflow/.local/lib/python3.7/site-packages/airflow/example_dags/example_complex.py
[2023-05-06T23:33:09.861+0000] {processor.py:799} INFO - Processing file /home/airflow/.local/lib/python3.7/site-packages/airflow/example_dags/example_complex.py for tasks to queue
[2023-05-06T23:33:09.862+0000] {logging_mixin.py:149} INFO - [2023-05-06T23:33:09.862+0000] {dagbag.py:541} INFO - Filling up the DagBag from /home/airflow/.local/lib/python3.7/site-packages/airflow/example_dags/example_complex.py
[2023-05-06T23:33:09.880+0000] {logging_mixin.py:149} INFO - [2023-05-06T23:33:09.880+0000] {taskmixin.py:211} WARNING - Dependency <Task(BashOperator): create_entry_group>, delete_entry_group already registered for DAG: example_complex
[2023-05-06T23:33:09.881+0000] {logging_mixin.py:149} INFO - [2023-05-06T23:33:09.880+0000] {taskmixin.py:211} WARNING - Dependency <Task(BashOperator): delete_entry_group>, create_entry_group already registered for DAG: example_complex
[2023-05-06T23:33:09.881+0000] {logging_mixin.py:149} INFO - [2023-05-06T23:33:09.881+0000] {taskmixin.py:211} WARNING - Dependency <Task(BashOperator): create_entry_gcs>, delete_entry already registered for DAG: example_complex
[2023-05-06T23:33:09.881+0000] {logging_mixin.py:149} INFO - [2023-05-06T23:33:09.881+0000] {taskmixin.py:211} WARNING - Dependency <Task(BashOperator): delete_entry>, create_entry_gcs already registered for DAG: example_complex
[2023-05-06T23:33:09.882+0000] {logging_mixin.py:149} INFO - [2023-05-06T23:33:09.882+0000] {taskmixin.py:211} WARNING - Dependency <Task(BashOperator): create_tag>, delete_tag already registered for DAG: example_complex
[2023-05-06T23:33:09.882+0000] {logging_mixin.py:149} INFO - [2023-05-06T23:33:09.882+0000] {taskmixin.py:211} WARNING - Dependency <Task(BashOperator): delete_tag>, create_tag already registered for DAG: example_complex
[2023-05-06T23:33:09.885+0000] {processor.py:809} INFO - DAG(s) dict_keys(['example_complex']) retrieved from /home/airflow/.local/lib/python3.7/site-packages/airflow/example_dags/example_complex.py
[2023-05-06T23:33:09.917+0000] {logging_mixin.py:149} INFO - [2023-05-06T23:33:09.917+0000] {dag.py:2726} INFO - Sync 1 DAGs
[2023-05-06T23:33:09.939+0000] {logging_mixin.py:149} INFO - [2023-05-06T23:33:09.939+0000] {dag.py:3490} INFO - Setting next_dagrun for example_complex to None, run_after=None
[2023-05-06T23:33:09.957+0000] {processor.py:178} INFO - Processing /home/airflow/.local/lib/python3.7/site-packages/airflow/example_dags/example_complex.py took 0.100 seconds
[2023-05-06T23:33:40.340+0000] {processor.py:156} INFO - Started process (PID=1033) to work on /home/airflow/.local/lib/python3.7/site-packages/airflow/example_dags/example_complex.py
[2023-05-06T23:33:40.341+0000] {processor.py:799} INFO - Processing file /home/airflow/.local/lib/python3.7/site-packages/airflow/example_dags/example_complex.py for tasks to queue
[2023-05-06T23:33:40.341+0000] {logging_mixin.py:149} INFO - [2023-05-06T23:33:40.341+0000] {dagbag.py:541} INFO - Filling up the DagBag from /home/airflow/.local/lib/python3.7/site-packages/airflow/example_dags/example_complex.py
[2023-05-06T23:33:40.349+0000] {logging_mixin.py:149} INFO - [2023-05-06T23:33:40.349+0000] {taskmixin.py:211} WARNING - Dependency <Task(BashOperator): create_entry_group>, delete_entry_group already registered for DAG: example_complex
[2023-05-06T23:33:40.349+0000] {logging_mixin.py:149} INFO - [2023-05-06T23:33:40.349+0000] {taskmixin.py:211} WARNING - Dependency <Task(BashOperator): delete_entry_group>, create_entry_group already registered for DAG: example_complex
[2023-05-06T23:33:40.349+0000] {logging_mixin.py:149} INFO - [2023-05-06T23:33:40.349+0000] {taskmixin.py:211} WARNING - Dependency <Task(BashOperator): create_entry_gcs>, delete_entry already registered for DAG: example_complex
[2023-05-06T23:33:40.350+0000] {logging_mixin.py:149} INFO - [2023-05-06T23:33:40.350+0000] {taskmixin.py:211} WARNING - Dependency <Task(BashOperator): delete_entry>, create_entry_gcs already registered for DAG: example_complex
[2023-05-06T23:33:40.350+0000] {logging_mixin.py:149} INFO - [2023-05-06T23:33:40.350+0000] {taskmixin.py:211} WARNING - Dependency <Task(BashOperator): create_tag>, delete_tag already registered for DAG: example_complex
[2023-05-06T23:33:40.350+0000] {logging_mixin.py:149} INFO - [2023-05-06T23:33:40.350+0000] {taskmixin.py:211} WARNING - Dependency <Task(BashOperator): delete_tag>, create_tag already registered for DAG: example_complex
[2023-05-06T23:33:40.351+0000] {processor.py:809} INFO - DAG(s) dict_keys(['example_complex']) retrieved from /home/airflow/.local/lib/python3.7/site-packages/airflow/example_dags/example_complex.py
[2023-05-06T23:33:40.379+0000] {logging_mixin.py:149} INFO - [2023-05-06T23:33:40.379+0000] {dag.py:2726} INFO - Sync 1 DAGs
[2023-05-06T23:33:40.403+0000] {logging_mixin.py:149} INFO - [2023-05-06T23:33:40.403+0000] {dag.py:3490} INFO - Setting next_dagrun for example_complex to None, run_after=None
[2023-05-06T23:33:40.424+0000] {processor.py:178} INFO - Processing /home/airflow/.local/lib/python3.7/site-packages/airflow/example_dags/example_complex.py took 0.086 seconds
[2023-05-06T23:34:10.668+0000] {processor.py:156} INFO - Started process (PID=1091) to work on /home/airflow/.local/lib/python3.7/site-packages/airflow/example_dags/example_complex.py
[2023-05-06T23:34:10.669+0000] {processor.py:799} INFO - Processing file /home/airflow/.local/lib/python3.7/site-packages/airflow/example_dags/example_complex.py for tasks to queue
[2023-05-06T23:34:10.669+0000] {logging_mixin.py:149} INFO - [2023-05-06T23:34:10.669+0000] {dagbag.py:541} INFO - Filling up the DagBag from /home/airflow/.local/lib/python3.7/site-packages/airflow/example_dags/example_complex.py
[2023-05-06T23:34:10.688+0000] {logging_mixin.py:149} INFO - [2023-05-06T23:34:10.687+0000] {taskmixin.py:211} WARNING - Dependency <Task(BashOperator): create_entry_group>, delete_entry_group already registered for DAG: example_complex
[2023-05-06T23:34:10.688+0000] {logging_mixin.py:149} INFO - [2023-05-06T23:34:10.688+0000] {taskmixin.py:211} WARNING - Dependency <Task(BashOperator): delete_entry_group>, create_entry_group already registered for DAG: example_complex
[2023-05-06T23:34:10.689+0000] {logging_mixin.py:149} INFO - [2023-05-06T23:34:10.688+0000] {taskmixin.py:211} WARNING - Dependency <Task(BashOperator): create_entry_gcs>, delete_entry already registered for DAG: example_complex
[2023-05-06T23:34:10.689+0000] {logging_mixin.py:149} INFO - [2023-05-06T23:34:10.689+0000] {taskmixin.py:211} WARNING - Dependency <Task(BashOperator): delete_entry>, create_entry_gcs already registered for DAG: example_complex
[2023-05-06T23:34:10.690+0000] {logging_mixin.py:149} INFO - [2023-05-06T23:34:10.689+0000] {taskmixin.py:211} WARNING - Dependency <Task(BashOperator): create_tag>, delete_tag already registered for DAG: example_complex
[2023-05-06T23:34:10.690+0000] {logging_mixin.py:149} INFO - [2023-05-06T23:34:10.690+0000] {taskmixin.py:211} WARNING - Dependency <Task(BashOperator): delete_tag>, create_tag already registered for DAG: example_complex
[2023-05-06T23:34:10.693+0000] {processor.py:809} INFO - DAG(s) dict_keys(['example_complex']) retrieved from /home/airflow/.local/lib/python3.7/site-packages/airflow/example_dags/example_complex.py
[2023-05-06T23:34:10.723+0000] {logging_mixin.py:149} INFO - [2023-05-06T23:34:10.723+0000] {dag.py:2726} INFO - Sync 1 DAGs
[2023-05-06T23:34:10.746+0000] {logging_mixin.py:149} INFO - [2023-05-06T23:34:10.746+0000] {dag.py:3490} INFO - Setting next_dagrun for example_complex to None, run_after=None
[2023-05-06T23:34:10.763+0000] {processor.py:178} INFO - Processing /home/airflow/.local/lib/python3.7/site-packages/airflow/example_dags/example_complex.py took 0.100 seconds
[2023-05-06T23:34:41.188+0000] {processor.py:156} INFO - Started process (PID=1149) to work on /home/airflow/.local/lib/python3.7/site-packages/airflow/example_dags/example_complex.py
[2023-05-06T23:34:41.189+0000] {processor.py:799} INFO - Processing file /home/airflow/.local/lib/python3.7/site-packages/airflow/example_dags/example_complex.py for tasks to queue
[2023-05-06T23:34:41.189+0000] {logging_mixin.py:149} INFO - [2023-05-06T23:34:41.189+0000] {dagbag.py:541} INFO - Filling up the DagBag from /home/airflow/.local/lib/python3.7/site-packages/airflow/example_dags/example_complex.py
[2023-05-06T23:34:41.197+0000] {logging_mixin.py:149} INFO - [2023-05-06T23:34:41.197+0000] {taskmixin.py:211} WARNING - Dependency <Task(BashOperator): create_entry_group>, delete_entry_group already registered for DAG: example_complex
[2023-05-06T23:34:41.198+0000] {logging_mixin.py:149} INFO - [2023-05-06T23:34:41.198+0000] {taskmixin.py:211} WARNING - Dependency <Task(BashOperator): delete_entry_group>, create_entry_group already registered for DAG: example_complex
[2023-05-06T23:34:41.198+0000] {logging_mixin.py:149} INFO - [2023-05-06T23:34:41.198+0000] {taskmixin.py:211} WARNING - Dependency <Task(BashOperator): create_entry_gcs>, delete_entry already registered for DAG: example_complex
[2023-05-06T23:34:41.198+0000] {logging_mixin.py:149} INFO - [2023-05-06T23:34:41.198+0000] {taskmixin.py:211} WARNING - Dependency <Task(BashOperator): delete_entry>, create_entry_gcs already registered for DAG: example_complex
[2023-05-06T23:34:41.198+0000] {logging_mixin.py:149} INFO - [2023-05-06T23:34:41.198+0000] {taskmixin.py:211} WARNING - Dependency <Task(BashOperator): create_tag>, delete_tag already registered for DAG: example_complex
[2023-05-06T23:34:41.198+0000] {logging_mixin.py:149} INFO - [2023-05-06T23:34:41.198+0000] {taskmixin.py:211} WARNING - Dependency <Task(BashOperator): delete_tag>, create_tag already registered for DAG: example_complex
[2023-05-06T23:34:41.200+0000] {processor.py:809} INFO - DAG(s) dict_keys(['example_complex']) retrieved from /home/airflow/.local/lib/python3.7/site-packages/airflow/example_dags/example_complex.py
[2023-05-06T23:34:41.229+0000] {logging_mixin.py:149} INFO - [2023-05-06T23:34:41.229+0000] {dag.py:2726} INFO - Sync 1 DAGs
[2023-05-06T23:34:41.252+0000] {logging_mixin.py:149} INFO - [2023-05-06T23:34:41.252+0000] {dag.py:3490} INFO - Setting next_dagrun for example_complex to None, run_after=None
[2023-05-06T23:34:41.271+0000] {processor.py:178} INFO - Processing /home/airflow/.local/lib/python3.7/site-packages/airflow/example_dags/example_complex.py took 0.085 seconds
[2023-05-06T23:35:11.760+0000] {processor.py:156} INFO - Started process (PID=1207) to work on /home/airflow/.local/lib/python3.7/site-packages/airflow/example_dags/example_complex.py
[2023-05-06T23:35:11.760+0000] {processor.py:799} INFO - Processing file /home/airflow/.local/lib/python3.7/site-packages/airflow/example_dags/example_complex.py for tasks to queue
[2023-05-06T23:35:11.761+0000] {logging_mixin.py:149} INFO - [2023-05-06T23:35:11.761+0000] {dagbag.py:541} INFO - Filling up the DagBag from /home/airflow/.local/lib/python3.7/site-packages/airflow/example_dags/example_complex.py
[2023-05-06T23:35:11.769+0000] {logging_mixin.py:149} INFO - [2023-05-06T23:35:11.769+0000] {taskmixin.py:211} WARNING - Dependency <Task(BashOperator): create_entry_group>, delete_entry_group already registered for DAG: example_complex
[2023-05-06T23:35:11.769+0000] {logging_mixin.py:149} INFO - [2023-05-06T23:35:11.769+0000] {taskmixin.py:211} WARNING - Dependency <Task(BashOperator): delete_entry_group>, create_entry_group already registered for DAG: example_complex
[2023-05-06T23:35:11.769+0000] {logging_mixin.py:149} INFO - [2023-05-06T23:35:11.769+0000] {taskmixin.py:211} WARNING - Dependency <Task(BashOperator): create_entry_gcs>, delete_entry already registered for DAG: example_complex
[2023-05-06T23:35:11.769+0000] {logging_mixin.py:149} INFO - [2023-05-06T23:35:11.769+0000] {taskmixin.py:211} WARNING - Dependency <Task(BashOperator): delete_entry>, create_entry_gcs already registered for DAG: example_complex
[2023-05-06T23:35:11.769+0000] {logging_mixin.py:149} INFO - [2023-05-06T23:35:11.769+0000] {taskmixin.py:211} WARNING - Dependency <Task(BashOperator): create_tag>, delete_tag already registered for DAG: example_complex
[2023-05-06T23:35:11.770+0000] {logging_mixin.py:149} INFO - [2023-05-06T23:35:11.770+0000] {taskmixin.py:211} WARNING - Dependency <Task(BashOperator): delete_tag>, create_tag already registered for DAG: example_complex
[2023-05-06T23:35:11.771+0000] {processor.py:809} INFO - DAG(s) dict_keys(['example_complex']) retrieved from /home/airflow/.local/lib/python3.7/site-packages/airflow/example_dags/example_complex.py
[2023-05-06T23:35:11.798+0000] {logging_mixin.py:149} INFO - [2023-05-06T23:35:11.798+0000] {dag.py:2726} INFO - Sync 1 DAGs
[2023-05-06T23:35:11.823+0000] {logging_mixin.py:149} INFO - [2023-05-06T23:35:11.823+0000] {dag.py:3490} INFO - Setting next_dagrun for example_complex to None, run_after=None
[2023-05-06T23:35:11.842+0000] {processor.py:178} INFO - Processing /home/airflow/.local/lib/python3.7/site-packages/airflow/example_dags/example_complex.py took 0.084 seconds
[2023-05-06T23:35:42.284+0000] {processor.py:156} INFO - Started process (PID=1265) to work on /home/airflow/.local/lib/python3.7/site-packages/airflow/example_dags/example_complex.py
[2023-05-06T23:35:42.285+0000] {processor.py:799} INFO - Processing file /home/airflow/.local/lib/python3.7/site-packages/airflow/example_dags/example_complex.py for tasks to queue
[2023-05-06T23:35:42.285+0000] {logging_mixin.py:149} INFO - [2023-05-06T23:35:42.285+0000] {dagbag.py:541} INFO - Filling up the DagBag from /home/airflow/.local/lib/python3.7/site-packages/airflow/example_dags/example_complex.py
[2023-05-06T23:35:42.293+0000] {logging_mixin.py:149} INFO - [2023-05-06T23:35:42.293+0000] {taskmixin.py:211} WARNING - Dependency <Task(BashOperator): create_entry_group>, delete_entry_group already registered for DAG: example_complex
[2023-05-06T23:35:42.293+0000] {logging_mixin.py:149} INFO - [2023-05-06T23:35:42.293+0000] {taskmixin.py:211} WARNING - Dependency <Task(BashOperator): delete_entry_group>, create_entry_group already registered for DAG: example_complex
[2023-05-06T23:35:42.293+0000] {logging_mixin.py:149} INFO - [2023-05-06T23:35:42.293+0000] {taskmixin.py:211} WARNING - Dependency <Task(BashOperator): create_entry_gcs>, delete_entry already registered for DAG: example_complex
[2023-05-06T23:35:42.293+0000] {logging_mixin.py:149} INFO - [2023-05-06T23:35:42.293+0000] {taskmixin.py:211} WARNING - Dependency <Task(BashOperator): delete_entry>, create_entry_gcs already registered for DAG: example_complex
[2023-05-06T23:35:42.293+0000] {logging_mixin.py:149} INFO - [2023-05-06T23:35:42.293+0000] {taskmixin.py:211} WARNING - Dependency <Task(BashOperator): create_tag>, delete_tag already registered for DAG: example_complex
[2023-05-06T23:35:42.294+0000] {logging_mixin.py:149} INFO - [2023-05-06T23:35:42.294+0000] {taskmixin.py:211} WARNING - Dependency <Task(BashOperator): delete_tag>, create_tag already registered for DAG: example_complex
[2023-05-06T23:35:42.295+0000] {processor.py:809} INFO - DAG(s) dict_keys(['example_complex']) retrieved from /home/airflow/.local/lib/python3.7/site-packages/airflow/example_dags/example_complex.py
[2023-05-06T23:35:42.323+0000] {logging_mixin.py:149} INFO - [2023-05-06T23:35:42.322+0000] {dag.py:2726} INFO - Sync 1 DAGs
[2023-05-06T23:35:42.344+0000] {logging_mixin.py:149} INFO - [2023-05-06T23:35:42.344+0000] {dag.py:3490} INFO - Setting next_dagrun for example_complex to None, run_after=None
[2023-05-06T23:35:42.361+0000] {processor.py:178} INFO - Processing /home/airflow/.local/lib/python3.7/site-packages/airflow/example_dags/example_complex.py took 0.079 seconds
[2023-05-06T23:36:12.640+0000] {processor.py:156} INFO - Started process (PID=1323) to work on /home/airflow/.local/lib/python3.7/site-packages/airflow/example_dags/example_complex.py
[2023-05-06T23:36:12.641+0000] {processor.py:799} INFO - Processing file /home/airflow/.local/lib/python3.7/site-packages/airflow/example_dags/example_complex.py for tasks to queue
[2023-05-06T23:36:12.641+0000] {logging_mixin.py:149} INFO - [2023-05-06T23:36:12.641+0000] {dagbag.py:541} INFO - Filling up the DagBag from /home/airflow/.local/lib/python3.7/site-packages/airflow/example_dags/example_complex.py
[2023-05-06T23:36:12.658+0000] {logging_mixin.py:149} INFO - [2023-05-06T23:36:12.658+0000] {taskmixin.py:211} WARNING - Dependency <Task(BashOperator): create_entry_group>, delete_entry_group already registered for DAG: example_complex
[2023-05-06T23:36:12.658+0000] {logging_mixin.py:149} INFO - [2023-05-06T23:36:12.658+0000] {taskmixin.py:211} WARNING - Dependency <Task(BashOperator): delete_entry_group>, create_entry_group already registered for DAG: example_complex
[2023-05-06T23:36:12.659+0000] {logging_mixin.py:149} INFO - [2023-05-06T23:36:12.659+0000] {taskmixin.py:211} WARNING - Dependency <Task(BashOperator): create_entry_gcs>, delete_entry already registered for DAG: example_complex
[2023-05-06T23:36:12.659+0000] {logging_mixin.py:149} INFO - [2023-05-06T23:36:12.659+0000] {taskmixin.py:211} WARNING - Dependency <Task(BashOperator): delete_entry>, create_entry_gcs already registered for DAG: example_complex
[2023-05-06T23:36:12.660+0000] {logging_mixin.py:149} INFO - [2023-05-06T23:36:12.660+0000] {taskmixin.py:211} WARNING - Dependency <Task(BashOperator): create_tag>, delete_tag already registered for DAG: example_complex
[2023-05-06T23:36:12.660+0000] {logging_mixin.py:149} INFO - [2023-05-06T23:36:12.660+0000] {taskmixin.py:211} WARNING - Dependency <Task(BashOperator): delete_tag>, create_tag already registered for DAG: example_complex
[2023-05-06T23:36:12.663+0000] {processor.py:809} INFO - DAG(s) dict_keys(['example_complex']) retrieved from /home/airflow/.local/lib/python3.7/site-packages/airflow/example_dags/example_complex.py
[2023-05-06T23:36:12.713+0000] {logging_mixin.py:149} INFO - [2023-05-06T23:36:12.713+0000] {dag.py:2726} INFO - Sync 1 DAGs
[2023-05-06T23:36:12.736+0000] {logging_mixin.py:149} INFO - [2023-05-06T23:36:12.736+0000] {dag.py:3490} INFO - Setting next_dagrun for example_complex to None, run_after=None
[2023-05-06T23:36:12.754+0000] {processor.py:178} INFO - Processing /home/airflow/.local/lib/python3.7/site-packages/airflow/example_dags/example_complex.py took 0.119 seconds
[2023-05-06T23:36:42.956+0000] {processor.py:156} INFO - Started process (PID=1381) to work on /home/airflow/.local/lib/python3.7/site-packages/airflow/example_dags/example_complex.py
[2023-05-06T23:36:42.956+0000] {processor.py:799} INFO - Processing file /home/airflow/.local/lib/python3.7/site-packages/airflow/example_dags/example_complex.py for tasks to queue
[2023-05-06T23:36:42.957+0000] {logging_mixin.py:149} INFO - [2023-05-06T23:36:42.957+0000] {dagbag.py:541} INFO - Filling up the DagBag from /home/airflow/.local/lib/python3.7/site-packages/airflow/example_dags/example_complex.py
[2023-05-06T23:36:42.965+0000] {logging_mixin.py:149} INFO - [2023-05-06T23:36:42.964+0000] {taskmixin.py:211} WARNING - Dependency <Task(BashOperator): create_entry_group>, delete_entry_group already registered for DAG: example_complex
[2023-05-06T23:36:42.965+0000] {logging_mixin.py:149} INFO - [2023-05-06T23:36:42.965+0000] {taskmixin.py:211} WARNING - Dependency <Task(BashOperator): delete_entry_group>, create_entry_group already registered for DAG: example_complex
[2023-05-06T23:36:42.965+0000] {logging_mixin.py:149} INFO - [2023-05-06T23:36:42.965+0000] {taskmixin.py:211} WARNING - Dependency <Task(BashOperator): create_entry_gcs>, delete_entry already registered for DAG: example_complex
[2023-05-06T23:36:42.965+0000] {logging_mixin.py:149} INFO - [2023-05-06T23:36:42.965+0000] {taskmixin.py:211} WARNING - Dependency <Task(BashOperator): delete_entry>, create_entry_gcs already registered for DAG: example_complex
[2023-05-06T23:36:42.965+0000] {logging_mixin.py:149} INFO - [2023-05-06T23:36:42.965+0000] {taskmixin.py:211} WARNING - Dependency <Task(BashOperator): create_tag>, delete_tag already registered for DAG: example_complex
[2023-05-06T23:36:42.966+0000] {logging_mixin.py:149} INFO - [2023-05-06T23:36:42.965+0000] {taskmixin.py:211} WARNING - Dependency <Task(BashOperator): delete_tag>, create_tag already registered for DAG: example_complex
[2023-05-06T23:36:42.967+0000] {processor.py:809} INFO - DAG(s) dict_keys(['example_complex']) retrieved from /home/airflow/.local/lib/python3.7/site-packages/airflow/example_dags/example_complex.py
[2023-05-06T23:36:42.996+0000] {logging_mixin.py:149} INFO - [2023-05-06T23:36:42.996+0000] {dag.py:2726} INFO - Sync 1 DAGs
[2023-05-06T23:36:43.020+0000] {logging_mixin.py:149} INFO - [2023-05-06T23:36:43.020+0000] {dag.py:3490} INFO - Setting next_dagrun for example_complex to None, run_after=None
[2023-05-06T23:36:43.037+0000] {processor.py:178} INFO - Processing /home/airflow/.local/lib/python3.7/site-packages/airflow/example_dags/example_complex.py took 0.084 seconds
[2023-05-06T23:37:13.727+0000] {processor.py:156} INFO - Started process (PID=1439) to work on /home/airflow/.local/lib/python3.7/site-packages/airflow/example_dags/example_complex.py
[2023-05-06T23:37:13.728+0000] {processor.py:799} INFO - Processing file /home/airflow/.local/lib/python3.7/site-packages/airflow/example_dags/example_complex.py for tasks to queue
[2023-05-06T23:37:13.728+0000] {logging_mixin.py:149} INFO - [2023-05-06T23:37:13.728+0000] {dagbag.py:541} INFO - Filling up the DagBag from /home/airflow/.local/lib/python3.7/site-packages/airflow/example_dags/example_complex.py
[2023-05-06T23:37:13.744+0000] {logging_mixin.py:149} INFO - [2023-05-06T23:37:13.744+0000] {taskmixin.py:211} WARNING - Dependency <Task(BashOperator): create_entry_group>, delete_entry_group already registered for DAG: example_complex
[2023-05-06T23:37:13.745+0000] {logging_mixin.py:149} INFO - [2023-05-06T23:37:13.744+0000] {taskmixin.py:211} WARNING - Dependency <Task(BashOperator): delete_entry_group>, create_entry_group already registered for DAG: example_complex
[2023-05-06T23:37:13.745+0000] {logging_mixin.py:149} INFO - [2023-05-06T23:37:13.745+0000] {taskmixin.py:211} WARNING - Dependency <Task(BashOperator): create_entry_gcs>, delete_entry already registered for DAG: example_complex
[2023-05-06T23:37:13.745+0000] {logging_mixin.py:149} INFO - [2023-05-06T23:37:13.745+0000] {taskmixin.py:211} WARNING - Dependency <Task(BashOperator): delete_entry>, create_entry_gcs already registered for DAG: example_complex
[2023-05-06T23:37:13.746+0000] {logging_mixin.py:149} INFO - [2023-05-06T23:37:13.746+0000] {taskmixin.py:211} WARNING - Dependency <Task(BashOperator): create_tag>, delete_tag already registered for DAG: example_complex
[2023-05-06T23:37:13.746+0000] {logging_mixin.py:149} INFO - [2023-05-06T23:37:13.746+0000] {taskmixin.py:211} WARNING - Dependency <Task(BashOperator): delete_tag>, create_tag already registered for DAG: example_complex
[2023-05-06T23:37:13.749+0000] {processor.py:809} INFO - DAG(s) dict_keys(['example_complex']) retrieved from /home/airflow/.local/lib/python3.7/site-packages/airflow/example_dags/example_complex.py
[2023-05-06T23:37:13.800+0000] {logging_mixin.py:149} INFO - [2023-05-06T23:37:13.800+0000] {dag.py:2726} INFO - Sync 1 DAGs
[2023-05-06T23:37:13.821+0000] {logging_mixin.py:149} INFO - [2023-05-06T23:37:13.821+0000] {dag.py:3490} INFO - Setting next_dagrun for example_complex to None, run_after=None
[2023-05-06T23:37:13.839+0000] {processor.py:178} INFO - Processing /home/airflow/.local/lib/python3.7/site-packages/airflow/example_dags/example_complex.py took 0.116 seconds
[2023-05-06T23:37:44.445+0000] {processor.py:156} INFO - Started process (PID=1497) to work on /home/airflow/.local/lib/python3.7/site-packages/airflow/example_dags/example_complex.py
[2023-05-06T23:37:44.447+0000] {processor.py:799} INFO - Processing file /home/airflow/.local/lib/python3.7/site-packages/airflow/example_dags/example_complex.py for tasks to queue
[2023-05-06T23:37:44.448+0000] {logging_mixin.py:149} INFO - [2023-05-06T23:37:44.447+0000] {dagbag.py:541} INFO - Filling up the DagBag from /home/airflow/.local/lib/python3.7/site-packages/airflow/example_dags/example_complex.py
[2023-05-06T23:37:44.468+0000] {logging_mixin.py:149} INFO - [2023-05-06T23:37:44.467+0000] {taskmixin.py:211} WARNING - Dependency <Task(BashOperator): create_entry_group>, delete_entry_group already registered for DAG: example_complex
[2023-05-06T23:37:44.468+0000] {logging_mixin.py:149} INFO - [2023-05-06T23:37:44.468+0000] {taskmixin.py:211} WARNING - Dependency <Task(BashOperator): delete_entry_group>, create_entry_group already registered for DAG: example_complex
[2023-05-06T23:37:44.469+0000] {logging_mixin.py:149} INFO - [2023-05-06T23:37:44.468+0000] {taskmixin.py:211} WARNING - Dependency <Task(BashOperator): create_entry_gcs>, delete_entry already registered for DAG: example_complex
[2023-05-06T23:37:44.469+0000] {logging_mixin.py:149} INFO - [2023-05-06T23:37:44.469+0000] {taskmixin.py:211} WARNING - Dependency <Task(BashOperator): delete_entry>, create_entry_gcs already registered for DAG: example_complex
[2023-05-06T23:37:44.470+0000] {logging_mixin.py:149} INFO - [2023-05-06T23:37:44.470+0000] {taskmixin.py:211} WARNING - Dependency <Task(BashOperator): create_tag>, delete_tag already registered for DAG: example_complex
[2023-05-06T23:37:44.470+0000] {logging_mixin.py:149} INFO - [2023-05-06T23:37:44.470+0000] {taskmixin.py:211} WARNING - Dependency <Task(BashOperator): delete_tag>, create_tag already registered for DAG: example_complex
[2023-05-06T23:37:44.473+0000] {processor.py:809} INFO - DAG(s) dict_keys(['example_complex']) retrieved from /home/airflow/.local/lib/python3.7/site-packages/airflow/example_dags/example_complex.py
[2023-05-06T23:37:44.510+0000] {logging_mixin.py:149} INFO - [2023-05-06T23:37:44.510+0000] {dag.py:2726} INFO - Sync 1 DAGs
[2023-05-06T23:37:44.532+0000] {logging_mixin.py:149} INFO - [2023-05-06T23:37:44.532+0000] {dag.py:3490} INFO - Setting next_dagrun for example_complex to None, run_after=None
[2023-05-06T23:37:44.551+0000] {processor.py:178} INFO - Processing /home/airflow/.local/lib/python3.7/site-packages/airflow/example_dags/example_complex.py took 0.110 seconds
[2023-05-06T23:38:14.969+0000] {processor.py:156} INFO - Started process (PID=1555) to work on /home/airflow/.local/lib/python3.7/site-packages/airflow/example_dags/example_complex.py
[2023-05-06T23:38:14.970+0000] {processor.py:799} INFO - Processing file /home/airflow/.local/lib/python3.7/site-packages/airflow/example_dags/example_complex.py for tasks to queue
[2023-05-06T23:38:14.971+0000] {logging_mixin.py:149} INFO - [2023-05-06T23:38:14.971+0000] {dagbag.py:541} INFO - Filling up the DagBag from /home/airflow/.local/lib/python3.7/site-packages/airflow/example_dags/example_complex.py
[2023-05-06T23:38:14.990+0000] {logging_mixin.py:149} INFO - [2023-05-06T23:38:14.990+0000] {taskmixin.py:211} WARNING - Dependency <Task(BashOperator): create_entry_group>, delete_entry_group already registered for DAG: example_complex
[2023-05-06T23:38:14.990+0000] {logging_mixin.py:149} INFO - [2023-05-06T23:38:14.990+0000] {taskmixin.py:211} WARNING - Dependency <Task(BashOperator): delete_entry_group>, create_entry_group already registered for DAG: example_complex
[2023-05-06T23:38:14.991+0000] {logging_mixin.py:149} INFO - [2023-05-06T23:38:14.991+0000] {taskmixin.py:211} WARNING - Dependency <Task(BashOperator): create_entry_gcs>, delete_entry already registered for DAG: example_complex
[2023-05-06T23:38:14.991+0000] {logging_mixin.py:149} INFO - [2023-05-06T23:38:14.991+0000] {taskmixin.py:211} WARNING - Dependency <Task(BashOperator): delete_entry>, create_entry_gcs already registered for DAG: example_complex
[2023-05-06T23:38:14.992+0000] {logging_mixin.py:149} INFO - [2023-05-06T23:38:14.992+0000] {taskmixin.py:211} WARNING - Dependency <Task(BashOperator): create_tag>, delete_tag already registered for DAG: example_complex
[2023-05-06T23:38:14.992+0000] {logging_mixin.py:149} INFO - [2023-05-06T23:38:14.992+0000] {taskmixin.py:211} WARNING - Dependency <Task(BashOperator): delete_tag>, create_tag already registered for DAG: example_complex
[2023-05-06T23:38:14.995+0000] {processor.py:809} INFO - DAG(s) dict_keys(['example_complex']) retrieved from /home/airflow/.local/lib/python3.7/site-packages/airflow/example_dags/example_complex.py
[2023-05-06T23:38:15.028+0000] {logging_mixin.py:149} INFO - [2023-05-06T23:38:15.028+0000] {dag.py:2726} INFO - Sync 1 DAGs
[2023-05-06T23:38:15.052+0000] {logging_mixin.py:149} INFO - [2023-05-06T23:38:15.052+0000] {dag.py:3490} INFO - Setting next_dagrun for example_complex to None, run_after=None
[2023-05-06T23:38:15.070+0000] {processor.py:178} INFO - Processing /home/airflow/.local/lib/python3.7/site-packages/airflow/example_dags/example_complex.py took 0.105 seconds
[2023-05-06T23:38:45.110+0000] {processor.py:156} INFO - Started process (PID=1613) to work on /home/airflow/.local/lib/python3.7/site-packages/airflow/example_dags/example_complex.py
[2023-05-06T23:38:45.112+0000] {processor.py:799} INFO - Processing file /home/airflow/.local/lib/python3.7/site-packages/airflow/example_dags/example_complex.py for tasks to queue
[2023-05-06T23:38:45.113+0000] {logging_mixin.py:149} INFO - [2023-05-06T23:38:45.112+0000] {dagbag.py:541} INFO - Filling up the DagBag from /home/airflow/.local/lib/python3.7/site-packages/airflow/example_dags/example_complex.py
[2023-05-06T23:38:45.130+0000] {logging_mixin.py:149} INFO - [2023-05-06T23:38:45.130+0000] {taskmixin.py:211} WARNING - Dependency <Task(BashOperator): create_entry_group>, delete_entry_group already registered for DAG: example_complex
[2023-05-06T23:38:45.130+0000] {logging_mixin.py:149} INFO - [2023-05-06T23:38:45.130+0000] {taskmixin.py:211} WARNING - Dependency <Task(BashOperator): delete_entry_group>, create_entry_group already registered for DAG: example_complex
[2023-05-06T23:38:45.131+0000] {logging_mixin.py:149} INFO - [2023-05-06T23:38:45.131+0000] {taskmixin.py:211} WARNING - Dependency <Task(BashOperator): create_entry_gcs>, delete_entry already registered for DAG: example_complex
[2023-05-06T23:38:45.131+0000] {logging_mixin.py:149} INFO - [2023-05-06T23:38:45.131+0000] {taskmixin.py:211} WARNING - Dependency <Task(BashOperator): delete_entry>, create_entry_gcs already registered for DAG: example_complex
[2023-05-06T23:38:45.132+0000] {logging_mixin.py:149} INFO - [2023-05-06T23:38:45.132+0000] {taskmixin.py:211} WARNING - Dependency <Task(BashOperator): create_tag>, delete_tag already registered for DAG: example_complex
[2023-05-06T23:38:45.132+0000] {logging_mixin.py:149} INFO - [2023-05-06T23:38:45.132+0000] {taskmixin.py:211} WARNING - Dependency <Task(BashOperator): delete_tag>, create_tag already registered for DAG: example_complex
[2023-05-06T23:38:45.135+0000] {processor.py:809} INFO - DAG(s) dict_keys(['example_complex']) retrieved from /home/airflow/.local/lib/python3.7/site-packages/airflow/example_dags/example_complex.py
[2023-05-06T23:38:45.171+0000] {logging_mixin.py:149} INFO - [2023-05-06T23:38:45.171+0000] {dag.py:2726} INFO - Sync 1 DAGs
[2023-05-06T23:38:45.195+0000] {logging_mixin.py:149} INFO - [2023-05-06T23:38:45.195+0000] {dag.py:3490} INFO - Setting next_dagrun for example_complex to None, run_after=None
[2023-05-06T23:38:45.213+0000] {processor.py:178} INFO - Processing /home/airflow/.local/lib/python3.7/site-packages/airflow/example_dags/example_complex.py took 0.107 seconds
[2023-05-06T23:39:16.185+0000] {processor.py:156} INFO - Started process (PID=1671) to work on /home/airflow/.local/lib/python3.7/site-packages/airflow/example_dags/example_complex.py
[2023-05-06T23:39:16.187+0000] {processor.py:799} INFO - Processing file /home/airflow/.local/lib/python3.7/site-packages/airflow/example_dags/example_complex.py for tasks to queue
[2023-05-06T23:39:16.188+0000] {logging_mixin.py:149} INFO - [2023-05-06T23:39:16.187+0000] {dagbag.py:541} INFO - Filling up the DagBag from /home/airflow/.local/lib/python3.7/site-packages/airflow/example_dags/example_complex.py
[2023-05-06T23:39:16.207+0000] {logging_mixin.py:149} INFO - [2023-05-06T23:39:16.206+0000] {taskmixin.py:211} WARNING - Dependency <Task(BashOperator): create_entry_group>, delete_entry_group already registered for DAG: example_complex
[2023-05-06T23:39:16.207+0000] {logging_mixin.py:149} INFO - [2023-05-06T23:39:16.207+0000] {taskmixin.py:211} WARNING - Dependency <Task(BashOperator): delete_entry_group>, create_entry_group already registered for DAG: example_complex
[2023-05-06T23:39:16.207+0000] {logging_mixin.py:149} INFO - [2023-05-06T23:39:16.207+0000] {taskmixin.py:211} WARNING - Dependency <Task(BashOperator): create_entry_gcs>, delete_entry already registered for DAG: example_complex
[2023-05-06T23:39:16.208+0000] {logging_mixin.py:149} INFO - [2023-05-06T23:39:16.207+0000] {taskmixin.py:211} WARNING - Dependency <Task(BashOperator): delete_entry>, create_entry_gcs already registered for DAG: example_complex
[2023-05-06T23:39:16.208+0000] {logging_mixin.py:149} INFO - [2023-05-06T23:39:16.208+0000] {taskmixin.py:211} WARNING - Dependency <Task(BashOperator): create_tag>, delete_tag already registered for DAG: example_complex
[2023-05-06T23:39:16.208+0000] {logging_mixin.py:149} INFO - [2023-05-06T23:39:16.208+0000] {taskmixin.py:211} WARNING - Dependency <Task(BashOperator): delete_tag>, create_tag already registered for DAG: example_complex
[2023-05-06T23:39:16.211+0000] {processor.py:809} INFO - DAG(s) dict_keys(['example_complex']) retrieved from /home/airflow/.local/lib/python3.7/site-packages/airflow/example_dags/example_complex.py
[2023-05-06T23:39:16.262+0000] {logging_mixin.py:149} INFO - [2023-05-06T23:39:16.262+0000] {dag.py:2726} INFO - Sync 1 DAGs
[2023-05-06T23:39:16.284+0000] {logging_mixin.py:149} INFO - [2023-05-06T23:39:16.284+0000] {dag.py:3490} INFO - Setting next_dagrun for example_complex to None, run_after=None
[2023-05-06T23:39:16.302+0000] {processor.py:178} INFO - Processing /home/airflow/.local/lib/python3.7/site-packages/airflow/example_dags/example_complex.py took 0.122 seconds
[2023-05-06T23:39:46.560+0000] {processor.py:156} INFO - Started process (PID=1730) to work on /home/airflow/.local/lib/python3.7/site-packages/airflow/example_dags/example_complex.py
[2023-05-06T23:39:46.560+0000] {processor.py:799} INFO - Processing file /home/airflow/.local/lib/python3.7/site-packages/airflow/example_dags/example_complex.py for tasks to queue
[2023-05-06T23:39:46.561+0000] {logging_mixin.py:149} INFO - [2023-05-06T23:39:46.561+0000] {dagbag.py:541} INFO - Filling up the DagBag from /home/airflow/.local/lib/python3.7/site-packages/airflow/example_dags/example_complex.py
[2023-05-06T23:39:46.569+0000] {logging_mixin.py:149} INFO - [2023-05-06T23:39:46.569+0000] {taskmixin.py:211} WARNING - Dependency <Task(BashOperator): create_entry_group>, delete_entry_group already registered for DAG: example_complex
[2023-05-06T23:39:46.569+0000] {logging_mixin.py:149} INFO - [2023-05-06T23:39:46.569+0000] {taskmixin.py:211} WARNING - Dependency <Task(BashOperator): delete_entry_group>, create_entry_group already registered for DAG: example_complex
[2023-05-06T23:39:46.569+0000] {logging_mixin.py:149} INFO - [2023-05-06T23:39:46.569+0000] {taskmixin.py:211} WARNING - Dependency <Task(BashOperator): create_entry_gcs>, delete_entry already registered for DAG: example_complex
[2023-05-06T23:39:46.569+0000] {logging_mixin.py:149} INFO - [2023-05-06T23:39:46.569+0000] {taskmixin.py:211} WARNING - Dependency <Task(BashOperator): delete_entry>, create_entry_gcs already registered for DAG: example_complex
[2023-05-06T23:39:46.570+0000] {logging_mixin.py:149} INFO - [2023-05-06T23:39:46.570+0000] {taskmixin.py:211} WARNING - Dependency <Task(BashOperator): create_tag>, delete_tag already registered for DAG: example_complex
[2023-05-06T23:39:46.570+0000] {logging_mixin.py:149} INFO - [2023-05-06T23:39:46.570+0000] {taskmixin.py:211} WARNING - Dependency <Task(BashOperator): delete_tag>, create_tag already registered for DAG: example_complex
[2023-05-06T23:39:46.571+0000] {processor.py:809} INFO - DAG(s) dict_keys(['example_complex']) retrieved from /home/airflow/.local/lib/python3.7/site-packages/airflow/example_dags/example_complex.py
[2023-05-06T23:39:46.601+0000] {logging_mixin.py:149} INFO - [2023-05-06T23:39:46.601+0000] {dag.py:2726} INFO - Sync 1 DAGs
[2023-05-06T23:39:46.626+0000] {logging_mixin.py:149} INFO - [2023-05-06T23:39:46.626+0000] {dag.py:3490} INFO - Setting next_dagrun for example_complex to None, run_after=None
[2023-05-06T23:39:46.648+0000] {processor.py:178} INFO - Processing /home/airflow/.local/lib/python3.7/site-packages/airflow/example_dags/example_complex.py took 0.090 seconds
[2023-05-06T23:40:16.911+0000] {processor.py:156} INFO - Started process (PID=1788) to work on /home/airflow/.local/lib/python3.7/site-packages/airflow/example_dags/example_complex.py
[2023-05-06T23:40:16.912+0000] {processor.py:799} INFO - Processing file /home/airflow/.local/lib/python3.7/site-packages/airflow/example_dags/example_complex.py for tasks to queue
[2023-05-06T23:40:16.913+0000] {logging_mixin.py:149} INFO - [2023-05-06T23:40:16.913+0000] {dagbag.py:541} INFO - Filling up the DagBag from /home/airflow/.local/lib/python3.7/site-packages/airflow/example_dags/example_complex.py
[2023-05-06T23:40:16.933+0000] {logging_mixin.py:149} INFO - [2023-05-06T23:40:16.933+0000] {taskmixin.py:211} WARNING - Dependency <Task(BashOperator): create_entry_group>, delete_entry_group already registered for DAG: example_complex
[2023-05-06T23:40:16.933+0000] {logging_mixin.py:149} INFO - [2023-05-06T23:40:16.933+0000] {taskmixin.py:211} WARNING - Dependency <Task(BashOperator): delete_entry_group>, create_entry_group already registered for DAG: example_complex
[2023-05-06T23:40:16.934+0000] {logging_mixin.py:149} INFO - [2023-05-06T23:40:16.934+0000] {taskmixin.py:211} WARNING - Dependency <Task(BashOperator): create_entry_gcs>, delete_entry already registered for DAG: example_complex
[2023-05-06T23:40:16.934+0000] {logging_mixin.py:149} INFO - [2023-05-06T23:40:16.934+0000] {taskmixin.py:211} WARNING - Dependency <Task(BashOperator): delete_entry>, create_entry_gcs already registered for DAG: example_complex
[2023-05-06T23:40:16.935+0000] {logging_mixin.py:149} INFO - [2023-05-06T23:40:16.935+0000] {taskmixin.py:211} WARNING - Dependency <Task(BashOperator): create_tag>, delete_tag already registered for DAG: example_complex
[2023-05-06T23:40:16.935+0000] {logging_mixin.py:149} INFO - [2023-05-06T23:40:16.935+0000] {taskmixin.py:211} WARNING - Dependency <Task(BashOperator): delete_tag>, create_tag already registered for DAG: example_complex
[2023-05-06T23:40:16.939+0000] {processor.py:809} INFO - DAG(s) dict_keys(['example_complex']) retrieved from /home/airflow/.local/lib/python3.7/site-packages/airflow/example_dags/example_complex.py
[2023-05-06T23:40:16.969+0000] {logging_mixin.py:149} INFO - [2023-05-06T23:40:16.969+0000] {dag.py:2726} INFO - Sync 1 DAGs
[2023-05-06T23:40:16.990+0000] {logging_mixin.py:149} INFO - [2023-05-06T23:40:16.990+0000] {dag.py:3490} INFO - Setting next_dagrun for example_complex to None, run_after=None
[2023-05-06T23:40:17.009+0000] {processor.py:178} INFO - Processing /home/airflow/.local/lib/python3.7/site-packages/airflow/example_dags/example_complex.py took 0.103 seconds
[2023-05-06T23:40:47.227+0000] {processor.py:156} INFO - Started process (PID=1847) to work on /home/airflow/.local/lib/python3.7/site-packages/airflow/example_dags/example_complex.py
[2023-05-06T23:40:47.228+0000] {processor.py:799} INFO - Processing file /home/airflow/.local/lib/python3.7/site-packages/airflow/example_dags/example_complex.py for tasks to queue
[2023-05-06T23:40:47.229+0000] {logging_mixin.py:149} INFO - [2023-05-06T23:40:47.229+0000] {dagbag.py:541} INFO - Filling up the DagBag from /home/airflow/.local/lib/python3.7/site-packages/airflow/example_dags/example_complex.py
[2023-05-06T23:40:47.251+0000] {logging_mixin.py:149} INFO - [2023-05-06T23:40:47.251+0000] {taskmixin.py:211} WARNING - Dependency <Task(BashOperator): create_entry_group>, delete_entry_group already registered for DAG: example_complex
[2023-05-06T23:40:47.252+0000] {logging_mixin.py:149} INFO - [2023-05-06T23:40:47.252+0000] {taskmixin.py:211} WARNING - Dependency <Task(BashOperator): delete_entry_group>, create_entry_group already registered for DAG: example_complex
[2023-05-06T23:40:47.252+0000] {logging_mixin.py:149} INFO - [2023-05-06T23:40:47.252+0000] {taskmixin.py:211} WARNING - Dependency <Task(BashOperator): create_entry_gcs>, delete_entry already registered for DAG: example_complex
[2023-05-06T23:40:47.253+0000] {logging_mixin.py:149} INFO - [2023-05-06T23:40:47.252+0000] {taskmixin.py:211} WARNING - Dependency <Task(BashOperator): delete_entry>, create_entry_gcs already registered for DAG: example_complex
[2023-05-06T23:40:47.253+0000] {logging_mixin.py:149} INFO - [2023-05-06T23:40:47.253+0000] {taskmixin.py:211} WARNING - Dependency <Task(BashOperator): create_tag>, delete_tag already registered for DAG: example_complex
[2023-05-06T23:40:47.254+0000] {logging_mixin.py:149} INFO - [2023-05-06T23:40:47.253+0000] {taskmixin.py:211} WARNING - Dependency <Task(BashOperator): delete_tag>, create_tag already registered for DAG: example_complex
[2023-05-06T23:40:47.257+0000] {processor.py:809} INFO - DAG(s) dict_keys(['example_complex']) retrieved from /home/airflow/.local/lib/python3.7/site-packages/airflow/example_dags/example_complex.py
[2023-05-06T23:40:47.290+0000] {logging_mixin.py:149} INFO - [2023-05-06T23:40:47.290+0000] {dag.py:2726} INFO - Sync 1 DAGs
[2023-05-06T23:40:47.313+0000] {logging_mixin.py:149} INFO - [2023-05-06T23:40:47.313+0000] {dag.py:3490} INFO - Setting next_dagrun for example_complex to None, run_after=None
[2023-05-06T23:40:47.332+0000] {processor.py:178} INFO - Processing /home/airflow/.local/lib/python3.7/site-packages/airflow/example_dags/example_complex.py took 0.110 seconds
[2023-05-06T23:41:17.554+0000] {processor.py:156} INFO - Started process (PID=1905) to work on /home/airflow/.local/lib/python3.7/site-packages/airflow/example_dags/example_complex.py
[2023-05-06T23:41:17.555+0000] {processor.py:799} INFO - Processing file /home/airflow/.local/lib/python3.7/site-packages/airflow/example_dags/example_complex.py for tasks to queue
[2023-05-06T23:41:17.555+0000] {logging_mixin.py:149} INFO - [2023-05-06T23:41:17.555+0000] {dagbag.py:541} INFO - Filling up the DagBag from /home/airflow/.local/lib/python3.7/site-packages/airflow/example_dags/example_complex.py
[2023-05-06T23:41:17.574+0000] {logging_mixin.py:149} INFO - [2023-05-06T23:41:17.574+0000] {taskmixin.py:211} WARNING - Dependency <Task(BashOperator): create_entry_group>, delete_entry_group already registered for DAG: example_complex
[2023-05-06T23:41:17.574+0000] {logging_mixin.py:149} INFO - [2023-05-06T23:41:17.574+0000] {taskmixin.py:211} WARNING - Dependency <Task(BashOperator): delete_entry_group>, create_entry_group already registered for DAG: example_complex
[2023-05-06T23:41:17.575+0000] {logging_mixin.py:149} INFO - [2023-05-06T23:41:17.575+0000] {taskmixin.py:211} WARNING - Dependency <Task(BashOperator): create_entry_gcs>, delete_entry already registered for DAG: example_complex
[2023-05-06T23:41:17.575+0000] {logging_mixin.py:149} INFO - [2023-05-06T23:41:17.575+0000] {taskmixin.py:211} WARNING - Dependency <Task(BashOperator): delete_entry>, create_entry_gcs already registered for DAG: example_complex
[2023-05-06T23:41:17.575+0000] {logging_mixin.py:149} INFO - [2023-05-06T23:41:17.575+0000] {taskmixin.py:211} WARNING - Dependency <Task(BashOperator): create_tag>, delete_tag already registered for DAG: example_complex
[2023-05-06T23:41:17.576+0000] {logging_mixin.py:149} INFO - [2023-05-06T23:41:17.576+0000] {taskmixin.py:211} WARNING - Dependency <Task(BashOperator): delete_tag>, create_tag already registered for DAG: example_complex
[2023-05-06T23:41:17.578+0000] {processor.py:809} INFO - DAG(s) dict_keys(['example_complex']) retrieved from /home/airflow/.local/lib/python3.7/site-packages/airflow/example_dags/example_complex.py
[2023-05-06T23:41:17.609+0000] {logging_mixin.py:149} INFO - [2023-05-06T23:41:17.609+0000] {dag.py:2726} INFO - Sync 1 DAGs
[2023-05-06T23:41:17.632+0000] {logging_mixin.py:149} INFO - [2023-05-06T23:41:17.632+0000] {dag.py:3490} INFO - Setting next_dagrun for example_complex to None, run_after=None
[2023-05-06T23:41:17.654+0000] {processor.py:178} INFO - Processing /home/airflow/.local/lib/python3.7/site-packages/airflow/example_dags/example_complex.py took 0.105 seconds
[2023-05-06T23:41:47.881+0000] {processor.py:156} INFO - Started process (PID=1963) to work on /home/airflow/.local/lib/python3.7/site-packages/airflow/example_dags/example_complex.py
[2023-05-06T23:41:47.882+0000] {processor.py:799} INFO - Processing file /home/airflow/.local/lib/python3.7/site-packages/airflow/example_dags/example_complex.py for tasks to queue
[2023-05-06T23:41:47.882+0000] {logging_mixin.py:149} INFO - [2023-05-06T23:41:47.882+0000] {dagbag.py:541} INFO - Filling up the DagBag from /home/airflow/.local/lib/python3.7/site-packages/airflow/example_dags/example_complex.py
[2023-05-06T23:41:47.892+0000] {logging_mixin.py:149} INFO - [2023-05-06T23:41:47.892+0000] {taskmixin.py:211} WARNING - Dependency <Task(BashOperator): create_entry_group>, delete_entry_group already registered for DAG: example_complex
[2023-05-06T23:41:47.892+0000] {logging_mixin.py:149} INFO - [2023-05-06T23:41:47.892+0000] {taskmixin.py:211} WARNING - Dependency <Task(BashOperator): delete_entry_group>, create_entry_group already registered for DAG: example_complex
[2023-05-06T23:41:47.893+0000] {logging_mixin.py:149} INFO - [2023-05-06T23:41:47.893+0000] {taskmixin.py:211} WARNING - Dependency <Task(BashOperator): create_entry_gcs>, delete_entry already registered for DAG: example_complex
[2023-05-06T23:41:47.893+0000] {logging_mixin.py:149} INFO - [2023-05-06T23:41:47.893+0000] {taskmixin.py:211} WARNING - Dependency <Task(BashOperator): delete_entry>, create_entry_gcs already registered for DAG: example_complex
[2023-05-06T23:41:47.893+0000] {logging_mixin.py:149} INFO - [2023-05-06T23:41:47.893+0000] {taskmixin.py:211} WARNING - Dependency <Task(BashOperator): create_tag>, delete_tag already registered for DAG: example_complex
[2023-05-06T23:41:47.893+0000] {logging_mixin.py:149} INFO - [2023-05-06T23:41:47.893+0000] {taskmixin.py:211} WARNING - Dependency <Task(BashOperator): delete_tag>, create_tag already registered for DAG: example_complex
[2023-05-06T23:41:47.894+0000] {processor.py:809} INFO - DAG(s) dict_keys(['example_complex']) retrieved from /home/airflow/.local/lib/python3.7/site-packages/airflow/example_dags/example_complex.py
[2023-05-06T23:41:47.926+0000] {logging_mixin.py:149} INFO - [2023-05-06T23:41:47.926+0000] {dag.py:2726} INFO - Sync 1 DAGs
[2023-05-06T23:41:47.951+0000] {logging_mixin.py:149} INFO - [2023-05-06T23:41:47.951+0000] {dag.py:3490} INFO - Setting next_dagrun for example_complex to None, run_after=None
[2023-05-06T23:41:47.973+0000] {processor.py:178} INFO - Processing /home/airflow/.local/lib/python3.7/site-packages/airflow/example_dags/example_complex.py took 0.095 seconds
[2023-05-06T23:42:18.202+0000] {processor.py:156} INFO - Started process (PID=2021) to work on /home/airflow/.local/lib/python3.7/site-packages/airflow/example_dags/example_complex.py
[2023-05-06T23:42:18.202+0000] {processor.py:799} INFO - Processing file /home/airflow/.local/lib/python3.7/site-packages/airflow/example_dags/example_complex.py for tasks to queue
[2023-05-06T23:42:18.203+0000] {logging_mixin.py:149} INFO - [2023-05-06T23:42:18.203+0000] {dagbag.py:541} INFO - Filling up the DagBag from /home/airflow/.local/lib/python3.7/site-packages/airflow/example_dags/example_complex.py
[2023-05-06T23:42:18.211+0000] {logging_mixin.py:149} INFO - [2023-05-06T23:42:18.211+0000] {taskmixin.py:211} WARNING - Dependency <Task(BashOperator): create_entry_group>, delete_entry_group already registered for DAG: example_complex
[2023-05-06T23:42:18.211+0000] {logging_mixin.py:149} INFO - [2023-05-06T23:42:18.211+0000] {taskmixin.py:211} WARNING - Dependency <Task(BashOperator): delete_entry_group>, create_entry_group already registered for DAG: example_complex
[2023-05-06T23:42:18.212+0000] {logging_mixin.py:149} INFO - [2023-05-06T23:42:18.212+0000] {taskmixin.py:211} WARNING - Dependency <Task(BashOperator): create_entry_gcs>, delete_entry already registered for DAG: example_complex
[2023-05-06T23:42:18.212+0000] {logging_mixin.py:149} INFO - [2023-05-06T23:42:18.212+0000] {taskmixin.py:211} WARNING - Dependency <Task(BashOperator): delete_entry>, create_entry_gcs already registered for DAG: example_complex
[2023-05-06T23:42:18.212+0000] {logging_mixin.py:149} INFO - [2023-05-06T23:42:18.212+0000] {taskmixin.py:211} WARNING - Dependency <Task(BashOperator): create_tag>, delete_tag already registered for DAG: example_complex
[2023-05-06T23:42:18.212+0000] {logging_mixin.py:149} INFO - [2023-05-06T23:42:18.212+0000] {taskmixin.py:211} WARNING - Dependency <Task(BashOperator): delete_tag>, create_tag already registered for DAG: example_complex
[2023-05-06T23:42:18.214+0000] {processor.py:809} INFO - DAG(s) dict_keys(['example_complex']) retrieved from /home/airflow/.local/lib/python3.7/site-packages/airflow/example_dags/example_complex.py
[2023-05-06T23:42:18.243+0000] {logging_mixin.py:149} INFO - [2023-05-06T23:42:18.242+0000] {dag.py:2726} INFO - Sync 1 DAGs
[2023-05-06T23:42:18.267+0000] {logging_mixin.py:149} INFO - [2023-05-06T23:42:18.267+0000] {dag.py:3490} INFO - Setting next_dagrun for example_complex to None, run_after=None
[2023-05-06T23:42:18.287+0000] {processor.py:178} INFO - Processing /home/airflow/.local/lib/python3.7/site-packages/airflow/example_dags/example_complex.py took 0.088 seconds
[2023-05-06T23:42:48.667+0000] {processor.py:156} INFO - Started process (PID=2079) to work on /home/airflow/.local/lib/python3.7/site-packages/airflow/example_dags/example_complex.py
[2023-05-06T23:42:48.668+0000] {processor.py:799} INFO - Processing file /home/airflow/.local/lib/python3.7/site-packages/airflow/example_dags/example_complex.py for tasks to queue
[2023-05-06T23:42:48.669+0000] {logging_mixin.py:149} INFO - [2023-05-06T23:42:48.668+0000] {dagbag.py:541} INFO - Filling up the DagBag from /home/airflow/.local/lib/python3.7/site-packages/airflow/example_dags/example_complex.py
[2023-05-06T23:42:48.678+0000] {logging_mixin.py:149} INFO - [2023-05-06T23:42:48.677+0000] {taskmixin.py:211} WARNING - Dependency <Task(BashOperator): create_entry_group>, delete_entry_group already registered for DAG: example_complex
[2023-05-06T23:42:48.678+0000] {logging_mixin.py:149} INFO - [2023-05-06T23:42:48.678+0000] {taskmixin.py:211} WARNING - Dependency <Task(BashOperator): delete_entry_group>, create_entry_group already registered for DAG: example_complex
[2023-05-06T23:42:48.678+0000] {logging_mixin.py:149} INFO - [2023-05-06T23:42:48.678+0000] {taskmixin.py:211} WARNING - Dependency <Task(BashOperator): create_entry_gcs>, delete_entry already registered for DAG: example_complex
[2023-05-06T23:42:48.678+0000] {logging_mixin.py:149} INFO - [2023-05-06T23:42:48.678+0000] {taskmixin.py:211} WARNING - Dependency <Task(BashOperator): delete_entry>, create_entry_gcs already registered for DAG: example_complex
[2023-05-06T23:42:48.678+0000] {logging_mixin.py:149} INFO - [2023-05-06T23:42:48.678+0000] {taskmixin.py:211} WARNING - Dependency <Task(BashOperator): create_tag>, delete_tag already registered for DAG: example_complex
[2023-05-06T23:42:48.678+0000] {logging_mixin.py:149} INFO - [2023-05-06T23:42:48.678+0000] {taskmixin.py:211} WARNING - Dependency <Task(BashOperator): delete_tag>, create_tag already registered for DAG: example_complex
[2023-05-06T23:42:48.680+0000] {processor.py:809} INFO - DAG(s) dict_keys(['example_complex']) retrieved from /home/airflow/.local/lib/python3.7/site-packages/airflow/example_dags/example_complex.py
[2023-05-06T23:42:48.711+0000] {logging_mixin.py:149} INFO - [2023-05-06T23:42:48.711+0000] {dag.py:2726} INFO - Sync 1 DAGs
[2023-05-06T23:42:48.735+0000] {logging_mixin.py:149} INFO - [2023-05-06T23:42:48.735+0000] {dag.py:3490} INFO - Setting next_dagrun for example_complex to None, run_after=None
[2023-05-06T23:42:48.753+0000] {processor.py:178} INFO - Processing /home/airflow/.local/lib/python3.7/site-packages/airflow/example_dags/example_complex.py took 0.088 seconds
[2023-05-06T23:43:19.095+0000] {processor.py:156} INFO - Started process (PID=2137) to work on /home/airflow/.local/lib/python3.7/site-packages/airflow/example_dags/example_complex.py
[2023-05-06T23:43:19.095+0000] {processor.py:799} INFO - Processing file /home/airflow/.local/lib/python3.7/site-packages/airflow/example_dags/example_complex.py for tasks to queue
[2023-05-06T23:43:19.096+0000] {logging_mixin.py:149} INFO - [2023-05-06T23:43:19.096+0000] {dagbag.py:541} INFO - Filling up the DagBag from /home/airflow/.local/lib/python3.7/site-packages/airflow/example_dags/example_complex.py
[2023-05-06T23:43:19.108+0000] {logging_mixin.py:149} INFO - [2023-05-06T23:43:19.107+0000] {taskmixin.py:211} WARNING - Dependency <Task(BashOperator): create_entry_group>, delete_entry_group already registered for DAG: example_complex
[2023-05-06T23:43:19.108+0000] {logging_mixin.py:149} INFO - [2023-05-06T23:43:19.108+0000] {taskmixin.py:211} WARNING - Dependency <Task(BashOperator): delete_entry_group>, create_entry_group already registered for DAG: example_complex
[2023-05-06T23:43:19.108+0000] {logging_mixin.py:149} INFO - [2023-05-06T23:43:19.108+0000] {taskmixin.py:211} WARNING - Dependency <Task(BashOperator): create_entry_gcs>, delete_entry already registered for DAG: example_complex
[2023-05-06T23:43:19.108+0000] {logging_mixin.py:149} INFO - [2023-05-06T23:43:19.108+0000] {taskmixin.py:211} WARNING - Dependency <Task(BashOperator): delete_entry>, create_entry_gcs already registered for DAG: example_complex
[2023-05-06T23:43:19.108+0000] {logging_mixin.py:149} INFO - [2023-05-06T23:43:19.108+0000] {taskmixin.py:211} WARNING - Dependency <Task(BashOperator): create_tag>, delete_tag already registered for DAG: example_complex
[2023-05-06T23:43:19.108+0000] {logging_mixin.py:149} INFO - [2023-05-06T23:43:19.108+0000] {taskmixin.py:211} WARNING - Dependency <Task(BashOperator): delete_tag>, create_tag already registered for DAG: example_complex
[2023-05-06T23:43:19.110+0000] {processor.py:809} INFO - DAG(s) dict_keys(['example_complex']) retrieved from /home/airflow/.local/lib/python3.7/site-packages/airflow/example_dags/example_complex.py
[2023-05-06T23:43:19.140+0000] {logging_mixin.py:149} INFO - [2023-05-06T23:43:19.140+0000] {dag.py:2726} INFO - Sync 1 DAGs
[2023-05-06T23:43:19.164+0000] {logging_mixin.py:149} INFO - [2023-05-06T23:43:19.164+0000] {dag.py:3490} INFO - Setting next_dagrun for example_complex to None, run_after=None
[2023-05-06T23:43:19.181+0000] {processor.py:178} INFO - Processing /home/airflow/.local/lib/python3.7/site-packages/airflow/example_dags/example_complex.py took 0.090 seconds
