[2023-05-06T23:25:03.865+0000] {processor.py:156} INFO - Started process (PID=66) to work on /home/airflow/.local/lib/python3.7/site-packages/airflow/example_dags/example_branch_operator.py
[2023-05-06T23:25:03.866+0000] {processor.py:799} INFO - Processing file /home/airflow/.local/lib/python3.7/site-packages/airflow/example_dags/example_branch_operator.py for tasks to queue
[2023-05-06T23:25:03.866+0000] {logging_mixin.py:149} INFO - [2023-05-06T23:25:03.866+0000] {dagbag.py:541} INFO - Filling up the DagBag from /home/airflow/.local/lib/python3.7/site-packages/airflow/example_dags/example_branch_operator.py
[2023-05-06T23:25:03.876+0000] {processor.py:809} INFO - DAG(s) dict_keys(['example_branch_operator']) retrieved from /home/airflow/.local/lib/python3.7/site-packages/airflow/example_dags/example_branch_operator.py
[2023-05-06T23:25:03.890+0000] {logging_mixin.py:149} INFO - [2023-05-06T23:25:03.890+0000] {dag.py:2726} INFO - Sync 1 DAGs
[2023-05-06T23:25:03.924+0000] {logging_mixin.py:149} INFO - [2023-05-06T23:25:03.923+0000] {dag.py:3490} INFO - Setting next_dagrun for example_branch_operator to 2023-05-05T00:00:00+00:00, run_after=2023-05-06T00:00:00+00:00
[2023-05-06T23:25:03.946+0000] {processor.py:178} INFO - Processing /home/airflow/.local/lib/python3.7/site-packages/airflow/example_dags/example_branch_operator.py took 0.085 seconds
[2023-05-06T23:25:34.722+0000] {processor.py:156} INFO - Started process (PID=124) to work on /home/airflow/.local/lib/python3.7/site-packages/airflow/example_dags/example_branch_operator.py
[2023-05-06T23:25:34.723+0000] {processor.py:799} INFO - Processing file /home/airflow/.local/lib/python3.7/site-packages/airflow/example_dags/example_branch_operator.py for tasks to queue
[2023-05-06T23:25:34.724+0000] {logging_mixin.py:149} INFO - [2023-05-06T23:25:34.724+0000] {dagbag.py:541} INFO - Filling up the DagBag from /home/airflow/.local/lib/python3.7/site-packages/airflow/example_dags/example_branch_operator.py
[2023-05-06T23:25:34.739+0000] {processor.py:809} INFO - DAG(s) dict_keys(['example_branch_operator']) retrieved from /home/airflow/.local/lib/python3.7/site-packages/airflow/example_dags/example_branch_operator.py
[2023-05-06T23:25:34.763+0000] {logging_mixin.py:149} INFO - [2023-05-06T23:25:34.763+0000] {dag.py:2726} INFO - Sync 1 DAGs
[2023-05-06T23:25:34.788+0000] {logging_mixin.py:149} INFO - [2023-05-06T23:25:34.788+0000] {dag.py:3490} INFO - Setting next_dagrun for example_branch_operator to 2023-05-05T00:00:00+00:00, run_after=2023-05-06T00:00:00+00:00
[2023-05-06T23:25:34.807+0000] {processor.py:178} INFO - Processing /home/airflow/.local/lib/python3.7/site-packages/airflow/example_dags/example_branch_operator.py took 0.089 seconds
[2023-05-06T23:26:05.636+0000] {processor.py:156} INFO - Started process (PID=182) to work on /home/airflow/.local/lib/python3.7/site-packages/airflow/example_dags/example_branch_operator.py
[2023-05-06T23:26:05.637+0000] {processor.py:799} INFO - Processing file /home/airflow/.local/lib/python3.7/site-packages/airflow/example_dags/example_branch_operator.py for tasks to queue
[2023-05-06T23:26:05.637+0000] {logging_mixin.py:149} INFO - [2023-05-06T23:26:05.637+0000] {dagbag.py:541} INFO - Filling up the DagBag from /home/airflow/.local/lib/python3.7/site-packages/airflow/example_dags/example_branch_operator.py
[2023-05-06T23:26:05.644+0000] {processor.py:809} INFO - DAG(s) dict_keys(['example_branch_operator']) retrieved from /home/airflow/.local/lib/python3.7/site-packages/airflow/example_dags/example_branch_operator.py
[2023-05-06T23:26:05.666+0000] {logging_mixin.py:149} INFO - [2023-05-06T23:26:05.666+0000] {dag.py:2726} INFO - Sync 1 DAGs
[2023-05-06T23:26:05.695+0000] {logging_mixin.py:149} INFO - [2023-05-06T23:26:05.695+0000] {dag.py:3490} INFO - Setting next_dagrun for example_branch_operator to 2023-05-05T00:00:00+00:00, run_after=2023-05-06T00:00:00+00:00
[2023-05-06T23:26:05.714+0000] {processor.py:178} INFO - Processing /home/airflow/.local/lib/python3.7/site-packages/airflow/example_dags/example_branch_operator.py took 0.080 seconds
[2023-05-06T23:26:36.228+0000] {processor.py:156} INFO - Started process (PID=239) to work on /home/airflow/.local/lib/python3.7/site-packages/airflow/example_dags/example_branch_operator.py
[2023-05-06T23:26:36.229+0000] {processor.py:799} INFO - Processing file /home/airflow/.local/lib/python3.7/site-packages/airflow/example_dags/example_branch_operator.py for tasks to queue
[2023-05-06T23:26:36.229+0000] {logging_mixin.py:149} INFO - [2023-05-06T23:26:36.229+0000] {dagbag.py:541} INFO - Filling up the DagBag from /home/airflow/.local/lib/python3.7/site-packages/airflow/example_dags/example_branch_operator.py
[2023-05-06T23:26:36.236+0000] {processor.py:809} INFO - DAG(s) dict_keys(['example_branch_operator']) retrieved from /home/airflow/.local/lib/python3.7/site-packages/airflow/example_dags/example_branch_operator.py
[2023-05-06T23:26:36.258+0000] {logging_mixin.py:149} INFO - [2023-05-06T23:26:36.258+0000] {dag.py:2726} INFO - Sync 1 DAGs
[2023-05-06T23:26:36.281+0000] {logging_mixin.py:149} INFO - [2023-05-06T23:26:36.281+0000] {dag.py:3490} INFO - Setting next_dagrun for example_branch_operator to 2023-05-05T00:00:00+00:00, run_after=2023-05-06T00:00:00+00:00
[2023-05-06T23:26:36.299+0000] {processor.py:178} INFO - Processing /home/airflow/.local/lib/python3.7/site-packages/airflow/example_dags/example_branch_operator.py took 0.073 seconds
[2023-05-06T23:27:06.792+0000] {processor.py:156} INFO - Started process (PID=297) to work on /home/airflow/.local/lib/python3.7/site-packages/airflow/example_dags/example_branch_operator.py
[2023-05-06T23:27:06.793+0000] {processor.py:799} INFO - Processing file /home/airflow/.local/lib/python3.7/site-packages/airflow/example_dags/example_branch_operator.py for tasks to queue
[2023-05-06T23:27:06.794+0000] {logging_mixin.py:149} INFO - [2023-05-06T23:27:06.793+0000] {dagbag.py:541} INFO - Filling up the DagBag from /home/airflow/.local/lib/python3.7/site-packages/airflow/example_dags/example_branch_operator.py
[2023-05-06T23:27:06.805+0000] {processor.py:809} INFO - DAG(s) dict_keys(['example_branch_operator']) retrieved from /home/airflow/.local/lib/python3.7/site-packages/airflow/example_dags/example_branch_operator.py
[2023-05-06T23:27:06.830+0000] {logging_mixin.py:149} INFO - [2023-05-06T23:27:06.830+0000] {dag.py:2726} INFO - Sync 1 DAGs
[2023-05-06T23:27:06.856+0000] {logging_mixin.py:149} INFO - [2023-05-06T23:27:06.856+0000] {dag.py:3490} INFO - Setting next_dagrun for example_branch_operator to 2023-05-05T00:00:00+00:00, run_after=2023-05-06T00:00:00+00:00
[2023-05-06T23:27:06.877+0000] {processor.py:178} INFO - Processing /home/airflow/.local/lib/python3.7/site-packages/airflow/example_dags/example_branch_operator.py took 0.090 seconds
[2023-05-06T23:27:37.302+0000] {processor.py:156} INFO - Started process (PID=355) to work on /home/airflow/.local/lib/python3.7/site-packages/airflow/example_dags/example_branch_operator.py
[2023-05-06T23:27:37.302+0000] {processor.py:799} INFO - Processing file /home/airflow/.local/lib/python3.7/site-packages/airflow/example_dags/example_branch_operator.py for tasks to queue
[2023-05-06T23:27:37.303+0000] {logging_mixin.py:149} INFO - [2023-05-06T23:27:37.303+0000] {dagbag.py:541} INFO - Filling up the DagBag from /home/airflow/.local/lib/python3.7/site-packages/airflow/example_dags/example_branch_operator.py
[2023-05-06T23:27:37.310+0000] {processor.py:809} INFO - DAG(s) dict_keys(['example_branch_operator']) retrieved from /home/airflow/.local/lib/python3.7/site-packages/airflow/example_dags/example_branch_operator.py
[2023-05-06T23:27:37.331+0000] {logging_mixin.py:149} INFO - [2023-05-06T23:27:37.330+0000] {dag.py:2726} INFO - Sync 1 DAGs
[2023-05-06T23:27:37.355+0000] {logging_mixin.py:149} INFO - [2023-05-06T23:27:37.355+0000] {dag.py:3490} INFO - Setting next_dagrun for example_branch_operator to 2023-05-05T00:00:00+00:00, run_after=2023-05-06T00:00:00+00:00
[2023-05-06T23:27:37.373+0000] {processor.py:178} INFO - Processing /home/airflow/.local/lib/python3.7/site-packages/airflow/example_dags/example_branch_operator.py took 0.074 seconds
[2023-05-06T23:28:07.631+0000] {processor.py:156} INFO - Started process (PID=413) to work on /home/airflow/.local/lib/python3.7/site-packages/airflow/example_dags/example_branch_operator.py
[2023-05-06T23:28:07.631+0000] {processor.py:799} INFO - Processing file /home/airflow/.local/lib/python3.7/site-packages/airflow/example_dags/example_branch_operator.py for tasks to queue
[2023-05-06T23:28:07.632+0000] {logging_mixin.py:149} INFO - [2023-05-06T23:28:07.631+0000] {dagbag.py:541} INFO - Filling up the DagBag from /home/airflow/.local/lib/python3.7/site-packages/airflow/example_dags/example_branch_operator.py
[2023-05-06T23:28:07.639+0000] {processor.py:809} INFO - DAG(s) dict_keys(['example_branch_operator']) retrieved from /home/airflow/.local/lib/python3.7/site-packages/airflow/example_dags/example_branch_operator.py
[2023-05-06T23:28:07.660+0000] {logging_mixin.py:149} INFO - [2023-05-06T23:28:07.660+0000] {dag.py:2726} INFO - Sync 1 DAGs
[2023-05-06T23:28:07.688+0000] {logging_mixin.py:149} INFO - [2023-05-06T23:28:07.688+0000] {dag.py:3490} INFO - Setting next_dagrun for example_branch_operator to 2023-05-05T00:00:00+00:00, run_after=2023-05-06T00:00:00+00:00
[2023-05-06T23:28:07.708+0000] {processor.py:178} INFO - Processing /home/airflow/.local/lib/python3.7/site-packages/airflow/example_dags/example_branch_operator.py took 0.080 seconds
[2023-05-06T23:28:38.010+0000] {processor.py:156} INFO - Started process (PID=471) to work on /home/airflow/.local/lib/python3.7/site-packages/airflow/example_dags/example_branch_operator.py
[2023-05-06T23:28:38.011+0000] {processor.py:799} INFO - Processing file /home/airflow/.local/lib/python3.7/site-packages/airflow/example_dags/example_branch_operator.py for tasks to queue
[2023-05-06T23:28:38.011+0000] {logging_mixin.py:149} INFO - [2023-05-06T23:28:38.011+0000] {dagbag.py:541} INFO - Filling up the DagBag from /home/airflow/.local/lib/python3.7/site-packages/airflow/example_dags/example_branch_operator.py
[2023-05-06T23:28:38.018+0000] {processor.py:809} INFO - DAG(s) dict_keys(['example_branch_operator']) retrieved from /home/airflow/.local/lib/python3.7/site-packages/airflow/example_dags/example_branch_operator.py
[2023-05-06T23:28:38.040+0000] {logging_mixin.py:149} INFO - [2023-05-06T23:28:38.040+0000] {dag.py:2726} INFO - Sync 1 DAGs
[2023-05-06T23:28:38.066+0000] {logging_mixin.py:149} INFO - [2023-05-06T23:28:38.066+0000] {dag.py:3490} INFO - Setting next_dagrun for example_branch_operator to 2023-05-05T00:00:00+00:00, run_after=2023-05-06T00:00:00+00:00
[2023-05-06T23:28:38.083+0000] {processor.py:178} INFO - Processing /home/airflow/.local/lib/python3.7/site-packages/airflow/example_dags/example_branch_operator.py took 0.075 seconds
[2023-05-06T23:29:08.509+0000] {processor.py:156} INFO - Started process (PID=530) to work on /home/airflow/.local/lib/python3.7/site-packages/airflow/example_dags/example_branch_operator.py
[2023-05-06T23:29:08.510+0000] {processor.py:799} INFO - Processing file /home/airflow/.local/lib/python3.7/site-packages/airflow/example_dags/example_branch_operator.py for tasks to queue
[2023-05-06T23:29:08.510+0000] {logging_mixin.py:149} INFO - [2023-05-06T23:29:08.510+0000] {dagbag.py:541} INFO - Filling up the DagBag from /home/airflow/.local/lib/python3.7/site-packages/airflow/example_dags/example_branch_operator.py
[2023-05-06T23:29:08.518+0000] {processor.py:809} INFO - DAG(s) dict_keys(['example_branch_operator']) retrieved from /home/airflow/.local/lib/python3.7/site-packages/airflow/example_dags/example_branch_operator.py
[2023-05-06T23:29:08.541+0000] {logging_mixin.py:149} INFO - [2023-05-06T23:29:08.541+0000] {dag.py:2726} INFO - Sync 1 DAGs
[2023-05-06T23:29:08.567+0000] {logging_mixin.py:149} INFO - [2023-05-06T23:29:08.566+0000] {dag.py:3490} INFO - Setting next_dagrun for example_branch_operator to 2023-05-05T00:00:00+00:00, run_after=2023-05-06T00:00:00+00:00
[2023-05-06T23:29:08.587+0000] {processor.py:178} INFO - Processing /home/airflow/.local/lib/python3.7/site-packages/airflow/example_dags/example_branch_operator.py took 0.080 seconds
[2023-05-06T23:29:38.945+0000] {processor.py:156} INFO - Started process (PID=588) to work on /home/airflow/.local/lib/python3.7/site-packages/airflow/example_dags/example_branch_operator.py
[2023-05-06T23:29:38.946+0000] {processor.py:799} INFO - Processing file /home/airflow/.local/lib/python3.7/site-packages/airflow/example_dags/example_branch_operator.py for tasks to queue
[2023-05-06T23:29:38.947+0000] {logging_mixin.py:149} INFO - [2023-05-06T23:29:38.946+0000] {dagbag.py:541} INFO - Filling up the DagBag from /home/airflow/.local/lib/python3.7/site-packages/airflow/example_dags/example_branch_operator.py
[2023-05-06T23:29:38.961+0000] {processor.py:809} INFO - DAG(s) dict_keys(['example_branch_operator']) retrieved from /home/airflow/.local/lib/python3.7/site-packages/airflow/example_dags/example_branch_operator.py
[2023-05-06T23:29:38.985+0000] {logging_mixin.py:149} INFO - [2023-05-06T23:29:38.985+0000] {dag.py:2726} INFO - Sync 1 DAGs
[2023-05-06T23:29:39.011+0000] {logging_mixin.py:149} INFO - [2023-05-06T23:29:39.011+0000] {dag.py:3490} INFO - Setting next_dagrun for example_branch_operator to 2023-05-05T00:00:00+00:00, run_after=2023-05-06T00:00:00+00:00
[2023-05-06T23:29:39.030+0000] {processor.py:178} INFO - Processing /home/airflow/.local/lib/python3.7/site-packages/airflow/example_dags/example_branch_operator.py took 0.090 seconds
[2023-05-06T23:30:09.526+0000] {processor.py:156} INFO - Started process (PID=646) to work on /home/airflow/.local/lib/python3.7/site-packages/airflow/example_dags/example_branch_operator.py
[2023-05-06T23:30:09.527+0000] {processor.py:799} INFO - Processing file /home/airflow/.local/lib/python3.7/site-packages/airflow/example_dags/example_branch_operator.py for tasks to queue
[2023-05-06T23:30:09.527+0000] {logging_mixin.py:149} INFO - [2023-05-06T23:30:09.527+0000] {dagbag.py:541} INFO - Filling up the DagBag from /home/airflow/.local/lib/python3.7/site-packages/airflow/example_dags/example_branch_operator.py
[2023-05-06T23:30:09.535+0000] {processor.py:809} INFO - DAG(s) dict_keys(['example_branch_operator']) retrieved from /home/airflow/.local/lib/python3.7/site-packages/airflow/example_dags/example_branch_operator.py
[2023-05-06T23:30:09.557+0000] {logging_mixin.py:149} INFO - [2023-05-06T23:30:09.556+0000] {dag.py:2726} INFO - Sync 1 DAGs
[2023-05-06T23:30:09.582+0000] {logging_mixin.py:149} INFO - [2023-05-06T23:30:09.581+0000] {dag.py:3490} INFO - Setting next_dagrun for example_branch_operator to 2023-05-05T00:00:00+00:00, run_after=2023-05-06T00:00:00+00:00
[2023-05-06T23:30:09.598+0000] {processor.py:178} INFO - Processing /home/airflow/.local/lib/python3.7/site-packages/airflow/example_dags/example_branch_operator.py took 0.073 seconds
[2023-05-06T23:30:39.829+0000] {processor.py:156} INFO - Started process (PID=704) to work on /home/airflow/.local/lib/python3.7/site-packages/airflow/example_dags/example_branch_operator.py
[2023-05-06T23:30:39.829+0000] {processor.py:799} INFO - Processing file /home/airflow/.local/lib/python3.7/site-packages/airflow/example_dags/example_branch_operator.py for tasks to queue
[2023-05-06T23:30:39.830+0000] {logging_mixin.py:149} INFO - [2023-05-06T23:30:39.830+0000] {dagbag.py:541} INFO - Filling up the DagBag from /home/airflow/.local/lib/python3.7/site-packages/airflow/example_dags/example_branch_operator.py
[2023-05-06T23:30:39.837+0000] {processor.py:809} INFO - DAG(s) dict_keys(['example_branch_operator']) retrieved from /home/airflow/.local/lib/python3.7/site-packages/airflow/example_dags/example_branch_operator.py
[2023-05-06T23:30:39.860+0000] {logging_mixin.py:149} INFO - [2023-05-06T23:30:39.860+0000] {dag.py:2726} INFO - Sync 1 DAGs
[2023-05-06T23:30:39.887+0000] {logging_mixin.py:149} INFO - [2023-05-06T23:30:39.886+0000] {dag.py:3490} INFO - Setting next_dagrun for example_branch_operator to 2023-05-05T00:00:00+00:00, run_after=2023-05-06T00:00:00+00:00
[2023-05-06T23:30:39.907+0000] {processor.py:178} INFO - Processing /home/airflow/.local/lib/python3.7/site-packages/airflow/example_dags/example_branch_operator.py took 0.080 seconds
[2023-05-06T23:31:10.308+0000] {processor.py:156} INFO - Started process (PID=761) to work on /home/airflow/.local/lib/python3.7/site-packages/airflow/example_dags/example_branch_operator.py
[2023-05-06T23:31:10.308+0000] {processor.py:799} INFO - Processing file /home/airflow/.local/lib/python3.7/site-packages/airflow/example_dags/example_branch_operator.py for tasks to queue
[2023-05-06T23:31:10.309+0000] {logging_mixin.py:149} INFO - [2023-05-06T23:31:10.309+0000] {dagbag.py:541} INFO - Filling up the DagBag from /home/airflow/.local/lib/python3.7/site-packages/airflow/example_dags/example_branch_operator.py
[2023-05-06T23:31:10.317+0000] {processor.py:809} INFO - DAG(s) dict_keys(['example_branch_operator']) retrieved from /home/airflow/.local/lib/python3.7/site-packages/airflow/example_dags/example_branch_operator.py
[2023-05-06T23:31:10.337+0000] {logging_mixin.py:149} INFO - [2023-05-06T23:31:10.337+0000] {dag.py:2726} INFO - Sync 1 DAGs
[2023-05-06T23:31:10.361+0000] {logging_mixin.py:149} INFO - [2023-05-06T23:31:10.361+0000] {dag.py:3490} INFO - Setting next_dagrun for example_branch_operator to 2023-05-05T00:00:00+00:00, run_after=2023-05-06T00:00:00+00:00
[2023-05-06T23:31:10.377+0000] {processor.py:178} INFO - Processing /home/airflow/.local/lib/python3.7/site-packages/airflow/example_dags/example_branch_operator.py took 0.071 seconds
[2023-05-06T23:31:40.663+0000] {processor.py:156} INFO - Started process (PID=819) to work on /home/airflow/.local/lib/python3.7/site-packages/airflow/example_dags/example_branch_operator.py
[2023-05-06T23:31:40.664+0000] {processor.py:799} INFO - Processing file /home/airflow/.local/lib/python3.7/site-packages/airflow/example_dags/example_branch_operator.py for tasks to queue
[2023-05-06T23:31:40.665+0000] {logging_mixin.py:149} INFO - [2023-05-06T23:31:40.664+0000] {dagbag.py:541} INFO - Filling up the DagBag from /home/airflow/.local/lib/python3.7/site-packages/airflow/example_dags/example_branch_operator.py
[2023-05-06T23:31:40.672+0000] {processor.py:809} INFO - DAG(s) dict_keys(['example_branch_operator']) retrieved from /home/airflow/.local/lib/python3.7/site-packages/airflow/example_dags/example_branch_operator.py
[2023-05-06T23:31:40.696+0000] {logging_mixin.py:149} INFO - [2023-05-06T23:31:40.695+0000] {dag.py:2726} INFO - Sync 1 DAGs
[2023-05-06T23:31:40.722+0000] {logging_mixin.py:149} INFO - [2023-05-06T23:31:40.722+0000] {dag.py:3490} INFO - Setting next_dagrun for example_branch_operator to 2023-05-05T00:00:00+00:00, run_after=2023-05-06T00:00:00+00:00
[2023-05-06T23:31:40.742+0000] {processor.py:178} INFO - Processing /home/airflow/.local/lib/python3.7/site-packages/airflow/example_dags/example_branch_operator.py took 0.081 seconds
[2023-05-06T23:32:11.208+0000] {processor.py:156} INFO - Started process (PID=877) to work on /home/airflow/.local/lib/python3.7/site-packages/airflow/example_dags/example_branch_operator.py
[2023-05-06T23:32:11.208+0000] {processor.py:799} INFO - Processing file /home/airflow/.local/lib/python3.7/site-packages/airflow/example_dags/example_branch_operator.py for tasks to queue
[2023-05-06T23:32:11.209+0000] {logging_mixin.py:149} INFO - [2023-05-06T23:32:11.209+0000] {dagbag.py:541} INFO - Filling up the DagBag from /home/airflow/.local/lib/python3.7/site-packages/airflow/example_dags/example_branch_operator.py
[2023-05-06T23:32:11.216+0000] {processor.py:809} INFO - DAG(s) dict_keys(['example_branch_operator']) retrieved from /home/airflow/.local/lib/python3.7/site-packages/airflow/example_dags/example_branch_operator.py
[2023-05-06T23:32:11.238+0000] {logging_mixin.py:149} INFO - [2023-05-06T23:32:11.238+0000] {dag.py:2726} INFO - Sync 1 DAGs
[2023-05-06T23:32:11.263+0000] {logging_mixin.py:149} INFO - [2023-05-06T23:32:11.263+0000] {dag.py:3490} INFO - Setting next_dagrun for example_branch_operator to 2023-05-05T00:00:00+00:00, run_after=2023-05-06T00:00:00+00:00
[2023-05-06T23:32:11.285+0000] {processor.py:178} INFO - Processing /home/airflow/.local/lib/python3.7/site-packages/airflow/example_dags/example_branch_operator.py took 0.079 seconds
[2023-05-06T23:32:41.562+0000] {processor.py:156} INFO - Started process (PID=935) to work on /home/airflow/.local/lib/python3.7/site-packages/airflow/example_dags/example_branch_operator.py
[2023-05-06T23:32:41.563+0000] {processor.py:799} INFO - Processing file /home/airflow/.local/lib/python3.7/site-packages/airflow/example_dags/example_branch_operator.py for tasks to queue
[2023-05-06T23:32:41.563+0000] {logging_mixin.py:149} INFO - [2023-05-06T23:32:41.563+0000] {dagbag.py:541} INFO - Filling up the DagBag from /home/airflow/.local/lib/python3.7/site-packages/airflow/example_dags/example_branch_operator.py
[2023-05-06T23:32:41.571+0000] {processor.py:809} INFO - DAG(s) dict_keys(['example_branch_operator']) retrieved from /home/airflow/.local/lib/python3.7/site-packages/airflow/example_dags/example_branch_operator.py
[2023-05-06T23:32:41.595+0000] {logging_mixin.py:149} INFO - [2023-05-06T23:32:41.595+0000] {dag.py:2726} INFO - Sync 1 DAGs
[2023-05-06T23:32:41.619+0000] {logging_mixin.py:149} INFO - [2023-05-06T23:32:41.619+0000] {dag.py:3490} INFO - Setting next_dagrun for example_branch_operator to 2023-05-05T00:00:00+00:00, run_after=2023-05-06T00:00:00+00:00
[2023-05-06T23:32:41.637+0000] {processor.py:178} INFO - Processing /home/airflow/.local/lib/python3.7/site-packages/airflow/example_dags/example_branch_operator.py took 0.077 seconds
[2023-05-06T23:33:12.012+0000] {processor.py:156} INFO - Started process (PID=993) to work on /home/airflow/.local/lib/python3.7/site-packages/airflow/example_dags/example_branch_operator.py
[2023-05-06T23:33:12.012+0000] {processor.py:799} INFO - Processing file /home/airflow/.local/lib/python3.7/site-packages/airflow/example_dags/example_branch_operator.py for tasks to queue
[2023-05-06T23:33:12.013+0000] {logging_mixin.py:149} INFO - [2023-05-06T23:33:12.012+0000] {dagbag.py:541} INFO - Filling up the DagBag from /home/airflow/.local/lib/python3.7/site-packages/airflow/example_dags/example_branch_operator.py
[2023-05-06T23:33:12.019+0000] {processor.py:809} INFO - DAG(s) dict_keys(['example_branch_operator']) retrieved from /home/airflow/.local/lib/python3.7/site-packages/airflow/example_dags/example_branch_operator.py
[2023-05-06T23:33:12.041+0000] {logging_mixin.py:149} INFO - [2023-05-06T23:33:12.040+0000] {dag.py:2726} INFO - Sync 1 DAGs
[2023-05-06T23:33:12.066+0000] {logging_mixin.py:149} INFO - [2023-05-06T23:33:12.066+0000] {dag.py:3490} INFO - Setting next_dagrun for example_branch_operator to 2023-05-05T00:00:00+00:00, run_after=2023-05-06T00:00:00+00:00
[2023-05-06T23:33:12.085+0000] {processor.py:178} INFO - Processing /home/airflow/.local/lib/python3.7/site-packages/airflow/example_dags/example_branch_operator.py took 0.076 seconds
[2023-05-06T23:33:42.347+0000] {processor.py:156} INFO - Started process (PID=1052) to work on /home/airflow/.local/lib/python3.7/site-packages/airflow/example_dags/example_branch_operator.py
[2023-05-06T23:33:42.347+0000] {processor.py:799} INFO - Processing file /home/airflow/.local/lib/python3.7/site-packages/airflow/example_dags/example_branch_operator.py for tasks to queue
[2023-05-06T23:33:42.348+0000] {logging_mixin.py:149} INFO - [2023-05-06T23:33:42.348+0000] {dagbag.py:541} INFO - Filling up the DagBag from /home/airflow/.local/lib/python3.7/site-packages/airflow/example_dags/example_branch_operator.py
[2023-05-06T23:33:42.355+0000] {processor.py:809} INFO - DAG(s) dict_keys(['example_branch_operator']) retrieved from /home/airflow/.local/lib/python3.7/site-packages/airflow/example_dags/example_branch_operator.py
[2023-05-06T23:33:42.375+0000] {logging_mixin.py:149} INFO - [2023-05-06T23:33:42.375+0000] {dag.py:2726} INFO - Sync 1 DAGs
[2023-05-06T23:33:42.399+0000] {logging_mixin.py:149} INFO - [2023-05-06T23:33:42.398+0000] {dag.py:3490} INFO - Setting next_dagrun for example_branch_operator to 2023-05-05T00:00:00+00:00, run_after=2023-05-06T00:00:00+00:00
[2023-05-06T23:33:42.415+0000] {processor.py:178} INFO - Processing /home/airflow/.local/lib/python3.7/site-packages/airflow/example_dags/example_branch_operator.py took 0.070 seconds
[2023-05-06T23:34:12.844+0000] {processor.py:156} INFO - Started process (PID=1110) to work on /home/airflow/.local/lib/python3.7/site-packages/airflow/example_dags/example_branch_operator.py
[2023-05-06T23:34:12.845+0000] {processor.py:799} INFO - Processing file /home/airflow/.local/lib/python3.7/site-packages/airflow/example_dags/example_branch_operator.py for tasks to queue
[2023-05-06T23:34:12.846+0000] {logging_mixin.py:149} INFO - [2023-05-06T23:34:12.845+0000] {dagbag.py:541} INFO - Filling up the DagBag from /home/airflow/.local/lib/python3.7/site-packages/airflow/example_dags/example_branch_operator.py
[2023-05-06T23:34:12.860+0000] {processor.py:809} INFO - DAG(s) dict_keys(['example_branch_operator']) retrieved from /home/airflow/.local/lib/python3.7/site-packages/airflow/example_dags/example_branch_operator.py
[2023-05-06T23:34:12.899+0000] {logging_mixin.py:149} INFO - [2023-05-06T23:34:12.898+0000] {dag.py:2726} INFO - Sync 1 DAGs
[2023-05-06T23:34:12.923+0000] {logging_mixin.py:149} INFO - [2023-05-06T23:34:12.923+0000] {dag.py:3490} INFO - Setting next_dagrun for example_branch_operator to 2023-05-05T00:00:00+00:00, run_after=2023-05-06T00:00:00+00:00
[2023-05-06T23:34:12.940+0000] {processor.py:178} INFO - Processing /home/airflow/.local/lib/python3.7/site-packages/airflow/example_dags/example_branch_operator.py took 0.101 seconds
[2023-05-06T23:34:43.242+0000] {processor.py:156} INFO - Started process (PID=1168) to work on /home/airflow/.local/lib/python3.7/site-packages/airflow/example_dags/example_branch_operator.py
[2023-05-06T23:34:43.242+0000] {processor.py:799} INFO - Processing file /home/airflow/.local/lib/python3.7/site-packages/airflow/example_dags/example_branch_operator.py for tasks to queue
[2023-05-06T23:34:43.243+0000] {logging_mixin.py:149} INFO - [2023-05-06T23:34:43.243+0000] {dagbag.py:541} INFO - Filling up the DagBag from /home/airflow/.local/lib/python3.7/site-packages/airflow/example_dags/example_branch_operator.py
[2023-05-06T23:34:43.249+0000] {processor.py:809} INFO - DAG(s) dict_keys(['example_branch_operator']) retrieved from /home/airflow/.local/lib/python3.7/site-packages/airflow/example_dags/example_branch_operator.py
[2023-05-06T23:34:43.270+0000] {logging_mixin.py:149} INFO - [2023-05-06T23:34:43.270+0000] {dag.py:2726} INFO - Sync 1 DAGs
[2023-05-06T23:34:43.296+0000] {logging_mixin.py:149} INFO - [2023-05-06T23:34:43.295+0000] {dag.py:3490} INFO - Setting next_dagrun for example_branch_operator to 2023-05-05T00:00:00+00:00, run_after=2023-05-06T00:00:00+00:00
[2023-05-06T23:34:43.313+0000] {processor.py:178} INFO - Processing /home/airflow/.local/lib/python3.7/site-packages/airflow/example_dags/example_branch_operator.py took 0.074 seconds
[2023-05-06T23:35:13.771+0000] {processor.py:156} INFO - Started process (PID=1226) to work on /home/airflow/.local/lib/python3.7/site-packages/airflow/example_dags/example_branch_operator.py
[2023-05-06T23:35:13.772+0000] {processor.py:799} INFO - Processing file /home/airflow/.local/lib/python3.7/site-packages/airflow/example_dags/example_branch_operator.py for tasks to queue
[2023-05-06T23:35:13.772+0000] {logging_mixin.py:149} INFO - [2023-05-06T23:35:13.772+0000] {dagbag.py:541} INFO - Filling up the DagBag from /home/airflow/.local/lib/python3.7/site-packages/airflow/example_dags/example_branch_operator.py
[2023-05-06T23:35:13.780+0000] {processor.py:809} INFO - DAG(s) dict_keys(['example_branch_operator']) retrieved from /home/airflow/.local/lib/python3.7/site-packages/airflow/example_dags/example_branch_operator.py
[2023-05-06T23:35:13.802+0000] {logging_mixin.py:149} INFO - [2023-05-06T23:35:13.802+0000] {dag.py:2726} INFO - Sync 1 DAGs
[2023-05-06T23:35:13.827+0000] {logging_mixin.py:149} INFO - [2023-05-06T23:35:13.827+0000] {dag.py:3490} INFO - Setting next_dagrun for example_branch_operator to 2023-05-05T00:00:00+00:00, run_after=2023-05-06T00:00:00+00:00
[2023-05-06T23:35:13.845+0000] {processor.py:178} INFO - Processing /home/airflow/.local/lib/python3.7/site-packages/airflow/example_dags/example_branch_operator.py took 0.076 seconds
[2023-05-06T23:35:44.296+0000] {processor.py:156} INFO - Started process (PID=1284) to work on /home/airflow/.local/lib/python3.7/site-packages/airflow/example_dags/example_branch_operator.py
[2023-05-06T23:35:44.297+0000] {processor.py:799} INFO - Processing file /home/airflow/.local/lib/python3.7/site-packages/airflow/example_dags/example_branch_operator.py for tasks to queue
[2023-05-06T23:35:44.297+0000] {logging_mixin.py:149} INFO - [2023-05-06T23:35:44.297+0000] {dagbag.py:541} INFO - Filling up the DagBag from /home/airflow/.local/lib/python3.7/site-packages/airflow/example_dags/example_branch_operator.py
[2023-05-06T23:35:44.304+0000] {processor.py:809} INFO - DAG(s) dict_keys(['example_branch_operator']) retrieved from /home/airflow/.local/lib/python3.7/site-packages/airflow/example_dags/example_branch_operator.py
[2023-05-06T23:35:44.338+0000] {logging_mixin.py:149} INFO - [2023-05-06T23:35:44.338+0000] {dag.py:2726} INFO - Sync 1 DAGs
[2023-05-06T23:35:44.369+0000] {logging_mixin.py:149} INFO - [2023-05-06T23:35:44.369+0000] {dag.py:3490} INFO - Setting next_dagrun for example_branch_operator to 2023-05-05T00:00:00+00:00, run_after=2023-05-06T00:00:00+00:00
[2023-05-06T23:35:44.388+0000] {processor.py:178} INFO - Processing /home/airflow/.local/lib/python3.7/site-packages/airflow/example_dags/example_branch_operator.py took 0.094 seconds
[2023-05-06T23:36:14.708+0000] {processor.py:156} INFO - Started process (PID=1342) to work on /home/airflow/.local/lib/python3.7/site-packages/airflow/example_dags/example_branch_operator.py
[2023-05-06T23:36:14.709+0000] {processor.py:799} INFO - Processing file /home/airflow/.local/lib/python3.7/site-packages/airflow/example_dags/example_branch_operator.py for tasks to queue
[2023-05-06T23:36:14.709+0000] {logging_mixin.py:149} INFO - [2023-05-06T23:36:14.709+0000] {dagbag.py:541} INFO - Filling up the DagBag from /home/airflow/.local/lib/python3.7/site-packages/airflow/example_dags/example_branch_operator.py
[2023-05-06T23:36:14.716+0000] {processor.py:809} INFO - DAG(s) dict_keys(['example_branch_operator']) retrieved from /home/airflow/.local/lib/python3.7/site-packages/airflow/example_dags/example_branch_operator.py
[2023-05-06T23:36:14.737+0000] {logging_mixin.py:149} INFO - [2023-05-06T23:36:14.736+0000] {dag.py:2726} INFO - Sync 1 DAGs
[2023-05-06T23:36:14.762+0000] {logging_mixin.py:149} INFO - [2023-05-06T23:36:14.762+0000] {dag.py:3490} INFO - Setting next_dagrun for example_branch_operator to 2023-05-05T00:00:00+00:00, run_after=2023-05-06T00:00:00+00:00
[2023-05-06T23:36:14.779+0000] {processor.py:178} INFO - Processing /home/airflow/.local/lib/python3.7/site-packages/airflow/example_dags/example_branch_operator.py took 0.073 seconds
[2023-05-06T23:36:45.378+0000] {processor.py:156} INFO - Started process (PID=1400) to work on /home/airflow/.local/lib/python3.7/site-packages/airflow/example_dags/example_branch_operator.py
[2023-05-06T23:36:45.378+0000] {processor.py:799} INFO - Processing file /home/airflow/.local/lib/python3.7/site-packages/airflow/example_dags/example_branch_operator.py for tasks to queue
[2023-05-06T23:36:45.379+0000] {logging_mixin.py:149} INFO - [2023-05-06T23:36:45.379+0000] {dagbag.py:541} INFO - Filling up the DagBag from /home/airflow/.local/lib/python3.7/site-packages/airflow/example_dags/example_branch_operator.py
[2023-05-06T23:36:45.386+0000] {processor.py:809} INFO - DAG(s) dict_keys(['example_branch_operator']) retrieved from /home/airflow/.local/lib/python3.7/site-packages/airflow/example_dags/example_branch_operator.py
[2023-05-06T23:36:45.412+0000] {logging_mixin.py:149} INFO - [2023-05-06T23:36:45.412+0000] {dag.py:2726} INFO - Sync 1 DAGs
[2023-05-06T23:36:45.438+0000] {logging_mixin.py:149} INFO - [2023-05-06T23:36:45.438+0000] {dag.py:3490} INFO - Setting next_dagrun for example_branch_operator to 2023-05-05T00:00:00+00:00, run_after=2023-05-06T00:00:00+00:00
[2023-05-06T23:36:45.456+0000] {processor.py:178} INFO - Processing /home/airflow/.local/lib/python3.7/site-packages/airflow/example_dags/example_branch_operator.py took 0.080 seconds
[2023-05-06T23:37:15.941+0000] {processor.py:156} INFO - Started process (PID=1458) to work on /home/airflow/.local/lib/python3.7/site-packages/airflow/example_dags/example_branch_operator.py
[2023-05-06T23:37:15.942+0000] {processor.py:799} INFO - Processing file /home/airflow/.local/lib/python3.7/site-packages/airflow/example_dags/example_branch_operator.py for tasks to queue
[2023-05-06T23:37:15.942+0000] {logging_mixin.py:149} INFO - [2023-05-06T23:37:15.942+0000] {dagbag.py:541} INFO - Filling up the DagBag from /home/airflow/.local/lib/python3.7/site-packages/airflow/example_dags/example_branch_operator.py
[2023-05-06T23:37:15.949+0000] {processor.py:809} INFO - DAG(s) dict_keys(['example_branch_operator']) retrieved from /home/airflow/.local/lib/python3.7/site-packages/airflow/example_dags/example_branch_operator.py
[2023-05-06T23:37:15.969+0000] {logging_mixin.py:149} INFO - [2023-05-06T23:37:15.969+0000] {dag.py:2726} INFO - Sync 1 DAGs
[2023-05-06T23:37:15.993+0000] {logging_mixin.py:149} INFO - [2023-05-06T23:37:15.993+0000] {dag.py:3490} INFO - Setting next_dagrun for example_branch_operator to 2023-05-05T00:00:00+00:00, run_after=2023-05-06T00:00:00+00:00
[2023-05-06T23:37:16.009+0000] {processor.py:178} INFO - Processing /home/airflow/.local/lib/python3.7/site-packages/airflow/example_dags/example_branch_operator.py took 0.070 seconds
[2023-05-06T23:37:46.531+0000] {processor.py:156} INFO - Started process (PID=1516) to work on /home/airflow/.local/lib/python3.7/site-packages/airflow/example_dags/example_branch_operator.py
[2023-05-06T23:37:46.532+0000] {processor.py:799} INFO - Processing file /home/airflow/.local/lib/python3.7/site-packages/airflow/example_dags/example_branch_operator.py for tasks to queue
[2023-05-06T23:37:46.532+0000] {logging_mixin.py:149} INFO - [2023-05-06T23:37:46.532+0000] {dagbag.py:541} INFO - Filling up the DagBag from /home/airflow/.local/lib/python3.7/site-packages/airflow/example_dags/example_branch_operator.py
[2023-05-06T23:37:46.539+0000] {processor.py:809} INFO - DAG(s) dict_keys(['example_branch_operator']) retrieved from /home/airflow/.local/lib/python3.7/site-packages/airflow/example_dags/example_branch_operator.py
[2023-05-06T23:37:46.560+0000] {logging_mixin.py:149} INFO - [2023-05-06T23:37:46.560+0000] {dag.py:2726} INFO - Sync 1 DAGs
[2023-05-06T23:37:46.584+0000] {logging_mixin.py:149} INFO - [2023-05-06T23:37:46.584+0000] {dag.py:3490} INFO - Setting next_dagrun for example_branch_operator to 2023-05-05T00:00:00+00:00, run_after=2023-05-06T00:00:00+00:00
[2023-05-06T23:37:46.601+0000] {processor.py:178} INFO - Processing /home/airflow/.local/lib/python3.7/site-packages/airflow/example_dags/example_branch_operator.py took 0.072 seconds
[2023-05-06T23:38:17.373+0000] {processor.py:156} INFO - Started process (PID=1574) to work on /home/airflow/.local/lib/python3.7/site-packages/airflow/example_dags/example_branch_operator.py
[2023-05-06T23:38:17.374+0000] {processor.py:799} INFO - Processing file /home/airflow/.local/lib/python3.7/site-packages/airflow/example_dags/example_branch_operator.py for tasks to queue
[2023-05-06T23:38:17.374+0000] {logging_mixin.py:149} INFO - [2023-05-06T23:38:17.374+0000] {dagbag.py:541} INFO - Filling up the DagBag from /home/airflow/.local/lib/python3.7/site-packages/airflow/example_dags/example_branch_operator.py
[2023-05-06T23:38:17.381+0000] {processor.py:809} INFO - DAG(s) dict_keys(['example_branch_operator']) retrieved from /home/airflow/.local/lib/python3.7/site-packages/airflow/example_dags/example_branch_operator.py
[2023-05-06T23:38:17.401+0000] {logging_mixin.py:149} INFO - [2023-05-06T23:38:17.401+0000] {dag.py:2726} INFO - Sync 1 DAGs
[2023-05-06T23:38:17.425+0000] {logging_mixin.py:149} INFO - [2023-05-06T23:38:17.425+0000] {dag.py:3490} INFO - Setting next_dagrun for example_branch_operator to 2023-05-05T00:00:00+00:00, run_after=2023-05-06T00:00:00+00:00
[2023-05-06T23:38:17.442+0000] {processor.py:178} INFO - Processing /home/airflow/.local/lib/python3.7/site-packages/airflow/example_dags/example_branch_operator.py took 0.071 seconds
[2023-05-06T23:38:47.579+0000] {processor.py:156} INFO - Started process (PID=1632) to work on /home/airflow/.local/lib/python3.7/site-packages/airflow/example_dags/example_branch_operator.py
[2023-05-06T23:38:47.580+0000] {processor.py:799} INFO - Processing file /home/airflow/.local/lib/python3.7/site-packages/airflow/example_dags/example_branch_operator.py for tasks to queue
[2023-05-06T23:38:47.580+0000] {logging_mixin.py:149} INFO - [2023-05-06T23:38:47.580+0000] {dagbag.py:541} INFO - Filling up the DagBag from /home/airflow/.local/lib/python3.7/site-packages/airflow/example_dags/example_branch_operator.py
[2023-05-06T23:38:47.587+0000] {processor.py:809} INFO - DAG(s) dict_keys(['example_branch_operator']) retrieved from /home/airflow/.local/lib/python3.7/site-packages/airflow/example_dags/example_branch_operator.py
[2023-05-06T23:38:47.609+0000] {logging_mixin.py:149} INFO - [2023-05-06T23:38:47.609+0000] {dag.py:2726} INFO - Sync 1 DAGs
[2023-05-06T23:38:47.632+0000] {logging_mixin.py:149} INFO - [2023-05-06T23:38:47.632+0000] {dag.py:3490} INFO - Setting next_dagrun for example_branch_operator to 2023-05-05T00:00:00+00:00, run_after=2023-05-06T00:00:00+00:00
[2023-05-06T23:38:47.649+0000] {processor.py:178} INFO - Processing /home/airflow/.local/lib/python3.7/site-packages/airflow/example_dags/example_branch_operator.py took 0.072 seconds
[2023-05-06T23:39:18.317+0000] {processor.py:156} INFO - Started process (PID=1690) to work on /home/airflow/.local/lib/python3.7/site-packages/airflow/example_dags/example_branch_operator.py
[2023-05-06T23:39:18.318+0000] {processor.py:799} INFO - Processing file /home/airflow/.local/lib/python3.7/site-packages/airflow/example_dags/example_branch_operator.py for tasks to queue
[2023-05-06T23:39:18.318+0000] {logging_mixin.py:149} INFO - [2023-05-06T23:39:18.318+0000] {dagbag.py:541} INFO - Filling up the DagBag from /home/airflow/.local/lib/python3.7/site-packages/airflow/example_dags/example_branch_operator.py
[2023-05-06T23:39:18.325+0000] {processor.py:809} INFO - DAG(s) dict_keys(['example_branch_operator']) retrieved from /home/airflow/.local/lib/python3.7/site-packages/airflow/example_dags/example_branch_operator.py
[2023-05-06T23:39:18.347+0000] {logging_mixin.py:149} INFO - [2023-05-06T23:39:18.347+0000] {dag.py:2726} INFO - Sync 1 DAGs
[2023-05-06T23:39:18.370+0000] {logging_mixin.py:149} INFO - [2023-05-06T23:39:18.370+0000] {dag.py:3490} INFO - Setting next_dagrun for example_branch_operator to 2023-05-05T00:00:00+00:00, run_after=2023-05-06T00:00:00+00:00
[2023-05-06T23:39:18.388+0000] {processor.py:178} INFO - Processing /home/airflow/.local/lib/python3.7/site-packages/airflow/example_dags/example_branch_operator.py took 0.073 seconds
[2023-05-06T23:39:48.637+0000] {processor.py:156} INFO - Started process (PID=1749) to work on /home/airflow/.local/lib/python3.7/site-packages/airflow/example_dags/example_branch_operator.py
[2023-05-06T23:39:48.638+0000] {processor.py:799} INFO - Processing file /home/airflow/.local/lib/python3.7/site-packages/airflow/example_dags/example_branch_operator.py for tasks to queue
[2023-05-06T23:39:48.638+0000] {logging_mixin.py:149} INFO - [2023-05-06T23:39:48.638+0000] {dagbag.py:541} INFO - Filling up the DagBag from /home/airflow/.local/lib/python3.7/site-packages/airflow/example_dags/example_branch_operator.py
[2023-05-06T23:39:48.646+0000] {processor.py:809} INFO - DAG(s) dict_keys(['example_branch_operator']) retrieved from /home/airflow/.local/lib/python3.7/site-packages/airflow/example_dags/example_branch_operator.py
[2023-05-06T23:39:48.666+0000] {logging_mixin.py:149} INFO - [2023-05-06T23:39:48.666+0000] {dag.py:2726} INFO - Sync 1 DAGs
[2023-05-06T23:39:48.688+0000] {logging_mixin.py:149} INFO - [2023-05-06T23:39:48.688+0000] {dag.py:3490} INFO - Setting next_dagrun for example_branch_operator to 2023-05-05T00:00:00+00:00, run_after=2023-05-06T00:00:00+00:00
[2023-05-06T23:39:48.703+0000] {processor.py:178} INFO - Processing /home/airflow/.local/lib/python3.7/site-packages/airflow/example_dags/example_branch_operator.py took 0.068 seconds
[2023-05-06T23:40:18.979+0000] {processor.py:156} INFO - Started process (PID=1807) to work on /home/airflow/.local/lib/python3.7/site-packages/airflow/example_dags/example_branch_operator.py
[2023-05-06T23:40:18.980+0000] {processor.py:799} INFO - Processing file /home/airflow/.local/lib/python3.7/site-packages/airflow/example_dags/example_branch_operator.py for tasks to queue
[2023-05-06T23:40:18.980+0000] {logging_mixin.py:149} INFO - [2023-05-06T23:40:18.980+0000] {dagbag.py:541} INFO - Filling up the DagBag from /home/airflow/.local/lib/python3.7/site-packages/airflow/example_dags/example_branch_operator.py
[2023-05-06T23:40:18.988+0000] {processor.py:809} INFO - DAG(s) dict_keys(['example_branch_operator']) retrieved from /home/airflow/.local/lib/python3.7/site-packages/airflow/example_dags/example_branch_operator.py
[2023-05-06T23:40:19.009+0000] {logging_mixin.py:149} INFO - [2023-05-06T23:40:19.009+0000] {dag.py:2726} INFO - Sync 1 DAGs
[2023-05-06T23:40:19.033+0000] {logging_mixin.py:149} INFO - [2023-05-06T23:40:19.033+0000] {dag.py:3490} INFO - Setting next_dagrun for example_branch_operator to 2023-05-05T00:00:00+00:00, run_after=2023-05-06T00:00:00+00:00
[2023-05-06T23:40:19.053+0000] {processor.py:178} INFO - Processing /home/airflow/.local/lib/python3.7/site-packages/airflow/example_dags/example_branch_operator.py took 0.077 seconds
[2023-05-06T23:40:49.306+0000] {processor.py:156} INFO - Started process (PID=1866) to work on /home/airflow/.local/lib/python3.7/site-packages/airflow/example_dags/example_branch_operator.py
[2023-05-06T23:40:49.306+0000] {processor.py:799} INFO - Processing file /home/airflow/.local/lib/python3.7/site-packages/airflow/example_dags/example_branch_operator.py for tasks to queue
[2023-05-06T23:40:49.307+0000] {logging_mixin.py:149} INFO - [2023-05-06T23:40:49.307+0000] {dagbag.py:541} INFO - Filling up the DagBag from /home/airflow/.local/lib/python3.7/site-packages/airflow/example_dags/example_branch_operator.py
[2023-05-06T23:40:49.313+0000] {processor.py:809} INFO - DAG(s) dict_keys(['example_branch_operator']) retrieved from /home/airflow/.local/lib/python3.7/site-packages/airflow/example_dags/example_branch_operator.py
[2023-05-06T23:40:49.334+0000] {logging_mixin.py:149} INFO - [2023-05-06T23:40:49.334+0000] {dag.py:2726} INFO - Sync 1 DAGs
[2023-05-06T23:40:49.357+0000] {logging_mixin.py:149} INFO - [2023-05-06T23:40:49.357+0000] {dag.py:3490} INFO - Setting next_dagrun for example_branch_operator to 2023-05-05T00:00:00+00:00, run_after=2023-05-06T00:00:00+00:00
[2023-05-06T23:40:49.374+0000] {processor.py:178} INFO - Processing /home/airflow/.local/lib/python3.7/site-packages/airflow/example_dags/example_branch_operator.py took 0.070 seconds
[2023-05-06T23:41:19.657+0000] {processor.py:156} INFO - Started process (PID=1924) to work on /home/airflow/.local/lib/python3.7/site-packages/airflow/example_dags/example_branch_operator.py
[2023-05-06T23:41:19.658+0000] {processor.py:799} INFO - Processing file /home/airflow/.local/lib/python3.7/site-packages/airflow/example_dags/example_branch_operator.py for tasks to queue
[2023-05-06T23:41:19.658+0000] {logging_mixin.py:149} INFO - [2023-05-06T23:41:19.658+0000] {dagbag.py:541} INFO - Filling up the DagBag from /home/airflow/.local/lib/python3.7/site-packages/airflow/example_dags/example_branch_operator.py
[2023-05-06T23:41:19.666+0000] {processor.py:809} INFO - DAG(s) dict_keys(['example_branch_operator']) retrieved from /home/airflow/.local/lib/python3.7/site-packages/airflow/example_dags/example_branch_operator.py
[2023-05-06T23:41:19.692+0000] {logging_mixin.py:149} INFO - [2023-05-06T23:41:19.692+0000] {dag.py:2726} INFO - Sync 1 DAGs
[2023-05-06T23:41:19.717+0000] {logging_mixin.py:149} INFO - [2023-05-06T23:41:19.717+0000] {dag.py:3490} INFO - Setting next_dagrun for example_branch_operator to 2023-05-05T00:00:00+00:00, run_after=2023-05-06T00:00:00+00:00
[2023-05-06T23:41:19.734+0000] {processor.py:178} INFO - Processing /home/airflow/.local/lib/python3.7/site-packages/airflow/example_dags/example_branch_operator.py took 0.080 seconds
[2023-05-06T23:41:49.960+0000] {processor.py:156} INFO - Started process (PID=1982) to work on /home/airflow/.local/lib/python3.7/site-packages/airflow/example_dags/example_branch_operator.py
[2023-05-06T23:41:49.961+0000] {processor.py:799} INFO - Processing file /home/airflow/.local/lib/python3.7/site-packages/airflow/example_dags/example_branch_operator.py for tasks to queue
[2023-05-06T23:41:49.961+0000] {logging_mixin.py:149} INFO - [2023-05-06T23:41:49.961+0000] {dagbag.py:541} INFO - Filling up the DagBag from /home/airflow/.local/lib/python3.7/site-packages/airflow/example_dags/example_branch_operator.py
[2023-05-06T23:41:49.968+0000] {processor.py:809} INFO - DAG(s) dict_keys(['example_branch_operator']) retrieved from /home/airflow/.local/lib/python3.7/site-packages/airflow/example_dags/example_branch_operator.py
[2023-05-06T23:41:49.991+0000] {logging_mixin.py:149} INFO - [2023-05-06T23:41:49.991+0000] {dag.py:2726} INFO - Sync 1 DAGs
[2023-05-06T23:41:50.017+0000] {logging_mixin.py:149} INFO - [2023-05-06T23:41:50.017+0000] {dag.py:3490} INFO - Setting next_dagrun for example_branch_operator to 2023-05-05T00:00:00+00:00, run_after=2023-05-06T00:00:00+00:00
[2023-05-06T23:41:50.033+0000] {processor.py:178} INFO - Processing /home/airflow/.local/lib/python3.7/site-packages/airflow/example_dags/example_branch_operator.py took 0.074 seconds
[2023-05-06T23:42:20.242+0000] {processor.py:156} INFO - Started process (PID=2040) to work on /home/airflow/.local/lib/python3.7/site-packages/airflow/example_dags/example_branch_operator.py
[2023-05-06T23:42:20.242+0000] {processor.py:799} INFO - Processing file /home/airflow/.local/lib/python3.7/site-packages/airflow/example_dags/example_branch_operator.py for tasks to queue
[2023-05-06T23:42:20.243+0000] {logging_mixin.py:149} INFO - [2023-05-06T23:42:20.242+0000] {dagbag.py:541} INFO - Filling up the DagBag from /home/airflow/.local/lib/python3.7/site-packages/airflow/example_dags/example_branch_operator.py
[2023-05-06T23:42:20.250+0000] {processor.py:809} INFO - DAG(s) dict_keys(['example_branch_operator']) retrieved from /home/airflow/.local/lib/python3.7/site-packages/airflow/example_dags/example_branch_operator.py
[2023-05-06T23:42:20.272+0000] {logging_mixin.py:149} INFO - [2023-05-06T23:42:20.272+0000] {dag.py:2726} INFO - Sync 1 DAGs
[2023-05-06T23:42:20.295+0000] {logging_mixin.py:149} INFO - [2023-05-06T23:42:20.295+0000] {dag.py:3490} INFO - Setting next_dagrun for example_branch_operator to 2023-05-05T00:00:00+00:00, run_after=2023-05-06T00:00:00+00:00
[2023-05-06T23:42:20.311+0000] {processor.py:178} INFO - Processing /home/airflow/.local/lib/python3.7/site-packages/airflow/example_dags/example_branch_operator.py took 0.072 seconds
[2023-05-06T23:42:50.797+0000] {processor.py:156} INFO - Started process (PID=2098) to work on /home/airflow/.local/lib/python3.7/site-packages/airflow/example_dags/example_branch_operator.py
[2023-05-06T23:42:50.798+0000] {processor.py:799} INFO - Processing file /home/airflow/.local/lib/python3.7/site-packages/airflow/example_dags/example_branch_operator.py for tasks to queue
[2023-05-06T23:42:50.798+0000] {logging_mixin.py:149} INFO - [2023-05-06T23:42:50.798+0000] {dagbag.py:541} INFO - Filling up the DagBag from /home/airflow/.local/lib/python3.7/site-packages/airflow/example_dags/example_branch_operator.py
[2023-05-06T23:42:50.805+0000] {processor.py:809} INFO - DAG(s) dict_keys(['example_branch_operator']) retrieved from /home/airflow/.local/lib/python3.7/site-packages/airflow/example_dags/example_branch_operator.py
[2023-05-06T23:42:50.830+0000] {logging_mixin.py:149} INFO - [2023-05-06T23:42:50.829+0000] {dag.py:2726} INFO - Sync 1 DAGs
[2023-05-06T23:42:50.855+0000] {logging_mixin.py:149} INFO - [2023-05-06T23:42:50.854+0000] {dag.py:3490} INFO - Setting next_dagrun for example_branch_operator to 2023-05-05T00:00:00+00:00, run_after=2023-05-06T00:00:00+00:00
[2023-05-06T23:42:50.872+0000] {processor.py:178} INFO - Processing /home/airflow/.local/lib/python3.7/site-packages/airflow/example_dags/example_branch_operator.py took 0.077 seconds
[2023-05-06T23:43:21.185+0000] {processor.py:156} INFO - Started process (PID=2156) to work on /home/airflow/.local/lib/python3.7/site-packages/airflow/example_dags/example_branch_operator.py
[2023-05-06T23:43:21.186+0000] {processor.py:799} INFO - Processing file /home/airflow/.local/lib/python3.7/site-packages/airflow/example_dags/example_branch_operator.py for tasks to queue
[2023-05-06T23:43:21.186+0000] {logging_mixin.py:149} INFO - [2023-05-06T23:43:21.186+0000] {dagbag.py:541} INFO - Filling up the DagBag from /home/airflow/.local/lib/python3.7/site-packages/airflow/example_dags/example_branch_operator.py
[2023-05-06T23:43:21.194+0000] {processor.py:809} INFO - DAG(s) dict_keys(['example_branch_operator']) retrieved from /home/airflow/.local/lib/python3.7/site-packages/airflow/example_dags/example_branch_operator.py
[2023-05-06T23:43:21.215+0000] {logging_mixin.py:149} INFO - [2023-05-06T23:43:21.215+0000] {dag.py:2726} INFO - Sync 1 DAGs
[2023-05-06T23:43:21.240+0000] {logging_mixin.py:149} INFO - [2023-05-06T23:43:21.239+0000] {dag.py:3490} INFO - Setting next_dagrun for example_branch_operator to 2023-05-05T00:00:00+00:00, run_after=2023-05-06T00:00:00+00:00
[2023-05-06T23:43:21.259+0000] {processor.py:178} INFO - Processing /home/airflow/.local/lib/python3.7/site-packages/airflow/example_dags/example_branch_operator.py took 0.076 seconds
