[2023-05-06T23:25:01.709+0000] {processor.py:156} INFO - Started process (PID=37) to work on /home/airflow/.local/lib/python3.7/site-packages/airflow/example_dags/example_latest_only.py
[2023-05-06T23:25:01.709+0000] {processor.py:799} INFO - Processing file /home/airflow/.local/lib/python3.7/site-packages/airflow/example_dags/example_latest_only.py for tasks to queue
[2023-05-06T23:25:01.710+0000] {logging_mixin.py:149} INFO - [2023-05-06T23:25:01.710+0000] {dagbag.py:541} INFO - Filling up the DagBag from /home/airflow/.local/lib/python3.7/site-packages/airflow/example_dags/example_latest_only.py
[2023-05-06T23:25:01.717+0000] {processor.py:809} INFO - DAG(s) dict_keys(['latest_only']) retrieved from /home/airflow/.local/lib/python3.7/site-packages/airflow/example_dags/example_latest_only.py
[2023-05-06T23:25:01.728+0000] {logging_mixin.py:149} INFO - [2023-05-06T23:25:01.728+0000] {dag.py:2726} INFO - Sync 1 DAGs
[2023-05-06T23:25:01.755+0000] {logging_mixin.py:149} INFO - [2023-05-06T23:25:01.754+0000] {dag.py:3490} INFO - Setting next_dagrun for latest_only to 2023-05-06T19:25:01.754213+00:00, run_after=2023-05-06T23:25:01.754213+00:00
[2023-05-06T23:25:01.775+0000] {processor.py:178} INFO - Processing /home/airflow/.local/lib/python3.7/site-packages/airflow/example_dags/example_latest_only.py took 0.069 seconds
[2023-05-06T23:25:31.865+0000] {processor.py:156} INFO - Started process (PID=95) to work on /home/airflow/.local/lib/python3.7/site-packages/airflow/example_dags/example_latest_only.py
[2023-05-06T23:25:31.866+0000] {processor.py:799} INFO - Processing file /home/airflow/.local/lib/python3.7/site-packages/airflow/example_dags/example_latest_only.py for tasks to queue
[2023-05-06T23:25:31.866+0000] {logging_mixin.py:149} INFO - [2023-05-06T23:25:31.866+0000] {dagbag.py:541} INFO - Filling up the DagBag from /home/airflow/.local/lib/python3.7/site-packages/airflow/example_dags/example_latest_only.py
[2023-05-06T23:25:31.870+0000] {processor.py:809} INFO - DAG(s) dict_keys(['latest_only']) retrieved from /home/airflow/.local/lib/python3.7/site-packages/airflow/example_dags/example_latest_only.py
[2023-05-06T23:25:31.889+0000] {logging_mixin.py:149} INFO - [2023-05-06T23:25:31.889+0000] {dag.py:2726} INFO - Sync 1 DAGs
[2023-05-06T23:25:31.910+0000] {logging_mixin.py:149} INFO - [2023-05-06T23:25:31.910+0000] {dag.py:3490} INFO - Setting next_dagrun for latest_only to 2023-05-06T19:25:31.910173+00:00, run_after=2023-05-06T23:25:31.910173+00:00
[2023-05-06T23:25:31.931+0000] {processor.py:178} INFO - Processing /home/airflow/.local/lib/python3.7/site-packages/airflow/example_dags/example_latest_only.py took 0.068 seconds
[2023-05-06T23:26:02.078+0000] {processor.py:156} INFO - Started process (PID=153) to work on /home/airflow/.local/lib/python3.7/site-packages/airflow/example_dags/example_latest_only.py
[2023-05-06T23:26:02.079+0000] {processor.py:799} INFO - Processing file /home/airflow/.local/lib/python3.7/site-packages/airflow/example_dags/example_latest_only.py for tasks to queue
[2023-05-06T23:26:02.080+0000] {logging_mixin.py:149} INFO - [2023-05-06T23:26:02.080+0000] {dagbag.py:541} INFO - Filling up the DagBag from /home/airflow/.local/lib/python3.7/site-packages/airflow/example_dags/example_latest_only.py
[2023-05-06T23:26:02.088+0000] {processor.py:809} INFO - DAG(s) dict_keys(['latest_only']) retrieved from /home/airflow/.local/lib/python3.7/site-packages/airflow/example_dags/example_latest_only.py
[2023-05-06T23:26:02.119+0000] {logging_mixin.py:149} INFO - [2023-05-06T23:26:02.119+0000] {dag.py:2726} INFO - Sync 1 DAGs
[2023-05-06T23:26:02.143+0000] {logging_mixin.py:149} INFO - [2023-05-06T23:26:02.143+0000] {dag.py:3490} INFO - Setting next_dagrun for latest_only to 2023-05-06T19:26:02.143366+00:00, run_after=2023-05-06T23:26:02.143366+00:00
[2023-05-06T23:26:02.161+0000] {processor.py:178} INFO - Processing /home/airflow/.local/lib/python3.7/site-packages/airflow/example_dags/example_latest_only.py took 0.087 seconds
[2023-05-06T23:26:32.563+0000] {processor.py:156} INFO - Started process (PID=210) to work on /home/airflow/.local/lib/python3.7/site-packages/airflow/example_dags/example_latest_only.py
[2023-05-06T23:26:32.564+0000] {processor.py:799} INFO - Processing file /home/airflow/.local/lib/python3.7/site-packages/airflow/example_dags/example_latest_only.py for tasks to queue
[2023-05-06T23:26:32.564+0000] {logging_mixin.py:149} INFO - [2023-05-06T23:26:32.564+0000] {dagbag.py:541} INFO - Filling up the DagBag from /home/airflow/.local/lib/python3.7/site-packages/airflow/example_dags/example_latest_only.py
[2023-05-06T23:26:32.568+0000] {processor.py:809} INFO - DAG(s) dict_keys(['latest_only']) retrieved from /home/airflow/.local/lib/python3.7/site-packages/airflow/example_dags/example_latest_only.py
[2023-05-06T23:26:32.588+0000] {logging_mixin.py:149} INFO - [2023-05-06T23:26:32.588+0000] {dag.py:2726} INFO - Sync 1 DAGs
[2023-05-06T23:26:32.611+0000] {logging_mixin.py:149} INFO - [2023-05-06T23:26:32.611+0000] {dag.py:3490} INFO - Setting next_dagrun for latest_only to 2023-05-06T19:26:32.611563+00:00, run_after=2023-05-06T23:26:32.611563+00:00
[2023-05-06T23:26:32.629+0000] {processor.py:178} INFO - Processing /home/airflow/.local/lib/python3.7/site-packages/airflow/example_dags/example_latest_only.py took 0.068 seconds
[2023-05-06T23:27:03.151+0000] {processor.py:156} INFO - Started process (PID=268) to work on /home/airflow/.local/lib/python3.7/site-packages/airflow/example_dags/example_latest_only.py
[2023-05-06T23:27:03.152+0000] {processor.py:799} INFO - Processing file /home/airflow/.local/lib/python3.7/site-packages/airflow/example_dags/example_latest_only.py for tasks to queue
[2023-05-06T23:27:03.152+0000] {logging_mixin.py:149} INFO - [2023-05-06T23:27:03.152+0000] {dagbag.py:541} INFO - Filling up the DagBag from /home/airflow/.local/lib/python3.7/site-packages/airflow/example_dags/example_latest_only.py
[2023-05-06T23:27:03.156+0000] {processor.py:809} INFO - DAG(s) dict_keys(['latest_only']) retrieved from /home/airflow/.local/lib/python3.7/site-packages/airflow/example_dags/example_latest_only.py
[2023-05-06T23:27:03.176+0000] {logging_mixin.py:149} INFO - [2023-05-06T23:27:03.176+0000] {dag.py:2726} INFO - Sync 1 DAGs
[2023-05-06T23:27:03.200+0000] {logging_mixin.py:149} INFO - [2023-05-06T23:27:03.200+0000] {dag.py:3490} INFO - Setting next_dagrun for latest_only to 2023-05-06T19:27:03.200478+00:00, run_after=2023-05-06T23:27:03.200478+00:00
[2023-05-06T23:27:03.218+0000] {processor.py:178} INFO - Processing /home/airflow/.local/lib/python3.7/site-packages/airflow/example_dags/example_latest_only.py took 0.070 seconds
[2023-05-06T23:27:33.772+0000] {processor.py:156} INFO - Started process (PID=326) to work on /home/airflow/.local/lib/python3.7/site-packages/airflow/example_dags/example_latest_only.py
[2023-05-06T23:27:33.772+0000] {processor.py:799} INFO - Processing file /home/airflow/.local/lib/python3.7/site-packages/airflow/example_dags/example_latest_only.py for tasks to queue
[2023-05-06T23:27:33.773+0000] {logging_mixin.py:149} INFO - [2023-05-06T23:27:33.773+0000] {dagbag.py:541} INFO - Filling up the DagBag from /home/airflow/.local/lib/python3.7/site-packages/airflow/example_dags/example_latest_only.py
[2023-05-06T23:27:33.776+0000] {processor.py:809} INFO - DAG(s) dict_keys(['latest_only']) retrieved from /home/airflow/.local/lib/python3.7/site-packages/airflow/example_dags/example_latest_only.py
[2023-05-06T23:27:33.796+0000] {logging_mixin.py:149} INFO - [2023-05-06T23:27:33.796+0000] {dag.py:2726} INFO - Sync 1 DAGs
[2023-05-06T23:27:33.819+0000] {logging_mixin.py:149} INFO - [2023-05-06T23:27:33.819+0000] {dag.py:3490} INFO - Setting next_dagrun for latest_only to 2023-05-06T19:27:33.818888+00:00, run_after=2023-05-06T23:27:33.818888+00:00
[2023-05-06T23:27:33.837+0000] {processor.py:178} INFO - Processing /home/airflow/.local/lib/python3.7/site-packages/airflow/example_dags/example_latest_only.py took 0.068 seconds
[2023-05-06T23:28:04.134+0000] {processor.py:156} INFO - Started process (PID=384) to work on /home/airflow/.local/lib/python3.7/site-packages/airflow/example_dags/example_latest_only.py
[2023-05-06T23:28:04.135+0000] {processor.py:799} INFO - Processing file /home/airflow/.local/lib/python3.7/site-packages/airflow/example_dags/example_latest_only.py for tasks to queue
[2023-05-06T23:28:04.136+0000] {logging_mixin.py:149} INFO - [2023-05-06T23:28:04.136+0000] {dagbag.py:541} INFO - Filling up the DagBag from /home/airflow/.local/lib/python3.7/site-packages/airflow/example_dags/example_latest_only.py
[2023-05-06T23:28:04.141+0000] {processor.py:809} INFO - DAG(s) dict_keys(['latest_only']) retrieved from /home/airflow/.local/lib/python3.7/site-packages/airflow/example_dags/example_latest_only.py
[2023-05-06T23:28:04.162+0000] {logging_mixin.py:149} INFO - [2023-05-06T23:28:04.162+0000] {dag.py:2726} INFO - Sync 1 DAGs
[2023-05-06T23:28:04.189+0000] {logging_mixin.py:149} INFO - [2023-05-06T23:28:04.189+0000] {dag.py:3490} INFO - Setting next_dagrun for latest_only to 2023-05-06T19:28:04.188884+00:00, run_after=2023-05-06T23:28:04.188884+00:00
[2023-05-06T23:28:04.209+0000] {processor.py:178} INFO - Processing /home/airflow/.local/lib/python3.7/site-packages/airflow/example_dags/example_latest_only.py took 0.077 seconds
[2023-05-06T23:28:34.444+0000] {processor.py:156} INFO - Started process (PID=442) to work on /home/airflow/.local/lib/python3.7/site-packages/airflow/example_dags/example_latest_only.py
[2023-05-06T23:28:34.445+0000] {processor.py:799} INFO - Processing file /home/airflow/.local/lib/python3.7/site-packages/airflow/example_dags/example_latest_only.py for tasks to queue
[2023-05-06T23:28:34.445+0000] {logging_mixin.py:149} INFO - [2023-05-06T23:28:34.445+0000] {dagbag.py:541} INFO - Filling up the DagBag from /home/airflow/.local/lib/python3.7/site-packages/airflow/example_dags/example_latest_only.py
[2023-05-06T23:28:34.449+0000] {processor.py:809} INFO - DAG(s) dict_keys(['latest_only']) retrieved from /home/airflow/.local/lib/python3.7/site-packages/airflow/example_dags/example_latest_only.py
[2023-05-06T23:28:34.470+0000] {logging_mixin.py:149} INFO - [2023-05-06T23:28:34.470+0000] {dag.py:2726} INFO - Sync 1 DAGs
[2023-05-06T23:28:34.505+0000] {logging_mixin.py:149} INFO - [2023-05-06T23:28:34.505+0000] {dag.py:3490} INFO - Setting next_dagrun for latest_only to 2023-05-06T19:28:34.505092+00:00, run_after=2023-05-06T23:28:34.505092+00:00
[2023-05-06T23:28:34.529+0000] {processor.py:178} INFO - Processing /home/airflow/.local/lib/python3.7/site-packages/airflow/example_dags/example_latest_only.py took 0.086 seconds
[2023-05-06T23:29:04.924+0000] {processor.py:156} INFO - Started process (PID=501) to work on /home/airflow/.local/lib/python3.7/site-packages/airflow/example_dags/example_latest_only.py
[2023-05-06T23:29:04.925+0000] {processor.py:799} INFO - Processing file /home/airflow/.local/lib/python3.7/site-packages/airflow/example_dags/example_latest_only.py for tasks to queue
[2023-05-06T23:29:04.926+0000] {logging_mixin.py:149} INFO - [2023-05-06T23:29:04.926+0000] {dagbag.py:541} INFO - Filling up the DagBag from /home/airflow/.local/lib/python3.7/site-packages/airflow/example_dags/example_latest_only.py
[2023-05-06T23:29:04.930+0000] {processor.py:809} INFO - DAG(s) dict_keys(['latest_only']) retrieved from /home/airflow/.local/lib/python3.7/site-packages/airflow/example_dags/example_latest_only.py
[2023-05-06T23:29:04.949+0000] {logging_mixin.py:149} INFO - [2023-05-06T23:29:04.949+0000] {dag.py:2726} INFO - Sync 1 DAGs
[2023-05-06T23:29:04.972+0000] {logging_mixin.py:149} INFO - [2023-05-06T23:29:04.972+0000] {dag.py:3490} INFO - Setting next_dagrun for latest_only to 2023-05-06T19:29:04.972332+00:00, run_after=2023-05-06T23:29:04.972332+00:00
[2023-05-06T23:29:04.989+0000] {processor.py:178} INFO - Processing /home/airflow/.local/lib/python3.7/site-packages/airflow/example_dags/example_latest_only.py took 0.067 seconds
[2023-05-06T23:29:35.406+0000] {processor.py:156} INFO - Started process (PID=559) to work on /home/airflow/.local/lib/python3.7/site-packages/airflow/example_dags/example_latest_only.py
[2023-05-06T23:29:35.407+0000] {processor.py:799} INFO - Processing file /home/airflow/.local/lib/python3.7/site-packages/airflow/example_dags/example_latest_only.py for tasks to queue
[2023-05-06T23:29:35.407+0000] {logging_mixin.py:149} INFO - [2023-05-06T23:29:35.407+0000] {dagbag.py:541} INFO - Filling up the DagBag from /home/airflow/.local/lib/python3.7/site-packages/airflow/example_dags/example_latest_only.py
[2023-05-06T23:29:35.413+0000] {processor.py:809} INFO - DAG(s) dict_keys(['latest_only']) retrieved from /home/airflow/.local/lib/python3.7/site-packages/airflow/example_dags/example_latest_only.py
[2023-05-06T23:29:35.433+0000] {logging_mixin.py:149} INFO - [2023-05-06T23:29:35.433+0000] {dag.py:2726} INFO - Sync 1 DAGs
[2023-05-06T23:29:35.458+0000] {logging_mixin.py:149} INFO - [2023-05-06T23:29:35.458+0000] {dag.py:3490} INFO - Setting next_dagrun for latest_only to 2023-05-06T19:29:35.458032+00:00, run_after=2023-05-06T23:29:35.458032+00:00
[2023-05-06T23:29:35.479+0000] {processor.py:178} INFO - Processing /home/airflow/.local/lib/python3.7/site-packages/airflow/example_dags/example_latest_only.py took 0.076 seconds
[2023-05-06T23:30:05.976+0000] {processor.py:156} INFO - Started process (PID=617) to work on /home/airflow/.local/lib/python3.7/site-packages/airflow/example_dags/example_latest_only.py
[2023-05-06T23:30:05.976+0000] {processor.py:799} INFO - Processing file /home/airflow/.local/lib/python3.7/site-packages/airflow/example_dags/example_latest_only.py for tasks to queue
[2023-05-06T23:30:05.977+0000] {logging_mixin.py:149} INFO - [2023-05-06T23:30:05.977+0000] {dagbag.py:541} INFO - Filling up the DagBag from /home/airflow/.local/lib/python3.7/site-packages/airflow/example_dags/example_latest_only.py
[2023-05-06T23:30:05.980+0000] {processor.py:809} INFO - DAG(s) dict_keys(['latest_only']) retrieved from /home/airflow/.local/lib/python3.7/site-packages/airflow/example_dags/example_latest_only.py
[2023-05-06T23:30:06.003+0000] {logging_mixin.py:149} INFO - [2023-05-06T23:30:06.002+0000] {dag.py:2726} INFO - Sync 1 DAGs
[2023-05-06T23:30:06.030+0000] {logging_mixin.py:149} INFO - [2023-05-06T23:30:06.030+0000] {dag.py:3490} INFO - Setting next_dagrun for latest_only to 2023-05-06T19:30:06.030045+00:00, run_after=2023-05-06T23:30:06.030045+00:00
[2023-05-06T23:30:06.048+0000] {processor.py:178} INFO - Processing /home/airflow/.local/lib/python3.7/site-packages/airflow/example_dags/example_latest_only.py took 0.075 seconds
[2023-05-06T23:30:36.375+0000] {processor.py:156} INFO - Started process (PID=675) to work on /home/airflow/.local/lib/python3.7/site-packages/airflow/example_dags/example_latest_only.py
[2023-05-06T23:30:36.375+0000] {processor.py:799} INFO - Processing file /home/airflow/.local/lib/python3.7/site-packages/airflow/example_dags/example_latest_only.py for tasks to queue
[2023-05-06T23:30:36.376+0000] {logging_mixin.py:149} INFO - [2023-05-06T23:30:36.376+0000] {dagbag.py:541} INFO - Filling up the DagBag from /home/airflow/.local/lib/python3.7/site-packages/airflow/example_dags/example_latest_only.py
[2023-05-06T23:30:36.380+0000] {processor.py:809} INFO - DAG(s) dict_keys(['latest_only']) retrieved from /home/airflow/.local/lib/python3.7/site-packages/airflow/example_dags/example_latest_only.py
[2023-05-06T23:30:36.400+0000] {logging_mixin.py:149} INFO - [2023-05-06T23:30:36.400+0000] {dag.py:2726} INFO - Sync 1 DAGs
[2023-05-06T23:30:36.424+0000] {logging_mixin.py:149} INFO - [2023-05-06T23:30:36.424+0000] {dag.py:3490} INFO - Setting next_dagrun for latest_only to 2023-05-06T19:30:36.424113+00:00, run_after=2023-05-06T23:30:36.424113+00:00
[2023-05-06T23:30:36.441+0000] {processor.py:178} INFO - Processing /home/airflow/.local/lib/python3.7/site-packages/airflow/example_dags/example_latest_only.py took 0.068 seconds
[2023-05-06T23:31:06.833+0000] {processor.py:156} INFO - Started process (PID=732) to work on /home/airflow/.local/lib/python3.7/site-packages/airflow/example_dags/example_latest_only.py
[2023-05-06T23:31:06.834+0000] {processor.py:799} INFO - Processing file /home/airflow/.local/lib/python3.7/site-packages/airflow/example_dags/example_latest_only.py for tasks to queue
[2023-05-06T23:31:06.834+0000] {logging_mixin.py:149} INFO - [2023-05-06T23:31:06.834+0000] {dagbag.py:541} INFO - Filling up the DagBag from /home/airflow/.local/lib/python3.7/site-packages/airflow/example_dags/example_latest_only.py
[2023-05-06T23:31:06.838+0000] {processor.py:809} INFO - DAG(s) dict_keys(['latest_only']) retrieved from /home/airflow/.local/lib/python3.7/site-packages/airflow/example_dags/example_latest_only.py
[2023-05-06T23:31:06.858+0000] {logging_mixin.py:149} INFO - [2023-05-06T23:31:06.857+0000] {dag.py:2726} INFO - Sync 1 DAGs
[2023-05-06T23:31:06.881+0000] {logging_mixin.py:149} INFO - [2023-05-06T23:31:06.880+0000] {dag.py:3490} INFO - Setting next_dagrun for latest_only to 2023-05-06T19:31:06.880740+00:00, run_after=2023-05-06T23:31:06.880740+00:00
[2023-05-06T23:31:06.898+0000] {processor.py:178} INFO - Processing /home/airflow/.local/lib/python3.7/site-packages/airflow/example_dags/example_latest_only.py took 0.067 seconds
[2023-05-06T23:31:37.120+0000] {processor.py:156} INFO - Started process (PID=790) to work on /home/airflow/.local/lib/python3.7/site-packages/airflow/example_dags/example_latest_only.py
[2023-05-06T23:31:37.121+0000] {processor.py:799} INFO - Processing file /home/airflow/.local/lib/python3.7/site-packages/airflow/example_dags/example_latest_only.py for tasks to queue
[2023-05-06T23:31:37.122+0000] {logging_mixin.py:149} INFO - [2023-05-06T23:31:37.122+0000] {dagbag.py:541} INFO - Filling up the DagBag from /home/airflow/.local/lib/python3.7/site-packages/airflow/example_dags/example_latest_only.py
[2023-05-06T23:31:37.125+0000] {processor.py:809} INFO - DAG(s) dict_keys(['latest_only']) retrieved from /home/airflow/.local/lib/python3.7/site-packages/airflow/example_dags/example_latest_only.py
[2023-05-06T23:31:37.144+0000] {logging_mixin.py:149} INFO - [2023-05-06T23:31:37.144+0000] {dag.py:2726} INFO - Sync 1 DAGs
[2023-05-06T23:31:37.166+0000] {logging_mixin.py:149} INFO - [2023-05-06T23:31:37.166+0000] {dag.py:3490} INFO - Setting next_dagrun for latest_only to 2023-05-06T19:31:37.166510+00:00, run_after=2023-05-06T23:31:37.166510+00:00
[2023-05-06T23:31:37.184+0000] {processor.py:178} INFO - Processing /home/airflow/.local/lib/python3.7/site-packages/airflow/example_dags/example_latest_only.py took 0.067 seconds
[2023-05-06T23:32:07.640+0000] {processor.py:156} INFO - Started process (PID=848) to work on /home/airflow/.local/lib/python3.7/site-packages/airflow/example_dags/example_latest_only.py
[2023-05-06T23:32:07.642+0000] {processor.py:799} INFO - Processing file /home/airflow/.local/lib/python3.7/site-packages/airflow/example_dags/example_latest_only.py for tasks to queue
[2023-05-06T23:32:07.642+0000] {logging_mixin.py:149} INFO - [2023-05-06T23:32:07.642+0000] {dagbag.py:541} INFO - Filling up the DagBag from /home/airflow/.local/lib/python3.7/site-packages/airflow/example_dags/example_latest_only.py
[2023-05-06T23:32:07.649+0000] {processor.py:809} INFO - DAG(s) dict_keys(['latest_only']) retrieved from /home/airflow/.local/lib/python3.7/site-packages/airflow/example_dags/example_latest_only.py
[2023-05-06T23:32:07.669+0000] {logging_mixin.py:149} INFO - [2023-05-06T23:32:07.669+0000] {dag.py:2726} INFO - Sync 1 DAGs
[2023-05-06T23:32:07.691+0000] {logging_mixin.py:149} INFO - [2023-05-06T23:32:07.691+0000] {dag.py:3490} INFO - Setting next_dagrun for latest_only to 2023-05-06T19:32:07.691610+00:00, run_after=2023-05-06T23:32:07.691610+00:00
[2023-05-06T23:32:07.709+0000] {processor.py:178} INFO - Processing /home/airflow/.local/lib/python3.7/site-packages/airflow/example_dags/example_latest_only.py took 0.073 seconds
[2023-05-06T23:32:38.071+0000] {processor.py:156} INFO - Started process (PID=906) to work on /home/airflow/.local/lib/python3.7/site-packages/airflow/example_dags/example_latest_only.py
[2023-05-06T23:32:38.072+0000] {processor.py:799} INFO - Processing file /home/airflow/.local/lib/python3.7/site-packages/airflow/example_dags/example_latest_only.py for tasks to queue
[2023-05-06T23:32:38.072+0000] {logging_mixin.py:149} INFO - [2023-05-06T23:32:38.072+0000] {dagbag.py:541} INFO - Filling up the DagBag from /home/airflow/.local/lib/python3.7/site-packages/airflow/example_dags/example_latest_only.py
[2023-05-06T23:32:38.076+0000] {processor.py:809} INFO - DAG(s) dict_keys(['latest_only']) retrieved from /home/airflow/.local/lib/python3.7/site-packages/airflow/example_dags/example_latest_only.py
[2023-05-06T23:32:38.095+0000] {logging_mixin.py:149} INFO - [2023-05-06T23:32:38.095+0000] {dag.py:2726} INFO - Sync 1 DAGs
[2023-05-06T23:32:38.119+0000] {logging_mixin.py:149} INFO - [2023-05-06T23:32:38.119+0000] {dag.py:3490} INFO - Setting next_dagrun for latest_only to 2023-05-06T19:32:38.118920+00:00, run_after=2023-05-06T23:32:38.118920+00:00
[2023-05-06T23:32:38.138+0000] {processor.py:178} INFO - Processing /home/airflow/.local/lib/python3.7/site-packages/airflow/example_dags/example_latest_only.py took 0.069 seconds
[2023-05-06T23:33:08.430+0000] {processor.py:156} INFO - Started process (PID=964) to work on /home/airflow/.local/lib/python3.7/site-packages/airflow/example_dags/example_latest_only.py
[2023-05-06T23:33:08.431+0000] {processor.py:799} INFO - Processing file /home/airflow/.local/lib/python3.7/site-packages/airflow/example_dags/example_latest_only.py for tasks to queue
[2023-05-06T23:33:08.431+0000] {logging_mixin.py:149} INFO - [2023-05-06T23:33:08.431+0000] {dagbag.py:541} INFO - Filling up the DagBag from /home/airflow/.local/lib/python3.7/site-packages/airflow/example_dags/example_latest_only.py
[2023-05-06T23:33:08.435+0000] {processor.py:809} INFO - DAG(s) dict_keys(['latest_only']) retrieved from /home/airflow/.local/lib/python3.7/site-packages/airflow/example_dags/example_latest_only.py
[2023-05-06T23:33:08.456+0000] {logging_mixin.py:149} INFO - [2023-05-06T23:33:08.455+0000] {dag.py:2726} INFO - Sync 1 DAGs
[2023-05-06T23:33:08.479+0000] {logging_mixin.py:149} INFO - [2023-05-06T23:33:08.479+0000] {dag.py:3490} INFO - Setting next_dagrun for latest_only to 2023-05-06T19:33:08.478953+00:00, run_after=2023-05-06T23:33:08.478953+00:00
[2023-05-06T23:33:08.497+0000] {processor.py:178} INFO - Processing /home/airflow/.local/lib/python3.7/site-packages/airflow/example_dags/example_latest_only.py took 0.068 seconds
[2023-05-06T23:33:38.887+0000] {processor.py:156} INFO - Started process (PID=1023) to work on /home/airflow/.local/lib/python3.7/site-packages/airflow/example_dags/example_latest_only.py
[2023-05-06T23:33:38.888+0000] {processor.py:799} INFO - Processing file /home/airflow/.local/lib/python3.7/site-packages/airflow/example_dags/example_latest_only.py for tasks to queue
[2023-05-06T23:33:38.888+0000] {logging_mixin.py:149} INFO - [2023-05-06T23:33:38.888+0000] {dagbag.py:541} INFO - Filling up the DagBag from /home/airflow/.local/lib/python3.7/site-packages/airflow/example_dags/example_latest_only.py
[2023-05-06T23:33:38.893+0000] {processor.py:809} INFO - DAG(s) dict_keys(['latest_only']) retrieved from /home/airflow/.local/lib/python3.7/site-packages/airflow/example_dags/example_latest_only.py
[2023-05-06T23:33:38.911+0000] {logging_mixin.py:149} INFO - [2023-05-06T23:33:38.911+0000] {dag.py:2726} INFO - Sync 1 DAGs
[2023-05-06T23:33:38.936+0000] {logging_mixin.py:149} INFO - [2023-05-06T23:33:38.936+0000] {dag.py:3490} INFO - Setting next_dagrun for latest_only to 2023-05-06T19:33:38.935918+00:00, run_after=2023-05-06T23:33:38.935918+00:00
[2023-05-06T23:33:38.957+0000] {processor.py:178} INFO - Processing /home/airflow/.local/lib/python3.7/site-packages/airflow/example_dags/example_latest_only.py took 0.073 seconds
[2023-05-06T23:34:09.217+0000] {processor.py:156} INFO - Started process (PID=1081) to work on /home/airflow/.local/lib/python3.7/site-packages/airflow/example_dags/example_latest_only.py
[2023-05-06T23:34:09.217+0000] {processor.py:799} INFO - Processing file /home/airflow/.local/lib/python3.7/site-packages/airflow/example_dags/example_latest_only.py for tasks to queue
[2023-05-06T23:34:09.218+0000] {logging_mixin.py:149} INFO - [2023-05-06T23:34:09.218+0000] {dagbag.py:541} INFO - Filling up the DagBag from /home/airflow/.local/lib/python3.7/site-packages/airflow/example_dags/example_latest_only.py
[2023-05-06T23:34:09.221+0000] {processor.py:809} INFO - DAG(s) dict_keys(['latest_only']) retrieved from /home/airflow/.local/lib/python3.7/site-packages/airflow/example_dags/example_latest_only.py
[2023-05-06T23:34:09.240+0000] {logging_mixin.py:149} INFO - [2023-05-06T23:34:09.240+0000] {dag.py:2726} INFO - Sync 1 DAGs
[2023-05-06T23:34:09.262+0000] {logging_mixin.py:149} INFO - [2023-05-06T23:34:09.262+0000] {dag.py:3490} INFO - Setting next_dagrun for latest_only to 2023-05-06T19:34:09.261874+00:00, run_after=2023-05-06T23:34:09.261874+00:00
[2023-05-06T23:34:09.278+0000] {processor.py:178} INFO - Processing /home/airflow/.local/lib/python3.7/site-packages/airflow/example_dags/example_latest_only.py took 0.063 seconds
[2023-05-06T23:34:39.763+0000] {processor.py:156} INFO - Started process (PID=1139) to work on /home/airflow/.local/lib/python3.7/site-packages/airflow/example_dags/example_latest_only.py
[2023-05-06T23:34:39.763+0000] {processor.py:799} INFO - Processing file /home/airflow/.local/lib/python3.7/site-packages/airflow/example_dags/example_latest_only.py for tasks to queue
[2023-05-06T23:34:39.764+0000] {logging_mixin.py:149} INFO - [2023-05-06T23:34:39.764+0000] {dagbag.py:541} INFO - Filling up the DagBag from /home/airflow/.local/lib/python3.7/site-packages/airflow/example_dags/example_latest_only.py
[2023-05-06T23:34:39.768+0000] {processor.py:809} INFO - DAG(s) dict_keys(['latest_only']) retrieved from /home/airflow/.local/lib/python3.7/site-packages/airflow/example_dags/example_latest_only.py
[2023-05-06T23:34:39.787+0000] {logging_mixin.py:149} INFO - [2023-05-06T23:34:39.786+0000] {dag.py:2726} INFO - Sync 1 DAGs
[2023-05-06T23:34:39.810+0000] {logging_mixin.py:149} INFO - [2023-05-06T23:34:39.810+0000] {dag.py:3490} INFO - Setting next_dagrun for latest_only to 2023-05-06T19:34:39.810584+00:00, run_after=2023-05-06T23:34:39.810584+00:00
[2023-05-06T23:34:39.830+0000] {processor.py:178} INFO - Processing /home/airflow/.local/lib/python3.7/site-packages/airflow/example_dags/example_latest_only.py took 0.069 seconds
[2023-05-06T23:35:10.269+0000] {processor.py:156} INFO - Started process (PID=1197) to work on /home/airflow/.local/lib/python3.7/site-packages/airflow/example_dags/example_latest_only.py
[2023-05-06T23:35:10.270+0000] {processor.py:799} INFO - Processing file /home/airflow/.local/lib/python3.7/site-packages/airflow/example_dags/example_latest_only.py for tasks to queue
[2023-05-06T23:35:10.271+0000] {logging_mixin.py:149} INFO - [2023-05-06T23:35:10.271+0000] {dagbag.py:541} INFO - Filling up the DagBag from /home/airflow/.local/lib/python3.7/site-packages/airflow/example_dags/example_latest_only.py
[2023-05-06T23:35:10.278+0000] {processor.py:809} INFO - DAG(s) dict_keys(['latest_only']) retrieved from /home/airflow/.local/lib/python3.7/site-packages/airflow/example_dags/example_latest_only.py
[2023-05-06T23:35:10.300+0000] {logging_mixin.py:149} INFO - [2023-05-06T23:35:10.299+0000] {dag.py:2726} INFO - Sync 1 DAGs
[2023-05-06T23:35:10.323+0000] {logging_mixin.py:149} INFO - [2023-05-06T23:35:10.323+0000] {dag.py:3490} INFO - Setting next_dagrun for latest_only to 2023-05-06T19:35:10.323477+00:00, run_after=2023-05-06T23:35:10.323477+00:00
[2023-05-06T23:35:10.340+0000] {processor.py:178} INFO - Processing /home/airflow/.local/lib/python3.7/site-packages/airflow/example_dags/example_latest_only.py took 0.076 seconds
[2023-05-06T23:35:40.689+0000] {processor.py:156} INFO - Started process (PID=1255) to work on /home/airflow/.local/lib/python3.7/site-packages/airflow/example_dags/example_latest_only.py
[2023-05-06T23:35:40.690+0000] {processor.py:799} INFO - Processing file /home/airflow/.local/lib/python3.7/site-packages/airflow/example_dags/example_latest_only.py for tasks to queue
[2023-05-06T23:35:40.690+0000] {logging_mixin.py:149} INFO - [2023-05-06T23:35:40.690+0000] {dagbag.py:541} INFO - Filling up the DagBag from /home/airflow/.local/lib/python3.7/site-packages/airflow/example_dags/example_latest_only.py
[2023-05-06T23:35:40.695+0000] {processor.py:809} INFO - DAG(s) dict_keys(['latest_only']) retrieved from /home/airflow/.local/lib/python3.7/site-packages/airflow/example_dags/example_latest_only.py
[2023-05-06T23:35:40.721+0000] {logging_mixin.py:149} INFO - [2023-05-06T23:35:40.720+0000] {dag.py:2726} INFO - Sync 1 DAGs
[2023-05-06T23:35:40.746+0000] {logging_mixin.py:149} INFO - [2023-05-06T23:35:40.746+0000] {dag.py:3490} INFO - Setting next_dagrun for latest_only to 2023-05-06T19:35:40.746274+00:00, run_after=2023-05-06T23:35:40.746274+00:00
[2023-05-06T23:35:40.775+0000] {processor.py:178} INFO - Processing /home/airflow/.local/lib/python3.7/site-packages/airflow/example_dags/example_latest_only.py took 0.089 seconds
[2023-05-06T23:36:11.190+0000] {processor.py:156} INFO - Started process (PID=1313) to work on /home/airflow/.local/lib/python3.7/site-packages/airflow/example_dags/example_latest_only.py
[2023-05-06T23:36:11.191+0000] {processor.py:799} INFO - Processing file /home/airflow/.local/lib/python3.7/site-packages/airflow/example_dags/example_latest_only.py for tasks to queue
[2023-05-06T23:36:11.191+0000] {logging_mixin.py:149} INFO - [2023-05-06T23:36:11.191+0000] {dagbag.py:541} INFO - Filling up the DagBag from /home/airflow/.local/lib/python3.7/site-packages/airflow/example_dags/example_latest_only.py
[2023-05-06T23:36:11.195+0000] {processor.py:809} INFO - DAG(s) dict_keys(['latest_only']) retrieved from /home/airflow/.local/lib/python3.7/site-packages/airflow/example_dags/example_latest_only.py
[2023-05-06T23:36:11.213+0000] {logging_mixin.py:149} INFO - [2023-05-06T23:36:11.213+0000] {dag.py:2726} INFO - Sync 1 DAGs
[2023-05-06T23:36:11.239+0000] {logging_mixin.py:149} INFO - [2023-05-06T23:36:11.238+0000] {dag.py:3490} INFO - Setting next_dagrun for latest_only to 2023-05-06T19:36:11.238158+00:00, run_after=2023-05-06T23:36:11.238158+00:00
[2023-05-06T23:36:11.259+0000] {processor.py:178} INFO - Processing /home/airflow/.local/lib/python3.7/site-packages/airflow/example_dags/example_latest_only.py took 0.071 seconds
[2023-05-06T23:36:41.539+0000] {processor.py:156} INFO - Started process (PID=1371) to work on /home/airflow/.local/lib/python3.7/site-packages/airflow/example_dags/example_latest_only.py
[2023-05-06T23:36:41.540+0000] {processor.py:799} INFO - Processing file /home/airflow/.local/lib/python3.7/site-packages/airflow/example_dags/example_latest_only.py for tasks to queue
[2023-05-06T23:36:41.540+0000] {logging_mixin.py:149} INFO - [2023-05-06T23:36:41.540+0000] {dagbag.py:541} INFO - Filling up the DagBag from /home/airflow/.local/lib/python3.7/site-packages/airflow/example_dags/example_latest_only.py
[2023-05-06T23:36:41.544+0000] {processor.py:809} INFO - DAG(s) dict_keys(['latest_only']) retrieved from /home/airflow/.local/lib/python3.7/site-packages/airflow/example_dags/example_latest_only.py
[2023-05-06T23:36:41.566+0000] {logging_mixin.py:149} INFO - [2023-05-06T23:36:41.566+0000] {dag.py:2726} INFO - Sync 1 DAGs
[2023-05-06T23:36:41.589+0000] {logging_mixin.py:149} INFO - [2023-05-06T23:36:41.589+0000] {dag.py:3490} INFO - Setting next_dagrun for latest_only to 2023-05-06T19:36:41.589050+00:00, run_after=2023-05-06T23:36:41.589050+00:00
[2023-05-06T23:36:41.606+0000] {processor.py:178} INFO - Processing /home/airflow/.local/lib/python3.7/site-packages/airflow/example_dags/example_latest_only.py took 0.070 seconds
[2023-05-06T23:37:12.285+0000] {processor.py:156} INFO - Started process (PID=1429) to work on /home/airflow/.local/lib/python3.7/site-packages/airflow/example_dags/example_latest_only.py
[2023-05-06T23:37:12.287+0000] {processor.py:799} INFO - Processing file /home/airflow/.local/lib/python3.7/site-packages/airflow/example_dags/example_latest_only.py for tasks to queue
[2023-05-06T23:37:12.287+0000] {logging_mixin.py:149} INFO - [2023-05-06T23:37:12.287+0000] {dagbag.py:541} INFO - Filling up the DagBag from /home/airflow/.local/lib/python3.7/site-packages/airflow/example_dags/example_latest_only.py
[2023-05-06T23:37:12.295+0000] {processor.py:809} INFO - DAG(s) dict_keys(['latest_only']) retrieved from /home/airflow/.local/lib/python3.7/site-packages/airflow/example_dags/example_latest_only.py
[2023-05-06T23:37:12.317+0000] {logging_mixin.py:149} INFO - [2023-05-06T23:37:12.317+0000] {dag.py:2726} INFO - Sync 1 DAGs
[2023-05-06T23:37:12.340+0000] {logging_mixin.py:149} INFO - [2023-05-06T23:37:12.340+0000] {dag.py:3490} INFO - Setting next_dagrun for latest_only to 2023-05-06T19:37:12.340572+00:00, run_after=2023-05-06T23:37:12.340572+00:00
[2023-05-06T23:37:12.357+0000] {processor.py:178} INFO - Processing /home/airflow/.local/lib/python3.7/site-packages/airflow/example_dags/example_latest_only.py took 0.077 seconds
[2023-05-06T23:37:42.868+0000] {processor.py:156} INFO - Started process (PID=1487) to work on /home/airflow/.local/lib/python3.7/site-packages/airflow/example_dags/example_latest_only.py
[2023-05-06T23:37:42.869+0000] {processor.py:799} INFO - Processing file /home/airflow/.local/lib/python3.7/site-packages/airflow/example_dags/example_latest_only.py for tasks to queue
[2023-05-06T23:37:42.870+0000] {logging_mixin.py:149} INFO - [2023-05-06T23:37:42.870+0000] {dagbag.py:541} INFO - Filling up the DagBag from /home/airflow/.local/lib/python3.7/site-packages/airflow/example_dags/example_latest_only.py
[2023-05-06T23:37:42.878+0000] {processor.py:809} INFO - DAG(s) dict_keys(['latest_only']) retrieved from /home/airflow/.local/lib/python3.7/site-packages/airflow/example_dags/example_latest_only.py
[2023-05-06T23:37:42.900+0000] {logging_mixin.py:149} INFO - [2023-05-06T23:37:42.900+0000] {dag.py:2726} INFO - Sync 1 DAGs
[2023-05-06T23:37:42.923+0000] {logging_mixin.py:149} INFO - [2023-05-06T23:37:42.923+0000] {dag.py:3490} INFO - Setting next_dagrun for latest_only to 2023-05-06T19:37:42.923540+00:00, run_after=2023-05-06T23:37:42.923540+00:00
[2023-05-06T23:37:42.941+0000] {processor.py:178} INFO - Processing /home/airflow/.local/lib/python3.7/site-packages/airflow/example_dags/example_latest_only.py took 0.077 seconds
[2023-05-06T23:38:13.428+0000] {processor.py:156} INFO - Started process (PID=1545) to work on /home/airflow/.local/lib/python3.7/site-packages/airflow/example_dags/example_latest_only.py
[2023-05-06T23:38:13.429+0000] {processor.py:799} INFO - Processing file /home/airflow/.local/lib/python3.7/site-packages/airflow/example_dags/example_latest_only.py for tasks to queue
[2023-05-06T23:38:13.429+0000] {logging_mixin.py:149} INFO - [2023-05-06T23:38:13.429+0000] {dagbag.py:541} INFO - Filling up the DagBag from /home/airflow/.local/lib/python3.7/site-packages/airflow/example_dags/example_latest_only.py
[2023-05-06T23:38:13.433+0000] {processor.py:809} INFO - DAG(s) dict_keys(['latest_only']) retrieved from /home/airflow/.local/lib/python3.7/site-packages/airflow/example_dags/example_latest_only.py
[2023-05-06T23:38:13.451+0000] {logging_mixin.py:149} INFO - [2023-05-06T23:38:13.451+0000] {dag.py:2726} INFO - Sync 1 DAGs
[2023-05-06T23:38:13.473+0000] {logging_mixin.py:149} INFO - [2023-05-06T23:38:13.473+0000] {dag.py:3490} INFO - Setting next_dagrun for latest_only to 2023-05-06T19:38:13.473592+00:00, run_after=2023-05-06T23:38:13.473592+00:00
[2023-05-06T23:38:13.490+0000] {processor.py:178} INFO - Processing /home/airflow/.local/lib/python3.7/site-packages/airflow/example_dags/example_latest_only.py took 0.065 seconds
[2023-05-06T23:38:43.605+0000] {processor.py:156} INFO - Started process (PID=1603) to work on /home/airflow/.local/lib/python3.7/site-packages/airflow/example_dags/example_latest_only.py
[2023-05-06T23:38:43.606+0000] {processor.py:799} INFO - Processing file /home/airflow/.local/lib/python3.7/site-packages/airflow/example_dags/example_latest_only.py for tasks to queue
[2023-05-06T23:38:43.606+0000] {logging_mixin.py:149} INFO - [2023-05-06T23:38:43.606+0000] {dagbag.py:541} INFO - Filling up the DagBag from /home/airflow/.local/lib/python3.7/site-packages/airflow/example_dags/example_latest_only.py
[2023-05-06T23:38:43.610+0000] {processor.py:809} INFO - DAG(s) dict_keys(['latest_only']) retrieved from /home/airflow/.local/lib/python3.7/site-packages/airflow/example_dags/example_latest_only.py
[2023-05-06T23:38:43.632+0000] {logging_mixin.py:149} INFO - [2023-05-06T23:38:43.631+0000] {dag.py:2726} INFO - Sync 1 DAGs
[2023-05-06T23:38:43.656+0000] {logging_mixin.py:149} INFO - [2023-05-06T23:38:43.656+0000] {dag.py:3490} INFO - Setting next_dagrun for latest_only to 2023-05-06T19:38:43.655830+00:00, run_after=2023-05-06T23:38:43.655830+00:00
[2023-05-06T23:38:43.675+0000] {processor.py:178} INFO - Processing /home/airflow/.local/lib/python3.7/site-packages/airflow/example_dags/example_latest_only.py took 0.071 seconds
[2023-05-06T23:39:13.742+0000] {processor.py:156} INFO - Started process (PID=1661) to work on /home/airflow/.local/lib/python3.7/site-packages/airflow/example_dags/example_latest_only.py
[2023-05-06T23:39:13.743+0000] {processor.py:799} INFO - Processing file /home/airflow/.local/lib/python3.7/site-packages/airflow/example_dags/example_latest_only.py for tasks to queue
[2023-05-06T23:39:13.743+0000] {logging_mixin.py:149} INFO - [2023-05-06T23:39:13.743+0000] {dagbag.py:541} INFO - Filling up the DagBag from /home/airflow/.local/lib/python3.7/site-packages/airflow/example_dags/example_latest_only.py
[2023-05-06T23:39:13.747+0000] {processor.py:809} INFO - DAG(s) dict_keys(['latest_only']) retrieved from /home/airflow/.local/lib/python3.7/site-packages/airflow/example_dags/example_latest_only.py
[2023-05-06T23:39:13.794+0000] {logging_mixin.py:149} INFO - [2023-05-06T23:39:13.793+0000] {dag.py:2726} INFO - Sync 1 DAGs
[2023-05-06T23:39:13.820+0000] {logging_mixin.py:149} INFO - [2023-05-06T23:39:13.819+0000] {dag.py:3490} INFO - Setting next_dagrun for latest_only to 2023-05-06T19:39:13.819525+00:00, run_after=2023-05-06T23:39:13.819525+00:00
[2023-05-06T23:39:13.838+0000] {processor.py:178} INFO - Processing /home/airflow/.local/lib/python3.7/site-packages/airflow/example_dags/example_latest_only.py took 0.099 seconds
[2023-05-06T23:39:44.148+0000] {processor.py:156} INFO - Started process (PID=1720) to work on /home/airflow/.local/lib/python3.7/site-packages/airflow/example_dags/example_latest_only.py
[2023-05-06T23:39:44.149+0000] {processor.py:799} INFO - Processing file /home/airflow/.local/lib/python3.7/site-packages/airflow/example_dags/example_latest_only.py for tasks to queue
[2023-05-06T23:39:44.149+0000] {logging_mixin.py:149} INFO - [2023-05-06T23:39:44.149+0000] {dagbag.py:541} INFO - Filling up the DagBag from /home/airflow/.local/lib/python3.7/site-packages/airflow/example_dags/example_latest_only.py
[2023-05-06T23:39:44.153+0000] {processor.py:809} INFO - DAG(s) dict_keys(['latest_only']) retrieved from /home/airflow/.local/lib/python3.7/site-packages/airflow/example_dags/example_latest_only.py
[2023-05-06T23:39:44.171+0000] {logging_mixin.py:149} INFO - [2023-05-06T23:39:44.171+0000] {dag.py:2726} INFO - Sync 1 DAGs
[2023-05-06T23:39:44.194+0000] {logging_mixin.py:149} INFO - [2023-05-06T23:39:44.194+0000] {dag.py:3490} INFO - Setting next_dagrun for latest_only to 2023-05-06T19:39:44.193889+00:00, run_after=2023-05-06T23:39:44.193889+00:00
[2023-05-06T23:39:44.212+0000] {processor.py:178} INFO - Processing /home/airflow/.local/lib/python3.7/site-packages/airflow/example_dags/example_latest_only.py took 0.066 seconds
[2023-05-06T23:40:14.490+0000] {processor.py:156} INFO - Started process (PID=1778) to work on /home/airflow/.local/lib/python3.7/site-packages/airflow/example_dags/example_latest_only.py
[2023-05-06T23:40:14.491+0000] {processor.py:799} INFO - Processing file /home/airflow/.local/lib/python3.7/site-packages/airflow/example_dags/example_latest_only.py for tasks to queue
[2023-05-06T23:40:14.491+0000] {logging_mixin.py:149} INFO - [2023-05-06T23:40:14.491+0000] {dagbag.py:541} INFO - Filling up the DagBag from /home/airflow/.local/lib/python3.7/site-packages/airflow/example_dags/example_latest_only.py
[2023-05-06T23:40:14.495+0000] {processor.py:809} INFO - DAG(s) dict_keys(['latest_only']) retrieved from /home/airflow/.local/lib/python3.7/site-packages/airflow/example_dags/example_latest_only.py
[2023-05-06T23:40:14.517+0000] {logging_mixin.py:149} INFO - [2023-05-06T23:40:14.517+0000] {dag.py:2726} INFO - Sync 1 DAGs
[2023-05-06T23:40:14.541+0000] {logging_mixin.py:149} INFO - [2023-05-06T23:40:14.541+0000] {dag.py:3490} INFO - Setting next_dagrun for latest_only to 2023-05-06T19:40:14.540993+00:00, run_after=2023-05-06T23:40:14.540993+00:00
[2023-05-06T23:40:14.559+0000] {processor.py:178} INFO - Processing /home/airflow/.local/lib/python3.7/site-packages/airflow/example_dags/example_latest_only.py took 0.070 seconds
[2023-05-06T23:40:44.803+0000] {processor.py:156} INFO - Started process (PID=1837) to work on /home/airflow/.local/lib/python3.7/site-packages/airflow/example_dags/example_latest_only.py
[2023-05-06T23:40:44.804+0000] {processor.py:799} INFO - Processing file /home/airflow/.local/lib/python3.7/site-packages/airflow/example_dags/example_latest_only.py for tasks to queue
[2023-05-06T23:40:44.805+0000] {logging_mixin.py:149} INFO - [2023-05-06T23:40:44.805+0000] {dagbag.py:541} INFO - Filling up the DagBag from /home/airflow/.local/lib/python3.7/site-packages/airflow/example_dags/example_latest_only.py
[2023-05-06T23:40:44.811+0000] {processor.py:809} INFO - DAG(s) dict_keys(['latest_only']) retrieved from /home/airflow/.local/lib/python3.7/site-packages/airflow/example_dags/example_latest_only.py
[2023-05-06T23:40:44.836+0000] {logging_mixin.py:149} INFO - [2023-05-06T23:40:44.836+0000] {dag.py:2726} INFO - Sync 1 DAGs
[2023-05-06T23:40:44.859+0000] {logging_mixin.py:149} INFO - [2023-05-06T23:40:44.859+0000] {dag.py:3490} INFO - Setting next_dagrun for latest_only to 2023-05-06T19:40:44.858952+00:00, run_after=2023-05-06T23:40:44.858952+00:00
[2023-05-06T23:40:44.875+0000] {processor.py:178} INFO - Processing /home/airflow/.local/lib/python3.7/site-packages/airflow/example_dags/example_latest_only.py took 0.076 seconds
[2023-05-06T23:41:15.145+0000] {processor.py:156} INFO - Started process (PID=1895) to work on /home/airflow/.local/lib/python3.7/site-packages/airflow/example_dags/example_latest_only.py
[2023-05-06T23:41:15.145+0000] {processor.py:799} INFO - Processing file /home/airflow/.local/lib/python3.7/site-packages/airflow/example_dags/example_latest_only.py for tasks to queue
[2023-05-06T23:41:15.146+0000] {logging_mixin.py:149} INFO - [2023-05-06T23:41:15.146+0000] {dagbag.py:541} INFO - Filling up the DagBag from /home/airflow/.local/lib/python3.7/site-packages/airflow/example_dags/example_latest_only.py
[2023-05-06T23:41:15.149+0000] {processor.py:809} INFO - DAG(s) dict_keys(['latest_only']) retrieved from /home/airflow/.local/lib/python3.7/site-packages/airflow/example_dags/example_latest_only.py
[2023-05-06T23:41:15.168+0000] {logging_mixin.py:149} INFO - [2023-05-06T23:41:15.168+0000] {dag.py:2726} INFO - Sync 1 DAGs
[2023-05-06T23:41:15.193+0000] {logging_mixin.py:149} INFO - [2023-05-06T23:41:15.192+0000] {dag.py:3490} INFO - Setting next_dagrun for latest_only to 2023-05-06T19:41:15.192728+00:00, run_after=2023-05-06T23:41:15.192728+00:00
[2023-05-06T23:41:15.211+0000] {processor.py:178} INFO - Processing /home/airflow/.local/lib/python3.7/site-packages/airflow/example_dags/example_latest_only.py took 0.069 seconds
[2023-05-06T23:41:45.490+0000] {processor.py:156} INFO - Started process (PID=1953) to work on /home/airflow/.local/lib/python3.7/site-packages/airflow/example_dags/example_latest_only.py
[2023-05-06T23:41:45.490+0000] {processor.py:799} INFO - Processing file /home/airflow/.local/lib/python3.7/site-packages/airflow/example_dags/example_latest_only.py for tasks to queue
[2023-05-06T23:41:45.491+0000] {logging_mixin.py:149} INFO - [2023-05-06T23:41:45.491+0000] {dagbag.py:541} INFO - Filling up the DagBag from /home/airflow/.local/lib/python3.7/site-packages/airflow/example_dags/example_latest_only.py
[2023-05-06T23:41:45.495+0000] {processor.py:809} INFO - DAG(s) dict_keys(['latest_only']) retrieved from /home/airflow/.local/lib/python3.7/site-packages/airflow/example_dags/example_latest_only.py
[2023-05-06T23:41:45.513+0000] {logging_mixin.py:149} INFO - [2023-05-06T23:41:45.512+0000] {dag.py:2726} INFO - Sync 1 DAGs
[2023-05-06T23:41:45.535+0000] {logging_mixin.py:149} INFO - [2023-05-06T23:41:45.534+0000] {dag.py:3490} INFO - Setting next_dagrun for latest_only to 2023-05-06T19:41:45.534743+00:00, run_after=2023-05-06T23:41:45.534743+00:00
[2023-05-06T23:41:45.551+0000] {processor.py:178} INFO - Processing /home/airflow/.local/lib/python3.7/site-packages/airflow/example_dags/example_latest_only.py took 0.063 seconds
[2023-05-06T23:42:15.780+0000] {processor.py:156} INFO - Started process (PID=2011) to work on /home/airflow/.local/lib/python3.7/site-packages/airflow/example_dags/example_latest_only.py
[2023-05-06T23:42:15.781+0000] {processor.py:799} INFO - Processing file /home/airflow/.local/lib/python3.7/site-packages/airflow/example_dags/example_latest_only.py for tasks to queue
[2023-05-06T23:42:15.781+0000] {logging_mixin.py:149} INFO - [2023-05-06T23:42:15.781+0000] {dagbag.py:541} INFO - Filling up the DagBag from /home/airflow/.local/lib/python3.7/site-packages/airflow/example_dags/example_latest_only.py
[2023-05-06T23:42:15.786+0000] {processor.py:809} INFO - DAG(s) dict_keys(['latest_only']) retrieved from /home/airflow/.local/lib/python3.7/site-packages/airflow/example_dags/example_latest_only.py
[2023-05-06T23:42:15.806+0000] {logging_mixin.py:149} INFO - [2023-05-06T23:42:15.805+0000] {dag.py:2726} INFO - Sync 1 DAGs
[2023-05-06T23:42:15.829+0000] {logging_mixin.py:149} INFO - [2023-05-06T23:42:15.829+0000] {dag.py:3490} INFO - Setting next_dagrun for latest_only to 2023-05-06T19:42:15.829301+00:00, run_after=2023-05-06T23:42:15.829301+00:00
[2023-05-06T23:42:15.848+0000] {processor.py:178} INFO - Processing /home/airflow/.local/lib/python3.7/site-packages/airflow/example_dags/example_latest_only.py took 0.071 seconds
[2023-05-06T23:42:46.235+0000] {processor.py:156} INFO - Started process (PID=2069) to work on /home/airflow/.local/lib/python3.7/site-packages/airflow/example_dags/example_latest_only.py
[2023-05-06T23:42:46.235+0000] {processor.py:799} INFO - Processing file /home/airflow/.local/lib/python3.7/site-packages/airflow/example_dags/example_latest_only.py for tasks to queue
[2023-05-06T23:42:46.236+0000] {logging_mixin.py:149} INFO - [2023-05-06T23:42:46.236+0000] {dagbag.py:541} INFO - Filling up the DagBag from /home/airflow/.local/lib/python3.7/site-packages/airflow/example_dags/example_latest_only.py
[2023-05-06T23:42:46.241+0000] {processor.py:809} INFO - DAG(s) dict_keys(['latest_only']) retrieved from /home/airflow/.local/lib/python3.7/site-packages/airflow/example_dags/example_latest_only.py
[2023-05-06T23:42:46.262+0000] {logging_mixin.py:149} INFO - [2023-05-06T23:42:46.262+0000] {dag.py:2726} INFO - Sync 1 DAGs
[2023-05-06T23:42:46.286+0000] {logging_mixin.py:149} INFO - [2023-05-06T23:42:46.286+0000] {dag.py:3490} INFO - Setting next_dagrun for latest_only to 2023-05-06T19:42:46.286614+00:00, run_after=2023-05-06T23:42:46.286614+00:00
[2023-05-06T23:42:46.305+0000] {processor.py:178} INFO - Processing /home/airflow/.local/lib/python3.7/site-packages/airflow/example_dags/example_latest_only.py took 0.072 seconds
[2023-05-06T23:43:16.677+0000] {processor.py:156} INFO - Started process (PID=2127) to work on /home/airflow/.local/lib/python3.7/site-packages/airflow/example_dags/example_latest_only.py
[2023-05-06T23:43:16.678+0000] {processor.py:799} INFO - Processing file /home/airflow/.local/lib/python3.7/site-packages/airflow/example_dags/example_latest_only.py for tasks to queue
[2023-05-06T23:43:16.678+0000] {logging_mixin.py:149} INFO - [2023-05-06T23:43:16.678+0000] {dagbag.py:541} INFO - Filling up the DagBag from /home/airflow/.local/lib/python3.7/site-packages/airflow/example_dags/example_latest_only.py
[2023-05-06T23:43:16.682+0000] {processor.py:809} INFO - DAG(s) dict_keys(['latest_only']) retrieved from /home/airflow/.local/lib/python3.7/site-packages/airflow/example_dags/example_latest_only.py
[2023-05-06T23:43:16.704+0000] {logging_mixin.py:149} INFO - [2023-05-06T23:43:16.704+0000] {dag.py:2726} INFO - Sync 1 DAGs
[2023-05-06T23:43:16.728+0000] {logging_mixin.py:149} INFO - [2023-05-06T23:43:16.728+0000] {dag.py:3490} INFO - Setting next_dagrun for latest_only to 2023-05-06T19:43:16.728620+00:00, run_after=2023-05-06T23:43:16.728620+00:00
[2023-05-06T23:43:16.748+0000] {processor.py:178} INFO - Processing /home/airflow/.local/lib/python3.7/site-packages/airflow/example_dags/example_latest_only.py took 0.073 seconds
