[2023-05-06T23:25:04.055+0000] {processor.py:156} INFO - Started process (PID=69) to work on /home/airflow/.local/lib/python3.7/site-packages/airflow/example_dags/example_task_group.py
[2023-05-06T23:25:04.056+0000] {processor.py:799} INFO - Processing file /home/airflow/.local/lib/python3.7/site-packages/airflow/example_dags/example_task_group.py for tasks to queue
[2023-05-06T23:25:04.057+0000] {logging_mixin.py:149} INFO - [2023-05-06T23:25:04.056+0000] {dagbag.py:541} INFO - Filling up the DagBag from /home/airflow/.local/lib/python3.7/site-packages/airflow/example_dags/example_task_group.py
[2023-05-06T23:25:04.063+0000] {processor.py:809} INFO - DAG(s) dict_keys(['example_task_group']) retrieved from /home/airflow/.local/lib/python3.7/site-packages/airflow/example_dags/example_task_group.py
[2023-05-06T23:25:04.075+0000] {logging_mixin.py:149} INFO - [2023-05-06T23:25:04.074+0000] {dag.py:2726} INFO - Sync 1 DAGs
[2023-05-06T23:25:04.101+0000] {logging_mixin.py:149} INFO - [2023-05-06T23:25:04.101+0000] {dag.py:3490} INFO - Setting next_dagrun for example_task_group to 2023-05-05T23:25:04.101246+00:00, run_after=2023-05-06T23:25:04.101246+00:00
[2023-05-06T23:25:04.122+0000] {processor.py:178} INFO - Processing /home/airflow/.local/lib/python3.7/site-packages/airflow/example_dags/example_task_group.py took 0.071 seconds
[2023-05-06T23:25:34.929+0000] {processor.py:156} INFO - Started process (PID=127) to work on /home/airflow/.local/lib/python3.7/site-packages/airflow/example_dags/example_task_group.py
[2023-05-06T23:25:34.930+0000] {processor.py:799} INFO - Processing file /home/airflow/.local/lib/python3.7/site-packages/airflow/example_dags/example_task_group.py for tasks to queue
[2023-05-06T23:25:34.931+0000] {logging_mixin.py:149} INFO - [2023-05-06T23:25:34.931+0000] {dagbag.py:541} INFO - Filling up the DagBag from /home/airflow/.local/lib/python3.7/site-packages/airflow/example_dags/example_task_group.py
[2023-05-06T23:25:34.942+0000] {processor.py:809} INFO - DAG(s) dict_keys(['example_task_group']) retrieved from /home/airflow/.local/lib/python3.7/site-packages/airflow/example_dags/example_task_group.py
[2023-05-06T23:25:34.962+0000] {logging_mixin.py:149} INFO - [2023-05-06T23:25:34.962+0000] {dag.py:2726} INFO - Sync 1 DAGs
[2023-05-06T23:25:34.985+0000] {logging_mixin.py:149} INFO - [2023-05-06T23:25:34.985+0000] {dag.py:3490} INFO - Setting next_dagrun for example_task_group to 2023-05-05T23:25:34.985424+00:00, run_after=2023-05-06T23:25:34.985424+00:00
[2023-05-06T23:25:35.003+0000] {processor.py:178} INFO - Processing /home/airflow/.local/lib/python3.7/site-packages/airflow/example_dags/example_task_group.py took 0.078 seconds
[2023-05-06T23:26:05.810+0000] {processor.py:156} INFO - Started process (PID=185) to work on /home/airflow/.local/lib/python3.7/site-packages/airflow/example_dags/example_task_group.py
[2023-05-06T23:26:05.810+0000] {processor.py:799} INFO - Processing file /home/airflow/.local/lib/python3.7/site-packages/airflow/example_dags/example_task_group.py for tasks to queue
[2023-05-06T23:26:05.811+0000] {logging_mixin.py:149} INFO - [2023-05-06T23:26:05.811+0000] {dagbag.py:541} INFO - Filling up the DagBag from /home/airflow/.local/lib/python3.7/site-packages/airflow/example_dags/example_task_group.py
[2023-05-06T23:26:05.816+0000] {processor.py:809} INFO - DAG(s) dict_keys(['example_task_group']) retrieved from /home/airflow/.local/lib/python3.7/site-packages/airflow/example_dags/example_task_group.py
[2023-05-06T23:26:05.838+0000] {logging_mixin.py:149} INFO - [2023-05-06T23:26:05.838+0000] {dag.py:2726} INFO - Sync 1 DAGs
[2023-05-06T23:26:05.863+0000] {logging_mixin.py:149} INFO - [2023-05-06T23:26:05.863+0000] {dag.py:3490} INFO - Setting next_dagrun for example_task_group to 2023-05-05T23:26:05.862652+00:00, run_after=2023-05-06T23:26:05.862652+00:00
[2023-05-06T23:26:05.881+0000] {processor.py:178} INFO - Processing /home/airflow/.local/lib/python3.7/site-packages/airflow/example_dags/example_task_group.py took 0.073 seconds
[2023-05-06T23:26:36.428+0000] {processor.py:156} INFO - Started process (PID=242) to work on /home/airflow/.local/lib/python3.7/site-packages/airflow/example_dags/example_task_group.py
[2023-05-06T23:26:36.429+0000] {processor.py:799} INFO - Processing file /home/airflow/.local/lib/python3.7/site-packages/airflow/example_dags/example_task_group.py for tasks to queue
[2023-05-06T23:26:36.429+0000] {logging_mixin.py:149} INFO - [2023-05-06T23:26:36.429+0000] {dagbag.py:541} INFO - Filling up the DagBag from /home/airflow/.local/lib/python3.7/site-packages/airflow/example_dags/example_task_group.py
[2023-05-06T23:26:36.442+0000] {processor.py:809} INFO - DAG(s) dict_keys(['example_task_group']) retrieved from /home/airflow/.local/lib/python3.7/site-packages/airflow/example_dags/example_task_group.py
[2023-05-06T23:26:36.482+0000] {logging_mixin.py:149} INFO - [2023-05-06T23:26:36.481+0000] {dag.py:2726} INFO - Sync 1 DAGs
[2023-05-06T23:26:36.504+0000] {logging_mixin.py:149} INFO - [2023-05-06T23:26:36.503+0000] {dag.py:3490} INFO - Setting next_dagrun for example_task_group to 2023-05-05T23:26:36.503719+00:00, run_after=2023-05-06T23:26:36.503719+00:00
[2023-05-06T23:26:36.520+0000] {processor.py:178} INFO - Processing /home/airflow/.local/lib/python3.7/site-packages/airflow/example_dags/example_task_group.py took 0.097 seconds
[2023-05-06T23:27:07.151+0000] {processor.py:156} INFO - Started process (PID=300) to work on /home/airflow/.local/lib/python3.7/site-packages/airflow/example_dags/example_task_group.py
[2023-05-06T23:27:07.152+0000] {processor.py:799} INFO - Processing file /home/airflow/.local/lib/python3.7/site-packages/airflow/example_dags/example_task_group.py for tasks to queue
[2023-05-06T23:27:07.152+0000] {logging_mixin.py:149} INFO - [2023-05-06T23:27:07.152+0000] {dagbag.py:541} INFO - Filling up the DagBag from /home/airflow/.local/lib/python3.7/site-packages/airflow/example_dags/example_task_group.py
[2023-05-06T23:27:07.159+0000] {processor.py:809} INFO - DAG(s) dict_keys(['example_task_group']) retrieved from /home/airflow/.local/lib/python3.7/site-packages/airflow/example_dags/example_task_group.py
[2023-05-06T23:27:07.184+0000] {logging_mixin.py:149} INFO - [2023-05-06T23:27:07.184+0000] {dag.py:2726} INFO - Sync 1 DAGs
[2023-05-06T23:27:07.210+0000] {logging_mixin.py:149} INFO - [2023-05-06T23:27:07.210+0000] {dag.py:3490} INFO - Setting next_dagrun for example_task_group to 2023-05-05T23:27:07.210502+00:00, run_after=2023-05-06T23:27:07.210502+00:00
[2023-05-06T23:27:07.231+0000] {processor.py:178} INFO - Processing /home/airflow/.local/lib/python3.7/site-packages/airflow/example_dags/example_task_group.py took 0.082 seconds
[2023-05-06T23:27:37.474+0000] {processor.py:156} INFO - Started process (PID=358) to work on /home/airflow/.local/lib/python3.7/site-packages/airflow/example_dags/example_task_group.py
[2023-05-06T23:27:37.475+0000] {processor.py:799} INFO - Processing file /home/airflow/.local/lib/python3.7/site-packages/airflow/example_dags/example_task_group.py for tasks to queue
[2023-05-06T23:27:37.475+0000] {logging_mixin.py:149} INFO - [2023-05-06T23:27:37.475+0000] {dagbag.py:541} INFO - Filling up the DagBag from /home/airflow/.local/lib/python3.7/site-packages/airflow/example_dags/example_task_group.py
[2023-05-06T23:27:37.482+0000] {processor.py:809} INFO - DAG(s) dict_keys(['example_task_group']) retrieved from /home/airflow/.local/lib/python3.7/site-packages/airflow/example_dags/example_task_group.py
[2023-05-06T23:27:37.514+0000] {logging_mixin.py:149} INFO - [2023-05-06T23:27:37.514+0000] {dag.py:2726} INFO - Sync 1 DAGs
[2023-05-06T23:27:37.542+0000] {logging_mixin.py:149} INFO - [2023-05-06T23:27:37.542+0000] {dag.py:3490} INFO - Setting next_dagrun for example_task_group to 2023-05-05T23:27:37.541908+00:00, run_after=2023-05-06T23:27:37.541908+00:00
[2023-05-06T23:27:37.558+0000] {processor.py:178} INFO - Processing /home/airflow/.local/lib/python3.7/site-packages/airflow/example_dags/example_task_group.py took 0.086 seconds
[2023-05-06T23:28:07.756+0000] {processor.py:156} INFO - Started process (PID=416) to work on /home/airflow/.local/lib/python3.7/site-packages/airflow/example_dags/example_task_group.py
[2023-05-06T23:28:07.757+0000] {processor.py:799} INFO - Processing file /home/airflow/.local/lib/python3.7/site-packages/airflow/example_dags/example_task_group.py for tasks to queue
[2023-05-06T23:28:07.758+0000] {logging_mixin.py:149} INFO - [2023-05-06T23:28:07.757+0000] {dagbag.py:541} INFO - Filling up the DagBag from /home/airflow/.local/lib/python3.7/site-packages/airflow/example_dags/example_task_group.py
[2023-05-06T23:28:07.763+0000] {processor.py:809} INFO - DAG(s) dict_keys(['example_task_group']) retrieved from /home/airflow/.local/lib/python3.7/site-packages/airflow/example_dags/example_task_group.py
[2023-05-06T23:28:07.784+0000] {logging_mixin.py:149} INFO - [2023-05-06T23:28:07.784+0000] {dag.py:2726} INFO - Sync 1 DAGs
[2023-05-06T23:28:07.806+0000] {logging_mixin.py:149} INFO - [2023-05-06T23:28:07.806+0000] {dag.py:3490} INFO - Setting next_dagrun for example_task_group to 2023-05-05T23:28:07.806450+00:00, run_after=2023-05-06T23:28:07.806450+00:00
[2023-05-06T23:28:07.825+0000] {processor.py:178} INFO - Processing /home/airflow/.local/lib/python3.7/site-packages/airflow/example_dags/example_task_group.py took 0.071 seconds
[2023-05-06T23:28:38.102+0000] {processor.py:156} INFO - Started process (PID=473) to work on /home/airflow/.local/lib/python3.7/site-packages/airflow/example_dags/example_task_group.py
[2023-05-06T23:28:38.103+0000] {processor.py:799} INFO - Processing file /home/airflow/.local/lib/python3.7/site-packages/airflow/example_dags/example_task_group.py for tasks to queue
[2023-05-06T23:28:38.103+0000] {logging_mixin.py:149} INFO - [2023-05-06T23:28:38.103+0000] {dagbag.py:541} INFO - Filling up the DagBag from /home/airflow/.local/lib/python3.7/site-packages/airflow/example_dags/example_task_group.py
[2023-05-06T23:28:38.109+0000] {processor.py:809} INFO - DAG(s) dict_keys(['example_task_group']) retrieved from /home/airflow/.local/lib/python3.7/site-packages/airflow/example_dags/example_task_group.py
[2023-05-06T23:28:38.129+0000] {logging_mixin.py:149} INFO - [2023-05-06T23:28:38.129+0000] {dag.py:2726} INFO - Sync 1 DAGs
[2023-05-06T23:28:38.152+0000] {logging_mixin.py:149} INFO - [2023-05-06T23:28:38.152+0000] {dag.py:3490} INFO - Setting next_dagrun for example_task_group to 2023-05-05T23:28:38.152598+00:00, run_after=2023-05-06T23:28:38.152598+00:00
[2023-05-06T23:28:38.169+0000] {processor.py:178} INFO - Processing /home/airflow/.local/lib/python3.7/site-packages/airflow/example_dags/example_task_group.py took 0.069 seconds
[2023-05-06T23:29:08.607+0000] {processor.py:156} INFO - Started process (PID=532) to work on /home/airflow/.local/lib/python3.7/site-packages/airflow/example_dags/example_task_group.py
[2023-05-06T23:29:08.607+0000] {processor.py:799} INFO - Processing file /home/airflow/.local/lib/python3.7/site-packages/airflow/example_dags/example_task_group.py for tasks to queue
[2023-05-06T23:29:08.608+0000] {logging_mixin.py:149} INFO - [2023-05-06T23:29:08.608+0000] {dagbag.py:541} INFO - Filling up the DagBag from /home/airflow/.local/lib/python3.7/site-packages/airflow/example_dags/example_task_group.py
[2023-05-06T23:29:08.614+0000] {processor.py:809} INFO - DAG(s) dict_keys(['example_task_group']) retrieved from /home/airflow/.local/lib/python3.7/site-packages/airflow/example_dags/example_task_group.py
[2023-05-06T23:29:08.637+0000] {logging_mixin.py:149} INFO - [2023-05-06T23:29:08.637+0000] {dag.py:2726} INFO - Sync 1 DAGs
[2023-05-06T23:29:08.660+0000] {logging_mixin.py:149} INFO - [2023-05-06T23:29:08.660+0000] {dag.py:3490} INFO - Setting next_dagrun for example_task_group to 2023-05-05T23:29:08.660339+00:00, run_after=2023-05-06T23:29:08.660339+00:00
[2023-05-06T23:29:08.680+0000] {processor.py:178} INFO - Processing /home/airflow/.local/lib/python3.7/site-packages/airflow/example_dags/example_task_group.py took 0.076 seconds
[2023-05-06T23:29:39.139+0000] {processor.py:156} INFO - Started process (PID=591) to work on /home/airflow/.local/lib/python3.7/site-packages/airflow/example_dags/example_task_group.py
[2023-05-06T23:29:39.140+0000] {processor.py:799} INFO - Processing file /home/airflow/.local/lib/python3.7/site-packages/airflow/example_dags/example_task_group.py for tasks to queue
[2023-05-06T23:29:39.141+0000] {logging_mixin.py:149} INFO - [2023-05-06T23:29:39.141+0000] {dagbag.py:541} INFO - Filling up the DagBag from /home/airflow/.local/lib/python3.7/site-packages/airflow/example_dags/example_task_group.py
[2023-05-06T23:29:39.148+0000] {processor.py:809} INFO - DAG(s) dict_keys(['example_task_group']) retrieved from /home/airflow/.local/lib/python3.7/site-packages/airflow/example_dags/example_task_group.py
[2023-05-06T23:29:39.172+0000] {logging_mixin.py:149} INFO - [2023-05-06T23:29:39.171+0000] {dag.py:2726} INFO - Sync 1 DAGs
[2023-05-06T23:29:39.204+0000] {logging_mixin.py:149} INFO - [2023-05-06T23:29:39.204+0000] {dag.py:3490} INFO - Setting next_dagrun for example_task_group to 2023-05-05T23:29:39.204561+00:00, run_after=2023-05-06T23:29:39.204561+00:00
[2023-05-06T23:29:39.225+0000] {processor.py:178} INFO - Processing /home/airflow/.local/lib/python3.7/site-packages/airflow/example_dags/example_task_group.py took 0.088 seconds
[2023-05-06T23:30:09.699+0000] {processor.py:156} INFO - Started process (PID=649) to work on /home/airflow/.local/lib/python3.7/site-packages/airflow/example_dags/example_task_group.py
[2023-05-06T23:30:09.699+0000] {processor.py:799} INFO - Processing file /home/airflow/.local/lib/python3.7/site-packages/airflow/example_dags/example_task_group.py for tasks to queue
[2023-05-06T23:30:09.700+0000] {logging_mixin.py:149} INFO - [2023-05-06T23:30:09.699+0000] {dagbag.py:541} INFO - Filling up the DagBag from /home/airflow/.local/lib/python3.7/site-packages/airflow/example_dags/example_task_group.py
[2023-05-06T23:30:09.706+0000] {processor.py:809} INFO - DAG(s) dict_keys(['example_task_group']) retrieved from /home/airflow/.local/lib/python3.7/site-packages/airflow/example_dags/example_task_group.py
[2023-05-06T23:30:09.730+0000] {logging_mixin.py:149} INFO - [2023-05-06T23:30:09.729+0000] {dag.py:2726} INFO - Sync 1 DAGs
[2023-05-06T23:30:09.755+0000] {logging_mixin.py:149} INFO - [2023-05-06T23:30:09.755+0000] {dag.py:3490} INFO - Setting next_dagrun for example_task_group to 2023-05-05T23:30:09.754881+00:00, run_after=2023-05-06T23:30:09.754881+00:00
[2023-05-06T23:30:09.776+0000] {processor.py:178} INFO - Processing /home/airflow/.local/lib/python3.7/site-packages/airflow/example_dags/example_task_group.py took 0.079 seconds
[2023-05-06T23:30:39.924+0000] {processor.py:156} INFO - Started process (PID=706) to work on /home/airflow/.local/lib/python3.7/site-packages/airflow/example_dags/example_task_group.py
[2023-05-06T23:30:39.925+0000] {processor.py:799} INFO - Processing file /home/airflow/.local/lib/python3.7/site-packages/airflow/example_dags/example_task_group.py for tasks to queue
[2023-05-06T23:30:39.925+0000] {logging_mixin.py:149} INFO - [2023-05-06T23:30:39.925+0000] {dagbag.py:541} INFO - Filling up the DagBag from /home/airflow/.local/lib/python3.7/site-packages/airflow/example_dags/example_task_group.py
[2023-05-06T23:30:39.931+0000] {processor.py:809} INFO - DAG(s) dict_keys(['example_task_group']) retrieved from /home/airflow/.local/lib/python3.7/site-packages/airflow/example_dags/example_task_group.py
[2023-05-06T23:30:39.953+0000] {logging_mixin.py:149} INFO - [2023-05-06T23:30:39.953+0000] {dag.py:2726} INFO - Sync 1 DAGs
[2023-05-06T23:30:39.977+0000] {logging_mixin.py:149} INFO - [2023-05-06T23:30:39.977+0000] {dag.py:3490} INFO - Setting next_dagrun for example_task_group to 2023-05-05T23:30:39.977170+00:00, run_after=2023-05-06T23:30:39.977170+00:00
[2023-05-06T23:30:39.999+0000] {processor.py:178} INFO - Processing /home/airflow/.local/lib/python3.7/site-packages/airflow/example_dags/example_task_group.py took 0.077 seconds
[2023-05-06T23:31:10.479+0000] {processor.py:156} INFO - Started process (PID=764) to work on /home/airflow/.local/lib/python3.7/site-packages/airflow/example_dags/example_task_group.py
[2023-05-06T23:31:10.480+0000] {processor.py:799} INFO - Processing file /home/airflow/.local/lib/python3.7/site-packages/airflow/example_dags/example_task_group.py for tasks to queue
[2023-05-06T23:31:10.480+0000] {logging_mixin.py:149} INFO - [2023-05-06T23:31:10.480+0000] {dagbag.py:541} INFO - Filling up the DagBag from /home/airflow/.local/lib/python3.7/site-packages/airflow/example_dags/example_task_group.py
[2023-05-06T23:31:10.486+0000] {processor.py:809} INFO - DAG(s) dict_keys(['example_task_group']) retrieved from /home/airflow/.local/lib/python3.7/site-packages/airflow/example_dags/example_task_group.py
[2023-05-06T23:31:10.507+0000] {logging_mixin.py:149} INFO - [2023-05-06T23:31:10.507+0000] {dag.py:2726} INFO - Sync 1 DAGs
[2023-05-06T23:31:10.531+0000] {logging_mixin.py:149} INFO - [2023-05-06T23:31:10.531+0000] {dag.py:3490} INFO - Setting next_dagrun for example_task_group to 2023-05-05T23:31:10.531677+00:00, run_after=2023-05-06T23:31:10.531677+00:00
[2023-05-06T23:31:10.550+0000] {processor.py:178} INFO - Processing /home/airflow/.local/lib/python3.7/site-packages/airflow/example_dags/example_task_group.py took 0.073 seconds
[2023-05-06T23:31:40.858+0000] {processor.py:156} INFO - Started process (PID=822) to work on /home/airflow/.local/lib/python3.7/site-packages/airflow/example_dags/example_task_group.py
[2023-05-06T23:31:40.858+0000] {processor.py:799} INFO - Processing file /home/airflow/.local/lib/python3.7/site-packages/airflow/example_dags/example_task_group.py for tasks to queue
[2023-05-06T23:31:40.859+0000] {logging_mixin.py:149} INFO - [2023-05-06T23:31:40.859+0000] {dagbag.py:541} INFO - Filling up the DagBag from /home/airflow/.local/lib/python3.7/site-packages/airflow/example_dags/example_task_group.py
[2023-05-06T23:31:40.865+0000] {processor.py:809} INFO - DAG(s) dict_keys(['example_task_group']) retrieved from /home/airflow/.local/lib/python3.7/site-packages/airflow/example_dags/example_task_group.py
[2023-05-06T23:31:40.888+0000] {logging_mixin.py:149} INFO - [2023-05-06T23:31:40.888+0000] {dag.py:2726} INFO - Sync 1 DAGs
[2023-05-06T23:31:40.913+0000] {logging_mixin.py:149} INFO - [2023-05-06T23:31:40.912+0000] {dag.py:3490} INFO - Setting next_dagrun for example_task_group to 2023-05-05T23:31:40.912055+00:00, run_after=2023-05-06T23:31:40.912055+00:00
[2023-05-06T23:31:40.938+0000] {processor.py:178} INFO - Processing /home/airflow/.local/lib/python3.7/site-packages/airflow/example_dags/example_task_group.py took 0.083 seconds
[2023-05-06T23:32:11.394+0000] {processor.py:156} INFO - Started process (PID=880) to work on /home/airflow/.local/lib/python3.7/site-packages/airflow/example_dags/example_task_group.py
[2023-05-06T23:32:11.395+0000] {processor.py:799} INFO - Processing file /home/airflow/.local/lib/python3.7/site-packages/airflow/example_dags/example_task_group.py for tasks to queue
[2023-05-06T23:32:11.395+0000] {logging_mixin.py:149} INFO - [2023-05-06T23:32:11.395+0000] {dagbag.py:541} INFO - Filling up the DagBag from /home/airflow/.local/lib/python3.7/site-packages/airflow/example_dags/example_task_group.py
[2023-05-06T23:32:11.401+0000] {processor.py:809} INFO - DAG(s) dict_keys(['example_task_group']) retrieved from /home/airflow/.local/lib/python3.7/site-packages/airflow/example_dags/example_task_group.py
[2023-05-06T23:32:11.422+0000] {logging_mixin.py:149} INFO - [2023-05-06T23:32:11.422+0000] {dag.py:2726} INFO - Sync 1 DAGs
[2023-05-06T23:32:11.446+0000] {logging_mixin.py:149} INFO - [2023-05-06T23:32:11.446+0000] {dag.py:3490} INFO - Setting next_dagrun for example_task_group to 2023-05-05T23:32:11.446378+00:00, run_after=2023-05-06T23:32:11.446378+00:00
[2023-05-06T23:32:11.465+0000] {processor.py:178} INFO - Processing /home/airflow/.local/lib/python3.7/site-packages/airflow/example_dags/example_task_group.py took 0.073 seconds
[2023-05-06T23:32:41.688+0000] {processor.py:156} INFO - Started process (PID=938) to work on /home/airflow/.local/lib/python3.7/site-packages/airflow/example_dags/example_task_group.py
[2023-05-06T23:32:41.688+0000] {processor.py:799} INFO - Processing file /home/airflow/.local/lib/python3.7/site-packages/airflow/example_dags/example_task_group.py for tasks to queue
[2023-05-06T23:32:41.689+0000] {logging_mixin.py:149} INFO - [2023-05-06T23:32:41.689+0000] {dagbag.py:541} INFO - Filling up the DagBag from /home/airflow/.local/lib/python3.7/site-packages/airflow/example_dags/example_task_group.py
[2023-05-06T23:32:41.695+0000] {processor.py:809} INFO - DAG(s) dict_keys(['example_task_group']) retrieved from /home/airflow/.local/lib/python3.7/site-packages/airflow/example_dags/example_task_group.py
[2023-05-06T23:32:41.730+0000] {logging_mixin.py:149} INFO - [2023-05-06T23:32:41.730+0000] {dag.py:2726} INFO - Sync 1 DAGs
[2023-05-06T23:32:41.755+0000] {logging_mixin.py:149} INFO - [2023-05-06T23:32:41.755+0000] {dag.py:3490} INFO - Setting next_dagrun for example_task_group to 2023-05-05T23:32:41.755370+00:00, run_after=2023-05-06T23:32:41.755370+00:00
[2023-05-06T23:32:41.774+0000] {processor.py:178} INFO - Processing /home/airflow/.local/lib/python3.7/site-packages/airflow/example_dags/example_task_group.py took 0.088 seconds
[2023-05-06T23:33:12.189+0000] {processor.py:156} INFO - Started process (PID=996) to work on /home/airflow/.local/lib/python3.7/site-packages/airflow/example_dags/example_task_group.py
[2023-05-06T23:33:12.190+0000] {processor.py:799} INFO - Processing file /home/airflow/.local/lib/python3.7/site-packages/airflow/example_dags/example_task_group.py for tasks to queue
[2023-05-06T23:33:12.190+0000] {logging_mixin.py:149} INFO - [2023-05-06T23:33:12.190+0000] {dagbag.py:541} INFO - Filling up the DagBag from /home/airflow/.local/lib/python3.7/site-packages/airflow/example_dags/example_task_group.py
[2023-05-06T23:33:12.196+0000] {processor.py:809} INFO - DAG(s) dict_keys(['example_task_group']) retrieved from /home/airflow/.local/lib/python3.7/site-packages/airflow/example_dags/example_task_group.py
[2023-05-06T23:33:12.218+0000] {logging_mixin.py:149} INFO - [2023-05-06T23:33:12.217+0000] {dag.py:2726} INFO - Sync 1 DAGs
[2023-05-06T23:33:12.240+0000] {logging_mixin.py:149} INFO - [2023-05-06T23:33:12.240+0000] {dag.py:3490} INFO - Setting next_dagrun for example_task_group to 2023-05-05T23:33:12.240292+00:00, run_after=2023-05-06T23:33:12.240292+00:00
[2023-05-06T23:33:12.259+0000] {processor.py:178} INFO - Processing /home/airflow/.local/lib/python3.7/site-packages/airflow/example_dags/example_task_group.py took 0.075 seconds
[2023-05-06T23:33:42.470+0000] {processor.py:156} INFO - Started process (PID=1055) to work on /home/airflow/.local/lib/python3.7/site-packages/airflow/example_dags/example_task_group.py
[2023-05-06T23:33:42.470+0000] {processor.py:799} INFO - Processing file /home/airflow/.local/lib/python3.7/site-packages/airflow/example_dags/example_task_group.py for tasks to queue
[2023-05-06T23:33:42.471+0000] {logging_mixin.py:149} INFO - [2023-05-06T23:33:42.471+0000] {dagbag.py:541} INFO - Filling up the DagBag from /home/airflow/.local/lib/python3.7/site-packages/airflow/example_dags/example_task_group.py
[2023-05-06T23:33:42.476+0000] {processor.py:809} INFO - DAG(s) dict_keys(['example_task_group']) retrieved from /home/airflow/.local/lib/python3.7/site-packages/airflow/example_dags/example_task_group.py
[2023-05-06T23:33:42.509+0000] {logging_mixin.py:149} INFO - [2023-05-06T23:33:42.509+0000] {dag.py:2726} INFO - Sync 1 DAGs
[2023-05-06T23:33:42.541+0000] {logging_mixin.py:149} INFO - [2023-05-06T23:33:42.540+0000] {dag.py:3490} INFO - Setting next_dagrun for example_task_group to 2023-05-05T23:33:42.540815+00:00, run_after=2023-05-06T23:33:42.540815+00:00
[2023-05-06T23:33:42.559+0000] {processor.py:178} INFO - Processing /home/airflow/.local/lib/python3.7/site-packages/airflow/example_dags/example_task_group.py took 0.091 seconds
[2023-05-06T23:34:13.038+0000] {processor.py:156} INFO - Started process (PID=1113) to work on /home/airflow/.local/lib/python3.7/site-packages/airflow/example_dags/example_task_group.py
[2023-05-06T23:34:13.039+0000] {processor.py:799} INFO - Processing file /home/airflow/.local/lib/python3.7/site-packages/airflow/example_dags/example_task_group.py for tasks to queue
[2023-05-06T23:34:13.039+0000] {logging_mixin.py:149} INFO - [2023-05-06T23:34:13.039+0000] {dagbag.py:541} INFO - Filling up the DagBag from /home/airflow/.local/lib/python3.7/site-packages/airflow/example_dags/example_task_group.py
[2023-05-06T23:34:13.045+0000] {processor.py:809} INFO - DAG(s) dict_keys(['example_task_group']) retrieved from /home/airflow/.local/lib/python3.7/site-packages/airflow/example_dags/example_task_group.py
[2023-05-06T23:34:13.067+0000] {logging_mixin.py:149} INFO - [2023-05-06T23:34:13.066+0000] {dag.py:2726} INFO - Sync 1 DAGs
[2023-05-06T23:34:13.089+0000] {logging_mixin.py:149} INFO - [2023-05-06T23:34:13.089+0000] {dag.py:3490} INFO - Setting next_dagrun for example_task_group to 2023-05-05T23:34:13.089502+00:00, run_after=2023-05-06T23:34:13.089502+00:00
[2023-05-06T23:34:13.107+0000] {processor.py:178} INFO - Processing /home/airflow/.local/lib/python3.7/site-packages/airflow/example_dags/example_task_group.py took 0.071 seconds
[2023-05-06T23:34:43.439+0000] {processor.py:156} INFO - Started process (PID=1171) to work on /home/airflow/.local/lib/python3.7/site-packages/airflow/example_dags/example_task_group.py
[2023-05-06T23:34:43.440+0000] {processor.py:799} INFO - Processing file /home/airflow/.local/lib/python3.7/site-packages/airflow/example_dags/example_task_group.py for tasks to queue
[2023-05-06T23:34:43.440+0000] {logging_mixin.py:149} INFO - [2023-05-06T23:34:43.440+0000] {dagbag.py:541} INFO - Filling up the DagBag from /home/airflow/.local/lib/python3.7/site-packages/airflow/example_dags/example_task_group.py
[2023-05-06T23:34:43.446+0000] {processor.py:809} INFO - DAG(s) dict_keys(['example_task_group']) retrieved from /home/airflow/.local/lib/python3.7/site-packages/airflow/example_dags/example_task_group.py
[2023-05-06T23:34:43.466+0000] {logging_mixin.py:149} INFO - [2023-05-06T23:34:43.466+0000] {dag.py:2726} INFO - Sync 1 DAGs
[2023-05-06T23:34:43.488+0000] {logging_mixin.py:149} INFO - [2023-05-06T23:34:43.488+0000] {dag.py:3490} INFO - Setting next_dagrun for example_task_group to 2023-05-05T23:34:43.488289+00:00, run_after=2023-05-06T23:34:43.488289+00:00
[2023-05-06T23:34:43.506+0000] {processor.py:178} INFO - Processing /home/airflow/.local/lib/python3.7/site-packages/airflow/example_dags/example_task_group.py took 0.069 seconds
[2023-05-06T23:35:13.949+0000] {processor.py:156} INFO - Started process (PID=1229) to work on /home/airflow/.local/lib/python3.7/site-packages/airflow/example_dags/example_task_group.py
[2023-05-06T23:35:13.950+0000] {processor.py:799} INFO - Processing file /home/airflow/.local/lib/python3.7/site-packages/airflow/example_dags/example_task_group.py for tasks to queue
[2023-05-06T23:35:13.951+0000] {logging_mixin.py:149} INFO - [2023-05-06T23:35:13.951+0000] {dagbag.py:541} INFO - Filling up the DagBag from /home/airflow/.local/lib/python3.7/site-packages/airflow/example_dags/example_task_group.py
[2023-05-06T23:35:13.957+0000] {processor.py:809} INFO - DAG(s) dict_keys(['example_task_group']) retrieved from /home/airflow/.local/lib/python3.7/site-packages/airflow/example_dags/example_task_group.py
[2023-05-06T23:35:13.978+0000] {logging_mixin.py:149} INFO - [2023-05-06T23:35:13.978+0000] {dag.py:2726} INFO - Sync 1 DAGs
[2023-05-06T23:35:14.001+0000] {logging_mixin.py:149} INFO - [2023-05-06T23:35:14.001+0000] {dag.py:3490} INFO - Setting next_dagrun for example_task_group to 2023-05-05T23:35:14.001330+00:00, run_after=2023-05-06T23:35:14.001330+00:00
[2023-05-06T23:35:14.020+0000] {processor.py:178} INFO - Processing /home/airflow/.local/lib/python3.7/site-packages/airflow/example_dags/example_task_group.py took 0.073 seconds
[2023-05-06T23:35:44.486+0000] {processor.py:156} INFO - Started process (PID=1287) to work on /home/airflow/.local/lib/python3.7/site-packages/airflow/example_dags/example_task_group.py
[2023-05-06T23:35:44.487+0000] {processor.py:799} INFO - Processing file /home/airflow/.local/lib/python3.7/site-packages/airflow/example_dags/example_task_group.py for tasks to queue
[2023-05-06T23:35:44.488+0000] {logging_mixin.py:149} INFO - [2023-05-06T23:35:44.488+0000] {dagbag.py:541} INFO - Filling up the DagBag from /home/airflow/.local/lib/python3.7/site-packages/airflow/example_dags/example_task_group.py
[2023-05-06T23:35:44.500+0000] {processor.py:809} INFO - DAG(s) dict_keys(['example_task_group']) retrieved from /home/airflow/.local/lib/python3.7/site-packages/airflow/example_dags/example_task_group.py
[2023-05-06T23:35:44.539+0000] {logging_mixin.py:149} INFO - [2023-05-06T23:35:44.539+0000] {dag.py:2726} INFO - Sync 1 DAGs
[2023-05-06T23:35:44.561+0000] {logging_mixin.py:149} INFO - [2023-05-06T23:35:44.560+0000] {dag.py:3490} INFO - Setting next_dagrun for example_task_group to 2023-05-05T23:35:44.560728+00:00, run_after=2023-05-06T23:35:44.560728+00:00
[2023-05-06T23:35:44.580+0000] {processor.py:178} INFO - Processing /home/airflow/.local/lib/python3.7/site-packages/airflow/example_dags/example_task_group.py took 0.098 seconds
[2023-05-06T23:36:14.846+0000] {processor.py:156} INFO - Started process (PID=1345) to work on /home/airflow/.local/lib/python3.7/site-packages/airflow/example_dags/example_task_group.py
[2023-05-06T23:36:14.847+0000] {processor.py:799} INFO - Processing file /home/airflow/.local/lib/python3.7/site-packages/airflow/example_dags/example_task_group.py for tasks to queue
[2023-05-06T23:36:14.847+0000] {logging_mixin.py:149} INFO - [2023-05-06T23:36:14.847+0000] {dagbag.py:541} INFO - Filling up the DagBag from /home/airflow/.local/lib/python3.7/site-packages/airflow/example_dags/example_task_group.py
[2023-05-06T23:36:14.853+0000] {processor.py:809} INFO - DAG(s) dict_keys(['example_task_group']) retrieved from /home/airflow/.local/lib/python3.7/site-packages/airflow/example_dags/example_task_group.py
[2023-05-06T23:36:14.872+0000] {logging_mixin.py:149} INFO - [2023-05-06T23:36:14.872+0000] {dag.py:2726} INFO - Sync 1 DAGs
[2023-05-06T23:36:14.895+0000] {logging_mixin.py:149} INFO - [2023-05-06T23:36:14.895+0000] {dag.py:3490} INFO - Setting next_dagrun for example_task_group to 2023-05-05T23:36:14.895481+00:00, run_after=2023-05-06T23:36:14.895481+00:00
[2023-05-06T23:36:14.913+0000] {processor.py:178} INFO - Processing /home/airflow/.local/lib/python3.7/site-packages/airflow/example_dags/example_task_group.py took 0.068 seconds
[2023-05-06T23:36:45.570+0000] {processor.py:156} INFO - Started process (PID=1403) to work on /home/airflow/.local/lib/python3.7/site-packages/airflow/example_dags/example_task_group.py
[2023-05-06T23:36:45.571+0000] {processor.py:799} INFO - Processing file /home/airflow/.local/lib/python3.7/site-packages/airflow/example_dags/example_task_group.py for tasks to queue
[2023-05-06T23:36:45.571+0000] {logging_mixin.py:149} INFO - [2023-05-06T23:36:45.571+0000] {dagbag.py:541} INFO - Filling up the DagBag from /home/airflow/.local/lib/python3.7/site-packages/airflow/example_dags/example_task_group.py
[2023-05-06T23:36:45.577+0000] {processor.py:809} INFO - DAG(s) dict_keys(['example_task_group']) retrieved from /home/airflow/.local/lib/python3.7/site-packages/airflow/example_dags/example_task_group.py
[2023-05-06T23:36:45.596+0000] {logging_mixin.py:149} INFO - [2023-05-06T23:36:45.596+0000] {dag.py:2726} INFO - Sync 1 DAGs
[2023-05-06T23:36:45.620+0000] {logging_mixin.py:149} INFO - [2023-05-06T23:36:45.620+0000] {dag.py:3490} INFO - Setting next_dagrun for example_task_group to 2023-05-05T23:36:45.619982+00:00, run_after=2023-05-06T23:36:45.619982+00:00
[2023-05-06T23:36:45.638+0000] {processor.py:178} INFO - Processing /home/airflow/.local/lib/python3.7/site-packages/airflow/example_dags/example_task_group.py took 0.070 seconds
[2023-05-06T23:37:16.025+0000] {processor.py:156} INFO - Started process (PID=1460) to work on /home/airflow/.local/lib/python3.7/site-packages/airflow/example_dags/example_task_group.py
[2023-05-06T23:37:16.026+0000] {processor.py:799} INFO - Processing file /home/airflow/.local/lib/python3.7/site-packages/airflow/example_dags/example_task_group.py for tasks to queue
[2023-05-06T23:37:16.026+0000] {logging_mixin.py:149} INFO - [2023-05-06T23:37:16.026+0000] {dagbag.py:541} INFO - Filling up the DagBag from /home/airflow/.local/lib/python3.7/site-packages/airflow/example_dags/example_task_group.py
[2023-05-06T23:37:16.032+0000] {processor.py:809} INFO - DAG(s) dict_keys(['example_task_group']) retrieved from /home/airflow/.local/lib/python3.7/site-packages/airflow/example_dags/example_task_group.py
[2023-05-06T23:37:16.051+0000] {logging_mixin.py:149} INFO - [2023-05-06T23:37:16.051+0000] {dag.py:2726} INFO - Sync 1 DAGs
[2023-05-06T23:37:16.073+0000] {logging_mixin.py:149} INFO - [2023-05-06T23:37:16.072+0000] {dag.py:3490} INFO - Setting next_dagrun for example_task_group to 2023-05-05T23:37:16.072736+00:00, run_after=2023-05-06T23:37:16.072736+00:00
[2023-05-06T23:37:16.090+0000] {processor.py:178} INFO - Processing /home/airflow/.local/lib/python3.7/site-packages/airflow/example_dags/example_task_group.py took 0.067 seconds
[2023-05-06T23:37:46.621+0000] {processor.py:156} INFO - Started process (PID=1518) to work on /home/airflow/.local/lib/python3.7/site-packages/airflow/example_dags/example_task_group.py
[2023-05-06T23:37:46.622+0000] {processor.py:799} INFO - Processing file /home/airflow/.local/lib/python3.7/site-packages/airflow/example_dags/example_task_group.py for tasks to queue
[2023-05-06T23:37:46.623+0000] {logging_mixin.py:149} INFO - [2023-05-06T23:37:46.623+0000] {dagbag.py:541} INFO - Filling up the DagBag from /home/airflow/.local/lib/python3.7/site-packages/airflow/example_dags/example_task_group.py
[2023-05-06T23:37:46.633+0000] {processor.py:809} INFO - DAG(s) dict_keys(['example_task_group']) retrieved from /home/airflow/.local/lib/python3.7/site-packages/airflow/example_dags/example_task_group.py
[2023-05-06T23:37:46.656+0000] {logging_mixin.py:149} INFO - [2023-05-06T23:37:46.656+0000] {dag.py:2726} INFO - Sync 1 DAGs
[2023-05-06T23:37:46.678+0000] {logging_mixin.py:149} INFO - [2023-05-06T23:37:46.678+0000] {dag.py:3490} INFO - Setting next_dagrun for example_task_group to 2023-05-05T23:37:46.678022+00:00, run_after=2023-05-06T23:37:46.678022+00:00
[2023-05-06T23:37:46.694+0000] {processor.py:178} INFO - Processing /home/airflow/.local/lib/python3.7/site-packages/airflow/example_dags/example_task_group.py took 0.078 seconds
[2023-05-06T23:38:17.716+0000] {processor.py:156} INFO - Started process (PID=1577) to work on /home/airflow/.local/lib/python3.7/site-packages/airflow/example_dags/example_task_group.py
[2023-05-06T23:38:17.717+0000] {processor.py:799} INFO - Processing file /home/airflow/.local/lib/python3.7/site-packages/airflow/example_dags/example_task_group.py for tasks to queue
[2023-05-06T23:38:17.718+0000] {logging_mixin.py:149} INFO - [2023-05-06T23:38:17.718+0000] {dagbag.py:541} INFO - Filling up the DagBag from /home/airflow/.local/lib/python3.7/site-packages/airflow/example_dags/example_task_group.py
[2023-05-06T23:38:17.731+0000] {processor.py:809} INFO - DAG(s) dict_keys(['example_task_group']) retrieved from /home/airflow/.local/lib/python3.7/site-packages/airflow/example_dags/example_task_group.py
[2023-05-06T23:38:17.753+0000] {logging_mixin.py:149} INFO - [2023-05-06T23:38:17.753+0000] {dag.py:2726} INFO - Sync 1 DAGs
[2023-05-06T23:38:17.780+0000] {logging_mixin.py:149} INFO - [2023-05-06T23:38:17.780+0000] {dag.py:3490} INFO - Setting next_dagrun for example_task_group to 2023-05-05T23:38:17.780125+00:00, run_after=2023-05-06T23:38:17.780125+00:00
[2023-05-06T23:38:17.797+0000] {processor.py:178} INFO - Processing /home/airflow/.local/lib/python3.7/site-packages/airflow/example_dags/example_task_group.py took 0.085 seconds
[2023-05-06T23:38:48.711+0000] {processor.py:156} INFO - Started process (PID=1635) to work on /home/airflow/.local/lib/python3.7/site-packages/airflow/example_dags/example_task_group.py
[2023-05-06T23:38:48.712+0000] {processor.py:799} INFO - Processing file /home/airflow/.local/lib/python3.7/site-packages/airflow/example_dags/example_task_group.py for tasks to queue
[2023-05-06T23:38:48.713+0000] {logging_mixin.py:149} INFO - [2023-05-06T23:38:48.713+0000] {dagbag.py:541} INFO - Filling up the DagBag from /home/airflow/.local/lib/python3.7/site-packages/airflow/example_dags/example_task_group.py
[2023-05-06T23:38:48.725+0000] {processor.py:809} INFO - DAG(s) dict_keys(['example_task_group']) retrieved from /home/airflow/.local/lib/python3.7/site-packages/airflow/example_dags/example_task_group.py
[2023-05-06T23:38:48.751+0000] {logging_mixin.py:149} INFO - [2023-05-06T23:38:48.751+0000] {dag.py:2726} INFO - Sync 1 DAGs
[2023-05-06T23:38:48.776+0000] {logging_mixin.py:149} INFO - [2023-05-06T23:38:48.776+0000] {dag.py:3490} INFO - Setting next_dagrun for example_task_group to 2023-05-05T23:38:48.776167+00:00, run_after=2023-05-06T23:38:48.776167+00:00
[2023-05-06T23:38:48.794+0000] {processor.py:178} INFO - Processing /home/airflow/.local/lib/python3.7/site-packages/airflow/example_dags/example_task_group.py took 0.087 seconds
[2023-05-06T23:39:19.472+0000] {processor.py:156} INFO - Started process (PID=1693) to work on /home/airflow/.local/lib/python3.7/site-packages/airflow/example_dags/example_task_group.py
[2023-05-06T23:39:19.472+0000] {processor.py:799} INFO - Processing file /home/airflow/.local/lib/python3.7/site-packages/airflow/example_dags/example_task_group.py for tasks to queue
[2023-05-06T23:39:19.473+0000] {logging_mixin.py:149} INFO - [2023-05-06T23:39:19.473+0000] {dagbag.py:541} INFO - Filling up the DagBag from /home/airflow/.local/lib/python3.7/site-packages/airflow/example_dags/example_task_group.py
[2023-05-06T23:39:19.479+0000] {processor.py:809} INFO - DAG(s) dict_keys(['example_task_group']) retrieved from /home/airflow/.local/lib/python3.7/site-packages/airflow/example_dags/example_task_group.py
[2023-05-06T23:39:19.499+0000] {logging_mixin.py:149} INFO - [2023-05-06T23:39:19.499+0000] {dag.py:2726} INFO - Sync 1 DAGs
[2023-05-06T23:39:19.521+0000] {logging_mixin.py:149} INFO - [2023-05-06T23:39:19.521+0000] {dag.py:3490} INFO - Setting next_dagrun for example_task_group to 2023-05-05T23:39:19.521294+00:00, run_after=2023-05-06T23:39:19.521294+00:00
[2023-05-06T23:39:19.539+0000] {processor.py:178} INFO - Processing /home/airflow/.local/lib/python3.7/site-packages/airflow/example_dags/example_task_group.py took 0.069 seconds
[2023-05-06T23:39:49.771+0000] {processor.py:156} INFO - Started process (PID=1752) to work on /home/airflow/.local/lib/python3.7/site-packages/airflow/example_dags/example_task_group.py
[2023-05-06T23:39:49.772+0000] {processor.py:799} INFO - Processing file /home/airflow/.local/lib/python3.7/site-packages/airflow/example_dags/example_task_group.py for tasks to queue
[2023-05-06T23:39:49.773+0000] {logging_mixin.py:149} INFO - [2023-05-06T23:39:49.772+0000] {dagbag.py:541} INFO - Filling up the DagBag from /home/airflow/.local/lib/python3.7/site-packages/airflow/example_dags/example_task_group.py
[2023-05-06T23:39:49.778+0000] {processor.py:809} INFO - DAG(s) dict_keys(['example_task_group']) retrieved from /home/airflow/.local/lib/python3.7/site-packages/airflow/example_dags/example_task_group.py
[2023-05-06T23:39:49.799+0000] {logging_mixin.py:149} INFO - [2023-05-06T23:39:49.799+0000] {dag.py:2726} INFO - Sync 1 DAGs
[2023-05-06T23:39:49.821+0000] {logging_mixin.py:149} INFO - [2023-05-06T23:39:49.821+0000] {dag.py:3490} INFO - Setting next_dagrun for example_task_group to 2023-05-05T23:39:49.821572+00:00, run_after=2023-05-06T23:39:49.821572+00:00
[2023-05-06T23:39:49.840+0000] {processor.py:178} INFO - Processing /home/airflow/.local/lib/python3.7/site-packages/airflow/example_dags/example_task_group.py took 0.071 seconds
[2023-05-06T23:40:20.101+0000] {processor.py:156} INFO - Started process (PID=1810) to work on /home/airflow/.local/lib/python3.7/site-packages/airflow/example_dags/example_task_group.py
[2023-05-06T23:40:20.102+0000] {processor.py:799} INFO - Processing file /home/airflow/.local/lib/python3.7/site-packages/airflow/example_dags/example_task_group.py for tasks to queue
[2023-05-06T23:40:20.102+0000] {logging_mixin.py:149} INFO - [2023-05-06T23:40:20.102+0000] {dagbag.py:541} INFO - Filling up the DagBag from /home/airflow/.local/lib/python3.7/site-packages/airflow/example_dags/example_task_group.py
[2023-05-06T23:40:20.108+0000] {processor.py:809} INFO - DAG(s) dict_keys(['example_task_group']) retrieved from /home/airflow/.local/lib/python3.7/site-packages/airflow/example_dags/example_task_group.py
[2023-05-06T23:40:20.142+0000] {logging_mixin.py:149} INFO - [2023-05-06T23:40:20.141+0000] {dag.py:2726} INFO - Sync 1 DAGs
[2023-05-06T23:40:20.173+0000] {logging_mixin.py:149} INFO - [2023-05-06T23:40:20.173+0000] {dag.py:3490} INFO - Setting next_dagrun for example_task_group to 2023-05-05T23:40:20.173490+00:00, run_after=2023-05-06T23:40:20.173490+00:00
[2023-05-06T23:40:20.193+0000] {processor.py:178} INFO - Processing /home/airflow/.local/lib/python3.7/site-packages/airflow/example_dags/example_task_group.py took 0.094 seconds
[2023-05-06T23:40:50.461+0000] {processor.py:156} INFO - Started process (PID=1869) to work on /home/airflow/.local/lib/python3.7/site-packages/airflow/example_dags/example_task_group.py
[2023-05-06T23:40:50.461+0000] {processor.py:799} INFO - Processing file /home/airflow/.local/lib/python3.7/site-packages/airflow/example_dags/example_task_group.py for tasks to queue
[2023-05-06T23:40:50.462+0000] {logging_mixin.py:149} INFO - [2023-05-06T23:40:50.462+0000] {dagbag.py:541} INFO - Filling up the DagBag from /home/airflow/.local/lib/python3.7/site-packages/airflow/example_dags/example_task_group.py
[2023-05-06T23:40:50.468+0000] {processor.py:809} INFO - DAG(s) dict_keys(['example_task_group']) retrieved from /home/airflow/.local/lib/python3.7/site-packages/airflow/example_dags/example_task_group.py
[2023-05-06T23:40:50.493+0000] {logging_mixin.py:149} INFO - [2023-05-06T23:40:50.493+0000] {dag.py:2726} INFO - Sync 1 DAGs
[2023-05-06T23:40:50.521+0000] {logging_mixin.py:149} INFO - [2023-05-06T23:40:50.520+0000] {dag.py:3490} INFO - Setting next_dagrun for example_task_group to 2023-05-05T23:40:50.520772+00:00, run_after=2023-05-06T23:40:50.520772+00:00
[2023-05-06T23:40:50.542+0000] {processor.py:178} INFO - Processing /home/airflow/.local/lib/python3.7/site-packages/airflow/example_dags/example_task_group.py took 0.084 seconds
[2023-05-06T23:41:20.833+0000] {processor.py:156} INFO - Started process (PID=1927) to work on /home/airflow/.local/lib/python3.7/site-packages/airflow/example_dags/example_task_group.py
[2023-05-06T23:41:20.834+0000] {processor.py:799} INFO - Processing file /home/airflow/.local/lib/python3.7/site-packages/airflow/example_dags/example_task_group.py for tasks to queue
[2023-05-06T23:41:20.835+0000] {logging_mixin.py:149} INFO - [2023-05-06T23:41:20.835+0000] {dagbag.py:541} INFO - Filling up the DagBag from /home/airflow/.local/lib/python3.7/site-packages/airflow/example_dags/example_task_group.py
[2023-05-06T23:41:20.846+0000] {processor.py:809} INFO - DAG(s) dict_keys(['example_task_group']) retrieved from /home/airflow/.local/lib/python3.7/site-packages/airflow/example_dags/example_task_group.py
[2023-05-06T23:41:20.870+0000] {logging_mixin.py:149} INFO - [2023-05-06T23:41:20.870+0000] {dag.py:2726} INFO - Sync 1 DAGs
[2023-05-06T23:41:20.896+0000] {logging_mixin.py:149} INFO - [2023-05-06T23:41:20.896+0000] {dag.py:3490} INFO - Setting next_dagrun for example_task_group to 2023-05-05T23:41:20.895826+00:00, run_after=2023-05-06T23:41:20.895826+00:00
[2023-05-06T23:41:20.915+0000] {processor.py:178} INFO - Processing /home/airflow/.local/lib/python3.7/site-packages/airflow/example_dags/example_task_group.py took 0.086 seconds
[2023-05-06T23:41:51.127+0000] {processor.py:156} INFO - Started process (PID=1985) to work on /home/airflow/.local/lib/python3.7/site-packages/airflow/example_dags/example_task_group.py
[2023-05-06T23:41:51.127+0000] {processor.py:799} INFO - Processing file /home/airflow/.local/lib/python3.7/site-packages/airflow/example_dags/example_task_group.py for tasks to queue
[2023-05-06T23:41:51.128+0000] {logging_mixin.py:149} INFO - [2023-05-06T23:41:51.128+0000] {dagbag.py:541} INFO - Filling up the DagBag from /home/airflow/.local/lib/python3.7/site-packages/airflow/example_dags/example_task_group.py
[2023-05-06T23:41:51.134+0000] {processor.py:809} INFO - DAG(s) dict_keys(['example_task_group']) retrieved from /home/airflow/.local/lib/python3.7/site-packages/airflow/example_dags/example_task_group.py
[2023-05-06T23:41:51.156+0000] {logging_mixin.py:149} INFO - [2023-05-06T23:41:51.156+0000] {dag.py:2726} INFO - Sync 1 DAGs
[2023-05-06T23:41:51.180+0000] {logging_mixin.py:149} INFO - [2023-05-06T23:41:51.180+0000] {dag.py:3490} INFO - Setting next_dagrun for example_task_group to 2023-05-05T23:41:51.179918+00:00, run_after=2023-05-06T23:41:51.179918+00:00
[2023-05-06T23:41:51.199+0000] {processor.py:178} INFO - Processing /home/airflow/.local/lib/python3.7/site-packages/airflow/example_dags/example_task_group.py took 0.074 seconds
[2023-05-06T23:42:21.378+0000] {processor.py:156} INFO - Started process (PID=2043) to work on /home/airflow/.local/lib/python3.7/site-packages/airflow/example_dags/example_task_group.py
[2023-05-06T23:42:21.378+0000] {processor.py:799} INFO - Processing file /home/airflow/.local/lib/python3.7/site-packages/airflow/example_dags/example_task_group.py for tasks to queue
[2023-05-06T23:42:21.378+0000] {logging_mixin.py:149} INFO - [2023-05-06T23:42:21.378+0000] {dagbag.py:541} INFO - Filling up the DagBag from /home/airflow/.local/lib/python3.7/site-packages/airflow/example_dags/example_task_group.py
[2023-05-06T23:42:21.385+0000] {processor.py:809} INFO - DAG(s) dict_keys(['example_task_group']) retrieved from /home/airflow/.local/lib/python3.7/site-packages/airflow/example_dags/example_task_group.py
[2023-05-06T23:42:21.409+0000] {logging_mixin.py:149} INFO - [2023-05-06T23:42:21.409+0000] {dag.py:2726} INFO - Sync 1 DAGs
[2023-05-06T23:42:21.435+0000] {logging_mixin.py:149} INFO - [2023-05-06T23:42:21.435+0000] {dag.py:3490} INFO - Setting next_dagrun for example_task_group to 2023-05-05T23:42:21.435634+00:00, run_after=2023-05-06T23:42:21.435634+00:00
[2023-05-06T23:42:21.455+0000] {processor.py:178} INFO - Processing /home/airflow/.local/lib/python3.7/site-packages/airflow/example_dags/example_task_group.py took 0.079 seconds
[2023-05-06T23:42:51.998+0000] {processor.py:156} INFO - Started process (PID=2101) to work on /home/airflow/.local/lib/python3.7/site-packages/airflow/example_dags/example_task_group.py
[2023-05-06T23:42:51.998+0000] {processor.py:799} INFO - Processing file /home/airflow/.local/lib/python3.7/site-packages/airflow/example_dags/example_task_group.py for tasks to queue
[2023-05-06T23:42:51.999+0000] {logging_mixin.py:149} INFO - [2023-05-06T23:42:51.999+0000] {dagbag.py:541} INFO - Filling up the DagBag from /home/airflow/.local/lib/python3.7/site-packages/airflow/example_dags/example_task_group.py
[2023-05-06T23:42:52.004+0000] {processor.py:809} INFO - DAG(s) dict_keys(['example_task_group']) retrieved from /home/airflow/.local/lib/python3.7/site-packages/airflow/example_dags/example_task_group.py
[2023-05-06T23:42:52.039+0000] {logging_mixin.py:149} INFO - [2023-05-06T23:42:52.039+0000] {dag.py:2726} INFO - Sync 1 DAGs
[2023-05-06T23:42:52.064+0000] {logging_mixin.py:149} INFO - [2023-05-06T23:42:52.063+0000] {dag.py:3490} INFO - Setting next_dagrun for example_task_group to 2023-05-05T23:42:52.063607+00:00, run_after=2023-05-06T23:42:52.063607+00:00
[2023-05-06T23:42:52.082+0000] {processor.py:178} INFO - Processing /home/airflow/.local/lib/python3.7/site-packages/airflow/example_dags/example_task_group.py took 0.087 seconds
[2023-05-06T23:43:22.293+0000] {processor.py:156} INFO - Started process (PID=2159) to work on /home/airflow/.local/lib/python3.7/site-packages/airflow/example_dags/example_task_group.py
[2023-05-06T23:43:22.294+0000] {processor.py:799} INFO - Processing file /home/airflow/.local/lib/python3.7/site-packages/airflow/example_dags/example_task_group.py for tasks to queue
[2023-05-06T23:43:22.294+0000] {logging_mixin.py:149} INFO - [2023-05-06T23:43:22.294+0000] {dagbag.py:541} INFO - Filling up the DagBag from /home/airflow/.local/lib/python3.7/site-packages/airflow/example_dags/example_task_group.py
[2023-05-06T23:43:22.300+0000] {processor.py:809} INFO - DAG(s) dict_keys(['example_task_group']) retrieved from /home/airflow/.local/lib/python3.7/site-packages/airflow/example_dags/example_task_group.py
[2023-05-06T23:43:22.321+0000] {logging_mixin.py:149} INFO - [2023-05-06T23:43:22.320+0000] {dag.py:2726} INFO - Sync 1 DAGs
[2023-05-06T23:43:22.344+0000] {logging_mixin.py:149} INFO - [2023-05-06T23:43:22.344+0000] {dag.py:3490} INFO - Setting next_dagrun for example_task_group to 2023-05-05T23:43:22.344600+00:00, run_after=2023-05-06T23:43:22.344600+00:00
[2023-05-06T23:43:22.361+0000] {processor.py:178} INFO - Processing /home/airflow/.local/lib/python3.7/site-packages/airflow/example_dags/example_task_group.py took 0.070 seconds
