[2023-05-06T23:25:04.144+0000] {processor.py:156} INFO - Started process (PID=70) to work on /home/airflow/.local/lib/python3.7/site-packages/airflow/example_dags/example_branch_labels.py
[2023-05-06T23:25:04.145+0000] {processor.py:799} INFO - Processing file /home/airflow/.local/lib/python3.7/site-packages/airflow/example_dags/example_branch_labels.py for tasks to queue
[2023-05-06T23:25:04.145+0000] {logging_mixin.py:149} INFO - [2023-05-06T23:25:04.145+0000] {dagbag.py:541} INFO - Filling up the DagBag from /home/airflow/.local/lib/python3.7/site-packages/airflow/example_dags/example_branch_labels.py
[2023-05-06T23:25:04.155+0000] {processor.py:809} INFO - DAG(s) dict_keys(['example_branch_labels']) retrieved from /home/airflow/.local/lib/python3.7/site-packages/airflow/example_dags/example_branch_labels.py
[2023-05-06T23:25:04.166+0000] {logging_mixin.py:149} INFO - [2023-05-06T23:25:04.166+0000] {dag.py:2726} INFO - Sync 1 DAGs
[2023-05-06T23:25:04.195+0000] {logging_mixin.py:149} INFO - [2023-05-06T23:25:04.194+0000] {dag.py:3490} INFO - Setting next_dagrun for example_branch_labels to 2023-05-05T00:00:00+00:00, run_after=2023-05-06T00:00:00+00:00
[2023-05-06T23:25:04.238+0000] {processor.py:178} INFO - Processing /home/airflow/.local/lib/python3.7/site-packages/airflow/example_dags/example_branch_labels.py took 0.098 seconds
[2023-05-06T23:25:34.992+0000] {processor.py:156} INFO - Started process (PID=128) to work on /home/airflow/.local/lib/python3.7/site-packages/airflow/example_dags/example_branch_labels.py
[2023-05-06T23:25:34.992+0000] {processor.py:799} INFO - Processing file /home/airflow/.local/lib/python3.7/site-packages/airflow/example_dags/example_branch_labels.py for tasks to queue
[2023-05-06T23:25:34.993+0000] {logging_mixin.py:149} INFO - [2023-05-06T23:25:34.993+0000] {dagbag.py:541} INFO - Filling up the DagBag from /home/airflow/.local/lib/python3.7/site-packages/airflow/example_dags/example_branch_labels.py
[2023-05-06T23:25:34.999+0000] {processor.py:809} INFO - DAG(s) dict_keys(['example_branch_labels']) retrieved from /home/airflow/.local/lib/python3.7/site-packages/airflow/example_dags/example_branch_labels.py
[2023-05-06T23:25:35.019+0000] {logging_mixin.py:149} INFO - [2023-05-06T23:25:35.019+0000] {dag.py:2726} INFO - Sync 1 DAGs
[2023-05-06T23:25:35.042+0000] {logging_mixin.py:149} INFO - [2023-05-06T23:25:35.042+0000] {dag.py:3490} INFO - Setting next_dagrun for example_branch_labels to 2023-05-05T00:00:00+00:00, run_after=2023-05-06T00:00:00+00:00
[2023-05-06T23:25:35.057+0000] {processor.py:178} INFO - Processing /home/airflow/.local/lib/python3.7/site-packages/airflow/example_dags/example_branch_labels.py took 0.068 seconds
[2023-05-06T23:26:05.898+0000] {processor.py:156} INFO - Started process (PID=186) to work on /home/airflow/.local/lib/python3.7/site-packages/airflow/example_dags/example_branch_labels.py
[2023-05-06T23:26:05.898+0000] {processor.py:799} INFO - Processing file /home/airflow/.local/lib/python3.7/site-packages/airflow/example_dags/example_branch_labels.py for tasks to queue
[2023-05-06T23:26:05.899+0000] {logging_mixin.py:149} INFO - [2023-05-06T23:26:05.898+0000] {dagbag.py:541} INFO - Filling up the DagBag from /home/airflow/.local/lib/python3.7/site-packages/airflow/example_dags/example_branch_labels.py
[2023-05-06T23:26:05.904+0000] {processor.py:809} INFO - DAG(s) dict_keys(['example_branch_labels']) retrieved from /home/airflow/.local/lib/python3.7/site-packages/airflow/example_dags/example_branch_labels.py
[2023-05-06T23:26:05.924+0000] {logging_mixin.py:149} INFO - [2023-05-06T23:26:05.924+0000] {dag.py:2726} INFO - Sync 1 DAGs
[2023-05-06T23:26:05.948+0000] {logging_mixin.py:149} INFO - [2023-05-06T23:26:05.948+0000] {dag.py:3490} INFO - Setting next_dagrun for example_branch_labels to 2023-05-05T00:00:00+00:00, run_after=2023-05-06T00:00:00+00:00
[2023-05-06T23:26:05.964+0000] {processor.py:178} INFO - Processing /home/airflow/.local/lib/python3.7/site-packages/airflow/example_dags/example_branch_labels.py took 0.068 seconds
[2023-05-06T23:26:36.514+0000] {processor.py:156} INFO - Started process (PID=243) to work on /home/airflow/.local/lib/python3.7/site-packages/airflow/example_dags/example_branch_labels.py
[2023-05-06T23:26:36.514+0000] {processor.py:799} INFO - Processing file /home/airflow/.local/lib/python3.7/site-packages/airflow/example_dags/example_branch_labels.py for tasks to queue
[2023-05-06T23:26:36.515+0000] {logging_mixin.py:149} INFO - [2023-05-06T23:26:36.515+0000] {dagbag.py:541} INFO - Filling up the DagBag from /home/airflow/.local/lib/python3.7/site-packages/airflow/example_dags/example_branch_labels.py
[2023-05-06T23:26:36.520+0000] {processor.py:809} INFO - DAG(s) dict_keys(['example_branch_labels']) retrieved from /home/airflow/.local/lib/python3.7/site-packages/airflow/example_dags/example_branch_labels.py
[2023-05-06T23:26:36.544+0000] {logging_mixin.py:149} INFO - [2023-05-06T23:26:36.544+0000] {dag.py:2726} INFO - Sync 1 DAGs
[2023-05-06T23:26:36.568+0000] {logging_mixin.py:149} INFO - [2023-05-06T23:26:36.567+0000] {dag.py:3490} INFO - Setting next_dagrun for example_branch_labels to 2023-05-05T00:00:00+00:00, run_after=2023-05-06T00:00:00+00:00
[2023-05-06T23:26:36.584+0000] {processor.py:178} INFO - Processing /home/airflow/.local/lib/python3.7/site-packages/airflow/example_dags/example_branch_labels.py took 0.072 seconds
[2023-05-06T23:27:07.231+0000] {processor.py:156} INFO - Started process (PID=301) to work on /home/airflow/.local/lib/python3.7/site-packages/airflow/example_dags/example_branch_labels.py
[2023-05-06T23:27:07.231+0000] {processor.py:799} INFO - Processing file /home/airflow/.local/lib/python3.7/site-packages/airflow/example_dags/example_branch_labels.py for tasks to queue
[2023-05-06T23:27:07.232+0000] {logging_mixin.py:149} INFO - [2023-05-06T23:27:07.232+0000] {dagbag.py:541} INFO - Filling up the DagBag from /home/airflow/.local/lib/python3.7/site-packages/airflow/example_dags/example_branch_labels.py
[2023-05-06T23:27:07.238+0000] {processor.py:809} INFO - DAG(s) dict_keys(['example_branch_labels']) retrieved from /home/airflow/.local/lib/python3.7/site-packages/airflow/example_dags/example_branch_labels.py
[2023-05-06T23:27:07.257+0000] {logging_mixin.py:149} INFO - [2023-05-06T23:27:07.257+0000] {dag.py:2726} INFO - Sync 1 DAGs
[2023-05-06T23:27:07.282+0000] {logging_mixin.py:149} INFO - [2023-05-06T23:27:07.282+0000] {dag.py:3490} INFO - Setting next_dagrun for example_branch_labels to 2023-05-05T00:00:00+00:00, run_after=2023-05-06T00:00:00+00:00
[2023-05-06T23:27:07.302+0000] {processor.py:178} INFO - Processing /home/airflow/.local/lib/python3.7/site-packages/airflow/example_dags/example_branch_labels.py took 0.073 seconds
[2023-05-06T23:27:37.574+0000] {processor.py:156} INFO - Started process (PID=359) to work on /home/airflow/.local/lib/python3.7/site-packages/airflow/example_dags/example_branch_labels.py
[2023-05-06T23:27:37.575+0000] {processor.py:799} INFO - Processing file /home/airflow/.local/lib/python3.7/site-packages/airflow/example_dags/example_branch_labels.py for tasks to queue
[2023-05-06T23:27:37.575+0000] {logging_mixin.py:149} INFO - [2023-05-06T23:27:37.575+0000] {dagbag.py:541} INFO - Filling up the DagBag from /home/airflow/.local/lib/python3.7/site-packages/airflow/example_dags/example_branch_labels.py
[2023-05-06T23:27:37.581+0000] {processor.py:809} INFO - DAG(s) dict_keys(['example_branch_labels']) retrieved from /home/airflow/.local/lib/python3.7/site-packages/airflow/example_dags/example_branch_labels.py
[2023-05-06T23:27:37.602+0000] {logging_mixin.py:149} INFO - [2023-05-06T23:27:37.602+0000] {dag.py:2726} INFO - Sync 1 DAGs
[2023-05-06T23:27:37.626+0000] {logging_mixin.py:149} INFO - [2023-05-06T23:27:37.626+0000] {dag.py:3490} INFO - Setting next_dagrun for example_branch_labels to 2023-05-05T00:00:00+00:00, run_after=2023-05-06T00:00:00+00:00
[2023-05-06T23:27:37.643+0000] {processor.py:178} INFO - Processing /home/airflow/.local/lib/python3.7/site-packages/airflow/example_dags/example_branch_labels.py took 0.071 seconds
[2023-05-06T23:28:07.842+0000] {processor.py:156} INFO - Started process (PID=417) to work on /home/airflow/.local/lib/python3.7/site-packages/airflow/example_dags/example_branch_labels.py
[2023-05-06T23:28:07.842+0000] {processor.py:799} INFO - Processing file /home/airflow/.local/lib/python3.7/site-packages/airflow/example_dags/example_branch_labels.py for tasks to queue
[2023-05-06T23:28:07.843+0000] {logging_mixin.py:149} INFO - [2023-05-06T23:28:07.843+0000] {dagbag.py:541} INFO - Filling up the DagBag from /home/airflow/.local/lib/python3.7/site-packages/airflow/example_dags/example_branch_labels.py
[2023-05-06T23:28:07.849+0000] {processor.py:809} INFO - DAG(s) dict_keys(['example_branch_labels']) retrieved from /home/airflow/.local/lib/python3.7/site-packages/airflow/example_dags/example_branch_labels.py
[2023-05-06T23:28:07.869+0000] {logging_mixin.py:149} INFO - [2023-05-06T23:28:07.869+0000] {dag.py:2726} INFO - Sync 1 DAGs
[2023-05-06T23:28:07.892+0000] {logging_mixin.py:149} INFO - [2023-05-06T23:28:07.892+0000] {dag.py:3490} INFO - Setting next_dagrun for example_branch_labels to 2023-05-05T00:00:00+00:00, run_after=2023-05-06T00:00:00+00:00
[2023-05-06T23:28:07.908+0000] {processor.py:178} INFO - Processing /home/airflow/.local/lib/python3.7/site-packages/airflow/example_dags/example_branch_labels.py took 0.069 seconds
[2023-05-06T23:28:38.187+0000] {processor.py:156} INFO - Started process (PID=475) to work on /home/airflow/.local/lib/python3.7/site-packages/airflow/example_dags/example_branch_labels.py
[2023-05-06T23:28:38.188+0000] {processor.py:799} INFO - Processing file /home/airflow/.local/lib/python3.7/site-packages/airflow/example_dags/example_branch_labels.py for tasks to queue
[2023-05-06T23:28:38.189+0000] {logging_mixin.py:149} INFO - [2023-05-06T23:28:38.189+0000] {dagbag.py:541} INFO - Filling up the DagBag from /home/airflow/.local/lib/python3.7/site-packages/airflow/example_dags/example_branch_labels.py
[2023-05-06T23:28:38.195+0000] {processor.py:809} INFO - DAG(s) dict_keys(['example_branch_labels']) retrieved from /home/airflow/.local/lib/python3.7/site-packages/airflow/example_dags/example_branch_labels.py
[2023-05-06T23:28:38.215+0000] {logging_mixin.py:149} INFO - [2023-05-06T23:28:38.215+0000] {dag.py:2726} INFO - Sync 1 DAGs
[2023-05-06T23:28:38.241+0000] {logging_mixin.py:149} INFO - [2023-05-06T23:28:38.240+0000] {dag.py:3490} INFO - Setting next_dagrun for example_branch_labels to 2023-05-05T00:00:00+00:00, run_after=2023-05-06T00:00:00+00:00
[2023-05-06T23:28:38.260+0000] {processor.py:178} INFO - Processing /home/airflow/.local/lib/python3.7/site-packages/airflow/example_dags/example_branch_labels.py took 0.075 seconds
[2023-05-06T23:29:08.698+0000] {processor.py:156} INFO - Started process (PID=534) to work on /home/airflow/.local/lib/python3.7/site-packages/airflow/example_dags/example_branch_labels.py
[2023-05-06T23:29:08.699+0000] {processor.py:799} INFO - Processing file /home/airflow/.local/lib/python3.7/site-packages/airflow/example_dags/example_branch_labels.py for tasks to queue
[2023-05-06T23:29:08.699+0000] {logging_mixin.py:149} INFO - [2023-05-06T23:29:08.699+0000] {dagbag.py:541} INFO - Filling up the DagBag from /home/airflow/.local/lib/python3.7/site-packages/airflow/example_dags/example_branch_labels.py
[2023-05-06T23:29:08.705+0000] {processor.py:809} INFO - DAG(s) dict_keys(['example_branch_labels']) retrieved from /home/airflow/.local/lib/python3.7/site-packages/airflow/example_dags/example_branch_labels.py
[2023-05-06T23:29:08.726+0000] {logging_mixin.py:149} INFO - [2023-05-06T23:29:08.726+0000] {dag.py:2726} INFO - Sync 1 DAGs
[2023-05-06T23:29:08.752+0000] {logging_mixin.py:149} INFO - [2023-05-06T23:29:08.752+0000] {dag.py:3490} INFO - Setting next_dagrun for example_branch_labels to 2023-05-05T00:00:00+00:00, run_after=2023-05-06T00:00:00+00:00
[2023-05-06T23:29:08.771+0000] {processor.py:178} INFO - Processing /home/airflow/.local/lib/python3.7/site-packages/airflow/example_dags/example_branch_labels.py took 0.076 seconds
[2023-05-06T23:29:39.265+0000] {processor.py:156} INFO - Started process (PID=592) to work on /home/airflow/.local/lib/python3.7/site-packages/airflow/example_dags/example_branch_labels.py
[2023-05-06T23:29:39.266+0000] {processor.py:799} INFO - Processing file /home/airflow/.local/lib/python3.7/site-packages/airflow/example_dags/example_branch_labels.py for tasks to queue
[2023-05-06T23:29:39.266+0000] {logging_mixin.py:149} INFO - [2023-05-06T23:29:39.266+0000] {dagbag.py:541} INFO - Filling up the DagBag from /home/airflow/.local/lib/python3.7/site-packages/airflow/example_dags/example_branch_labels.py
[2023-05-06T23:29:39.273+0000] {processor.py:809} INFO - DAG(s) dict_keys(['example_branch_labels']) retrieved from /home/airflow/.local/lib/python3.7/site-packages/airflow/example_dags/example_branch_labels.py
[2023-05-06T23:29:39.297+0000] {logging_mixin.py:149} INFO - [2023-05-06T23:29:39.296+0000] {dag.py:2726} INFO - Sync 1 DAGs
[2023-05-06T23:29:39.321+0000] {logging_mixin.py:149} INFO - [2023-05-06T23:29:39.321+0000] {dag.py:3490} INFO - Setting next_dagrun for example_branch_labels to 2023-05-05T00:00:00+00:00, run_after=2023-05-06T00:00:00+00:00
[2023-05-06T23:29:39.342+0000] {processor.py:178} INFO - Processing /home/airflow/.local/lib/python3.7/site-packages/airflow/example_dags/example_branch_labels.py took 0.079 seconds
[2023-05-06T23:30:09.796+0000] {processor.py:156} INFO - Started process (PID=650) to work on /home/airflow/.local/lib/python3.7/site-packages/airflow/example_dags/example_branch_labels.py
[2023-05-06T23:30:09.797+0000] {processor.py:799} INFO - Processing file /home/airflow/.local/lib/python3.7/site-packages/airflow/example_dags/example_branch_labels.py for tasks to queue
[2023-05-06T23:30:09.798+0000] {logging_mixin.py:149} INFO - [2023-05-06T23:30:09.797+0000] {dagbag.py:541} INFO - Filling up the DagBag from /home/airflow/.local/lib/python3.7/site-packages/airflow/example_dags/example_branch_labels.py
[2023-05-06T23:30:09.809+0000] {processor.py:809} INFO - DAG(s) dict_keys(['example_branch_labels']) retrieved from /home/airflow/.local/lib/python3.7/site-packages/airflow/example_dags/example_branch_labels.py
[2023-05-06T23:30:09.830+0000] {logging_mixin.py:149} INFO - [2023-05-06T23:30:09.830+0000] {dag.py:2726} INFO - Sync 1 DAGs
[2023-05-06T23:30:09.855+0000] {logging_mixin.py:149} INFO - [2023-05-06T23:30:09.854+0000] {dag.py:3490} INFO - Setting next_dagrun for example_branch_labels to 2023-05-05T00:00:00+00:00, run_after=2023-05-06T00:00:00+00:00
[2023-05-06T23:30:09.873+0000] {processor.py:178} INFO - Processing /home/airflow/.local/lib/python3.7/site-packages/airflow/example_dags/example_branch_labels.py took 0.082 seconds
[2023-05-06T23:30:40.019+0000] {processor.py:156} INFO - Started process (PID=708) to work on /home/airflow/.local/lib/python3.7/site-packages/airflow/example_dags/example_branch_labels.py
[2023-05-06T23:30:40.019+0000] {processor.py:799} INFO - Processing file /home/airflow/.local/lib/python3.7/site-packages/airflow/example_dags/example_branch_labels.py for tasks to queue
[2023-05-06T23:30:40.020+0000] {logging_mixin.py:149} INFO - [2023-05-06T23:30:40.020+0000] {dagbag.py:541} INFO - Filling up the DagBag from /home/airflow/.local/lib/python3.7/site-packages/airflow/example_dags/example_branch_labels.py
[2023-05-06T23:30:40.026+0000] {processor.py:809} INFO - DAG(s) dict_keys(['example_branch_labels']) retrieved from /home/airflow/.local/lib/python3.7/site-packages/airflow/example_dags/example_branch_labels.py
[2023-05-06T23:30:40.049+0000] {logging_mixin.py:149} INFO - [2023-05-06T23:30:40.049+0000] {dag.py:2726} INFO - Sync 1 DAGs
[2023-05-06T23:30:40.077+0000] {logging_mixin.py:149} INFO - [2023-05-06T23:30:40.076+0000] {dag.py:3490} INFO - Setting next_dagrun for example_branch_labels to 2023-05-05T00:00:00+00:00, run_after=2023-05-06T00:00:00+00:00
[2023-05-06T23:30:40.098+0000] {processor.py:178} INFO - Processing /home/airflow/.local/lib/python3.7/site-packages/airflow/example_dags/example_branch_labels.py took 0.082 seconds
[2023-05-06T23:31:10.565+0000] {processor.py:156} INFO - Started process (PID=765) to work on /home/airflow/.local/lib/python3.7/site-packages/airflow/example_dags/example_branch_labels.py
[2023-05-06T23:31:10.565+0000] {processor.py:799} INFO - Processing file /home/airflow/.local/lib/python3.7/site-packages/airflow/example_dags/example_branch_labels.py for tasks to queue
[2023-05-06T23:31:10.566+0000] {logging_mixin.py:149} INFO - [2023-05-06T23:31:10.566+0000] {dagbag.py:541} INFO - Filling up the DagBag from /home/airflow/.local/lib/python3.7/site-packages/airflow/example_dags/example_branch_labels.py
[2023-05-06T23:31:10.572+0000] {processor.py:809} INFO - DAG(s) dict_keys(['example_branch_labels']) retrieved from /home/airflow/.local/lib/python3.7/site-packages/airflow/example_dags/example_branch_labels.py
[2023-05-06T23:31:10.595+0000] {logging_mixin.py:149} INFO - [2023-05-06T23:31:10.595+0000] {dag.py:2726} INFO - Sync 1 DAGs
[2023-05-06T23:31:10.619+0000] {logging_mixin.py:149} INFO - [2023-05-06T23:31:10.619+0000] {dag.py:3490} INFO - Setting next_dagrun for example_branch_labels to 2023-05-05T00:00:00+00:00, run_after=2023-05-06T00:00:00+00:00
[2023-05-06T23:31:10.634+0000] {processor.py:178} INFO - Processing /home/airflow/.local/lib/python3.7/site-packages/airflow/example_dags/example_branch_labels.py took 0.071 seconds
[2023-05-06T23:31:40.955+0000] {processor.py:156} INFO - Started process (PID=823) to work on /home/airflow/.local/lib/python3.7/site-packages/airflow/example_dags/example_branch_labels.py
[2023-05-06T23:31:40.956+0000] {processor.py:799} INFO - Processing file /home/airflow/.local/lib/python3.7/site-packages/airflow/example_dags/example_branch_labels.py for tasks to queue
[2023-05-06T23:31:40.956+0000] {logging_mixin.py:149} INFO - [2023-05-06T23:31:40.956+0000] {dagbag.py:541} INFO - Filling up the DagBag from /home/airflow/.local/lib/python3.7/site-packages/airflow/example_dags/example_branch_labels.py
[2023-05-06T23:31:40.963+0000] {processor.py:809} INFO - DAG(s) dict_keys(['example_branch_labels']) retrieved from /home/airflow/.local/lib/python3.7/site-packages/airflow/example_dags/example_branch_labels.py
[2023-05-06T23:31:40.983+0000] {logging_mixin.py:149} INFO - [2023-05-06T23:31:40.982+0000] {dag.py:2726} INFO - Sync 1 DAGs
[2023-05-06T23:31:41.006+0000] {logging_mixin.py:149} INFO - [2023-05-06T23:31:41.006+0000] {dag.py:3490} INFO - Setting next_dagrun for example_branch_labels to 2023-05-05T00:00:00+00:00, run_after=2023-05-06T00:00:00+00:00
[2023-05-06T23:31:41.023+0000] {processor.py:178} INFO - Processing /home/airflow/.local/lib/python3.7/site-packages/airflow/example_dags/example_branch_labels.py took 0.071 seconds
[2023-05-06T23:32:11.483+0000] {processor.py:156} INFO - Started process (PID=881) to work on /home/airflow/.local/lib/python3.7/site-packages/airflow/example_dags/example_branch_labels.py
[2023-05-06T23:32:11.483+0000] {processor.py:799} INFO - Processing file /home/airflow/.local/lib/python3.7/site-packages/airflow/example_dags/example_branch_labels.py for tasks to queue
[2023-05-06T23:32:11.484+0000] {logging_mixin.py:149} INFO - [2023-05-06T23:32:11.484+0000] {dagbag.py:541} INFO - Filling up the DagBag from /home/airflow/.local/lib/python3.7/site-packages/airflow/example_dags/example_branch_labels.py
[2023-05-06T23:32:11.491+0000] {processor.py:809} INFO - DAG(s) dict_keys(['example_branch_labels']) retrieved from /home/airflow/.local/lib/python3.7/site-packages/airflow/example_dags/example_branch_labels.py
[2023-05-06T23:32:11.511+0000] {logging_mixin.py:149} INFO - [2023-05-06T23:32:11.511+0000] {dag.py:2726} INFO - Sync 1 DAGs
[2023-05-06T23:32:11.536+0000] {logging_mixin.py:149} INFO - [2023-05-06T23:32:11.535+0000] {dag.py:3490} INFO - Setting next_dagrun for example_branch_labels to 2023-05-05T00:00:00+00:00, run_after=2023-05-06T00:00:00+00:00
[2023-05-06T23:32:11.556+0000] {processor.py:178} INFO - Processing /home/airflow/.local/lib/python3.7/site-packages/airflow/example_dags/example_branch_labels.py took 0.075 seconds
[2023-05-06T23:32:41.789+0000] {processor.py:156} INFO - Started process (PID=939) to work on /home/airflow/.local/lib/python3.7/site-packages/airflow/example_dags/example_branch_labels.py
[2023-05-06T23:32:41.789+0000] {processor.py:799} INFO - Processing file /home/airflow/.local/lib/python3.7/site-packages/airflow/example_dags/example_branch_labels.py for tasks to queue
[2023-05-06T23:32:41.790+0000] {logging_mixin.py:149} INFO - [2023-05-06T23:32:41.790+0000] {dagbag.py:541} INFO - Filling up the DagBag from /home/airflow/.local/lib/python3.7/site-packages/airflow/example_dags/example_branch_labels.py
[2023-05-06T23:32:41.796+0000] {processor.py:809} INFO - DAG(s) dict_keys(['example_branch_labels']) retrieved from /home/airflow/.local/lib/python3.7/site-packages/airflow/example_dags/example_branch_labels.py
[2023-05-06T23:32:41.816+0000] {logging_mixin.py:149} INFO - [2023-05-06T23:32:41.816+0000] {dag.py:2726} INFO - Sync 1 DAGs
[2023-05-06T23:32:41.841+0000] {logging_mixin.py:149} INFO - [2023-05-06T23:32:41.841+0000] {dag.py:3490} INFO - Setting next_dagrun for example_branch_labels to 2023-05-05T00:00:00+00:00, run_after=2023-05-06T00:00:00+00:00
[2023-05-06T23:32:41.862+0000] {processor.py:178} INFO - Processing /home/airflow/.local/lib/python3.7/site-packages/airflow/example_dags/example_branch_labels.py took 0.076 seconds
[2023-05-06T23:33:12.278+0000] {processor.py:156} INFO - Started process (PID=997) to work on /home/airflow/.local/lib/python3.7/site-packages/airflow/example_dags/example_branch_labels.py
[2023-05-06T23:33:12.279+0000] {processor.py:799} INFO - Processing file /home/airflow/.local/lib/python3.7/site-packages/airflow/example_dags/example_branch_labels.py for tasks to queue
[2023-05-06T23:33:12.279+0000] {logging_mixin.py:149} INFO - [2023-05-06T23:33:12.279+0000] {dagbag.py:541} INFO - Filling up the DagBag from /home/airflow/.local/lib/python3.7/site-packages/airflow/example_dags/example_branch_labels.py
[2023-05-06T23:33:12.285+0000] {processor.py:809} INFO - DAG(s) dict_keys(['example_branch_labels']) retrieved from /home/airflow/.local/lib/python3.7/site-packages/airflow/example_dags/example_branch_labels.py
[2023-05-06T23:33:12.309+0000] {logging_mixin.py:149} INFO - [2023-05-06T23:33:12.309+0000] {dag.py:2726} INFO - Sync 1 DAGs
[2023-05-06T23:33:12.333+0000] {logging_mixin.py:149} INFO - [2023-05-06T23:33:12.333+0000] {dag.py:3490} INFO - Setting next_dagrun for example_branch_labels to 2023-05-05T00:00:00+00:00, run_after=2023-05-06T00:00:00+00:00
[2023-05-06T23:33:12.350+0000] {processor.py:178} INFO - Processing /home/airflow/.local/lib/python3.7/site-packages/airflow/example_dags/example_branch_labels.py took 0.075 seconds
[2023-05-06T23:33:42.576+0000] {processor.py:156} INFO - Started process (PID=1056) to work on /home/airflow/.local/lib/python3.7/site-packages/airflow/example_dags/example_branch_labels.py
[2023-05-06T23:33:42.577+0000] {processor.py:799} INFO - Processing file /home/airflow/.local/lib/python3.7/site-packages/airflow/example_dags/example_branch_labels.py for tasks to queue
[2023-05-06T23:33:42.577+0000] {logging_mixin.py:149} INFO - [2023-05-06T23:33:42.577+0000] {dagbag.py:541} INFO - Filling up the DagBag from /home/airflow/.local/lib/python3.7/site-packages/airflow/example_dags/example_branch_labels.py
[2023-05-06T23:33:42.583+0000] {processor.py:809} INFO - DAG(s) dict_keys(['example_branch_labels']) retrieved from /home/airflow/.local/lib/python3.7/site-packages/airflow/example_dags/example_branch_labels.py
[2023-05-06T23:33:42.605+0000] {logging_mixin.py:149} INFO - [2023-05-06T23:33:42.605+0000] {dag.py:2726} INFO - Sync 1 DAGs
[2023-05-06T23:33:42.633+0000] {logging_mixin.py:149} INFO - [2023-05-06T23:33:42.632+0000] {dag.py:3490} INFO - Setting next_dagrun for example_branch_labels to 2023-05-05T00:00:00+00:00, run_after=2023-05-06T00:00:00+00:00
[2023-05-06T23:33:42.652+0000] {processor.py:178} INFO - Processing /home/airflow/.local/lib/python3.7/site-packages/airflow/example_dags/example_branch_labels.py took 0.078 seconds
[2023-05-06T23:34:13.123+0000] {processor.py:156} INFO - Started process (PID=1114) to work on /home/airflow/.local/lib/python3.7/site-packages/airflow/example_dags/example_branch_labels.py
[2023-05-06T23:34:13.124+0000] {processor.py:799} INFO - Processing file /home/airflow/.local/lib/python3.7/site-packages/airflow/example_dags/example_branch_labels.py for tasks to queue
[2023-05-06T23:34:13.124+0000] {logging_mixin.py:149} INFO - [2023-05-06T23:34:13.124+0000] {dagbag.py:541} INFO - Filling up the DagBag from /home/airflow/.local/lib/python3.7/site-packages/airflow/example_dags/example_branch_labels.py
[2023-05-06T23:34:13.130+0000] {processor.py:809} INFO - DAG(s) dict_keys(['example_branch_labels']) retrieved from /home/airflow/.local/lib/python3.7/site-packages/airflow/example_dags/example_branch_labels.py
[2023-05-06T23:34:13.150+0000] {logging_mixin.py:149} INFO - [2023-05-06T23:34:13.150+0000] {dag.py:2726} INFO - Sync 1 DAGs
[2023-05-06T23:34:13.175+0000] {logging_mixin.py:149} INFO - [2023-05-06T23:34:13.175+0000] {dag.py:3490} INFO - Setting next_dagrun for example_branch_labels to 2023-05-05T00:00:00+00:00, run_after=2023-05-06T00:00:00+00:00
[2023-05-06T23:34:13.194+0000] {processor.py:178} INFO - Processing /home/airflow/.local/lib/python3.7/site-packages/airflow/example_dags/example_branch_labels.py took 0.073 seconds
[2023-05-06T23:34:43.526+0000] {processor.py:156} INFO - Started process (PID=1172) to work on /home/airflow/.local/lib/python3.7/site-packages/airflow/example_dags/example_branch_labels.py
[2023-05-06T23:34:43.527+0000] {processor.py:799} INFO - Processing file /home/airflow/.local/lib/python3.7/site-packages/airflow/example_dags/example_branch_labels.py for tasks to queue
[2023-05-06T23:34:43.528+0000] {logging_mixin.py:149} INFO - [2023-05-06T23:34:43.528+0000] {dagbag.py:541} INFO - Filling up the DagBag from /home/airflow/.local/lib/python3.7/site-packages/airflow/example_dags/example_branch_labels.py
[2023-05-06T23:34:43.541+0000] {processor.py:809} INFO - DAG(s) dict_keys(['example_branch_labels']) retrieved from /home/airflow/.local/lib/python3.7/site-packages/airflow/example_dags/example_branch_labels.py
[2023-05-06T23:34:43.564+0000] {logging_mixin.py:149} INFO - [2023-05-06T23:34:43.564+0000] {dag.py:2726} INFO - Sync 1 DAGs
[2023-05-06T23:34:43.588+0000] {logging_mixin.py:149} INFO - [2023-05-06T23:34:43.588+0000] {dag.py:3490} INFO - Setting next_dagrun for example_branch_labels to 2023-05-05T00:00:00+00:00, run_after=2023-05-06T00:00:00+00:00
[2023-05-06T23:34:43.604+0000] {processor.py:178} INFO - Processing /home/airflow/.local/lib/python3.7/site-packages/airflow/example_dags/example_branch_labels.py took 0.083 seconds
[2023-05-06T23:35:14.037+0000] {processor.py:156} INFO - Started process (PID=1230) to work on /home/airflow/.local/lib/python3.7/site-packages/airflow/example_dags/example_branch_labels.py
[2023-05-06T23:35:14.037+0000] {processor.py:799} INFO - Processing file /home/airflow/.local/lib/python3.7/site-packages/airflow/example_dags/example_branch_labels.py for tasks to queue
[2023-05-06T23:35:14.038+0000] {logging_mixin.py:149} INFO - [2023-05-06T23:35:14.038+0000] {dagbag.py:541} INFO - Filling up the DagBag from /home/airflow/.local/lib/python3.7/site-packages/airflow/example_dags/example_branch_labels.py
[2023-05-06T23:35:14.043+0000] {processor.py:809} INFO - DAG(s) dict_keys(['example_branch_labels']) retrieved from /home/airflow/.local/lib/python3.7/site-packages/airflow/example_dags/example_branch_labels.py
[2023-05-06T23:35:14.063+0000] {logging_mixin.py:149} INFO - [2023-05-06T23:35:14.063+0000] {dag.py:2726} INFO - Sync 1 DAGs
[2023-05-06T23:35:14.087+0000] {logging_mixin.py:149} INFO - [2023-05-06T23:35:14.087+0000] {dag.py:3490} INFO - Setting next_dagrun for example_branch_labels to 2023-05-05T00:00:00+00:00, run_after=2023-05-06T00:00:00+00:00
[2023-05-06T23:35:14.104+0000] {processor.py:178} INFO - Processing /home/airflow/.local/lib/python3.7/site-packages/airflow/example_dags/example_branch_labels.py took 0.070 seconds
[2023-05-06T23:35:44.596+0000] {processor.py:156} INFO - Started process (PID=1288) to work on /home/airflow/.local/lib/python3.7/site-packages/airflow/example_dags/example_branch_labels.py
[2023-05-06T23:35:44.597+0000] {processor.py:799} INFO - Processing file /home/airflow/.local/lib/python3.7/site-packages/airflow/example_dags/example_branch_labels.py for tasks to queue
[2023-05-06T23:35:44.597+0000] {logging_mixin.py:149} INFO - [2023-05-06T23:35:44.597+0000] {dagbag.py:541} INFO - Filling up the DagBag from /home/airflow/.local/lib/python3.7/site-packages/airflow/example_dags/example_branch_labels.py
[2023-05-06T23:35:44.603+0000] {processor.py:809} INFO - DAG(s) dict_keys(['example_branch_labels']) retrieved from /home/airflow/.local/lib/python3.7/site-packages/airflow/example_dags/example_branch_labels.py
[2023-05-06T23:35:44.623+0000] {logging_mixin.py:149} INFO - [2023-05-06T23:35:44.623+0000] {dag.py:2726} INFO - Sync 1 DAGs
[2023-05-06T23:35:44.647+0000] {logging_mixin.py:149} INFO - [2023-05-06T23:35:44.647+0000] {dag.py:3490} INFO - Setting next_dagrun for example_branch_labels to 2023-05-05T00:00:00+00:00, run_after=2023-05-06T00:00:00+00:00
[2023-05-06T23:35:44.665+0000] {processor.py:178} INFO - Processing /home/airflow/.local/lib/python3.7/site-packages/airflow/example_dags/example_branch_labels.py took 0.071 seconds
[2023-05-06T23:36:14.929+0000] {processor.py:156} INFO - Started process (PID=1346) to work on /home/airflow/.local/lib/python3.7/site-packages/airflow/example_dags/example_branch_labels.py
[2023-05-06T23:36:14.930+0000] {processor.py:799} INFO - Processing file /home/airflow/.local/lib/python3.7/site-packages/airflow/example_dags/example_branch_labels.py for tasks to queue
[2023-05-06T23:36:14.930+0000] {logging_mixin.py:149} INFO - [2023-05-06T23:36:14.930+0000] {dagbag.py:541} INFO - Filling up the DagBag from /home/airflow/.local/lib/python3.7/site-packages/airflow/example_dags/example_branch_labels.py
[2023-05-06T23:36:14.936+0000] {processor.py:809} INFO - DAG(s) dict_keys(['example_branch_labels']) retrieved from /home/airflow/.local/lib/python3.7/site-packages/airflow/example_dags/example_branch_labels.py
[2023-05-06T23:36:14.958+0000] {logging_mixin.py:149} INFO - [2023-05-06T23:36:14.958+0000] {dag.py:2726} INFO - Sync 1 DAGs
[2023-05-06T23:36:14.981+0000] {logging_mixin.py:149} INFO - [2023-05-06T23:36:14.981+0000] {dag.py:3490} INFO - Setting next_dagrun for example_branch_labels to 2023-05-05T00:00:00+00:00, run_after=2023-05-06T00:00:00+00:00
[2023-05-06T23:36:14.998+0000] {processor.py:178} INFO - Processing /home/airflow/.local/lib/python3.7/site-packages/airflow/example_dags/example_branch_labels.py took 0.071 seconds
[2023-05-06T23:36:45.654+0000] {processor.py:156} INFO - Started process (PID=1404) to work on /home/airflow/.local/lib/python3.7/site-packages/airflow/example_dags/example_branch_labels.py
[2023-05-06T23:36:45.655+0000] {processor.py:799} INFO - Processing file /home/airflow/.local/lib/python3.7/site-packages/airflow/example_dags/example_branch_labels.py for tasks to queue
[2023-05-06T23:36:45.655+0000] {logging_mixin.py:149} INFO - [2023-05-06T23:36:45.655+0000] {dagbag.py:541} INFO - Filling up the DagBag from /home/airflow/.local/lib/python3.7/site-packages/airflow/example_dags/example_branch_labels.py
[2023-05-06T23:36:45.661+0000] {processor.py:809} INFO - DAG(s) dict_keys(['example_branch_labels']) retrieved from /home/airflow/.local/lib/python3.7/site-packages/airflow/example_dags/example_branch_labels.py
[2023-05-06T23:36:45.683+0000] {logging_mixin.py:149} INFO - [2023-05-06T23:36:45.683+0000] {dag.py:2726} INFO - Sync 1 DAGs
[2023-05-06T23:36:45.708+0000] {logging_mixin.py:149} INFO - [2023-05-06T23:36:45.708+0000] {dag.py:3490} INFO - Setting next_dagrun for example_branch_labels to 2023-05-05T00:00:00+00:00, run_after=2023-05-06T00:00:00+00:00
[2023-05-06T23:36:45.724+0000] {processor.py:178} INFO - Processing /home/airflow/.local/lib/python3.7/site-packages/airflow/example_dags/example_branch_labels.py took 0.072 seconds
[2023-05-06T23:37:16.106+0000] {processor.py:156} INFO - Started process (PID=1462) to work on /home/airflow/.local/lib/python3.7/site-packages/airflow/example_dags/example_branch_labels.py
[2023-05-06T23:37:16.107+0000] {processor.py:799} INFO - Processing file /home/airflow/.local/lib/python3.7/site-packages/airflow/example_dags/example_branch_labels.py for tasks to queue
[2023-05-06T23:37:16.107+0000] {logging_mixin.py:149} INFO - [2023-05-06T23:37:16.107+0000] {dagbag.py:541} INFO - Filling up the DagBag from /home/airflow/.local/lib/python3.7/site-packages/airflow/example_dags/example_branch_labels.py
[2023-05-06T23:37:16.113+0000] {processor.py:809} INFO - DAG(s) dict_keys(['example_branch_labels']) retrieved from /home/airflow/.local/lib/python3.7/site-packages/airflow/example_dags/example_branch_labels.py
[2023-05-06T23:37:16.132+0000] {logging_mixin.py:149} INFO - [2023-05-06T23:37:16.131+0000] {dag.py:2726} INFO - Sync 1 DAGs
[2023-05-06T23:37:16.155+0000] {logging_mixin.py:149} INFO - [2023-05-06T23:37:16.155+0000] {dag.py:3490} INFO - Setting next_dagrun for example_branch_labels to 2023-05-05T00:00:00+00:00, run_after=2023-05-06T00:00:00+00:00
[2023-05-06T23:37:16.176+0000] {processor.py:178} INFO - Processing /home/airflow/.local/lib/python3.7/site-packages/airflow/example_dags/example_branch_labels.py took 0.072 seconds
[2023-05-06T23:37:46.651+0000] {processor.py:156} INFO - Started process (PID=1519) to work on /home/airflow/.local/lib/python3.7/site-packages/airflow/example_dags/example_branch_labels.py
[2023-05-06T23:37:46.652+0000] {processor.py:799} INFO - Processing file /home/airflow/.local/lib/python3.7/site-packages/airflow/example_dags/example_branch_labels.py for tasks to queue
[2023-05-06T23:37:46.653+0000] {logging_mixin.py:149} INFO - [2023-05-06T23:37:46.653+0000] {dagbag.py:541} INFO - Filling up the DagBag from /home/airflow/.local/lib/python3.7/site-packages/airflow/example_dags/example_branch_labels.py
[2023-05-06T23:37:46.666+0000] {processor.py:809} INFO - DAG(s) dict_keys(['example_branch_labels']) retrieved from /home/airflow/.local/lib/python3.7/site-packages/airflow/example_dags/example_branch_labels.py
[2023-05-06T23:37:46.691+0000] {logging_mixin.py:149} INFO - [2023-05-06T23:37:46.691+0000] {dag.py:2726} INFO - Sync 1 DAGs
[2023-05-06T23:37:46.716+0000] {logging_mixin.py:149} INFO - [2023-05-06T23:37:46.716+0000] {dag.py:3490} INFO - Setting next_dagrun for example_branch_labels to 2023-05-05T00:00:00+00:00, run_after=2023-05-06T00:00:00+00:00
[2023-05-06T23:37:46.731+0000] {processor.py:178} INFO - Processing /home/airflow/.local/lib/python3.7/site-packages/airflow/example_dags/example_branch_labels.py took 0.085 seconds
[2023-05-06T23:38:17.796+0000] {processor.py:156} INFO - Started process (PID=1578) to work on /home/airflow/.local/lib/python3.7/site-packages/airflow/example_dags/example_branch_labels.py
[2023-05-06T23:38:17.797+0000] {processor.py:799} INFO - Processing file /home/airflow/.local/lib/python3.7/site-packages/airflow/example_dags/example_branch_labels.py for tasks to queue
[2023-05-06T23:38:17.798+0000] {logging_mixin.py:149} INFO - [2023-05-06T23:38:17.798+0000] {dagbag.py:541} INFO - Filling up the DagBag from /home/airflow/.local/lib/python3.7/site-packages/airflow/example_dags/example_branch_labels.py
[2023-05-06T23:38:17.811+0000] {processor.py:809} INFO - DAG(s) dict_keys(['example_branch_labels']) retrieved from /home/airflow/.local/lib/python3.7/site-packages/airflow/example_dags/example_branch_labels.py
[2023-05-06T23:38:17.844+0000] {logging_mixin.py:149} INFO - [2023-05-06T23:38:17.844+0000] {dag.py:2726} INFO - Sync 1 DAGs
[2023-05-06T23:38:17.873+0000] {logging_mixin.py:149} INFO - [2023-05-06T23:38:17.873+0000] {dag.py:3490} INFO - Setting next_dagrun for example_branch_labels to 2023-05-05T00:00:00+00:00, run_after=2023-05-06T00:00:00+00:00
[2023-05-06T23:38:17.889+0000] {processor.py:178} INFO - Processing /home/airflow/.local/lib/python3.7/site-packages/airflow/example_dags/example_branch_labels.py took 0.097 seconds
[2023-05-06T23:38:48.811+0000] {processor.py:156} INFO - Started process (PID=1636) to work on /home/airflow/.local/lib/python3.7/site-packages/airflow/example_dags/example_branch_labels.py
[2023-05-06T23:38:48.812+0000] {processor.py:799} INFO - Processing file /home/airflow/.local/lib/python3.7/site-packages/airflow/example_dags/example_branch_labels.py for tasks to queue
[2023-05-06T23:38:48.812+0000] {logging_mixin.py:149} INFO - [2023-05-06T23:38:48.812+0000] {dagbag.py:541} INFO - Filling up the DagBag from /home/airflow/.local/lib/python3.7/site-packages/airflow/example_dags/example_branch_labels.py
[2023-05-06T23:38:48.818+0000] {processor.py:809} INFO - DAG(s) dict_keys(['example_branch_labels']) retrieved from /home/airflow/.local/lib/python3.7/site-packages/airflow/example_dags/example_branch_labels.py
[2023-05-06T23:38:48.852+0000] {logging_mixin.py:149} INFO - [2023-05-06T23:38:48.851+0000] {dag.py:2726} INFO - Sync 1 DAGs
[2023-05-06T23:38:48.883+0000] {logging_mixin.py:149} INFO - [2023-05-06T23:38:48.883+0000] {dag.py:3490} INFO - Setting next_dagrun for example_branch_labels to 2023-05-05T00:00:00+00:00, run_after=2023-05-06T00:00:00+00:00
[2023-05-06T23:38:48.900+0000] {processor.py:178} INFO - Processing /home/airflow/.local/lib/python3.7/site-packages/airflow/example_dags/example_branch_labels.py took 0.091 seconds
[2023-05-06T23:39:19.554+0000] {processor.py:156} INFO - Started process (PID=1694) to work on /home/airflow/.local/lib/python3.7/site-packages/airflow/example_dags/example_branch_labels.py
[2023-05-06T23:39:19.555+0000] {processor.py:799} INFO - Processing file /home/airflow/.local/lib/python3.7/site-packages/airflow/example_dags/example_branch_labels.py for tasks to queue
[2023-05-06T23:39:19.555+0000] {logging_mixin.py:149} INFO - [2023-05-06T23:39:19.555+0000] {dagbag.py:541} INFO - Filling up the DagBag from /home/airflow/.local/lib/python3.7/site-packages/airflow/example_dags/example_branch_labels.py
[2023-05-06T23:39:19.560+0000] {processor.py:809} INFO - DAG(s) dict_keys(['example_branch_labels']) retrieved from /home/airflow/.local/lib/python3.7/site-packages/airflow/example_dags/example_branch_labels.py
[2023-05-06T23:39:19.580+0000] {logging_mixin.py:149} INFO - [2023-05-06T23:39:19.580+0000] {dag.py:2726} INFO - Sync 1 DAGs
[2023-05-06T23:39:19.605+0000] {logging_mixin.py:149} INFO - [2023-05-06T23:39:19.604+0000] {dag.py:3490} INFO - Setting next_dagrun for example_branch_labels to 2023-05-05T00:00:00+00:00, run_after=2023-05-06T00:00:00+00:00
[2023-05-06T23:39:19.622+0000] {processor.py:178} INFO - Processing /home/airflow/.local/lib/python3.7/site-packages/airflow/example_dags/example_branch_labels.py took 0.069 seconds
[2023-05-06T23:39:49.858+0000] {processor.py:156} INFO - Started process (PID=1753) to work on /home/airflow/.local/lib/python3.7/site-packages/airflow/example_dags/example_branch_labels.py
[2023-05-06T23:39:49.858+0000] {processor.py:799} INFO - Processing file /home/airflow/.local/lib/python3.7/site-packages/airflow/example_dags/example_branch_labels.py for tasks to queue
[2023-05-06T23:39:49.859+0000] {logging_mixin.py:149} INFO - [2023-05-06T23:39:49.859+0000] {dagbag.py:541} INFO - Filling up the DagBag from /home/airflow/.local/lib/python3.7/site-packages/airflow/example_dags/example_branch_labels.py
[2023-05-06T23:39:49.864+0000] {processor.py:809} INFO - DAG(s) dict_keys(['example_branch_labels']) retrieved from /home/airflow/.local/lib/python3.7/site-packages/airflow/example_dags/example_branch_labels.py
[2023-05-06T23:39:49.884+0000] {logging_mixin.py:149} INFO - [2023-05-06T23:39:49.884+0000] {dag.py:2726} INFO - Sync 1 DAGs
[2023-05-06T23:39:49.909+0000] {logging_mixin.py:149} INFO - [2023-05-06T23:39:49.909+0000] {dag.py:3490} INFO - Setting next_dagrun for example_branch_labels to 2023-05-05T00:00:00+00:00, run_after=2023-05-06T00:00:00+00:00
[2023-05-06T23:39:49.929+0000] {processor.py:178} INFO - Processing /home/airflow/.local/lib/python3.7/site-packages/airflow/example_dags/example_branch_labels.py took 0.075 seconds
[2023-05-06T23:40:20.212+0000] {processor.py:156} INFO - Started process (PID=1811) to work on /home/airflow/.local/lib/python3.7/site-packages/airflow/example_dags/example_branch_labels.py
[2023-05-06T23:40:20.213+0000] {processor.py:799} INFO - Processing file /home/airflow/.local/lib/python3.7/site-packages/airflow/example_dags/example_branch_labels.py for tasks to queue
[2023-05-06T23:40:20.214+0000] {logging_mixin.py:149} INFO - [2023-05-06T23:40:20.213+0000] {dagbag.py:541} INFO - Filling up the DagBag from /home/airflow/.local/lib/python3.7/site-packages/airflow/example_dags/example_branch_labels.py
[2023-05-06T23:40:20.225+0000] {processor.py:809} INFO - DAG(s) dict_keys(['example_branch_labels']) retrieved from /home/airflow/.local/lib/python3.7/site-packages/airflow/example_dags/example_branch_labels.py
[2023-05-06T23:40:20.258+0000] {logging_mixin.py:149} INFO - [2023-05-06T23:40:20.257+0000] {dag.py:2726} INFO - Sync 1 DAGs
[2023-05-06T23:40:20.283+0000] {logging_mixin.py:149} INFO - [2023-05-06T23:40:20.282+0000] {dag.py:3490} INFO - Setting next_dagrun for example_branch_labels to 2023-05-05T00:00:00+00:00, run_after=2023-05-06T00:00:00+00:00
[2023-05-06T23:40:20.299+0000] {processor.py:178} INFO - Processing /home/airflow/.local/lib/python3.7/site-packages/airflow/example_dags/example_branch_labels.py took 0.091 seconds
[2023-05-06T23:40:50.559+0000] {processor.py:156} INFO - Started process (PID=1870) to work on /home/airflow/.local/lib/python3.7/site-packages/airflow/example_dags/example_branch_labels.py
[2023-05-06T23:40:50.560+0000] {processor.py:799} INFO - Processing file /home/airflow/.local/lib/python3.7/site-packages/airflow/example_dags/example_branch_labels.py for tasks to queue
[2023-05-06T23:40:50.560+0000] {logging_mixin.py:149} INFO - [2023-05-06T23:40:50.560+0000] {dagbag.py:541} INFO - Filling up the DagBag from /home/airflow/.local/lib/python3.7/site-packages/airflow/example_dags/example_branch_labels.py
[2023-05-06T23:40:50.566+0000] {processor.py:809} INFO - DAG(s) dict_keys(['example_branch_labels']) retrieved from /home/airflow/.local/lib/python3.7/site-packages/airflow/example_dags/example_branch_labels.py
[2023-05-06T23:40:50.589+0000] {logging_mixin.py:149} INFO - [2023-05-06T23:40:50.588+0000] {dag.py:2726} INFO - Sync 1 DAGs
[2023-05-06T23:40:50.613+0000] {logging_mixin.py:149} INFO - [2023-05-06T23:40:50.613+0000] {dag.py:3490} INFO - Setting next_dagrun for example_branch_labels to 2023-05-05T00:00:00+00:00, run_after=2023-05-06T00:00:00+00:00
[2023-05-06T23:40:50.634+0000] {processor.py:178} INFO - Processing /home/airflow/.local/lib/python3.7/site-packages/airflow/example_dags/example_branch_labels.py took 0.077 seconds
[2023-05-06T23:41:20.937+0000] {processor.py:156} INFO - Started process (PID=1928) to work on /home/airflow/.local/lib/python3.7/site-packages/airflow/example_dags/example_branch_labels.py
[2023-05-06T23:41:20.938+0000] {processor.py:799} INFO - Processing file /home/airflow/.local/lib/python3.7/site-packages/airflow/example_dags/example_branch_labels.py for tasks to queue
[2023-05-06T23:41:20.938+0000] {logging_mixin.py:149} INFO - [2023-05-06T23:41:20.938+0000] {dagbag.py:541} INFO - Filling up the DagBag from /home/airflow/.local/lib/python3.7/site-packages/airflow/example_dags/example_branch_labels.py
[2023-05-06T23:41:20.951+0000] {processor.py:809} INFO - DAG(s) dict_keys(['example_branch_labels']) retrieved from /home/airflow/.local/lib/python3.7/site-packages/airflow/example_dags/example_branch_labels.py
[2023-05-06T23:41:20.974+0000] {logging_mixin.py:149} INFO - [2023-05-06T23:41:20.974+0000] {dag.py:2726} INFO - Sync 1 DAGs
[2023-05-06T23:41:21.000+0000] {logging_mixin.py:149} INFO - [2023-05-06T23:41:21.000+0000] {dag.py:3490} INFO - Setting next_dagrun for example_branch_labels to 2023-05-05T00:00:00+00:00, run_after=2023-05-06T00:00:00+00:00
[2023-05-06T23:41:21.018+0000] {processor.py:178} INFO - Processing /home/airflow/.local/lib/python3.7/site-packages/airflow/example_dags/example_branch_labels.py took 0.085 seconds
[2023-05-06T23:41:51.216+0000] {processor.py:156} INFO - Started process (PID=1986) to work on /home/airflow/.local/lib/python3.7/site-packages/airflow/example_dags/example_branch_labels.py
[2023-05-06T23:41:51.217+0000] {processor.py:799} INFO - Processing file /home/airflow/.local/lib/python3.7/site-packages/airflow/example_dags/example_branch_labels.py for tasks to queue
[2023-05-06T23:41:51.217+0000] {logging_mixin.py:149} INFO - [2023-05-06T23:41:51.217+0000] {dagbag.py:541} INFO - Filling up the DagBag from /home/airflow/.local/lib/python3.7/site-packages/airflow/example_dags/example_branch_labels.py
[2023-05-06T23:41:51.224+0000] {processor.py:809} INFO - DAG(s) dict_keys(['example_branch_labels']) retrieved from /home/airflow/.local/lib/python3.7/site-packages/airflow/example_dags/example_branch_labels.py
[2023-05-06T23:41:51.245+0000] {logging_mixin.py:149} INFO - [2023-05-06T23:41:51.244+0000] {dag.py:2726} INFO - Sync 1 DAGs
[2023-05-06T23:41:51.268+0000] {logging_mixin.py:149} INFO - [2023-05-06T23:41:51.268+0000] {dag.py:3490} INFO - Setting next_dagrun for example_branch_labels to 2023-05-05T00:00:00+00:00, run_after=2023-05-06T00:00:00+00:00
[2023-05-06T23:41:51.286+0000] {processor.py:178} INFO - Processing /home/airflow/.local/lib/python3.7/site-packages/airflow/example_dags/example_branch_labels.py took 0.072 seconds
[2023-05-06T23:42:21.474+0000] {processor.py:156} INFO - Started process (PID=2044) to work on /home/airflow/.local/lib/python3.7/site-packages/airflow/example_dags/example_branch_labels.py
[2023-05-06T23:42:21.474+0000] {processor.py:799} INFO - Processing file /home/airflow/.local/lib/python3.7/site-packages/airflow/example_dags/example_branch_labels.py for tasks to queue
[2023-05-06T23:42:21.475+0000] {logging_mixin.py:149} INFO - [2023-05-06T23:42:21.475+0000] {dagbag.py:541} INFO - Filling up the DagBag from /home/airflow/.local/lib/python3.7/site-packages/airflow/example_dags/example_branch_labels.py
[2023-05-06T23:42:21.481+0000] {processor.py:809} INFO - DAG(s) dict_keys(['example_branch_labels']) retrieved from /home/airflow/.local/lib/python3.7/site-packages/airflow/example_dags/example_branch_labels.py
[2023-05-06T23:42:21.503+0000] {logging_mixin.py:149} INFO - [2023-05-06T23:42:21.503+0000] {dag.py:2726} INFO - Sync 1 DAGs
[2023-05-06T23:42:21.528+0000] {logging_mixin.py:149} INFO - [2023-05-06T23:42:21.527+0000] {dag.py:3490} INFO - Setting next_dagrun for example_branch_labels to 2023-05-05T00:00:00+00:00, run_after=2023-05-06T00:00:00+00:00
[2023-05-06T23:42:21.546+0000] {processor.py:178} INFO - Processing /home/airflow/.local/lib/python3.7/site-packages/airflow/example_dags/example_branch_labels.py took 0.074 seconds
[2023-05-06T23:42:52.101+0000] {processor.py:156} INFO - Started process (PID=2102) to work on /home/airflow/.local/lib/python3.7/site-packages/airflow/example_dags/example_branch_labels.py
[2023-05-06T23:42:52.102+0000] {processor.py:799} INFO - Processing file /home/airflow/.local/lib/python3.7/site-packages/airflow/example_dags/example_branch_labels.py for tasks to queue
[2023-05-06T23:42:52.102+0000] {logging_mixin.py:149} INFO - [2023-05-06T23:42:52.102+0000] {dagbag.py:541} INFO - Filling up the DagBag from /home/airflow/.local/lib/python3.7/site-packages/airflow/example_dags/example_branch_labels.py
[2023-05-06T23:42:52.109+0000] {processor.py:809} INFO - DAG(s) dict_keys(['example_branch_labels']) retrieved from /home/airflow/.local/lib/python3.7/site-packages/airflow/example_dags/example_branch_labels.py
[2023-05-06T23:42:52.130+0000] {logging_mixin.py:149} INFO - [2023-05-06T23:42:52.130+0000] {dag.py:2726} INFO - Sync 1 DAGs
[2023-05-06T23:42:52.155+0000] {logging_mixin.py:149} INFO - [2023-05-06T23:42:52.155+0000] {dag.py:3490} INFO - Setting next_dagrun for example_branch_labels to 2023-05-05T00:00:00+00:00, run_after=2023-05-06T00:00:00+00:00
[2023-05-06T23:42:52.172+0000] {processor.py:178} INFO - Processing /home/airflow/.local/lib/python3.7/site-packages/airflow/example_dags/example_branch_labels.py took 0.073 seconds
[2023-05-06T23:43:22.381+0000] {processor.py:156} INFO - Started process (PID=2160) to work on /home/airflow/.local/lib/python3.7/site-packages/airflow/example_dags/example_branch_labels.py
[2023-05-06T23:43:22.382+0000] {processor.py:799} INFO - Processing file /home/airflow/.local/lib/python3.7/site-packages/airflow/example_dags/example_branch_labels.py for tasks to queue
[2023-05-06T23:43:22.382+0000] {logging_mixin.py:149} INFO - [2023-05-06T23:43:22.382+0000] {dagbag.py:541} INFO - Filling up the DagBag from /home/airflow/.local/lib/python3.7/site-packages/airflow/example_dags/example_branch_labels.py
[2023-05-06T23:43:22.389+0000] {processor.py:809} INFO - DAG(s) dict_keys(['example_branch_labels']) retrieved from /home/airflow/.local/lib/python3.7/site-packages/airflow/example_dags/example_branch_labels.py
[2023-05-06T23:43:22.410+0000] {logging_mixin.py:149} INFO - [2023-05-06T23:43:22.410+0000] {dag.py:2726} INFO - Sync 1 DAGs
[2023-05-06T23:43:22.434+0000] {logging_mixin.py:149} INFO - [2023-05-06T23:43:22.434+0000] {dag.py:3490} INFO - Setting next_dagrun for example_branch_labels to 2023-05-05T00:00:00+00:00, run_after=2023-05-06T00:00:00+00:00
[2023-05-06T23:43:22.454+0000] {processor.py:178} INFO - Processing /home/airflow/.local/lib/python3.7/site-packages/airflow/example_dags/example_branch_labels.py took 0.075 seconds
