[2023-05-06T23:25:02.314+0000] {processor.py:156} INFO - Started process (PID=45) to work on /home/airflow/.local/lib/python3.7/site-packages/airflow/example_dags/example_params_trigger_ui.py
[2023-05-06T23:25:02.316+0000] {processor.py:799} INFO - Processing file /home/airflow/.local/lib/python3.7/site-packages/airflow/example_dags/example_params_trigger_ui.py for tasks to queue
[2023-05-06T23:25:02.317+0000] {logging_mixin.py:149} INFO - [2023-05-06T23:25:02.317+0000] {dagbag.py:541} INFO - Filling up the DagBag from /home/airflow/.local/lib/python3.7/site-packages/airflow/example_dags/example_params_trigger_ui.py
[2023-05-06T23:25:02.343+0000] {processor.py:809} INFO - DAG(s) dict_keys(['example_params_trigger_ui']) retrieved from /home/airflow/.local/lib/python3.7/site-packages/airflow/example_dags/example_params_trigger_ui.py
[2023-05-06T23:25:02.359+0000] {logging_mixin.py:149} INFO - [2023-05-06T23:25:02.359+0000] {dag.py:2726} INFO - Sync 1 DAGs
[2023-05-06T23:25:02.388+0000] {logging_mixin.py:149} INFO - [2023-05-06T23:25:02.388+0000] {dag.py:3490} INFO - Setting next_dagrun for example_params_trigger_ui to None, run_after=None
[2023-05-06T23:25:02.409+0000] {processor.py:178} INFO - Processing /home/airflow/.local/lib/python3.7/site-packages/airflow/example_dags/example_params_trigger_ui.py took 0.097 seconds
[2023-05-06T23:25:32.435+0000] {processor.py:156} INFO - Started process (PID=103) to work on /home/airflow/.local/lib/python3.7/site-packages/airflow/example_dags/example_params_trigger_ui.py
[2023-05-06T23:25:32.436+0000] {processor.py:799} INFO - Processing file /home/airflow/.local/lib/python3.7/site-packages/airflow/example_dags/example_params_trigger_ui.py for tasks to queue
[2023-05-06T23:25:32.436+0000] {logging_mixin.py:149} INFO - [2023-05-06T23:25:32.436+0000] {dagbag.py:541} INFO - Filling up the DagBag from /home/airflow/.local/lib/python3.7/site-packages/airflow/example_dags/example_params_trigger_ui.py
[2023-05-06T23:25:32.451+0000] {processor.py:809} INFO - DAG(s) dict_keys(['example_params_trigger_ui']) retrieved from /home/airflow/.local/lib/python3.7/site-packages/airflow/example_dags/example_params_trigger_ui.py
[2023-05-06T23:25:32.525+0000] {logging_mixin.py:149} INFO - [2023-05-06T23:25:32.525+0000] {dag.py:2726} INFO - Sync 1 DAGs
[2023-05-06T23:25:32.550+0000] {logging_mixin.py:149} INFO - [2023-05-06T23:25:32.550+0000] {dag.py:3490} INFO - Setting next_dagrun for example_params_trigger_ui to None, run_after=None
[2023-05-06T23:25:32.568+0000] {processor.py:178} INFO - Processing /home/airflow/.local/lib/python3.7/site-packages/airflow/example_dags/example_params_trigger_ui.py took 0.135 seconds
[2023-05-06T23:26:03.457+0000] {processor.py:156} INFO - Started process (PID=161) to work on /home/airflow/.local/lib/python3.7/site-packages/airflow/example_dags/example_params_trigger_ui.py
[2023-05-06T23:26:03.458+0000] {processor.py:799} INFO - Processing file /home/airflow/.local/lib/python3.7/site-packages/airflow/example_dags/example_params_trigger_ui.py for tasks to queue
[2023-05-06T23:26:03.459+0000] {logging_mixin.py:149} INFO - [2023-05-06T23:26:03.458+0000] {dagbag.py:541} INFO - Filling up the DagBag from /home/airflow/.local/lib/python3.7/site-packages/airflow/example_dags/example_params_trigger_ui.py
[2023-05-06T23:26:03.477+0000] {processor.py:809} INFO - DAG(s) dict_keys(['example_params_trigger_ui']) retrieved from /home/airflow/.local/lib/python3.7/site-packages/airflow/example_dags/example_params_trigger_ui.py
[2023-05-06T23:26:03.548+0000] {logging_mixin.py:149} INFO - [2023-05-06T23:26:03.548+0000] {dag.py:2726} INFO - Sync 1 DAGs
[2023-05-06T23:26:03.571+0000] {logging_mixin.py:149} INFO - [2023-05-06T23:26:03.571+0000] {dag.py:3490} INFO - Setting next_dagrun for example_params_trigger_ui to None, run_after=None
[2023-05-06T23:26:03.589+0000] {processor.py:178} INFO - Processing /home/airflow/.local/lib/python3.7/site-packages/airflow/example_dags/example_params_trigger_ui.py took 0.134 seconds
[2023-05-06T23:26:33.956+0000] {processor.py:156} INFO - Started process (PID=218) to work on /home/airflow/.local/lib/python3.7/site-packages/airflow/example_dags/example_params_trigger_ui.py
[2023-05-06T23:26:33.963+0000] {processor.py:799} INFO - Processing file /home/airflow/.local/lib/python3.7/site-packages/airflow/example_dags/example_params_trigger_ui.py for tasks to queue
[2023-05-06T23:26:33.964+0000] {logging_mixin.py:149} INFO - [2023-05-06T23:26:33.964+0000] {dagbag.py:541} INFO - Filling up the DagBag from /home/airflow/.local/lib/python3.7/site-packages/airflow/example_dags/example_params_trigger_ui.py
[2023-05-06T23:26:34.000+0000] {processor.py:809} INFO - DAG(s) dict_keys(['example_params_trigger_ui']) retrieved from /home/airflow/.local/lib/python3.7/site-packages/airflow/example_dags/example_params_trigger_ui.py
[2023-05-06T23:26:34.078+0000] {logging_mixin.py:149} INFO - [2023-05-06T23:26:34.078+0000] {dag.py:2726} INFO - Sync 1 DAGs
[2023-05-06T23:26:34.101+0000] {logging_mixin.py:149} INFO - [2023-05-06T23:26:34.101+0000] {dag.py:3490} INFO - Setting next_dagrun for example_params_trigger_ui to None, run_after=None
[2023-05-06T23:26:34.117+0000] {processor.py:178} INFO - Processing /home/airflow/.local/lib/python3.7/site-packages/airflow/example_dags/example_params_trigger_ui.py took 0.166 seconds
[2023-05-06T23:27:04.626+0000] {processor.py:156} INFO - Started process (PID=276) to work on /home/airflow/.local/lib/python3.7/site-packages/airflow/example_dags/example_params_trigger_ui.py
[2023-05-06T23:27:04.627+0000] {processor.py:799} INFO - Processing file /home/airflow/.local/lib/python3.7/site-packages/airflow/example_dags/example_params_trigger_ui.py for tasks to queue
[2023-05-06T23:27:04.628+0000] {logging_mixin.py:149} INFO - [2023-05-06T23:27:04.628+0000] {dagbag.py:541} INFO - Filling up the DagBag from /home/airflow/.local/lib/python3.7/site-packages/airflow/example_dags/example_params_trigger_ui.py
[2023-05-06T23:27:04.667+0000] {processor.py:809} INFO - DAG(s) dict_keys(['example_params_trigger_ui']) retrieved from /home/airflow/.local/lib/python3.7/site-packages/airflow/example_dags/example_params_trigger_ui.py
[2023-05-06T23:27:04.742+0000] {logging_mixin.py:149} INFO - [2023-05-06T23:27:04.742+0000] {dag.py:2726} INFO - Sync 1 DAGs
[2023-05-06T23:27:04.766+0000] {logging_mixin.py:149} INFO - [2023-05-06T23:27:04.766+0000] {dag.py:3490} INFO - Setting next_dagrun for example_params_trigger_ui to None, run_after=None
[2023-05-06T23:27:04.784+0000] {processor.py:178} INFO - Processing /home/airflow/.local/lib/python3.7/site-packages/airflow/example_dags/example_params_trigger_ui.py took 0.164 seconds
[2023-05-06T23:27:35.174+0000] {processor.py:156} INFO - Started process (PID=334) to work on /home/airflow/.local/lib/python3.7/site-packages/airflow/example_dags/example_params_trigger_ui.py
[2023-05-06T23:27:35.182+0000] {processor.py:799} INFO - Processing file /home/airflow/.local/lib/python3.7/site-packages/airflow/example_dags/example_params_trigger_ui.py for tasks to queue
[2023-05-06T23:27:35.183+0000] {logging_mixin.py:149} INFO - [2023-05-06T23:27:35.182+0000] {dagbag.py:541} INFO - Filling up the DagBag from /home/airflow/.local/lib/python3.7/site-packages/airflow/example_dags/example_params_trigger_ui.py
[2023-05-06T23:27:35.220+0000] {processor.py:809} INFO - DAG(s) dict_keys(['example_params_trigger_ui']) retrieved from /home/airflow/.local/lib/python3.7/site-packages/airflow/example_dags/example_params_trigger_ui.py
[2023-05-06T23:27:35.296+0000] {logging_mixin.py:149} INFO - [2023-05-06T23:27:35.296+0000] {dag.py:2726} INFO - Sync 1 DAGs
[2023-05-06T23:27:35.321+0000] {logging_mixin.py:149} INFO - [2023-05-06T23:27:35.321+0000] {dag.py:3490} INFO - Setting next_dagrun for example_params_trigger_ui to None, run_after=None
[2023-05-06T23:27:35.339+0000] {processor.py:178} INFO - Processing /home/airflow/.local/lib/python3.7/site-packages/airflow/example_dags/example_params_trigger_ui.py took 0.169 seconds
[2023-05-06T23:28:05.597+0000] {processor.py:156} INFO - Started process (PID=392) to work on /home/airflow/.local/lib/python3.7/site-packages/airflow/example_dags/example_params_trigger_ui.py
[2023-05-06T23:28:05.604+0000] {processor.py:799} INFO - Processing file /home/airflow/.local/lib/python3.7/site-packages/airflow/example_dags/example_params_trigger_ui.py for tasks to queue
[2023-05-06T23:28:05.604+0000] {logging_mixin.py:149} INFO - [2023-05-06T23:28:05.604+0000] {dagbag.py:541} INFO - Filling up the DagBag from /home/airflow/.local/lib/python3.7/site-packages/airflow/example_dags/example_params_trigger_ui.py
[2023-05-06T23:28:05.623+0000] {processor.py:809} INFO - DAG(s) dict_keys(['example_params_trigger_ui']) retrieved from /home/airflow/.local/lib/python3.7/site-packages/airflow/example_dags/example_params_trigger_ui.py
[2023-05-06T23:28:05.698+0000] {logging_mixin.py:149} INFO - [2023-05-06T23:28:05.697+0000] {dag.py:2726} INFO - Sync 1 DAGs
[2023-05-06T23:28:05.719+0000] {logging_mixin.py:149} INFO - [2023-05-06T23:28:05.719+0000] {dag.py:3490} INFO - Setting next_dagrun for example_params_trigger_ui to None, run_after=None
[2023-05-06T23:28:05.739+0000] {processor.py:178} INFO - Processing /home/airflow/.local/lib/python3.7/site-packages/airflow/example_dags/example_params_trigger_ui.py took 0.146 seconds
[2023-05-06T23:28:35.857+0000] {processor.py:156} INFO - Started process (PID=450) to work on /home/airflow/.local/lib/python3.7/site-packages/airflow/example_dags/example_params_trigger_ui.py
[2023-05-06T23:28:35.858+0000] {processor.py:799} INFO - Processing file /home/airflow/.local/lib/python3.7/site-packages/airflow/example_dags/example_params_trigger_ui.py for tasks to queue
[2023-05-06T23:28:35.859+0000] {logging_mixin.py:149} INFO - [2023-05-06T23:28:35.859+0000] {dagbag.py:541} INFO - Filling up the DagBag from /home/airflow/.local/lib/python3.7/site-packages/airflow/example_dags/example_params_trigger_ui.py
[2023-05-06T23:28:35.888+0000] {processor.py:809} INFO - DAG(s) dict_keys(['example_params_trigger_ui']) retrieved from /home/airflow/.local/lib/python3.7/site-packages/airflow/example_dags/example_params_trigger_ui.py
[2023-05-06T23:28:35.962+0000] {logging_mixin.py:149} INFO - [2023-05-06T23:28:35.962+0000] {dag.py:2726} INFO - Sync 1 DAGs
[2023-05-06T23:28:35.986+0000] {logging_mixin.py:149} INFO - [2023-05-06T23:28:35.986+0000] {dag.py:3490} INFO - Setting next_dagrun for example_params_trigger_ui to None, run_after=None
[2023-05-06T23:28:36.005+0000] {processor.py:178} INFO - Processing /home/airflow/.local/lib/python3.7/site-packages/airflow/example_dags/example_params_trigger_ui.py took 0.152 seconds
[2023-05-06T23:29:06.295+0000] {processor.py:156} INFO - Started process (PID=509) to work on /home/airflow/.local/lib/python3.7/site-packages/airflow/example_dags/example_params_trigger_ui.py
[2023-05-06T23:29:06.302+0000] {processor.py:799} INFO - Processing file /home/airflow/.local/lib/python3.7/site-packages/airflow/example_dags/example_params_trigger_ui.py for tasks to queue
[2023-05-06T23:29:06.303+0000] {logging_mixin.py:149} INFO - [2023-05-06T23:29:06.303+0000] {dagbag.py:541} INFO - Filling up the DagBag from /home/airflow/.local/lib/python3.7/site-packages/airflow/example_dags/example_params_trigger_ui.py
[2023-05-06T23:29:06.318+0000] {processor.py:809} INFO - DAG(s) dict_keys(['example_params_trigger_ui']) retrieved from /home/airflow/.local/lib/python3.7/site-packages/airflow/example_dags/example_params_trigger_ui.py
[2023-05-06T23:29:06.390+0000] {logging_mixin.py:149} INFO - [2023-05-06T23:29:06.390+0000] {dag.py:2726} INFO - Sync 1 DAGs
[2023-05-06T23:29:06.414+0000] {logging_mixin.py:149} INFO - [2023-05-06T23:29:06.414+0000] {dag.py:3490} INFO - Setting next_dagrun for example_params_trigger_ui to None, run_after=None
[2023-05-06T23:29:06.431+0000] {processor.py:178} INFO - Processing /home/airflow/.local/lib/python3.7/site-packages/airflow/example_dags/example_params_trigger_ui.py took 0.141 seconds
[2023-05-06T23:29:36.817+0000] {processor.py:156} INFO - Started process (PID=567) to work on /home/airflow/.local/lib/python3.7/site-packages/airflow/example_dags/example_params_trigger_ui.py
[2023-05-06T23:29:36.824+0000] {processor.py:799} INFO - Processing file /home/airflow/.local/lib/python3.7/site-packages/airflow/example_dags/example_params_trigger_ui.py for tasks to queue
[2023-05-06T23:29:36.825+0000] {logging_mixin.py:149} INFO - [2023-05-06T23:29:36.825+0000] {dagbag.py:541} INFO - Filling up the DagBag from /home/airflow/.local/lib/python3.7/site-packages/airflow/example_dags/example_params_trigger_ui.py
[2023-05-06T23:29:36.857+0000] {processor.py:809} INFO - DAG(s) dict_keys(['example_params_trigger_ui']) retrieved from /home/airflow/.local/lib/python3.7/site-packages/airflow/example_dags/example_params_trigger_ui.py
[2023-05-06T23:29:36.940+0000] {logging_mixin.py:149} INFO - [2023-05-06T23:29:36.939+0000] {dag.py:2726} INFO - Sync 1 DAGs
[2023-05-06T23:29:36.961+0000] {logging_mixin.py:149} INFO - [2023-05-06T23:29:36.961+0000] {dag.py:3490} INFO - Setting next_dagrun for example_params_trigger_ui to None, run_after=None
[2023-05-06T23:29:36.979+0000] {processor.py:178} INFO - Processing /home/airflow/.local/lib/python3.7/site-packages/airflow/example_dags/example_params_trigger_ui.py took 0.165 seconds
[2023-05-06T23:30:07.376+0000] {processor.py:156} INFO - Started process (PID=625) to work on /home/airflow/.local/lib/python3.7/site-packages/airflow/example_dags/example_params_trigger_ui.py
[2023-05-06T23:30:07.383+0000] {processor.py:799} INFO - Processing file /home/airflow/.local/lib/python3.7/site-packages/airflow/example_dags/example_params_trigger_ui.py for tasks to queue
[2023-05-06T23:30:07.384+0000] {logging_mixin.py:149} INFO - [2023-05-06T23:30:07.384+0000] {dagbag.py:541} INFO - Filling up the DagBag from /home/airflow/.local/lib/python3.7/site-packages/airflow/example_dags/example_params_trigger_ui.py
[2023-05-06T23:30:07.400+0000] {processor.py:809} INFO - DAG(s) dict_keys(['example_params_trigger_ui']) retrieved from /home/airflow/.local/lib/python3.7/site-packages/airflow/example_dags/example_params_trigger_ui.py
[2023-05-06T23:30:07.472+0000] {logging_mixin.py:149} INFO - [2023-05-06T23:30:07.472+0000] {dag.py:2726} INFO - Sync 1 DAGs
[2023-05-06T23:30:07.494+0000] {logging_mixin.py:149} INFO - [2023-05-06T23:30:07.494+0000] {dag.py:3490} INFO - Setting next_dagrun for example_params_trigger_ui to None, run_after=None
[2023-05-06T23:30:07.511+0000] {processor.py:178} INFO - Processing /home/airflow/.local/lib/python3.7/site-packages/airflow/example_dags/example_params_trigger_ui.py took 0.139 seconds
[2023-05-06T23:30:37.690+0000] {processor.py:156} INFO - Started process (PID=683) to work on /home/airflow/.local/lib/python3.7/site-packages/airflow/example_dags/example_params_trigger_ui.py
[2023-05-06T23:30:37.697+0000] {processor.py:799} INFO - Processing file /home/airflow/.local/lib/python3.7/site-packages/airflow/example_dags/example_params_trigger_ui.py for tasks to queue
[2023-05-06T23:30:37.697+0000] {logging_mixin.py:149} INFO - [2023-05-06T23:30:37.697+0000] {dagbag.py:541} INFO - Filling up the DagBag from /home/airflow/.local/lib/python3.7/site-packages/airflow/example_dags/example_params_trigger_ui.py
[2023-05-06T23:30:37.730+0000] {processor.py:809} INFO - DAG(s) dict_keys(['example_params_trigger_ui']) retrieved from /home/airflow/.local/lib/python3.7/site-packages/airflow/example_dags/example_params_trigger_ui.py
[2023-05-06T23:30:37.808+0000] {logging_mixin.py:149} INFO - [2023-05-06T23:30:37.807+0000] {dag.py:2726} INFO - Sync 1 DAGs
[2023-05-06T23:30:37.835+0000] {logging_mixin.py:149} INFO - [2023-05-06T23:30:37.834+0000] {dag.py:3490} INFO - Setting next_dagrun for example_params_trigger_ui to None, run_after=None
[2023-05-06T23:30:37.855+0000] {processor.py:178} INFO - Processing /home/airflow/.local/lib/python3.7/site-packages/airflow/example_dags/example_params_trigger_ui.py took 0.169 seconds
[2023-05-06T23:31:08.215+0000] {processor.py:156} INFO - Started process (PID=740) to work on /home/airflow/.local/lib/python3.7/site-packages/airflow/example_dags/example_params_trigger_ui.py
[2023-05-06T23:31:08.224+0000] {processor.py:799} INFO - Processing file /home/airflow/.local/lib/python3.7/site-packages/airflow/example_dags/example_params_trigger_ui.py for tasks to queue
[2023-05-06T23:31:08.225+0000] {logging_mixin.py:149} INFO - [2023-05-06T23:31:08.225+0000] {dagbag.py:541} INFO - Filling up the DagBag from /home/airflow/.local/lib/python3.7/site-packages/airflow/example_dags/example_params_trigger_ui.py
[2023-05-06T23:31:08.244+0000] {processor.py:809} INFO - DAG(s) dict_keys(['example_params_trigger_ui']) retrieved from /home/airflow/.local/lib/python3.7/site-packages/airflow/example_dags/example_params_trigger_ui.py
[2023-05-06T23:31:08.320+0000] {logging_mixin.py:149} INFO - [2023-05-06T23:31:08.320+0000] {dag.py:2726} INFO - Sync 1 DAGs
[2023-05-06T23:31:08.343+0000] {logging_mixin.py:149} INFO - [2023-05-06T23:31:08.343+0000] {dag.py:3490} INFO - Setting next_dagrun for example_params_trigger_ui to None, run_after=None
[2023-05-06T23:31:08.363+0000] {processor.py:178} INFO - Processing /home/airflow/.local/lib/python3.7/site-packages/airflow/example_dags/example_params_trigger_ui.py took 0.150 seconds
[2023-05-06T23:31:38.499+0000] {processor.py:156} INFO - Started process (PID=798) to work on /home/airflow/.local/lib/python3.7/site-packages/airflow/example_dags/example_params_trigger_ui.py
[2023-05-06T23:31:38.506+0000] {processor.py:799} INFO - Processing file /home/airflow/.local/lib/python3.7/site-packages/airflow/example_dags/example_params_trigger_ui.py for tasks to queue
[2023-05-06T23:31:38.507+0000] {logging_mixin.py:149} INFO - [2023-05-06T23:31:38.507+0000] {dagbag.py:541} INFO - Filling up the DagBag from /home/airflow/.local/lib/python3.7/site-packages/airflow/example_dags/example_params_trigger_ui.py
[2023-05-06T23:31:38.544+0000] {processor.py:809} INFO - DAG(s) dict_keys(['example_params_trigger_ui']) retrieved from /home/airflow/.local/lib/python3.7/site-packages/airflow/example_dags/example_params_trigger_ui.py
[2023-05-06T23:31:38.620+0000] {logging_mixin.py:149} INFO - [2023-05-06T23:31:38.620+0000] {dag.py:2726} INFO - Sync 1 DAGs
[2023-05-06T23:31:38.643+0000] {logging_mixin.py:149} INFO - [2023-05-06T23:31:38.643+0000] {dag.py:3490} INFO - Setting next_dagrun for example_params_trigger_ui to None, run_after=None
[2023-05-06T23:31:38.660+0000] {processor.py:178} INFO - Processing /home/airflow/.local/lib/python3.7/site-packages/airflow/example_dags/example_params_trigger_ui.py took 0.166 seconds
[2023-05-06T23:32:09.019+0000] {processor.py:156} INFO - Started process (PID=856) to work on /home/airflow/.local/lib/python3.7/site-packages/airflow/example_dags/example_params_trigger_ui.py
[2023-05-06T23:32:09.026+0000] {processor.py:799} INFO - Processing file /home/airflow/.local/lib/python3.7/site-packages/airflow/example_dags/example_params_trigger_ui.py for tasks to queue
[2023-05-06T23:32:09.027+0000] {logging_mixin.py:149} INFO - [2023-05-06T23:32:09.027+0000] {dagbag.py:541} INFO - Filling up the DagBag from /home/airflow/.local/lib/python3.7/site-packages/airflow/example_dags/example_params_trigger_ui.py
[2023-05-06T23:32:09.047+0000] {processor.py:809} INFO - DAG(s) dict_keys(['example_params_trigger_ui']) retrieved from /home/airflow/.local/lib/python3.7/site-packages/airflow/example_dags/example_params_trigger_ui.py
[2023-05-06T23:32:09.121+0000] {logging_mixin.py:149} INFO - [2023-05-06T23:32:09.121+0000] {dag.py:2726} INFO - Sync 1 DAGs
[2023-05-06T23:32:09.143+0000] {logging_mixin.py:149} INFO - [2023-05-06T23:32:09.143+0000] {dag.py:3490} INFO - Setting next_dagrun for example_params_trigger_ui to None, run_after=None
[2023-05-06T23:32:09.160+0000] {processor.py:178} INFO - Processing /home/airflow/.local/lib/python3.7/site-packages/airflow/example_dags/example_params_trigger_ui.py took 0.146 seconds
[2023-05-06T23:32:39.446+0000] {processor.py:156} INFO - Started process (PID=914) to work on /home/airflow/.local/lib/python3.7/site-packages/airflow/example_dags/example_params_trigger_ui.py
[2023-05-06T23:32:39.446+0000] {processor.py:799} INFO - Processing file /home/airflow/.local/lib/python3.7/site-packages/airflow/example_dags/example_params_trigger_ui.py for tasks to queue
[2023-05-06T23:32:39.447+0000] {logging_mixin.py:149} INFO - [2023-05-06T23:32:39.447+0000] {dagbag.py:541} INFO - Filling up the DagBag from /home/airflow/.local/lib/python3.7/site-packages/airflow/example_dags/example_params_trigger_ui.py
[2023-05-06T23:32:39.465+0000] {processor.py:809} INFO - DAG(s) dict_keys(['example_params_trigger_ui']) retrieved from /home/airflow/.local/lib/python3.7/site-packages/airflow/example_dags/example_params_trigger_ui.py
[2023-05-06T23:32:39.545+0000] {logging_mixin.py:149} INFO - [2023-05-06T23:32:39.545+0000] {dag.py:2726} INFO - Sync 1 DAGs
[2023-05-06T23:32:39.570+0000] {logging_mixin.py:149} INFO - [2023-05-06T23:32:39.570+0000] {dag.py:3490} INFO - Setting next_dagrun for example_params_trigger_ui to None, run_after=None
[2023-05-06T23:32:39.595+0000] {processor.py:178} INFO - Processing /home/airflow/.local/lib/python3.7/site-packages/airflow/example_dags/example_params_trigger_ui.py took 0.152 seconds
[2023-05-06T23:33:09.817+0000] {processor.py:156} INFO - Started process (PID=972) to work on /home/airflow/.local/lib/python3.7/site-packages/airflow/example_dags/example_params_trigger_ui.py
[2023-05-06T23:33:09.824+0000] {processor.py:799} INFO - Processing file /home/airflow/.local/lib/python3.7/site-packages/airflow/example_dags/example_params_trigger_ui.py for tasks to queue
[2023-05-06T23:33:09.824+0000] {logging_mixin.py:149} INFO - [2023-05-06T23:33:09.824+0000] {dagbag.py:541} INFO - Filling up the DagBag from /home/airflow/.local/lib/python3.7/site-packages/airflow/example_dags/example_params_trigger_ui.py
[2023-05-06T23:33:09.841+0000] {processor.py:809} INFO - DAG(s) dict_keys(['example_params_trigger_ui']) retrieved from /home/airflow/.local/lib/python3.7/site-packages/airflow/example_dags/example_params_trigger_ui.py
[2023-05-06T23:33:09.913+0000] {logging_mixin.py:149} INFO - [2023-05-06T23:33:09.913+0000] {dag.py:2726} INFO - Sync 1 DAGs
[2023-05-06T23:33:09.935+0000] {logging_mixin.py:149} INFO - [2023-05-06T23:33:09.935+0000] {dag.py:3490} INFO - Setting next_dagrun for example_params_trigger_ui to None, run_after=None
[2023-05-06T23:33:09.952+0000] {processor.py:178} INFO - Processing /home/airflow/.local/lib/python3.7/site-packages/airflow/example_dags/example_params_trigger_ui.py took 0.140 seconds
[2023-05-06T23:33:40.298+0000] {processor.py:156} INFO - Started process (PID=1031) to work on /home/airflow/.local/lib/python3.7/site-packages/airflow/example_dags/example_params_trigger_ui.py
[2023-05-06T23:33:40.299+0000] {processor.py:799} INFO - Processing file /home/airflow/.local/lib/python3.7/site-packages/airflow/example_dags/example_params_trigger_ui.py for tasks to queue
[2023-05-06T23:33:40.300+0000] {logging_mixin.py:149} INFO - [2023-05-06T23:33:40.300+0000] {dagbag.py:541} INFO - Filling up the DagBag from /home/airflow/.local/lib/python3.7/site-packages/airflow/example_dags/example_params_trigger_ui.py
[2023-05-06T23:33:40.316+0000] {processor.py:809} INFO - DAG(s) dict_keys(['example_params_trigger_ui']) retrieved from /home/airflow/.local/lib/python3.7/site-packages/airflow/example_dags/example_params_trigger_ui.py
[2023-05-06T23:33:40.391+0000] {logging_mixin.py:149} INFO - [2023-05-06T23:33:40.391+0000] {dag.py:2726} INFO - Sync 1 DAGs
[2023-05-06T23:33:40.414+0000] {logging_mixin.py:149} INFO - [2023-05-06T23:33:40.414+0000] {dag.py:3490} INFO - Setting next_dagrun for example_params_trigger_ui to None, run_after=None
[2023-05-06T23:33:40.433+0000] {processor.py:178} INFO - Processing /home/airflow/.local/lib/python3.7/site-packages/airflow/example_dags/example_params_trigger_ui.py took 0.137 seconds
[2023-05-06T23:34:10.613+0000] {processor.py:156} INFO - Started process (PID=1089) to work on /home/airflow/.local/lib/python3.7/site-packages/airflow/example_dags/example_params_trigger_ui.py
[2023-05-06T23:34:10.620+0000] {processor.py:799} INFO - Processing file /home/airflow/.local/lib/python3.7/site-packages/airflow/example_dags/example_params_trigger_ui.py for tasks to queue
[2023-05-06T23:34:10.621+0000] {logging_mixin.py:149} INFO - [2023-05-06T23:34:10.621+0000] {dagbag.py:541} INFO - Filling up the DagBag from /home/airflow/.local/lib/python3.7/site-packages/airflow/example_dags/example_params_trigger_ui.py
[2023-05-06T23:34:10.654+0000] {processor.py:809} INFO - DAG(s) dict_keys(['example_params_trigger_ui']) retrieved from /home/airflow/.local/lib/python3.7/site-packages/airflow/example_dags/example_params_trigger_ui.py
[2023-05-06T23:34:10.731+0000] {logging_mixin.py:149} INFO - [2023-05-06T23:34:10.731+0000] {dag.py:2726} INFO - Sync 1 DAGs
[2023-05-06T23:34:10.755+0000] {logging_mixin.py:149} INFO - [2023-05-06T23:34:10.755+0000] {dag.py:3490} INFO - Setting next_dagrun for example_params_trigger_ui to None, run_after=None
[2023-05-06T23:34:10.774+0000] {processor.py:178} INFO - Processing /home/airflow/.local/lib/python3.7/site-packages/airflow/example_dags/example_params_trigger_ui.py took 0.166 seconds
[2023-05-06T23:34:41.148+0000] {processor.py:156} INFO - Started process (PID=1147) to work on /home/airflow/.local/lib/python3.7/site-packages/airflow/example_dags/example_params_trigger_ui.py
[2023-05-06T23:34:41.149+0000] {processor.py:799} INFO - Processing file /home/airflow/.local/lib/python3.7/site-packages/airflow/example_dags/example_params_trigger_ui.py for tasks to queue
[2023-05-06T23:34:41.150+0000] {logging_mixin.py:149} INFO - [2023-05-06T23:34:41.150+0000] {dagbag.py:541} INFO - Filling up the DagBag from /home/airflow/.local/lib/python3.7/site-packages/airflow/example_dags/example_params_trigger_ui.py
[2023-05-06T23:34:41.185+0000] {processor.py:809} INFO - DAG(s) dict_keys(['example_params_trigger_ui']) retrieved from /home/airflow/.local/lib/python3.7/site-packages/airflow/example_dags/example_params_trigger_ui.py
[2023-05-06T23:34:41.260+0000] {logging_mixin.py:149} INFO - [2023-05-06T23:34:41.260+0000] {dag.py:2726} INFO - Sync 1 DAGs
[2023-05-06T23:34:41.284+0000] {logging_mixin.py:149} INFO - [2023-05-06T23:34:41.284+0000] {dag.py:3490} INFO - Setting next_dagrun for example_params_trigger_ui to None, run_after=None
[2023-05-06T23:34:41.302+0000] {processor.py:178} INFO - Processing /home/airflow/.local/lib/python3.7/site-packages/airflow/example_dags/example_params_trigger_ui.py took 0.158 seconds
[2023-05-06T23:35:11.711+0000] {processor.py:156} INFO - Started process (PID=1205) to work on /home/airflow/.local/lib/python3.7/site-packages/airflow/example_dags/example_params_trigger_ui.py
[2023-05-06T23:35:11.713+0000] {processor.py:799} INFO - Processing file /home/airflow/.local/lib/python3.7/site-packages/airflow/example_dags/example_params_trigger_ui.py for tasks to queue
[2023-05-06T23:35:11.714+0000] {logging_mixin.py:149} INFO - [2023-05-06T23:35:11.713+0000] {dagbag.py:541} INFO - Filling up the DagBag from /home/airflow/.local/lib/python3.7/site-packages/airflow/example_dags/example_params_trigger_ui.py
[2023-05-06T23:35:11.750+0000] {processor.py:809} INFO - DAG(s) dict_keys(['example_params_trigger_ui']) retrieved from /home/airflow/.local/lib/python3.7/site-packages/airflow/example_dags/example_params_trigger_ui.py
[2023-05-06T23:35:11.826+0000] {logging_mixin.py:149} INFO - [2023-05-06T23:35:11.826+0000] {dag.py:2726} INFO - Sync 1 DAGs
[2023-05-06T23:35:11.848+0000] {logging_mixin.py:149} INFO - [2023-05-06T23:35:11.848+0000] {dag.py:3490} INFO - Setting next_dagrun for example_params_trigger_ui to None, run_after=None
[2023-05-06T23:35:11.866+0000] {processor.py:178} INFO - Processing /home/airflow/.local/lib/python3.7/site-packages/airflow/example_dags/example_params_trigger_ui.py took 0.160 seconds
[2023-05-06T23:35:42.240+0000] {processor.py:156} INFO - Started process (PID=1263) to work on /home/airflow/.local/lib/python3.7/site-packages/airflow/example_dags/example_params_trigger_ui.py
[2023-05-06T23:35:42.241+0000] {processor.py:799} INFO - Processing file /home/airflow/.local/lib/python3.7/site-packages/airflow/example_dags/example_params_trigger_ui.py for tasks to queue
[2023-05-06T23:35:42.243+0000] {logging_mixin.py:149} INFO - [2023-05-06T23:35:42.242+0000] {dagbag.py:541} INFO - Filling up the DagBag from /home/airflow/.local/lib/python3.7/site-packages/airflow/example_dags/example_params_trigger_ui.py
[2023-05-06T23:35:42.265+0000] {processor.py:809} INFO - DAG(s) dict_keys(['example_params_trigger_ui']) retrieved from /home/airflow/.local/lib/python3.7/site-packages/airflow/example_dags/example_params_trigger_ui.py
[2023-05-06T23:35:42.336+0000] {logging_mixin.py:149} INFO - [2023-05-06T23:35:42.336+0000] {dag.py:2726} INFO - Sync 1 DAGs
[2023-05-06T23:35:42.360+0000] {logging_mixin.py:149} INFO - [2023-05-06T23:35:42.359+0000] {dag.py:3490} INFO - Setting next_dagrun for example_params_trigger_ui to None, run_after=None
[2023-05-06T23:35:42.379+0000] {processor.py:178} INFO - Processing /home/airflow/.local/lib/python3.7/site-packages/airflow/example_dags/example_params_trigger_ui.py took 0.144 seconds
[2023-05-06T23:36:12.582+0000] {processor.py:156} INFO - Started process (PID=1321) to work on /home/airflow/.local/lib/python3.7/site-packages/airflow/example_dags/example_params_trigger_ui.py
[2023-05-06T23:36:12.590+0000] {processor.py:799} INFO - Processing file /home/airflow/.local/lib/python3.7/site-packages/airflow/example_dags/example_params_trigger_ui.py for tasks to queue
[2023-05-06T23:36:12.591+0000] {logging_mixin.py:149} INFO - [2023-05-06T23:36:12.590+0000] {dagbag.py:541} INFO - Filling up the DagBag from /home/airflow/.local/lib/python3.7/site-packages/airflow/example_dags/example_params_trigger_ui.py
[2023-05-06T23:36:12.623+0000] {processor.py:809} INFO - DAG(s) dict_keys(['example_params_trigger_ui']) retrieved from /home/airflow/.local/lib/python3.7/site-packages/airflow/example_dags/example_params_trigger_ui.py
[2023-05-06T23:36:12.698+0000] {logging_mixin.py:149} INFO - [2023-05-06T23:36:12.698+0000] {dag.py:2726} INFO - Sync 1 DAGs
[2023-05-06T23:36:12.722+0000] {logging_mixin.py:149} INFO - [2023-05-06T23:36:12.722+0000] {dag.py:3490} INFO - Setting next_dagrun for example_params_trigger_ui to None, run_after=None
[2023-05-06T23:36:12.740+0000] {processor.py:178} INFO - Processing /home/airflow/.local/lib/python3.7/site-packages/airflow/example_dags/example_params_trigger_ui.py took 0.162 seconds
[2023-05-06T23:36:42.904+0000] {processor.py:156} INFO - Started process (PID=1379) to work on /home/airflow/.local/lib/python3.7/site-packages/airflow/example_dags/example_params_trigger_ui.py
[2023-05-06T23:36:42.904+0000] {processor.py:799} INFO - Processing file /home/airflow/.local/lib/python3.7/site-packages/airflow/example_dags/example_params_trigger_ui.py for tasks to queue
[2023-05-06T23:36:42.905+0000] {logging_mixin.py:149} INFO - [2023-05-06T23:36:42.905+0000] {dagbag.py:541} INFO - Filling up the DagBag from /home/airflow/.local/lib/python3.7/site-packages/airflow/example_dags/example_params_trigger_ui.py
[2023-05-06T23:36:42.921+0000] {processor.py:809} INFO - DAG(s) dict_keys(['example_params_trigger_ui']) retrieved from /home/airflow/.local/lib/python3.7/site-packages/airflow/example_dags/example_params_trigger_ui.py
[2023-05-06T23:36:42.995+0000] {logging_mixin.py:149} INFO - [2023-05-06T23:36:42.995+0000] {dag.py:2726} INFO - Sync 1 DAGs
[2023-05-06T23:36:43.019+0000] {logging_mixin.py:149} INFO - [2023-05-06T23:36:43.019+0000] {dag.py:3490} INFO - Setting next_dagrun for example_params_trigger_ui to None, run_after=None
[2023-05-06T23:36:43.036+0000] {processor.py:178} INFO - Processing /home/airflow/.local/lib/python3.7/site-packages/airflow/example_dags/example_params_trigger_ui.py took 0.134 seconds
[2023-05-06T23:37:13.666+0000] {processor.py:156} INFO - Started process (PID=1437) to work on /home/airflow/.local/lib/python3.7/site-packages/airflow/example_dags/example_params_trigger_ui.py
[2023-05-06T23:37:13.673+0000] {processor.py:799} INFO - Processing file /home/airflow/.local/lib/python3.7/site-packages/airflow/example_dags/example_params_trigger_ui.py for tasks to queue
[2023-05-06T23:37:13.674+0000] {logging_mixin.py:149} INFO - [2023-05-06T23:37:13.674+0000] {dagbag.py:541} INFO - Filling up the DagBag from /home/airflow/.local/lib/python3.7/site-packages/airflow/example_dags/example_params_trigger_ui.py
[2023-05-06T23:37:13.713+0000] {processor.py:809} INFO - DAG(s) dict_keys(['example_params_trigger_ui']) retrieved from /home/airflow/.local/lib/python3.7/site-packages/airflow/example_dags/example_params_trigger_ui.py
[2023-05-06T23:37:13.791+0000] {logging_mixin.py:149} INFO - [2023-05-06T23:37:13.791+0000] {dag.py:2726} INFO - Sync 1 DAGs
[2023-05-06T23:37:13.814+0000] {logging_mixin.py:149} INFO - [2023-05-06T23:37:13.814+0000] {dag.py:3490} INFO - Setting next_dagrun for example_params_trigger_ui to None, run_after=None
[2023-05-06T23:37:13.833+0000] {processor.py:178} INFO - Processing /home/airflow/.local/lib/python3.7/site-packages/airflow/example_dags/example_params_trigger_ui.py took 0.171 seconds
[2023-05-06T23:37:44.380+0000] {processor.py:156} INFO - Started process (PID=1495) to work on /home/airflow/.local/lib/python3.7/site-packages/airflow/example_dags/example_params_trigger_ui.py
[2023-05-06T23:37:44.382+0000] {processor.py:799} INFO - Processing file /home/airflow/.local/lib/python3.7/site-packages/airflow/example_dags/example_params_trigger_ui.py for tasks to queue
[2023-05-06T23:37:44.383+0000] {logging_mixin.py:149} INFO - [2023-05-06T23:37:44.383+0000] {dagbag.py:541} INFO - Filling up the DagBag from /home/airflow/.local/lib/python3.7/site-packages/airflow/example_dags/example_params_trigger_ui.py
[2023-05-06T23:37:44.421+0000] {processor.py:809} INFO - DAG(s) dict_keys(['example_params_trigger_ui']) retrieved from /home/airflow/.local/lib/python3.7/site-packages/airflow/example_dags/example_params_trigger_ui.py
[2023-05-06T23:37:44.493+0000] {logging_mixin.py:149} INFO - [2023-05-06T23:37:44.492+0000] {dag.py:2726} INFO - Sync 1 DAGs
[2023-05-06T23:37:44.515+0000] {logging_mixin.py:149} INFO - [2023-05-06T23:37:44.515+0000] {dag.py:3490} INFO - Setting next_dagrun for example_params_trigger_ui to None, run_after=None
[2023-05-06T23:37:44.534+0000] {processor.py:178} INFO - Processing /home/airflow/.local/lib/python3.7/site-packages/airflow/example_dags/example_params_trigger_ui.py took 0.158 seconds
[2023-05-06T23:38:14.918+0000] {processor.py:156} INFO - Started process (PID=1553) to work on /home/airflow/.local/lib/python3.7/site-packages/airflow/example_dags/example_params_trigger_ui.py
[2023-05-06T23:38:14.919+0000] {processor.py:799} INFO - Processing file /home/airflow/.local/lib/python3.7/site-packages/airflow/example_dags/example_params_trigger_ui.py for tasks to queue
[2023-05-06T23:38:14.920+0000] {logging_mixin.py:149} INFO - [2023-05-06T23:38:14.920+0000] {dagbag.py:541} INFO - Filling up the DagBag from /home/airflow/.local/lib/python3.7/site-packages/airflow/example_dags/example_params_trigger_ui.py
[2023-05-06T23:38:14.958+0000] {processor.py:809} INFO - DAG(s) dict_keys(['example_params_trigger_ui']) retrieved from /home/airflow/.local/lib/python3.7/site-packages/airflow/example_dags/example_params_trigger_ui.py
[2023-05-06T23:38:15.032+0000] {logging_mixin.py:149} INFO - [2023-05-06T23:38:15.032+0000] {dag.py:2726} INFO - Sync 1 DAGs
[2023-05-06T23:38:15.056+0000] {logging_mixin.py:149} INFO - [2023-05-06T23:38:15.056+0000] {dag.py:3490} INFO - Setting next_dagrun for example_params_trigger_ui to None, run_after=None
[2023-05-06T23:38:15.073+0000] {processor.py:178} INFO - Processing /home/airflow/.local/lib/python3.7/site-packages/airflow/example_dags/example_params_trigger_ui.py took 0.160 seconds
[2023-05-06T23:38:45.106+0000] {processor.py:156} INFO - Started process (PID=1612) to work on /home/airflow/.local/lib/python3.7/site-packages/airflow/example_dags/example_params_trigger_ui.py
[2023-05-06T23:38:45.107+0000] {processor.py:799} INFO - Processing file /home/airflow/.local/lib/python3.7/site-packages/airflow/example_dags/example_params_trigger_ui.py for tasks to queue
[2023-05-06T23:38:45.108+0000] {logging_mixin.py:149} INFO - [2023-05-06T23:38:45.107+0000] {dagbag.py:541} INFO - Filling up the DagBag from /home/airflow/.local/lib/python3.7/site-packages/airflow/example_dags/example_params_trigger_ui.py
[2023-05-06T23:38:45.145+0000] {processor.py:809} INFO - DAG(s) dict_keys(['example_params_trigger_ui']) retrieved from /home/airflow/.local/lib/python3.7/site-packages/airflow/example_dags/example_params_trigger_ui.py
[2023-05-06T23:38:45.217+0000] {logging_mixin.py:149} INFO - [2023-05-06T23:38:45.217+0000] {dag.py:2726} INFO - Sync 1 DAGs
[2023-05-06T23:38:45.242+0000] {logging_mixin.py:149} INFO - [2023-05-06T23:38:45.242+0000] {dag.py:3490} INFO - Setting next_dagrun for example_params_trigger_ui to None, run_after=None
[2023-05-06T23:38:45.259+0000] {processor.py:178} INFO - Processing /home/airflow/.local/lib/python3.7/site-packages/airflow/example_dags/example_params_trigger_ui.py took 0.158 seconds
[2023-05-06T23:39:16.174+0000] {processor.py:156} INFO - Started process (PID=1670) to work on /home/airflow/.local/lib/python3.7/site-packages/airflow/example_dags/example_params_trigger_ui.py
[2023-05-06T23:39:16.175+0000] {processor.py:799} INFO - Processing file /home/airflow/.local/lib/python3.7/site-packages/airflow/example_dags/example_params_trigger_ui.py for tasks to queue
[2023-05-06T23:39:16.177+0000] {logging_mixin.py:149} INFO - [2023-05-06T23:39:16.176+0000] {dagbag.py:541} INFO - Filling up the DagBag from /home/airflow/.local/lib/python3.7/site-packages/airflow/example_dags/example_params_trigger_ui.py
[2023-05-06T23:39:16.194+0000] {processor.py:809} INFO - DAG(s) dict_keys(['example_params_trigger_ui']) retrieved from /home/airflow/.local/lib/python3.7/site-packages/airflow/example_dags/example_params_trigger_ui.py
[2023-05-06T23:39:16.267+0000] {logging_mixin.py:149} INFO - [2023-05-06T23:39:16.267+0000] {dag.py:2726} INFO - Sync 1 DAGs
[2023-05-06T23:39:16.289+0000] {logging_mixin.py:149} INFO - [2023-05-06T23:39:16.289+0000] {dag.py:3490} INFO - Setting next_dagrun for example_params_trigger_ui to None, run_after=None
[2023-05-06T23:39:16.307+0000] {processor.py:178} INFO - Processing /home/airflow/.local/lib/python3.7/site-packages/airflow/example_dags/example_params_trigger_ui.py took 0.137 seconds
[2023-05-06T23:39:46.552+0000] {processor.py:156} INFO - Started process (PID=1729) to work on /home/airflow/.local/lib/python3.7/site-packages/airflow/example_dags/example_params_trigger_ui.py
[2023-05-06T23:39:46.559+0000] {processor.py:799} INFO - Processing file /home/airflow/.local/lib/python3.7/site-packages/airflow/example_dags/example_params_trigger_ui.py for tasks to queue
[2023-05-06T23:39:46.560+0000] {logging_mixin.py:149} INFO - [2023-05-06T23:39:46.560+0000] {dagbag.py:541} INFO - Filling up the DagBag from /home/airflow/.local/lib/python3.7/site-packages/airflow/example_dags/example_params_trigger_ui.py
[2023-05-06T23:39:46.592+0000] {processor.py:809} INFO - DAG(s) dict_keys(['example_params_trigger_ui']) retrieved from /home/airflow/.local/lib/python3.7/site-packages/airflow/example_dags/example_params_trigger_ui.py
[2023-05-06T23:39:46.676+0000] {logging_mixin.py:149} INFO - [2023-05-06T23:39:46.675+0000] {dag.py:2726} INFO - Sync 1 DAGs
[2023-05-06T23:39:46.700+0000] {logging_mixin.py:149} INFO - [2023-05-06T23:39:46.699+0000] {dag.py:3490} INFO - Setting next_dagrun for example_params_trigger_ui to None, run_after=None
[2023-05-06T23:39:46.719+0000] {processor.py:178} INFO - Processing /home/airflow/.local/lib/python3.7/site-packages/airflow/example_dags/example_params_trigger_ui.py took 0.168 seconds
[2023-05-06T23:40:16.901+0000] {processor.py:156} INFO - Started process (PID=1787) to work on /home/airflow/.local/lib/python3.7/site-packages/airflow/example_dags/example_params_trigger_ui.py
[2023-05-06T23:40:16.908+0000] {processor.py:799} INFO - Processing file /home/airflow/.local/lib/python3.7/site-packages/airflow/example_dags/example_params_trigger_ui.py for tasks to queue
[2023-05-06T23:40:16.910+0000] {logging_mixin.py:149} INFO - [2023-05-06T23:40:16.909+0000] {dagbag.py:541} INFO - Filling up the DagBag from /home/airflow/.local/lib/python3.7/site-packages/airflow/example_dags/example_params_trigger_ui.py
[2023-05-06T23:40:16.947+0000] {processor.py:809} INFO - DAG(s) dict_keys(['example_params_trigger_ui']) retrieved from /home/airflow/.local/lib/python3.7/site-packages/airflow/example_dags/example_params_trigger_ui.py
[2023-05-06T23:40:17.021+0000] {logging_mixin.py:149} INFO - [2023-05-06T23:40:17.021+0000] {dag.py:2726} INFO - Sync 1 DAGs
[2023-05-06T23:40:17.046+0000] {logging_mixin.py:149} INFO - [2023-05-06T23:40:17.046+0000] {dag.py:3490} INFO - Setting next_dagrun for example_params_trigger_ui to None, run_after=None
[2023-05-06T23:40:17.063+0000] {processor.py:178} INFO - Processing /home/airflow/.local/lib/python3.7/site-packages/airflow/example_dags/example_params_trigger_ui.py took 0.167 seconds
[2023-05-06T23:40:47.217+0000] {processor.py:156} INFO - Started process (PID=1846) to work on /home/airflow/.local/lib/python3.7/site-packages/airflow/example_dags/example_params_trigger_ui.py
[2023-05-06T23:40:47.224+0000] {processor.py:799} INFO - Processing file /home/airflow/.local/lib/python3.7/site-packages/airflow/example_dags/example_params_trigger_ui.py for tasks to queue
[2023-05-06T23:40:47.225+0000] {logging_mixin.py:149} INFO - [2023-05-06T23:40:47.225+0000] {dagbag.py:541} INFO - Filling up the DagBag from /home/airflow/.local/lib/python3.7/site-packages/airflow/example_dags/example_params_trigger_ui.py
[2023-05-06T23:40:47.265+0000] {processor.py:809} INFO - DAG(s) dict_keys(['example_params_trigger_ui']) retrieved from /home/airflow/.local/lib/python3.7/site-packages/airflow/example_dags/example_params_trigger_ui.py
[2023-05-06T23:40:47.345+0000] {logging_mixin.py:149} INFO - [2023-05-06T23:40:47.344+0000] {dag.py:2726} INFO - Sync 1 DAGs
[2023-05-06T23:40:47.369+0000] {logging_mixin.py:149} INFO - [2023-05-06T23:40:47.368+0000] {dag.py:3490} INFO - Setting next_dagrun for example_params_trigger_ui to None, run_after=None
[2023-05-06T23:40:47.390+0000] {processor.py:178} INFO - Processing /home/airflow/.local/lib/python3.7/site-packages/airflow/example_dags/example_params_trigger_ui.py took 0.178 seconds
[2023-05-06T23:41:17.547+0000] {processor.py:156} INFO - Started process (PID=1904) to work on /home/airflow/.local/lib/python3.7/site-packages/airflow/example_dags/example_params_trigger_ui.py
[2023-05-06T23:41:17.554+0000] {processor.py:799} INFO - Processing file /home/airflow/.local/lib/python3.7/site-packages/airflow/example_dags/example_params_trigger_ui.py for tasks to queue
[2023-05-06T23:41:17.555+0000] {logging_mixin.py:149} INFO - [2023-05-06T23:41:17.555+0000] {dagbag.py:541} INFO - Filling up the DagBag from /home/airflow/.local/lib/python3.7/site-packages/airflow/example_dags/example_params_trigger_ui.py
[2023-05-06T23:41:17.590+0000] {processor.py:809} INFO - DAG(s) dict_keys(['example_params_trigger_ui']) retrieved from /home/airflow/.local/lib/python3.7/site-packages/airflow/example_dags/example_params_trigger_ui.py
[2023-05-06T23:41:17.677+0000] {logging_mixin.py:149} INFO - [2023-05-06T23:41:17.677+0000] {dag.py:2726} INFO - Sync 1 DAGs
[2023-05-06T23:41:17.700+0000] {logging_mixin.py:149} INFO - [2023-05-06T23:41:17.699+0000] {dag.py:3490} INFO - Setting next_dagrun for example_params_trigger_ui to None, run_after=None
[2023-05-06T23:41:17.716+0000] {processor.py:178} INFO - Processing /home/airflow/.local/lib/python3.7/site-packages/airflow/example_dags/example_params_trigger_ui.py took 0.173 seconds
[2023-05-06T23:41:47.873+0000] {processor.py:156} INFO - Started process (PID=1962) to work on /home/airflow/.local/lib/python3.7/site-packages/airflow/example_dags/example_params_trigger_ui.py
[2023-05-06T23:41:47.874+0000] {processor.py:799} INFO - Processing file /home/airflow/.local/lib/python3.7/site-packages/airflow/example_dags/example_params_trigger_ui.py for tasks to queue
[2023-05-06T23:41:47.875+0000] {logging_mixin.py:149} INFO - [2023-05-06T23:41:47.875+0000] {dagbag.py:541} INFO - Filling up the DagBag from /home/airflow/.local/lib/python3.7/site-packages/airflow/example_dags/example_params_trigger_ui.py
[2023-05-06T23:41:47.893+0000] {processor.py:809} INFO - DAG(s) dict_keys(['example_params_trigger_ui']) retrieved from /home/airflow/.local/lib/python3.7/site-packages/airflow/example_dags/example_params_trigger_ui.py
[2023-05-06T23:41:47.968+0000] {logging_mixin.py:149} INFO - [2023-05-06T23:41:47.968+0000] {dag.py:2726} INFO - Sync 1 DAGs
[2023-05-06T23:41:47.996+0000] {logging_mixin.py:149} INFO - [2023-05-06T23:41:47.995+0000] {dag.py:3490} INFO - Setting next_dagrun for example_params_trigger_ui to None, run_after=None
[2023-05-06T23:41:48.015+0000] {processor.py:178} INFO - Processing /home/airflow/.local/lib/python3.7/site-packages/airflow/example_dags/example_params_trigger_ui.py took 0.145 seconds
[2023-05-06T23:42:18.195+0000] {processor.py:156} INFO - Started process (PID=2020) to work on /home/airflow/.local/lib/python3.7/site-packages/airflow/example_dags/example_params_trigger_ui.py
[2023-05-06T23:42:18.196+0000] {processor.py:799} INFO - Processing file /home/airflow/.local/lib/python3.7/site-packages/airflow/example_dags/example_params_trigger_ui.py for tasks to queue
[2023-05-06T23:42:18.196+0000] {logging_mixin.py:149} INFO - [2023-05-06T23:42:18.196+0000] {dagbag.py:541} INFO - Filling up the DagBag from /home/airflow/.local/lib/python3.7/site-packages/airflow/example_dags/example_params_trigger_ui.py
[2023-05-06T23:42:18.214+0000] {processor.py:809} INFO - DAG(s) dict_keys(['example_params_trigger_ui']) retrieved from /home/airflow/.local/lib/python3.7/site-packages/airflow/example_dags/example_params_trigger_ui.py
[2023-05-06T23:42:18.287+0000] {logging_mixin.py:149} INFO - [2023-05-06T23:42:18.287+0000] {dag.py:2726} INFO - Sync 1 DAGs
[2023-05-06T23:42:18.311+0000] {logging_mixin.py:149} INFO - [2023-05-06T23:42:18.311+0000] {dag.py:3490} INFO - Setting next_dagrun for example_params_trigger_ui to None, run_after=None
[2023-05-06T23:42:18.332+0000] {processor.py:178} INFO - Processing /home/airflow/.local/lib/python3.7/site-packages/airflow/example_dags/example_params_trigger_ui.py took 0.140 seconds
[2023-05-06T23:42:48.652+0000] {processor.py:156} INFO - Started process (PID=2078) to work on /home/airflow/.local/lib/python3.7/site-packages/airflow/example_dags/example_params_trigger_ui.py
[2023-05-06T23:42:48.658+0000] {processor.py:799} INFO - Processing file /home/airflow/.local/lib/python3.7/site-packages/airflow/example_dags/example_params_trigger_ui.py for tasks to queue
[2023-05-06T23:42:48.659+0000] {logging_mixin.py:149} INFO - [2023-05-06T23:42:48.659+0000] {dagbag.py:541} INFO - Filling up the DagBag from /home/airflow/.local/lib/python3.7/site-packages/airflow/example_dags/example_params_trigger_ui.py
[2023-05-06T23:42:48.680+0000] {processor.py:809} INFO - DAG(s) dict_keys(['example_params_trigger_ui']) retrieved from /home/airflow/.local/lib/python3.7/site-packages/airflow/example_dags/example_params_trigger_ui.py
[2023-05-06T23:42:48.754+0000] {logging_mixin.py:149} INFO - [2023-05-06T23:42:48.754+0000] {dag.py:2726} INFO - Sync 1 DAGs
[2023-05-06T23:42:48.777+0000] {logging_mixin.py:149} INFO - [2023-05-06T23:42:48.777+0000] {dag.py:3490} INFO - Setting next_dagrun for example_params_trigger_ui to None, run_after=None
[2023-05-06T23:42:48.796+0000] {processor.py:178} INFO - Processing /home/airflow/.local/lib/python3.7/site-packages/airflow/example_dags/example_params_trigger_ui.py took 0.146 seconds
[2023-05-06T23:43:19.084+0000] {processor.py:156} INFO - Started process (PID=2136) to work on /home/airflow/.local/lib/python3.7/site-packages/airflow/example_dags/example_params_trigger_ui.py
[2023-05-06T23:43:19.085+0000] {processor.py:799} INFO - Processing file /home/airflow/.local/lib/python3.7/site-packages/airflow/example_dags/example_params_trigger_ui.py for tasks to queue
[2023-05-06T23:43:19.086+0000] {logging_mixin.py:149} INFO - [2023-05-06T23:43:19.086+0000] {dagbag.py:541} INFO - Filling up the DagBag from /home/airflow/.local/lib/python3.7/site-packages/airflow/example_dags/example_params_trigger_ui.py
[2023-05-06T23:43:19.122+0000] {processor.py:809} INFO - DAG(s) dict_keys(['example_params_trigger_ui']) retrieved from /home/airflow/.local/lib/python3.7/site-packages/airflow/example_dags/example_params_trigger_ui.py
[2023-05-06T23:43:19.196+0000] {logging_mixin.py:149} INFO - [2023-05-06T23:43:19.196+0000] {dag.py:2726} INFO - Sync 1 DAGs
[2023-05-06T23:43:19.220+0000] {logging_mixin.py:149} INFO - [2023-05-06T23:43:19.220+0000] {dag.py:3490} INFO - Setting next_dagrun for example_params_trigger_ui to None, run_after=None
[2023-05-06T23:43:19.237+0000] {processor.py:178} INFO - Processing /home/airflow/.local/lib/python3.7/site-packages/airflow/example_dags/example_params_trigger_ui.py took 0.157 seconds
