[2023-05-06T23:25:03.021+0000] {processor.py:156} INFO - Started process (PID=55) to work on /home/airflow/.local/lib/python3.7/site-packages/airflow/example_dags/example_xcomargs.py
[2023-05-06T23:25:03.022+0000] {processor.py:799} INFO - Processing file /home/airflow/.local/lib/python3.7/site-packages/airflow/example_dags/example_xcomargs.py for tasks to queue
[2023-05-06T23:25:03.022+0000] {logging_mixin.py:149} INFO - [2023-05-06T23:25:03.022+0000] {dagbag.py:541} INFO - Filling up the DagBag from /home/airflow/.local/lib/python3.7/site-packages/airflow/example_dags/example_xcomargs.py
[2023-05-06T23:25:03.030+0000] {processor.py:809} INFO - DAG(s) dict_keys(['example_xcom_args_with_operators', 'example_xcom_args']) retrieved from /home/airflow/.local/lib/python3.7/site-packages/airflow/example_dags/example_xcomargs.py
[2023-05-06T23:25:03.044+0000] {logging_mixin.py:149} INFO - [2023-05-06T23:25:03.043+0000] {dag.py:2726} INFO - Sync 2 DAGs
[2023-05-06T23:25:03.071+0000] {logging_mixin.py:149} INFO - [2023-05-06T23:25:03.071+0000] {dag.py:3490} INFO - Setting next_dagrun for example_xcom_args to None, run_after=None
[2023-05-06T23:25:03.076+0000] {logging_mixin.py:149} INFO - [2023-05-06T23:25:03.076+0000] {dag.py:3490} INFO - Setting next_dagrun for example_xcom_args_with_operators to None, run_after=None
[2023-05-06T23:25:03.097+0000] {processor.py:178} INFO - Processing /home/airflow/.local/lib/python3.7/site-packages/airflow/example_dags/example_xcomargs.py took 0.081 seconds
[2023-05-06T23:25:34.125+0000] {processor.py:156} INFO - Started process (PID=113) to work on /home/airflow/.local/lib/python3.7/site-packages/airflow/example_dags/example_xcomargs.py
[2023-05-06T23:25:34.126+0000] {processor.py:799} INFO - Processing file /home/airflow/.local/lib/python3.7/site-packages/airflow/example_dags/example_xcomargs.py for tasks to queue
[2023-05-06T23:25:34.127+0000] {logging_mixin.py:149} INFO - [2023-05-06T23:25:34.127+0000] {dagbag.py:541} INFO - Filling up the DagBag from /home/airflow/.local/lib/python3.7/site-packages/airflow/example_dags/example_xcomargs.py
[2023-05-06T23:25:34.140+0000] {processor.py:809} INFO - DAG(s) dict_keys(['example_xcom_args_with_operators', 'example_xcom_args']) retrieved from /home/airflow/.local/lib/python3.7/site-packages/airflow/example_dags/example_xcomargs.py
[2023-05-06T23:25:34.164+0000] {logging_mixin.py:149} INFO - [2023-05-06T23:25:34.163+0000] {dag.py:2726} INFO - Sync 2 DAGs
[2023-05-06T23:25:34.187+0000] {logging_mixin.py:149} INFO - [2023-05-06T23:25:34.187+0000] {dag.py:3490} INFO - Setting next_dagrun for example_xcom_args to None, run_after=None
[2023-05-06T23:25:34.191+0000] {logging_mixin.py:149} INFO - [2023-05-06T23:25:34.191+0000] {dag.py:3490} INFO - Setting next_dagrun for example_xcom_args_with_operators to None, run_after=None
[2023-05-06T23:25:34.206+0000] {processor.py:178} INFO - Processing /home/airflow/.local/lib/python3.7/site-packages/airflow/example_dags/example_xcomargs.py took 0.086 seconds
[2023-05-06T23:26:05.050+0000] {processor.py:156} INFO - Started process (PID=171) to work on /home/airflow/.local/lib/python3.7/site-packages/airflow/example_dags/example_xcomargs.py
[2023-05-06T23:26:05.052+0000] {processor.py:799} INFO - Processing file /home/airflow/.local/lib/python3.7/site-packages/airflow/example_dags/example_xcomargs.py for tasks to queue
[2023-05-06T23:26:05.052+0000] {logging_mixin.py:149} INFO - [2023-05-06T23:26:05.052+0000] {dagbag.py:541} INFO - Filling up the DagBag from /home/airflow/.local/lib/python3.7/site-packages/airflow/example_dags/example_xcomargs.py
[2023-05-06T23:26:05.066+0000] {processor.py:809} INFO - DAG(s) dict_keys(['example_xcom_args_with_operators', 'example_xcom_args']) retrieved from /home/airflow/.local/lib/python3.7/site-packages/airflow/example_dags/example_xcomargs.py
[2023-05-06T23:26:05.107+0000] {logging_mixin.py:149} INFO - [2023-05-06T23:26:05.107+0000] {dag.py:2726} INFO - Sync 2 DAGs
[2023-05-06T23:26:05.131+0000] {logging_mixin.py:149} INFO - [2023-05-06T23:26:05.131+0000] {dag.py:3490} INFO - Setting next_dagrun for example_xcom_args to None, run_after=None
[2023-05-06T23:26:05.134+0000] {logging_mixin.py:149} INFO - [2023-05-06T23:26:05.134+0000] {dag.py:3490} INFO - Setting next_dagrun for example_xcom_args_with_operators to None, run_after=None
[2023-05-06T23:26:05.150+0000] {processor.py:178} INFO - Processing /home/airflow/.local/lib/python3.7/site-packages/airflow/example_dags/example_xcomargs.py took 0.104 seconds
[2023-05-06T23:26:35.647+0000] {processor.py:156} INFO - Started process (PID=228) to work on /home/airflow/.local/lib/python3.7/site-packages/airflow/example_dags/example_xcomargs.py
[2023-05-06T23:26:35.648+0000] {processor.py:799} INFO - Processing file /home/airflow/.local/lib/python3.7/site-packages/airflow/example_dags/example_xcomargs.py for tasks to queue
[2023-05-06T23:26:35.648+0000] {logging_mixin.py:149} INFO - [2023-05-06T23:26:35.648+0000] {dagbag.py:541} INFO - Filling up the DagBag from /home/airflow/.local/lib/python3.7/site-packages/airflow/example_dags/example_xcomargs.py
[2023-05-06T23:26:35.653+0000] {processor.py:809} INFO - DAG(s) dict_keys(['example_xcom_args_with_operators', 'example_xcom_args']) retrieved from /home/airflow/.local/lib/python3.7/site-packages/airflow/example_dags/example_xcomargs.py
[2023-05-06T23:26:35.677+0000] {logging_mixin.py:149} INFO - [2023-05-06T23:26:35.677+0000] {dag.py:2726} INFO - Sync 2 DAGs
[2023-05-06T23:26:35.702+0000] {logging_mixin.py:149} INFO - [2023-05-06T23:26:35.702+0000] {dag.py:3490} INFO - Setting next_dagrun for example_xcom_args to None, run_after=None
[2023-05-06T23:26:35.706+0000] {logging_mixin.py:149} INFO - [2023-05-06T23:26:35.706+0000] {dag.py:3490} INFO - Setting next_dagrun for example_xcom_args_with_operators to None, run_after=None
[2023-05-06T23:26:35.722+0000] {processor.py:178} INFO - Processing /home/airflow/.local/lib/python3.7/site-packages/airflow/example_dags/example_xcomargs.py took 0.077 seconds
[2023-05-06T23:27:06.240+0000] {processor.py:156} INFO - Started process (PID=286) to work on /home/airflow/.local/lib/python3.7/site-packages/airflow/example_dags/example_xcomargs.py
[2023-05-06T23:27:06.241+0000] {processor.py:799} INFO - Processing file /home/airflow/.local/lib/python3.7/site-packages/airflow/example_dags/example_xcomargs.py for tasks to queue
[2023-05-06T23:27:06.241+0000] {logging_mixin.py:149} INFO - [2023-05-06T23:27:06.241+0000] {dagbag.py:541} INFO - Filling up the DagBag from /home/airflow/.local/lib/python3.7/site-packages/airflow/example_dags/example_xcomargs.py
[2023-05-06T23:27:06.247+0000] {processor.py:809} INFO - DAG(s) dict_keys(['example_xcom_args_with_operators', 'example_xcom_args']) retrieved from /home/airflow/.local/lib/python3.7/site-packages/airflow/example_dags/example_xcomargs.py
[2023-05-06T23:27:06.271+0000] {logging_mixin.py:149} INFO - [2023-05-06T23:27:06.271+0000] {dag.py:2726} INFO - Sync 2 DAGs
[2023-05-06T23:27:06.297+0000] {logging_mixin.py:149} INFO - [2023-05-06T23:27:06.296+0000] {dag.py:3490} INFO - Setting next_dagrun for example_xcom_args to None, run_after=None
[2023-05-06T23:27:06.300+0000] {logging_mixin.py:149} INFO - [2023-05-06T23:27:06.300+0000] {dag.py:3490} INFO - Setting next_dagrun for example_xcom_args_with_operators to None, run_after=None
[2023-05-06T23:27:06.318+0000] {processor.py:178} INFO - Processing /home/airflow/.local/lib/python3.7/site-packages/airflow/example_dags/example_xcomargs.py took 0.079 seconds
[2023-05-06T23:27:36.782+0000] {processor.py:156} INFO - Started process (PID=344) to work on /home/airflow/.local/lib/python3.7/site-packages/airflow/example_dags/example_xcomargs.py
[2023-05-06T23:27:36.783+0000] {processor.py:799} INFO - Processing file /home/airflow/.local/lib/python3.7/site-packages/airflow/example_dags/example_xcomargs.py for tasks to queue
[2023-05-06T23:27:36.783+0000] {logging_mixin.py:149} INFO - [2023-05-06T23:27:36.783+0000] {dagbag.py:541} INFO - Filling up the DagBag from /home/airflow/.local/lib/python3.7/site-packages/airflow/example_dags/example_xcomargs.py
[2023-05-06T23:27:36.788+0000] {processor.py:809} INFO - DAG(s) dict_keys(['example_xcom_args_with_operators', 'example_xcom_args']) retrieved from /home/airflow/.local/lib/python3.7/site-packages/airflow/example_dags/example_xcomargs.py
[2023-05-06T23:27:36.813+0000] {logging_mixin.py:149} INFO - [2023-05-06T23:27:36.813+0000] {dag.py:2726} INFO - Sync 2 DAGs
[2023-05-06T23:27:36.836+0000] {logging_mixin.py:149} INFO - [2023-05-06T23:27:36.836+0000] {dag.py:3490} INFO - Setting next_dagrun for example_xcom_args to None, run_after=None
[2023-05-06T23:27:36.839+0000] {logging_mixin.py:149} INFO - [2023-05-06T23:27:36.839+0000] {dag.py:3490} INFO - Setting next_dagrun for example_xcom_args_with_operators to None, run_after=None
[2023-05-06T23:27:36.856+0000] {processor.py:178} INFO - Processing /home/airflow/.local/lib/python3.7/site-packages/airflow/example_dags/example_xcomargs.py took 0.076 seconds
[2023-05-06T23:28:07.109+0000] {processor.py:156} INFO - Started process (PID=402) to work on /home/airflow/.local/lib/python3.7/site-packages/airflow/example_dags/example_xcomargs.py
[2023-05-06T23:28:07.110+0000] {processor.py:799} INFO - Processing file /home/airflow/.local/lib/python3.7/site-packages/airflow/example_dags/example_xcomargs.py for tasks to queue
[2023-05-06T23:28:07.110+0000] {logging_mixin.py:149} INFO - [2023-05-06T23:28:07.110+0000] {dagbag.py:541} INFO - Filling up the DagBag from /home/airflow/.local/lib/python3.7/site-packages/airflow/example_dags/example_xcomargs.py
[2023-05-06T23:28:07.116+0000] {processor.py:809} INFO - DAG(s) dict_keys(['example_xcom_args', 'example_xcom_args_with_operators']) retrieved from /home/airflow/.local/lib/python3.7/site-packages/airflow/example_dags/example_xcomargs.py
[2023-05-06T23:28:07.140+0000] {logging_mixin.py:149} INFO - [2023-05-06T23:28:07.140+0000] {dag.py:2726} INFO - Sync 2 DAGs
[2023-05-06T23:28:07.164+0000] {logging_mixin.py:149} INFO - [2023-05-06T23:28:07.164+0000] {dag.py:3490} INFO - Setting next_dagrun for example_xcom_args to None, run_after=None
[2023-05-06T23:28:07.167+0000] {logging_mixin.py:149} INFO - [2023-05-06T23:28:07.167+0000] {dag.py:3490} INFO - Setting next_dagrun for example_xcom_args_with_operators to None, run_after=None
[2023-05-06T23:28:07.184+0000] {processor.py:178} INFO - Processing /home/airflow/.local/lib/python3.7/site-packages/airflow/example_dags/example_xcomargs.py took 0.077 seconds
[2023-05-06T23:28:37.470+0000] {processor.py:156} INFO - Started process (PID=460) to work on /home/airflow/.local/lib/python3.7/site-packages/airflow/example_dags/example_xcomargs.py
[2023-05-06T23:28:37.471+0000] {processor.py:799} INFO - Processing file /home/airflow/.local/lib/python3.7/site-packages/airflow/example_dags/example_xcomargs.py for tasks to queue
[2023-05-06T23:28:37.471+0000] {logging_mixin.py:149} INFO - [2023-05-06T23:28:37.471+0000] {dagbag.py:541} INFO - Filling up the DagBag from /home/airflow/.local/lib/python3.7/site-packages/airflow/example_dags/example_xcomargs.py
[2023-05-06T23:28:37.483+0000] {processor.py:809} INFO - DAG(s) dict_keys(['example_xcom_args_with_operators', 'example_xcom_args']) retrieved from /home/airflow/.local/lib/python3.7/site-packages/airflow/example_dags/example_xcomargs.py
[2023-05-06T23:28:37.509+0000] {logging_mixin.py:149} INFO - [2023-05-06T23:28:37.509+0000] {dag.py:2726} INFO - Sync 2 DAGs
[2023-05-06T23:28:37.535+0000] {logging_mixin.py:149} INFO - [2023-05-06T23:28:37.535+0000] {dag.py:3490} INFO - Setting next_dagrun for example_xcom_args to None, run_after=None
[2023-05-06T23:28:37.538+0000] {logging_mixin.py:149} INFO - [2023-05-06T23:28:37.538+0000] {dag.py:3490} INFO - Setting next_dagrun for example_xcom_args_with_operators to None, run_after=None
[2023-05-06T23:28:37.554+0000] {processor.py:178} INFO - Processing /home/airflow/.local/lib/python3.7/site-packages/airflow/example_dags/example_xcomargs.py took 0.088 seconds
[2023-05-06T23:29:07.969+0000] {processor.py:156} INFO - Started process (PID=519) to work on /home/airflow/.local/lib/python3.7/site-packages/airflow/example_dags/example_xcomargs.py
[2023-05-06T23:29:07.970+0000] {processor.py:799} INFO - Processing file /home/airflow/.local/lib/python3.7/site-packages/airflow/example_dags/example_xcomargs.py for tasks to queue
[2023-05-06T23:29:07.970+0000] {logging_mixin.py:149} INFO - [2023-05-06T23:29:07.970+0000] {dagbag.py:541} INFO - Filling up the DagBag from /home/airflow/.local/lib/python3.7/site-packages/airflow/example_dags/example_xcomargs.py
[2023-05-06T23:29:07.976+0000] {processor.py:809} INFO - DAG(s) dict_keys(['example_xcom_args_with_operators', 'example_xcom_args']) retrieved from /home/airflow/.local/lib/python3.7/site-packages/airflow/example_dags/example_xcomargs.py
[2023-05-06T23:29:08.001+0000] {logging_mixin.py:149} INFO - [2023-05-06T23:29:08.000+0000] {dag.py:2726} INFO - Sync 2 DAGs
[2023-05-06T23:29:08.023+0000] {logging_mixin.py:149} INFO - [2023-05-06T23:29:08.023+0000] {dag.py:3490} INFO - Setting next_dagrun for example_xcom_args to None, run_after=None
[2023-05-06T23:29:08.027+0000] {logging_mixin.py:149} INFO - [2023-05-06T23:29:08.027+0000] {dag.py:3490} INFO - Setting next_dagrun for example_xcom_args_with_operators to None, run_after=None
[2023-05-06T23:29:08.044+0000] {processor.py:178} INFO - Processing /home/airflow/.local/lib/python3.7/site-packages/airflow/example_dags/example_xcomargs.py took 0.078 seconds
[2023-05-06T23:29:38.360+0000] {processor.py:156} INFO - Started process (PID=577) to work on /home/airflow/.local/lib/python3.7/site-packages/airflow/example_dags/example_xcomargs.py
[2023-05-06T23:29:38.361+0000] {processor.py:799} INFO - Processing file /home/airflow/.local/lib/python3.7/site-packages/airflow/example_dags/example_xcomargs.py for tasks to queue
[2023-05-06T23:29:38.362+0000] {logging_mixin.py:149} INFO - [2023-05-06T23:29:38.362+0000] {dagbag.py:541} INFO - Filling up the DagBag from /home/airflow/.local/lib/python3.7/site-packages/airflow/example_dags/example_xcomargs.py
[2023-05-06T23:29:38.374+0000] {processor.py:809} INFO - DAG(s) dict_keys(['example_xcom_args_with_operators', 'example_xcom_args']) retrieved from /home/airflow/.local/lib/python3.7/site-packages/airflow/example_dags/example_xcomargs.py
[2023-05-06T23:29:38.414+0000] {logging_mixin.py:149} INFO - [2023-05-06T23:29:38.413+0000] {dag.py:2726} INFO - Sync 2 DAGs
[2023-05-06T23:29:38.436+0000] {logging_mixin.py:149} INFO - [2023-05-06T23:29:38.436+0000] {dag.py:3490} INFO - Setting next_dagrun for example_xcom_args to None, run_after=None
[2023-05-06T23:29:38.439+0000] {logging_mixin.py:149} INFO - [2023-05-06T23:29:38.439+0000] {dag.py:3490} INFO - Setting next_dagrun for example_xcom_args_with_operators to None, run_after=None
[2023-05-06T23:29:38.455+0000] {processor.py:178} INFO - Processing /home/airflow/.local/lib/python3.7/site-packages/airflow/example_dags/example_xcomargs.py took 0.098 seconds
[2023-05-06T23:30:09.007+0000] {processor.py:156} INFO - Started process (PID=635) to work on /home/airflow/.local/lib/python3.7/site-packages/airflow/example_dags/example_xcomargs.py
[2023-05-06T23:30:09.009+0000] {processor.py:799} INFO - Processing file /home/airflow/.local/lib/python3.7/site-packages/airflow/example_dags/example_xcomargs.py for tasks to queue
[2023-05-06T23:30:09.009+0000] {logging_mixin.py:149} INFO - [2023-05-06T23:30:09.009+0000] {dagbag.py:541} INFO - Filling up the DagBag from /home/airflow/.local/lib/python3.7/site-packages/airflow/example_dags/example_xcomargs.py
[2023-05-06T23:30:09.015+0000] {processor.py:809} INFO - DAG(s) dict_keys(['example_xcom_args', 'example_xcom_args_with_operators']) retrieved from /home/airflow/.local/lib/python3.7/site-packages/airflow/example_dags/example_xcomargs.py
[2023-05-06T23:30:09.038+0000] {logging_mixin.py:149} INFO - [2023-05-06T23:30:09.038+0000] {dag.py:2726} INFO - Sync 2 DAGs
[2023-05-06T23:30:09.061+0000] {logging_mixin.py:149} INFO - [2023-05-06T23:30:09.061+0000] {dag.py:3490} INFO - Setting next_dagrun for example_xcom_args to None, run_after=None
[2023-05-06T23:30:09.065+0000] {logging_mixin.py:149} INFO - [2023-05-06T23:30:09.065+0000] {dag.py:3490} INFO - Setting next_dagrun for example_xcom_args_with_operators to None, run_after=None
[2023-05-06T23:30:09.081+0000] {processor.py:178} INFO - Processing /home/airflow/.local/lib/python3.7/site-packages/airflow/example_dags/example_xcomargs.py took 0.078 seconds
[2023-05-06T23:30:39.208+0000] {processor.py:156} INFO - Started process (PID=693) to work on /home/airflow/.local/lib/python3.7/site-packages/airflow/example_dags/example_xcomargs.py
[2023-05-06T23:30:39.209+0000] {processor.py:799} INFO - Processing file /home/airflow/.local/lib/python3.7/site-packages/airflow/example_dags/example_xcomargs.py for tasks to queue
[2023-05-06T23:30:39.210+0000] {logging_mixin.py:149} INFO - [2023-05-06T23:30:39.210+0000] {dagbag.py:541} INFO - Filling up the DagBag from /home/airflow/.local/lib/python3.7/site-packages/airflow/example_dags/example_xcomargs.py
[2023-05-06T23:30:39.221+0000] {processor.py:809} INFO - DAG(s) dict_keys(['example_xcom_args', 'example_xcom_args_with_operators']) retrieved from /home/airflow/.local/lib/python3.7/site-packages/airflow/example_dags/example_xcomargs.py
[2023-05-06T23:30:39.248+0000] {logging_mixin.py:149} INFO - [2023-05-06T23:30:39.248+0000] {dag.py:2726} INFO - Sync 2 DAGs
[2023-05-06T23:30:39.271+0000] {logging_mixin.py:149} INFO - [2023-05-06T23:30:39.271+0000] {dag.py:3490} INFO - Setting next_dagrun for example_xcom_args to None, run_after=None
[2023-05-06T23:30:39.275+0000] {logging_mixin.py:149} INFO - [2023-05-06T23:30:39.275+0000] {dag.py:3490} INFO - Setting next_dagrun for example_xcom_args_with_operators to None, run_after=None
[2023-05-06T23:30:39.293+0000] {processor.py:178} INFO - Processing /home/airflow/.local/lib/python3.7/site-packages/airflow/example_dags/example_xcomargs.py took 0.089 seconds
[2023-05-06T23:31:09.754+0000] {processor.py:156} INFO - Started process (PID=750) to work on /home/airflow/.local/lib/python3.7/site-packages/airflow/example_dags/example_xcomargs.py
[2023-05-06T23:31:09.754+0000] {processor.py:799} INFO - Processing file /home/airflow/.local/lib/python3.7/site-packages/airflow/example_dags/example_xcomargs.py for tasks to queue
[2023-05-06T23:31:09.755+0000] {logging_mixin.py:149} INFO - [2023-05-06T23:31:09.754+0000] {dagbag.py:541} INFO - Filling up the DagBag from /home/airflow/.local/lib/python3.7/site-packages/airflow/example_dags/example_xcomargs.py
[2023-05-06T23:31:09.760+0000] {processor.py:809} INFO - DAG(s) dict_keys(['example_xcom_args_with_operators', 'example_xcom_args']) retrieved from /home/airflow/.local/lib/python3.7/site-packages/airflow/example_dags/example_xcomargs.py
[2023-05-06T23:31:09.782+0000] {logging_mixin.py:149} INFO - [2023-05-06T23:31:09.782+0000] {dag.py:2726} INFO - Sync 2 DAGs
[2023-05-06T23:31:09.805+0000] {logging_mixin.py:149} INFO - [2023-05-06T23:31:09.805+0000] {dag.py:3490} INFO - Setting next_dagrun for example_xcom_args to None, run_after=None
[2023-05-06T23:31:09.809+0000] {logging_mixin.py:149} INFO - [2023-05-06T23:31:09.809+0000] {dag.py:3490} INFO - Setting next_dagrun for example_xcom_args_with_operators to None, run_after=None
[2023-05-06T23:31:09.824+0000] {processor.py:178} INFO - Processing /home/airflow/.local/lib/python3.7/site-packages/airflow/example_dags/example_xcomargs.py took 0.073 seconds
[2023-05-06T23:31:40.062+0000] {processor.py:156} INFO - Started process (PID=808) to work on /home/airflow/.local/lib/python3.7/site-packages/airflow/example_dags/example_xcomargs.py
[2023-05-06T23:31:40.062+0000] {processor.py:799} INFO - Processing file /home/airflow/.local/lib/python3.7/site-packages/airflow/example_dags/example_xcomargs.py for tasks to queue
[2023-05-06T23:31:40.063+0000] {logging_mixin.py:149} INFO - [2023-05-06T23:31:40.063+0000] {dagbag.py:541} INFO - Filling up the DagBag from /home/airflow/.local/lib/python3.7/site-packages/airflow/example_dags/example_xcomargs.py
[2023-05-06T23:31:40.069+0000] {processor.py:809} INFO - DAG(s) dict_keys(['example_xcom_args', 'example_xcom_args_with_operators']) retrieved from /home/airflow/.local/lib/python3.7/site-packages/airflow/example_dags/example_xcomargs.py
[2023-05-06T23:31:40.092+0000] {logging_mixin.py:149} INFO - [2023-05-06T23:31:40.092+0000] {dag.py:2726} INFO - Sync 2 DAGs
[2023-05-06T23:31:40.117+0000] {logging_mixin.py:149} INFO - [2023-05-06T23:31:40.117+0000] {dag.py:3490} INFO - Setting next_dagrun for example_xcom_args to None, run_after=None
[2023-05-06T23:31:40.121+0000] {logging_mixin.py:149} INFO - [2023-05-06T23:31:40.121+0000] {dag.py:3490} INFO - Setting next_dagrun for example_xcom_args_with_operators to None, run_after=None
[2023-05-06T23:31:40.139+0000] {processor.py:178} INFO - Processing /home/airflow/.local/lib/python3.7/site-packages/airflow/example_dags/example_xcomargs.py took 0.080 seconds
[2023-05-06T23:32:10.656+0000] {processor.py:156} INFO - Started process (PID=866) to work on /home/airflow/.local/lib/python3.7/site-packages/airflow/example_dags/example_xcomargs.py
[2023-05-06T23:32:10.656+0000] {processor.py:799} INFO - Processing file /home/airflow/.local/lib/python3.7/site-packages/airflow/example_dags/example_xcomargs.py for tasks to queue
[2023-05-06T23:32:10.657+0000] {logging_mixin.py:149} INFO - [2023-05-06T23:32:10.657+0000] {dagbag.py:541} INFO - Filling up the DagBag from /home/airflow/.local/lib/python3.7/site-packages/airflow/example_dags/example_xcomargs.py
[2023-05-06T23:32:10.662+0000] {processor.py:809} INFO - DAG(s) dict_keys(['example_xcom_args_with_operators', 'example_xcom_args']) retrieved from /home/airflow/.local/lib/python3.7/site-packages/airflow/example_dags/example_xcomargs.py
[2023-05-06T23:32:10.687+0000] {logging_mixin.py:149} INFO - [2023-05-06T23:32:10.687+0000] {dag.py:2726} INFO - Sync 2 DAGs
[2023-05-06T23:32:10.711+0000] {logging_mixin.py:149} INFO - [2023-05-06T23:32:10.711+0000] {dag.py:3490} INFO - Setting next_dagrun for example_xcom_args to None, run_after=None
[2023-05-06T23:32:10.715+0000] {logging_mixin.py:149} INFO - [2023-05-06T23:32:10.715+0000] {dag.py:3490} INFO - Setting next_dagrun for example_xcom_args_with_operators to None, run_after=None
[2023-05-06T23:32:10.734+0000] {processor.py:178} INFO - Processing /home/airflow/.local/lib/python3.7/site-packages/airflow/example_dags/example_xcomargs.py took 0.080 seconds
[2023-05-06T23:32:41.021+0000] {processor.py:156} INFO - Started process (PID=924) to work on /home/airflow/.local/lib/python3.7/site-packages/airflow/example_dags/example_xcomargs.py
[2023-05-06T23:32:41.022+0000] {processor.py:799} INFO - Processing file /home/airflow/.local/lib/python3.7/site-packages/airflow/example_dags/example_xcomargs.py for tasks to queue
[2023-05-06T23:32:41.022+0000] {logging_mixin.py:149} INFO - [2023-05-06T23:32:41.022+0000] {dagbag.py:541} INFO - Filling up the DagBag from /home/airflow/.local/lib/python3.7/site-packages/airflow/example_dags/example_xcomargs.py
[2023-05-06T23:32:41.028+0000] {processor.py:809} INFO - DAG(s) dict_keys(['example_xcom_args_with_operators', 'example_xcom_args']) retrieved from /home/airflow/.local/lib/python3.7/site-packages/airflow/example_dags/example_xcomargs.py
[2023-05-06T23:32:41.053+0000] {logging_mixin.py:149} INFO - [2023-05-06T23:32:41.053+0000] {dag.py:2726} INFO - Sync 2 DAGs
[2023-05-06T23:32:41.077+0000] {logging_mixin.py:149} INFO - [2023-05-06T23:32:41.077+0000] {dag.py:3490} INFO - Setting next_dagrun for example_xcom_args to None, run_after=None
[2023-05-06T23:32:41.081+0000] {logging_mixin.py:149} INFO - [2023-05-06T23:32:41.080+0000] {dag.py:3490} INFO - Setting next_dagrun for example_xcom_args_with_operators to None, run_after=None
[2023-05-06T23:32:41.098+0000] {processor.py:178} INFO - Processing /home/airflow/.local/lib/python3.7/site-packages/airflow/example_dags/example_xcomargs.py took 0.079 seconds
[2023-05-06T23:33:11.457+0000] {processor.py:156} INFO - Started process (PID=982) to work on /home/airflow/.local/lib/python3.7/site-packages/airflow/example_dags/example_xcomargs.py
[2023-05-06T23:33:11.458+0000] {processor.py:799} INFO - Processing file /home/airflow/.local/lib/python3.7/site-packages/airflow/example_dags/example_xcomargs.py for tasks to queue
[2023-05-06T23:33:11.458+0000] {logging_mixin.py:149} INFO - [2023-05-06T23:33:11.458+0000] {dagbag.py:541} INFO - Filling up the DagBag from /home/airflow/.local/lib/python3.7/site-packages/airflow/example_dags/example_xcomargs.py
[2023-05-06T23:33:11.464+0000] {processor.py:809} INFO - DAG(s) dict_keys(['example_xcom_args_with_operators', 'example_xcom_args']) retrieved from /home/airflow/.local/lib/python3.7/site-packages/airflow/example_dags/example_xcomargs.py
[2023-05-06T23:33:11.487+0000] {logging_mixin.py:149} INFO - [2023-05-06T23:33:11.486+0000] {dag.py:2726} INFO - Sync 2 DAGs
[2023-05-06T23:33:11.510+0000] {logging_mixin.py:149} INFO - [2023-05-06T23:33:11.510+0000] {dag.py:3490} INFO - Setting next_dagrun for example_xcom_args to None, run_after=None
[2023-05-06T23:33:11.514+0000] {logging_mixin.py:149} INFO - [2023-05-06T23:33:11.514+0000] {dag.py:3490} INFO - Setting next_dagrun for example_xcom_args_with_operators to None, run_after=None
[2023-05-06T23:33:11.530+0000] {processor.py:178} INFO - Processing /home/airflow/.local/lib/python3.7/site-packages/airflow/example_dags/example_xcomargs.py took 0.075 seconds
[2023-05-06T23:33:41.821+0000] {processor.py:156} INFO - Started process (PID=1041) to work on /home/airflow/.local/lib/python3.7/site-packages/airflow/example_dags/example_xcomargs.py
[2023-05-06T23:33:41.822+0000] {processor.py:799} INFO - Processing file /home/airflow/.local/lib/python3.7/site-packages/airflow/example_dags/example_xcomargs.py for tasks to queue
[2023-05-06T23:33:41.822+0000] {logging_mixin.py:149} INFO - [2023-05-06T23:33:41.822+0000] {dagbag.py:541} INFO - Filling up the DagBag from /home/airflow/.local/lib/python3.7/site-packages/airflow/example_dags/example_xcomargs.py
[2023-05-06T23:33:41.828+0000] {processor.py:809} INFO - DAG(s) dict_keys(['example_xcom_args_with_operators', 'example_xcom_args']) retrieved from /home/airflow/.local/lib/python3.7/site-packages/airflow/example_dags/example_xcomargs.py
[2023-05-06T23:33:41.851+0000] {logging_mixin.py:149} INFO - [2023-05-06T23:33:41.851+0000] {dag.py:2726} INFO - Sync 2 DAGs
[2023-05-06T23:33:41.874+0000] {logging_mixin.py:149} INFO - [2023-05-06T23:33:41.874+0000] {dag.py:3490} INFO - Setting next_dagrun for example_xcom_args to None, run_after=None
[2023-05-06T23:33:41.878+0000] {logging_mixin.py:149} INFO - [2023-05-06T23:33:41.878+0000] {dag.py:3490} INFO - Setting next_dagrun for example_xcom_args_with_operators to None, run_after=None
[2023-05-06T23:33:41.894+0000] {processor.py:178} INFO - Processing /home/airflow/.local/lib/python3.7/site-packages/airflow/example_dags/example_xcomargs.py took 0.075 seconds
[2023-05-06T23:34:12.193+0000] {processor.py:156} INFO - Started process (PID=1099) to work on /home/airflow/.local/lib/python3.7/site-packages/airflow/example_dags/example_xcomargs.py
[2023-05-06T23:34:12.194+0000] {processor.py:799} INFO - Processing file /home/airflow/.local/lib/python3.7/site-packages/airflow/example_dags/example_xcomargs.py for tasks to queue
[2023-05-06T23:34:12.194+0000] {logging_mixin.py:149} INFO - [2023-05-06T23:34:12.194+0000] {dagbag.py:541} INFO - Filling up the DagBag from /home/airflow/.local/lib/python3.7/site-packages/airflow/example_dags/example_xcomargs.py
[2023-05-06T23:34:12.200+0000] {processor.py:809} INFO - DAG(s) dict_keys(['example_xcom_args_with_operators', 'example_xcom_args']) retrieved from /home/airflow/.local/lib/python3.7/site-packages/airflow/example_dags/example_xcomargs.py
[2023-05-06T23:34:12.224+0000] {logging_mixin.py:149} INFO - [2023-05-06T23:34:12.224+0000] {dag.py:2726} INFO - Sync 2 DAGs
[2023-05-06T23:34:12.248+0000] {logging_mixin.py:149} INFO - [2023-05-06T23:34:12.248+0000] {dag.py:3490} INFO - Setting next_dagrun for example_xcom_args to None, run_after=None
[2023-05-06T23:34:12.252+0000] {logging_mixin.py:149} INFO - [2023-05-06T23:34:12.251+0000] {dag.py:3490} INFO - Setting next_dagrun for example_xcom_args_with_operators to None, run_after=None
[2023-05-06T23:34:12.270+0000] {processor.py:178} INFO - Processing /home/airflow/.local/lib/python3.7/site-packages/airflow/example_dags/example_xcomargs.py took 0.079 seconds
[2023-05-06T23:34:42.687+0000] {processor.py:156} INFO - Started process (PID=1157) to work on /home/airflow/.local/lib/python3.7/site-packages/airflow/example_dags/example_xcomargs.py
[2023-05-06T23:34:42.688+0000] {processor.py:799} INFO - Processing file /home/airflow/.local/lib/python3.7/site-packages/airflow/example_dags/example_xcomargs.py for tasks to queue
[2023-05-06T23:34:42.689+0000] {logging_mixin.py:149} INFO - [2023-05-06T23:34:42.689+0000] {dagbag.py:541} INFO - Filling up the DagBag from /home/airflow/.local/lib/python3.7/site-packages/airflow/example_dags/example_xcomargs.py
[2023-05-06T23:34:42.702+0000] {processor.py:809} INFO - DAG(s) dict_keys(['example_xcom_args', 'example_xcom_args_with_operators']) retrieved from /home/airflow/.local/lib/python3.7/site-packages/airflow/example_dags/example_xcomargs.py
[2023-05-06T23:34:42.743+0000] {logging_mixin.py:149} INFO - [2023-05-06T23:34:42.743+0000] {dag.py:2726} INFO - Sync 2 DAGs
[2023-05-06T23:34:42.766+0000] {logging_mixin.py:149} INFO - [2023-05-06T23:34:42.766+0000] {dag.py:3490} INFO - Setting next_dagrun for example_xcom_args to None, run_after=None
[2023-05-06T23:34:42.769+0000] {logging_mixin.py:149} INFO - [2023-05-06T23:34:42.769+0000] {dag.py:3490} INFO - Setting next_dagrun for example_xcom_args_with_operators to None, run_after=None
[2023-05-06T23:34:42.783+0000] {processor.py:178} INFO - Processing /home/airflow/.local/lib/python3.7/site-packages/airflow/example_dags/example_xcomargs.py took 0.101 seconds
[2023-05-06T23:35:13.254+0000] {processor.py:156} INFO - Started process (PID=1215) to work on /home/airflow/.local/lib/python3.7/site-packages/airflow/example_dags/example_xcomargs.py
[2023-05-06T23:35:13.254+0000] {processor.py:799} INFO - Processing file /home/airflow/.local/lib/python3.7/site-packages/airflow/example_dags/example_xcomargs.py for tasks to queue
[2023-05-06T23:35:13.255+0000] {logging_mixin.py:149} INFO - [2023-05-06T23:35:13.254+0000] {dagbag.py:541} INFO - Filling up the DagBag from /home/airflow/.local/lib/python3.7/site-packages/airflow/example_dags/example_xcomargs.py
[2023-05-06T23:35:13.260+0000] {processor.py:809} INFO - DAG(s) dict_keys(['example_xcom_args_with_operators', 'example_xcom_args']) retrieved from /home/airflow/.local/lib/python3.7/site-packages/airflow/example_dags/example_xcomargs.py
[2023-05-06T23:35:13.285+0000] {logging_mixin.py:149} INFO - [2023-05-06T23:35:13.285+0000] {dag.py:2726} INFO - Sync 2 DAGs
[2023-05-06T23:35:13.308+0000] {logging_mixin.py:149} INFO - [2023-05-06T23:35:13.308+0000] {dag.py:3490} INFO - Setting next_dagrun for example_xcom_args to None, run_after=None
[2023-05-06T23:35:13.312+0000] {logging_mixin.py:149} INFO - [2023-05-06T23:35:13.311+0000] {dag.py:3490} INFO - Setting next_dagrun for example_xcom_args_with_operators to None, run_after=None
[2023-05-06T23:35:13.329+0000] {processor.py:178} INFO - Processing /home/airflow/.local/lib/python3.7/site-packages/airflow/example_dags/example_xcomargs.py took 0.077 seconds
[2023-05-06T23:35:43.744+0000] {processor.py:156} INFO - Started process (PID=1273) to work on /home/airflow/.local/lib/python3.7/site-packages/airflow/example_dags/example_xcomargs.py
[2023-05-06T23:35:43.745+0000] {processor.py:799} INFO - Processing file /home/airflow/.local/lib/python3.7/site-packages/airflow/example_dags/example_xcomargs.py for tasks to queue
[2023-05-06T23:35:43.746+0000] {logging_mixin.py:149} INFO - [2023-05-06T23:35:43.746+0000] {dagbag.py:541} INFO - Filling up the DagBag from /home/airflow/.local/lib/python3.7/site-packages/airflow/example_dags/example_xcomargs.py
[2023-05-06T23:35:43.757+0000] {processor.py:809} INFO - DAG(s) dict_keys(['example_xcom_args', 'example_xcom_args_with_operators']) retrieved from /home/airflow/.local/lib/python3.7/site-packages/airflow/example_dags/example_xcomargs.py
[2023-05-06T23:35:43.791+0000] {logging_mixin.py:149} INFO - [2023-05-06T23:35:43.791+0000] {dag.py:2726} INFO - Sync 2 DAGs
[2023-05-06T23:35:43.814+0000] {logging_mixin.py:149} INFO - [2023-05-06T23:35:43.813+0000] {dag.py:3490} INFO - Setting next_dagrun for example_xcom_args to None, run_after=None
[2023-05-06T23:35:43.817+0000] {logging_mixin.py:149} INFO - [2023-05-06T23:35:43.817+0000] {dag.py:3490} INFO - Setting next_dagrun for example_xcom_args_with_operators to None, run_after=None
[2023-05-06T23:35:43.831+0000] {processor.py:178} INFO - Processing /home/airflow/.local/lib/python3.7/site-packages/airflow/example_dags/example_xcomargs.py took 0.091 seconds
[2023-05-06T23:36:14.151+0000] {processor.py:156} INFO - Started process (PID=1331) to work on /home/airflow/.local/lib/python3.7/site-packages/airflow/example_dags/example_xcomargs.py
[2023-05-06T23:36:14.152+0000] {processor.py:799} INFO - Processing file /home/airflow/.local/lib/python3.7/site-packages/airflow/example_dags/example_xcomargs.py for tasks to queue
[2023-05-06T23:36:14.152+0000] {logging_mixin.py:149} INFO - [2023-05-06T23:36:14.152+0000] {dagbag.py:541} INFO - Filling up the DagBag from /home/airflow/.local/lib/python3.7/site-packages/airflow/example_dags/example_xcomargs.py
[2023-05-06T23:36:14.157+0000] {processor.py:809} INFO - DAG(s) dict_keys(['example_xcom_args_with_operators', 'example_xcom_args']) retrieved from /home/airflow/.local/lib/python3.7/site-packages/airflow/example_dags/example_xcomargs.py
[2023-05-06T23:36:14.191+0000] {logging_mixin.py:149} INFO - [2023-05-06T23:36:14.191+0000] {dag.py:2726} INFO - Sync 2 DAGs
[2023-05-06T23:36:14.214+0000] {logging_mixin.py:149} INFO - [2023-05-06T23:36:14.214+0000] {dag.py:3490} INFO - Setting next_dagrun for example_xcom_args to None, run_after=None
[2023-05-06T23:36:14.217+0000] {logging_mixin.py:149} INFO - [2023-05-06T23:36:14.217+0000] {dag.py:3490} INFO - Setting next_dagrun for example_xcom_args_with_operators to None, run_after=None
[2023-05-06T23:36:14.233+0000] {processor.py:178} INFO - Processing /home/airflow/.local/lib/python3.7/site-packages/airflow/example_dags/example_xcomargs.py took 0.084 seconds
[2023-05-06T23:36:44.681+0000] {processor.py:156} INFO - Started process (PID=1389) to work on /home/airflow/.local/lib/python3.7/site-packages/airflow/example_dags/example_xcomargs.py
[2023-05-06T23:36:44.683+0000] {processor.py:799} INFO - Processing file /home/airflow/.local/lib/python3.7/site-packages/airflow/example_dags/example_xcomargs.py for tasks to queue
[2023-05-06T23:36:44.684+0000] {logging_mixin.py:149} INFO - [2023-05-06T23:36:44.683+0000] {dagbag.py:541} INFO - Filling up the DagBag from /home/airflow/.local/lib/python3.7/site-packages/airflow/example_dags/example_xcomargs.py
[2023-05-06T23:36:44.695+0000] {processor.py:809} INFO - DAG(s) dict_keys(['example_xcom_args_with_operators', 'example_xcom_args']) retrieved from /home/airflow/.local/lib/python3.7/site-packages/airflow/example_dags/example_xcomargs.py
[2023-05-06T23:36:44.738+0000] {logging_mixin.py:149} INFO - [2023-05-06T23:36:44.737+0000] {dag.py:2726} INFO - Sync 2 DAGs
[2023-05-06T23:36:44.764+0000] {logging_mixin.py:149} INFO - [2023-05-06T23:36:44.764+0000] {dag.py:3490} INFO - Setting next_dagrun for example_xcom_args to None, run_after=None
[2023-05-06T23:36:44.767+0000] {logging_mixin.py:149} INFO - [2023-05-06T23:36:44.767+0000] {dag.py:3490} INFO - Setting next_dagrun for example_xcom_args_with_operators to None, run_after=None
[2023-05-06T23:36:44.784+0000] {processor.py:178} INFO - Processing /home/airflow/.local/lib/python3.7/site-packages/airflow/example_dags/example_xcomargs.py took 0.106 seconds
[2023-05-06T23:37:15.355+0000] {processor.py:156} INFO - Started process (PID=1447) to work on /home/airflow/.local/lib/python3.7/site-packages/airflow/example_dags/example_xcomargs.py
[2023-05-06T23:37:15.356+0000] {processor.py:799} INFO - Processing file /home/airflow/.local/lib/python3.7/site-packages/airflow/example_dags/example_xcomargs.py for tasks to queue
[2023-05-06T23:37:15.357+0000] {logging_mixin.py:149} INFO - [2023-05-06T23:37:15.357+0000] {dagbag.py:541} INFO - Filling up the DagBag from /home/airflow/.local/lib/python3.7/site-packages/airflow/example_dags/example_xcomargs.py
[2023-05-06T23:37:15.369+0000] {processor.py:809} INFO - DAG(s) dict_keys(['example_xcom_args_with_operators', 'example_xcom_args']) retrieved from /home/airflow/.local/lib/python3.7/site-packages/airflow/example_dags/example_xcomargs.py
[2023-05-06T23:37:15.394+0000] {logging_mixin.py:149} INFO - [2023-05-06T23:37:15.394+0000] {dag.py:2726} INFO - Sync 2 DAGs
[2023-05-06T23:37:15.420+0000] {logging_mixin.py:149} INFO - [2023-05-06T23:37:15.420+0000] {dag.py:3490} INFO - Setting next_dagrun for example_xcom_args to None, run_after=None
[2023-05-06T23:37:15.424+0000] {logging_mixin.py:149} INFO - [2023-05-06T23:37:15.423+0000] {dag.py:3490} INFO - Setting next_dagrun for example_xcom_args_with_operators to None, run_after=None
[2023-05-06T23:37:15.440+0000] {processor.py:178} INFO - Processing /home/airflow/.local/lib/python3.7/site-packages/airflow/example_dags/example_xcomargs.py took 0.089 seconds
[2023-05-06T23:37:45.962+0000] {processor.py:156} INFO - Started process (PID=1505) to work on /home/airflow/.local/lib/python3.7/site-packages/airflow/example_dags/example_xcomargs.py
[2023-05-06T23:37:45.963+0000] {processor.py:799} INFO - Processing file /home/airflow/.local/lib/python3.7/site-packages/airflow/example_dags/example_xcomargs.py for tasks to queue
[2023-05-06T23:37:45.963+0000] {logging_mixin.py:149} INFO - [2023-05-06T23:37:45.963+0000] {dagbag.py:541} INFO - Filling up the DagBag from /home/airflow/.local/lib/python3.7/site-packages/airflow/example_dags/example_xcomargs.py
[2023-05-06T23:37:45.969+0000] {processor.py:809} INFO - DAG(s) dict_keys(['example_xcom_args', 'example_xcom_args_with_operators']) retrieved from /home/airflow/.local/lib/python3.7/site-packages/airflow/example_dags/example_xcomargs.py
[2023-05-06T23:37:45.993+0000] {logging_mixin.py:149} INFO - [2023-05-06T23:37:45.993+0000] {dag.py:2726} INFO - Sync 2 DAGs
[2023-05-06T23:37:46.017+0000] {logging_mixin.py:149} INFO - [2023-05-06T23:37:46.017+0000] {dag.py:3490} INFO - Setting next_dagrun for example_xcom_args to None, run_after=None
[2023-05-06T23:37:46.020+0000] {logging_mixin.py:149} INFO - [2023-05-06T23:37:46.020+0000] {dag.py:3490} INFO - Setting next_dagrun for example_xcom_args_with_operators to None, run_after=None
[2023-05-06T23:37:46.035+0000] {processor.py:178} INFO - Processing /home/airflow/.local/lib/python3.7/site-packages/airflow/example_dags/example_xcomargs.py took 0.075 seconds
[2023-05-06T23:38:16.616+0000] {processor.py:156} INFO - Started process (PID=1563) to work on /home/airflow/.local/lib/python3.7/site-packages/airflow/example_dags/example_xcomargs.py
[2023-05-06T23:38:16.618+0000] {processor.py:799} INFO - Processing file /home/airflow/.local/lib/python3.7/site-packages/airflow/example_dags/example_xcomargs.py for tasks to queue
[2023-05-06T23:38:16.619+0000] {logging_mixin.py:149} INFO - [2023-05-06T23:38:16.618+0000] {dagbag.py:541} INFO - Filling up the DagBag from /home/airflow/.local/lib/python3.7/site-packages/airflow/example_dags/example_xcomargs.py
[2023-05-06T23:38:16.631+0000] {processor.py:809} INFO - DAG(s) dict_keys(['example_xcom_args_with_operators', 'example_xcom_args']) retrieved from /home/airflow/.local/lib/python3.7/site-packages/airflow/example_dags/example_xcomargs.py
[2023-05-06T23:38:16.676+0000] {logging_mixin.py:149} INFO - [2023-05-06T23:38:16.676+0000] {dag.py:2726} INFO - Sync 2 DAGs
[2023-05-06T23:38:16.699+0000] {logging_mixin.py:149} INFO - [2023-05-06T23:38:16.698+0000] {dag.py:3490} INFO - Setting next_dagrun for example_xcom_args to None, run_after=None
[2023-05-06T23:38:16.702+0000] {logging_mixin.py:149} INFO - [2023-05-06T23:38:16.701+0000] {dag.py:3490} INFO - Setting next_dagrun for example_xcom_args_with_operators to None, run_after=None
[2023-05-06T23:38:16.717+0000] {processor.py:178} INFO - Processing /home/airflow/.local/lib/python3.7/site-packages/airflow/example_dags/example_xcomargs.py took 0.105 seconds
[2023-05-06T23:38:46.785+0000] {processor.py:156} INFO - Started process (PID=1621) to work on /home/airflow/.local/lib/python3.7/site-packages/airflow/example_dags/example_xcomargs.py
[2023-05-06T23:38:46.785+0000] {processor.py:799} INFO - Processing file /home/airflow/.local/lib/python3.7/site-packages/airflow/example_dags/example_xcomargs.py for tasks to queue
[2023-05-06T23:38:46.786+0000] {logging_mixin.py:149} INFO - [2023-05-06T23:38:46.786+0000] {dagbag.py:541} INFO - Filling up the DagBag from /home/airflow/.local/lib/python3.7/site-packages/airflow/example_dags/example_xcomargs.py
[2023-05-06T23:38:46.791+0000] {processor.py:809} INFO - DAG(s) dict_keys(['example_xcom_args', 'example_xcom_args_with_operators']) retrieved from /home/airflow/.local/lib/python3.7/site-packages/airflow/example_dags/example_xcomargs.py
[2023-05-06T23:38:46.813+0000] {logging_mixin.py:149} INFO - [2023-05-06T23:38:46.813+0000] {dag.py:2726} INFO - Sync 2 DAGs
[2023-05-06T23:38:46.836+0000] {logging_mixin.py:149} INFO - [2023-05-06T23:38:46.836+0000] {dag.py:3490} INFO - Setting next_dagrun for example_xcom_args to None, run_after=None
[2023-05-06T23:38:46.839+0000] {logging_mixin.py:149} INFO - [2023-05-06T23:38:46.839+0000] {dag.py:3490} INFO - Setting next_dagrun for example_xcom_args_with_operators to None, run_after=None
[2023-05-06T23:38:46.854+0000] {processor.py:178} INFO - Processing /home/airflow/.local/lib/python3.7/site-packages/airflow/example_dags/example_xcomargs.py took 0.071 seconds
[2023-05-06T23:39:17.786+0000] {processor.py:156} INFO - Started process (PID=1679) to work on /home/airflow/.local/lib/python3.7/site-packages/airflow/example_dags/example_xcomargs.py
[2023-05-06T23:39:17.786+0000] {processor.py:799} INFO - Processing file /home/airflow/.local/lib/python3.7/site-packages/airflow/example_dags/example_xcomargs.py for tasks to queue
[2023-05-06T23:39:17.787+0000] {logging_mixin.py:149} INFO - [2023-05-06T23:39:17.787+0000] {dagbag.py:541} INFO - Filling up the DagBag from /home/airflow/.local/lib/python3.7/site-packages/airflow/example_dags/example_xcomargs.py
[2023-05-06T23:39:17.792+0000] {processor.py:809} INFO - DAG(s) dict_keys(['example_xcom_args_with_operators', 'example_xcom_args']) retrieved from /home/airflow/.local/lib/python3.7/site-packages/airflow/example_dags/example_xcomargs.py
[2023-05-06T23:39:17.823+0000] {logging_mixin.py:149} INFO - [2023-05-06T23:39:17.823+0000] {dag.py:2726} INFO - Sync 2 DAGs
[2023-05-06T23:39:17.847+0000] {logging_mixin.py:149} INFO - [2023-05-06T23:39:17.847+0000] {dag.py:3490} INFO - Setting next_dagrun for example_xcom_args to None, run_after=None
[2023-05-06T23:39:17.850+0000] {logging_mixin.py:149} INFO - [2023-05-06T23:39:17.850+0000] {dag.py:3490} INFO - Setting next_dagrun for example_xcom_args_with_operators to None, run_after=None
[2023-05-06T23:39:17.866+0000] {processor.py:178} INFO - Processing /home/airflow/.local/lib/python3.7/site-packages/airflow/example_dags/example_xcomargs.py took 0.083 seconds
[2023-05-06T23:39:48.088+0000] {processor.py:156} INFO - Started process (PID=1738) to work on /home/airflow/.local/lib/python3.7/site-packages/airflow/example_dags/example_xcomargs.py
[2023-05-06T23:39:48.089+0000] {processor.py:799} INFO - Processing file /home/airflow/.local/lib/python3.7/site-packages/airflow/example_dags/example_xcomargs.py for tasks to queue
[2023-05-06T23:39:48.090+0000] {logging_mixin.py:149} INFO - [2023-05-06T23:39:48.090+0000] {dagbag.py:541} INFO - Filling up the DagBag from /home/airflow/.local/lib/python3.7/site-packages/airflow/example_dags/example_xcomargs.py
[2023-05-06T23:39:48.102+0000] {processor.py:809} INFO - DAG(s) dict_keys(['example_xcom_args_with_operators', 'example_xcom_args']) retrieved from /home/airflow/.local/lib/python3.7/site-packages/airflow/example_dags/example_xcomargs.py
[2023-05-06T23:39:48.131+0000] {logging_mixin.py:149} INFO - [2023-05-06T23:39:48.131+0000] {dag.py:2726} INFO - Sync 2 DAGs
[2023-05-06T23:39:48.156+0000] {logging_mixin.py:149} INFO - [2023-05-06T23:39:48.156+0000] {dag.py:3490} INFO - Setting next_dagrun for example_xcom_args to None, run_after=None
[2023-05-06T23:39:48.159+0000] {logging_mixin.py:149} INFO - [2023-05-06T23:39:48.159+0000] {dag.py:3490} INFO - Setting next_dagrun for example_xcom_args_with_operators to None, run_after=None
[2023-05-06T23:39:48.180+0000] {processor.py:178} INFO - Processing /home/airflow/.local/lib/python3.7/site-packages/airflow/example_dags/example_xcomargs.py took 0.096 seconds
[2023-05-06T23:40:18.421+0000] {processor.py:156} INFO - Started process (PID=1796) to work on /home/airflow/.local/lib/python3.7/site-packages/airflow/example_dags/example_xcomargs.py
[2023-05-06T23:40:18.422+0000] {processor.py:799} INFO - Processing file /home/airflow/.local/lib/python3.7/site-packages/airflow/example_dags/example_xcomargs.py for tasks to queue
[2023-05-06T23:40:18.422+0000] {logging_mixin.py:149} INFO - [2023-05-06T23:40:18.422+0000] {dagbag.py:541} INFO - Filling up the DagBag from /home/airflow/.local/lib/python3.7/site-packages/airflow/example_dags/example_xcomargs.py
[2023-05-06T23:40:18.428+0000] {processor.py:809} INFO - DAG(s) dict_keys(['example_xcom_args', 'example_xcom_args_with_operators']) retrieved from /home/airflow/.local/lib/python3.7/site-packages/airflow/example_dags/example_xcomargs.py
[2023-05-06T23:40:18.453+0000] {logging_mixin.py:149} INFO - [2023-05-06T23:40:18.453+0000] {dag.py:2726} INFO - Sync 2 DAGs
[2023-05-06T23:40:18.478+0000] {logging_mixin.py:149} INFO - [2023-05-06T23:40:18.477+0000] {dag.py:3490} INFO - Setting next_dagrun for example_xcom_args to None, run_after=None
[2023-05-06T23:40:18.482+0000] {logging_mixin.py:149} INFO - [2023-05-06T23:40:18.482+0000] {dag.py:3490} INFO - Setting next_dagrun for example_xcom_args_with_operators to None, run_after=None
[2023-05-06T23:40:18.498+0000] {processor.py:178} INFO - Processing /home/airflow/.local/lib/python3.7/site-packages/airflow/example_dags/example_xcomargs.py took 0.080 seconds
[2023-05-06T23:40:48.749+0000] {processor.py:156} INFO - Started process (PID=1855) to work on /home/airflow/.local/lib/python3.7/site-packages/airflow/example_dags/example_xcomargs.py
[2023-05-06T23:40:48.749+0000] {processor.py:799} INFO - Processing file /home/airflow/.local/lib/python3.7/site-packages/airflow/example_dags/example_xcomargs.py for tasks to queue
[2023-05-06T23:40:48.750+0000] {logging_mixin.py:149} INFO - [2023-05-06T23:40:48.750+0000] {dagbag.py:541} INFO - Filling up the DagBag from /home/airflow/.local/lib/python3.7/site-packages/airflow/example_dags/example_xcomargs.py
[2023-05-06T23:40:48.756+0000] {processor.py:809} INFO - DAG(s) dict_keys(['example_xcom_args_with_operators', 'example_xcom_args']) retrieved from /home/airflow/.local/lib/python3.7/site-packages/airflow/example_dags/example_xcomargs.py
[2023-05-06T23:40:48.783+0000] {logging_mixin.py:149} INFO - [2023-05-06T23:40:48.782+0000] {dag.py:2726} INFO - Sync 2 DAGs
[2023-05-06T23:40:48.807+0000] {logging_mixin.py:149} INFO - [2023-05-06T23:40:48.807+0000] {dag.py:3490} INFO - Setting next_dagrun for example_xcom_args to None, run_after=None
[2023-05-06T23:40:48.811+0000] {logging_mixin.py:149} INFO - [2023-05-06T23:40:48.811+0000] {dag.py:3490} INFO - Setting next_dagrun for example_xcom_args_with_operators to None, run_after=None
[2023-05-06T23:40:48.828+0000] {processor.py:178} INFO - Processing /home/airflow/.local/lib/python3.7/site-packages/airflow/example_dags/example_xcomargs.py took 0.082 seconds
[2023-05-06T23:41:19.096+0000] {processor.py:156} INFO - Started process (PID=1913) to work on /home/airflow/.local/lib/python3.7/site-packages/airflow/example_dags/example_xcomargs.py
[2023-05-06T23:41:19.097+0000] {processor.py:799} INFO - Processing file /home/airflow/.local/lib/python3.7/site-packages/airflow/example_dags/example_xcomargs.py for tasks to queue
[2023-05-06T23:41:19.097+0000] {logging_mixin.py:149} INFO - [2023-05-06T23:41:19.097+0000] {dagbag.py:541} INFO - Filling up the DagBag from /home/airflow/.local/lib/python3.7/site-packages/airflow/example_dags/example_xcomargs.py
[2023-05-06T23:41:19.103+0000] {processor.py:809} INFO - DAG(s) dict_keys(['example_xcom_args_with_operators', 'example_xcom_args']) retrieved from /home/airflow/.local/lib/python3.7/site-packages/airflow/example_dags/example_xcomargs.py
[2023-05-06T23:41:19.127+0000] {logging_mixin.py:149} INFO - [2023-05-06T23:41:19.127+0000] {dag.py:2726} INFO - Sync 2 DAGs
[2023-05-06T23:41:19.151+0000] {logging_mixin.py:149} INFO - [2023-05-06T23:41:19.150+0000] {dag.py:3490} INFO - Setting next_dagrun for example_xcom_args to None, run_after=None
[2023-05-06T23:41:19.154+0000] {logging_mixin.py:149} INFO - [2023-05-06T23:41:19.153+0000] {dag.py:3490} INFO - Setting next_dagrun for example_xcom_args_with_operators to None, run_after=None
[2023-05-06T23:41:19.170+0000] {processor.py:178} INFO - Processing /home/airflow/.local/lib/python3.7/site-packages/airflow/example_dags/example_xcomargs.py took 0.076 seconds
[2023-05-06T23:41:49.444+0000] {processor.py:156} INFO - Started process (PID=1971) to work on /home/airflow/.local/lib/python3.7/site-packages/airflow/example_dags/example_xcomargs.py
[2023-05-06T23:41:49.445+0000] {processor.py:799} INFO - Processing file /home/airflow/.local/lib/python3.7/site-packages/airflow/example_dags/example_xcomargs.py for tasks to queue
[2023-05-06T23:41:49.445+0000] {logging_mixin.py:149} INFO - [2023-05-06T23:41:49.445+0000] {dagbag.py:541} INFO - Filling up the DagBag from /home/airflow/.local/lib/python3.7/site-packages/airflow/example_dags/example_xcomargs.py
[2023-05-06T23:41:49.451+0000] {processor.py:809} INFO - DAG(s) dict_keys(['example_xcom_args_with_operators', 'example_xcom_args']) retrieved from /home/airflow/.local/lib/python3.7/site-packages/airflow/example_dags/example_xcomargs.py
[2023-05-06T23:41:49.476+0000] {logging_mixin.py:149} INFO - [2023-05-06T23:41:49.475+0000] {dag.py:2726} INFO - Sync 2 DAGs
[2023-05-06T23:41:49.499+0000] {logging_mixin.py:149} INFO - [2023-05-06T23:41:49.499+0000] {dag.py:3490} INFO - Setting next_dagrun for example_xcom_args to None, run_after=None
[2023-05-06T23:41:49.502+0000] {logging_mixin.py:149} INFO - [2023-05-06T23:41:49.502+0000] {dag.py:3490} INFO - Setting next_dagrun for example_xcom_args_with_operators to None, run_after=None
[2023-05-06T23:41:49.518+0000] {processor.py:178} INFO - Processing /home/airflow/.local/lib/python3.7/site-packages/airflow/example_dags/example_xcomargs.py took 0.075 seconds
[2023-05-06T23:42:19.705+0000] {processor.py:156} INFO - Started process (PID=2029) to work on /home/airflow/.local/lib/python3.7/site-packages/airflow/example_dags/example_xcomargs.py
[2023-05-06T23:42:19.705+0000] {processor.py:799} INFO - Processing file /home/airflow/.local/lib/python3.7/site-packages/airflow/example_dags/example_xcomargs.py for tasks to queue
[2023-05-06T23:42:19.706+0000] {logging_mixin.py:149} INFO - [2023-05-06T23:42:19.706+0000] {dagbag.py:541} INFO - Filling up the DagBag from /home/airflow/.local/lib/python3.7/site-packages/airflow/example_dags/example_xcomargs.py
[2023-05-06T23:42:19.711+0000] {processor.py:809} INFO - DAG(s) dict_keys(['example_xcom_args', 'example_xcom_args_with_operators']) retrieved from /home/airflow/.local/lib/python3.7/site-packages/airflow/example_dags/example_xcomargs.py
[2023-05-06T23:42:19.735+0000] {logging_mixin.py:149} INFO - [2023-05-06T23:42:19.735+0000] {dag.py:2726} INFO - Sync 2 DAGs
[2023-05-06T23:42:19.760+0000] {logging_mixin.py:149} INFO - [2023-05-06T23:42:19.760+0000] {dag.py:3490} INFO - Setting next_dagrun for example_xcom_args to None, run_after=None
[2023-05-06T23:42:19.764+0000] {logging_mixin.py:149} INFO - [2023-05-06T23:42:19.764+0000] {dag.py:3490} INFO - Setting next_dagrun for example_xcom_args_with_operators to None, run_after=None
[2023-05-06T23:42:19.780+0000] {processor.py:178} INFO - Processing /home/airflow/.local/lib/python3.7/site-packages/airflow/example_dags/example_xcomargs.py took 0.078 seconds
[2023-05-06T23:42:50.217+0000] {processor.py:156} INFO - Started process (PID=2087) to work on /home/airflow/.local/lib/python3.7/site-packages/airflow/example_dags/example_xcomargs.py
[2023-05-06T23:42:50.217+0000] {processor.py:799} INFO - Processing file /home/airflow/.local/lib/python3.7/site-packages/airflow/example_dags/example_xcomargs.py for tasks to queue
[2023-05-06T23:42:50.218+0000] {logging_mixin.py:149} INFO - [2023-05-06T23:42:50.218+0000] {dagbag.py:541} INFO - Filling up the DagBag from /home/airflow/.local/lib/python3.7/site-packages/airflow/example_dags/example_xcomargs.py
[2023-05-06T23:42:50.223+0000] {processor.py:809} INFO - DAG(s) dict_keys(['example_xcom_args', 'example_xcom_args_with_operators']) retrieved from /home/airflow/.local/lib/python3.7/site-packages/airflow/example_dags/example_xcomargs.py
[2023-05-06T23:42:50.248+0000] {logging_mixin.py:149} INFO - [2023-05-06T23:42:50.248+0000] {dag.py:2726} INFO - Sync 2 DAGs
[2023-05-06T23:42:50.271+0000] {logging_mixin.py:149} INFO - [2023-05-06T23:42:50.271+0000] {dag.py:3490} INFO - Setting next_dagrun for example_xcom_args to None, run_after=None
[2023-05-06T23:42:50.274+0000] {logging_mixin.py:149} INFO - [2023-05-06T23:42:50.274+0000] {dag.py:3490} INFO - Setting next_dagrun for example_xcom_args_with_operators to None, run_after=None
[2023-05-06T23:42:50.290+0000] {processor.py:178} INFO - Processing /home/airflow/.local/lib/python3.7/site-packages/airflow/example_dags/example_xcomargs.py took 0.075 seconds
[2023-05-06T23:43:20.611+0000] {processor.py:156} INFO - Started process (PID=2145) to work on /home/airflow/.local/lib/python3.7/site-packages/airflow/example_dags/example_xcomargs.py
[2023-05-06T23:43:20.612+0000] {processor.py:799} INFO - Processing file /home/airflow/.local/lib/python3.7/site-packages/airflow/example_dags/example_xcomargs.py for tasks to queue
[2023-05-06T23:43:20.612+0000] {logging_mixin.py:149} INFO - [2023-05-06T23:43:20.612+0000] {dagbag.py:541} INFO - Filling up the DagBag from /home/airflow/.local/lib/python3.7/site-packages/airflow/example_dags/example_xcomargs.py
[2023-05-06T23:43:20.624+0000] {processor.py:809} INFO - DAG(s) dict_keys(['example_xcom_args_with_operators', 'example_xcom_args']) retrieved from /home/airflow/.local/lib/python3.7/site-packages/airflow/example_dags/example_xcomargs.py
[2023-05-06T23:43:20.663+0000] {logging_mixin.py:149} INFO - [2023-05-06T23:43:20.663+0000] {dag.py:2726} INFO - Sync 2 DAGs
[2023-05-06T23:43:20.686+0000] {logging_mixin.py:149} INFO - [2023-05-06T23:43:20.686+0000] {dag.py:3490} INFO - Setting next_dagrun for example_xcom_args to None, run_after=None
[2023-05-06T23:43:20.689+0000] {logging_mixin.py:149} INFO - [2023-05-06T23:43:20.689+0000] {dag.py:3490} INFO - Setting next_dagrun for example_xcom_args_with_operators to None, run_after=None
[2023-05-06T23:43:20.706+0000] {processor.py:178} INFO - Processing /home/airflow/.local/lib/python3.7/site-packages/airflow/example_dags/example_xcomargs.py took 0.099 seconds
