[2023-05-06T23:25:04.261+0000] {processor.py:156} INFO - Started process (PID=72) to work on /home/airflow/.local/lib/python3.7/site-packages/airflow/example_dags/example_branch_python_dop_operator_3.py
[2023-05-06T23:25:04.262+0000] {processor.py:799} INFO - Processing file /home/airflow/.local/lib/python3.7/site-packages/airflow/example_dags/example_branch_python_dop_operator_3.py for tasks to queue
[2023-05-06T23:25:04.262+0000] {logging_mixin.py:149} INFO - [2023-05-06T23:25:04.262+0000] {dagbag.py:541} INFO - Filling up the DagBag from /home/airflow/.local/lib/python3.7/site-packages/airflow/example_dags/example_branch_python_dop_operator_3.py
[2023-05-06T23:25:04.270+0000] {processor.py:809} INFO - DAG(s) dict_keys(['example_branch_dop_operator_v3']) retrieved from /home/airflow/.local/lib/python3.7/site-packages/airflow/example_dags/example_branch_python_dop_operator_3.py
[2023-05-06T23:25:04.282+0000] {logging_mixin.py:149} INFO - [2023-05-06T23:25:04.282+0000] {dag.py:2726} INFO - Sync 1 DAGs
[2023-05-06T23:25:04.313+0000] {logging_mixin.py:149} INFO - [2023-05-06T23:25:04.313+0000] {dag.py:3490} INFO - Setting next_dagrun for example_branch_dop_operator_v3 to 2023-05-06T23:24:00+00:00, run_after=2023-05-06T23:25:00+00:00
[2023-05-06T23:25:04.333+0000] {processor.py:178} INFO - Processing /home/airflow/.local/lib/python3.7/site-packages/airflow/example_dags/example_branch_python_dop_operator_3.py took 0.075 seconds
[2023-05-06T23:25:35.072+0000] {processor.py:156} INFO - Started process (PID=130) to work on /home/airflow/.local/lib/python3.7/site-packages/airflow/example_dags/example_branch_python_dop_operator_3.py
[2023-05-06T23:25:35.073+0000] {processor.py:799} INFO - Processing file /home/airflow/.local/lib/python3.7/site-packages/airflow/example_dags/example_branch_python_dop_operator_3.py for tasks to queue
[2023-05-06T23:25:35.073+0000] {logging_mixin.py:149} INFO - [2023-05-06T23:25:35.073+0000] {dagbag.py:541} INFO - Filling up the DagBag from /home/airflow/.local/lib/python3.7/site-packages/airflow/example_dags/example_branch_python_dop_operator_3.py
[2023-05-06T23:25:35.079+0000] {processor.py:809} INFO - DAG(s) dict_keys(['example_branch_dop_operator_v3']) retrieved from /home/airflow/.local/lib/python3.7/site-packages/airflow/example_dags/example_branch_python_dop_operator_3.py
[2023-05-06T23:25:35.108+0000] {logging_mixin.py:149} INFO - [2023-05-06T23:25:35.108+0000] {dag.py:2726} INFO - Sync 1 DAGs
[2023-05-06T23:25:35.145+0000] {logging_mixin.py:149} INFO - [2023-05-06T23:25:35.144+0000] {dag.py:3490} INFO - Setting next_dagrun for example_branch_dop_operator_v3 to 2023-05-06T23:24:00+00:00, run_after=2023-05-06T23:25:00+00:00
[2023-05-06T23:25:35.163+0000] {processor.py:178} INFO - Processing /home/airflow/.local/lib/python3.7/site-packages/airflow/example_dags/example_branch_python_dop_operator_3.py took 0.093 seconds
[2023-05-06T23:26:05.979+0000] {processor.py:156} INFO - Started process (PID=188) to work on /home/airflow/.local/lib/python3.7/site-packages/airflow/example_dags/example_branch_python_dop_operator_3.py
[2023-05-06T23:26:05.980+0000] {processor.py:799} INFO - Processing file /home/airflow/.local/lib/python3.7/site-packages/airflow/example_dags/example_branch_python_dop_operator_3.py for tasks to queue
[2023-05-06T23:26:05.980+0000] {logging_mixin.py:149} INFO - [2023-05-06T23:26:05.980+0000] {dagbag.py:541} INFO - Filling up the DagBag from /home/airflow/.local/lib/python3.7/site-packages/airflow/example_dags/example_branch_python_dop_operator_3.py
[2023-05-06T23:26:05.986+0000] {processor.py:809} INFO - DAG(s) dict_keys(['example_branch_dop_operator_v3']) retrieved from /home/airflow/.local/lib/python3.7/site-packages/airflow/example_dags/example_branch_python_dop_operator_3.py
[2023-05-06T23:26:06.019+0000] {logging_mixin.py:149} INFO - [2023-05-06T23:26:06.019+0000] {dag.py:2726} INFO - Sync 1 DAGs
[2023-05-06T23:26:06.058+0000] {logging_mixin.py:149} INFO - [2023-05-06T23:26:06.058+0000] {dag.py:3490} INFO - Setting next_dagrun for example_branch_dop_operator_v3 to 2023-05-06T23:25:00+00:00, run_after=2023-05-06T23:26:00+00:00
[2023-05-06T23:26:06.076+0000] {processor.py:178} INFO - Processing /home/airflow/.local/lib/python3.7/site-packages/airflow/example_dags/example_branch_python_dop_operator_3.py took 0.099 seconds
[2023-05-06T23:26:36.610+0000] {processor.py:156} INFO - Started process (PID=245) to work on /home/airflow/.local/lib/python3.7/site-packages/airflow/example_dags/example_branch_python_dop_operator_3.py
[2023-05-06T23:26:36.611+0000] {processor.py:799} INFO - Processing file /home/airflow/.local/lib/python3.7/site-packages/airflow/example_dags/example_branch_python_dop_operator_3.py for tasks to queue
[2023-05-06T23:26:36.612+0000] {logging_mixin.py:149} INFO - [2023-05-06T23:26:36.612+0000] {dagbag.py:541} INFO - Filling up the DagBag from /home/airflow/.local/lib/python3.7/site-packages/airflow/example_dags/example_branch_python_dop_operator_3.py
[2023-05-06T23:26:36.628+0000] {processor.py:809} INFO - DAG(s) dict_keys(['example_branch_dop_operator_v3']) retrieved from /home/airflow/.local/lib/python3.7/site-packages/airflow/example_dags/example_branch_python_dop_operator_3.py
[2023-05-06T23:26:36.651+0000] {logging_mixin.py:149} INFO - [2023-05-06T23:26:36.651+0000] {dag.py:2726} INFO - Sync 1 DAGs
[2023-05-06T23:26:36.677+0000] {logging_mixin.py:149} INFO - [2023-05-06T23:26:36.677+0000] {dag.py:3490} INFO - Setting next_dagrun for example_branch_dop_operator_v3 to 2023-05-06T23:25:00+00:00, run_after=2023-05-06T23:26:00+00:00
[2023-05-06T23:26:36.693+0000] {processor.py:178} INFO - Processing /home/airflow/.local/lib/python3.7/site-packages/airflow/example_dags/example_branch_python_dop_operator_3.py took 0.088 seconds
[2023-05-06T23:27:07.319+0000] {processor.py:156} INFO - Started process (PID=303) to work on /home/airflow/.local/lib/python3.7/site-packages/airflow/example_dags/example_branch_python_dop_operator_3.py
[2023-05-06T23:27:07.320+0000] {processor.py:799} INFO - Processing file /home/airflow/.local/lib/python3.7/site-packages/airflow/example_dags/example_branch_python_dop_operator_3.py for tasks to queue
[2023-05-06T23:27:07.322+0000] {logging_mixin.py:149} INFO - [2023-05-06T23:27:07.322+0000] {dagbag.py:541} INFO - Filling up the DagBag from /home/airflow/.local/lib/python3.7/site-packages/airflow/example_dags/example_branch_python_dop_operator_3.py
[2023-05-06T23:27:07.329+0000] {processor.py:809} INFO - DAG(s) dict_keys(['example_branch_dop_operator_v3']) retrieved from /home/airflow/.local/lib/python3.7/site-packages/airflow/example_dags/example_branch_python_dop_operator_3.py
[2023-05-06T23:27:07.349+0000] {logging_mixin.py:149} INFO - [2023-05-06T23:27:07.349+0000] {dag.py:2726} INFO - Sync 1 DAGs
[2023-05-06T23:27:07.377+0000] {logging_mixin.py:149} INFO - [2023-05-06T23:27:07.377+0000] {dag.py:3490} INFO - Setting next_dagrun for example_branch_dop_operator_v3 to 2023-05-06T23:26:00+00:00, run_after=2023-05-06T23:27:00+00:00
[2023-05-06T23:27:07.395+0000] {processor.py:178} INFO - Processing /home/airflow/.local/lib/python3.7/site-packages/airflow/example_dags/example_branch_python_dop_operator_3.py took 0.079 seconds
[2023-05-06T23:27:37.660+0000] {processor.py:156} INFO - Started process (PID=361) to work on /home/airflow/.local/lib/python3.7/site-packages/airflow/example_dags/example_branch_python_dop_operator_3.py
[2023-05-06T23:27:37.661+0000] {processor.py:799} INFO - Processing file /home/airflow/.local/lib/python3.7/site-packages/airflow/example_dags/example_branch_python_dop_operator_3.py for tasks to queue
[2023-05-06T23:27:37.662+0000] {logging_mixin.py:149} INFO - [2023-05-06T23:27:37.661+0000] {dagbag.py:541} INFO - Filling up the DagBag from /home/airflow/.local/lib/python3.7/site-packages/airflow/example_dags/example_branch_python_dop_operator_3.py
[2023-05-06T23:27:37.668+0000] {processor.py:809} INFO - DAG(s) dict_keys(['example_branch_dop_operator_v3']) retrieved from /home/airflow/.local/lib/python3.7/site-packages/airflow/example_dags/example_branch_python_dop_operator_3.py
[2023-05-06T23:27:37.687+0000] {logging_mixin.py:149} INFO - [2023-05-06T23:27:37.687+0000] {dag.py:2726} INFO - Sync 1 DAGs
[2023-05-06T23:27:37.715+0000] {logging_mixin.py:149} INFO - [2023-05-06T23:27:37.715+0000] {dag.py:3490} INFO - Setting next_dagrun for example_branch_dop_operator_v3 to 2023-05-06T23:26:00+00:00, run_after=2023-05-06T23:27:00+00:00
[2023-05-06T23:27:37.735+0000] {processor.py:178} INFO - Processing /home/airflow/.local/lib/python3.7/site-packages/airflow/example_dags/example_branch_python_dop_operator_3.py took 0.077 seconds
[2023-05-06T23:28:08.013+0000] {processor.py:156} INFO - Started process (PID=420) to work on /home/airflow/.local/lib/python3.7/site-packages/airflow/example_dags/example_branch_python_dop_operator_3.py
[2023-05-06T23:28:08.013+0000] {processor.py:799} INFO - Processing file /home/airflow/.local/lib/python3.7/site-packages/airflow/example_dags/example_branch_python_dop_operator_3.py for tasks to queue
[2023-05-06T23:28:08.014+0000] {logging_mixin.py:149} INFO - [2023-05-06T23:28:08.014+0000] {dagbag.py:541} INFO - Filling up the DagBag from /home/airflow/.local/lib/python3.7/site-packages/airflow/example_dags/example_branch_python_dop_operator_3.py
[2023-05-06T23:28:08.020+0000] {processor.py:809} INFO - DAG(s) dict_keys(['example_branch_dop_operator_v3']) retrieved from /home/airflow/.local/lib/python3.7/site-packages/airflow/example_dags/example_branch_python_dop_operator_3.py
[2023-05-06T23:28:08.040+0000] {logging_mixin.py:149} INFO - [2023-05-06T23:28:08.040+0000] {dag.py:2726} INFO - Sync 1 DAGs
[2023-05-06T23:28:08.069+0000] {logging_mixin.py:149} INFO - [2023-05-06T23:28:08.069+0000] {dag.py:3490} INFO - Setting next_dagrun for example_branch_dop_operator_v3 to 2023-05-06T23:27:00+00:00, run_after=2023-05-06T23:28:00+00:00
[2023-05-06T23:28:08.087+0000] {processor.py:178} INFO - Processing /home/airflow/.local/lib/python3.7/site-packages/airflow/example_dags/example_branch_python_dop_operator_3.py took 0.077 seconds
[2023-05-06T23:28:38.389+0000] {processor.py:156} INFO - Started process (PID=477) to work on /home/airflow/.local/lib/python3.7/site-packages/airflow/example_dags/example_branch_python_dop_operator_3.py
[2023-05-06T23:28:38.390+0000] {processor.py:799} INFO - Processing file /home/airflow/.local/lib/python3.7/site-packages/airflow/example_dags/example_branch_python_dop_operator_3.py for tasks to queue
[2023-05-06T23:28:38.390+0000] {logging_mixin.py:149} INFO - [2023-05-06T23:28:38.390+0000] {dagbag.py:541} INFO - Filling up the DagBag from /home/airflow/.local/lib/python3.7/site-packages/airflow/example_dags/example_branch_python_dop_operator_3.py
[2023-05-06T23:28:38.396+0000] {processor.py:809} INFO - DAG(s) dict_keys(['example_branch_dop_operator_v3']) retrieved from /home/airflow/.local/lib/python3.7/site-packages/airflow/example_dags/example_branch_python_dop_operator_3.py
[2023-05-06T23:28:38.419+0000] {logging_mixin.py:149} INFO - [2023-05-06T23:28:38.419+0000] {dag.py:2726} INFO - Sync 1 DAGs
[2023-05-06T23:28:38.446+0000] {logging_mixin.py:149} INFO - [2023-05-06T23:28:38.446+0000] {dag.py:3490} INFO - Setting next_dagrun for example_branch_dop_operator_v3 to 2023-05-06T23:27:00+00:00, run_after=2023-05-06T23:28:00+00:00
[2023-05-06T23:28:38.465+0000] {processor.py:178} INFO - Processing /home/airflow/.local/lib/python3.7/site-packages/airflow/example_dags/example_branch_python_dop_operator_3.py took 0.079 seconds
[2023-05-06T23:29:08.892+0000] {processor.py:156} INFO - Started process (PID=536) to work on /home/airflow/.local/lib/python3.7/site-packages/airflow/example_dags/example_branch_python_dop_operator_3.py
[2023-05-06T23:29:08.892+0000] {processor.py:799} INFO - Processing file /home/airflow/.local/lib/python3.7/site-packages/airflow/example_dags/example_branch_python_dop_operator_3.py for tasks to queue
[2023-05-06T23:29:08.893+0000] {logging_mixin.py:149} INFO - [2023-05-06T23:29:08.893+0000] {dagbag.py:541} INFO - Filling up the DagBag from /home/airflow/.local/lib/python3.7/site-packages/airflow/example_dags/example_branch_python_dop_operator_3.py
[2023-05-06T23:29:08.899+0000] {processor.py:809} INFO - DAG(s) dict_keys(['example_branch_dop_operator_v3']) retrieved from /home/airflow/.local/lib/python3.7/site-packages/airflow/example_dags/example_branch_python_dop_operator_3.py
[2023-05-06T23:29:08.918+0000] {logging_mixin.py:149} INFO - [2023-05-06T23:29:08.918+0000] {dag.py:2726} INFO - Sync 1 DAGs
[2023-05-06T23:29:08.945+0000] {logging_mixin.py:149} INFO - [2023-05-06T23:29:08.945+0000] {dag.py:3490} INFO - Setting next_dagrun for example_branch_dop_operator_v3 to 2023-05-06T23:28:00+00:00, run_after=2023-05-06T23:29:00+00:00
[2023-05-06T23:29:08.966+0000] {processor.py:178} INFO - Processing /home/airflow/.local/lib/python3.7/site-packages/airflow/example_dags/example_branch_python_dop_operator_3.py took 0.076 seconds
[2023-05-06T23:29:39.478+0000] {processor.py:156} INFO - Started process (PID=594) to work on /home/airflow/.local/lib/python3.7/site-packages/airflow/example_dags/example_branch_python_dop_operator_3.py
[2023-05-06T23:29:39.479+0000] {processor.py:799} INFO - Processing file /home/airflow/.local/lib/python3.7/site-packages/airflow/example_dags/example_branch_python_dop_operator_3.py for tasks to queue
[2023-05-06T23:29:39.480+0000] {logging_mixin.py:149} INFO - [2023-05-06T23:29:39.480+0000] {dagbag.py:541} INFO - Filling up the DagBag from /home/airflow/.local/lib/python3.7/site-packages/airflow/example_dags/example_branch_python_dop_operator_3.py
[2023-05-06T23:29:39.487+0000] {processor.py:809} INFO - DAG(s) dict_keys(['example_branch_dop_operator_v3']) retrieved from /home/airflow/.local/lib/python3.7/site-packages/airflow/example_dags/example_branch_python_dop_operator_3.py
[2023-05-06T23:29:39.511+0000] {logging_mixin.py:149} INFO - [2023-05-06T23:29:39.511+0000] {dag.py:2726} INFO - Sync 1 DAGs
[2023-05-06T23:29:39.541+0000] {logging_mixin.py:149} INFO - [2023-05-06T23:29:39.541+0000] {dag.py:3490} INFO - Setting next_dagrun for example_branch_dop_operator_v3 to 2023-05-06T23:28:00+00:00, run_after=2023-05-06T23:29:00+00:00
[2023-05-06T23:29:39.569+0000] {processor.py:178} INFO - Processing /home/airflow/.local/lib/python3.7/site-packages/airflow/example_dags/example_branch_python_dop_operator_3.py took 0.094 seconds
[2023-05-06T23:30:09.890+0000] {processor.py:156} INFO - Started process (PID=652) to work on /home/airflow/.local/lib/python3.7/site-packages/airflow/example_dags/example_branch_python_dop_operator_3.py
[2023-05-06T23:30:09.890+0000] {processor.py:799} INFO - Processing file /home/airflow/.local/lib/python3.7/site-packages/airflow/example_dags/example_branch_python_dop_operator_3.py for tasks to queue
[2023-05-06T23:30:09.891+0000] {logging_mixin.py:149} INFO - [2023-05-06T23:30:09.891+0000] {dagbag.py:541} INFO - Filling up the DagBag from /home/airflow/.local/lib/python3.7/site-packages/airflow/example_dags/example_branch_python_dop_operator_3.py
[2023-05-06T23:30:09.896+0000] {processor.py:809} INFO - DAG(s) dict_keys(['example_branch_dop_operator_v3']) retrieved from /home/airflow/.local/lib/python3.7/site-packages/airflow/example_dags/example_branch_python_dop_operator_3.py
[2023-05-06T23:30:09.917+0000] {logging_mixin.py:149} INFO - [2023-05-06T23:30:09.917+0000] {dag.py:2726} INFO - Sync 1 DAGs
[2023-05-06T23:30:09.945+0000] {logging_mixin.py:149} INFO - [2023-05-06T23:30:09.945+0000] {dag.py:3490} INFO - Setting next_dagrun for example_branch_dop_operator_v3 to 2023-05-06T23:29:00+00:00, run_after=2023-05-06T23:30:00+00:00
[2023-05-06T23:30:09.963+0000] {processor.py:178} INFO - Processing /home/airflow/.local/lib/python3.7/site-packages/airflow/example_dags/example_branch_python_dop_operator_3.py took 0.076 seconds
[2023-05-06T23:30:40.240+0000] {processor.py:156} INFO - Started process (PID=710) to work on /home/airflow/.local/lib/python3.7/site-packages/airflow/example_dags/example_branch_python_dop_operator_3.py
[2023-05-06T23:30:40.241+0000] {processor.py:799} INFO - Processing file /home/airflow/.local/lib/python3.7/site-packages/airflow/example_dags/example_branch_python_dop_operator_3.py for tasks to queue
[2023-05-06T23:30:40.242+0000] {logging_mixin.py:149} INFO - [2023-05-06T23:30:40.241+0000] {dagbag.py:541} INFO - Filling up the DagBag from /home/airflow/.local/lib/python3.7/site-packages/airflow/example_dags/example_branch_python_dop_operator_3.py
[2023-05-06T23:30:40.247+0000] {processor.py:809} INFO - DAG(s) dict_keys(['example_branch_dop_operator_v3']) retrieved from /home/airflow/.local/lib/python3.7/site-packages/airflow/example_dags/example_branch_python_dop_operator_3.py
[2023-05-06T23:30:40.267+0000] {logging_mixin.py:149} INFO - [2023-05-06T23:30:40.267+0000] {dag.py:2726} INFO - Sync 1 DAGs
[2023-05-06T23:30:40.295+0000] {logging_mixin.py:149} INFO - [2023-05-06T23:30:40.295+0000] {dag.py:3490} INFO - Setting next_dagrun for example_branch_dop_operator_v3 to 2023-05-06T23:29:00+00:00, run_after=2023-05-06T23:30:00+00:00
[2023-05-06T23:30:40.314+0000] {processor.py:178} INFO - Processing /home/airflow/.local/lib/python3.7/site-packages/airflow/example_dags/example_branch_python_dop_operator_3.py took 0.075 seconds
[2023-05-06T23:31:10.653+0000] {processor.py:156} INFO - Started process (PID=767) to work on /home/airflow/.local/lib/python3.7/site-packages/airflow/example_dags/example_branch_python_dop_operator_3.py
[2023-05-06T23:31:10.654+0000] {processor.py:799} INFO - Processing file /home/airflow/.local/lib/python3.7/site-packages/airflow/example_dags/example_branch_python_dop_operator_3.py for tasks to queue
[2023-05-06T23:31:10.654+0000] {logging_mixin.py:149} INFO - [2023-05-06T23:31:10.654+0000] {dagbag.py:541} INFO - Filling up the DagBag from /home/airflow/.local/lib/python3.7/site-packages/airflow/example_dags/example_branch_python_dop_operator_3.py
[2023-05-06T23:31:10.660+0000] {processor.py:809} INFO - DAG(s) dict_keys(['example_branch_dop_operator_v3']) retrieved from /home/airflow/.local/lib/python3.7/site-packages/airflow/example_dags/example_branch_python_dop_operator_3.py
[2023-05-06T23:31:10.679+0000] {logging_mixin.py:149} INFO - [2023-05-06T23:31:10.679+0000] {dag.py:2726} INFO - Sync 1 DAGs
[2023-05-06T23:31:10.706+0000] {logging_mixin.py:149} INFO - [2023-05-06T23:31:10.706+0000] {dag.py:3490} INFO - Setting next_dagrun for example_branch_dop_operator_v3 to 2023-05-06T23:30:00+00:00, run_after=2023-05-06T23:31:00+00:00
[2023-05-06T23:31:10.727+0000] {processor.py:178} INFO - Processing /home/airflow/.local/lib/python3.7/site-packages/airflow/example_dags/example_branch_python_dop_operator_3.py took 0.076 seconds
[2023-05-06T23:31:41.148+0000] {processor.py:156} INFO - Started process (PID=825) to work on /home/airflow/.local/lib/python3.7/site-packages/airflow/example_dags/example_branch_python_dop_operator_3.py
[2023-05-06T23:31:41.148+0000] {processor.py:799} INFO - Processing file /home/airflow/.local/lib/python3.7/site-packages/airflow/example_dags/example_branch_python_dop_operator_3.py for tasks to queue
[2023-05-06T23:31:41.149+0000] {logging_mixin.py:149} INFO - [2023-05-06T23:31:41.149+0000] {dagbag.py:541} INFO - Filling up the DagBag from /home/airflow/.local/lib/python3.7/site-packages/airflow/example_dags/example_branch_python_dop_operator_3.py
[2023-05-06T23:31:41.155+0000] {processor.py:809} INFO - DAG(s) dict_keys(['example_branch_dop_operator_v3']) retrieved from /home/airflow/.local/lib/python3.7/site-packages/airflow/example_dags/example_branch_python_dop_operator_3.py
[2023-05-06T23:31:41.176+0000] {logging_mixin.py:149} INFO - [2023-05-06T23:31:41.176+0000] {dag.py:2726} INFO - Sync 1 DAGs
[2023-05-06T23:31:41.205+0000] {logging_mixin.py:149} INFO - [2023-05-06T23:31:41.205+0000] {dag.py:3490} INFO - Setting next_dagrun for example_branch_dop_operator_v3 to 2023-05-06T23:30:00+00:00, run_after=2023-05-06T23:31:00+00:00
[2023-05-06T23:31:41.224+0000] {processor.py:178} INFO - Processing /home/airflow/.local/lib/python3.7/site-packages/airflow/example_dags/example_branch_python_dop_operator_3.py took 0.078 seconds
[2023-05-06T23:32:11.572+0000] {processor.py:156} INFO - Started process (PID=883) to work on /home/airflow/.local/lib/python3.7/site-packages/airflow/example_dags/example_branch_python_dop_operator_3.py
[2023-05-06T23:32:11.573+0000] {processor.py:799} INFO - Processing file /home/airflow/.local/lib/python3.7/site-packages/airflow/example_dags/example_branch_python_dop_operator_3.py for tasks to queue
[2023-05-06T23:32:11.573+0000] {logging_mixin.py:149} INFO - [2023-05-06T23:32:11.573+0000] {dagbag.py:541} INFO - Filling up the DagBag from /home/airflow/.local/lib/python3.7/site-packages/airflow/example_dags/example_branch_python_dop_operator_3.py
[2023-05-06T23:32:11.579+0000] {processor.py:809} INFO - DAG(s) dict_keys(['example_branch_dop_operator_v3']) retrieved from /home/airflow/.local/lib/python3.7/site-packages/airflow/example_dags/example_branch_python_dop_operator_3.py
[2023-05-06T23:32:11.600+0000] {logging_mixin.py:149} INFO - [2023-05-06T23:32:11.600+0000] {dag.py:2726} INFO - Sync 1 DAGs
[2023-05-06T23:32:11.629+0000] {logging_mixin.py:149} INFO - [2023-05-06T23:32:11.629+0000] {dag.py:3490} INFO - Setting next_dagrun for example_branch_dop_operator_v3 to 2023-05-06T23:31:00+00:00, run_after=2023-05-06T23:32:00+00:00
[2023-05-06T23:32:11.646+0000] {processor.py:178} INFO - Processing /home/airflow/.local/lib/python3.7/site-packages/airflow/example_dags/example_branch_python_dop_operator_3.py took 0.076 seconds
[2023-05-06T23:32:41.912+0000] {processor.py:156} INFO - Started process (PID=941) to work on /home/airflow/.local/lib/python3.7/site-packages/airflow/example_dags/example_branch_python_dop_operator_3.py
[2023-05-06T23:32:41.912+0000] {processor.py:799} INFO - Processing file /home/airflow/.local/lib/python3.7/site-packages/airflow/example_dags/example_branch_python_dop_operator_3.py for tasks to queue
[2023-05-06T23:32:41.913+0000] {logging_mixin.py:149} INFO - [2023-05-06T23:32:41.913+0000] {dagbag.py:541} INFO - Filling up the DagBag from /home/airflow/.local/lib/python3.7/site-packages/airflow/example_dags/example_branch_python_dop_operator_3.py
[2023-05-06T23:32:41.918+0000] {processor.py:809} INFO - DAG(s) dict_keys(['example_branch_dop_operator_v3']) retrieved from /home/airflow/.local/lib/python3.7/site-packages/airflow/example_dags/example_branch_python_dop_operator_3.py
[2023-05-06T23:32:41.949+0000] {logging_mixin.py:149} INFO - [2023-05-06T23:32:41.949+0000] {dag.py:2726} INFO - Sync 1 DAGs
[2023-05-06T23:32:41.981+0000] {logging_mixin.py:149} INFO - [2023-05-06T23:32:41.981+0000] {dag.py:3490} INFO - Setting next_dagrun for example_branch_dop_operator_v3 to 2023-05-06T23:31:00+00:00, run_after=2023-05-06T23:32:00+00:00
[2023-05-06T23:32:41.999+0000] {processor.py:178} INFO - Processing /home/airflow/.local/lib/python3.7/site-packages/airflow/example_dags/example_branch_python_dop_operator_3.py took 0.089 seconds
[2023-05-06T23:33:12.396+0000] {processor.py:156} INFO - Started process (PID=1000) to work on /home/airflow/.local/lib/python3.7/site-packages/airflow/example_dags/example_branch_python_dop_operator_3.py
[2023-05-06T23:33:12.396+0000] {processor.py:799} INFO - Processing file /home/airflow/.local/lib/python3.7/site-packages/airflow/example_dags/example_branch_python_dop_operator_3.py for tasks to queue
[2023-05-06T23:33:12.397+0000] {logging_mixin.py:149} INFO - [2023-05-06T23:33:12.397+0000] {dagbag.py:541} INFO - Filling up the DagBag from /home/airflow/.local/lib/python3.7/site-packages/airflow/example_dags/example_branch_python_dop_operator_3.py
[2023-05-06T23:33:12.403+0000] {processor.py:809} INFO - DAG(s) dict_keys(['example_branch_dop_operator_v3']) retrieved from /home/airflow/.local/lib/python3.7/site-packages/airflow/example_dags/example_branch_python_dop_operator_3.py
[2023-05-06T23:33:12.424+0000] {logging_mixin.py:149} INFO - [2023-05-06T23:33:12.424+0000] {dag.py:2726} INFO - Sync 1 DAGs
[2023-05-06T23:33:12.450+0000] {logging_mixin.py:149} INFO - [2023-05-06T23:33:12.450+0000] {dag.py:3490} INFO - Setting next_dagrun for example_branch_dop_operator_v3 to 2023-05-06T23:32:00+00:00, run_after=2023-05-06T23:33:00+00:00
[2023-05-06T23:33:12.466+0000] {processor.py:178} INFO - Processing /home/airflow/.local/lib/python3.7/site-packages/airflow/example_dags/example_branch_python_dop_operator_3.py took 0.073 seconds
[2023-05-06T23:33:42.714+0000] {processor.py:156} INFO - Started process (PID=1059) to work on /home/airflow/.local/lib/python3.7/site-packages/airflow/example_dags/example_branch_python_dop_operator_3.py
[2023-05-06T23:33:42.714+0000] {processor.py:799} INFO - Processing file /home/airflow/.local/lib/python3.7/site-packages/airflow/example_dags/example_branch_python_dop_operator_3.py for tasks to queue
[2023-05-06T23:33:42.715+0000] {logging_mixin.py:149} INFO - [2023-05-06T23:33:42.715+0000] {dagbag.py:541} INFO - Filling up the DagBag from /home/airflow/.local/lib/python3.7/site-packages/airflow/example_dags/example_branch_python_dop_operator_3.py
[2023-05-06T23:33:42.721+0000] {processor.py:809} INFO - DAG(s) dict_keys(['example_branch_dop_operator_v3']) retrieved from /home/airflow/.local/lib/python3.7/site-packages/airflow/example_dags/example_branch_python_dop_operator_3.py
[2023-05-06T23:33:42.742+0000] {logging_mixin.py:149} INFO - [2023-05-06T23:33:42.741+0000] {dag.py:2726} INFO - Sync 1 DAGs
[2023-05-06T23:33:42.770+0000] {logging_mixin.py:149} INFO - [2023-05-06T23:33:42.770+0000] {dag.py:3490} INFO - Setting next_dagrun for example_branch_dop_operator_v3 to 2023-05-06T23:32:00+00:00, run_after=2023-05-06T23:33:00+00:00
[2023-05-06T23:33:42.788+0000] {processor.py:178} INFO - Processing /home/airflow/.local/lib/python3.7/site-packages/airflow/example_dags/example_branch_python_dop_operator_3.py took 0.076 seconds
[2023-05-06T23:34:13.316+0000] {processor.py:156} INFO - Started process (PID=1117) to work on /home/airflow/.local/lib/python3.7/site-packages/airflow/example_dags/example_branch_python_dop_operator_3.py
[2023-05-06T23:34:13.316+0000] {processor.py:799} INFO - Processing file /home/airflow/.local/lib/python3.7/site-packages/airflow/example_dags/example_branch_python_dop_operator_3.py for tasks to queue
[2023-05-06T23:34:13.316+0000] {logging_mixin.py:149} INFO - [2023-05-06T23:34:13.316+0000] {dagbag.py:541} INFO - Filling up the DagBag from /home/airflow/.local/lib/python3.7/site-packages/airflow/example_dags/example_branch_python_dop_operator_3.py
[2023-05-06T23:34:13.322+0000] {processor.py:809} INFO - DAG(s) dict_keys(['example_branch_dop_operator_v3']) retrieved from /home/airflow/.local/lib/python3.7/site-packages/airflow/example_dags/example_branch_python_dop_operator_3.py
[2023-05-06T23:34:13.342+0000] {logging_mixin.py:149} INFO - [2023-05-06T23:34:13.342+0000] {dag.py:2726} INFO - Sync 1 DAGs
[2023-05-06T23:34:13.369+0000] {logging_mixin.py:149} INFO - [2023-05-06T23:34:13.369+0000] {dag.py:3490} INFO - Setting next_dagrun for example_branch_dop_operator_v3 to 2023-05-06T23:33:00+00:00, run_after=2023-05-06T23:34:00+00:00
[2023-05-06T23:34:13.387+0000] {processor.py:178} INFO - Processing /home/airflow/.local/lib/python3.7/site-packages/airflow/example_dags/example_branch_python_dop_operator_3.py took 0.073 seconds
[2023-05-06T23:34:43.680+0000] {processor.py:156} INFO - Started process (PID=1175) to work on /home/airflow/.local/lib/python3.7/site-packages/airflow/example_dags/example_branch_python_dop_operator_3.py
[2023-05-06T23:34:43.681+0000] {processor.py:799} INFO - Processing file /home/airflow/.local/lib/python3.7/site-packages/airflow/example_dags/example_branch_python_dop_operator_3.py for tasks to queue
[2023-05-06T23:34:43.682+0000] {logging_mixin.py:149} INFO - [2023-05-06T23:34:43.682+0000] {dagbag.py:541} INFO - Filling up the DagBag from /home/airflow/.local/lib/python3.7/site-packages/airflow/example_dags/example_branch_python_dop_operator_3.py
[2023-05-06T23:34:43.696+0000] {processor.py:809} INFO - DAG(s) dict_keys(['example_branch_dop_operator_v3']) retrieved from /home/airflow/.local/lib/python3.7/site-packages/airflow/example_dags/example_branch_python_dop_operator_3.py
[2023-05-06T23:34:43.726+0000] {logging_mixin.py:149} INFO - [2023-05-06T23:34:43.725+0000] {dag.py:2726} INFO - Sync 1 DAGs
[2023-05-06T23:34:43.752+0000] {logging_mixin.py:149} INFO - [2023-05-06T23:34:43.752+0000] {dag.py:3490} INFO - Setting next_dagrun for example_branch_dop_operator_v3 to 2023-05-06T23:33:00+00:00, run_after=2023-05-06T23:34:00+00:00
[2023-05-06T23:34:43.769+0000] {processor.py:178} INFO - Processing /home/airflow/.local/lib/python3.7/site-packages/airflow/example_dags/example_branch_python_dop_operator_3.py took 0.093 seconds
[2023-05-06T23:35:14.121+0000] {processor.py:156} INFO - Started process (PID=1232) to work on /home/airflow/.local/lib/python3.7/site-packages/airflow/example_dags/example_branch_python_dop_operator_3.py
[2023-05-06T23:35:14.121+0000] {processor.py:799} INFO - Processing file /home/airflow/.local/lib/python3.7/site-packages/airflow/example_dags/example_branch_python_dop_operator_3.py for tasks to queue
[2023-05-06T23:35:14.122+0000] {logging_mixin.py:149} INFO - [2023-05-06T23:35:14.122+0000] {dagbag.py:541} INFO - Filling up the DagBag from /home/airflow/.local/lib/python3.7/site-packages/airflow/example_dags/example_branch_python_dop_operator_3.py
[2023-05-06T23:35:14.127+0000] {processor.py:809} INFO - DAG(s) dict_keys(['example_branch_dop_operator_v3']) retrieved from /home/airflow/.local/lib/python3.7/site-packages/airflow/example_dags/example_branch_python_dop_operator_3.py
[2023-05-06T23:35:14.148+0000] {logging_mixin.py:149} INFO - [2023-05-06T23:35:14.147+0000] {dag.py:2726} INFO - Sync 1 DAGs
[2023-05-06T23:35:14.176+0000] {logging_mixin.py:149} INFO - [2023-05-06T23:35:14.176+0000] {dag.py:3490} INFO - Setting next_dagrun for example_branch_dop_operator_v3 to 2023-05-06T23:34:00+00:00, run_after=2023-05-06T23:35:00+00:00
[2023-05-06T23:35:14.193+0000] {processor.py:178} INFO - Processing /home/airflow/.local/lib/python3.7/site-packages/airflow/example_dags/example_branch_python_dop_operator_3.py took 0.074 seconds
[2023-05-06T23:35:44.682+0000] {processor.py:156} INFO - Started process (PID=1290) to work on /home/airflow/.local/lib/python3.7/site-packages/airflow/example_dags/example_branch_python_dop_operator_3.py
[2023-05-06T23:35:44.683+0000] {processor.py:799} INFO - Processing file /home/airflow/.local/lib/python3.7/site-packages/airflow/example_dags/example_branch_python_dop_operator_3.py for tasks to queue
[2023-05-06T23:35:44.683+0000] {logging_mixin.py:149} INFO - [2023-05-06T23:35:44.683+0000] {dagbag.py:541} INFO - Filling up the DagBag from /home/airflow/.local/lib/python3.7/site-packages/airflow/example_dags/example_branch_python_dop_operator_3.py
[2023-05-06T23:35:44.689+0000] {processor.py:809} INFO - DAG(s) dict_keys(['example_branch_dop_operator_v3']) retrieved from /home/airflow/.local/lib/python3.7/site-packages/airflow/example_dags/example_branch_python_dop_operator_3.py
[2023-05-06T23:35:44.709+0000] {logging_mixin.py:149} INFO - [2023-05-06T23:35:44.709+0000] {dag.py:2726} INFO - Sync 1 DAGs
[2023-05-06T23:35:44.735+0000] {logging_mixin.py:149} INFO - [2023-05-06T23:35:44.735+0000] {dag.py:3490} INFO - Setting next_dagrun for example_branch_dop_operator_v3 to 2023-05-06T23:34:00+00:00, run_after=2023-05-06T23:35:00+00:00
[2023-05-06T23:35:44.752+0000] {processor.py:178} INFO - Processing /home/airflow/.local/lib/python3.7/site-packages/airflow/example_dags/example_branch_python_dop_operator_3.py took 0.072 seconds
[2023-05-06T23:36:15.050+0000] {processor.py:156} INFO - Started process (PID=1348) to work on /home/airflow/.local/lib/python3.7/site-packages/airflow/example_dags/example_branch_python_dop_operator_3.py
[2023-05-06T23:36:15.051+0000] {processor.py:799} INFO - Processing file /home/airflow/.local/lib/python3.7/site-packages/airflow/example_dags/example_branch_python_dop_operator_3.py for tasks to queue
[2023-05-06T23:36:15.051+0000] {logging_mixin.py:149} INFO - [2023-05-06T23:36:15.051+0000] {dagbag.py:541} INFO - Filling up the DagBag from /home/airflow/.local/lib/python3.7/site-packages/airflow/example_dags/example_branch_python_dop_operator_3.py
[2023-05-06T23:36:15.057+0000] {processor.py:809} INFO - DAG(s) dict_keys(['example_branch_dop_operator_v3']) retrieved from /home/airflow/.local/lib/python3.7/site-packages/airflow/example_dags/example_branch_python_dop_operator_3.py
[2023-05-06T23:36:15.076+0000] {logging_mixin.py:149} INFO - [2023-05-06T23:36:15.076+0000] {dag.py:2726} INFO - Sync 1 DAGs
[2023-05-06T23:36:15.103+0000] {logging_mixin.py:149} INFO - [2023-05-06T23:36:15.103+0000] {dag.py:3490} INFO - Setting next_dagrun for example_branch_dop_operator_v3 to 2023-05-06T23:35:00+00:00, run_after=2023-05-06T23:36:00+00:00
[2023-05-06T23:36:15.122+0000] {processor.py:178} INFO - Processing /home/airflow/.local/lib/python3.7/site-packages/airflow/example_dags/example_branch_python_dop_operator_3.py took 0.074 seconds
[2023-05-06T23:36:45.741+0000] {processor.py:156} INFO - Started process (PID=1406) to work on /home/airflow/.local/lib/python3.7/site-packages/airflow/example_dags/example_branch_python_dop_operator_3.py
[2023-05-06T23:36:45.741+0000] {processor.py:799} INFO - Processing file /home/airflow/.local/lib/python3.7/site-packages/airflow/example_dags/example_branch_python_dop_operator_3.py for tasks to queue
[2023-05-06T23:36:45.742+0000] {logging_mixin.py:149} INFO - [2023-05-06T23:36:45.741+0000] {dagbag.py:541} INFO - Filling up the DagBag from /home/airflow/.local/lib/python3.7/site-packages/airflow/example_dags/example_branch_python_dop_operator_3.py
[2023-05-06T23:36:45.747+0000] {processor.py:809} INFO - DAG(s) dict_keys(['example_branch_dop_operator_v3']) retrieved from /home/airflow/.local/lib/python3.7/site-packages/airflow/example_dags/example_branch_python_dop_operator_3.py
[2023-05-06T23:36:45.768+0000] {logging_mixin.py:149} INFO - [2023-05-06T23:36:45.768+0000] {dag.py:2726} INFO - Sync 1 DAGs
[2023-05-06T23:36:45.796+0000] {logging_mixin.py:149} INFO - [2023-05-06T23:36:45.796+0000] {dag.py:3490} INFO - Setting next_dagrun for example_branch_dop_operator_v3 to 2023-05-06T23:35:00+00:00, run_after=2023-05-06T23:36:00+00:00
[2023-05-06T23:36:45.812+0000] {processor.py:178} INFO - Processing /home/airflow/.local/lib/python3.7/site-packages/airflow/example_dags/example_branch_python_dop_operator_3.py took 0.074 seconds
[2023-05-06T23:37:16.295+0000] {processor.py:156} INFO - Started process (PID=1464) to work on /home/airflow/.local/lib/python3.7/site-packages/airflow/example_dags/example_branch_python_dop_operator_3.py
[2023-05-06T23:37:16.296+0000] {processor.py:799} INFO - Processing file /home/airflow/.local/lib/python3.7/site-packages/airflow/example_dags/example_branch_python_dop_operator_3.py for tasks to queue
[2023-05-06T23:37:16.296+0000] {logging_mixin.py:149} INFO - [2023-05-06T23:37:16.296+0000] {dagbag.py:541} INFO - Filling up the DagBag from /home/airflow/.local/lib/python3.7/site-packages/airflow/example_dags/example_branch_python_dop_operator_3.py
[2023-05-06T23:37:16.302+0000] {processor.py:809} INFO - DAG(s) dict_keys(['example_branch_dop_operator_v3']) retrieved from /home/airflow/.local/lib/python3.7/site-packages/airflow/example_dags/example_branch_python_dop_operator_3.py
[2023-05-06T23:37:16.324+0000] {logging_mixin.py:149} INFO - [2023-05-06T23:37:16.324+0000] {dag.py:2726} INFO - Sync 1 DAGs
[2023-05-06T23:37:16.350+0000] {logging_mixin.py:149} INFO - [2023-05-06T23:37:16.350+0000] {dag.py:3490} INFO - Setting next_dagrun for example_branch_dop_operator_v3 to 2023-05-06T23:36:00+00:00, run_after=2023-05-06T23:37:00+00:00
[2023-05-06T23:37:16.366+0000] {processor.py:178} INFO - Processing /home/airflow/.local/lib/python3.7/site-packages/airflow/example_dags/example_branch_python_dop_operator_3.py took 0.073 seconds
[2023-05-06T23:37:46.813+0000] {processor.py:156} INFO - Started process (PID=1522) to work on /home/airflow/.local/lib/python3.7/site-packages/airflow/example_dags/example_branch_python_dop_operator_3.py
[2023-05-06T23:37:46.814+0000] {processor.py:799} INFO - Processing file /home/airflow/.local/lib/python3.7/site-packages/airflow/example_dags/example_branch_python_dop_operator_3.py for tasks to queue
[2023-05-06T23:37:46.814+0000] {logging_mixin.py:149} INFO - [2023-05-06T23:37:46.814+0000] {dagbag.py:541} INFO - Filling up the DagBag from /home/airflow/.local/lib/python3.7/site-packages/airflow/example_dags/example_branch_python_dop_operator_3.py
[2023-05-06T23:37:46.820+0000] {processor.py:809} INFO - DAG(s) dict_keys(['example_branch_dop_operator_v3']) retrieved from /home/airflow/.local/lib/python3.7/site-packages/airflow/example_dags/example_branch_python_dop_operator_3.py
[2023-05-06T23:37:46.839+0000] {logging_mixin.py:149} INFO - [2023-05-06T23:37:46.839+0000] {dag.py:2726} INFO - Sync 1 DAGs
[2023-05-06T23:37:46.866+0000] {logging_mixin.py:149} INFO - [2023-05-06T23:37:46.866+0000] {dag.py:3490} INFO - Setting next_dagrun for example_branch_dop_operator_v3 to 2023-05-06T23:36:00+00:00, run_after=2023-05-06T23:37:00+00:00
[2023-05-06T23:37:46.881+0000] {processor.py:178} INFO - Processing /home/airflow/.local/lib/python3.7/site-packages/airflow/example_dags/example_branch_python_dop_operator_3.py took 0.071 seconds
[2023-05-06T23:38:17.904+0000] {processor.py:156} INFO - Started process (PID=1580) to work on /home/airflow/.local/lib/python3.7/site-packages/airflow/example_dags/example_branch_python_dop_operator_3.py
[2023-05-06T23:38:17.905+0000] {processor.py:799} INFO - Processing file /home/airflow/.local/lib/python3.7/site-packages/airflow/example_dags/example_branch_python_dop_operator_3.py for tasks to queue
[2023-05-06T23:38:17.905+0000] {logging_mixin.py:149} INFO - [2023-05-06T23:38:17.905+0000] {dagbag.py:541} INFO - Filling up the DagBag from /home/airflow/.local/lib/python3.7/site-packages/airflow/example_dags/example_branch_python_dop_operator_3.py
[2023-05-06T23:38:17.911+0000] {processor.py:809} INFO - DAG(s) dict_keys(['example_branch_dop_operator_v3']) retrieved from /home/airflow/.local/lib/python3.7/site-packages/airflow/example_dags/example_branch_python_dop_operator_3.py
[2023-05-06T23:38:17.929+0000] {logging_mixin.py:149} INFO - [2023-05-06T23:38:17.929+0000] {dag.py:2726} INFO - Sync 1 DAGs
[2023-05-06T23:38:17.957+0000] {logging_mixin.py:149} INFO - [2023-05-06T23:38:17.957+0000] {dag.py:3490} INFO - Setting next_dagrun for example_branch_dop_operator_v3 to 2023-05-06T23:37:00+00:00, run_after=2023-05-06T23:38:00+00:00
[2023-05-06T23:38:17.974+0000] {processor.py:178} INFO - Processing /home/airflow/.local/lib/python3.7/site-packages/airflow/example_dags/example_branch_python_dop_operator_3.py took 0.072 seconds
[2023-05-06T23:38:48.921+0000] {processor.py:156} INFO - Started process (PID=1638) to work on /home/airflow/.local/lib/python3.7/site-packages/airflow/example_dags/example_branch_python_dop_operator_3.py
[2023-05-06T23:38:48.922+0000] {processor.py:799} INFO - Processing file /home/airflow/.local/lib/python3.7/site-packages/airflow/example_dags/example_branch_python_dop_operator_3.py for tasks to queue
[2023-05-06T23:38:48.923+0000] {logging_mixin.py:149} INFO - [2023-05-06T23:38:48.923+0000] {dagbag.py:541} INFO - Filling up the DagBag from /home/airflow/.local/lib/python3.7/site-packages/airflow/example_dags/example_branch_python_dop_operator_3.py
[2023-05-06T23:38:48.935+0000] {processor.py:809} INFO - DAG(s) dict_keys(['example_branch_dop_operator_v3']) retrieved from /home/airflow/.local/lib/python3.7/site-packages/airflow/example_dags/example_branch_python_dop_operator_3.py
[2023-05-06T23:38:48.957+0000] {logging_mixin.py:149} INFO - [2023-05-06T23:38:48.956+0000] {dag.py:2726} INFO - Sync 1 DAGs
[2023-05-06T23:38:48.987+0000] {logging_mixin.py:149} INFO - [2023-05-06T23:38:48.987+0000] {dag.py:3490} INFO - Setting next_dagrun for example_branch_dop_operator_v3 to 2023-05-06T23:37:00+00:00, run_after=2023-05-06T23:38:00+00:00
[2023-05-06T23:38:49.010+0000] {processor.py:178} INFO - Processing /home/airflow/.local/lib/python3.7/site-packages/airflow/example_dags/example_branch_python_dop_operator_3.py took 0.093 seconds
[2023-05-06T23:39:19.638+0000] {processor.py:156} INFO - Started process (PID=1696) to work on /home/airflow/.local/lib/python3.7/site-packages/airflow/example_dags/example_branch_python_dop_operator_3.py
[2023-05-06T23:39:19.639+0000] {processor.py:799} INFO - Processing file /home/airflow/.local/lib/python3.7/site-packages/airflow/example_dags/example_branch_python_dop_operator_3.py for tasks to queue
[2023-05-06T23:39:19.639+0000] {logging_mixin.py:149} INFO - [2023-05-06T23:39:19.639+0000] {dagbag.py:541} INFO - Filling up the DagBag from /home/airflow/.local/lib/python3.7/site-packages/airflow/example_dags/example_branch_python_dop_operator_3.py
[2023-05-06T23:39:19.645+0000] {processor.py:809} INFO - DAG(s) dict_keys(['example_branch_dop_operator_v3']) retrieved from /home/airflow/.local/lib/python3.7/site-packages/airflow/example_dags/example_branch_python_dop_operator_3.py
[2023-05-06T23:39:19.665+0000] {logging_mixin.py:149} INFO - [2023-05-06T23:39:19.665+0000] {dag.py:2726} INFO - Sync 1 DAGs
[2023-05-06T23:39:19.693+0000] {logging_mixin.py:149} INFO - [2023-05-06T23:39:19.693+0000] {dag.py:3490} INFO - Setting next_dagrun for example_branch_dop_operator_v3 to 2023-05-06T23:38:00+00:00, run_after=2023-05-06T23:39:00+00:00
[2023-05-06T23:39:19.711+0000] {processor.py:178} INFO - Processing /home/airflow/.local/lib/python3.7/site-packages/airflow/example_dags/example_branch_python_dop_operator_3.py took 0.074 seconds
[2023-05-06T23:39:49.946+0000] {processor.py:156} INFO - Started process (PID=1755) to work on /home/airflow/.local/lib/python3.7/site-packages/airflow/example_dags/example_branch_python_dop_operator_3.py
[2023-05-06T23:39:49.947+0000] {processor.py:799} INFO - Processing file /home/airflow/.local/lib/python3.7/site-packages/airflow/example_dags/example_branch_python_dop_operator_3.py for tasks to queue
[2023-05-06T23:39:49.947+0000] {logging_mixin.py:149} INFO - [2023-05-06T23:39:49.947+0000] {dagbag.py:541} INFO - Filling up the DagBag from /home/airflow/.local/lib/python3.7/site-packages/airflow/example_dags/example_branch_python_dop_operator_3.py
[2023-05-06T23:39:49.953+0000] {processor.py:809} INFO - DAG(s) dict_keys(['example_branch_dop_operator_v3']) retrieved from /home/airflow/.local/lib/python3.7/site-packages/airflow/example_dags/example_branch_python_dop_operator_3.py
[2023-05-06T23:39:49.977+0000] {logging_mixin.py:149} INFO - [2023-05-06T23:39:49.977+0000] {dag.py:2726} INFO - Sync 1 DAGs
[2023-05-06T23:39:50.004+0000] {logging_mixin.py:149} INFO - [2023-05-06T23:39:50.004+0000] {dag.py:3490} INFO - Setting next_dagrun for example_branch_dop_operator_v3 to 2023-05-06T23:38:00+00:00, run_after=2023-05-06T23:39:00+00:00
[2023-05-06T23:39:50.022+0000] {processor.py:178} INFO - Processing /home/airflow/.local/lib/python3.7/site-packages/airflow/example_dags/example_branch_python_dop_operator_3.py took 0.078 seconds
[2023-05-06T23:40:20.316+0000] {processor.py:156} INFO - Started process (PID=1813) to work on /home/airflow/.local/lib/python3.7/site-packages/airflow/example_dags/example_branch_python_dop_operator_3.py
[2023-05-06T23:40:20.317+0000] {processor.py:799} INFO - Processing file /home/airflow/.local/lib/python3.7/site-packages/airflow/example_dags/example_branch_python_dop_operator_3.py for tasks to queue
[2023-05-06T23:40:20.317+0000] {logging_mixin.py:149} INFO - [2023-05-06T23:40:20.317+0000] {dagbag.py:541} INFO - Filling up the DagBag from /home/airflow/.local/lib/python3.7/site-packages/airflow/example_dags/example_branch_python_dop_operator_3.py
[2023-05-06T23:40:20.323+0000] {processor.py:809} INFO - DAG(s) dict_keys(['example_branch_dop_operator_v3']) retrieved from /home/airflow/.local/lib/python3.7/site-packages/airflow/example_dags/example_branch_python_dop_operator_3.py
[2023-05-06T23:40:20.343+0000] {logging_mixin.py:149} INFO - [2023-05-06T23:40:20.343+0000] {dag.py:2726} INFO - Sync 1 DAGs
[2023-05-06T23:40:20.370+0000] {logging_mixin.py:149} INFO - [2023-05-06T23:40:20.370+0000] {dag.py:3490} INFO - Setting next_dagrun for example_branch_dop_operator_v3 to 2023-05-06T23:39:00+00:00, run_after=2023-05-06T23:40:00+00:00
[2023-05-06T23:40:20.388+0000] {processor.py:178} INFO - Processing /home/airflow/.local/lib/python3.7/site-packages/airflow/example_dags/example_branch_python_dop_operator_3.py took 0.074 seconds
[2023-05-06T23:40:50.653+0000] {processor.py:156} INFO - Started process (PID=1872) to work on /home/airflow/.local/lib/python3.7/site-packages/airflow/example_dags/example_branch_python_dop_operator_3.py
[2023-05-06T23:40:50.654+0000] {processor.py:799} INFO - Processing file /home/airflow/.local/lib/python3.7/site-packages/airflow/example_dags/example_branch_python_dop_operator_3.py for tasks to queue
[2023-05-06T23:40:50.655+0000] {logging_mixin.py:149} INFO - [2023-05-06T23:40:50.655+0000] {dagbag.py:541} INFO - Filling up the DagBag from /home/airflow/.local/lib/python3.7/site-packages/airflow/example_dags/example_branch_python_dop_operator_3.py
[2023-05-06T23:40:50.661+0000] {processor.py:809} INFO - DAG(s) dict_keys(['example_branch_dop_operator_v3']) retrieved from /home/airflow/.local/lib/python3.7/site-packages/airflow/example_dags/example_branch_python_dop_operator_3.py
[2023-05-06T23:40:50.681+0000] {logging_mixin.py:149} INFO - [2023-05-06T23:40:50.681+0000] {dag.py:2726} INFO - Sync 1 DAGs
[2023-05-06T23:40:50.713+0000] {logging_mixin.py:149} INFO - [2023-05-06T23:40:50.713+0000] {dag.py:3490} INFO - Setting next_dagrun for example_branch_dop_operator_v3 to 2023-05-06T23:39:00+00:00, run_after=2023-05-06T23:40:00+00:00
[2023-05-06T23:40:50.731+0000] {processor.py:178} INFO - Processing /home/airflow/.local/lib/python3.7/site-packages/airflow/example_dags/example_branch_python_dop_operator_3.py took 0.080 seconds
[2023-05-06T23:41:21.034+0000] {processor.py:156} INFO - Started process (PID=1930) to work on /home/airflow/.local/lib/python3.7/site-packages/airflow/example_dags/example_branch_python_dop_operator_3.py
[2023-05-06T23:41:21.035+0000] {processor.py:799} INFO - Processing file /home/airflow/.local/lib/python3.7/site-packages/airflow/example_dags/example_branch_python_dop_operator_3.py for tasks to queue
[2023-05-06T23:41:21.035+0000] {logging_mixin.py:149} INFO - [2023-05-06T23:41:21.035+0000] {dagbag.py:541} INFO - Filling up the DagBag from /home/airflow/.local/lib/python3.7/site-packages/airflow/example_dags/example_branch_python_dop_operator_3.py
[2023-05-06T23:41:21.042+0000] {processor.py:809} INFO - DAG(s) dict_keys(['example_branch_dop_operator_v3']) retrieved from /home/airflow/.local/lib/python3.7/site-packages/airflow/example_dags/example_branch_python_dop_operator_3.py
[2023-05-06T23:41:21.063+0000] {logging_mixin.py:149} INFO - [2023-05-06T23:41:21.063+0000] {dag.py:2726} INFO - Sync 1 DAGs
[2023-05-06T23:41:21.091+0000] {logging_mixin.py:149} INFO - [2023-05-06T23:41:21.091+0000] {dag.py:3490} INFO - Setting next_dagrun for example_branch_dop_operator_v3 to 2023-05-06T23:40:00+00:00, run_after=2023-05-06T23:41:00+00:00
[2023-05-06T23:41:21.114+0000] {processor.py:178} INFO - Processing /home/airflow/.local/lib/python3.7/site-packages/airflow/example_dags/example_branch_python_dop_operator_3.py took 0.082 seconds
[2023-05-06T23:41:51.303+0000] {processor.py:156} INFO - Started process (PID=1988) to work on /home/airflow/.local/lib/python3.7/site-packages/airflow/example_dags/example_branch_python_dop_operator_3.py
[2023-05-06T23:41:51.303+0000] {processor.py:799} INFO - Processing file /home/airflow/.local/lib/python3.7/site-packages/airflow/example_dags/example_branch_python_dop_operator_3.py for tasks to queue
[2023-05-06T23:41:51.304+0000] {logging_mixin.py:149} INFO - [2023-05-06T23:41:51.304+0000] {dagbag.py:541} INFO - Filling up the DagBag from /home/airflow/.local/lib/python3.7/site-packages/airflow/example_dags/example_branch_python_dop_operator_3.py
[2023-05-06T23:41:51.310+0000] {processor.py:809} INFO - DAG(s) dict_keys(['example_branch_dop_operator_v3']) retrieved from /home/airflow/.local/lib/python3.7/site-packages/airflow/example_dags/example_branch_python_dop_operator_3.py
[2023-05-06T23:41:51.329+0000] {logging_mixin.py:149} INFO - [2023-05-06T23:41:51.329+0000] {dag.py:2726} INFO - Sync 1 DAGs
[2023-05-06T23:41:51.356+0000] {logging_mixin.py:149} INFO - [2023-05-06T23:41:51.356+0000] {dag.py:3490} INFO - Setting next_dagrun for example_branch_dop_operator_v3 to 2023-05-06T23:40:00+00:00, run_after=2023-05-06T23:41:00+00:00
[2023-05-06T23:41:51.373+0000] {processor.py:178} INFO - Processing /home/airflow/.local/lib/python3.7/site-packages/airflow/example_dags/example_branch_python_dop_operator_3.py took 0.073 seconds
[2023-05-06T23:42:21.579+0000] {processor.py:156} INFO - Started process (PID=2046) to work on /home/airflow/.local/lib/python3.7/site-packages/airflow/example_dags/example_branch_python_dop_operator_3.py
[2023-05-06T23:42:21.580+0000] {processor.py:799} INFO - Processing file /home/airflow/.local/lib/python3.7/site-packages/airflow/example_dags/example_branch_python_dop_operator_3.py for tasks to queue
[2023-05-06T23:42:21.581+0000] {logging_mixin.py:149} INFO - [2023-05-06T23:42:21.581+0000] {dagbag.py:541} INFO - Filling up the DagBag from /home/airflow/.local/lib/python3.7/site-packages/airflow/example_dags/example_branch_python_dop_operator_3.py
[2023-05-06T23:42:21.593+0000] {processor.py:809} INFO - DAG(s) dict_keys(['example_branch_dop_operator_v3']) retrieved from /home/airflow/.local/lib/python3.7/site-packages/airflow/example_dags/example_branch_python_dop_operator_3.py
[2023-05-06T23:42:21.616+0000] {logging_mixin.py:149} INFO - [2023-05-06T23:42:21.616+0000] {dag.py:2726} INFO - Sync 1 DAGs
[2023-05-06T23:42:21.644+0000] {logging_mixin.py:149} INFO - [2023-05-06T23:42:21.643+0000] {dag.py:3490} INFO - Setting next_dagrun for example_branch_dop_operator_v3 to 2023-05-06T23:41:00+00:00, run_after=2023-05-06T23:42:00+00:00
[2023-05-06T23:42:21.664+0000] {processor.py:178} INFO - Processing /home/airflow/.local/lib/python3.7/site-packages/airflow/example_dags/example_branch_python_dop_operator_3.py took 0.089 seconds
[2023-05-06T23:42:52.191+0000] {processor.py:156} INFO - Started process (PID=2104) to work on /home/airflow/.local/lib/python3.7/site-packages/airflow/example_dags/example_branch_python_dop_operator_3.py
[2023-05-06T23:42:52.192+0000] {processor.py:799} INFO - Processing file /home/airflow/.local/lib/python3.7/site-packages/airflow/example_dags/example_branch_python_dop_operator_3.py for tasks to queue
[2023-05-06T23:42:52.193+0000] {logging_mixin.py:149} INFO - [2023-05-06T23:42:52.192+0000] {dagbag.py:541} INFO - Filling up the DagBag from /home/airflow/.local/lib/python3.7/site-packages/airflow/example_dags/example_branch_python_dop_operator_3.py
[2023-05-06T23:42:52.199+0000] {processor.py:809} INFO - DAG(s) dict_keys(['example_branch_dop_operator_v3']) retrieved from /home/airflow/.local/lib/python3.7/site-packages/airflow/example_dags/example_branch_python_dop_operator_3.py
[2023-05-06T23:42:52.220+0000] {logging_mixin.py:149} INFO - [2023-05-06T23:42:52.220+0000] {dag.py:2726} INFO - Sync 1 DAGs
[2023-05-06T23:42:52.249+0000] {logging_mixin.py:149} INFO - [2023-05-06T23:42:52.249+0000] {dag.py:3490} INFO - Setting next_dagrun for example_branch_dop_operator_v3 to 2023-05-06T23:41:00+00:00, run_after=2023-05-06T23:42:00+00:00
[2023-05-06T23:42:52.269+0000] {processor.py:178} INFO - Processing /home/airflow/.local/lib/python3.7/site-packages/airflow/example_dags/example_branch_python_dop_operator_3.py took 0.080 seconds
[2023-05-06T23:43:22.475+0000] {processor.py:156} INFO - Started process (PID=2162) to work on /home/airflow/.local/lib/python3.7/site-packages/airflow/example_dags/example_branch_python_dop_operator_3.py
[2023-05-06T23:43:22.476+0000] {processor.py:799} INFO - Processing file /home/airflow/.local/lib/python3.7/site-packages/airflow/example_dags/example_branch_python_dop_operator_3.py for tasks to queue
[2023-05-06T23:43:22.477+0000] {logging_mixin.py:149} INFO - [2023-05-06T23:43:22.477+0000] {dagbag.py:541} INFO - Filling up the DagBag from /home/airflow/.local/lib/python3.7/site-packages/airflow/example_dags/example_branch_python_dop_operator_3.py
[2023-05-06T23:43:22.482+0000] {processor.py:809} INFO - DAG(s) dict_keys(['example_branch_dop_operator_v3']) retrieved from /home/airflow/.local/lib/python3.7/site-packages/airflow/example_dags/example_branch_python_dop_operator_3.py
[2023-05-06T23:43:22.505+0000] {logging_mixin.py:149} INFO - [2023-05-06T23:43:22.505+0000] {dag.py:2726} INFO - Sync 1 DAGs
[2023-05-06T23:43:22.532+0000] {logging_mixin.py:149} INFO - [2023-05-06T23:43:22.532+0000] {dag.py:3490} INFO - Setting next_dagrun for example_branch_dop_operator_v3 to 2023-05-06T23:42:00+00:00, run_after=2023-05-06T23:43:00+00:00
[2023-05-06T23:43:22.555+0000] {processor.py:178} INFO - Processing /home/airflow/.local/lib/python3.7/site-packages/airflow/example_dags/example_branch_python_dop_operator_3.py took 0.083 seconds
