[2023-05-06T23:25:02.004+0000] {processor.py:156} INFO - Started process (PID=41) to work on /home/airflow/.local/lib/python3.7/site-packages/airflow/example_dags/example_subdag_operator.py
[2023-05-06T23:25:02.005+0000] {processor.py:799} INFO - Processing file /home/airflow/.local/lib/python3.7/site-packages/airflow/example_dags/example_subdag_operator.py for tasks to queue
[2023-05-06T23:25:02.006+0000] {logging_mixin.py:149} INFO - [2023-05-06T23:25:02.006+0000] {dagbag.py:541} INFO - Filling up the DagBag from /home/airflow/.local/lib/python3.7/site-packages/airflow/example_dags/example_subdag_operator.py
[2023-05-06T23:25:02.028+0000] {processor.py:809} INFO - DAG(s) dict_keys(['example_subdag_operator.section-1', 'example_subdag_operator.section-2', 'example_subdag_operator']) retrieved from /home/airflow/.local/lib/python3.7/site-packages/airflow/example_dags/example_subdag_operator.py
[2023-05-06T23:25:02.033+0000] {logging_mixin.py:149} INFO - [2023-05-06T23:25:02.033+0000] {dag.py:2726} INFO - Sync 3 DAGs
[2023-05-06T23:25:02.059+0000] {logging_mixin.py:149} INFO - [2023-05-06T23:25:02.059+0000] {dag.py:3490} INFO - Setting next_dagrun for example_subdag_operator to 2022-01-01T00:00:00+00:00, run_after=2022-01-01T00:00:00+00:00
[2023-05-06T23:25:02.063+0000] {logging_mixin.py:149} INFO - [2023-05-06T23:25:02.063+0000] {dag.py:3490} INFO - Setting next_dagrun for example_subdag_operator.section-1 to None, run_after=None
[2023-05-06T23:25:02.065+0000] {logging_mixin.py:149} INFO - [2023-05-06T23:25:02.065+0000] {dag.py:3490} INFO - Setting next_dagrun for example_subdag_operator.section-2 to None, run_after=None
[2023-05-06T23:25:02.074+0000] {logging_mixin.py:149} INFO - [2023-05-06T23:25:02.073+0000] {dag.py:2726} INFO - Sync 2 DAGs
[2023-05-06T23:25:02.081+0000] {logging_mixin.py:149} INFO - [2023-05-06T23:25:02.081+0000] {dag.py:3490} INFO - Setting next_dagrun for example_subdag_operator.section-1 to None, run_after=None
[2023-05-06T23:25:02.082+0000] {logging_mixin.py:149} INFO - [2023-05-06T23:25:02.082+0000] {dag.py:3490} INFO - Setting next_dagrun for example_subdag_operator.section-2 to None, run_after=None
[2023-05-06T23:25:02.096+0000] {processor.py:178} INFO - Processing /home/airflow/.local/lib/python3.7/site-packages/airflow/example_dags/example_subdag_operator.py took 0.095 seconds
[2023-05-06T23:25:32.122+0000] {processor.py:156} INFO - Started process (PID=99) to work on /home/airflow/.local/lib/python3.7/site-packages/airflow/example_dags/example_subdag_operator.py
[2023-05-06T23:25:32.122+0000] {processor.py:799} INFO - Processing file /home/airflow/.local/lib/python3.7/site-packages/airflow/example_dags/example_subdag_operator.py for tasks to queue
[2023-05-06T23:25:32.123+0000] {logging_mixin.py:149} INFO - [2023-05-06T23:25:32.123+0000] {dagbag.py:541} INFO - Filling up the DagBag from /home/airflow/.local/lib/python3.7/site-packages/airflow/example_dags/example_subdag_operator.py
[2023-05-06T23:25:32.144+0000] {processor.py:809} INFO - DAG(s) dict_keys(['example_subdag_operator.section-1', 'example_subdag_operator.section-2', 'example_subdag_operator']) retrieved from /home/airflow/.local/lib/python3.7/site-packages/airflow/example_dags/example_subdag_operator.py
[2023-05-06T23:25:32.160+0000] {logging_mixin.py:149} INFO - [2023-05-06T23:25:32.160+0000] {dag.py:2726} INFO - Sync 3 DAGs
[2023-05-06T23:25:32.182+0000] {logging_mixin.py:149} INFO - [2023-05-06T23:25:32.182+0000] {dag.py:3490} INFO - Setting next_dagrun for example_subdag_operator to 2022-01-01T00:00:00+00:00, run_after=2022-01-01T00:00:00+00:00
[2023-05-06T23:25:32.185+0000] {logging_mixin.py:149} INFO - [2023-05-06T23:25:32.185+0000] {dag.py:3490} INFO - Setting next_dagrun for example_subdag_operator.section-1 to None, run_after=None
[2023-05-06T23:25:32.186+0000] {logging_mixin.py:149} INFO - [2023-05-06T23:25:32.186+0000] {dag.py:3490} INFO - Setting next_dagrun for example_subdag_operator.section-2 to None, run_after=None
[2023-05-06T23:25:32.193+0000] {logging_mixin.py:149} INFO - [2023-05-06T23:25:32.193+0000] {dag.py:2726} INFO - Sync 2 DAGs
[2023-05-06T23:25:32.199+0000] {logging_mixin.py:149} INFO - [2023-05-06T23:25:32.199+0000] {dag.py:3490} INFO - Setting next_dagrun for example_subdag_operator.section-1 to None, run_after=None
[2023-05-06T23:25:32.199+0000] {logging_mixin.py:149} INFO - [2023-05-06T23:25:32.199+0000] {dag.py:3490} INFO - Setting next_dagrun for example_subdag_operator.section-2 to None, run_after=None
[2023-05-06T23:25:32.208+0000] {processor.py:178} INFO - Processing /home/airflow/.local/lib/python3.7/site-packages/airflow/example_dags/example_subdag_operator.py took 0.089 seconds
[2023-05-06T23:26:02.294+0000] {processor.py:156} INFO - Started process (PID=157) to work on /home/airflow/.local/lib/python3.7/site-packages/airflow/example_dags/example_subdag_operator.py
[2023-05-06T23:26:02.295+0000] {processor.py:799} INFO - Processing file /home/airflow/.local/lib/python3.7/site-packages/airflow/example_dags/example_subdag_operator.py for tasks to queue
[2023-05-06T23:26:02.295+0000] {logging_mixin.py:149} INFO - [2023-05-06T23:26:02.295+0000] {dagbag.py:541} INFO - Filling up the DagBag from /home/airflow/.local/lib/python3.7/site-packages/airflow/example_dags/example_subdag_operator.py
[2023-05-06T23:26:02.315+0000] {processor.py:809} INFO - DAG(s) dict_keys(['example_subdag_operator.section-1', 'example_subdag_operator.section-2', 'example_subdag_operator']) retrieved from /home/airflow/.local/lib/python3.7/site-packages/airflow/example_dags/example_subdag_operator.py
[2023-05-06T23:26:02.331+0000] {logging_mixin.py:149} INFO - [2023-05-06T23:26:02.331+0000] {dag.py:2726} INFO - Sync 3 DAGs
[2023-05-06T23:26:02.355+0000] {logging_mixin.py:149} INFO - [2023-05-06T23:26:02.355+0000] {dag.py:3490} INFO - Setting next_dagrun for example_subdag_operator to 2022-01-01T00:00:00+00:00, run_after=2022-01-01T00:00:00+00:00
[2023-05-06T23:26:02.359+0000] {logging_mixin.py:149} INFO - [2023-05-06T23:26:02.358+0000] {dag.py:3490} INFO - Setting next_dagrun for example_subdag_operator.section-1 to None, run_after=None
[2023-05-06T23:26:02.360+0000] {logging_mixin.py:149} INFO - [2023-05-06T23:26:02.360+0000] {dag.py:3490} INFO - Setting next_dagrun for example_subdag_operator.section-2 to None, run_after=None
[2023-05-06T23:26:02.367+0000] {logging_mixin.py:149} INFO - [2023-05-06T23:26:02.366+0000] {dag.py:2726} INFO - Sync 2 DAGs
[2023-05-06T23:26:02.372+0000] {logging_mixin.py:149} INFO - [2023-05-06T23:26:02.372+0000] {dag.py:3490} INFO - Setting next_dagrun for example_subdag_operator.section-1 to None, run_after=None
[2023-05-06T23:26:02.372+0000] {logging_mixin.py:149} INFO - [2023-05-06T23:26:02.372+0000] {dag.py:3490} INFO - Setting next_dagrun for example_subdag_operator.section-2 to None, run_after=None
[2023-05-06T23:26:02.383+0000] {processor.py:178} INFO - Processing /home/airflow/.local/lib/python3.7/site-packages/airflow/example_dags/example_subdag_operator.py took 0.090 seconds
[2023-05-06T23:26:32.761+0000] {processor.py:156} INFO - Started process (PID=214) to work on /home/airflow/.local/lib/python3.7/site-packages/airflow/example_dags/example_subdag_operator.py
[2023-05-06T23:26:32.762+0000] {processor.py:799} INFO - Processing file /home/airflow/.local/lib/python3.7/site-packages/airflow/example_dags/example_subdag_operator.py for tasks to queue
[2023-05-06T23:26:32.762+0000] {logging_mixin.py:149} INFO - [2023-05-06T23:26:32.762+0000] {dagbag.py:541} INFO - Filling up the DagBag from /home/airflow/.local/lib/python3.7/site-packages/airflow/example_dags/example_subdag_operator.py
[2023-05-06T23:26:32.781+0000] {processor.py:809} INFO - DAG(s) dict_keys(['example_subdag_operator.section-1', 'example_subdag_operator.section-2', 'example_subdag_operator']) retrieved from /home/airflow/.local/lib/python3.7/site-packages/airflow/example_dags/example_subdag_operator.py
[2023-05-06T23:26:32.797+0000] {logging_mixin.py:149} INFO - [2023-05-06T23:26:32.797+0000] {dag.py:2726} INFO - Sync 3 DAGs
[2023-05-06T23:26:32.820+0000] {logging_mixin.py:149} INFO - [2023-05-06T23:26:32.820+0000] {dag.py:3490} INFO - Setting next_dagrun for example_subdag_operator to 2022-01-01T00:00:00+00:00, run_after=2022-01-01T00:00:00+00:00
[2023-05-06T23:26:32.823+0000] {logging_mixin.py:149} INFO - [2023-05-06T23:26:32.823+0000] {dag.py:3490} INFO - Setting next_dagrun for example_subdag_operator.section-1 to None, run_after=None
[2023-05-06T23:26:32.825+0000] {logging_mixin.py:149} INFO - [2023-05-06T23:26:32.824+0000] {dag.py:3490} INFO - Setting next_dagrun for example_subdag_operator.section-2 to None, run_after=None
[2023-05-06T23:26:32.831+0000] {logging_mixin.py:149} INFO - [2023-05-06T23:26:32.831+0000] {dag.py:2726} INFO - Sync 2 DAGs
[2023-05-06T23:26:32.837+0000] {logging_mixin.py:149} INFO - [2023-05-06T23:26:32.837+0000] {dag.py:3490} INFO - Setting next_dagrun for example_subdag_operator.section-1 to None, run_after=None
[2023-05-06T23:26:32.837+0000] {logging_mixin.py:149} INFO - [2023-05-06T23:26:32.837+0000] {dag.py:3490} INFO - Setting next_dagrun for example_subdag_operator.section-2 to None, run_after=None
[2023-05-06T23:26:32.847+0000] {processor.py:178} INFO - Processing /home/airflow/.local/lib/python3.7/site-packages/airflow/example_dags/example_subdag_operator.py took 0.087 seconds
[2023-05-06T23:27:03.424+0000] {processor.py:156} INFO - Started process (PID=272) to work on /home/airflow/.local/lib/python3.7/site-packages/airflow/example_dags/example_subdag_operator.py
[2023-05-06T23:27:03.425+0000] {processor.py:799} INFO - Processing file /home/airflow/.local/lib/python3.7/site-packages/airflow/example_dags/example_subdag_operator.py for tasks to queue
[2023-05-06T23:27:03.425+0000] {logging_mixin.py:149} INFO - [2023-05-06T23:27:03.425+0000] {dagbag.py:541} INFO - Filling up the DagBag from /home/airflow/.local/lib/python3.7/site-packages/airflow/example_dags/example_subdag_operator.py
[2023-05-06T23:27:03.448+0000] {processor.py:809} INFO - DAG(s) dict_keys(['example_subdag_operator.section-1', 'example_subdag_operator.section-2', 'example_subdag_operator']) retrieved from /home/airflow/.local/lib/python3.7/site-packages/airflow/example_dags/example_subdag_operator.py
[2023-05-06T23:27:03.463+0000] {logging_mixin.py:149} INFO - [2023-05-06T23:27:03.463+0000] {dag.py:2726} INFO - Sync 3 DAGs
[2023-05-06T23:27:03.486+0000] {logging_mixin.py:149} INFO - [2023-05-06T23:27:03.485+0000] {dag.py:3490} INFO - Setting next_dagrun for example_subdag_operator to 2022-01-01T00:00:00+00:00, run_after=2022-01-01T00:00:00+00:00
[2023-05-06T23:27:03.490+0000] {logging_mixin.py:149} INFO - [2023-05-06T23:27:03.489+0000] {dag.py:3490} INFO - Setting next_dagrun for example_subdag_operator.section-1 to None, run_after=None
[2023-05-06T23:27:03.491+0000] {logging_mixin.py:149} INFO - [2023-05-06T23:27:03.491+0000] {dag.py:3490} INFO - Setting next_dagrun for example_subdag_operator.section-2 to None, run_after=None
[2023-05-06T23:27:03.498+0000] {logging_mixin.py:149} INFO - [2023-05-06T23:27:03.498+0000] {dag.py:2726} INFO - Sync 2 DAGs
[2023-05-06T23:27:03.504+0000] {logging_mixin.py:149} INFO - [2023-05-06T23:27:03.504+0000] {dag.py:3490} INFO - Setting next_dagrun for example_subdag_operator.section-1 to None, run_after=None
[2023-05-06T23:27:03.505+0000] {logging_mixin.py:149} INFO - [2023-05-06T23:27:03.505+0000] {dag.py:3490} INFO - Setting next_dagrun for example_subdag_operator.section-2 to None, run_after=None
[2023-05-06T23:27:03.518+0000] {processor.py:178} INFO - Processing /home/airflow/.local/lib/python3.7/site-packages/airflow/example_dags/example_subdag_operator.py took 0.096 seconds
[2023-05-06T23:27:33.945+0000] {processor.py:156} INFO - Started process (PID=330) to work on /home/airflow/.local/lib/python3.7/site-packages/airflow/example_dags/example_subdag_operator.py
[2023-05-06T23:27:33.945+0000] {processor.py:799} INFO - Processing file /home/airflow/.local/lib/python3.7/site-packages/airflow/example_dags/example_subdag_operator.py for tasks to queue
[2023-05-06T23:27:33.946+0000] {logging_mixin.py:149} INFO - [2023-05-06T23:27:33.945+0000] {dagbag.py:541} INFO - Filling up the DagBag from /home/airflow/.local/lib/python3.7/site-packages/airflow/example_dags/example_subdag_operator.py
[2023-05-06T23:27:33.965+0000] {processor.py:809} INFO - DAG(s) dict_keys(['example_subdag_operator.section-1', 'example_subdag_operator.section-2', 'example_subdag_operator']) retrieved from /home/airflow/.local/lib/python3.7/site-packages/airflow/example_dags/example_subdag_operator.py
[2023-05-06T23:27:33.981+0000] {logging_mixin.py:149} INFO - [2023-05-06T23:27:33.981+0000] {dag.py:2726} INFO - Sync 3 DAGs
[2023-05-06T23:27:34.005+0000] {logging_mixin.py:149} INFO - [2023-05-06T23:27:34.005+0000] {dag.py:3490} INFO - Setting next_dagrun for example_subdag_operator to 2022-01-01T00:00:00+00:00, run_after=2022-01-01T00:00:00+00:00
[2023-05-06T23:27:34.008+0000] {logging_mixin.py:149} INFO - [2023-05-06T23:27:34.008+0000] {dag.py:3490} INFO - Setting next_dagrun for example_subdag_operator.section-1 to None, run_after=None
[2023-05-06T23:27:34.009+0000] {logging_mixin.py:149} INFO - [2023-05-06T23:27:34.009+0000] {dag.py:3490} INFO - Setting next_dagrun for example_subdag_operator.section-2 to None, run_after=None
[2023-05-06T23:27:34.016+0000] {logging_mixin.py:149} INFO - [2023-05-06T23:27:34.016+0000] {dag.py:2726} INFO - Sync 2 DAGs
[2023-05-06T23:27:34.023+0000] {logging_mixin.py:149} INFO - [2023-05-06T23:27:34.023+0000] {dag.py:3490} INFO - Setting next_dagrun for example_subdag_operator.section-1 to None, run_after=None
[2023-05-06T23:27:34.023+0000] {logging_mixin.py:149} INFO - [2023-05-06T23:27:34.023+0000] {dag.py:3490} INFO - Setting next_dagrun for example_subdag_operator.section-2 to None, run_after=None
[2023-05-06T23:27:34.035+0000] {processor.py:178} INFO - Processing /home/airflow/.local/lib/python3.7/site-packages/airflow/example_dags/example_subdag_operator.py took 0.093 seconds
[2023-05-06T23:28:04.360+0000] {processor.py:156} INFO - Started process (PID=388) to work on /home/airflow/.local/lib/python3.7/site-packages/airflow/example_dags/example_subdag_operator.py
[2023-05-06T23:28:04.360+0000] {processor.py:799} INFO - Processing file /home/airflow/.local/lib/python3.7/site-packages/airflow/example_dags/example_subdag_operator.py for tasks to queue
[2023-05-06T23:28:04.361+0000] {logging_mixin.py:149} INFO - [2023-05-06T23:28:04.361+0000] {dagbag.py:541} INFO - Filling up the DagBag from /home/airflow/.local/lib/python3.7/site-packages/airflow/example_dags/example_subdag_operator.py
[2023-05-06T23:28:04.390+0000] {processor.py:809} INFO - DAG(s) dict_keys(['example_subdag_operator.section-1', 'example_subdag_operator.section-2', 'example_subdag_operator']) retrieved from /home/airflow/.local/lib/python3.7/site-packages/airflow/example_dags/example_subdag_operator.py
[2023-05-06T23:28:04.410+0000] {logging_mixin.py:149} INFO - [2023-05-06T23:28:04.409+0000] {dag.py:2726} INFO - Sync 3 DAGs
[2023-05-06T23:28:04.436+0000] {logging_mixin.py:149} INFO - [2023-05-06T23:28:04.436+0000] {dag.py:3490} INFO - Setting next_dagrun for example_subdag_operator to 2022-01-01T00:00:00+00:00, run_after=2022-01-01T00:00:00+00:00
[2023-05-06T23:28:04.441+0000] {logging_mixin.py:149} INFO - [2023-05-06T23:28:04.441+0000] {dag.py:3490} INFO - Setting next_dagrun for example_subdag_operator.section-1 to None, run_after=None
[2023-05-06T23:28:04.442+0000] {logging_mixin.py:149} INFO - [2023-05-06T23:28:04.442+0000] {dag.py:3490} INFO - Setting next_dagrun for example_subdag_operator.section-2 to None, run_after=None
[2023-05-06T23:28:04.451+0000] {logging_mixin.py:149} INFO - [2023-05-06T23:28:04.451+0000] {dag.py:2726} INFO - Sync 2 DAGs
[2023-05-06T23:28:04.460+0000] {logging_mixin.py:149} INFO - [2023-05-06T23:28:04.460+0000] {dag.py:3490} INFO - Setting next_dagrun for example_subdag_operator.section-1 to None, run_after=None
[2023-05-06T23:28:04.460+0000] {logging_mixin.py:149} INFO - [2023-05-06T23:28:04.460+0000] {dag.py:3490} INFO - Setting next_dagrun for example_subdag_operator.section-2 to None, run_after=None
[2023-05-06T23:28:04.473+0000] {processor.py:178} INFO - Processing /home/airflow/.local/lib/python3.7/site-packages/airflow/example_dags/example_subdag_operator.py took 0.117 seconds
[2023-05-06T23:28:34.650+0000] {processor.py:156} INFO - Started process (PID=446) to work on /home/airflow/.local/lib/python3.7/site-packages/airflow/example_dags/example_subdag_operator.py
[2023-05-06T23:28:34.651+0000] {processor.py:799} INFO - Processing file /home/airflow/.local/lib/python3.7/site-packages/airflow/example_dags/example_subdag_operator.py for tasks to queue
[2023-05-06T23:28:34.651+0000] {logging_mixin.py:149} INFO - [2023-05-06T23:28:34.651+0000] {dagbag.py:541} INFO - Filling up the DagBag from /home/airflow/.local/lib/python3.7/site-packages/airflow/example_dags/example_subdag_operator.py
[2023-05-06T23:28:34.672+0000] {processor.py:809} INFO - DAG(s) dict_keys(['example_subdag_operator.section-1', 'example_subdag_operator.section-2', 'example_subdag_operator']) retrieved from /home/airflow/.local/lib/python3.7/site-packages/airflow/example_dags/example_subdag_operator.py
[2023-05-06T23:28:34.689+0000] {logging_mixin.py:149} INFO - [2023-05-06T23:28:34.688+0000] {dag.py:2726} INFO - Sync 3 DAGs
[2023-05-06T23:28:34.711+0000] {logging_mixin.py:149} INFO - [2023-05-06T23:28:34.711+0000] {dag.py:3490} INFO - Setting next_dagrun for example_subdag_operator to 2022-01-01T00:00:00+00:00, run_after=2022-01-01T00:00:00+00:00
[2023-05-06T23:28:34.715+0000] {logging_mixin.py:149} INFO - [2023-05-06T23:28:34.715+0000] {dag.py:3490} INFO - Setting next_dagrun for example_subdag_operator.section-1 to None, run_after=None
[2023-05-06T23:28:34.717+0000] {logging_mixin.py:149} INFO - [2023-05-06T23:28:34.717+0000] {dag.py:3490} INFO - Setting next_dagrun for example_subdag_operator.section-2 to None, run_after=None
[2023-05-06T23:28:34.724+0000] {logging_mixin.py:149} INFO - [2023-05-06T23:28:34.724+0000] {dag.py:2726} INFO - Sync 2 DAGs
[2023-05-06T23:28:34.730+0000] {logging_mixin.py:149} INFO - [2023-05-06T23:28:34.730+0000] {dag.py:3490} INFO - Setting next_dagrun for example_subdag_operator.section-1 to None, run_after=None
[2023-05-06T23:28:34.730+0000] {logging_mixin.py:149} INFO - [2023-05-06T23:28:34.730+0000] {dag.py:3490} INFO - Setting next_dagrun for example_subdag_operator.section-2 to None, run_after=None
[2023-05-06T23:28:34.741+0000] {processor.py:178} INFO - Processing /home/airflow/.local/lib/python3.7/site-packages/airflow/example_dags/example_subdag_operator.py took 0.094 seconds
[2023-05-06T23:29:05.093+0000] {processor.py:156} INFO - Started process (PID=505) to work on /home/airflow/.local/lib/python3.7/site-packages/airflow/example_dags/example_subdag_operator.py
[2023-05-06T23:29:05.093+0000] {processor.py:799} INFO - Processing file /home/airflow/.local/lib/python3.7/site-packages/airflow/example_dags/example_subdag_operator.py for tasks to queue
[2023-05-06T23:29:05.094+0000] {logging_mixin.py:149} INFO - [2023-05-06T23:29:05.094+0000] {dagbag.py:541} INFO - Filling up the DagBag from /home/airflow/.local/lib/python3.7/site-packages/airflow/example_dags/example_subdag_operator.py
[2023-05-06T23:29:05.114+0000] {processor.py:809} INFO - DAG(s) dict_keys(['example_subdag_operator.section-1', 'example_subdag_operator.section-2', 'example_subdag_operator']) retrieved from /home/airflow/.local/lib/python3.7/site-packages/airflow/example_dags/example_subdag_operator.py
[2023-05-06T23:29:05.130+0000] {logging_mixin.py:149} INFO - [2023-05-06T23:29:05.130+0000] {dag.py:2726} INFO - Sync 3 DAGs
[2023-05-06T23:29:05.155+0000] {logging_mixin.py:149} INFO - [2023-05-06T23:29:05.155+0000] {dag.py:3490} INFO - Setting next_dagrun for example_subdag_operator to 2022-01-01T00:00:00+00:00, run_after=2022-01-01T00:00:00+00:00
[2023-05-06T23:29:05.158+0000] {logging_mixin.py:149} INFO - [2023-05-06T23:29:05.158+0000] {dag.py:3490} INFO - Setting next_dagrun for example_subdag_operator.section-1 to None, run_after=None
[2023-05-06T23:29:05.159+0000] {logging_mixin.py:149} INFO - [2023-05-06T23:29:05.159+0000] {dag.py:3490} INFO - Setting next_dagrun for example_subdag_operator.section-2 to None, run_after=None
[2023-05-06T23:29:05.167+0000] {logging_mixin.py:149} INFO - [2023-05-06T23:29:05.167+0000] {dag.py:2726} INFO - Sync 2 DAGs
[2023-05-06T23:29:05.173+0000] {logging_mixin.py:149} INFO - [2023-05-06T23:29:05.173+0000] {dag.py:3490} INFO - Setting next_dagrun for example_subdag_operator.section-1 to None, run_after=None
[2023-05-06T23:29:05.173+0000] {logging_mixin.py:149} INFO - [2023-05-06T23:29:05.173+0000] {dag.py:3490} INFO - Setting next_dagrun for example_subdag_operator.section-2 to None, run_after=None
[2023-05-06T23:29:05.182+0000] {processor.py:178} INFO - Processing /home/airflow/.local/lib/python3.7/site-packages/airflow/example_dags/example_subdag_operator.py took 0.091 seconds
[2023-05-06T23:29:35.601+0000] {processor.py:156} INFO - Started process (PID=563) to work on /home/airflow/.local/lib/python3.7/site-packages/airflow/example_dags/example_subdag_operator.py
[2023-05-06T23:29:35.602+0000] {processor.py:799} INFO - Processing file /home/airflow/.local/lib/python3.7/site-packages/airflow/example_dags/example_subdag_operator.py for tasks to queue
[2023-05-06T23:29:35.602+0000] {logging_mixin.py:149} INFO - [2023-05-06T23:29:35.602+0000] {dagbag.py:541} INFO - Filling up the DagBag from /home/airflow/.local/lib/python3.7/site-packages/airflow/example_dags/example_subdag_operator.py
[2023-05-06T23:29:35.625+0000] {processor.py:809} INFO - DAG(s) dict_keys(['example_subdag_operator.section-1', 'example_subdag_operator.section-2', 'example_subdag_operator']) retrieved from /home/airflow/.local/lib/python3.7/site-packages/airflow/example_dags/example_subdag_operator.py
[2023-05-06T23:29:35.643+0000] {logging_mixin.py:149} INFO - [2023-05-06T23:29:35.643+0000] {dag.py:2726} INFO - Sync 3 DAGs
[2023-05-06T23:29:35.667+0000] {logging_mixin.py:149} INFO - [2023-05-06T23:29:35.667+0000] {dag.py:3490} INFO - Setting next_dagrun for example_subdag_operator to 2022-01-01T00:00:00+00:00, run_after=2022-01-01T00:00:00+00:00
[2023-05-06T23:29:35.670+0000] {logging_mixin.py:149} INFO - [2023-05-06T23:29:35.670+0000] {dag.py:3490} INFO - Setting next_dagrun for example_subdag_operator.section-1 to None, run_after=None
[2023-05-06T23:29:35.672+0000] {logging_mixin.py:149} INFO - [2023-05-06T23:29:35.671+0000] {dag.py:3490} INFO - Setting next_dagrun for example_subdag_operator.section-2 to None, run_after=None
[2023-05-06T23:29:35.681+0000] {logging_mixin.py:149} INFO - [2023-05-06T23:29:35.681+0000] {dag.py:2726} INFO - Sync 2 DAGs
[2023-05-06T23:29:35.687+0000] {logging_mixin.py:149} INFO - [2023-05-06T23:29:35.687+0000] {dag.py:3490} INFO - Setting next_dagrun for example_subdag_operator.section-1 to None, run_after=None
[2023-05-06T23:29:35.687+0000] {logging_mixin.py:149} INFO - [2023-05-06T23:29:35.687+0000] {dag.py:3490} INFO - Setting next_dagrun for example_subdag_operator.section-2 to None, run_after=None
[2023-05-06T23:29:35.697+0000] {processor.py:178} INFO - Processing /home/airflow/.local/lib/python3.7/site-packages/airflow/example_dags/example_subdag_operator.py took 0.098 seconds
[2023-05-06T23:30:06.160+0000] {processor.py:156} INFO - Started process (PID=621) to work on /home/airflow/.local/lib/python3.7/site-packages/airflow/example_dags/example_subdag_operator.py
[2023-05-06T23:30:06.160+0000] {processor.py:799} INFO - Processing file /home/airflow/.local/lib/python3.7/site-packages/airflow/example_dags/example_subdag_operator.py for tasks to queue
[2023-05-06T23:30:06.161+0000] {logging_mixin.py:149} INFO - [2023-05-06T23:30:06.161+0000] {dagbag.py:541} INFO - Filling up the DagBag from /home/airflow/.local/lib/python3.7/site-packages/airflow/example_dags/example_subdag_operator.py
[2023-05-06T23:30:06.184+0000] {processor.py:809} INFO - DAG(s) dict_keys(['example_subdag_operator.section-1', 'example_subdag_operator.section-2', 'example_subdag_operator']) retrieved from /home/airflow/.local/lib/python3.7/site-packages/airflow/example_dags/example_subdag_operator.py
[2023-05-06T23:30:06.201+0000] {logging_mixin.py:149} INFO - [2023-05-06T23:30:06.201+0000] {dag.py:2726} INFO - Sync 3 DAGs
[2023-05-06T23:30:06.225+0000] {logging_mixin.py:149} INFO - [2023-05-06T23:30:06.224+0000] {dag.py:3490} INFO - Setting next_dagrun for example_subdag_operator to 2022-01-01T00:00:00+00:00, run_after=2022-01-01T00:00:00+00:00
[2023-05-06T23:30:06.228+0000] {logging_mixin.py:149} INFO - [2023-05-06T23:30:06.228+0000] {dag.py:3490} INFO - Setting next_dagrun for example_subdag_operator.section-1 to None, run_after=None
[2023-05-06T23:30:06.229+0000] {logging_mixin.py:149} INFO - [2023-05-06T23:30:06.229+0000] {dag.py:3490} INFO - Setting next_dagrun for example_subdag_operator.section-2 to None, run_after=None
[2023-05-06T23:30:06.236+0000] {logging_mixin.py:149} INFO - [2023-05-06T23:30:06.236+0000] {dag.py:2726} INFO - Sync 2 DAGs
[2023-05-06T23:30:06.241+0000] {logging_mixin.py:149} INFO - [2023-05-06T23:30:06.241+0000] {dag.py:3490} INFO - Setting next_dagrun for example_subdag_operator.section-1 to None, run_after=None
[2023-05-06T23:30:06.242+0000] {logging_mixin.py:149} INFO - [2023-05-06T23:30:06.242+0000] {dag.py:3490} INFO - Setting next_dagrun for example_subdag_operator.section-2 to None, run_after=None
[2023-05-06T23:30:06.251+0000] {processor.py:178} INFO - Processing /home/airflow/.local/lib/python3.7/site-packages/airflow/example_dags/example_subdag_operator.py took 0.093 seconds
[2023-05-06T23:30:36.550+0000] {processor.py:156} INFO - Started process (PID=679) to work on /home/airflow/.local/lib/python3.7/site-packages/airflow/example_dags/example_subdag_operator.py
[2023-05-06T23:30:36.551+0000] {processor.py:799} INFO - Processing file /home/airflow/.local/lib/python3.7/site-packages/airflow/example_dags/example_subdag_operator.py for tasks to queue
[2023-05-06T23:30:36.552+0000] {logging_mixin.py:149} INFO - [2023-05-06T23:30:36.552+0000] {dagbag.py:541} INFO - Filling up the DagBag from /home/airflow/.local/lib/python3.7/site-packages/airflow/example_dags/example_subdag_operator.py
[2023-05-06T23:30:36.571+0000] {processor.py:809} INFO - DAG(s) dict_keys(['example_subdag_operator.section-1', 'example_subdag_operator.section-2', 'example_subdag_operator']) retrieved from /home/airflow/.local/lib/python3.7/site-packages/airflow/example_dags/example_subdag_operator.py
[2023-05-06T23:30:36.587+0000] {logging_mixin.py:149} INFO - [2023-05-06T23:30:36.587+0000] {dag.py:2726} INFO - Sync 3 DAGs
[2023-05-06T23:30:36.610+0000] {logging_mixin.py:149} INFO - [2023-05-06T23:30:36.610+0000] {dag.py:3490} INFO - Setting next_dagrun for example_subdag_operator to 2022-01-01T00:00:00+00:00, run_after=2022-01-01T00:00:00+00:00
[2023-05-06T23:30:36.614+0000] {logging_mixin.py:149} INFO - [2023-05-06T23:30:36.614+0000] {dag.py:3490} INFO - Setting next_dagrun for example_subdag_operator.section-1 to None, run_after=None
[2023-05-06T23:30:36.615+0000] {logging_mixin.py:149} INFO - [2023-05-06T23:30:36.615+0000] {dag.py:3490} INFO - Setting next_dagrun for example_subdag_operator.section-2 to None, run_after=None
[2023-05-06T23:30:36.622+0000] {logging_mixin.py:149} INFO - [2023-05-06T23:30:36.622+0000] {dag.py:2726} INFO - Sync 2 DAGs
[2023-05-06T23:30:36.627+0000] {logging_mixin.py:149} INFO - [2023-05-06T23:30:36.627+0000] {dag.py:3490} INFO - Setting next_dagrun for example_subdag_operator.section-1 to None, run_after=None
[2023-05-06T23:30:36.628+0000] {logging_mixin.py:149} INFO - [2023-05-06T23:30:36.628+0000] {dag.py:3490} INFO - Setting next_dagrun for example_subdag_operator.section-2 to None, run_after=None
[2023-05-06T23:30:36.638+0000] {processor.py:178} INFO - Processing /home/airflow/.local/lib/python3.7/site-packages/airflow/example_dags/example_subdag_operator.py took 0.090 seconds
[2023-05-06T23:31:07.023+0000] {processor.py:156} INFO - Started process (PID=736) to work on /home/airflow/.local/lib/python3.7/site-packages/airflow/example_dags/example_subdag_operator.py
[2023-05-06T23:31:07.024+0000] {processor.py:799} INFO - Processing file /home/airflow/.local/lib/python3.7/site-packages/airflow/example_dags/example_subdag_operator.py for tasks to queue
[2023-05-06T23:31:07.024+0000] {logging_mixin.py:149} INFO - [2023-05-06T23:31:07.024+0000] {dagbag.py:541} INFO - Filling up the DagBag from /home/airflow/.local/lib/python3.7/site-packages/airflow/example_dags/example_subdag_operator.py
[2023-05-06T23:31:07.043+0000] {processor.py:809} INFO - DAG(s) dict_keys(['example_subdag_operator.section-1', 'example_subdag_operator.section-2', 'example_subdag_operator']) retrieved from /home/airflow/.local/lib/python3.7/site-packages/airflow/example_dags/example_subdag_operator.py
[2023-05-06T23:31:07.060+0000] {logging_mixin.py:149} INFO - [2023-05-06T23:31:07.060+0000] {dag.py:2726} INFO - Sync 3 DAGs
[2023-05-06T23:31:07.083+0000] {logging_mixin.py:149} INFO - [2023-05-06T23:31:07.083+0000] {dag.py:3490} INFO - Setting next_dagrun for example_subdag_operator to 2022-01-01T00:00:00+00:00, run_after=2022-01-01T00:00:00+00:00
[2023-05-06T23:31:07.086+0000] {logging_mixin.py:149} INFO - [2023-05-06T23:31:07.086+0000] {dag.py:3490} INFO - Setting next_dagrun for example_subdag_operator.section-1 to None, run_after=None
[2023-05-06T23:31:07.087+0000] {logging_mixin.py:149} INFO - [2023-05-06T23:31:07.087+0000] {dag.py:3490} INFO - Setting next_dagrun for example_subdag_operator.section-2 to None, run_after=None
[2023-05-06T23:31:07.094+0000] {logging_mixin.py:149} INFO - [2023-05-06T23:31:07.094+0000] {dag.py:2726} INFO - Sync 2 DAGs
[2023-05-06T23:31:07.100+0000] {logging_mixin.py:149} INFO - [2023-05-06T23:31:07.100+0000] {dag.py:3490} INFO - Setting next_dagrun for example_subdag_operator.section-1 to None, run_after=None
[2023-05-06T23:31:07.100+0000] {logging_mixin.py:149} INFO - [2023-05-06T23:31:07.100+0000] {dag.py:3490} INFO - Setting next_dagrun for example_subdag_operator.section-2 to None, run_after=None
[2023-05-06T23:31:07.111+0000] {processor.py:178} INFO - Processing /home/airflow/.local/lib/python3.7/site-packages/airflow/example_dags/example_subdag_operator.py took 0.090 seconds
[2023-05-06T23:31:37.311+0000] {processor.py:156} INFO - Started process (PID=794) to work on /home/airflow/.local/lib/python3.7/site-packages/airflow/example_dags/example_subdag_operator.py
[2023-05-06T23:31:37.311+0000] {processor.py:799} INFO - Processing file /home/airflow/.local/lib/python3.7/site-packages/airflow/example_dags/example_subdag_operator.py for tasks to queue
[2023-05-06T23:31:37.312+0000] {logging_mixin.py:149} INFO - [2023-05-06T23:31:37.311+0000] {dagbag.py:541} INFO - Filling up the DagBag from /home/airflow/.local/lib/python3.7/site-packages/airflow/example_dags/example_subdag_operator.py
[2023-05-06T23:31:37.333+0000] {processor.py:809} INFO - DAG(s) dict_keys(['example_subdag_operator.section-1', 'example_subdag_operator.section-2', 'example_subdag_operator']) retrieved from /home/airflow/.local/lib/python3.7/site-packages/airflow/example_dags/example_subdag_operator.py
[2023-05-06T23:31:37.348+0000] {logging_mixin.py:149} INFO - [2023-05-06T23:31:37.348+0000] {dag.py:2726} INFO - Sync 3 DAGs
[2023-05-06T23:31:37.371+0000] {logging_mixin.py:149} INFO - [2023-05-06T23:31:37.371+0000] {dag.py:3490} INFO - Setting next_dagrun for example_subdag_operator to 2022-01-01T00:00:00+00:00, run_after=2022-01-01T00:00:00+00:00
[2023-05-06T23:31:37.375+0000] {logging_mixin.py:149} INFO - [2023-05-06T23:31:37.375+0000] {dag.py:3490} INFO - Setting next_dagrun for example_subdag_operator.section-1 to None, run_after=None
[2023-05-06T23:31:37.376+0000] {logging_mixin.py:149} INFO - [2023-05-06T23:31:37.376+0000] {dag.py:3490} INFO - Setting next_dagrun for example_subdag_operator.section-2 to None, run_after=None
[2023-05-06T23:31:37.383+0000] {logging_mixin.py:149} INFO - [2023-05-06T23:31:37.383+0000] {dag.py:2726} INFO - Sync 2 DAGs
[2023-05-06T23:31:37.389+0000] {logging_mixin.py:149} INFO - [2023-05-06T23:31:37.389+0000] {dag.py:3490} INFO - Setting next_dagrun for example_subdag_operator.section-1 to None, run_after=None
[2023-05-06T23:31:37.389+0000] {logging_mixin.py:149} INFO - [2023-05-06T23:31:37.389+0000] {dag.py:3490} INFO - Setting next_dagrun for example_subdag_operator.section-2 to None, run_after=None
[2023-05-06T23:31:37.399+0000] {processor.py:178} INFO - Processing /home/airflow/.local/lib/python3.7/site-packages/airflow/example_dags/example_subdag_operator.py took 0.090 seconds
[2023-05-06T23:32:07.820+0000] {processor.py:156} INFO - Started process (PID=852) to work on /home/airflow/.local/lib/python3.7/site-packages/airflow/example_dags/example_subdag_operator.py
[2023-05-06T23:32:07.820+0000] {processor.py:799} INFO - Processing file /home/airflow/.local/lib/python3.7/site-packages/airflow/example_dags/example_subdag_operator.py for tasks to queue
[2023-05-06T23:32:07.821+0000] {logging_mixin.py:149} INFO - [2023-05-06T23:32:07.821+0000] {dagbag.py:541} INFO - Filling up the DagBag from /home/airflow/.local/lib/python3.7/site-packages/airflow/example_dags/example_subdag_operator.py
[2023-05-06T23:32:07.841+0000] {processor.py:809} INFO - DAG(s) dict_keys(['example_subdag_operator.section-1', 'example_subdag_operator.section-2', 'example_subdag_operator']) retrieved from /home/airflow/.local/lib/python3.7/site-packages/airflow/example_dags/example_subdag_operator.py
[2023-05-06T23:32:07.858+0000] {logging_mixin.py:149} INFO - [2023-05-06T23:32:07.858+0000] {dag.py:2726} INFO - Sync 3 DAGs
[2023-05-06T23:32:07.881+0000] {logging_mixin.py:149} INFO - [2023-05-06T23:32:07.881+0000] {dag.py:3490} INFO - Setting next_dagrun for example_subdag_operator to 2022-01-01T00:00:00+00:00, run_after=2022-01-01T00:00:00+00:00
[2023-05-06T23:32:07.885+0000] {logging_mixin.py:149} INFO - [2023-05-06T23:32:07.884+0000] {dag.py:3490} INFO - Setting next_dagrun for example_subdag_operator.section-1 to None, run_after=None
[2023-05-06T23:32:07.886+0000] {logging_mixin.py:149} INFO - [2023-05-06T23:32:07.886+0000] {dag.py:3490} INFO - Setting next_dagrun for example_subdag_operator.section-2 to None, run_after=None
[2023-05-06T23:32:07.893+0000] {logging_mixin.py:149} INFO - [2023-05-06T23:32:07.893+0000] {dag.py:2726} INFO - Sync 2 DAGs
[2023-05-06T23:32:07.899+0000] {logging_mixin.py:149} INFO - [2023-05-06T23:32:07.899+0000] {dag.py:3490} INFO - Setting next_dagrun for example_subdag_operator.section-1 to None, run_after=None
[2023-05-06T23:32:07.900+0000] {logging_mixin.py:149} INFO - [2023-05-06T23:32:07.899+0000] {dag.py:3490} INFO - Setting next_dagrun for example_subdag_operator.section-2 to None, run_after=None
[2023-05-06T23:32:07.910+0000] {processor.py:178} INFO - Processing /home/airflow/.local/lib/python3.7/site-packages/airflow/example_dags/example_subdag_operator.py took 0.093 seconds
[2023-05-06T23:32:38.252+0000] {processor.py:156} INFO - Started process (PID=910) to work on /home/airflow/.local/lib/python3.7/site-packages/airflow/example_dags/example_subdag_operator.py
[2023-05-06T23:32:38.253+0000] {processor.py:799} INFO - Processing file /home/airflow/.local/lib/python3.7/site-packages/airflow/example_dags/example_subdag_operator.py for tasks to queue
[2023-05-06T23:32:38.253+0000] {logging_mixin.py:149} INFO - [2023-05-06T23:32:38.253+0000] {dagbag.py:541} INFO - Filling up the DagBag from /home/airflow/.local/lib/python3.7/site-packages/airflow/example_dags/example_subdag_operator.py
[2023-05-06T23:32:38.274+0000] {processor.py:809} INFO - DAG(s) dict_keys(['example_subdag_operator.section-1', 'example_subdag_operator.section-2', 'example_subdag_operator']) retrieved from /home/airflow/.local/lib/python3.7/site-packages/airflow/example_dags/example_subdag_operator.py
[2023-05-06T23:32:38.290+0000] {logging_mixin.py:149} INFO - [2023-05-06T23:32:38.290+0000] {dag.py:2726} INFO - Sync 3 DAGs
[2023-05-06T23:32:38.312+0000] {logging_mixin.py:149} INFO - [2023-05-06T23:32:38.312+0000] {dag.py:3490} INFO - Setting next_dagrun for example_subdag_operator to 2022-01-01T00:00:00+00:00, run_after=2022-01-01T00:00:00+00:00
[2023-05-06T23:32:38.315+0000] {logging_mixin.py:149} INFO - [2023-05-06T23:32:38.315+0000] {dag.py:3490} INFO - Setting next_dagrun for example_subdag_operator.section-1 to None, run_after=None
[2023-05-06T23:32:38.316+0000] {logging_mixin.py:149} INFO - [2023-05-06T23:32:38.316+0000] {dag.py:3490} INFO - Setting next_dagrun for example_subdag_operator.section-2 to None, run_after=None
[2023-05-06T23:32:38.323+0000] {logging_mixin.py:149} INFO - [2023-05-06T23:32:38.323+0000] {dag.py:2726} INFO - Sync 2 DAGs
[2023-05-06T23:32:38.329+0000] {logging_mixin.py:149} INFO - [2023-05-06T23:32:38.329+0000] {dag.py:3490} INFO - Setting next_dagrun for example_subdag_operator.section-1 to None, run_after=None
[2023-05-06T23:32:38.329+0000] {logging_mixin.py:149} INFO - [2023-05-06T23:32:38.329+0000] {dag.py:3490} INFO - Setting next_dagrun for example_subdag_operator.section-2 to None, run_after=None
[2023-05-06T23:32:38.339+0000] {processor.py:178} INFO - Processing /home/airflow/.local/lib/python3.7/site-packages/airflow/example_dags/example_subdag_operator.py took 0.088 seconds
[2023-05-06T23:33:08.614+0000] {processor.py:156} INFO - Started process (PID=968) to work on /home/airflow/.local/lib/python3.7/site-packages/airflow/example_dags/example_subdag_operator.py
[2023-05-06T23:33:08.615+0000] {processor.py:799} INFO - Processing file /home/airflow/.local/lib/python3.7/site-packages/airflow/example_dags/example_subdag_operator.py for tasks to queue
[2023-05-06T23:33:08.616+0000] {logging_mixin.py:149} INFO - [2023-05-06T23:33:08.616+0000] {dagbag.py:541} INFO - Filling up the DagBag from /home/airflow/.local/lib/python3.7/site-packages/airflow/example_dags/example_subdag_operator.py
[2023-05-06T23:33:08.646+0000] {processor.py:809} INFO - DAG(s) dict_keys(['example_subdag_operator.section-1', 'example_subdag_operator.section-2', 'example_subdag_operator']) retrieved from /home/airflow/.local/lib/python3.7/site-packages/airflow/example_dags/example_subdag_operator.py
[2023-05-06T23:33:08.662+0000] {logging_mixin.py:149} INFO - [2023-05-06T23:33:08.662+0000] {dag.py:2726} INFO - Sync 3 DAGs
[2023-05-06T23:33:08.685+0000] {logging_mixin.py:149} INFO - [2023-05-06T23:33:08.685+0000] {dag.py:3490} INFO - Setting next_dagrun for example_subdag_operator to 2022-01-01T00:00:00+00:00, run_after=2022-01-01T00:00:00+00:00
[2023-05-06T23:33:08.689+0000] {logging_mixin.py:149} INFO - [2023-05-06T23:33:08.688+0000] {dag.py:3490} INFO - Setting next_dagrun for example_subdag_operator.section-1 to None, run_after=None
[2023-05-06T23:33:08.690+0000] {logging_mixin.py:149} INFO - [2023-05-06T23:33:08.690+0000] {dag.py:3490} INFO - Setting next_dagrun for example_subdag_operator.section-2 to None, run_after=None
[2023-05-06T23:33:08.696+0000] {logging_mixin.py:149} INFO - [2023-05-06T23:33:08.696+0000] {dag.py:2726} INFO - Sync 2 DAGs
[2023-05-06T23:33:08.702+0000] {logging_mixin.py:149} INFO - [2023-05-06T23:33:08.702+0000] {dag.py:3490} INFO - Setting next_dagrun for example_subdag_operator.section-1 to None, run_after=None
[2023-05-06T23:33:08.702+0000] {logging_mixin.py:149} INFO - [2023-05-06T23:33:08.702+0000] {dag.py:3490} INFO - Setting next_dagrun for example_subdag_operator.section-2 to None, run_after=None
[2023-05-06T23:33:08.712+0000] {processor.py:178} INFO - Processing /home/airflow/.local/lib/python3.7/site-packages/airflow/example_dags/example_subdag_operator.py took 0.102 seconds
[2023-05-06T23:33:39.077+0000] {processor.py:156} INFO - Started process (PID=1027) to work on /home/airflow/.local/lib/python3.7/site-packages/airflow/example_dags/example_subdag_operator.py
[2023-05-06T23:33:39.077+0000] {processor.py:799} INFO - Processing file /home/airflow/.local/lib/python3.7/site-packages/airflow/example_dags/example_subdag_operator.py for tasks to queue
[2023-05-06T23:33:39.078+0000] {logging_mixin.py:149} INFO - [2023-05-06T23:33:39.078+0000] {dagbag.py:541} INFO - Filling up the DagBag from /home/airflow/.local/lib/python3.7/site-packages/airflow/example_dags/example_subdag_operator.py
[2023-05-06T23:33:39.102+0000] {processor.py:809} INFO - DAG(s) dict_keys(['example_subdag_operator.section-1', 'example_subdag_operator.section-2', 'example_subdag_operator']) retrieved from /home/airflow/.local/lib/python3.7/site-packages/airflow/example_dags/example_subdag_operator.py
[2023-05-06T23:33:39.119+0000] {logging_mixin.py:149} INFO - [2023-05-06T23:33:39.119+0000] {dag.py:2726} INFO - Sync 3 DAGs
[2023-05-06T23:33:39.144+0000] {logging_mixin.py:149} INFO - [2023-05-06T23:33:39.144+0000] {dag.py:3490} INFO - Setting next_dagrun for example_subdag_operator to 2022-01-01T00:00:00+00:00, run_after=2022-01-01T00:00:00+00:00
[2023-05-06T23:33:39.148+0000] {logging_mixin.py:149} INFO - [2023-05-06T23:33:39.148+0000] {dag.py:3490} INFO - Setting next_dagrun for example_subdag_operator.section-1 to None, run_after=None
[2023-05-06T23:33:39.150+0000] {logging_mixin.py:149} INFO - [2023-05-06T23:33:39.150+0000] {dag.py:3490} INFO - Setting next_dagrun for example_subdag_operator.section-2 to None, run_after=None
[2023-05-06T23:33:39.157+0000] {logging_mixin.py:149} INFO - [2023-05-06T23:33:39.157+0000] {dag.py:2726} INFO - Sync 2 DAGs
[2023-05-06T23:33:39.163+0000] {logging_mixin.py:149} INFO - [2023-05-06T23:33:39.163+0000] {dag.py:3490} INFO - Setting next_dagrun for example_subdag_operator.section-1 to None, run_after=None
[2023-05-06T23:33:39.163+0000] {logging_mixin.py:149} INFO - [2023-05-06T23:33:39.163+0000] {dag.py:3490} INFO - Setting next_dagrun for example_subdag_operator.section-2 to None, run_after=None
[2023-05-06T23:33:39.175+0000] {processor.py:178} INFO - Processing /home/airflow/.local/lib/python3.7/site-packages/airflow/example_dags/example_subdag_operator.py took 0.101 seconds
[2023-05-06T23:34:09.381+0000] {processor.py:156} INFO - Started process (PID=1085) to work on /home/airflow/.local/lib/python3.7/site-packages/airflow/example_dags/example_subdag_operator.py
[2023-05-06T23:34:09.382+0000] {processor.py:799} INFO - Processing file /home/airflow/.local/lib/python3.7/site-packages/airflow/example_dags/example_subdag_operator.py for tasks to queue
[2023-05-06T23:34:09.382+0000] {logging_mixin.py:149} INFO - [2023-05-06T23:34:09.382+0000] {dagbag.py:541} INFO - Filling up the DagBag from /home/airflow/.local/lib/python3.7/site-packages/airflow/example_dags/example_subdag_operator.py
[2023-05-06T23:34:09.404+0000] {processor.py:809} INFO - DAG(s) dict_keys(['example_subdag_operator.section-1', 'example_subdag_operator.section-2', 'example_subdag_operator']) retrieved from /home/airflow/.local/lib/python3.7/site-packages/airflow/example_dags/example_subdag_operator.py
[2023-05-06T23:34:09.420+0000] {logging_mixin.py:149} INFO - [2023-05-06T23:34:09.420+0000] {dag.py:2726} INFO - Sync 3 DAGs
[2023-05-06T23:34:09.442+0000] {logging_mixin.py:149} INFO - [2023-05-06T23:34:09.442+0000] {dag.py:3490} INFO - Setting next_dagrun for example_subdag_operator to 2022-01-01T00:00:00+00:00, run_after=2022-01-01T00:00:00+00:00
[2023-05-06T23:34:09.445+0000] {logging_mixin.py:149} INFO - [2023-05-06T23:34:09.445+0000] {dag.py:3490} INFO - Setting next_dagrun for example_subdag_operator.section-1 to None, run_after=None
[2023-05-06T23:34:09.446+0000] {logging_mixin.py:149} INFO - [2023-05-06T23:34:09.446+0000] {dag.py:3490} INFO - Setting next_dagrun for example_subdag_operator.section-2 to None, run_after=None
[2023-05-06T23:34:09.453+0000] {logging_mixin.py:149} INFO - [2023-05-06T23:34:09.453+0000] {dag.py:2726} INFO - Sync 2 DAGs
[2023-05-06T23:34:09.459+0000] {logging_mixin.py:149} INFO - [2023-05-06T23:34:09.459+0000] {dag.py:3490} INFO - Setting next_dagrun for example_subdag_operator.section-1 to None, run_after=None
[2023-05-06T23:34:09.459+0000] {logging_mixin.py:149} INFO - [2023-05-06T23:34:09.459+0000] {dag.py:3490} INFO - Setting next_dagrun for example_subdag_operator.section-2 to None, run_after=None
[2023-05-06T23:34:09.470+0000] {processor.py:178} INFO - Processing /home/airflow/.local/lib/python3.7/site-packages/airflow/example_dags/example_subdag_operator.py took 0.091 seconds
[2023-05-06T23:34:39.944+0000] {processor.py:156} INFO - Started process (PID=1143) to work on /home/airflow/.local/lib/python3.7/site-packages/airflow/example_dags/example_subdag_operator.py
[2023-05-06T23:34:39.944+0000] {processor.py:799} INFO - Processing file /home/airflow/.local/lib/python3.7/site-packages/airflow/example_dags/example_subdag_operator.py for tasks to queue
[2023-05-06T23:34:39.945+0000] {logging_mixin.py:149} INFO - [2023-05-06T23:34:39.945+0000] {dagbag.py:541} INFO - Filling up the DagBag from /home/airflow/.local/lib/python3.7/site-packages/airflow/example_dags/example_subdag_operator.py
[2023-05-06T23:34:39.965+0000] {processor.py:809} INFO - DAG(s) dict_keys(['example_subdag_operator.section-1', 'example_subdag_operator.section-2', 'example_subdag_operator']) retrieved from /home/airflow/.local/lib/python3.7/site-packages/airflow/example_dags/example_subdag_operator.py
[2023-05-06T23:34:39.981+0000] {logging_mixin.py:149} INFO - [2023-05-06T23:34:39.981+0000] {dag.py:2726} INFO - Sync 3 DAGs
[2023-05-06T23:34:40.006+0000] {logging_mixin.py:149} INFO - [2023-05-06T23:34:40.005+0000] {dag.py:3490} INFO - Setting next_dagrun for example_subdag_operator to 2022-01-01T00:00:00+00:00, run_after=2022-01-01T00:00:00+00:00
[2023-05-06T23:34:40.010+0000] {logging_mixin.py:149} INFO - [2023-05-06T23:34:40.010+0000] {dag.py:3490} INFO - Setting next_dagrun for example_subdag_operator.section-1 to None, run_after=None
[2023-05-06T23:34:40.011+0000] {logging_mixin.py:149} INFO - [2023-05-06T23:34:40.011+0000] {dag.py:3490} INFO - Setting next_dagrun for example_subdag_operator.section-2 to None, run_after=None
[2023-05-06T23:34:40.017+0000] {logging_mixin.py:149} INFO - [2023-05-06T23:34:40.017+0000] {dag.py:2726} INFO - Sync 2 DAGs
[2023-05-06T23:34:40.023+0000] {logging_mixin.py:149} INFO - [2023-05-06T23:34:40.023+0000] {dag.py:3490} INFO - Setting next_dagrun for example_subdag_operator.section-1 to None, run_after=None
[2023-05-06T23:34:40.023+0000] {logging_mixin.py:149} INFO - [2023-05-06T23:34:40.023+0000] {dag.py:3490} INFO - Setting next_dagrun for example_subdag_operator.section-2 to None, run_after=None
[2023-05-06T23:34:40.033+0000] {processor.py:178} INFO - Processing /home/airflow/.local/lib/python3.7/site-packages/airflow/example_dags/example_subdag_operator.py took 0.091 seconds
[2023-05-06T23:35:10.486+0000] {processor.py:156} INFO - Started process (PID=1201) to work on /home/airflow/.local/lib/python3.7/site-packages/airflow/example_dags/example_subdag_operator.py
[2023-05-06T23:35:10.486+0000] {processor.py:799} INFO - Processing file /home/airflow/.local/lib/python3.7/site-packages/airflow/example_dags/example_subdag_operator.py for tasks to queue
[2023-05-06T23:35:10.486+0000] {logging_mixin.py:149} INFO - [2023-05-06T23:35:10.486+0000] {dagbag.py:541} INFO - Filling up the DagBag from /home/airflow/.local/lib/python3.7/site-packages/airflow/example_dags/example_subdag_operator.py
[2023-05-06T23:35:10.506+0000] {processor.py:809} INFO - DAG(s) dict_keys(['example_subdag_operator.section-1', 'example_subdag_operator.section-2', 'example_subdag_operator']) retrieved from /home/airflow/.local/lib/python3.7/site-packages/airflow/example_dags/example_subdag_operator.py
[2023-05-06T23:35:10.521+0000] {logging_mixin.py:149} INFO - [2023-05-06T23:35:10.521+0000] {dag.py:2726} INFO - Sync 3 DAGs
[2023-05-06T23:35:10.544+0000] {logging_mixin.py:149} INFO - [2023-05-06T23:35:10.544+0000] {dag.py:3490} INFO - Setting next_dagrun for example_subdag_operator to 2022-01-01T00:00:00+00:00, run_after=2022-01-01T00:00:00+00:00
[2023-05-06T23:35:10.548+0000] {logging_mixin.py:149} INFO - [2023-05-06T23:35:10.547+0000] {dag.py:3490} INFO - Setting next_dagrun for example_subdag_operator.section-1 to None, run_after=None
[2023-05-06T23:35:10.549+0000] {logging_mixin.py:149} INFO - [2023-05-06T23:35:10.549+0000] {dag.py:3490} INFO - Setting next_dagrun for example_subdag_operator.section-2 to None, run_after=None
[2023-05-06T23:35:10.556+0000] {logging_mixin.py:149} INFO - [2023-05-06T23:35:10.556+0000] {dag.py:2726} INFO - Sync 2 DAGs
[2023-05-06T23:35:10.562+0000] {logging_mixin.py:149} INFO - [2023-05-06T23:35:10.562+0000] {dag.py:3490} INFO - Setting next_dagrun for example_subdag_operator.section-1 to None, run_after=None
[2023-05-06T23:35:10.562+0000] {logging_mixin.py:149} INFO - [2023-05-06T23:35:10.562+0000] {dag.py:3490} INFO - Setting next_dagrun for example_subdag_operator.section-2 to None, run_after=None
[2023-05-06T23:35:10.572+0000] {processor.py:178} INFO - Processing /home/airflow/.local/lib/python3.7/site-packages/airflow/example_dags/example_subdag_operator.py took 0.088 seconds
[2023-05-06T23:35:41.005+0000] {processor.py:156} INFO - Started process (PID=1259) to work on /home/airflow/.local/lib/python3.7/site-packages/airflow/example_dags/example_subdag_operator.py
[2023-05-06T23:35:41.006+0000] {processor.py:799} INFO - Processing file /home/airflow/.local/lib/python3.7/site-packages/airflow/example_dags/example_subdag_operator.py for tasks to queue
[2023-05-06T23:35:41.006+0000] {logging_mixin.py:149} INFO - [2023-05-06T23:35:41.006+0000] {dagbag.py:541} INFO - Filling up the DagBag from /home/airflow/.local/lib/python3.7/site-packages/airflow/example_dags/example_subdag_operator.py
[2023-05-06T23:35:41.027+0000] {processor.py:809} INFO - DAG(s) dict_keys(['example_subdag_operator.section-1', 'example_subdag_operator.section-2', 'example_subdag_operator']) retrieved from /home/airflow/.local/lib/python3.7/site-packages/airflow/example_dags/example_subdag_operator.py
[2023-05-06T23:35:41.046+0000] {logging_mixin.py:149} INFO - [2023-05-06T23:35:41.045+0000] {dag.py:2726} INFO - Sync 3 DAGs
[2023-05-06T23:35:41.071+0000] {logging_mixin.py:149} INFO - [2023-05-06T23:35:41.071+0000] {dag.py:3490} INFO - Setting next_dagrun for example_subdag_operator to 2022-01-01T00:00:00+00:00, run_after=2022-01-01T00:00:00+00:00
[2023-05-06T23:35:41.074+0000] {logging_mixin.py:149} INFO - [2023-05-06T23:35:41.074+0000] {dag.py:3490} INFO - Setting next_dagrun for example_subdag_operator.section-1 to None, run_after=None
[2023-05-06T23:35:41.076+0000] {logging_mixin.py:149} INFO - [2023-05-06T23:35:41.076+0000] {dag.py:3490} INFO - Setting next_dagrun for example_subdag_operator.section-2 to None, run_after=None
[2023-05-06T23:35:41.086+0000] {logging_mixin.py:149} INFO - [2023-05-06T23:35:41.086+0000] {dag.py:2726} INFO - Sync 2 DAGs
[2023-05-06T23:35:41.093+0000] {logging_mixin.py:149} INFO - [2023-05-06T23:35:41.093+0000] {dag.py:3490} INFO - Setting next_dagrun for example_subdag_operator.section-1 to None, run_after=None
[2023-05-06T23:35:41.093+0000] {logging_mixin.py:149} INFO - [2023-05-06T23:35:41.093+0000] {dag.py:3490} INFO - Setting next_dagrun for example_subdag_operator.section-2 to None, run_after=None
[2023-05-06T23:35:41.107+0000] {processor.py:178} INFO - Processing /home/airflow/.local/lib/python3.7/site-packages/airflow/example_dags/example_subdag_operator.py took 0.104 seconds
[2023-05-06T23:36:11.374+0000] {processor.py:156} INFO - Started process (PID=1317) to work on /home/airflow/.local/lib/python3.7/site-packages/airflow/example_dags/example_subdag_operator.py
[2023-05-06T23:36:11.374+0000] {processor.py:799} INFO - Processing file /home/airflow/.local/lib/python3.7/site-packages/airflow/example_dags/example_subdag_operator.py for tasks to queue
[2023-05-06T23:36:11.375+0000] {logging_mixin.py:149} INFO - [2023-05-06T23:36:11.375+0000] {dagbag.py:541} INFO - Filling up the DagBag from /home/airflow/.local/lib/python3.7/site-packages/airflow/example_dags/example_subdag_operator.py
[2023-05-06T23:36:11.395+0000] {processor.py:809} INFO - DAG(s) dict_keys(['example_subdag_operator.section-1', 'example_subdag_operator.section-2', 'example_subdag_operator']) retrieved from /home/airflow/.local/lib/python3.7/site-packages/airflow/example_dags/example_subdag_operator.py
[2023-05-06T23:36:11.411+0000] {logging_mixin.py:149} INFO - [2023-05-06T23:36:11.411+0000] {dag.py:2726} INFO - Sync 3 DAGs
[2023-05-06T23:36:11.434+0000] {logging_mixin.py:149} INFO - [2023-05-06T23:36:11.434+0000] {dag.py:3490} INFO - Setting next_dagrun for example_subdag_operator to 2022-01-01T00:00:00+00:00, run_after=2022-01-01T00:00:00+00:00
[2023-05-06T23:36:11.438+0000] {logging_mixin.py:149} INFO - [2023-05-06T23:36:11.438+0000] {dag.py:3490} INFO - Setting next_dagrun for example_subdag_operator.section-1 to None, run_after=None
[2023-05-06T23:36:11.439+0000] {logging_mixin.py:149} INFO - [2023-05-06T23:36:11.439+0000] {dag.py:3490} INFO - Setting next_dagrun for example_subdag_operator.section-2 to None, run_after=None
[2023-05-06T23:36:11.446+0000] {logging_mixin.py:149} INFO - [2023-05-06T23:36:11.446+0000] {dag.py:2726} INFO - Sync 2 DAGs
[2023-05-06T23:36:11.452+0000] {logging_mixin.py:149} INFO - [2023-05-06T23:36:11.452+0000] {dag.py:3490} INFO - Setting next_dagrun for example_subdag_operator.section-1 to None, run_after=None
[2023-05-06T23:36:11.452+0000] {logging_mixin.py:149} INFO - [2023-05-06T23:36:11.452+0000] {dag.py:3490} INFO - Setting next_dagrun for example_subdag_operator.section-2 to None, run_after=None
[2023-05-06T23:36:11.463+0000] {processor.py:178} INFO - Processing /home/airflow/.local/lib/python3.7/site-packages/airflow/example_dags/example_subdag_operator.py took 0.091 seconds
[2023-05-06T23:36:41.711+0000] {processor.py:156} INFO - Started process (PID=1375) to work on /home/airflow/.local/lib/python3.7/site-packages/airflow/example_dags/example_subdag_operator.py
[2023-05-06T23:36:41.712+0000] {processor.py:799} INFO - Processing file /home/airflow/.local/lib/python3.7/site-packages/airflow/example_dags/example_subdag_operator.py for tasks to queue
[2023-05-06T23:36:41.712+0000] {logging_mixin.py:149} INFO - [2023-05-06T23:36:41.712+0000] {dagbag.py:541} INFO - Filling up the DagBag from /home/airflow/.local/lib/python3.7/site-packages/airflow/example_dags/example_subdag_operator.py
[2023-05-06T23:36:41.731+0000] {processor.py:809} INFO - DAG(s) dict_keys(['example_subdag_operator.section-1', 'example_subdag_operator.section-2', 'example_subdag_operator']) retrieved from /home/airflow/.local/lib/python3.7/site-packages/airflow/example_dags/example_subdag_operator.py
[2023-05-06T23:36:41.747+0000] {logging_mixin.py:149} INFO - [2023-05-06T23:36:41.747+0000] {dag.py:2726} INFO - Sync 3 DAGs
[2023-05-06T23:36:41.770+0000] {logging_mixin.py:149} INFO - [2023-05-06T23:36:41.769+0000] {dag.py:3490} INFO - Setting next_dagrun for example_subdag_operator to 2022-01-01T00:00:00+00:00, run_after=2022-01-01T00:00:00+00:00
[2023-05-06T23:36:41.773+0000] {logging_mixin.py:149} INFO - [2023-05-06T23:36:41.773+0000] {dag.py:3490} INFO - Setting next_dagrun for example_subdag_operator.section-1 to None, run_after=None
[2023-05-06T23:36:41.775+0000] {logging_mixin.py:149} INFO - [2023-05-06T23:36:41.774+0000] {dag.py:3490} INFO - Setting next_dagrun for example_subdag_operator.section-2 to None, run_after=None
[2023-05-06T23:36:41.781+0000] {logging_mixin.py:149} INFO - [2023-05-06T23:36:41.781+0000] {dag.py:2726} INFO - Sync 2 DAGs
[2023-05-06T23:36:41.788+0000] {logging_mixin.py:149} INFO - [2023-05-06T23:36:41.788+0000] {dag.py:3490} INFO - Setting next_dagrun for example_subdag_operator.section-1 to None, run_after=None
[2023-05-06T23:36:41.788+0000] {logging_mixin.py:149} INFO - [2023-05-06T23:36:41.788+0000] {dag.py:3490} INFO - Setting next_dagrun for example_subdag_operator.section-2 to None, run_after=None
[2023-05-06T23:36:41.799+0000] {processor.py:178} INFO - Processing /home/airflow/.local/lib/python3.7/site-packages/airflow/example_dags/example_subdag_operator.py took 0.090 seconds
[2023-05-06T23:37:12.461+0000] {processor.py:156} INFO - Started process (PID=1433) to work on /home/airflow/.local/lib/python3.7/site-packages/airflow/example_dags/example_subdag_operator.py
[2023-05-06T23:37:12.462+0000] {processor.py:799} INFO - Processing file /home/airflow/.local/lib/python3.7/site-packages/airflow/example_dags/example_subdag_operator.py for tasks to queue
[2023-05-06T23:37:12.462+0000] {logging_mixin.py:149} INFO - [2023-05-06T23:37:12.462+0000] {dagbag.py:541} INFO - Filling up the DagBag from /home/airflow/.local/lib/python3.7/site-packages/airflow/example_dags/example_subdag_operator.py
[2023-05-06T23:37:12.482+0000] {processor.py:809} INFO - DAG(s) dict_keys(['example_subdag_operator.section-1', 'example_subdag_operator.section-2', 'example_subdag_operator']) retrieved from /home/airflow/.local/lib/python3.7/site-packages/airflow/example_dags/example_subdag_operator.py
[2023-05-06T23:37:12.498+0000] {logging_mixin.py:149} INFO - [2023-05-06T23:37:12.498+0000] {dag.py:2726} INFO - Sync 3 DAGs
[2023-05-06T23:37:12.520+0000] {logging_mixin.py:149} INFO - [2023-05-06T23:37:12.520+0000] {dag.py:3490} INFO - Setting next_dagrun for example_subdag_operator to 2022-01-01T00:00:00+00:00, run_after=2022-01-01T00:00:00+00:00
[2023-05-06T23:37:12.524+0000] {logging_mixin.py:149} INFO - [2023-05-06T23:37:12.524+0000] {dag.py:3490} INFO - Setting next_dagrun for example_subdag_operator.section-1 to None, run_after=None
[2023-05-06T23:37:12.525+0000] {logging_mixin.py:149} INFO - [2023-05-06T23:37:12.525+0000] {dag.py:3490} INFO - Setting next_dagrun for example_subdag_operator.section-2 to None, run_after=None
[2023-05-06T23:37:12.532+0000] {logging_mixin.py:149} INFO - [2023-05-06T23:37:12.531+0000] {dag.py:2726} INFO - Sync 2 DAGs
[2023-05-06T23:37:12.538+0000] {logging_mixin.py:149} INFO - [2023-05-06T23:37:12.538+0000] {dag.py:3490} INFO - Setting next_dagrun for example_subdag_operator.section-1 to None, run_after=None
[2023-05-06T23:37:12.538+0000] {logging_mixin.py:149} INFO - [2023-05-06T23:37:12.538+0000] {dag.py:3490} INFO - Setting next_dagrun for example_subdag_operator.section-2 to None, run_after=None
[2023-05-06T23:37:12.548+0000] {processor.py:178} INFO - Processing /home/airflow/.local/lib/python3.7/site-packages/airflow/example_dags/example_subdag_operator.py took 0.089 seconds
[2023-05-06T23:37:43.154+0000] {processor.py:156} INFO - Started process (PID=1491) to work on /home/airflow/.local/lib/python3.7/site-packages/airflow/example_dags/example_subdag_operator.py
[2023-05-06T23:37:43.155+0000] {processor.py:799} INFO - Processing file /home/airflow/.local/lib/python3.7/site-packages/airflow/example_dags/example_subdag_operator.py for tasks to queue
[2023-05-06T23:37:43.157+0000] {logging_mixin.py:149} INFO - [2023-05-06T23:37:43.156+0000] {dagbag.py:541} INFO - Filling up the DagBag from /home/airflow/.local/lib/python3.7/site-packages/airflow/example_dags/example_subdag_operator.py
[2023-05-06T23:37:43.195+0000] {processor.py:809} INFO - DAG(s) dict_keys(['example_subdag_operator.section-1', 'example_subdag_operator.section-2', 'example_subdag_operator']) retrieved from /home/airflow/.local/lib/python3.7/site-packages/airflow/example_dags/example_subdag_operator.py
[2023-05-06T23:37:43.211+0000] {logging_mixin.py:149} INFO - [2023-05-06T23:37:43.211+0000] {dag.py:2726} INFO - Sync 3 DAGs
[2023-05-06T23:37:43.233+0000] {logging_mixin.py:149} INFO - [2023-05-06T23:37:43.233+0000] {dag.py:3490} INFO - Setting next_dagrun for example_subdag_operator to 2022-01-01T00:00:00+00:00, run_after=2022-01-01T00:00:00+00:00
[2023-05-06T23:37:43.237+0000] {logging_mixin.py:149} INFO - [2023-05-06T23:37:43.237+0000] {dag.py:3490} INFO - Setting next_dagrun for example_subdag_operator.section-1 to None, run_after=None
[2023-05-06T23:37:43.238+0000] {logging_mixin.py:149} INFO - [2023-05-06T23:37:43.238+0000] {dag.py:3490} INFO - Setting next_dagrun for example_subdag_operator.section-2 to None, run_after=None
[2023-05-06T23:37:43.245+0000] {logging_mixin.py:149} INFO - [2023-05-06T23:37:43.245+0000] {dag.py:2726} INFO - Sync 2 DAGs
[2023-05-06T23:37:43.250+0000] {logging_mixin.py:149} INFO - [2023-05-06T23:37:43.250+0000] {dag.py:3490} INFO - Setting next_dagrun for example_subdag_operator.section-1 to None, run_after=None
[2023-05-06T23:37:43.251+0000] {logging_mixin.py:149} INFO - [2023-05-06T23:37:43.251+0000] {dag.py:3490} INFO - Setting next_dagrun for example_subdag_operator.section-2 to None, run_after=None
[2023-05-06T23:37:43.261+0000] {processor.py:178} INFO - Processing /home/airflow/.local/lib/python3.7/site-packages/airflow/example_dags/example_subdag_operator.py took 0.112 seconds
[2023-05-06T23:38:13.686+0000] {processor.py:156} INFO - Started process (PID=1549) to work on /home/airflow/.local/lib/python3.7/site-packages/airflow/example_dags/example_subdag_operator.py
[2023-05-06T23:38:13.687+0000] {processor.py:799} INFO - Processing file /home/airflow/.local/lib/python3.7/site-packages/airflow/example_dags/example_subdag_operator.py for tasks to queue
[2023-05-06T23:38:13.687+0000] {logging_mixin.py:149} INFO - [2023-05-06T23:38:13.687+0000] {dagbag.py:541} INFO - Filling up the DagBag from /home/airflow/.local/lib/python3.7/site-packages/airflow/example_dags/example_subdag_operator.py
[2023-05-06T23:38:13.712+0000] {processor.py:809} INFO - DAG(s) dict_keys(['example_subdag_operator.section-1', 'example_subdag_operator.section-2', 'example_subdag_operator']) retrieved from /home/airflow/.local/lib/python3.7/site-packages/airflow/example_dags/example_subdag_operator.py
[2023-05-06T23:38:13.741+0000] {logging_mixin.py:149} INFO - [2023-05-06T23:38:13.741+0000] {dag.py:2726} INFO - Sync 3 DAGs
[2023-05-06T23:38:13.766+0000] {logging_mixin.py:149} INFO - [2023-05-06T23:38:13.766+0000] {dag.py:3490} INFO - Setting next_dagrun for example_subdag_operator to 2022-01-01T00:00:00+00:00, run_after=2022-01-01T00:00:00+00:00
[2023-05-06T23:38:13.769+0000] {logging_mixin.py:149} INFO - [2023-05-06T23:38:13.769+0000] {dag.py:3490} INFO - Setting next_dagrun for example_subdag_operator.section-1 to None, run_after=None
[2023-05-06T23:38:13.771+0000] {logging_mixin.py:149} INFO - [2023-05-06T23:38:13.770+0000] {dag.py:3490} INFO - Setting next_dagrun for example_subdag_operator.section-2 to None, run_after=None
[2023-05-06T23:38:13.778+0000] {logging_mixin.py:149} INFO - [2023-05-06T23:38:13.778+0000] {dag.py:2726} INFO - Sync 2 DAGs
[2023-05-06T23:38:13.783+0000] {logging_mixin.py:149} INFO - [2023-05-06T23:38:13.783+0000] {dag.py:3490} INFO - Setting next_dagrun for example_subdag_operator.section-1 to None, run_after=None
[2023-05-06T23:38:13.783+0000] {logging_mixin.py:149} INFO - [2023-05-06T23:38:13.783+0000] {dag.py:3490} INFO - Setting next_dagrun for example_subdag_operator.section-2 to None, run_after=None
[2023-05-06T23:38:13.794+0000] {processor.py:178} INFO - Processing /home/airflow/.local/lib/python3.7/site-packages/airflow/example_dags/example_subdag_operator.py took 0.110 seconds
[2023-05-06T23:38:43.881+0000] {processor.py:156} INFO - Started process (PID=1607) to work on /home/airflow/.local/lib/python3.7/site-packages/airflow/example_dags/example_subdag_operator.py
[2023-05-06T23:38:43.882+0000] {processor.py:799} INFO - Processing file /home/airflow/.local/lib/python3.7/site-packages/airflow/example_dags/example_subdag_operator.py for tasks to queue
[2023-05-06T23:38:43.883+0000] {logging_mixin.py:149} INFO - [2023-05-06T23:38:43.883+0000] {dagbag.py:541} INFO - Filling up the DagBag from /home/airflow/.local/lib/python3.7/site-packages/airflow/example_dags/example_subdag_operator.py
[2023-05-06T23:38:43.910+0000] {processor.py:809} INFO - DAG(s) dict_keys(['example_subdag_operator.section-1', 'example_subdag_operator.section-2', 'example_subdag_operator']) retrieved from /home/airflow/.local/lib/python3.7/site-packages/airflow/example_dags/example_subdag_operator.py
[2023-05-06T23:38:43.926+0000] {logging_mixin.py:149} INFO - [2023-05-06T23:38:43.926+0000] {dag.py:2726} INFO - Sync 3 DAGs
[2023-05-06T23:38:43.949+0000] {logging_mixin.py:149} INFO - [2023-05-06T23:38:43.949+0000] {dag.py:3490} INFO - Setting next_dagrun for example_subdag_operator to 2022-01-01T00:00:00+00:00, run_after=2022-01-01T00:00:00+00:00
[2023-05-06T23:38:43.952+0000] {logging_mixin.py:149} INFO - [2023-05-06T23:38:43.952+0000] {dag.py:3490} INFO - Setting next_dagrun for example_subdag_operator.section-1 to None, run_after=None
[2023-05-06T23:38:43.953+0000] {logging_mixin.py:149} INFO - [2023-05-06T23:38:43.953+0000] {dag.py:3490} INFO - Setting next_dagrun for example_subdag_operator.section-2 to None, run_after=None
[2023-05-06T23:38:43.960+0000] {logging_mixin.py:149} INFO - [2023-05-06T23:38:43.960+0000] {dag.py:2726} INFO - Sync 2 DAGs
[2023-05-06T23:38:43.967+0000] {logging_mixin.py:149} INFO - [2023-05-06T23:38:43.967+0000] {dag.py:3490} INFO - Setting next_dagrun for example_subdag_operator.section-1 to None, run_after=None
[2023-05-06T23:38:43.967+0000] {logging_mixin.py:149} INFO - [2023-05-06T23:38:43.967+0000] {dag.py:3490} INFO - Setting next_dagrun for example_subdag_operator.section-2 to None, run_after=None
[2023-05-06T23:38:43.979+0000] {processor.py:178} INFO - Processing /home/airflow/.local/lib/python3.7/site-packages/airflow/example_dags/example_subdag_operator.py took 0.103 seconds
[2023-05-06T23:39:14.040+0000] {processor.py:156} INFO - Started process (PID=1666) to work on /home/airflow/.local/lib/python3.7/site-packages/airflow/example_dags/example_subdag_operator.py
[2023-05-06T23:39:14.040+0000] {processor.py:799} INFO - Processing file /home/airflow/.local/lib/python3.7/site-packages/airflow/example_dags/example_subdag_operator.py for tasks to queue
[2023-05-06T23:39:14.041+0000] {logging_mixin.py:149} INFO - [2023-05-06T23:39:14.041+0000] {dagbag.py:541} INFO - Filling up the DagBag from /home/airflow/.local/lib/python3.7/site-packages/airflow/example_dags/example_subdag_operator.py
[2023-05-06T23:39:14.062+0000] {processor.py:809} INFO - DAG(s) dict_keys(['example_subdag_operator.section-1', 'example_subdag_operator.section-2', 'example_subdag_operator']) retrieved from /home/airflow/.local/lib/python3.7/site-packages/airflow/example_dags/example_subdag_operator.py
[2023-05-06T23:39:14.078+0000] {logging_mixin.py:149} INFO - [2023-05-06T23:39:14.078+0000] {dag.py:2726} INFO - Sync 3 DAGs
[2023-05-06T23:39:14.103+0000] {logging_mixin.py:149} INFO - [2023-05-06T23:39:14.102+0000] {dag.py:3490} INFO - Setting next_dagrun for example_subdag_operator to 2022-01-01T00:00:00+00:00, run_after=2022-01-01T00:00:00+00:00
[2023-05-06T23:39:14.106+0000] {logging_mixin.py:149} INFO - [2023-05-06T23:39:14.106+0000] {dag.py:3490} INFO - Setting next_dagrun for example_subdag_operator.section-1 to None, run_after=None
[2023-05-06T23:39:14.107+0000] {logging_mixin.py:149} INFO - [2023-05-06T23:39:14.107+0000] {dag.py:3490} INFO - Setting next_dagrun for example_subdag_operator.section-2 to None, run_after=None
[2023-05-06T23:39:14.114+0000] {logging_mixin.py:149} INFO - [2023-05-06T23:39:14.114+0000] {dag.py:2726} INFO - Sync 2 DAGs
[2023-05-06T23:39:14.120+0000] {logging_mixin.py:149} INFO - [2023-05-06T23:39:14.119+0000] {dag.py:3490} INFO - Setting next_dagrun for example_subdag_operator.section-1 to None, run_after=None
[2023-05-06T23:39:14.120+0000] {logging_mixin.py:149} INFO - [2023-05-06T23:39:14.120+0000] {dag.py:3490} INFO - Setting next_dagrun for example_subdag_operator.section-2 to None, run_after=None
[2023-05-06T23:39:14.130+0000] {processor.py:178} INFO - Processing /home/airflow/.local/lib/python3.7/site-packages/airflow/example_dags/example_subdag_operator.py took 0.093 seconds
[2023-05-06T23:39:44.316+0000] {processor.py:156} INFO - Started process (PID=1724) to work on /home/airflow/.local/lib/python3.7/site-packages/airflow/example_dags/example_subdag_operator.py
[2023-05-06T23:39:44.317+0000] {processor.py:799} INFO - Processing file /home/airflow/.local/lib/python3.7/site-packages/airflow/example_dags/example_subdag_operator.py for tasks to queue
[2023-05-06T23:39:44.317+0000] {logging_mixin.py:149} INFO - [2023-05-06T23:39:44.317+0000] {dagbag.py:541} INFO - Filling up the DagBag from /home/airflow/.local/lib/python3.7/site-packages/airflow/example_dags/example_subdag_operator.py
[2023-05-06T23:39:44.335+0000] {processor.py:809} INFO - DAG(s) dict_keys(['example_subdag_operator.section-1', 'example_subdag_operator.section-2', 'example_subdag_operator']) retrieved from /home/airflow/.local/lib/python3.7/site-packages/airflow/example_dags/example_subdag_operator.py
[2023-05-06T23:39:44.350+0000] {logging_mixin.py:149} INFO - [2023-05-06T23:39:44.350+0000] {dag.py:2726} INFO - Sync 3 DAGs
[2023-05-06T23:39:44.374+0000] {logging_mixin.py:149} INFO - [2023-05-06T23:39:44.374+0000] {dag.py:3490} INFO - Setting next_dagrun for example_subdag_operator to 2022-01-01T00:00:00+00:00, run_after=2022-01-01T00:00:00+00:00
[2023-05-06T23:39:44.378+0000] {logging_mixin.py:149} INFO - [2023-05-06T23:39:44.378+0000] {dag.py:3490} INFO - Setting next_dagrun for example_subdag_operator.section-1 to None, run_after=None
[2023-05-06T23:39:44.379+0000] {logging_mixin.py:149} INFO - [2023-05-06T23:39:44.379+0000] {dag.py:3490} INFO - Setting next_dagrun for example_subdag_operator.section-2 to None, run_after=None
[2023-05-06T23:39:44.386+0000] {logging_mixin.py:149} INFO - [2023-05-06T23:39:44.386+0000] {dag.py:2726} INFO - Sync 2 DAGs
[2023-05-06T23:39:44.392+0000] {logging_mixin.py:149} INFO - [2023-05-06T23:39:44.392+0000] {dag.py:3490} INFO - Setting next_dagrun for example_subdag_operator.section-1 to None, run_after=None
[2023-05-06T23:39:44.392+0000] {logging_mixin.py:149} INFO - [2023-05-06T23:39:44.392+0000] {dag.py:3490} INFO - Setting next_dagrun for example_subdag_operator.section-2 to None, run_after=None
[2023-05-06T23:39:44.402+0000] {processor.py:178} INFO - Processing /home/airflow/.local/lib/python3.7/site-packages/airflow/example_dags/example_subdag_operator.py took 0.088 seconds
[2023-05-06T23:40:14.663+0000] {processor.py:156} INFO - Started process (PID=1782) to work on /home/airflow/.local/lib/python3.7/site-packages/airflow/example_dags/example_subdag_operator.py
[2023-05-06T23:40:14.663+0000] {processor.py:799} INFO - Processing file /home/airflow/.local/lib/python3.7/site-packages/airflow/example_dags/example_subdag_operator.py for tasks to queue
[2023-05-06T23:40:14.664+0000] {logging_mixin.py:149} INFO - [2023-05-06T23:40:14.664+0000] {dagbag.py:541} INFO - Filling up the DagBag from /home/airflow/.local/lib/python3.7/site-packages/airflow/example_dags/example_subdag_operator.py
[2023-05-06T23:40:14.683+0000] {processor.py:809} INFO - DAG(s) dict_keys(['example_subdag_operator.section-1', 'example_subdag_operator.section-2', 'example_subdag_operator']) retrieved from /home/airflow/.local/lib/python3.7/site-packages/airflow/example_dags/example_subdag_operator.py
[2023-05-06T23:40:14.700+0000] {logging_mixin.py:149} INFO - [2023-05-06T23:40:14.700+0000] {dag.py:2726} INFO - Sync 3 DAGs
[2023-05-06T23:40:14.724+0000] {logging_mixin.py:149} INFO - [2023-05-06T23:40:14.723+0000] {dag.py:3490} INFO - Setting next_dagrun for example_subdag_operator to 2022-01-01T00:00:00+00:00, run_after=2022-01-01T00:00:00+00:00
[2023-05-06T23:40:14.727+0000] {logging_mixin.py:149} INFO - [2023-05-06T23:40:14.727+0000] {dag.py:3490} INFO - Setting next_dagrun for example_subdag_operator.section-1 to None, run_after=None
[2023-05-06T23:40:14.728+0000] {logging_mixin.py:149} INFO - [2023-05-06T23:40:14.728+0000] {dag.py:3490} INFO - Setting next_dagrun for example_subdag_operator.section-2 to None, run_after=None
[2023-05-06T23:40:14.735+0000] {logging_mixin.py:149} INFO - [2023-05-06T23:40:14.735+0000] {dag.py:2726} INFO - Sync 2 DAGs
[2023-05-06T23:40:14.741+0000] {logging_mixin.py:149} INFO - [2023-05-06T23:40:14.741+0000] {dag.py:3490} INFO - Setting next_dagrun for example_subdag_operator.section-1 to None, run_after=None
[2023-05-06T23:40:14.741+0000] {logging_mixin.py:149} INFO - [2023-05-06T23:40:14.741+0000] {dag.py:3490} INFO - Setting next_dagrun for example_subdag_operator.section-2 to None, run_after=None
[2023-05-06T23:40:14.750+0000] {processor.py:178} INFO - Processing /home/airflow/.local/lib/python3.7/site-packages/airflow/example_dags/example_subdag_operator.py took 0.090 seconds
[2023-05-06T23:40:44.990+0000] {processor.py:156} INFO - Started process (PID=1841) to work on /home/airflow/.local/lib/python3.7/site-packages/airflow/example_dags/example_subdag_operator.py
[2023-05-06T23:40:44.991+0000] {processor.py:799} INFO - Processing file /home/airflow/.local/lib/python3.7/site-packages/airflow/example_dags/example_subdag_operator.py for tasks to queue
[2023-05-06T23:40:44.993+0000] {logging_mixin.py:149} INFO - [2023-05-06T23:40:44.992+0000] {dagbag.py:541} INFO - Filling up the DagBag from /home/airflow/.local/lib/python3.7/site-packages/airflow/example_dags/example_subdag_operator.py
[2023-05-06T23:40:45.020+0000] {processor.py:809} INFO - DAG(s) dict_keys(['example_subdag_operator.section-1', 'example_subdag_operator.section-2', 'example_subdag_operator']) retrieved from /home/airflow/.local/lib/python3.7/site-packages/airflow/example_dags/example_subdag_operator.py
[2023-05-06T23:40:45.037+0000] {logging_mixin.py:149} INFO - [2023-05-06T23:40:45.037+0000] {dag.py:2726} INFO - Sync 3 DAGs
[2023-05-06T23:40:45.060+0000] {logging_mixin.py:149} INFO - [2023-05-06T23:40:45.060+0000] {dag.py:3490} INFO - Setting next_dagrun for example_subdag_operator to 2022-01-01T00:00:00+00:00, run_after=2022-01-01T00:00:00+00:00
[2023-05-06T23:40:45.063+0000] {logging_mixin.py:149} INFO - [2023-05-06T23:40:45.063+0000] {dag.py:3490} INFO - Setting next_dagrun for example_subdag_operator.section-1 to None, run_after=None
[2023-05-06T23:40:45.064+0000] {logging_mixin.py:149} INFO - [2023-05-06T23:40:45.064+0000] {dag.py:3490} INFO - Setting next_dagrun for example_subdag_operator.section-2 to None, run_after=None
[2023-05-06T23:40:45.071+0000] {logging_mixin.py:149} INFO - [2023-05-06T23:40:45.071+0000] {dag.py:2726} INFO - Sync 2 DAGs
[2023-05-06T23:40:45.076+0000] {logging_mixin.py:149} INFO - [2023-05-06T23:40:45.076+0000] {dag.py:3490} INFO - Setting next_dagrun for example_subdag_operator.section-1 to None, run_after=None
[2023-05-06T23:40:45.076+0000] {logging_mixin.py:149} INFO - [2023-05-06T23:40:45.076+0000] {dag.py:3490} INFO - Setting next_dagrun for example_subdag_operator.section-2 to None, run_after=None
[2023-05-06T23:40:45.087+0000] {processor.py:178} INFO - Processing /home/airflow/.local/lib/python3.7/site-packages/airflow/example_dags/example_subdag_operator.py took 0.100 seconds
[2023-05-06T23:41:15.330+0000] {processor.py:156} INFO - Started process (PID=1899) to work on /home/airflow/.local/lib/python3.7/site-packages/airflow/example_dags/example_subdag_operator.py
[2023-05-06T23:41:15.331+0000] {processor.py:799} INFO - Processing file /home/airflow/.local/lib/python3.7/site-packages/airflow/example_dags/example_subdag_operator.py for tasks to queue
[2023-05-06T23:41:15.332+0000] {logging_mixin.py:149} INFO - [2023-05-06T23:41:15.332+0000] {dagbag.py:541} INFO - Filling up the DagBag from /home/airflow/.local/lib/python3.7/site-packages/airflow/example_dags/example_subdag_operator.py
[2023-05-06T23:41:15.353+0000] {processor.py:809} INFO - DAG(s) dict_keys(['example_subdag_operator.section-1', 'example_subdag_operator.section-2', 'example_subdag_operator']) retrieved from /home/airflow/.local/lib/python3.7/site-packages/airflow/example_dags/example_subdag_operator.py
[2023-05-06T23:41:15.370+0000] {logging_mixin.py:149} INFO - [2023-05-06T23:41:15.369+0000] {dag.py:2726} INFO - Sync 3 DAGs
[2023-05-06T23:41:15.394+0000] {logging_mixin.py:149} INFO - [2023-05-06T23:41:15.394+0000] {dag.py:3490} INFO - Setting next_dagrun for example_subdag_operator to 2022-01-01T00:00:00+00:00, run_after=2022-01-01T00:00:00+00:00
[2023-05-06T23:41:15.398+0000] {logging_mixin.py:149} INFO - [2023-05-06T23:41:15.398+0000] {dag.py:3490} INFO - Setting next_dagrun for example_subdag_operator.section-1 to None, run_after=None
[2023-05-06T23:41:15.399+0000] {logging_mixin.py:149} INFO - [2023-05-06T23:41:15.399+0000] {dag.py:3490} INFO - Setting next_dagrun for example_subdag_operator.section-2 to None, run_after=None
[2023-05-06T23:41:15.407+0000] {logging_mixin.py:149} INFO - [2023-05-06T23:41:15.407+0000] {dag.py:2726} INFO - Sync 2 DAGs
[2023-05-06T23:41:15.414+0000] {logging_mixin.py:149} INFO - [2023-05-06T23:41:15.413+0000] {dag.py:3490} INFO - Setting next_dagrun for example_subdag_operator.section-1 to None, run_after=None
[2023-05-06T23:41:15.414+0000] {logging_mixin.py:149} INFO - [2023-05-06T23:41:15.414+0000] {dag.py:3490} INFO - Setting next_dagrun for example_subdag_operator.section-2 to None, run_after=None
[2023-05-06T23:41:15.425+0000] {processor.py:178} INFO - Processing /home/airflow/.local/lib/python3.7/site-packages/airflow/example_dags/example_subdag_operator.py took 0.099 seconds
[2023-05-06T23:41:45.659+0000] {processor.py:156} INFO - Started process (PID=1957) to work on /home/airflow/.local/lib/python3.7/site-packages/airflow/example_dags/example_subdag_operator.py
[2023-05-06T23:41:45.660+0000] {processor.py:799} INFO - Processing file /home/airflow/.local/lib/python3.7/site-packages/airflow/example_dags/example_subdag_operator.py for tasks to queue
[2023-05-06T23:41:45.660+0000] {logging_mixin.py:149} INFO - [2023-05-06T23:41:45.660+0000] {dagbag.py:541} INFO - Filling up the DagBag from /home/airflow/.local/lib/python3.7/site-packages/airflow/example_dags/example_subdag_operator.py
[2023-05-06T23:41:45.679+0000] {processor.py:809} INFO - DAG(s) dict_keys(['example_subdag_operator.section-1', 'example_subdag_operator.section-2', 'example_subdag_operator']) retrieved from /home/airflow/.local/lib/python3.7/site-packages/airflow/example_dags/example_subdag_operator.py
[2023-05-06T23:41:45.695+0000] {logging_mixin.py:149} INFO - [2023-05-06T23:41:45.695+0000] {dag.py:2726} INFO - Sync 3 DAGs
[2023-05-06T23:41:45.717+0000] {logging_mixin.py:149} INFO - [2023-05-06T23:41:45.717+0000] {dag.py:3490} INFO - Setting next_dagrun for example_subdag_operator to 2022-01-01T00:00:00+00:00, run_after=2022-01-01T00:00:00+00:00
[2023-05-06T23:41:45.722+0000] {logging_mixin.py:149} INFO - [2023-05-06T23:41:45.721+0000] {dag.py:3490} INFO - Setting next_dagrun for example_subdag_operator.section-1 to None, run_after=None
[2023-05-06T23:41:45.724+0000] {logging_mixin.py:149} INFO - [2023-05-06T23:41:45.724+0000] {dag.py:3490} INFO - Setting next_dagrun for example_subdag_operator.section-2 to None, run_after=None
[2023-05-06T23:41:45.731+0000] {logging_mixin.py:149} INFO - [2023-05-06T23:41:45.731+0000] {dag.py:2726} INFO - Sync 2 DAGs
[2023-05-06T23:41:45.738+0000] {logging_mixin.py:149} INFO - [2023-05-06T23:41:45.738+0000] {dag.py:3490} INFO - Setting next_dagrun for example_subdag_operator.section-1 to None, run_after=None
[2023-05-06T23:41:45.738+0000] {logging_mixin.py:149} INFO - [2023-05-06T23:41:45.738+0000] {dag.py:3490} INFO - Setting next_dagrun for example_subdag_operator.section-2 to None, run_after=None
[2023-05-06T23:41:45.748+0000] {processor.py:178} INFO - Processing /home/airflow/.local/lib/python3.7/site-packages/airflow/example_dags/example_subdag_operator.py took 0.091 seconds
[2023-05-06T23:42:15.964+0000] {processor.py:156} INFO - Started process (PID=2015) to work on /home/airflow/.local/lib/python3.7/site-packages/airflow/example_dags/example_subdag_operator.py
[2023-05-06T23:42:15.964+0000] {processor.py:799} INFO - Processing file /home/airflow/.local/lib/python3.7/site-packages/airflow/example_dags/example_subdag_operator.py for tasks to queue
[2023-05-06T23:42:15.964+0000] {logging_mixin.py:149} INFO - [2023-05-06T23:42:15.964+0000] {dagbag.py:541} INFO - Filling up the DagBag from /home/airflow/.local/lib/python3.7/site-packages/airflow/example_dags/example_subdag_operator.py
[2023-05-06T23:42:15.986+0000] {processor.py:809} INFO - DAG(s) dict_keys(['example_subdag_operator.section-1', 'example_subdag_operator.section-2', 'example_subdag_operator']) retrieved from /home/airflow/.local/lib/python3.7/site-packages/airflow/example_dags/example_subdag_operator.py
[2023-05-06T23:42:16.004+0000] {logging_mixin.py:149} INFO - [2023-05-06T23:42:16.004+0000] {dag.py:2726} INFO - Sync 3 DAGs
[2023-05-06T23:42:16.027+0000] {logging_mixin.py:149} INFO - [2023-05-06T23:42:16.027+0000] {dag.py:3490} INFO - Setting next_dagrun for example_subdag_operator to 2022-01-01T00:00:00+00:00, run_after=2022-01-01T00:00:00+00:00
[2023-05-06T23:42:16.031+0000] {logging_mixin.py:149} INFO - [2023-05-06T23:42:16.031+0000] {dag.py:3490} INFO - Setting next_dagrun for example_subdag_operator.section-1 to None, run_after=None
[2023-05-06T23:42:16.033+0000] {logging_mixin.py:149} INFO - [2023-05-06T23:42:16.033+0000] {dag.py:3490} INFO - Setting next_dagrun for example_subdag_operator.section-2 to None, run_after=None
[2023-05-06T23:42:16.040+0000] {logging_mixin.py:149} INFO - [2023-05-06T23:42:16.040+0000] {dag.py:2726} INFO - Sync 2 DAGs
[2023-05-06T23:42:16.047+0000] {logging_mixin.py:149} INFO - [2023-05-06T23:42:16.046+0000] {dag.py:3490} INFO - Setting next_dagrun for example_subdag_operator.section-1 to None, run_after=None
[2023-05-06T23:42:16.047+0000] {logging_mixin.py:149} INFO - [2023-05-06T23:42:16.047+0000] {dag.py:3490} INFO - Setting next_dagrun for example_subdag_operator.section-2 to None, run_after=None
[2023-05-06T23:42:16.057+0000] {processor.py:178} INFO - Processing /home/airflow/.local/lib/python3.7/site-packages/airflow/example_dags/example_subdag_operator.py took 0.097 seconds
[2023-05-06T23:42:46.422+0000] {processor.py:156} INFO - Started process (PID=2073) to work on /home/airflow/.local/lib/python3.7/site-packages/airflow/example_dags/example_subdag_operator.py
[2023-05-06T23:42:46.424+0000] {processor.py:799} INFO - Processing file /home/airflow/.local/lib/python3.7/site-packages/airflow/example_dags/example_subdag_operator.py for tasks to queue
[2023-05-06T23:42:46.424+0000] {logging_mixin.py:149} INFO - [2023-05-06T23:42:46.424+0000] {dagbag.py:541} INFO - Filling up the DagBag from /home/airflow/.local/lib/python3.7/site-packages/airflow/example_dags/example_subdag_operator.py
[2023-05-06T23:42:46.446+0000] {processor.py:809} INFO - DAG(s) dict_keys(['example_subdag_operator.section-1', 'example_subdag_operator.section-2', 'example_subdag_operator']) retrieved from /home/airflow/.local/lib/python3.7/site-packages/airflow/example_dags/example_subdag_operator.py
[2023-05-06T23:42:46.462+0000] {logging_mixin.py:149} INFO - [2023-05-06T23:42:46.462+0000] {dag.py:2726} INFO - Sync 3 DAGs
[2023-05-06T23:42:46.487+0000] {logging_mixin.py:149} INFO - [2023-05-06T23:42:46.486+0000] {dag.py:3490} INFO - Setting next_dagrun for example_subdag_operator to 2022-01-01T00:00:00+00:00, run_after=2022-01-01T00:00:00+00:00
[2023-05-06T23:42:46.490+0000] {logging_mixin.py:149} INFO - [2023-05-06T23:42:46.490+0000] {dag.py:3490} INFO - Setting next_dagrun for example_subdag_operator.section-1 to None, run_after=None
[2023-05-06T23:42:46.492+0000] {logging_mixin.py:149} INFO - [2023-05-06T23:42:46.492+0000] {dag.py:3490} INFO - Setting next_dagrun for example_subdag_operator.section-2 to None, run_after=None
[2023-05-06T23:42:46.499+0000] {logging_mixin.py:149} INFO - [2023-05-06T23:42:46.499+0000] {dag.py:2726} INFO - Sync 2 DAGs
[2023-05-06T23:42:46.504+0000] {logging_mixin.py:149} INFO - [2023-05-06T23:42:46.504+0000] {dag.py:3490} INFO - Setting next_dagrun for example_subdag_operator.section-1 to None, run_after=None
[2023-05-06T23:42:46.504+0000] {logging_mixin.py:149} INFO - [2023-05-06T23:42:46.504+0000] {dag.py:3490} INFO - Setting next_dagrun for example_subdag_operator.section-2 to None, run_after=None
[2023-05-06T23:42:46.515+0000] {processor.py:178} INFO - Processing /home/airflow/.local/lib/python3.7/site-packages/airflow/example_dags/example_subdag_operator.py took 0.095 seconds
[2023-05-06T23:43:16.867+0000] {processor.py:156} INFO - Started process (PID=2131) to work on /home/airflow/.local/lib/python3.7/site-packages/airflow/example_dags/example_subdag_operator.py
[2023-05-06T23:43:16.868+0000] {processor.py:799} INFO - Processing file /home/airflow/.local/lib/python3.7/site-packages/airflow/example_dags/example_subdag_operator.py for tasks to queue
[2023-05-06T23:43:16.868+0000] {logging_mixin.py:149} INFO - [2023-05-06T23:43:16.868+0000] {dagbag.py:541} INFO - Filling up the DagBag from /home/airflow/.local/lib/python3.7/site-packages/airflow/example_dags/example_subdag_operator.py
[2023-05-06T23:43:16.887+0000] {processor.py:809} INFO - DAG(s) dict_keys(['example_subdag_operator.section-1', 'example_subdag_operator.section-2', 'example_subdag_operator']) retrieved from /home/airflow/.local/lib/python3.7/site-packages/airflow/example_dags/example_subdag_operator.py
[2023-05-06T23:43:16.903+0000] {logging_mixin.py:149} INFO - [2023-05-06T23:43:16.903+0000] {dag.py:2726} INFO - Sync 3 DAGs
[2023-05-06T23:43:16.927+0000] {logging_mixin.py:149} INFO - [2023-05-06T23:43:16.927+0000] {dag.py:3490} INFO - Setting next_dagrun for example_subdag_operator to 2022-01-01T00:00:00+00:00, run_after=2022-01-01T00:00:00+00:00
[2023-05-06T23:43:16.931+0000] {logging_mixin.py:149} INFO - [2023-05-06T23:43:16.931+0000] {dag.py:3490} INFO - Setting next_dagrun for example_subdag_operator.section-1 to None, run_after=None
[2023-05-06T23:43:16.932+0000] {logging_mixin.py:149} INFO - [2023-05-06T23:43:16.932+0000] {dag.py:3490} INFO - Setting next_dagrun for example_subdag_operator.section-2 to None, run_after=None
[2023-05-06T23:43:16.938+0000] {logging_mixin.py:149} INFO - [2023-05-06T23:43:16.938+0000] {dag.py:2726} INFO - Sync 2 DAGs
[2023-05-06T23:43:16.944+0000] {logging_mixin.py:149} INFO - [2023-05-06T23:43:16.944+0000] {dag.py:3490} INFO - Setting next_dagrun for example_subdag_operator.section-1 to None, run_after=None
[2023-05-06T23:43:16.944+0000] {logging_mixin.py:149} INFO - [2023-05-06T23:43:16.944+0000] {dag.py:3490} INFO - Setting next_dagrun for example_subdag_operator.section-2 to None, run_after=None
[2023-05-06T23:43:16.958+0000] {processor.py:178} INFO - Processing /home/airflow/.local/lib/python3.7/site-packages/airflow/example_dags/example_subdag_operator.py took 0.093 seconds
