[2023-05-06T23:25:03.306+0000] {processor.py:156} INFO - Started process (PID=58) to work on /home/airflow/.local/lib/python3.7/site-packages/airflow/example_dags/example_skip_dag.py
[2023-05-06T23:25:03.307+0000] {processor.py:799} INFO - Processing file /home/airflow/.local/lib/python3.7/site-packages/airflow/example_dags/example_skip_dag.py for tasks to queue
[2023-05-06T23:25:03.307+0000] {logging_mixin.py:149} INFO - [2023-05-06T23:25:03.307+0000] {dagbag.py:541} INFO - Filling up the DagBag from /home/airflow/.local/lib/python3.7/site-packages/airflow/example_dags/example_skip_dag.py
[2023-05-06T23:25:03.312+0000] {processor.py:809} INFO - DAG(s) dict_keys(['example_skip_dag']) retrieved from /home/airflow/.local/lib/python3.7/site-packages/airflow/example_dags/example_skip_dag.py
[2023-05-06T23:25:03.324+0000] {logging_mixin.py:149} INFO - [2023-05-06T23:25:03.324+0000] {dag.py:2726} INFO - Sync 1 DAGs
[2023-05-06T23:25:03.351+0000] {logging_mixin.py:149} INFO - [2023-05-06T23:25:03.351+0000] {dag.py:3490} INFO - Setting next_dagrun for example_skip_dag to 2023-05-05T23:25:03.350805+00:00, run_after=2023-05-06T23:25:03.350805+00:00
[2023-05-06T23:25:03.370+0000] {processor.py:178} INFO - Processing /home/airflow/.local/lib/python3.7/site-packages/airflow/example_dags/example_skip_dag.py took 0.066 seconds
[2023-05-06T23:25:34.308+0000] {processor.py:156} INFO - Started process (PID=116) to work on /home/airflow/.local/lib/python3.7/site-packages/airflow/example_dags/example_skip_dag.py
[2023-05-06T23:25:34.309+0000] {processor.py:799} INFO - Processing file /home/airflow/.local/lib/python3.7/site-packages/airflow/example_dags/example_skip_dag.py for tasks to queue
[2023-05-06T23:25:34.309+0000] {logging_mixin.py:149} INFO - [2023-05-06T23:25:34.309+0000] {dagbag.py:541} INFO - Filling up the DagBag from /home/airflow/.local/lib/python3.7/site-packages/airflow/example_dags/example_skip_dag.py
[2023-05-06T23:25:34.314+0000] {processor.py:809} INFO - DAG(s) dict_keys(['example_skip_dag']) retrieved from /home/airflow/.local/lib/python3.7/site-packages/airflow/example_dags/example_skip_dag.py
[2023-05-06T23:25:34.334+0000] {logging_mixin.py:149} INFO - [2023-05-06T23:25:34.334+0000] {dag.py:2726} INFO - Sync 1 DAGs
[2023-05-06T23:25:34.357+0000] {logging_mixin.py:149} INFO - [2023-05-06T23:25:34.357+0000] {dag.py:3490} INFO - Setting next_dagrun for example_skip_dag to 2023-05-05T23:25:34.357427+00:00, run_after=2023-05-06T23:25:34.357427+00:00
[2023-05-06T23:25:34.375+0000] {processor.py:178} INFO - Processing /home/airflow/.local/lib/python3.7/site-packages/airflow/example_dags/example_skip_dag.py took 0.069 seconds
[2023-05-06T23:26:05.258+0000] {processor.py:156} INFO - Started process (PID=174) to work on /home/airflow/.local/lib/python3.7/site-packages/airflow/example_dags/example_skip_dag.py
[2023-05-06T23:26:05.259+0000] {processor.py:799} INFO - Processing file /home/airflow/.local/lib/python3.7/site-packages/airflow/example_dags/example_skip_dag.py for tasks to queue
[2023-05-06T23:26:05.260+0000] {logging_mixin.py:149} INFO - [2023-05-06T23:26:05.260+0000] {dagbag.py:541} INFO - Filling up the DagBag from /home/airflow/.local/lib/python3.7/site-packages/airflow/example_dags/example_skip_dag.py
[2023-05-06T23:26:05.272+0000] {processor.py:809} INFO - DAG(s) dict_keys(['example_skip_dag']) retrieved from /home/airflow/.local/lib/python3.7/site-packages/airflow/example_dags/example_skip_dag.py
[2023-05-06T23:26:05.305+0000] {logging_mixin.py:149} INFO - [2023-05-06T23:26:05.305+0000] {dag.py:2726} INFO - Sync 1 DAGs
[2023-05-06T23:26:05.326+0000] {logging_mixin.py:149} INFO - [2023-05-06T23:26:05.326+0000] {dag.py:3490} INFO - Setting next_dagrun for example_skip_dag to 2023-05-05T23:26:05.326487+00:00, run_after=2023-05-06T23:26:05.326487+00:00
[2023-05-06T23:26:05.343+0000] {processor.py:178} INFO - Processing /home/airflow/.local/lib/python3.7/site-packages/airflow/example_dags/example_skip_dag.py took 0.090 seconds
[2023-05-06T23:26:35.857+0000] {processor.py:156} INFO - Started process (PID=231) to work on /home/airflow/.local/lib/python3.7/site-packages/airflow/example_dags/example_skip_dag.py
[2023-05-06T23:26:35.859+0000] {processor.py:799} INFO - Processing file /home/airflow/.local/lib/python3.7/site-packages/airflow/example_dags/example_skip_dag.py for tasks to queue
[2023-05-06T23:26:35.860+0000] {logging_mixin.py:149} INFO - [2023-05-06T23:26:35.859+0000] {dagbag.py:541} INFO - Filling up the DagBag from /home/airflow/.local/lib/python3.7/site-packages/airflow/example_dags/example_skip_dag.py
[2023-05-06T23:26:35.871+0000] {processor.py:809} INFO - DAG(s) dict_keys(['example_skip_dag']) retrieved from /home/airflow/.local/lib/python3.7/site-packages/airflow/example_dags/example_skip_dag.py
[2023-05-06T23:26:35.893+0000] {logging_mixin.py:149} INFO - [2023-05-06T23:26:35.892+0000] {dag.py:2726} INFO - Sync 1 DAGs
[2023-05-06T23:26:35.915+0000] {logging_mixin.py:149} INFO - [2023-05-06T23:26:35.915+0000] {dag.py:3490} INFO - Setting next_dagrun for example_skip_dag to 2023-05-05T23:26:35.914883+00:00, run_after=2023-05-06T23:26:35.914883+00:00
[2023-05-06T23:26:35.933+0000] {processor.py:178} INFO - Processing /home/airflow/.local/lib/python3.7/site-packages/airflow/example_dags/example_skip_dag.py took 0.080 seconds
[2023-05-06T23:27:06.439+0000] {processor.py:156} INFO - Started process (PID=289) to work on /home/airflow/.local/lib/python3.7/site-packages/airflow/example_dags/example_skip_dag.py
[2023-05-06T23:27:06.440+0000] {processor.py:799} INFO - Processing file /home/airflow/.local/lib/python3.7/site-packages/airflow/example_dags/example_skip_dag.py for tasks to queue
[2023-05-06T23:27:06.440+0000] {logging_mixin.py:149} INFO - [2023-05-06T23:27:06.440+0000] {dagbag.py:541} INFO - Filling up the DagBag from /home/airflow/.local/lib/python3.7/site-packages/airflow/example_dags/example_skip_dag.py
[2023-05-06T23:27:06.450+0000] {processor.py:809} INFO - DAG(s) dict_keys(['example_skip_dag']) retrieved from /home/airflow/.local/lib/python3.7/site-packages/airflow/example_dags/example_skip_dag.py
[2023-05-06T23:27:06.471+0000] {logging_mixin.py:149} INFO - [2023-05-06T23:27:06.471+0000] {dag.py:2726} INFO - Sync 1 DAGs
[2023-05-06T23:27:06.494+0000] {logging_mixin.py:149} INFO - [2023-05-06T23:27:06.494+0000] {dag.py:3490} INFO - Setting next_dagrun for example_skip_dag to 2023-05-05T23:27:06.494001+00:00, run_after=2023-05-06T23:27:06.494001+00:00
[2023-05-06T23:27:06.510+0000] {processor.py:178} INFO - Processing /home/airflow/.local/lib/python3.7/site-packages/airflow/example_dags/example_skip_dag.py took 0.075 seconds
[2023-05-06T23:27:36.960+0000] {processor.py:156} INFO - Started process (PID=347) to work on /home/airflow/.local/lib/python3.7/site-packages/airflow/example_dags/example_skip_dag.py
[2023-05-06T23:27:36.961+0000] {processor.py:799} INFO - Processing file /home/airflow/.local/lib/python3.7/site-packages/airflow/example_dags/example_skip_dag.py for tasks to queue
[2023-05-06T23:27:36.962+0000] {logging_mixin.py:149} INFO - [2023-05-06T23:27:36.961+0000] {dagbag.py:541} INFO - Filling up the DagBag from /home/airflow/.local/lib/python3.7/site-packages/airflow/example_dags/example_skip_dag.py
[2023-05-06T23:27:36.967+0000] {processor.py:809} INFO - DAG(s) dict_keys(['example_skip_dag']) retrieved from /home/airflow/.local/lib/python3.7/site-packages/airflow/example_dags/example_skip_dag.py
[2023-05-06T23:27:36.987+0000] {logging_mixin.py:149} INFO - [2023-05-06T23:27:36.987+0000] {dag.py:2726} INFO - Sync 1 DAGs
[2023-05-06T23:27:37.010+0000] {logging_mixin.py:149} INFO - [2023-05-06T23:27:37.010+0000] {dag.py:3490} INFO - Setting next_dagrun for example_skip_dag to 2023-05-05T23:27:37.009895+00:00, run_after=2023-05-06T23:27:37.009895+00:00
[2023-05-06T23:27:37.028+0000] {processor.py:178} INFO - Processing /home/airflow/.local/lib/python3.7/site-packages/airflow/example_dags/example_skip_dag.py took 0.070 seconds
[2023-05-06T23:28:07.287+0000] {processor.py:156} INFO - Started process (PID=405) to work on /home/airflow/.local/lib/python3.7/site-packages/airflow/example_dags/example_skip_dag.py
[2023-05-06T23:28:07.288+0000] {processor.py:799} INFO - Processing file /home/airflow/.local/lib/python3.7/site-packages/airflow/example_dags/example_skip_dag.py for tasks to queue
[2023-05-06T23:28:07.288+0000] {logging_mixin.py:149} INFO - [2023-05-06T23:28:07.288+0000] {dagbag.py:541} INFO - Filling up the DagBag from /home/airflow/.local/lib/python3.7/site-packages/airflow/example_dags/example_skip_dag.py
[2023-05-06T23:28:07.293+0000] {processor.py:809} INFO - DAG(s) dict_keys(['example_skip_dag']) retrieved from /home/airflow/.local/lib/python3.7/site-packages/airflow/example_dags/example_skip_dag.py
[2023-05-06T23:28:07.313+0000] {logging_mixin.py:149} INFO - [2023-05-06T23:28:07.313+0000] {dag.py:2726} INFO - Sync 1 DAGs
[2023-05-06T23:28:07.335+0000] {logging_mixin.py:149} INFO - [2023-05-06T23:28:07.335+0000] {dag.py:3490} INFO - Setting next_dagrun for example_skip_dag to 2023-05-05T23:28:07.335196+00:00, run_after=2023-05-06T23:28:07.335196+00:00
[2023-05-06T23:28:07.352+0000] {processor.py:178} INFO - Processing /home/airflow/.local/lib/python3.7/site-packages/airflow/example_dags/example_skip_dag.py took 0.067 seconds
[2023-05-06T23:28:37.661+0000] {processor.py:156} INFO - Started process (PID=463) to work on /home/airflow/.local/lib/python3.7/site-packages/airflow/example_dags/example_skip_dag.py
[2023-05-06T23:28:37.662+0000] {processor.py:799} INFO - Processing file /home/airflow/.local/lib/python3.7/site-packages/airflow/example_dags/example_skip_dag.py for tasks to queue
[2023-05-06T23:28:37.662+0000] {logging_mixin.py:149} INFO - [2023-05-06T23:28:37.662+0000] {dagbag.py:541} INFO - Filling up the DagBag from /home/airflow/.local/lib/python3.7/site-packages/airflow/example_dags/example_skip_dag.py
[2023-05-06T23:28:37.667+0000] {processor.py:809} INFO - DAG(s) dict_keys(['example_skip_dag']) retrieved from /home/airflow/.local/lib/python3.7/site-packages/airflow/example_dags/example_skip_dag.py
[2023-05-06T23:28:37.688+0000] {logging_mixin.py:149} INFO - [2023-05-06T23:28:37.688+0000] {dag.py:2726} INFO - Sync 1 DAGs
[2023-05-06T23:28:37.712+0000] {logging_mixin.py:149} INFO - [2023-05-06T23:28:37.712+0000] {dag.py:3490} INFO - Setting next_dagrun for example_skip_dag to 2023-05-05T23:28:37.712037+00:00, run_after=2023-05-06T23:28:37.712037+00:00
[2023-05-06T23:28:37.731+0000] {processor.py:178} INFO - Processing /home/airflow/.local/lib/python3.7/site-packages/airflow/example_dags/example_skip_dag.py took 0.073 seconds
[2023-05-06T23:29:08.154+0000] {processor.py:156} INFO - Started process (PID=522) to work on /home/airflow/.local/lib/python3.7/site-packages/airflow/example_dags/example_skip_dag.py
[2023-05-06T23:29:08.154+0000] {processor.py:799} INFO - Processing file /home/airflow/.local/lib/python3.7/site-packages/airflow/example_dags/example_skip_dag.py for tasks to queue
[2023-05-06T23:29:08.155+0000] {logging_mixin.py:149} INFO - [2023-05-06T23:29:08.155+0000] {dagbag.py:541} INFO - Filling up the DagBag from /home/airflow/.local/lib/python3.7/site-packages/airflow/example_dags/example_skip_dag.py
[2023-05-06T23:29:08.160+0000] {processor.py:809} INFO - DAG(s) dict_keys(['example_skip_dag']) retrieved from /home/airflow/.local/lib/python3.7/site-packages/airflow/example_dags/example_skip_dag.py
[2023-05-06T23:29:08.183+0000] {logging_mixin.py:149} INFO - [2023-05-06T23:29:08.183+0000] {dag.py:2726} INFO - Sync 1 DAGs
[2023-05-06T23:29:08.207+0000] {logging_mixin.py:149} INFO - [2023-05-06T23:29:08.206+0000] {dag.py:3490} INFO - Setting next_dagrun for example_skip_dag to 2023-05-05T23:29:08.206821+00:00, run_after=2023-05-06T23:29:08.206821+00:00
[2023-05-06T23:29:08.226+0000] {processor.py:178} INFO - Processing /home/airflow/.local/lib/python3.7/site-packages/airflow/example_dags/example_skip_dag.py took 0.074 seconds
[2023-05-06T23:29:38.563+0000] {processor.py:156} INFO - Started process (PID=580) to work on /home/airflow/.local/lib/python3.7/site-packages/airflow/example_dags/example_skip_dag.py
[2023-05-06T23:29:38.564+0000] {processor.py:799} INFO - Processing file /home/airflow/.local/lib/python3.7/site-packages/airflow/example_dags/example_skip_dag.py for tasks to queue
[2023-05-06T23:29:38.564+0000] {logging_mixin.py:149} INFO - [2023-05-06T23:29:38.564+0000] {dagbag.py:541} INFO - Filling up the DagBag from /home/airflow/.local/lib/python3.7/site-packages/airflow/example_dags/example_skip_dag.py
[2023-05-06T23:29:38.569+0000] {processor.py:809} INFO - DAG(s) dict_keys(['example_skip_dag']) retrieved from /home/airflow/.local/lib/python3.7/site-packages/airflow/example_dags/example_skip_dag.py
[2023-05-06T23:29:38.589+0000] {logging_mixin.py:149} INFO - [2023-05-06T23:29:38.589+0000] {dag.py:2726} INFO - Sync 1 DAGs
[2023-05-06T23:29:38.613+0000] {logging_mixin.py:149} INFO - [2023-05-06T23:29:38.613+0000] {dag.py:3490} INFO - Setting next_dagrun for example_skip_dag to 2023-05-05T23:29:38.612845+00:00, run_after=2023-05-06T23:29:38.612845+00:00
[2023-05-06T23:29:38.632+0000] {processor.py:178} INFO - Processing /home/airflow/.local/lib/python3.7/site-packages/airflow/example_dags/example_skip_dag.py took 0.072 seconds
[2023-05-06T23:30:09.188+0000] {processor.py:156} INFO - Started process (PID=638) to work on /home/airflow/.local/lib/python3.7/site-packages/airflow/example_dags/example_skip_dag.py
[2023-05-06T23:30:09.189+0000] {processor.py:799} INFO - Processing file /home/airflow/.local/lib/python3.7/site-packages/airflow/example_dags/example_skip_dag.py for tasks to queue
[2023-05-06T23:30:09.189+0000] {logging_mixin.py:149} INFO - [2023-05-06T23:30:09.189+0000] {dagbag.py:541} INFO - Filling up the DagBag from /home/airflow/.local/lib/python3.7/site-packages/airflow/example_dags/example_skip_dag.py
[2023-05-06T23:30:09.194+0000] {processor.py:809} INFO - DAG(s) dict_keys(['example_skip_dag']) retrieved from /home/airflow/.local/lib/python3.7/site-packages/airflow/example_dags/example_skip_dag.py
[2023-05-06T23:30:09.214+0000] {logging_mixin.py:149} INFO - [2023-05-06T23:30:09.214+0000] {dag.py:2726} INFO - Sync 1 DAGs
[2023-05-06T23:30:09.239+0000] {logging_mixin.py:149} INFO - [2023-05-06T23:30:09.239+0000] {dag.py:3490} INFO - Setting next_dagrun for example_skip_dag to 2023-05-05T23:30:09.239389+00:00, run_after=2023-05-06T23:30:09.239389+00:00
[2023-05-06T23:30:09.256+0000] {processor.py:178} INFO - Processing /home/airflow/.local/lib/python3.7/site-packages/airflow/example_dags/example_skip_dag.py took 0.071 seconds
[2023-05-06T23:30:39.448+0000] {processor.py:156} INFO - Started process (PID=696) to work on /home/airflow/.local/lib/python3.7/site-packages/airflow/example_dags/example_skip_dag.py
[2023-05-06T23:30:39.449+0000] {processor.py:799} INFO - Processing file /home/airflow/.local/lib/python3.7/site-packages/airflow/example_dags/example_skip_dag.py for tasks to queue
[2023-05-06T23:30:39.450+0000] {logging_mixin.py:149} INFO - [2023-05-06T23:30:39.450+0000] {dagbag.py:541} INFO - Filling up the DagBag from /home/airflow/.local/lib/python3.7/site-packages/airflow/example_dags/example_skip_dag.py
[2023-05-06T23:30:39.456+0000] {processor.py:809} INFO - DAG(s) dict_keys(['example_skip_dag']) retrieved from /home/airflow/.local/lib/python3.7/site-packages/airflow/example_dags/example_skip_dag.py
[2023-05-06T23:30:39.476+0000] {logging_mixin.py:149} INFO - [2023-05-06T23:30:39.476+0000] {dag.py:2726} INFO - Sync 1 DAGs
[2023-05-06T23:30:39.502+0000] {logging_mixin.py:149} INFO - [2023-05-06T23:30:39.501+0000] {dag.py:3490} INFO - Setting next_dagrun for example_skip_dag to 2023-05-05T23:30:39.501682+00:00, run_after=2023-05-06T23:30:39.501682+00:00
[2023-05-06T23:30:39.522+0000] {processor.py:178} INFO - Processing /home/airflow/.local/lib/python3.7/site-packages/airflow/example_dags/example_skip_dag.py took 0.077 seconds
[2023-05-06T23:31:09.931+0000] {processor.py:156} INFO - Started process (PID=753) to work on /home/airflow/.local/lib/python3.7/site-packages/airflow/example_dags/example_skip_dag.py
[2023-05-06T23:31:09.932+0000] {processor.py:799} INFO - Processing file /home/airflow/.local/lib/python3.7/site-packages/airflow/example_dags/example_skip_dag.py for tasks to queue
[2023-05-06T23:31:09.933+0000] {logging_mixin.py:149} INFO - [2023-05-06T23:31:09.932+0000] {dagbag.py:541} INFO - Filling up the DagBag from /home/airflow/.local/lib/python3.7/site-packages/airflow/example_dags/example_skip_dag.py
[2023-05-06T23:31:09.944+0000] {processor.py:809} INFO - DAG(s) dict_keys(['example_skip_dag']) retrieved from /home/airflow/.local/lib/python3.7/site-packages/airflow/example_dags/example_skip_dag.py
[2023-05-06T23:31:09.967+0000] {logging_mixin.py:149} INFO - [2023-05-06T23:31:09.967+0000] {dag.py:2726} INFO - Sync 1 DAGs
[2023-05-06T23:31:09.990+0000] {logging_mixin.py:149} INFO - [2023-05-06T23:31:09.990+0000] {dag.py:3490} INFO - Setting next_dagrun for example_skip_dag to 2023-05-05T23:31:09.990494+00:00, run_after=2023-05-06T23:31:09.990494+00:00
[2023-05-06T23:31:10.008+0000] {processor.py:178} INFO - Processing /home/airflow/.local/lib/python3.7/site-packages/airflow/example_dags/example_skip_dag.py took 0.081 seconds
[2023-05-06T23:31:40.266+0000] {processor.py:156} INFO - Started process (PID=811) to work on /home/airflow/.local/lib/python3.7/site-packages/airflow/example_dags/example_skip_dag.py
[2023-05-06T23:31:40.267+0000] {processor.py:799} INFO - Processing file /home/airflow/.local/lib/python3.7/site-packages/airflow/example_dags/example_skip_dag.py for tasks to queue
[2023-05-06T23:31:40.267+0000] {logging_mixin.py:149} INFO - [2023-05-06T23:31:40.267+0000] {dagbag.py:541} INFO - Filling up the DagBag from /home/airflow/.local/lib/python3.7/site-packages/airflow/example_dags/example_skip_dag.py
[2023-05-06T23:31:40.273+0000] {processor.py:809} INFO - DAG(s) dict_keys(['example_skip_dag']) retrieved from /home/airflow/.local/lib/python3.7/site-packages/airflow/example_dags/example_skip_dag.py
[2023-05-06T23:31:40.294+0000] {logging_mixin.py:149} INFO - [2023-05-06T23:31:40.294+0000] {dag.py:2726} INFO - Sync 1 DAGs
[2023-05-06T23:31:40.320+0000] {logging_mixin.py:149} INFO - [2023-05-06T23:31:40.320+0000] {dag.py:3490} INFO - Setting next_dagrun for example_skip_dag to 2023-05-05T23:31:40.320355+00:00, run_after=2023-05-06T23:31:40.320355+00:00
[2023-05-06T23:31:40.340+0000] {processor.py:178} INFO - Processing /home/airflow/.local/lib/python3.7/site-packages/airflow/example_dags/example_skip_dag.py took 0.077 seconds
[2023-05-06T23:32:10.837+0000] {processor.py:156} INFO - Started process (PID=869) to work on /home/airflow/.local/lib/python3.7/site-packages/airflow/example_dags/example_skip_dag.py
[2023-05-06T23:32:10.837+0000] {processor.py:799} INFO - Processing file /home/airflow/.local/lib/python3.7/site-packages/airflow/example_dags/example_skip_dag.py for tasks to queue
[2023-05-06T23:32:10.838+0000] {logging_mixin.py:149} INFO - [2023-05-06T23:32:10.838+0000] {dagbag.py:541} INFO - Filling up the DagBag from /home/airflow/.local/lib/python3.7/site-packages/airflow/example_dags/example_skip_dag.py
[2023-05-06T23:32:10.843+0000] {processor.py:809} INFO - DAG(s) dict_keys(['example_skip_dag']) retrieved from /home/airflow/.local/lib/python3.7/site-packages/airflow/example_dags/example_skip_dag.py
[2023-05-06T23:32:10.864+0000] {logging_mixin.py:149} INFO - [2023-05-06T23:32:10.864+0000] {dag.py:2726} INFO - Sync 1 DAGs
[2023-05-06T23:32:10.886+0000] {logging_mixin.py:149} INFO - [2023-05-06T23:32:10.886+0000] {dag.py:3490} INFO - Setting next_dagrun for example_skip_dag to 2023-05-05T23:32:10.886244+00:00, run_after=2023-05-06T23:32:10.886244+00:00
[2023-05-06T23:32:10.904+0000] {processor.py:178} INFO - Processing /home/airflow/.local/lib/python3.7/site-packages/airflow/example_dags/example_skip_dag.py took 0.070 seconds
[2023-05-06T23:32:41.209+0000] {processor.py:156} INFO - Started process (PID=927) to work on /home/airflow/.local/lib/python3.7/site-packages/airflow/example_dags/example_skip_dag.py
[2023-05-06T23:32:41.210+0000] {processor.py:799} INFO - Processing file /home/airflow/.local/lib/python3.7/site-packages/airflow/example_dags/example_skip_dag.py for tasks to queue
[2023-05-06T23:32:41.210+0000] {logging_mixin.py:149} INFO - [2023-05-06T23:32:41.210+0000] {dagbag.py:541} INFO - Filling up the DagBag from /home/airflow/.local/lib/python3.7/site-packages/airflow/example_dags/example_skip_dag.py
[2023-05-06T23:32:41.216+0000] {processor.py:809} INFO - DAG(s) dict_keys(['example_skip_dag']) retrieved from /home/airflow/.local/lib/python3.7/site-packages/airflow/example_dags/example_skip_dag.py
[2023-05-06T23:32:41.238+0000] {logging_mixin.py:149} INFO - [2023-05-06T23:32:41.238+0000] {dag.py:2726} INFO - Sync 1 DAGs
[2023-05-06T23:32:41.264+0000] {logging_mixin.py:149} INFO - [2023-05-06T23:32:41.264+0000] {dag.py:3490} INFO - Setting next_dagrun for example_skip_dag to 2023-05-05T23:32:41.263999+00:00, run_after=2023-05-06T23:32:41.263999+00:00
[2023-05-06T23:32:41.284+0000] {processor.py:178} INFO - Processing /home/airflow/.local/lib/python3.7/site-packages/airflow/example_dags/example_skip_dag.py took 0.078 seconds
[2023-05-06T23:33:11.638+0000] {processor.py:156} INFO - Started process (PID=985) to work on /home/airflow/.local/lib/python3.7/site-packages/airflow/example_dags/example_skip_dag.py
[2023-05-06T23:33:11.639+0000] {processor.py:799} INFO - Processing file /home/airflow/.local/lib/python3.7/site-packages/airflow/example_dags/example_skip_dag.py for tasks to queue
[2023-05-06T23:33:11.639+0000] {logging_mixin.py:149} INFO - [2023-05-06T23:33:11.639+0000] {dagbag.py:541} INFO - Filling up the DagBag from /home/airflow/.local/lib/python3.7/site-packages/airflow/example_dags/example_skip_dag.py
[2023-05-06T23:33:11.644+0000] {processor.py:809} INFO - DAG(s) dict_keys(['example_skip_dag']) retrieved from /home/airflow/.local/lib/python3.7/site-packages/airflow/example_dags/example_skip_dag.py
[2023-05-06T23:33:11.673+0000] {logging_mixin.py:149} INFO - [2023-05-06T23:33:11.673+0000] {dag.py:2726} INFO - Sync 1 DAGs
[2023-05-06T23:33:11.697+0000] {logging_mixin.py:149} INFO - [2023-05-06T23:33:11.697+0000] {dag.py:3490} INFO - Setting next_dagrun for example_skip_dag to 2023-05-05T23:33:11.696892+00:00, run_after=2023-05-06T23:33:11.696892+00:00
[2023-05-06T23:33:11.716+0000] {processor.py:178} INFO - Processing /home/airflow/.local/lib/python3.7/site-packages/airflow/example_dags/example_skip_dag.py took 0.080 seconds
[2023-05-06T23:33:42.003+0000] {processor.py:156} INFO - Started process (PID=1044) to work on /home/airflow/.local/lib/python3.7/site-packages/airflow/example_dags/example_skip_dag.py
[2023-05-06T23:33:42.003+0000] {processor.py:799} INFO - Processing file /home/airflow/.local/lib/python3.7/site-packages/airflow/example_dags/example_skip_dag.py for tasks to queue
[2023-05-06T23:33:42.004+0000] {logging_mixin.py:149} INFO - [2023-05-06T23:33:42.004+0000] {dagbag.py:541} INFO - Filling up the DagBag from /home/airflow/.local/lib/python3.7/site-packages/airflow/example_dags/example_skip_dag.py
[2023-05-06T23:33:42.009+0000] {processor.py:809} INFO - DAG(s) dict_keys(['example_skip_dag']) retrieved from /home/airflow/.local/lib/python3.7/site-packages/airflow/example_dags/example_skip_dag.py
[2023-05-06T23:33:42.029+0000] {logging_mixin.py:149} INFO - [2023-05-06T23:33:42.029+0000] {dag.py:2726} INFO - Sync 1 DAGs
[2023-05-06T23:33:42.051+0000] {logging_mixin.py:149} INFO - [2023-05-06T23:33:42.051+0000] {dag.py:3490} INFO - Setting next_dagrun for example_skip_dag to 2023-05-05T23:33:42.051574+00:00, run_after=2023-05-06T23:33:42.051574+00:00
[2023-05-06T23:33:42.071+0000] {processor.py:178} INFO - Processing /home/airflow/.local/lib/python3.7/site-packages/airflow/example_dags/example_skip_dag.py took 0.070 seconds
[2023-05-06T23:34:12.388+0000] {processor.py:156} INFO - Started process (PID=1102) to work on /home/airflow/.local/lib/python3.7/site-packages/airflow/example_dags/example_skip_dag.py
[2023-05-06T23:34:12.389+0000] {processor.py:799} INFO - Processing file /home/airflow/.local/lib/python3.7/site-packages/airflow/example_dags/example_skip_dag.py for tasks to queue
[2023-05-06T23:34:12.389+0000] {logging_mixin.py:149} INFO - [2023-05-06T23:34:12.389+0000] {dagbag.py:541} INFO - Filling up the DagBag from /home/airflow/.local/lib/python3.7/site-packages/airflow/example_dags/example_skip_dag.py
[2023-05-06T23:34:12.395+0000] {processor.py:809} INFO - DAG(s) dict_keys(['example_skip_dag']) retrieved from /home/airflow/.local/lib/python3.7/site-packages/airflow/example_dags/example_skip_dag.py
[2023-05-06T23:34:12.422+0000] {logging_mixin.py:149} INFO - [2023-05-06T23:34:12.422+0000] {dag.py:2726} INFO - Sync 1 DAGs
[2023-05-06T23:34:12.450+0000] {logging_mixin.py:149} INFO - [2023-05-06T23:34:12.450+0000] {dag.py:3490} INFO - Setting next_dagrun for example_skip_dag to 2023-05-05T23:34:12.450627+00:00, run_after=2023-05-06T23:34:12.450627+00:00
[2023-05-06T23:34:12.473+0000] {processor.py:178} INFO - Processing /home/airflow/.local/lib/python3.7/site-packages/airflow/example_dags/example_skip_dag.py took 0.087 seconds
[2023-05-06T23:34:42.899+0000] {processor.py:156} INFO - Started process (PID=1160) to work on /home/airflow/.local/lib/python3.7/site-packages/airflow/example_dags/example_skip_dag.py
[2023-05-06T23:34:42.899+0000] {processor.py:799} INFO - Processing file /home/airflow/.local/lib/python3.7/site-packages/airflow/example_dags/example_skip_dag.py for tasks to queue
[2023-05-06T23:34:42.899+0000] {logging_mixin.py:149} INFO - [2023-05-06T23:34:42.899+0000] {dagbag.py:541} INFO - Filling up the DagBag from /home/airflow/.local/lib/python3.7/site-packages/airflow/example_dags/example_skip_dag.py
[2023-05-06T23:34:42.904+0000] {processor.py:809} INFO - DAG(s) dict_keys(['example_skip_dag']) retrieved from /home/airflow/.local/lib/python3.7/site-packages/airflow/example_dags/example_skip_dag.py
[2023-05-06T23:34:42.924+0000] {logging_mixin.py:149} INFO - [2023-05-06T23:34:42.924+0000] {dag.py:2726} INFO - Sync 1 DAGs
[2023-05-06T23:34:42.947+0000] {logging_mixin.py:149} INFO - [2023-05-06T23:34:42.947+0000] {dag.py:3490} INFO - Setting next_dagrun for example_skip_dag to 2023-05-05T23:34:42.947302+00:00, run_after=2023-05-06T23:34:42.947302+00:00
[2023-05-06T23:34:42.965+0000] {processor.py:178} INFO - Processing /home/airflow/.local/lib/python3.7/site-packages/airflow/example_dags/example_skip_dag.py took 0.068 seconds
[2023-05-06T23:35:13.431+0000] {processor.py:156} INFO - Started process (PID=1218) to work on /home/airflow/.local/lib/python3.7/site-packages/airflow/example_dags/example_skip_dag.py
[2023-05-06T23:35:13.432+0000] {processor.py:799} INFO - Processing file /home/airflow/.local/lib/python3.7/site-packages/airflow/example_dags/example_skip_dag.py for tasks to queue
[2023-05-06T23:35:13.432+0000] {logging_mixin.py:149} INFO - [2023-05-06T23:35:13.432+0000] {dagbag.py:541} INFO - Filling up the DagBag from /home/airflow/.local/lib/python3.7/site-packages/airflow/example_dags/example_skip_dag.py
[2023-05-06T23:35:13.438+0000] {processor.py:809} INFO - DAG(s) dict_keys(['example_skip_dag']) retrieved from /home/airflow/.local/lib/python3.7/site-packages/airflow/example_dags/example_skip_dag.py
[2023-05-06T23:35:13.457+0000] {logging_mixin.py:149} INFO - [2023-05-06T23:35:13.456+0000] {dag.py:2726} INFO - Sync 1 DAGs
[2023-05-06T23:35:13.479+0000] {logging_mixin.py:149} INFO - [2023-05-06T23:35:13.479+0000] {dag.py:3490} INFO - Setting next_dagrun for example_skip_dag to 2023-05-05T23:35:13.479150+00:00, run_after=2023-05-06T23:35:13.479150+00:00
[2023-05-06T23:35:13.497+0000] {processor.py:178} INFO - Processing /home/airflow/.local/lib/python3.7/site-packages/airflow/example_dags/example_skip_dag.py took 0.068 seconds
[2023-05-06T23:35:43.958+0000] {processor.py:156} INFO - Started process (PID=1276) to work on /home/airflow/.local/lib/python3.7/site-packages/airflow/example_dags/example_skip_dag.py
[2023-05-06T23:35:43.959+0000] {processor.py:799} INFO - Processing file /home/airflow/.local/lib/python3.7/site-packages/airflow/example_dags/example_skip_dag.py for tasks to queue
[2023-05-06T23:35:43.959+0000] {logging_mixin.py:149} INFO - [2023-05-06T23:35:43.959+0000] {dagbag.py:541} INFO - Filling up the DagBag from /home/airflow/.local/lib/python3.7/site-packages/airflow/example_dags/example_skip_dag.py
[2023-05-06T23:35:43.964+0000] {processor.py:809} INFO - DAG(s) dict_keys(['example_skip_dag']) retrieved from /home/airflow/.local/lib/python3.7/site-packages/airflow/example_dags/example_skip_dag.py
[2023-05-06T23:35:43.985+0000] {logging_mixin.py:149} INFO - [2023-05-06T23:35:43.984+0000] {dag.py:2726} INFO - Sync 1 DAGs
[2023-05-06T23:35:44.007+0000] {logging_mixin.py:149} INFO - [2023-05-06T23:35:44.007+0000] {dag.py:3490} INFO - Setting next_dagrun for example_skip_dag to 2023-05-05T23:35:44.007052+00:00, run_after=2023-05-06T23:35:44.007052+00:00
[2023-05-06T23:35:44.024+0000] {processor.py:178} INFO - Processing /home/airflow/.local/lib/python3.7/site-packages/airflow/example_dags/example_skip_dag.py took 0.068 seconds
[2023-05-06T23:36:14.366+0000] {processor.py:156} INFO - Started process (PID=1334) to work on /home/airflow/.local/lib/python3.7/site-packages/airflow/example_dags/example_skip_dag.py
[2023-05-06T23:36:14.367+0000] {processor.py:799} INFO - Processing file /home/airflow/.local/lib/python3.7/site-packages/airflow/example_dags/example_skip_dag.py for tasks to queue
[2023-05-06T23:36:14.367+0000] {logging_mixin.py:149} INFO - [2023-05-06T23:36:14.367+0000] {dagbag.py:541} INFO - Filling up the DagBag from /home/airflow/.local/lib/python3.7/site-packages/airflow/example_dags/example_skip_dag.py
[2023-05-06T23:36:14.372+0000] {processor.py:809} INFO - DAG(s) dict_keys(['example_skip_dag']) retrieved from /home/airflow/.local/lib/python3.7/site-packages/airflow/example_dags/example_skip_dag.py
[2023-05-06T23:36:14.391+0000] {logging_mixin.py:149} INFO - [2023-05-06T23:36:14.391+0000] {dag.py:2726} INFO - Sync 1 DAGs
[2023-05-06T23:36:14.413+0000] {logging_mixin.py:149} INFO - [2023-05-06T23:36:14.413+0000] {dag.py:3490} INFO - Setting next_dagrun for example_skip_dag to 2023-05-05T23:36:14.413434+00:00, run_after=2023-05-06T23:36:14.413434+00:00
[2023-05-06T23:36:14.433+0000] {processor.py:178} INFO - Processing /home/airflow/.local/lib/python3.7/site-packages/airflow/example_dags/example_skip_dag.py took 0.069 seconds
[2023-05-06T23:36:44.913+0000] {processor.py:156} INFO - Started process (PID=1392) to work on /home/airflow/.local/lib/python3.7/site-packages/airflow/example_dags/example_skip_dag.py
[2023-05-06T23:36:44.914+0000] {processor.py:799} INFO - Processing file /home/airflow/.local/lib/python3.7/site-packages/airflow/example_dags/example_skip_dag.py for tasks to queue
[2023-05-06T23:36:44.914+0000] {logging_mixin.py:149} INFO - [2023-05-06T23:36:44.914+0000] {dagbag.py:541} INFO - Filling up the DagBag from /home/airflow/.local/lib/python3.7/site-packages/airflow/example_dags/example_skip_dag.py
[2023-05-06T23:36:44.920+0000] {processor.py:809} INFO - DAG(s) dict_keys(['example_skip_dag']) retrieved from /home/airflow/.local/lib/python3.7/site-packages/airflow/example_dags/example_skip_dag.py
[2023-05-06T23:36:44.955+0000] {logging_mixin.py:149} INFO - [2023-05-06T23:36:44.955+0000] {dag.py:2726} INFO - Sync 1 DAGs
[2023-05-06T23:36:44.987+0000] {logging_mixin.py:149} INFO - [2023-05-06T23:36:44.986+0000] {dag.py:3490} INFO - Setting next_dagrun for example_skip_dag to 2023-05-05T23:36:44.986727+00:00, run_after=2023-05-06T23:36:44.986727+00:00
[2023-05-06T23:36:45.005+0000] {processor.py:178} INFO - Processing /home/airflow/.local/lib/python3.7/site-packages/airflow/example_dags/example_skip_dag.py took 0.094 seconds
[2023-05-06T23:37:15.555+0000] {processor.py:156} INFO - Started process (PID=1450) to work on /home/airflow/.local/lib/python3.7/site-packages/airflow/example_dags/example_skip_dag.py
[2023-05-06T23:37:15.556+0000] {processor.py:799} INFO - Processing file /home/airflow/.local/lib/python3.7/site-packages/airflow/example_dags/example_skip_dag.py for tasks to queue
[2023-05-06T23:37:15.556+0000] {logging_mixin.py:149} INFO - [2023-05-06T23:37:15.556+0000] {dagbag.py:541} INFO - Filling up the DagBag from /home/airflow/.local/lib/python3.7/site-packages/airflow/example_dags/example_skip_dag.py
[2023-05-06T23:37:15.561+0000] {processor.py:809} INFO - DAG(s) dict_keys(['example_skip_dag']) retrieved from /home/airflow/.local/lib/python3.7/site-packages/airflow/example_dags/example_skip_dag.py
[2023-05-06T23:37:15.581+0000] {logging_mixin.py:149} INFO - [2023-05-06T23:37:15.580+0000] {dag.py:2726} INFO - Sync 1 DAGs
[2023-05-06T23:37:15.604+0000] {logging_mixin.py:149} INFO - [2023-05-06T23:37:15.603+0000] {dag.py:3490} INFO - Setting next_dagrun for example_skip_dag to 2023-05-05T23:37:15.603763+00:00, run_after=2023-05-06T23:37:15.603763+00:00
[2023-05-06T23:37:15.621+0000] {processor.py:178} INFO - Processing /home/airflow/.local/lib/python3.7/site-packages/airflow/example_dags/example_skip_dag.py took 0.068 seconds
[2023-05-06T23:37:46.157+0000] {processor.py:156} INFO - Started process (PID=1508) to work on /home/airflow/.local/lib/python3.7/site-packages/airflow/example_dags/example_skip_dag.py
[2023-05-06T23:37:46.159+0000] {processor.py:799} INFO - Processing file /home/airflow/.local/lib/python3.7/site-packages/airflow/example_dags/example_skip_dag.py for tasks to queue
[2023-05-06T23:37:46.160+0000] {logging_mixin.py:149} INFO - [2023-05-06T23:37:46.159+0000] {dagbag.py:541} INFO - Filling up the DagBag from /home/airflow/.local/lib/python3.7/site-packages/airflow/example_dags/example_skip_dag.py
[2023-05-06T23:37:46.171+0000] {processor.py:809} INFO - DAG(s) dict_keys(['example_skip_dag']) retrieved from /home/airflow/.local/lib/python3.7/site-packages/airflow/example_dags/example_skip_dag.py
[2023-05-06T23:37:46.192+0000] {logging_mixin.py:149} INFO - [2023-05-06T23:37:46.192+0000] {dag.py:2726} INFO - Sync 1 DAGs
[2023-05-06T23:37:46.214+0000] {logging_mixin.py:149} INFO - [2023-05-06T23:37:46.214+0000] {dag.py:3490} INFO - Setting next_dagrun for example_skip_dag to 2023-05-05T23:37:46.214134+00:00, run_after=2023-05-06T23:37:46.214134+00:00
[2023-05-06T23:37:46.231+0000] {processor.py:178} INFO - Processing /home/airflow/.local/lib/python3.7/site-packages/airflow/example_dags/example_skip_dag.py took 0.078 seconds
[2023-05-06T23:38:16.862+0000] {processor.py:156} INFO - Started process (PID=1566) to work on /home/airflow/.local/lib/python3.7/site-packages/airflow/example_dags/example_skip_dag.py
[2023-05-06T23:38:16.863+0000] {processor.py:799} INFO - Processing file /home/airflow/.local/lib/python3.7/site-packages/airflow/example_dags/example_skip_dag.py for tasks to queue
[2023-05-06T23:38:16.864+0000] {logging_mixin.py:149} INFO - [2023-05-06T23:38:16.864+0000] {dagbag.py:541} INFO - Filling up the DagBag from /home/airflow/.local/lib/python3.7/site-packages/airflow/example_dags/example_skip_dag.py
[2023-05-06T23:38:16.875+0000] {processor.py:809} INFO - DAG(s) dict_keys(['example_skip_dag']) retrieved from /home/airflow/.local/lib/python3.7/site-packages/airflow/example_dags/example_skip_dag.py
[2023-05-06T23:38:16.902+0000] {logging_mixin.py:149} INFO - [2023-05-06T23:38:16.902+0000] {dag.py:2726} INFO - Sync 1 DAGs
[2023-05-06T23:38:16.935+0000] {logging_mixin.py:149} INFO - [2023-05-06T23:38:16.935+0000] {dag.py:3490} INFO - Setting next_dagrun for example_skip_dag to 2023-05-05T23:38:16.935199+00:00, run_after=2023-05-06T23:38:16.935199+00:00
[2023-05-06T23:38:16.952+0000] {processor.py:178} INFO - Processing /home/airflow/.local/lib/python3.7/site-packages/airflow/example_dags/example_skip_dag.py took 0.095 seconds
[2023-05-06T23:38:47.066+0000] {processor.py:156} INFO - Started process (PID=1624) to work on /home/airflow/.local/lib/python3.7/site-packages/airflow/example_dags/example_skip_dag.py
[2023-05-06T23:38:47.067+0000] {processor.py:799} INFO - Processing file /home/airflow/.local/lib/python3.7/site-packages/airflow/example_dags/example_skip_dag.py for tasks to queue
[2023-05-06T23:38:47.067+0000] {logging_mixin.py:149} INFO - [2023-05-06T23:38:47.067+0000] {dagbag.py:541} INFO - Filling up the DagBag from /home/airflow/.local/lib/python3.7/site-packages/airflow/example_dags/example_skip_dag.py
[2023-05-06T23:38:47.072+0000] {processor.py:809} INFO - DAG(s) dict_keys(['example_skip_dag']) retrieved from /home/airflow/.local/lib/python3.7/site-packages/airflow/example_dags/example_skip_dag.py
[2023-05-06T23:38:47.111+0000] {logging_mixin.py:149} INFO - [2023-05-06T23:38:47.111+0000] {dag.py:2726} INFO - Sync 1 DAGs
[2023-05-06T23:38:47.141+0000] {logging_mixin.py:149} INFO - [2023-05-06T23:38:47.141+0000] {dag.py:3490} INFO - Setting next_dagrun for example_skip_dag to 2023-05-05T23:38:47.141022+00:00, run_after=2023-05-06T23:38:47.141022+00:00
[2023-05-06T23:38:47.158+0000] {processor.py:178} INFO - Processing /home/airflow/.local/lib/python3.7/site-packages/airflow/example_dags/example_skip_dag.py took 0.094 seconds
[2023-05-06T23:39:17.971+0000] {processor.py:156} INFO - Started process (PID=1682) to work on /home/airflow/.local/lib/python3.7/site-packages/airflow/example_dags/example_skip_dag.py
[2023-05-06T23:39:17.971+0000] {processor.py:799} INFO - Processing file /home/airflow/.local/lib/python3.7/site-packages/airflow/example_dags/example_skip_dag.py for tasks to queue
[2023-05-06T23:39:17.972+0000] {logging_mixin.py:149} INFO - [2023-05-06T23:39:17.972+0000] {dagbag.py:541} INFO - Filling up the DagBag from /home/airflow/.local/lib/python3.7/site-packages/airflow/example_dags/example_skip_dag.py
[2023-05-06T23:39:17.977+0000] {processor.py:809} INFO - DAG(s) dict_keys(['example_skip_dag']) retrieved from /home/airflow/.local/lib/python3.7/site-packages/airflow/example_dags/example_skip_dag.py
[2023-05-06T23:39:18.001+0000] {logging_mixin.py:149} INFO - [2023-05-06T23:39:18.001+0000] {dag.py:2726} INFO - Sync 1 DAGs
[2023-05-06T23:39:18.024+0000] {logging_mixin.py:149} INFO - [2023-05-06T23:39:18.024+0000] {dag.py:3490} INFO - Setting next_dagrun for example_skip_dag to 2023-05-05T23:39:18.024224+00:00, run_after=2023-05-06T23:39:18.024224+00:00
[2023-05-06T23:39:18.042+0000] {processor.py:178} INFO - Processing /home/airflow/.local/lib/python3.7/site-packages/airflow/example_dags/example_skip_dag.py took 0.074 seconds
[2023-05-06T23:39:48.295+0000] {processor.py:156} INFO - Started process (PID=1741) to work on /home/airflow/.local/lib/python3.7/site-packages/airflow/example_dags/example_skip_dag.py
[2023-05-06T23:39:48.296+0000] {processor.py:799} INFO - Processing file /home/airflow/.local/lib/python3.7/site-packages/airflow/example_dags/example_skip_dag.py for tasks to queue
[2023-05-06T23:39:48.296+0000] {logging_mixin.py:149} INFO - [2023-05-06T23:39:48.296+0000] {dagbag.py:541} INFO - Filling up the DagBag from /home/airflow/.local/lib/python3.7/site-packages/airflow/example_dags/example_skip_dag.py
[2023-05-06T23:39:48.301+0000] {processor.py:809} INFO - DAG(s) dict_keys(['example_skip_dag']) retrieved from /home/airflow/.local/lib/python3.7/site-packages/airflow/example_dags/example_skip_dag.py
[2023-05-06T23:39:48.320+0000] {logging_mixin.py:149} INFO - [2023-05-06T23:39:48.320+0000] {dag.py:2726} INFO - Sync 1 DAGs
[2023-05-06T23:39:48.343+0000] {logging_mixin.py:149} INFO - [2023-05-06T23:39:48.343+0000] {dag.py:3490} INFO - Setting next_dagrun for example_skip_dag to 2023-05-05T23:39:48.343449+00:00, run_after=2023-05-06T23:39:48.343449+00:00
[2023-05-06T23:39:48.360+0000] {processor.py:178} INFO - Processing /home/airflow/.local/lib/python3.7/site-packages/airflow/example_dags/example_skip_dag.py took 0.067 seconds
[2023-05-06T23:40:18.611+0000] {processor.py:156} INFO - Started process (PID=1799) to work on /home/airflow/.local/lib/python3.7/site-packages/airflow/example_dags/example_skip_dag.py
[2023-05-06T23:40:18.611+0000] {processor.py:799} INFO - Processing file /home/airflow/.local/lib/python3.7/site-packages/airflow/example_dags/example_skip_dag.py for tasks to queue
[2023-05-06T23:40:18.612+0000] {logging_mixin.py:149} INFO - [2023-05-06T23:40:18.612+0000] {dagbag.py:541} INFO - Filling up the DagBag from /home/airflow/.local/lib/python3.7/site-packages/airflow/example_dags/example_skip_dag.py
[2023-05-06T23:40:18.617+0000] {processor.py:809} INFO - DAG(s) dict_keys(['example_skip_dag']) retrieved from /home/airflow/.local/lib/python3.7/site-packages/airflow/example_dags/example_skip_dag.py
[2023-05-06T23:40:18.640+0000] {logging_mixin.py:149} INFO - [2023-05-06T23:40:18.640+0000] {dag.py:2726} INFO - Sync 1 DAGs
[2023-05-06T23:40:18.664+0000] {logging_mixin.py:149} INFO - [2023-05-06T23:40:18.664+0000] {dag.py:3490} INFO - Setting next_dagrun for example_skip_dag to 2023-05-05T23:40:18.664471+00:00, run_after=2023-05-06T23:40:18.664471+00:00
[2023-05-06T23:40:18.683+0000] {processor.py:178} INFO - Processing /home/airflow/.local/lib/python3.7/site-packages/airflow/example_dags/example_skip_dag.py took 0.074 seconds
[2023-05-06T23:40:48.939+0000] {processor.py:156} INFO - Started process (PID=1858) to work on /home/airflow/.local/lib/python3.7/site-packages/airflow/example_dags/example_skip_dag.py
[2023-05-06T23:40:48.940+0000] {processor.py:799} INFO - Processing file /home/airflow/.local/lib/python3.7/site-packages/airflow/example_dags/example_skip_dag.py for tasks to queue
[2023-05-06T23:40:48.940+0000] {logging_mixin.py:149} INFO - [2023-05-06T23:40:48.940+0000] {dagbag.py:541} INFO - Filling up the DagBag from /home/airflow/.local/lib/python3.7/site-packages/airflow/example_dags/example_skip_dag.py
[2023-05-06T23:40:48.945+0000] {processor.py:809} INFO - DAG(s) dict_keys(['example_skip_dag']) retrieved from /home/airflow/.local/lib/python3.7/site-packages/airflow/example_dags/example_skip_dag.py
[2023-05-06T23:40:48.968+0000] {logging_mixin.py:149} INFO - [2023-05-06T23:40:48.968+0000] {dag.py:2726} INFO - Sync 1 DAGs
[2023-05-06T23:40:48.994+0000] {logging_mixin.py:149} INFO - [2023-05-06T23:40:48.993+0000] {dag.py:3490} INFO - Setting next_dagrun for example_skip_dag to 2023-05-05T23:40:48.993782+00:00, run_after=2023-05-06T23:40:48.993782+00:00
[2023-05-06T23:40:49.016+0000] {processor.py:178} INFO - Processing /home/airflow/.local/lib/python3.7/site-packages/airflow/example_dags/example_skip_dag.py took 0.078 seconds
[2023-05-06T23:41:19.279+0000] {processor.py:156} INFO - Started process (PID=1916) to work on /home/airflow/.local/lib/python3.7/site-packages/airflow/example_dags/example_skip_dag.py
[2023-05-06T23:41:19.280+0000] {processor.py:799} INFO - Processing file /home/airflow/.local/lib/python3.7/site-packages/airflow/example_dags/example_skip_dag.py for tasks to queue
[2023-05-06T23:41:19.280+0000] {logging_mixin.py:149} INFO - [2023-05-06T23:41:19.280+0000] {dagbag.py:541} INFO - Filling up the DagBag from /home/airflow/.local/lib/python3.7/site-packages/airflow/example_dags/example_skip_dag.py
[2023-05-06T23:41:19.285+0000] {processor.py:809} INFO - DAG(s) dict_keys(['example_skip_dag']) retrieved from /home/airflow/.local/lib/python3.7/site-packages/airflow/example_dags/example_skip_dag.py
[2023-05-06T23:41:19.309+0000] {logging_mixin.py:149} INFO - [2023-05-06T23:41:19.309+0000] {dag.py:2726} INFO - Sync 1 DAGs
[2023-05-06T23:41:19.333+0000] {logging_mixin.py:149} INFO - [2023-05-06T23:41:19.333+0000] {dag.py:3490} INFO - Setting next_dagrun for example_skip_dag to 2023-05-05T23:41:19.333569+00:00, run_after=2023-05-06T23:41:19.333569+00:00
[2023-05-06T23:41:19.352+0000] {processor.py:178} INFO - Processing /home/airflow/.local/lib/python3.7/site-packages/airflow/example_dags/example_skip_dag.py took 0.076 seconds
[2023-05-06T23:41:49.622+0000] {processor.py:156} INFO - Started process (PID=1974) to work on /home/airflow/.local/lib/python3.7/site-packages/airflow/example_dags/example_skip_dag.py
[2023-05-06T23:41:49.623+0000] {processor.py:799} INFO - Processing file /home/airflow/.local/lib/python3.7/site-packages/airflow/example_dags/example_skip_dag.py for tasks to queue
[2023-05-06T23:41:49.623+0000] {logging_mixin.py:149} INFO - [2023-05-06T23:41:49.623+0000] {dagbag.py:541} INFO - Filling up the DagBag from /home/airflow/.local/lib/python3.7/site-packages/airflow/example_dags/example_skip_dag.py
[2023-05-06T23:41:49.629+0000] {processor.py:809} INFO - DAG(s) dict_keys(['example_skip_dag']) retrieved from /home/airflow/.local/lib/python3.7/site-packages/airflow/example_dags/example_skip_dag.py
[2023-05-06T23:41:49.652+0000] {logging_mixin.py:149} INFO - [2023-05-06T23:41:49.652+0000] {dag.py:2726} INFO - Sync 1 DAGs
[2023-05-06T23:41:49.675+0000] {logging_mixin.py:149} INFO - [2023-05-06T23:41:49.675+0000] {dag.py:3490} INFO - Setting next_dagrun for example_skip_dag to 2023-05-05T23:41:49.675058+00:00, run_after=2023-05-06T23:41:49.675058+00:00
[2023-05-06T23:41:49.690+0000] {processor.py:178} INFO - Processing /home/airflow/.local/lib/python3.7/site-packages/airflow/example_dags/example_skip_dag.py took 0.071 seconds
[2023-05-06T23:42:19.888+0000] {processor.py:156} INFO - Started process (PID=2032) to work on /home/airflow/.local/lib/python3.7/site-packages/airflow/example_dags/example_skip_dag.py
[2023-05-06T23:42:19.889+0000] {processor.py:799} INFO - Processing file /home/airflow/.local/lib/python3.7/site-packages/airflow/example_dags/example_skip_dag.py for tasks to queue
[2023-05-06T23:42:19.889+0000] {logging_mixin.py:149} INFO - [2023-05-06T23:42:19.889+0000] {dagbag.py:541} INFO - Filling up the DagBag from /home/airflow/.local/lib/python3.7/site-packages/airflow/example_dags/example_skip_dag.py
[2023-05-06T23:42:19.894+0000] {processor.py:809} INFO - DAG(s) dict_keys(['example_skip_dag']) retrieved from /home/airflow/.local/lib/python3.7/site-packages/airflow/example_dags/example_skip_dag.py
[2023-05-06T23:42:19.919+0000] {logging_mixin.py:149} INFO - [2023-05-06T23:42:19.919+0000] {dag.py:2726} INFO - Sync 1 DAGs
[2023-05-06T23:42:19.943+0000] {logging_mixin.py:149} INFO - [2023-05-06T23:42:19.943+0000] {dag.py:3490} INFO - Setting next_dagrun for example_skip_dag to 2023-05-05T23:42:19.942865+00:00, run_after=2023-05-06T23:42:19.942865+00:00
[2023-05-06T23:42:19.961+0000] {processor.py:178} INFO - Processing /home/airflow/.local/lib/python3.7/site-packages/airflow/example_dags/example_skip_dag.py took 0.074 seconds
[2023-05-06T23:42:50.405+0000] {processor.py:156} INFO - Started process (PID=2090) to work on /home/airflow/.local/lib/python3.7/site-packages/airflow/example_dags/example_skip_dag.py
[2023-05-06T23:42:50.406+0000] {processor.py:799} INFO - Processing file /home/airflow/.local/lib/python3.7/site-packages/airflow/example_dags/example_skip_dag.py for tasks to queue
[2023-05-06T23:42:50.406+0000] {logging_mixin.py:149} INFO - [2023-05-06T23:42:50.406+0000] {dagbag.py:541} INFO - Filling up the DagBag from /home/airflow/.local/lib/python3.7/site-packages/airflow/example_dags/example_skip_dag.py
[2023-05-06T23:42:50.412+0000] {processor.py:809} INFO - DAG(s) dict_keys(['example_skip_dag']) retrieved from /home/airflow/.local/lib/python3.7/site-packages/airflow/example_dags/example_skip_dag.py
[2023-05-06T23:42:50.433+0000] {logging_mixin.py:149} INFO - [2023-05-06T23:42:50.433+0000] {dag.py:2726} INFO - Sync 1 DAGs
[2023-05-06T23:42:50.460+0000] {logging_mixin.py:149} INFO - [2023-05-06T23:42:50.459+0000] {dag.py:3490} INFO - Setting next_dagrun for example_skip_dag to 2023-05-05T23:42:50.459613+00:00, run_after=2023-05-06T23:42:50.459613+00:00
[2023-05-06T23:42:50.480+0000] {processor.py:178} INFO - Processing /home/airflow/.local/lib/python3.7/site-packages/airflow/example_dags/example_skip_dag.py took 0.077 seconds
[2023-05-06T23:43:20.822+0000] {processor.py:156} INFO - Started process (PID=2148) to work on /home/airflow/.local/lib/python3.7/site-packages/airflow/example_dags/example_skip_dag.py
[2023-05-06T23:43:20.823+0000] {processor.py:799} INFO - Processing file /home/airflow/.local/lib/python3.7/site-packages/airflow/example_dags/example_skip_dag.py for tasks to queue
[2023-05-06T23:43:20.823+0000] {logging_mixin.py:149} INFO - [2023-05-06T23:43:20.823+0000] {dagbag.py:541} INFO - Filling up the DagBag from /home/airflow/.local/lib/python3.7/site-packages/airflow/example_dags/example_skip_dag.py
[2023-05-06T23:43:20.828+0000] {processor.py:809} INFO - DAG(s) dict_keys(['example_skip_dag']) retrieved from /home/airflow/.local/lib/python3.7/site-packages/airflow/example_dags/example_skip_dag.py
[2023-05-06T23:43:20.848+0000] {logging_mixin.py:149} INFO - [2023-05-06T23:43:20.847+0000] {dag.py:2726} INFO - Sync 1 DAGs
[2023-05-06T23:43:20.871+0000] {logging_mixin.py:149} INFO - [2023-05-06T23:43:20.871+0000] {dag.py:3490} INFO - Setting next_dagrun for example_skip_dag to 2023-05-05T23:43:20.870974+00:00, run_after=2023-05-06T23:43:20.870974+00:00
[2023-05-06T23:43:20.892+0000] {processor.py:178} INFO - Processing /home/airflow/.local/lib/python3.7/site-packages/airflow/example_dags/example_skip_dag.py took 0.071 seconds
