[2023-05-06T23:25:03.212+0000] {processor.py:156} INFO - Started process (PID=57) to work on /home/airflow/.local/lib/python3.7/site-packages/airflow/example_dags/example_bash_operator.py
[2023-05-06T23:25:03.213+0000] {processor.py:799} INFO - Processing file /home/airflow/.local/lib/python3.7/site-packages/airflow/example_dags/example_bash_operator.py for tasks to queue
[2023-05-06T23:25:03.214+0000] {logging_mixin.py:149} INFO - [2023-05-06T23:25:03.214+0000] {dagbag.py:541} INFO - Filling up the DagBag from /home/airflow/.local/lib/python3.7/site-packages/airflow/example_dags/example_bash_operator.py
[2023-05-06T23:25:03.228+0000] {processor.py:809} INFO - DAG(s) dict_keys(['example_bash_operator']) retrieved from /home/airflow/.local/lib/python3.7/site-packages/airflow/example_dags/example_bash_operator.py
[2023-05-06T23:25:03.243+0000] {logging_mixin.py:149} INFO - [2023-05-06T23:25:03.243+0000] {dag.py:2726} INFO - Sync 1 DAGs
[2023-05-06T23:25:03.272+0000] {logging_mixin.py:149} INFO - [2023-05-06T23:25:03.272+0000] {dag.py:3490} INFO - Setting next_dagrun for example_bash_operator to 2023-05-05T00:00:00+00:00, run_after=2023-05-06T00:00:00+00:00
[2023-05-06T23:25:03.291+0000] {processor.py:178} INFO - Processing /home/airflow/.local/lib/python3.7/site-packages/airflow/example_dags/example_bash_operator.py took 0.081 seconds
[2023-05-06T23:25:34.236+0000] {processor.py:156} INFO - Started process (PID=115) to work on /home/airflow/.local/lib/python3.7/site-packages/airflow/example_dags/example_bash_operator.py
[2023-05-06T23:25:34.237+0000] {processor.py:799} INFO - Processing file /home/airflow/.local/lib/python3.7/site-packages/airflow/example_dags/example_bash_operator.py for tasks to queue
[2023-05-06T23:25:34.237+0000] {logging_mixin.py:149} INFO - [2023-05-06T23:25:34.237+0000] {dagbag.py:541} INFO - Filling up the DagBag from /home/airflow/.local/lib/python3.7/site-packages/airflow/example_dags/example_bash_operator.py
[2023-05-06T23:25:34.248+0000] {processor.py:809} INFO - DAG(s) dict_keys(['example_bash_operator']) retrieved from /home/airflow/.local/lib/python3.7/site-packages/airflow/example_dags/example_bash_operator.py
[2023-05-06T23:25:34.311+0000] {logging_mixin.py:149} INFO - [2023-05-06T23:25:34.311+0000] {dag.py:2726} INFO - Sync 1 DAGs
[2023-05-06T23:25:34.335+0000] {logging_mixin.py:149} INFO - [2023-05-06T23:25:34.335+0000] {dag.py:3490} INFO - Setting next_dagrun for example_bash_operator to 2023-05-05T00:00:00+00:00, run_after=2023-05-06T00:00:00+00:00
[2023-05-06T23:25:34.352+0000] {processor.py:178} INFO - Processing /home/airflow/.local/lib/python3.7/site-packages/airflow/example_dags/example_bash_operator.py took 0.118 seconds
[2023-05-06T23:26:05.253+0000] {processor.py:156} INFO - Started process (PID=173) to work on /home/airflow/.local/lib/python3.7/site-packages/airflow/example_dags/example_bash_operator.py
[2023-05-06T23:26:05.254+0000] {processor.py:799} INFO - Processing file /home/airflow/.local/lib/python3.7/site-packages/airflow/example_dags/example_bash_operator.py for tasks to queue
[2023-05-06T23:26:05.255+0000] {logging_mixin.py:149} INFO - [2023-05-06T23:26:05.255+0000] {dagbag.py:541} INFO - Filling up the DagBag from /home/airflow/.local/lib/python3.7/site-packages/airflow/example_dags/example_bash_operator.py
[2023-05-06T23:26:05.280+0000] {processor.py:809} INFO - DAG(s) dict_keys(['example_bash_operator']) retrieved from /home/airflow/.local/lib/python3.7/site-packages/airflow/example_dags/example_bash_operator.py
[2023-05-06T23:26:05.315+0000] {logging_mixin.py:149} INFO - [2023-05-06T23:26:05.315+0000] {dag.py:2726} INFO - Sync 1 DAGs
[2023-05-06T23:26:05.341+0000] {logging_mixin.py:149} INFO - [2023-05-06T23:26:05.340+0000] {dag.py:3490} INFO - Setting next_dagrun for example_bash_operator to 2023-05-05T00:00:00+00:00, run_after=2023-05-06T00:00:00+00:00
[2023-05-06T23:26:05.359+0000] {processor.py:178} INFO - Processing /home/airflow/.local/lib/python3.7/site-packages/airflow/example_dags/example_bash_operator.py took 0.111 seconds
[2023-05-06T23:26:35.778+0000] {processor.py:156} INFO - Started process (PID=230) to work on /home/airflow/.local/lib/python3.7/site-packages/airflow/example_dags/example_bash_operator.py
[2023-05-06T23:26:35.779+0000] {processor.py:799} INFO - Processing file /home/airflow/.local/lib/python3.7/site-packages/airflow/example_dags/example_bash_operator.py for tasks to queue
[2023-05-06T23:26:35.779+0000] {logging_mixin.py:149} INFO - [2023-05-06T23:26:35.779+0000] {dagbag.py:541} INFO - Filling up the DagBag from /home/airflow/.local/lib/python3.7/site-packages/airflow/example_dags/example_bash_operator.py
[2023-05-06T23:26:35.789+0000] {processor.py:809} INFO - DAG(s) dict_keys(['example_bash_operator']) retrieved from /home/airflow/.local/lib/python3.7/site-packages/airflow/example_dags/example_bash_operator.py
[2023-05-06T23:26:35.819+0000] {logging_mixin.py:149} INFO - [2023-05-06T23:26:35.819+0000] {dag.py:2726} INFO - Sync 1 DAGs
[2023-05-06T23:26:35.843+0000] {logging_mixin.py:149} INFO - [2023-05-06T23:26:35.843+0000] {dag.py:3490} INFO - Setting next_dagrun for example_bash_operator to 2023-05-05T00:00:00+00:00, run_after=2023-05-06T00:00:00+00:00
[2023-05-06T23:26:35.860+0000] {processor.py:178} INFO - Processing /home/airflow/.local/lib/python3.7/site-packages/airflow/example_dags/example_bash_operator.py took 0.084 seconds
[2023-05-06T23:27:06.363+0000] {processor.py:156} INFO - Started process (PID=288) to work on /home/airflow/.local/lib/python3.7/site-packages/airflow/example_dags/example_bash_operator.py
[2023-05-06T23:27:06.364+0000] {processor.py:799} INFO - Processing file /home/airflow/.local/lib/python3.7/site-packages/airflow/example_dags/example_bash_operator.py for tasks to queue
[2023-05-06T23:27:06.364+0000] {logging_mixin.py:149} INFO - [2023-05-06T23:27:06.364+0000] {dagbag.py:541} INFO - Filling up the DagBag from /home/airflow/.local/lib/python3.7/site-packages/airflow/example_dags/example_bash_operator.py
[2023-05-06T23:27:06.375+0000] {processor.py:809} INFO - DAG(s) dict_keys(['example_bash_operator']) retrieved from /home/airflow/.local/lib/python3.7/site-packages/airflow/example_dags/example_bash_operator.py
[2023-05-06T23:27:06.406+0000] {logging_mixin.py:149} INFO - [2023-05-06T23:27:06.406+0000] {dag.py:2726} INFO - Sync 1 DAGs
[2023-05-06T23:27:06.430+0000] {logging_mixin.py:149} INFO - [2023-05-06T23:27:06.430+0000] {dag.py:3490} INFO - Setting next_dagrun for example_bash_operator to 2023-05-05T00:00:00+00:00, run_after=2023-05-06T00:00:00+00:00
[2023-05-06T23:27:06.447+0000] {processor.py:178} INFO - Processing /home/airflow/.local/lib/python3.7/site-packages/airflow/example_dags/example_bash_operator.py took 0.086 seconds
[2023-05-06T23:27:36.883+0000] {processor.py:156} INFO - Started process (PID=346) to work on /home/airflow/.local/lib/python3.7/site-packages/airflow/example_dags/example_bash_operator.py
[2023-05-06T23:27:36.884+0000] {processor.py:799} INFO - Processing file /home/airflow/.local/lib/python3.7/site-packages/airflow/example_dags/example_bash_operator.py for tasks to queue
[2023-05-06T23:27:36.884+0000] {logging_mixin.py:149} INFO - [2023-05-06T23:27:36.884+0000] {dagbag.py:541} INFO - Filling up the DagBag from /home/airflow/.local/lib/python3.7/site-packages/airflow/example_dags/example_bash_operator.py
[2023-05-06T23:27:36.895+0000] {processor.py:809} INFO - DAG(s) dict_keys(['example_bash_operator']) retrieved from /home/airflow/.local/lib/python3.7/site-packages/airflow/example_dags/example_bash_operator.py
[2023-05-06T23:27:36.927+0000] {logging_mixin.py:149} INFO - [2023-05-06T23:27:36.926+0000] {dag.py:2726} INFO - Sync 1 DAGs
[2023-05-06T23:27:36.951+0000] {logging_mixin.py:149} INFO - [2023-05-06T23:27:36.951+0000] {dag.py:3490} INFO - Setting next_dagrun for example_bash_operator to 2023-05-05T00:00:00+00:00, run_after=2023-05-06T00:00:00+00:00
[2023-05-06T23:27:36.970+0000] {processor.py:178} INFO - Processing /home/airflow/.local/lib/python3.7/site-packages/airflow/example_dags/example_bash_operator.py took 0.089 seconds
[2023-05-06T23:28:07.226+0000] {processor.py:156} INFO - Started process (PID=404) to work on /home/airflow/.local/lib/python3.7/site-packages/airflow/example_dags/example_bash_operator.py
[2023-05-06T23:28:07.227+0000] {processor.py:799} INFO - Processing file /home/airflow/.local/lib/python3.7/site-packages/airflow/example_dags/example_bash_operator.py for tasks to queue
[2023-05-06T23:28:07.227+0000] {logging_mixin.py:149} INFO - [2023-05-06T23:28:07.227+0000] {dagbag.py:541} INFO - Filling up the DagBag from /home/airflow/.local/lib/python3.7/site-packages/airflow/example_dags/example_bash_operator.py
[2023-05-06T23:28:07.238+0000] {processor.py:809} INFO - DAG(s) dict_keys(['example_bash_operator']) retrieved from /home/airflow/.local/lib/python3.7/site-packages/airflow/example_dags/example_bash_operator.py
[2023-05-06T23:28:07.269+0000] {logging_mixin.py:149} INFO - [2023-05-06T23:28:07.268+0000] {dag.py:2726} INFO - Sync 1 DAGs
[2023-05-06T23:28:07.294+0000] {logging_mixin.py:149} INFO - [2023-05-06T23:28:07.294+0000] {dag.py:3490} INFO - Setting next_dagrun for example_bash_operator to 2023-05-05T00:00:00+00:00, run_after=2023-05-06T00:00:00+00:00
[2023-05-06T23:28:07.312+0000] {processor.py:178} INFO - Processing /home/airflow/.local/lib/python3.7/site-packages/airflow/example_dags/example_bash_operator.py took 0.088 seconds
[2023-05-06T23:28:37.587+0000] {processor.py:156} INFO - Started process (PID=462) to work on /home/airflow/.local/lib/python3.7/site-packages/airflow/example_dags/example_bash_operator.py
[2023-05-06T23:28:37.587+0000] {processor.py:799} INFO - Processing file /home/airflow/.local/lib/python3.7/site-packages/airflow/example_dags/example_bash_operator.py for tasks to queue
[2023-05-06T23:28:37.588+0000] {logging_mixin.py:149} INFO - [2023-05-06T23:28:37.588+0000] {dagbag.py:541} INFO - Filling up the DagBag from /home/airflow/.local/lib/python3.7/site-packages/airflow/example_dags/example_bash_operator.py
[2023-05-06T23:28:37.598+0000] {processor.py:809} INFO - DAG(s) dict_keys(['example_bash_operator']) retrieved from /home/airflow/.local/lib/python3.7/site-packages/airflow/example_dags/example_bash_operator.py
[2023-05-06T23:28:37.631+0000] {logging_mixin.py:149} INFO - [2023-05-06T23:28:37.631+0000] {dag.py:2726} INFO - Sync 1 DAGs
[2023-05-06T23:28:37.655+0000] {logging_mixin.py:149} INFO - [2023-05-06T23:28:37.655+0000] {dag.py:3490} INFO - Setting next_dagrun for example_bash_operator to 2023-05-05T00:00:00+00:00, run_after=2023-05-06T00:00:00+00:00
[2023-05-06T23:28:37.673+0000] {processor.py:178} INFO - Processing /home/airflow/.local/lib/python3.7/site-packages/airflow/example_dags/example_bash_operator.py took 0.088 seconds
[2023-05-06T23:29:08.089+0000] {processor.py:156} INFO - Started process (PID=521) to work on /home/airflow/.local/lib/python3.7/site-packages/airflow/example_dags/example_bash_operator.py
[2023-05-06T23:29:08.090+0000] {processor.py:799} INFO - Processing file /home/airflow/.local/lib/python3.7/site-packages/airflow/example_dags/example_bash_operator.py for tasks to queue
[2023-05-06T23:29:08.090+0000] {logging_mixin.py:149} INFO - [2023-05-06T23:29:08.090+0000] {dagbag.py:541} INFO - Filling up the DagBag from /home/airflow/.local/lib/python3.7/site-packages/airflow/example_dags/example_bash_operator.py
[2023-05-06T23:29:08.101+0000] {processor.py:809} INFO - DAG(s) dict_keys(['example_bash_operator']) retrieved from /home/airflow/.local/lib/python3.7/site-packages/airflow/example_dags/example_bash_operator.py
[2023-05-06T23:29:08.135+0000] {logging_mixin.py:149} INFO - [2023-05-06T23:29:08.135+0000] {dag.py:2726} INFO - Sync 1 DAGs
[2023-05-06T23:29:08.160+0000] {logging_mixin.py:149} INFO - [2023-05-06T23:29:08.160+0000] {dag.py:3490} INFO - Setting next_dagrun for example_bash_operator to 2023-05-05T00:00:00+00:00, run_after=2023-05-06T00:00:00+00:00
[2023-05-06T23:29:08.180+0000] {processor.py:178} INFO - Processing /home/airflow/.local/lib/python3.7/site-packages/airflow/example_dags/example_bash_operator.py took 0.093 seconds
[2023-05-06T23:29:38.499+0000] {processor.py:156} INFO - Started process (PID=579) to work on /home/airflow/.local/lib/python3.7/site-packages/airflow/example_dags/example_bash_operator.py
[2023-05-06T23:29:38.500+0000] {processor.py:799} INFO - Processing file /home/airflow/.local/lib/python3.7/site-packages/airflow/example_dags/example_bash_operator.py for tasks to queue
[2023-05-06T23:29:38.500+0000] {logging_mixin.py:149} INFO - [2023-05-06T23:29:38.500+0000] {dagbag.py:541} INFO - Filling up the DagBag from /home/airflow/.local/lib/python3.7/site-packages/airflow/example_dags/example_bash_operator.py
[2023-05-06T23:29:38.512+0000] {processor.py:809} INFO - DAG(s) dict_keys(['example_bash_operator']) retrieved from /home/airflow/.local/lib/python3.7/site-packages/airflow/example_dags/example_bash_operator.py
[2023-05-06T23:29:38.545+0000] {logging_mixin.py:149} INFO - [2023-05-06T23:29:38.545+0000] {dag.py:2726} INFO - Sync 1 DAGs
[2023-05-06T23:29:38.570+0000] {logging_mixin.py:149} INFO - [2023-05-06T23:29:38.569+0000] {dag.py:3490} INFO - Setting next_dagrun for example_bash_operator to 2023-05-05T00:00:00+00:00, run_after=2023-05-06T00:00:00+00:00
[2023-05-06T23:29:38.587+0000] {processor.py:178} INFO - Processing /home/airflow/.local/lib/python3.7/site-packages/airflow/example_dags/example_bash_operator.py took 0.090 seconds
[2023-05-06T23:30:09.126+0000] {processor.py:156} INFO - Started process (PID=637) to work on /home/airflow/.local/lib/python3.7/site-packages/airflow/example_dags/example_bash_operator.py
[2023-05-06T23:30:09.127+0000] {processor.py:799} INFO - Processing file /home/airflow/.local/lib/python3.7/site-packages/airflow/example_dags/example_bash_operator.py for tasks to queue
[2023-05-06T23:30:09.128+0000] {logging_mixin.py:149} INFO - [2023-05-06T23:30:09.128+0000] {dagbag.py:541} INFO - Filling up the DagBag from /home/airflow/.local/lib/python3.7/site-packages/airflow/example_dags/example_bash_operator.py
[2023-05-06T23:30:09.138+0000] {processor.py:809} INFO - DAG(s) dict_keys(['example_bash_operator']) retrieved from /home/airflow/.local/lib/python3.7/site-packages/airflow/example_dags/example_bash_operator.py
[2023-05-06T23:30:09.169+0000] {logging_mixin.py:149} INFO - [2023-05-06T23:30:09.169+0000] {dag.py:2726} INFO - Sync 1 DAGs
[2023-05-06T23:30:09.194+0000] {logging_mixin.py:149} INFO - [2023-05-06T23:30:09.194+0000] {dag.py:3490} INFO - Setting next_dagrun for example_bash_operator to 2023-05-05T00:00:00+00:00, run_after=2023-05-06T00:00:00+00:00
[2023-05-06T23:30:09.213+0000] {processor.py:178} INFO - Processing /home/airflow/.local/lib/python3.7/site-packages/airflow/example_dags/example_bash_operator.py took 0.088 seconds
[2023-05-06T23:30:39.408+0000] {processor.py:156} INFO - Started process (PID=695) to work on /home/airflow/.local/lib/python3.7/site-packages/airflow/example_dags/example_bash_operator.py
[2023-05-06T23:30:39.408+0000] {processor.py:799} INFO - Processing file /home/airflow/.local/lib/python3.7/site-packages/airflow/example_dags/example_bash_operator.py for tasks to queue
[2023-05-06T23:30:39.409+0000] {logging_mixin.py:149} INFO - [2023-05-06T23:30:39.409+0000] {dagbag.py:541} INFO - Filling up the DagBag from /home/airflow/.local/lib/python3.7/site-packages/airflow/example_dags/example_bash_operator.py
[2023-05-06T23:30:39.421+0000] {processor.py:809} INFO - DAG(s) dict_keys(['example_bash_operator']) retrieved from /home/airflow/.local/lib/python3.7/site-packages/airflow/example_dags/example_bash_operator.py
[2023-05-06T23:30:39.455+0000] {logging_mixin.py:149} INFO - [2023-05-06T23:30:39.455+0000] {dag.py:2726} INFO - Sync 1 DAGs
[2023-05-06T23:30:39.480+0000] {logging_mixin.py:149} INFO - [2023-05-06T23:30:39.480+0000] {dag.py:3490} INFO - Setting next_dagrun for example_bash_operator to 2023-05-05T00:00:00+00:00, run_after=2023-05-06T00:00:00+00:00
[2023-05-06T23:30:39.499+0000] {processor.py:178} INFO - Processing /home/airflow/.local/lib/python3.7/site-packages/airflow/example_dags/example_bash_operator.py took 0.094 seconds
[2023-05-06T23:31:09.866+0000] {processor.py:156} INFO - Started process (PID=752) to work on /home/airflow/.local/lib/python3.7/site-packages/airflow/example_dags/example_bash_operator.py
[2023-05-06T23:31:09.866+0000] {processor.py:799} INFO - Processing file /home/airflow/.local/lib/python3.7/site-packages/airflow/example_dags/example_bash_operator.py for tasks to queue
[2023-05-06T23:31:09.867+0000] {logging_mixin.py:149} INFO - [2023-05-06T23:31:09.867+0000] {dagbag.py:541} INFO - Filling up the DagBag from /home/airflow/.local/lib/python3.7/site-packages/airflow/example_dags/example_bash_operator.py
[2023-05-06T23:31:09.877+0000] {processor.py:809} INFO - DAG(s) dict_keys(['example_bash_operator']) retrieved from /home/airflow/.local/lib/python3.7/site-packages/airflow/example_dags/example_bash_operator.py
[2023-05-06T23:31:09.909+0000] {logging_mixin.py:149} INFO - [2023-05-06T23:31:09.909+0000] {dag.py:2726} INFO - Sync 1 DAGs
[2023-05-06T23:31:09.935+0000] {logging_mixin.py:149} INFO - [2023-05-06T23:31:09.934+0000] {dag.py:3490} INFO - Setting next_dagrun for example_bash_operator to 2023-05-05T00:00:00+00:00, run_after=2023-05-06T00:00:00+00:00
[2023-05-06T23:31:09.952+0000] {processor.py:178} INFO - Processing /home/airflow/.local/lib/python3.7/site-packages/airflow/example_dags/example_bash_operator.py took 0.089 seconds
[2023-05-06T23:31:40.212+0000] {processor.py:156} INFO - Started process (PID=810) to work on /home/airflow/.local/lib/python3.7/site-packages/airflow/example_dags/example_bash_operator.py
[2023-05-06T23:31:40.213+0000] {processor.py:799} INFO - Processing file /home/airflow/.local/lib/python3.7/site-packages/airflow/example_dags/example_bash_operator.py for tasks to queue
[2023-05-06T23:31:40.213+0000] {logging_mixin.py:149} INFO - [2023-05-06T23:31:40.213+0000] {dagbag.py:541} INFO - Filling up the DagBag from /home/airflow/.local/lib/python3.7/site-packages/airflow/example_dags/example_bash_operator.py
[2023-05-06T23:31:40.224+0000] {processor.py:809} INFO - DAG(s) dict_keys(['example_bash_operator']) retrieved from /home/airflow/.local/lib/python3.7/site-packages/airflow/example_dags/example_bash_operator.py
[2023-05-06T23:31:40.258+0000] {logging_mixin.py:149} INFO - [2023-05-06T23:31:40.257+0000] {dag.py:2726} INFO - Sync 1 DAGs
[2023-05-06T23:31:40.283+0000] {logging_mixin.py:149} INFO - [2023-05-06T23:31:40.283+0000] {dag.py:3490} INFO - Setting next_dagrun for example_bash_operator to 2023-05-05T00:00:00+00:00, run_after=2023-05-06T00:00:00+00:00
[2023-05-06T23:31:40.302+0000] {processor.py:178} INFO - Processing /home/airflow/.local/lib/python3.7/site-packages/airflow/example_dags/example_bash_operator.py took 0.092 seconds
[2023-05-06T23:32:10.803+0000] {processor.py:156} INFO - Started process (PID=868) to work on /home/airflow/.local/lib/python3.7/site-packages/airflow/example_dags/example_bash_operator.py
[2023-05-06T23:32:10.804+0000] {processor.py:799} INFO - Processing file /home/airflow/.local/lib/python3.7/site-packages/airflow/example_dags/example_bash_operator.py for tasks to queue
[2023-05-06T23:32:10.804+0000] {logging_mixin.py:149} INFO - [2023-05-06T23:32:10.804+0000] {dagbag.py:541} INFO - Filling up the DagBag from /home/airflow/.local/lib/python3.7/site-packages/airflow/example_dags/example_bash_operator.py
[2023-05-06T23:32:10.815+0000] {processor.py:809} INFO - DAG(s) dict_keys(['example_bash_operator']) retrieved from /home/airflow/.local/lib/python3.7/site-packages/airflow/example_dags/example_bash_operator.py
[2023-05-06T23:32:10.846+0000] {logging_mixin.py:149} INFO - [2023-05-06T23:32:10.846+0000] {dag.py:2726} INFO - Sync 1 DAGs
[2023-05-06T23:32:10.871+0000] {logging_mixin.py:149} INFO - [2023-05-06T23:32:10.871+0000] {dag.py:3490} INFO - Setting next_dagrun for example_bash_operator to 2023-05-05T00:00:00+00:00, run_after=2023-05-06T00:00:00+00:00
[2023-05-06T23:32:10.888+0000] {processor.py:178} INFO - Processing /home/airflow/.local/lib/python3.7/site-packages/airflow/example_dags/example_bash_operator.py took 0.087 seconds
[2023-05-06T23:32:41.152+0000] {processor.py:156} INFO - Started process (PID=926) to work on /home/airflow/.local/lib/python3.7/site-packages/airflow/example_dags/example_bash_operator.py
[2023-05-06T23:32:41.153+0000] {processor.py:799} INFO - Processing file /home/airflow/.local/lib/python3.7/site-packages/airflow/example_dags/example_bash_operator.py for tasks to queue
[2023-05-06T23:32:41.154+0000] {logging_mixin.py:149} INFO - [2023-05-06T23:32:41.154+0000] {dagbag.py:541} INFO - Filling up the DagBag from /home/airflow/.local/lib/python3.7/site-packages/airflow/example_dags/example_bash_operator.py
[2023-05-06T23:32:41.167+0000] {processor.py:809} INFO - DAG(s) dict_keys(['example_bash_operator']) retrieved from /home/airflow/.local/lib/python3.7/site-packages/airflow/example_dags/example_bash_operator.py
[2023-05-06T23:32:41.200+0000] {logging_mixin.py:149} INFO - [2023-05-06T23:32:41.199+0000] {dag.py:2726} INFO - Sync 1 DAGs
[2023-05-06T23:32:41.226+0000] {logging_mixin.py:149} INFO - [2023-05-06T23:32:41.225+0000] {dag.py:3490} INFO - Setting next_dagrun for example_bash_operator to 2023-05-05T00:00:00+00:00, run_after=2023-05-06T00:00:00+00:00
[2023-05-06T23:32:41.246+0000] {processor.py:178} INFO - Processing /home/airflow/.local/lib/python3.7/site-packages/airflow/example_dags/example_bash_operator.py took 0.095 seconds
[2023-05-06T23:33:11.585+0000] {processor.py:156} INFO - Started process (PID=984) to work on /home/airflow/.local/lib/python3.7/site-packages/airflow/example_dags/example_bash_operator.py
[2023-05-06T23:33:11.586+0000] {processor.py:799} INFO - Processing file /home/airflow/.local/lib/python3.7/site-packages/airflow/example_dags/example_bash_operator.py for tasks to queue
[2023-05-06T23:33:11.586+0000] {logging_mixin.py:149} INFO - [2023-05-06T23:33:11.586+0000] {dagbag.py:541} INFO - Filling up the DagBag from /home/airflow/.local/lib/python3.7/site-packages/airflow/example_dags/example_bash_operator.py
[2023-05-06T23:33:11.597+0000] {processor.py:809} INFO - DAG(s) dict_keys(['example_bash_operator']) retrieved from /home/airflow/.local/lib/python3.7/site-packages/airflow/example_dags/example_bash_operator.py
[2023-05-06T23:33:11.631+0000] {logging_mixin.py:149} INFO - [2023-05-06T23:33:11.631+0000] {dag.py:2726} INFO - Sync 1 DAGs
[2023-05-06T23:33:11.656+0000] {logging_mixin.py:149} INFO - [2023-05-06T23:33:11.656+0000] {dag.py:3490} INFO - Setting next_dagrun for example_bash_operator to 2023-05-05T00:00:00+00:00, run_after=2023-05-06T00:00:00+00:00
[2023-05-06T23:33:11.675+0000] {processor.py:178} INFO - Processing /home/airflow/.local/lib/python3.7/site-packages/airflow/example_dags/example_bash_operator.py took 0.092 seconds
[2023-05-06T23:33:41.951+0000] {processor.py:156} INFO - Started process (PID=1043) to work on /home/airflow/.local/lib/python3.7/site-packages/airflow/example_dags/example_bash_operator.py
[2023-05-06T23:33:41.951+0000] {processor.py:799} INFO - Processing file /home/airflow/.local/lib/python3.7/site-packages/airflow/example_dags/example_bash_operator.py for tasks to queue
[2023-05-06T23:33:41.952+0000] {logging_mixin.py:149} INFO - [2023-05-06T23:33:41.952+0000] {dagbag.py:541} INFO - Filling up the DagBag from /home/airflow/.local/lib/python3.7/site-packages/airflow/example_dags/example_bash_operator.py
[2023-05-06T23:33:41.962+0000] {processor.py:809} INFO - DAG(s) dict_keys(['example_bash_operator']) retrieved from /home/airflow/.local/lib/python3.7/site-packages/airflow/example_dags/example_bash_operator.py
[2023-05-06T23:33:41.993+0000] {logging_mixin.py:149} INFO - [2023-05-06T23:33:41.993+0000] {dag.py:2726} INFO - Sync 1 DAGs
[2023-05-06T23:33:42.017+0000] {logging_mixin.py:149} INFO - [2023-05-06T23:33:42.017+0000] {dag.py:3490} INFO - Setting next_dagrun for example_bash_operator to 2023-05-05T00:00:00+00:00, run_after=2023-05-06T00:00:00+00:00
[2023-05-06T23:33:42.034+0000] {processor.py:178} INFO - Processing /home/airflow/.local/lib/python3.7/site-packages/airflow/example_dags/example_bash_operator.py took 0.087 seconds
[2023-05-06T23:34:12.321+0000] {processor.py:156} INFO - Started process (PID=1101) to work on /home/airflow/.local/lib/python3.7/site-packages/airflow/example_dags/example_bash_operator.py
[2023-05-06T23:34:12.322+0000] {processor.py:799} INFO - Processing file /home/airflow/.local/lib/python3.7/site-packages/airflow/example_dags/example_bash_operator.py for tasks to queue
[2023-05-06T23:34:12.322+0000] {logging_mixin.py:149} INFO - [2023-05-06T23:34:12.322+0000] {dagbag.py:541} INFO - Filling up the DagBag from /home/airflow/.local/lib/python3.7/site-packages/airflow/example_dags/example_bash_operator.py
[2023-05-06T23:34:12.333+0000] {processor.py:809} INFO - DAG(s) dict_keys(['example_bash_operator']) retrieved from /home/airflow/.local/lib/python3.7/site-packages/airflow/example_dags/example_bash_operator.py
[2023-05-06T23:34:12.368+0000] {logging_mixin.py:149} INFO - [2023-05-06T23:34:12.368+0000] {dag.py:2726} INFO - Sync 1 DAGs
[2023-05-06T23:34:12.395+0000] {logging_mixin.py:149} INFO - [2023-05-06T23:34:12.395+0000] {dag.py:3490} INFO - Setting next_dagrun for example_bash_operator to 2023-05-05T00:00:00+00:00, run_after=2023-05-06T00:00:00+00:00
[2023-05-06T23:34:12.418+0000] {processor.py:178} INFO - Processing /home/airflow/.local/lib/python3.7/site-packages/airflow/example_dags/example_bash_operator.py took 0.098 seconds
[2023-05-06T23:34:42.817+0000] {processor.py:156} INFO - Started process (PID=1159) to work on /home/airflow/.local/lib/python3.7/site-packages/airflow/example_dags/example_bash_operator.py
[2023-05-06T23:34:42.817+0000] {processor.py:799} INFO - Processing file /home/airflow/.local/lib/python3.7/site-packages/airflow/example_dags/example_bash_operator.py for tasks to queue
[2023-05-06T23:34:42.818+0000] {logging_mixin.py:149} INFO - [2023-05-06T23:34:42.818+0000] {dagbag.py:541} INFO - Filling up the DagBag from /home/airflow/.local/lib/python3.7/site-packages/airflow/example_dags/example_bash_operator.py
[2023-05-06T23:34:42.830+0000] {processor.py:809} INFO - DAG(s) dict_keys(['example_bash_operator']) retrieved from /home/airflow/.local/lib/python3.7/site-packages/airflow/example_dags/example_bash_operator.py
[2023-05-06T23:34:42.862+0000] {logging_mixin.py:149} INFO - [2023-05-06T23:34:42.862+0000] {dag.py:2726} INFO - Sync 1 DAGs
[2023-05-06T23:34:42.885+0000] {logging_mixin.py:149} INFO - [2023-05-06T23:34:42.885+0000] {dag.py:3490} INFO - Setting next_dagrun for example_bash_operator to 2023-05-05T00:00:00+00:00, run_after=2023-05-06T00:00:00+00:00
[2023-05-06T23:34:42.902+0000] {processor.py:178} INFO - Processing /home/airflow/.local/lib/python3.7/site-packages/airflow/example_dags/example_bash_operator.py took 0.087 seconds
[2023-05-06T23:35:13.393+0000] {processor.py:156} INFO - Started process (PID=1217) to work on /home/airflow/.local/lib/python3.7/site-packages/airflow/example_dags/example_bash_operator.py
[2023-05-06T23:35:13.393+0000] {processor.py:799} INFO - Processing file /home/airflow/.local/lib/python3.7/site-packages/airflow/example_dags/example_bash_operator.py for tasks to queue
[2023-05-06T23:35:13.394+0000] {logging_mixin.py:149} INFO - [2023-05-06T23:35:13.393+0000] {dagbag.py:541} INFO - Filling up the DagBag from /home/airflow/.local/lib/python3.7/site-packages/airflow/example_dags/example_bash_operator.py
[2023-05-06T23:35:13.404+0000] {processor.py:809} INFO - DAG(s) dict_keys(['example_bash_operator']) retrieved from /home/airflow/.local/lib/python3.7/site-packages/airflow/example_dags/example_bash_operator.py
[2023-05-06T23:35:13.436+0000] {logging_mixin.py:149} INFO - [2023-05-06T23:35:13.436+0000] {dag.py:2726} INFO - Sync 1 DAGs
[2023-05-06T23:35:13.462+0000] {logging_mixin.py:149} INFO - [2023-05-06T23:35:13.462+0000] {dag.py:3490} INFO - Setting next_dagrun for example_bash_operator to 2023-05-05T00:00:00+00:00, run_after=2023-05-06T00:00:00+00:00
[2023-05-06T23:35:13.479+0000] {processor.py:178} INFO - Processing /home/airflow/.local/lib/python3.7/site-packages/airflow/example_dags/example_bash_operator.py took 0.089 seconds
[2023-05-06T23:35:43.892+0000] {processor.py:156} INFO - Started process (PID=1275) to work on /home/airflow/.local/lib/python3.7/site-packages/airflow/example_dags/example_bash_operator.py
[2023-05-06T23:35:43.893+0000] {processor.py:799} INFO - Processing file /home/airflow/.local/lib/python3.7/site-packages/airflow/example_dags/example_bash_operator.py for tasks to queue
[2023-05-06T23:35:43.893+0000] {logging_mixin.py:149} INFO - [2023-05-06T23:35:43.893+0000] {dagbag.py:541} INFO - Filling up the DagBag from /home/airflow/.local/lib/python3.7/site-packages/airflow/example_dags/example_bash_operator.py
[2023-05-06T23:35:43.903+0000] {processor.py:809} INFO - DAG(s) dict_keys(['example_bash_operator']) retrieved from /home/airflow/.local/lib/python3.7/site-packages/airflow/example_dags/example_bash_operator.py
[2023-05-06T23:35:43.937+0000] {logging_mixin.py:149} INFO - [2023-05-06T23:35:43.936+0000] {dag.py:2726} INFO - Sync 1 DAGs
[2023-05-06T23:35:43.962+0000] {logging_mixin.py:149} INFO - [2023-05-06T23:35:43.961+0000] {dag.py:3490} INFO - Setting next_dagrun for example_bash_operator to 2023-05-05T00:00:00+00:00, run_after=2023-05-06T00:00:00+00:00
[2023-05-06T23:35:43.984+0000] {processor.py:178} INFO - Processing /home/airflow/.local/lib/python3.7/site-packages/airflow/example_dags/example_bash_operator.py took 0.094 seconds
[2023-05-06T23:36:14.272+0000] {processor.py:156} INFO - Started process (PID=1333) to work on /home/airflow/.local/lib/python3.7/site-packages/airflow/example_dags/example_bash_operator.py
[2023-05-06T23:36:14.273+0000] {processor.py:799} INFO - Processing file /home/airflow/.local/lib/python3.7/site-packages/airflow/example_dags/example_bash_operator.py for tasks to queue
[2023-05-06T23:36:14.273+0000] {logging_mixin.py:149} INFO - [2023-05-06T23:36:14.273+0000] {dagbag.py:541} INFO - Filling up the DagBag from /home/airflow/.local/lib/python3.7/site-packages/airflow/example_dags/example_bash_operator.py
[2023-05-06T23:36:14.283+0000] {processor.py:809} INFO - DAG(s) dict_keys(['example_bash_operator']) retrieved from /home/airflow/.local/lib/python3.7/site-packages/airflow/example_dags/example_bash_operator.py
[2023-05-06T23:36:14.317+0000] {logging_mixin.py:149} INFO - [2023-05-06T23:36:14.317+0000] {dag.py:2726} INFO - Sync 1 DAGs
[2023-05-06T23:36:14.345+0000] {logging_mixin.py:149} INFO - [2023-05-06T23:36:14.345+0000] {dag.py:3490} INFO - Setting next_dagrun for example_bash_operator to 2023-05-05T00:00:00+00:00, run_after=2023-05-06T00:00:00+00:00
[2023-05-06T23:36:14.363+0000] {processor.py:178} INFO - Processing /home/airflow/.local/lib/python3.7/site-packages/airflow/example_dags/example_bash_operator.py took 0.093 seconds
[2023-05-06T23:36:44.819+0000] {processor.py:156} INFO - Started process (PID=1391) to work on /home/airflow/.local/lib/python3.7/site-packages/airflow/example_dags/example_bash_operator.py
[2023-05-06T23:36:44.819+0000] {processor.py:799} INFO - Processing file /home/airflow/.local/lib/python3.7/site-packages/airflow/example_dags/example_bash_operator.py for tasks to queue
[2023-05-06T23:36:44.820+0000] {logging_mixin.py:149} INFO - [2023-05-06T23:36:44.820+0000] {dagbag.py:541} INFO - Filling up the DagBag from /home/airflow/.local/lib/python3.7/site-packages/airflow/example_dags/example_bash_operator.py
[2023-05-06T23:36:44.830+0000] {processor.py:809} INFO - DAG(s) dict_keys(['example_bash_operator']) retrieved from /home/airflow/.local/lib/python3.7/site-packages/airflow/example_dags/example_bash_operator.py
[2023-05-06T23:36:44.861+0000] {logging_mixin.py:149} INFO - [2023-05-06T23:36:44.861+0000] {dag.py:2726} INFO - Sync 1 DAGs
[2023-05-06T23:36:44.885+0000] {logging_mixin.py:149} INFO - [2023-05-06T23:36:44.885+0000] {dag.py:3490} INFO - Setting next_dagrun for example_bash_operator to 2023-05-05T00:00:00+00:00, run_after=2023-05-06T00:00:00+00:00
[2023-05-06T23:36:44.904+0000] {processor.py:178} INFO - Processing /home/airflow/.local/lib/python3.7/site-packages/airflow/example_dags/example_bash_operator.py took 0.087 seconds
[2023-05-06T23:37:15.551+0000] {processor.py:156} INFO - Started process (PID=1449) to work on /home/airflow/.local/lib/python3.7/site-packages/airflow/example_dags/example_bash_operator.py
[2023-05-06T23:37:15.552+0000] {processor.py:799} INFO - Processing file /home/airflow/.local/lib/python3.7/site-packages/airflow/example_dags/example_bash_operator.py for tasks to queue
[2023-05-06T23:37:15.553+0000] {logging_mixin.py:149} INFO - [2023-05-06T23:37:15.552+0000] {dagbag.py:541} INFO - Filling up the DagBag from /home/airflow/.local/lib/python3.7/site-packages/airflow/example_dags/example_bash_operator.py
[2023-05-06T23:37:15.575+0000] {processor.py:809} INFO - DAG(s) dict_keys(['example_bash_operator']) retrieved from /home/airflow/.local/lib/python3.7/site-packages/airflow/example_dags/example_bash_operator.py
[2023-05-06T23:37:15.606+0000] {logging_mixin.py:149} INFO - [2023-05-06T23:37:15.606+0000] {dag.py:2726} INFO - Sync 1 DAGs
[2023-05-06T23:37:15.630+0000] {logging_mixin.py:149} INFO - [2023-05-06T23:37:15.630+0000] {dag.py:3490} INFO - Setting next_dagrun for example_bash_operator to 2023-05-05T00:00:00+00:00, run_after=2023-05-06T00:00:00+00:00
[2023-05-06T23:37:15.648+0000] {processor.py:178} INFO - Processing /home/airflow/.local/lib/python3.7/site-packages/airflow/example_dags/example_bash_operator.py took 0.101 seconds
[2023-05-06T23:37:46.074+0000] {processor.py:156} INFO - Started process (PID=1507) to work on /home/airflow/.local/lib/python3.7/site-packages/airflow/example_dags/example_bash_operator.py
[2023-05-06T23:37:46.074+0000] {processor.py:799} INFO - Processing file /home/airflow/.local/lib/python3.7/site-packages/airflow/example_dags/example_bash_operator.py for tasks to queue
[2023-05-06T23:37:46.075+0000] {logging_mixin.py:149} INFO - [2023-05-06T23:37:46.075+0000] {dagbag.py:541} INFO - Filling up the DagBag from /home/airflow/.local/lib/python3.7/site-packages/airflow/example_dags/example_bash_operator.py
[2023-05-06T23:37:46.085+0000] {processor.py:809} INFO - DAG(s) dict_keys(['example_bash_operator']) retrieved from /home/airflow/.local/lib/python3.7/site-packages/airflow/example_dags/example_bash_operator.py
[2023-05-06T23:37:46.119+0000] {logging_mixin.py:149} INFO - [2023-05-06T23:37:46.119+0000] {dag.py:2726} INFO - Sync 1 DAGs
[2023-05-06T23:37:46.143+0000] {logging_mixin.py:149} INFO - [2023-05-06T23:37:46.143+0000] {dag.py:3490} INFO - Setting next_dagrun for example_bash_operator to 2023-05-05T00:00:00+00:00, run_after=2023-05-06T00:00:00+00:00
[2023-05-06T23:37:46.161+0000] {processor.py:178} INFO - Processing /home/airflow/.local/lib/python3.7/site-packages/airflow/example_dags/example_bash_operator.py took 0.090 seconds
[2023-05-06T23:38:16.854+0000] {processor.py:156} INFO - Started process (PID=1565) to work on /home/airflow/.local/lib/python3.7/site-packages/airflow/example_dags/example_bash_operator.py
[2023-05-06T23:38:16.855+0000] {processor.py:799} INFO - Processing file /home/airflow/.local/lib/python3.7/site-packages/airflow/example_dags/example_bash_operator.py for tasks to queue
[2023-05-06T23:38:16.856+0000] {logging_mixin.py:149} INFO - [2023-05-06T23:38:16.855+0000] {dagbag.py:541} INFO - Filling up the DagBag from /home/airflow/.local/lib/python3.7/site-packages/airflow/example_dags/example_bash_operator.py
[2023-05-06T23:38:16.880+0000] {processor.py:809} INFO - DAG(s) dict_keys(['example_bash_operator']) retrieved from /home/airflow/.local/lib/python3.7/site-packages/airflow/example_dags/example_bash_operator.py
[2023-05-06T23:38:16.914+0000] {logging_mixin.py:149} INFO - [2023-05-06T23:38:16.914+0000] {dag.py:2726} INFO - Sync 1 DAGs
[2023-05-06T23:38:16.938+0000] {logging_mixin.py:149} INFO - [2023-05-06T23:38:16.938+0000] {dag.py:3490} INFO - Setting next_dagrun for example_bash_operator to 2023-05-05T00:00:00+00:00, run_after=2023-05-06T00:00:00+00:00
[2023-05-06T23:38:16.955+0000] {processor.py:178} INFO - Processing /home/airflow/.local/lib/python3.7/site-packages/airflow/example_dags/example_bash_operator.py took 0.105 seconds
[2023-05-06T23:38:47.066+0000] {processor.py:156} INFO - Started process (PID=1623) to work on /home/airflow/.local/lib/python3.7/site-packages/airflow/example_dags/example_bash_operator.py
[2023-05-06T23:38:47.067+0000] {processor.py:799} INFO - Processing file /home/airflow/.local/lib/python3.7/site-packages/airflow/example_dags/example_bash_operator.py for tasks to queue
[2023-05-06T23:38:47.068+0000] {logging_mixin.py:149} INFO - [2023-05-06T23:38:47.068+0000] {dagbag.py:541} INFO - Filling up the DagBag from /home/airflow/.local/lib/python3.7/site-packages/airflow/example_dags/example_bash_operator.py
[2023-05-06T23:38:47.093+0000] {processor.py:809} INFO - DAG(s) dict_keys(['example_bash_operator']) retrieved from /home/airflow/.local/lib/python3.7/site-packages/airflow/example_dags/example_bash_operator.py
[2023-05-06T23:38:47.126+0000] {logging_mixin.py:149} INFO - [2023-05-06T23:38:47.126+0000] {dag.py:2726} INFO - Sync 1 DAGs
[2023-05-06T23:38:47.150+0000] {logging_mixin.py:149} INFO - [2023-05-06T23:38:47.149+0000] {dag.py:3490} INFO - Setting next_dagrun for example_bash_operator to 2023-05-05T00:00:00+00:00, run_after=2023-05-06T00:00:00+00:00
[2023-05-06T23:38:47.166+0000] {processor.py:178} INFO - Processing /home/airflow/.local/lib/python3.7/site-packages/airflow/example_dags/example_bash_operator.py took 0.105 seconds
[2023-05-06T23:39:17.906+0000] {processor.py:156} INFO - Started process (PID=1681) to work on /home/airflow/.local/lib/python3.7/site-packages/airflow/example_dags/example_bash_operator.py
[2023-05-06T23:39:17.907+0000] {processor.py:799} INFO - Processing file /home/airflow/.local/lib/python3.7/site-packages/airflow/example_dags/example_bash_operator.py for tasks to queue
[2023-05-06T23:39:17.907+0000] {logging_mixin.py:149} INFO - [2023-05-06T23:39:17.907+0000] {dagbag.py:541} INFO - Filling up the DagBag from /home/airflow/.local/lib/python3.7/site-packages/airflow/example_dags/example_bash_operator.py
[2023-05-06T23:39:17.917+0000] {processor.py:809} INFO - DAG(s) dict_keys(['example_bash_operator']) retrieved from /home/airflow/.local/lib/python3.7/site-packages/airflow/example_dags/example_bash_operator.py
[2023-05-06T23:39:17.951+0000] {logging_mixin.py:149} INFO - [2023-05-06T23:39:17.950+0000] {dag.py:2726} INFO - Sync 1 DAGs
[2023-05-06T23:39:17.975+0000] {logging_mixin.py:149} INFO - [2023-05-06T23:39:17.975+0000] {dag.py:3490} INFO - Setting next_dagrun for example_bash_operator to 2023-05-05T00:00:00+00:00, run_after=2023-05-06T00:00:00+00:00
[2023-05-06T23:39:17.995+0000] {processor.py:178} INFO - Processing /home/airflow/.local/lib/python3.7/site-packages/airflow/example_dags/example_bash_operator.py took 0.091 seconds
[2023-05-06T23:39:48.211+0000] {processor.py:156} INFO - Started process (PID=1740) to work on /home/airflow/.local/lib/python3.7/site-packages/airflow/example_dags/example_bash_operator.py
[2023-05-06T23:39:48.212+0000] {processor.py:799} INFO - Processing file /home/airflow/.local/lib/python3.7/site-packages/airflow/example_dags/example_bash_operator.py for tasks to queue
[2023-05-06T23:39:48.212+0000] {logging_mixin.py:149} INFO - [2023-05-06T23:39:48.212+0000] {dagbag.py:541} INFO - Filling up the DagBag from /home/airflow/.local/lib/python3.7/site-packages/airflow/example_dags/example_bash_operator.py
[2023-05-06T23:39:48.223+0000] {processor.py:809} INFO - DAG(s) dict_keys(['example_bash_operator']) retrieved from /home/airflow/.local/lib/python3.7/site-packages/airflow/example_dags/example_bash_operator.py
[2023-05-06T23:39:48.257+0000] {logging_mixin.py:149} INFO - [2023-05-06T23:39:48.257+0000] {dag.py:2726} INFO - Sync 1 DAGs
[2023-05-06T23:39:48.280+0000] {logging_mixin.py:149} INFO - [2023-05-06T23:39:48.280+0000] {dag.py:3490} INFO - Setting next_dagrun for example_bash_operator to 2023-05-05T00:00:00+00:00, run_after=2023-05-06T00:00:00+00:00
[2023-05-06T23:39:48.297+0000] {processor.py:178} INFO - Processing /home/airflow/.local/lib/python3.7/site-packages/airflow/example_dags/example_bash_operator.py took 0.088 seconds
[2023-05-06T23:40:18.533+0000] {processor.py:156} INFO - Started process (PID=1798) to work on /home/airflow/.local/lib/python3.7/site-packages/airflow/example_dags/example_bash_operator.py
[2023-05-06T23:40:18.534+0000] {processor.py:799} INFO - Processing file /home/airflow/.local/lib/python3.7/site-packages/airflow/example_dags/example_bash_operator.py for tasks to queue
[2023-05-06T23:40:18.534+0000] {logging_mixin.py:149} INFO - [2023-05-06T23:40:18.534+0000] {dagbag.py:541} INFO - Filling up the DagBag from /home/airflow/.local/lib/python3.7/site-packages/airflow/example_dags/example_bash_operator.py
[2023-05-06T23:40:18.546+0000] {processor.py:809} INFO - DAG(s) dict_keys(['example_bash_operator']) retrieved from /home/airflow/.local/lib/python3.7/site-packages/airflow/example_dags/example_bash_operator.py
[2023-05-06T23:40:18.586+0000] {logging_mixin.py:149} INFO - [2023-05-06T23:40:18.586+0000] {dag.py:2726} INFO - Sync 1 DAGs
[2023-05-06T23:40:18.613+0000] {logging_mixin.py:149} INFO - [2023-05-06T23:40:18.612+0000] {dag.py:3490} INFO - Setting next_dagrun for example_bash_operator to 2023-05-05T00:00:00+00:00, run_after=2023-05-06T00:00:00+00:00
[2023-05-06T23:40:18.631+0000] {processor.py:178} INFO - Processing /home/airflow/.local/lib/python3.7/site-packages/airflow/example_dags/example_bash_operator.py took 0.100 seconds
[2023-05-06T23:40:48.901+0000] {processor.py:156} INFO - Started process (PID=1857) to work on /home/airflow/.local/lib/python3.7/site-packages/airflow/example_dags/example_bash_operator.py
[2023-05-06T23:40:48.902+0000] {processor.py:799} INFO - Processing file /home/airflow/.local/lib/python3.7/site-packages/airflow/example_dags/example_bash_operator.py for tasks to queue
[2023-05-06T23:40:48.902+0000] {logging_mixin.py:149} INFO - [2023-05-06T23:40:48.902+0000] {dagbag.py:541} INFO - Filling up the DagBag from /home/airflow/.local/lib/python3.7/site-packages/airflow/example_dags/example_bash_operator.py
[2023-05-06T23:40:48.913+0000] {processor.py:809} INFO - DAG(s) dict_keys(['example_bash_operator']) retrieved from /home/airflow/.local/lib/python3.7/site-packages/airflow/example_dags/example_bash_operator.py
[2023-05-06T23:40:48.947+0000] {logging_mixin.py:149} INFO - [2023-05-06T23:40:48.947+0000] {dag.py:2726} INFO - Sync 1 DAGs
[2023-05-06T23:40:48.972+0000] {logging_mixin.py:149} INFO - [2023-05-06T23:40:48.972+0000] {dag.py:3490} INFO - Setting next_dagrun for example_bash_operator to 2023-05-05T00:00:00+00:00, run_after=2023-05-06T00:00:00+00:00
[2023-05-06T23:40:48.991+0000] {processor.py:178} INFO - Processing /home/airflow/.local/lib/python3.7/site-packages/airflow/example_dags/example_bash_operator.py took 0.093 seconds
[2023-05-06T23:41:19.232+0000] {processor.py:156} INFO - Started process (PID=1915) to work on /home/airflow/.local/lib/python3.7/site-packages/airflow/example_dags/example_bash_operator.py
[2023-05-06T23:41:19.233+0000] {processor.py:799} INFO - Processing file /home/airflow/.local/lib/python3.7/site-packages/airflow/example_dags/example_bash_operator.py for tasks to queue
[2023-05-06T23:41:19.233+0000] {logging_mixin.py:149} INFO - [2023-05-06T23:41:19.233+0000] {dagbag.py:541} INFO - Filling up the DagBag from /home/airflow/.local/lib/python3.7/site-packages/airflow/example_dags/example_bash_operator.py
[2023-05-06T23:41:19.245+0000] {processor.py:809} INFO - DAG(s) dict_keys(['example_bash_operator']) retrieved from /home/airflow/.local/lib/python3.7/site-packages/airflow/example_dags/example_bash_operator.py
[2023-05-06T23:41:19.279+0000] {logging_mixin.py:149} INFO - [2023-05-06T23:41:19.279+0000] {dag.py:2726} INFO - Sync 1 DAGs
[2023-05-06T23:41:19.304+0000] {logging_mixin.py:149} INFO - [2023-05-06T23:41:19.304+0000] {dag.py:3490} INFO - Setting next_dagrun for example_bash_operator to 2023-05-05T00:00:00+00:00, run_after=2023-05-06T00:00:00+00:00
[2023-05-06T23:41:19.321+0000] {processor.py:178} INFO - Processing /home/airflow/.local/lib/python3.7/site-packages/airflow/example_dags/example_bash_operator.py took 0.091 seconds
[2023-05-06T23:41:49.550+0000] {processor.py:156} INFO - Started process (PID=1973) to work on /home/airflow/.local/lib/python3.7/site-packages/airflow/example_dags/example_bash_operator.py
[2023-05-06T23:41:49.551+0000] {processor.py:799} INFO - Processing file /home/airflow/.local/lib/python3.7/site-packages/airflow/example_dags/example_bash_operator.py for tasks to queue
[2023-05-06T23:41:49.551+0000] {logging_mixin.py:149} INFO - [2023-05-06T23:41:49.551+0000] {dagbag.py:541} INFO - Filling up the DagBag from /home/airflow/.local/lib/python3.7/site-packages/airflow/example_dags/example_bash_operator.py
[2023-05-06T23:41:49.562+0000] {processor.py:809} INFO - DAG(s) dict_keys(['example_bash_operator']) retrieved from /home/airflow/.local/lib/python3.7/site-packages/airflow/example_dags/example_bash_operator.py
[2023-05-06T23:41:49.593+0000] {logging_mixin.py:149} INFO - [2023-05-06T23:41:49.593+0000] {dag.py:2726} INFO - Sync 1 DAGs
[2023-05-06T23:41:49.619+0000] {logging_mixin.py:149} INFO - [2023-05-06T23:41:49.619+0000] {dag.py:3490} INFO - Setting next_dagrun for example_bash_operator to 2023-05-05T00:00:00+00:00, run_after=2023-05-06T00:00:00+00:00
[2023-05-06T23:41:49.637+0000] {processor.py:178} INFO - Processing /home/airflow/.local/lib/python3.7/site-packages/airflow/example_dags/example_bash_operator.py took 0.089 seconds
[2023-05-06T23:42:19.822+0000] {processor.py:156} INFO - Started process (PID=2031) to work on /home/airflow/.local/lib/python3.7/site-packages/airflow/example_dags/example_bash_operator.py
[2023-05-06T23:42:19.822+0000] {processor.py:799} INFO - Processing file /home/airflow/.local/lib/python3.7/site-packages/airflow/example_dags/example_bash_operator.py for tasks to queue
[2023-05-06T23:42:19.823+0000] {logging_mixin.py:149} INFO - [2023-05-06T23:42:19.823+0000] {dagbag.py:541} INFO - Filling up the DagBag from /home/airflow/.local/lib/python3.7/site-packages/airflow/example_dags/example_bash_operator.py
[2023-05-06T23:42:19.834+0000] {processor.py:809} INFO - DAG(s) dict_keys(['example_bash_operator']) retrieved from /home/airflow/.local/lib/python3.7/site-packages/airflow/example_dags/example_bash_operator.py
[2023-05-06T23:42:19.865+0000] {logging_mixin.py:149} INFO - [2023-05-06T23:42:19.865+0000] {dag.py:2726} INFO - Sync 1 DAGs
[2023-05-06T23:42:19.890+0000] {logging_mixin.py:149} INFO - [2023-05-06T23:42:19.889+0000] {dag.py:3490} INFO - Setting next_dagrun for example_bash_operator to 2023-05-05T00:00:00+00:00, run_after=2023-05-06T00:00:00+00:00
[2023-05-06T23:42:19.909+0000] {processor.py:178} INFO - Processing /home/airflow/.local/lib/python3.7/site-packages/airflow/example_dags/example_bash_operator.py took 0.090 seconds
[2023-05-06T23:42:50.347+0000] {processor.py:156} INFO - Started process (PID=2089) to work on /home/airflow/.local/lib/python3.7/site-packages/airflow/example_dags/example_bash_operator.py
[2023-05-06T23:42:50.348+0000] {processor.py:799} INFO - Processing file /home/airflow/.local/lib/python3.7/site-packages/airflow/example_dags/example_bash_operator.py for tasks to queue
[2023-05-06T23:42:50.348+0000] {logging_mixin.py:149} INFO - [2023-05-06T23:42:50.348+0000] {dagbag.py:541} INFO - Filling up the DagBag from /home/airflow/.local/lib/python3.7/site-packages/airflow/example_dags/example_bash_operator.py
[2023-05-06T23:42:50.359+0000] {processor.py:809} INFO - DAG(s) dict_keys(['example_bash_operator']) retrieved from /home/airflow/.local/lib/python3.7/site-packages/airflow/example_dags/example_bash_operator.py
[2023-05-06T23:42:50.391+0000] {logging_mixin.py:149} INFO - [2023-05-06T23:42:50.390+0000] {dag.py:2726} INFO - Sync 1 DAGs
[2023-05-06T23:42:50.417+0000] {logging_mixin.py:149} INFO - [2023-05-06T23:42:50.417+0000] {dag.py:3490} INFO - Setting next_dagrun for example_bash_operator to 2023-05-05T00:00:00+00:00, run_after=2023-05-06T00:00:00+00:00
[2023-05-06T23:42:50.434+0000] {processor.py:178} INFO - Processing /home/airflow/.local/lib/python3.7/site-packages/airflow/example_dags/example_bash_operator.py took 0.090 seconds
[2023-05-06T23:43:20.734+0000] {processor.py:156} INFO - Started process (PID=2147) to work on /home/airflow/.local/lib/python3.7/site-packages/airflow/example_dags/example_bash_operator.py
[2023-05-06T23:43:20.734+0000] {processor.py:799} INFO - Processing file /home/airflow/.local/lib/python3.7/site-packages/airflow/example_dags/example_bash_operator.py for tasks to queue
[2023-05-06T23:43:20.735+0000] {logging_mixin.py:149} INFO - [2023-05-06T23:43:20.735+0000] {dagbag.py:541} INFO - Filling up the DagBag from /home/airflow/.local/lib/python3.7/site-packages/airflow/example_dags/example_bash_operator.py
[2023-05-06T23:43:20.745+0000] {processor.py:809} INFO - DAG(s) dict_keys(['example_bash_operator']) retrieved from /home/airflow/.local/lib/python3.7/site-packages/airflow/example_dags/example_bash_operator.py
[2023-05-06T23:43:20.777+0000] {logging_mixin.py:149} INFO - [2023-05-06T23:43:20.777+0000] {dag.py:2726} INFO - Sync 1 DAGs
[2023-05-06T23:43:20.801+0000] {logging_mixin.py:149} INFO - [2023-05-06T23:43:20.801+0000] {dag.py:3490} INFO - Setting next_dagrun for example_bash_operator to 2023-05-05T00:00:00+00:00, run_after=2023-05-06T00:00:00+00:00
[2023-05-06T23:43:20.819+0000] {processor.py:178} INFO - Processing /home/airflow/.local/lib/python3.7/site-packages/airflow/example_dags/example_bash_operator.py took 0.087 seconds
