[2023-05-06T23:25:02.866+0000] {processor.py:156} INFO - Started process (PID=54) to work on /home/airflow/.local/lib/python3.7/site-packages/airflow/example_dags/example_dag_decorator.py
[2023-05-06T23:25:02.867+0000] {processor.py:799} INFO - Processing file /home/airflow/.local/lib/python3.7/site-packages/airflow/example_dags/example_dag_decorator.py for tasks to queue
[2023-05-06T23:25:02.867+0000] {logging_mixin.py:149} INFO - [2023-05-06T23:25:02.867+0000] {dagbag.py:541} INFO - Filling up the DagBag from /home/airflow/.local/lib/python3.7/site-packages/airflow/example_dags/example_dag_decorator.py
[2023-05-06T23:25:02.879+0000] {logging_mixin.py:149} INFO - [2023-05-06T23:25:02.878+0000] {taskmixin.py:211} WARNING - Dependency <Task(_PythonDecoratedOperator): prepare_email>, send_email already registered for DAG: example_dag_decorator
[2023-05-06T23:25:02.879+0000] {logging_mixin.py:149} INFO - [2023-05-06T23:25:02.879+0000] {taskmixin.py:211} WARNING - Dependency <Task(EmailOperator): send_email>, prepare_email already registered for DAG: example_dag_decorator
[2023-05-06T23:25:02.886+0000] {processor.py:809} INFO - DAG(s) dict_keys(['example_dag_decorator']) retrieved from /home/airflow/.local/lib/python3.7/site-packages/airflow/example_dags/example_dag_decorator.py
[2023-05-06T23:25:02.911+0000] {logging_mixin.py:149} INFO - [2023-05-06T23:25:02.910+0000] {dag.py:2726} INFO - Sync 1 DAGs
[2023-05-06T23:25:02.946+0000] {logging_mixin.py:149} INFO - [2023-05-06T23:25:02.946+0000] {dag.py:3490} INFO - Setting next_dagrun for example_dag_decorator to None, run_after=None
[2023-05-06T23:25:02.996+0000] {processor.py:178} INFO - Processing /home/airflow/.local/lib/python3.7/site-packages/airflow/example_dags/example_dag_decorator.py took 0.132 seconds
[2023-05-06T23:25:33.954+0000] {processor.py:156} INFO - Started process (PID=112) to work on /home/airflow/.local/lib/python3.7/site-packages/airflow/example_dags/example_dag_decorator.py
[2023-05-06T23:25:33.955+0000] {processor.py:799} INFO - Processing file /home/airflow/.local/lib/python3.7/site-packages/airflow/example_dags/example_dag_decorator.py for tasks to queue
[2023-05-06T23:25:33.956+0000] {logging_mixin.py:149} INFO - [2023-05-06T23:25:33.956+0000] {dagbag.py:541} INFO - Filling up the DagBag from /home/airflow/.local/lib/python3.7/site-packages/airflow/example_dags/example_dag_decorator.py
[2023-05-06T23:25:33.965+0000] {logging_mixin.py:149} INFO - [2023-05-06T23:25:33.965+0000] {taskmixin.py:211} WARNING - Dependency <Task(_PythonDecoratedOperator): prepare_email>, send_email already registered for DAG: example_dag_decorator
[2023-05-06T23:25:33.966+0000] {logging_mixin.py:149} INFO - [2023-05-06T23:25:33.966+0000] {taskmixin.py:211} WARNING - Dependency <Task(EmailOperator): send_email>, prepare_email already registered for DAG: example_dag_decorator
[2023-05-06T23:25:33.979+0000] {processor.py:809} INFO - DAG(s) dict_keys(['example_dag_decorator']) retrieved from /home/airflow/.local/lib/python3.7/site-packages/airflow/example_dags/example_dag_decorator.py
[2023-05-06T23:25:34.048+0000] {logging_mixin.py:149} INFO - [2023-05-06T23:25:34.048+0000] {dag.py:2726} INFO - Sync 1 DAGs
[2023-05-06T23:25:34.072+0000] {logging_mixin.py:149} INFO - [2023-05-06T23:25:34.071+0000] {dag.py:3490} INFO - Setting next_dagrun for example_dag_decorator to None, run_after=None
[2023-05-06T23:25:34.101+0000] {processor.py:178} INFO - Processing /home/airflow/.local/lib/python3.7/site-packages/airflow/example_dags/example_dag_decorator.py took 0.152 seconds
[2023-05-06T23:26:04.884+0000] {processor.py:156} INFO - Started process (PID=170) to work on /home/airflow/.local/lib/python3.7/site-packages/airflow/example_dags/example_dag_decorator.py
[2023-05-06T23:26:04.885+0000] {processor.py:799} INFO - Processing file /home/airflow/.local/lib/python3.7/site-packages/airflow/example_dags/example_dag_decorator.py for tasks to queue
[2023-05-06T23:26:04.886+0000] {logging_mixin.py:149} INFO - [2023-05-06T23:26:04.886+0000] {dagbag.py:541} INFO - Filling up the DagBag from /home/airflow/.local/lib/python3.7/site-packages/airflow/example_dags/example_dag_decorator.py
[2023-05-06T23:26:04.895+0000] {logging_mixin.py:149} INFO - [2023-05-06T23:26:04.895+0000] {taskmixin.py:211} WARNING - Dependency <Task(_PythonDecoratedOperator): prepare_email>, send_email already registered for DAG: example_dag_decorator
[2023-05-06T23:26:04.896+0000] {logging_mixin.py:149} INFO - [2023-05-06T23:26:04.896+0000] {taskmixin.py:211} WARNING - Dependency <Task(EmailOperator): send_email>, prepare_email already registered for DAG: example_dag_decorator
[2023-05-06T23:26:04.909+0000] {processor.py:809} INFO - DAG(s) dict_keys(['example_dag_decorator']) retrieved from /home/airflow/.local/lib/python3.7/site-packages/airflow/example_dags/example_dag_decorator.py
[2023-05-06T23:26:04.977+0000] {logging_mixin.py:149} INFO - [2023-05-06T23:26:04.977+0000] {dag.py:2726} INFO - Sync 1 DAGs
[2023-05-06T23:26:04.999+0000] {logging_mixin.py:149} INFO - [2023-05-06T23:26:04.999+0000] {dag.py:3490} INFO - Setting next_dagrun for example_dag_decorator to None, run_after=None
[2023-05-06T23:26:05.027+0000] {processor.py:178} INFO - Processing /home/airflow/.local/lib/python3.7/site-packages/airflow/example_dags/example_dag_decorator.py took 0.148 seconds
[2023-05-06T23:26:35.498+0000] {processor.py:156} INFO - Started process (PID=227) to work on /home/airflow/.local/lib/python3.7/site-packages/airflow/example_dags/example_dag_decorator.py
[2023-05-06T23:26:35.499+0000] {processor.py:799} INFO - Processing file /home/airflow/.local/lib/python3.7/site-packages/airflow/example_dags/example_dag_decorator.py for tasks to queue
[2023-05-06T23:26:35.500+0000] {logging_mixin.py:149} INFO - [2023-05-06T23:26:35.500+0000] {dagbag.py:541} INFO - Filling up the DagBag from /home/airflow/.local/lib/python3.7/site-packages/airflow/example_dags/example_dag_decorator.py
[2023-05-06T23:26:35.509+0000] {logging_mixin.py:149} INFO - [2023-05-06T23:26:35.509+0000] {taskmixin.py:211} WARNING - Dependency <Task(_PythonDecoratedOperator): prepare_email>, send_email already registered for DAG: example_dag_decorator
[2023-05-06T23:26:35.509+0000] {logging_mixin.py:149} INFO - [2023-05-06T23:26:35.509+0000] {taskmixin.py:211} WARNING - Dependency <Task(EmailOperator): send_email>, prepare_email already registered for DAG: example_dag_decorator
[2023-05-06T23:26:35.524+0000] {processor.py:809} INFO - DAG(s) dict_keys(['example_dag_decorator']) retrieved from /home/airflow/.local/lib/python3.7/site-packages/airflow/example_dags/example_dag_decorator.py
[2023-05-06T23:26:35.587+0000] {logging_mixin.py:149} INFO - [2023-05-06T23:26:35.587+0000] {dag.py:2726} INFO - Sync 1 DAGs
[2023-05-06T23:26:35.611+0000] {logging_mixin.py:149} INFO - [2023-05-06T23:26:35.611+0000] {dag.py:3490} INFO - Setting next_dagrun for example_dag_decorator to None, run_after=None
[2023-05-06T23:26:35.629+0000] {processor.py:178} INFO - Processing /home/airflow/.local/lib/python3.7/site-packages/airflow/example_dags/example_dag_decorator.py took 0.136 seconds
[2023-05-06T23:27:06.087+0000] {processor.py:156} INFO - Started process (PID=285) to work on /home/airflow/.local/lib/python3.7/site-packages/airflow/example_dags/example_dag_decorator.py
[2023-05-06T23:27:06.089+0000] {processor.py:799} INFO - Processing file /home/airflow/.local/lib/python3.7/site-packages/airflow/example_dags/example_dag_decorator.py for tasks to queue
[2023-05-06T23:27:06.090+0000] {logging_mixin.py:149} INFO - [2023-05-06T23:27:06.090+0000] {dagbag.py:541} INFO - Filling up the DagBag from /home/airflow/.local/lib/python3.7/site-packages/airflow/example_dags/example_dag_decorator.py
[2023-05-06T23:27:06.098+0000] {logging_mixin.py:149} INFO - [2023-05-06T23:27:06.098+0000] {taskmixin.py:211} WARNING - Dependency <Task(_PythonDecoratedOperator): prepare_email>, send_email already registered for DAG: example_dag_decorator
[2023-05-06T23:27:06.098+0000] {logging_mixin.py:149} INFO - [2023-05-06T23:27:06.098+0000] {taskmixin.py:211} WARNING - Dependency <Task(EmailOperator): send_email>, prepare_email already registered for DAG: example_dag_decorator
[2023-05-06T23:27:06.110+0000] {processor.py:809} INFO - DAG(s) dict_keys(['example_dag_decorator']) retrieved from /home/airflow/.local/lib/python3.7/site-packages/airflow/example_dags/example_dag_decorator.py
[2023-05-06T23:27:06.178+0000] {logging_mixin.py:149} INFO - [2023-05-06T23:27:06.177+0000] {dag.py:2726} INFO - Sync 1 DAGs
[2023-05-06T23:27:06.200+0000] {logging_mixin.py:149} INFO - [2023-05-06T23:27:06.200+0000] {dag.py:3490} INFO - Setting next_dagrun for example_dag_decorator to None, run_after=None
[2023-05-06T23:27:06.226+0000] {processor.py:178} INFO - Processing /home/airflow/.local/lib/python3.7/site-packages/airflow/example_dags/example_dag_decorator.py took 0.142 seconds
[2023-05-06T23:27:36.621+0000] {processor.py:156} INFO - Started process (PID=343) to work on /home/airflow/.local/lib/python3.7/site-packages/airflow/example_dags/example_dag_decorator.py
[2023-05-06T23:27:36.622+0000] {processor.py:799} INFO - Processing file /home/airflow/.local/lib/python3.7/site-packages/airflow/example_dags/example_dag_decorator.py for tasks to queue
[2023-05-06T23:27:36.623+0000] {logging_mixin.py:149} INFO - [2023-05-06T23:27:36.623+0000] {dagbag.py:541} INFO - Filling up the DagBag from /home/airflow/.local/lib/python3.7/site-packages/airflow/example_dags/example_dag_decorator.py
[2023-05-06T23:27:36.631+0000] {logging_mixin.py:149} INFO - [2023-05-06T23:27:36.630+0000] {taskmixin.py:211} WARNING - Dependency <Task(_PythonDecoratedOperator): prepare_email>, send_email already registered for DAG: example_dag_decorator
[2023-05-06T23:27:36.631+0000] {logging_mixin.py:149} INFO - [2023-05-06T23:27:36.631+0000] {taskmixin.py:211} WARNING - Dependency <Task(EmailOperator): send_email>, prepare_email already registered for DAG: example_dag_decorator
[2023-05-06T23:27:36.643+0000] {processor.py:809} INFO - DAG(s) dict_keys(['example_dag_decorator']) retrieved from /home/airflow/.local/lib/python3.7/site-packages/airflow/example_dags/example_dag_decorator.py
[2023-05-06T23:27:36.716+0000] {logging_mixin.py:149} INFO - [2023-05-06T23:27:36.716+0000] {dag.py:2726} INFO - Sync 1 DAGs
[2023-05-06T23:27:36.739+0000] {logging_mixin.py:149} INFO - [2023-05-06T23:27:36.738+0000] {dag.py:3490} INFO - Setting next_dagrun for example_dag_decorator to None, run_after=None
[2023-05-06T23:27:36.765+0000] {processor.py:178} INFO - Processing /home/airflow/.local/lib/python3.7/site-packages/airflow/example_dags/example_dag_decorator.py took 0.148 seconds
[2023-05-06T23:28:06.969+0000] {processor.py:156} INFO - Started process (PID=401) to work on /home/airflow/.local/lib/python3.7/site-packages/airflow/example_dags/example_dag_decorator.py
[2023-05-06T23:28:06.971+0000] {processor.py:799} INFO - Processing file /home/airflow/.local/lib/python3.7/site-packages/airflow/example_dags/example_dag_decorator.py for tasks to queue
[2023-05-06T23:28:06.972+0000] {logging_mixin.py:149} INFO - [2023-05-06T23:28:06.972+0000] {dagbag.py:541} INFO - Filling up the DagBag from /home/airflow/.local/lib/python3.7/site-packages/airflow/example_dags/example_dag_decorator.py
[2023-05-06T23:28:06.977+0000] {logging_mixin.py:149} INFO - [2023-05-06T23:28:06.977+0000] {taskmixin.py:211} WARNING - Dependency <Task(_PythonDecoratedOperator): prepare_email>, send_email already registered for DAG: example_dag_decorator
[2023-05-06T23:28:06.977+0000] {logging_mixin.py:149} INFO - [2023-05-06T23:28:06.977+0000] {taskmixin.py:211} WARNING - Dependency <Task(EmailOperator): send_email>, prepare_email already registered for DAG: example_dag_decorator
[2023-05-06T23:28:06.983+0000] {processor.py:809} INFO - DAG(s) dict_keys(['example_dag_decorator']) retrieved from /home/airflow/.local/lib/python3.7/site-packages/airflow/example_dags/example_dag_decorator.py
[2023-05-06T23:28:07.045+0000] {logging_mixin.py:149} INFO - [2023-05-06T23:28:07.045+0000] {dag.py:2726} INFO - Sync 1 DAGs
[2023-05-06T23:28:07.067+0000] {logging_mixin.py:149} INFO - [2023-05-06T23:28:07.066+0000] {dag.py:3490} INFO - Setting next_dagrun for example_dag_decorator to None, run_after=None
[2023-05-06T23:28:07.093+0000] {processor.py:178} INFO - Processing /home/airflow/.local/lib/python3.7/site-packages/airflow/example_dags/example_dag_decorator.py took 0.127 seconds
[2023-05-06T23:28:37.327+0000] {processor.py:156} INFO - Started process (PID=459) to work on /home/airflow/.local/lib/python3.7/site-packages/airflow/example_dags/example_dag_decorator.py
[2023-05-06T23:28:37.328+0000] {processor.py:799} INFO - Processing file /home/airflow/.local/lib/python3.7/site-packages/airflow/example_dags/example_dag_decorator.py for tasks to queue
[2023-05-06T23:28:37.329+0000] {logging_mixin.py:149} INFO - [2023-05-06T23:28:37.329+0000] {dagbag.py:541} INFO - Filling up the DagBag from /home/airflow/.local/lib/python3.7/site-packages/airflow/example_dags/example_dag_decorator.py
[2023-05-06T23:28:37.333+0000] {logging_mixin.py:149} INFO - [2023-05-06T23:28:37.333+0000] {taskmixin.py:211} WARNING - Dependency <Task(_PythonDecoratedOperator): prepare_email>, send_email already registered for DAG: example_dag_decorator
[2023-05-06T23:28:37.334+0000] {logging_mixin.py:149} INFO - [2023-05-06T23:28:37.333+0000] {taskmixin.py:211} WARNING - Dependency <Task(EmailOperator): send_email>, prepare_email already registered for DAG: example_dag_decorator
[2023-05-06T23:28:37.339+0000] {processor.py:809} INFO - DAG(s) dict_keys(['example_dag_decorator']) retrieved from /home/airflow/.local/lib/python3.7/site-packages/airflow/example_dags/example_dag_decorator.py
[2023-05-06T23:28:37.399+0000] {logging_mixin.py:149} INFO - [2023-05-06T23:28:37.398+0000] {dag.py:2726} INFO - Sync 1 DAGs
[2023-05-06T23:28:37.421+0000] {logging_mixin.py:149} INFO - [2023-05-06T23:28:37.421+0000] {dag.py:3490} INFO - Setting next_dagrun for example_dag_decorator to None, run_after=None
[2023-05-06T23:28:37.449+0000] {processor.py:178} INFO - Processing /home/airflow/.local/lib/python3.7/site-packages/airflow/example_dags/example_dag_decorator.py took 0.125 seconds
[2023-05-06T23:29:07.800+0000] {processor.py:156} INFO - Started process (PID=518) to work on /home/airflow/.local/lib/python3.7/site-packages/airflow/example_dags/example_dag_decorator.py
[2023-05-06T23:29:07.801+0000] {processor.py:799} INFO - Processing file /home/airflow/.local/lib/python3.7/site-packages/airflow/example_dags/example_dag_decorator.py for tasks to queue
[2023-05-06T23:29:07.802+0000] {logging_mixin.py:149} INFO - [2023-05-06T23:29:07.802+0000] {dagbag.py:541} INFO - Filling up the DagBag from /home/airflow/.local/lib/python3.7/site-packages/airflow/example_dags/example_dag_decorator.py
[2023-05-06T23:29:07.811+0000] {logging_mixin.py:149} INFO - [2023-05-06T23:29:07.811+0000] {taskmixin.py:211} WARNING - Dependency <Task(_PythonDecoratedOperator): prepare_email>, send_email already registered for DAG: example_dag_decorator
[2023-05-06T23:29:07.811+0000] {logging_mixin.py:149} INFO - [2023-05-06T23:29:07.811+0000] {taskmixin.py:211} WARNING - Dependency <Task(EmailOperator): send_email>, prepare_email already registered for DAG: example_dag_decorator
[2023-05-06T23:29:07.824+0000] {processor.py:809} INFO - DAG(s) dict_keys(['example_dag_decorator']) retrieved from /home/airflow/.local/lib/python3.7/site-packages/airflow/example_dags/example_dag_decorator.py
[2023-05-06T23:29:07.900+0000] {logging_mixin.py:149} INFO - [2023-05-06T23:29:07.900+0000] {dag.py:2726} INFO - Sync 1 DAGs
[2023-05-06T23:29:07.922+0000] {logging_mixin.py:149} INFO - [2023-05-06T23:29:07.922+0000] {dag.py:3490} INFO - Setting next_dagrun for example_dag_decorator to None, run_after=None
[2023-05-06T23:29:07.950+0000] {processor.py:178} INFO - Processing /home/airflow/.local/lib/python3.7/site-packages/airflow/example_dags/example_dag_decorator.py took 0.156 seconds
[2023-05-06T23:29:38.217+0000] {processor.py:156} INFO - Started process (PID=576) to work on /home/airflow/.local/lib/python3.7/site-packages/airflow/example_dags/example_dag_decorator.py
[2023-05-06T23:29:38.220+0000] {processor.py:799} INFO - Processing file /home/airflow/.local/lib/python3.7/site-packages/airflow/example_dags/example_dag_decorator.py for tasks to queue
[2023-05-06T23:29:38.220+0000] {logging_mixin.py:149} INFO - [2023-05-06T23:29:38.220+0000] {dagbag.py:541} INFO - Filling up the DagBag from /home/airflow/.local/lib/python3.7/site-packages/airflow/example_dags/example_dag_decorator.py
[2023-05-06T23:29:38.225+0000] {logging_mixin.py:149} INFO - [2023-05-06T23:29:38.224+0000] {taskmixin.py:211} WARNING - Dependency <Task(_PythonDecoratedOperator): prepare_email>, send_email already registered for DAG: example_dag_decorator
[2023-05-06T23:29:38.225+0000] {logging_mixin.py:149} INFO - [2023-05-06T23:29:38.225+0000] {taskmixin.py:211} WARNING - Dependency <Task(EmailOperator): send_email>, prepare_email already registered for DAG: example_dag_decorator
[2023-05-06T23:29:38.231+0000] {processor.py:809} INFO - DAG(s) dict_keys(['example_dag_decorator']) retrieved from /home/airflow/.local/lib/python3.7/site-packages/airflow/example_dags/example_dag_decorator.py
[2023-05-06T23:29:38.290+0000] {logging_mixin.py:149} INFO - [2023-05-06T23:29:38.290+0000] {dag.py:2726} INFO - Sync 1 DAGs
[2023-05-06T23:29:38.313+0000] {logging_mixin.py:149} INFO - [2023-05-06T23:29:38.313+0000] {dag.py:3490} INFO - Setting next_dagrun for example_dag_decorator to None, run_after=None
[2023-05-06T23:29:38.340+0000] {processor.py:178} INFO - Processing /home/airflow/.local/lib/python3.7/site-packages/airflow/example_dags/example_dag_decorator.py took 0.125 seconds
[2023-05-06T23:30:08.873+0000] {processor.py:156} INFO - Started process (PID=634) to work on /home/airflow/.local/lib/python3.7/site-packages/airflow/example_dags/example_dag_decorator.py
[2023-05-06T23:30:08.873+0000] {processor.py:799} INFO - Processing file /home/airflow/.local/lib/python3.7/site-packages/airflow/example_dags/example_dag_decorator.py for tasks to queue
[2023-05-06T23:30:08.874+0000] {logging_mixin.py:149} INFO - [2023-05-06T23:30:08.874+0000] {dagbag.py:541} INFO - Filling up the DagBag from /home/airflow/.local/lib/python3.7/site-packages/airflow/example_dags/example_dag_decorator.py
[2023-05-06T23:30:08.878+0000] {logging_mixin.py:149} INFO - [2023-05-06T23:30:08.878+0000] {taskmixin.py:211} WARNING - Dependency <Task(_PythonDecoratedOperator): prepare_email>, send_email already registered for DAG: example_dag_decorator
[2023-05-06T23:30:08.878+0000] {logging_mixin.py:149} INFO - [2023-05-06T23:30:08.878+0000] {taskmixin.py:211} WARNING - Dependency <Task(EmailOperator): send_email>, prepare_email already registered for DAG: example_dag_decorator
[2023-05-06T23:30:08.884+0000] {processor.py:809} INFO - DAG(s) dict_keys(['example_dag_decorator']) retrieved from /home/airflow/.local/lib/python3.7/site-packages/airflow/example_dags/example_dag_decorator.py
[2023-05-06T23:30:08.948+0000] {logging_mixin.py:149} INFO - [2023-05-06T23:30:08.948+0000] {dag.py:2726} INFO - Sync 1 DAGs
[2023-05-06T23:30:08.970+0000] {logging_mixin.py:149} INFO - [2023-05-06T23:30:08.970+0000] {dag.py:3490} INFO - Setting next_dagrun for example_dag_decorator to None, run_after=None
[2023-05-06T23:30:08.988+0000] {processor.py:178} INFO - Processing /home/airflow/.local/lib/python3.7/site-packages/airflow/example_dags/example_dag_decorator.py took 0.118 seconds
[2023-05-06T23:30:39.069+0000] {processor.py:156} INFO - Started process (PID=691) to work on /home/airflow/.local/lib/python3.7/site-packages/airflow/example_dags/example_dag_decorator.py
[2023-05-06T23:30:39.069+0000] {processor.py:799} INFO - Processing file /home/airflow/.local/lib/python3.7/site-packages/airflow/example_dags/example_dag_decorator.py for tasks to queue
[2023-05-06T23:30:39.070+0000] {logging_mixin.py:149} INFO - [2023-05-06T23:30:39.070+0000] {dagbag.py:541} INFO - Filling up the DagBag from /home/airflow/.local/lib/python3.7/site-packages/airflow/example_dags/example_dag_decorator.py
[2023-05-06T23:30:39.074+0000] {logging_mixin.py:149} INFO - [2023-05-06T23:30:39.074+0000] {taskmixin.py:211} WARNING - Dependency <Task(_PythonDecoratedOperator): prepare_email>, send_email already registered for DAG: example_dag_decorator
[2023-05-06T23:30:39.074+0000] {logging_mixin.py:149} INFO - [2023-05-06T23:30:39.074+0000] {taskmixin.py:211} WARNING - Dependency <Task(EmailOperator): send_email>, prepare_email already registered for DAG: example_dag_decorator
[2023-05-06T23:30:39.081+0000] {processor.py:809} INFO - DAG(s) dict_keys(['example_dag_decorator']) retrieved from /home/airflow/.local/lib/python3.7/site-packages/airflow/example_dags/example_dag_decorator.py
[2023-05-06T23:30:39.144+0000] {logging_mixin.py:149} INFO - [2023-05-06T23:30:39.143+0000] {dag.py:2726} INFO - Sync 1 DAGs
[2023-05-06T23:30:39.166+0000] {logging_mixin.py:149} INFO - [2023-05-06T23:30:39.166+0000] {dag.py:3490} INFO - Setting next_dagrun for example_dag_decorator to None, run_after=None
[2023-05-06T23:30:39.188+0000] {processor.py:178} INFO - Processing /home/airflow/.local/lib/python3.7/site-packages/airflow/example_dags/example_dag_decorator.py took 0.121 seconds
[2023-05-06T23:31:09.612+0000] {processor.py:156} INFO - Started process (PID=749) to work on /home/airflow/.local/lib/python3.7/site-packages/airflow/example_dags/example_dag_decorator.py
[2023-05-06T23:31:09.613+0000] {processor.py:799} INFO - Processing file /home/airflow/.local/lib/python3.7/site-packages/airflow/example_dags/example_dag_decorator.py for tasks to queue
[2023-05-06T23:31:09.614+0000] {logging_mixin.py:149} INFO - [2023-05-06T23:31:09.614+0000] {dagbag.py:541} INFO - Filling up the DagBag from /home/airflow/.local/lib/python3.7/site-packages/airflow/example_dags/example_dag_decorator.py
[2023-05-06T23:31:09.623+0000] {logging_mixin.py:149} INFO - [2023-05-06T23:31:09.623+0000] {taskmixin.py:211} WARNING - Dependency <Task(_PythonDecoratedOperator): prepare_email>, send_email already registered for DAG: example_dag_decorator
[2023-05-06T23:31:09.623+0000] {logging_mixin.py:149} INFO - [2023-05-06T23:31:09.623+0000] {taskmixin.py:211} WARNING - Dependency <Task(EmailOperator): send_email>, prepare_email already registered for DAG: example_dag_decorator
[2023-05-06T23:31:09.636+0000] {processor.py:809} INFO - DAG(s) dict_keys(['example_dag_decorator']) retrieved from /home/airflow/.local/lib/python3.7/site-packages/airflow/example_dags/example_dag_decorator.py
[2023-05-06T23:31:09.697+0000] {logging_mixin.py:149} INFO - [2023-05-06T23:31:09.697+0000] {dag.py:2726} INFO - Sync 1 DAGs
[2023-05-06T23:31:09.720+0000] {logging_mixin.py:149} INFO - [2023-05-06T23:31:09.719+0000] {dag.py:3490} INFO - Setting next_dagrun for example_dag_decorator to None, run_after=None
[2023-05-06T23:31:09.737+0000] {processor.py:178} INFO - Processing /home/airflow/.local/lib/python3.7/site-packages/airflow/example_dags/example_dag_decorator.py took 0.129 seconds
[2023-05-06T23:31:39.918+0000] {processor.py:156} INFO - Started process (PID=807) to work on /home/airflow/.local/lib/python3.7/site-packages/airflow/example_dags/example_dag_decorator.py
[2023-05-06T23:31:39.919+0000] {processor.py:799} INFO - Processing file /home/airflow/.local/lib/python3.7/site-packages/airflow/example_dags/example_dag_decorator.py for tasks to queue
[2023-05-06T23:31:39.919+0000] {logging_mixin.py:149} INFO - [2023-05-06T23:31:39.919+0000] {dagbag.py:541} INFO - Filling up the DagBag from /home/airflow/.local/lib/python3.7/site-packages/airflow/example_dags/example_dag_decorator.py
[2023-05-06T23:31:39.924+0000] {logging_mixin.py:149} INFO - [2023-05-06T23:31:39.923+0000] {taskmixin.py:211} WARNING - Dependency <Task(_PythonDecoratedOperator): prepare_email>, send_email already registered for DAG: example_dag_decorator
[2023-05-06T23:31:39.924+0000] {logging_mixin.py:149} INFO - [2023-05-06T23:31:39.924+0000] {taskmixin.py:211} WARNING - Dependency <Task(EmailOperator): send_email>, prepare_email already registered for DAG: example_dag_decorator
[2023-05-06T23:31:39.930+0000] {processor.py:809} INFO - DAG(s) dict_keys(['example_dag_decorator']) retrieved from /home/airflow/.local/lib/python3.7/site-packages/airflow/example_dags/example_dag_decorator.py
[2023-05-06T23:31:39.996+0000] {logging_mixin.py:149} INFO - [2023-05-06T23:31:39.996+0000] {dag.py:2726} INFO - Sync 1 DAGs
[2023-05-06T23:31:40.021+0000] {logging_mixin.py:149} INFO - [2023-05-06T23:31:40.021+0000] {dag.py:3490} INFO - Setting next_dagrun for example_dag_decorator to None, run_after=None
[2023-05-06T23:31:40.043+0000] {processor.py:178} INFO - Processing /home/airflow/.local/lib/python3.7/site-packages/airflow/example_dags/example_dag_decorator.py took 0.127 seconds
[2023-05-06T23:32:10.524+0000] {processor.py:156} INFO - Started process (PID=865) to work on /home/airflow/.local/lib/python3.7/site-packages/airflow/example_dags/example_dag_decorator.py
[2023-05-06T23:32:10.527+0000] {processor.py:799} INFO - Processing file /home/airflow/.local/lib/python3.7/site-packages/airflow/example_dags/example_dag_decorator.py for tasks to queue
[2023-05-06T23:32:10.527+0000] {logging_mixin.py:149} INFO - [2023-05-06T23:32:10.527+0000] {dagbag.py:541} INFO - Filling up the DagBag from /home/airflow/.local/lib/python3.7/site-packages/airflow/example_dags/example_dag_decorator.py
[2023-05-06T23:32:10.531+0000] {logging_mixin.py:149} INFO - [2023-05-06T23:32:10.531+0000] {taskmixin.py:211} WARNING - Dependency <Task(_PythonDecoratedOperator): prepare_email>, send_email already registered for DAG: example_dag_decorator
[2023-05-06T23:32:10.531+0000] {logging_mixin.py:149} INFO - [2023-05-06T23:32:10.531+0000] {taskmixin.py:211} WARNING - Dependency <Task(EmailOperator): send_email>, prepare_email already registered for DAG: example_dag_decorator
[2023-05-06T23:32:10.537+0000] {processor.py:809} INFO - DAG(s) dict_keys(['example_dag_decorator']) retrieved from /home/airflow/.local/lib/python3.7/site-packages/airflow/example_dags/example_dag_decorator.py
[2023-05-06T23:32:10.598+0000] {logging_mixin.py:149} INFO - [2023-05-06T23:32:10.598+0000] {dag.py:2726} INFO - Sync 1 DAGs
[2023-05-06T23:32:10.621+0000] {logging_mixin.py:149} INFO - [2023-05-06T23:32:10.620+0000] {dag.py:3490} INFO - Setting next_dagrun for example_dag_decorator to None, run_after=None
[2023-05-06T23:32:10.639+0000] {processor.py:178} INFO - Processing /home/airflow/.local/lib/python3.7/site-packages/airflow/example_dags/example_dag_decorator.py took 0.118 seconds
[2023-05-06T23:32:40.886+0000] {processor.py:156} INFO - Started process (PID=923) to work on /home/airflow/.local/lib/python3.7/site-packages/airflow/example_dags/example_dag_decorator.py
[2023-05-06T23:32:40.887+0000] {processor.py:799} INFO - Processing file /home/airflow/.local/lib/python3.7/site-packages/airflow/example_dags/example_dag_decorator.py for tasks to queue
[2023-05-06T23:32:40.887+0000] {logging_mixin.py:149} INFO - [2023-05-06T23:32:40.887+0000] {dagbag.py:541} INFO - Filling up the DagBag from /home/airflow/.local/lib/python3.7/site-packages/airflow/example_dags/example_dag_decorator.py
[2023-05-06T23:32:40.892+0000] {logging_mixin.py:149} INFO - [2023-05-06T23:32:40.891+0000] {taskmixin.py:211} WARNING - Dependency <Task(_PythonDecoratedOperator): prepare_email>, send_email already registered for DAG: example_dag_decorator
[2023-05-06T23:32:40.892+0000] {logging_mixin.py:149} INFO - [2023-05-06T23:32:40.892+0000] {taskmixin.py:211} WARNING - Dependency <Task(EmailOperator): send_email>, prepare_email already registered for DAG: example_dag_decorator
[2023-05-06T23:32:40.898+0000] {processor.py:809} INFO - DAG(s) dict_keys(['example_dag_decorator']) retrieved from /home/airflow/.local/lib/python3.7/site-packages/airflow/example_dags/example_dag_decorator.py
[2023-05-06T23:32:40.958+0000] {logging_mixin.py:149} INFO - [2023-05-06T23:32:40.958+0000] {dag.py:2726} INFO - Sync 1 DAGs
[2023-05-06T23:32:40.981+0000] {logging_mixin.py:149} INFO - [2023-05-06T23:32:40.981+0000] {dag.py:3490} INFO - Setting next_dagrun for example_dag_decorator to None, run_after=None
[2023-05-06T23:32:41.002+0000] {processor.py:178} INFO - Processing /home/airflow/.local/lib/python3.7/site-packages/airflow/example_dags/example_dag_decorator.py took 0.118 seconds
[2023-05-06T23:33:11.306+0000] {processor.py:156} INFO - Started process (PID=981) to work on /home/airflow/.local/lib/python3.7/site-packages/airflow/example_dags/example_dag_decorator.py
[2023-05-06T23:33:11.308+0000] {processor.py:799} INFO - Processing file /home/airflow/.local/lib/python3.7/site-packages/airflow/example_dags/example_dag_decorator.py for tasks to queue
[2023-05-06T23:33:11.309+0000] {logging_mixin.py:149} INFO - [2023-05-06T23:33:11.308+0000] {dagbag.py:541} INFO - Filling up the DagBag from /home/airflow/.local/lib/python3.7/site-packages/airflow/example_dags/example_dag_decorator.py
[2023-05-06T23:33:11.318+0000] {logging_mixin.py:149} INFO - [2023-05-06T23:33:11.318+0000] {taskmixin.py:211} WARNING - Dependency <Task(_PythonDecoratedOperator): prepare_email>, send_email already registered for DAG: example_dag_decorator
[2023-05-06T23:33:11.318+0000] {logging_mixin.py:149} INFO - [2023-05-06T23:33:11.318+0000] {taskmixin.py:211} WARNING - Dependency <Task(EmailOperator): send_email>, prepare_email already registered for DAG: example_dag_decorator
[2023-05-06T23:33:11.331+0000] {processor.py:809} INFO - DAG(s) dict_keys(['example_dag_decorator']) retrieved from /home/airflow/.local/lib/python3.7/site-packages/airflow/example_dags/example_dag_decorator.py
[2023-05-06T23:33:11.393+0000] {logging_mixin.py:149} INFO - [2023-05-06T23:33:11.393+0000] {dag.py:2726} INFO - Sync 1 DAGs
[2023-05-06T23:33:11.415+0000] {logging_mixin.py:149} INFO - [2023-05-06T23:33:11.415+0000] {dag.py:3490} INFO - Setting next_dagrun for example_dag_decorator to None, run_after=None
[2023-05-06T23:33:11.441+0000] {processor.py:178} INFO - Processing /home/airflow/.local/lib/python3.7/site-packages/airflow/example_dags/example_dag_decorator.py took 0.140 seconds
[2023-05-06T23:33:41.689+0000] {processor.py:156} INFO - Started process (PID=1040) to work on /home/airflow/.local/lib/python3.7/site-packages/airflow/example_dags/example_dag_decorator.py
[2023-05-06T23:33:41.692+0000] {processor.py:799} INFO - Processing file /home/airflow/.local/lib/python3.7/site-packages/airflow/example_dags/example_dag_decorator.py for tasks to queue
[2023-05-06T23:33:41.693+0000] {logging_mixin.py:149} INFO - [2023-05-06T23:33:41.693+0000] {dagbag.py:541} INFO - Filling up the DagBag from /home/airflow/.local/lib/python3.7/site-packages/airflow/example_dags/example_dag_decorator.py
[2023-05-06T23:33:41.697+0000] {logging_mixin.py:149} INFO - [2023-05-06T23:33:41.697+0000] {taskmixin.py:211} WARNING - Dependency <Task(_PythonDecoratedOperator): prepare_email>, send_email already registered for DAG: example_dag_decorator
[2023-05-06T23:33:41.697+0000] {logging_mixin.py:149} INFO - [2023-05-06T23:33:41.697+0000] {taskmixin.py:211} WARNING - Dependency <Task(EmailOperator): send_email>, prepare_email already registered for DAG: example_dag_decorator
[2023-05-06T23:33:41.703+0000] {processor.py:809} INFO - DAG(s) dict_keys(['example_dag_decorator']) retrieved from /home/airflow/.local/lib/python3.7/site-packages/airflow/example_dags/example_dag_decorator.py
[2023-05-06T23:33:41.765+0000] {logging_mixin.py:149} INFO - [2023-05-06T23:33:41.765+0000] {dag.py:2726} INFO - Sync 1 DAGs
[2023-05-06T23:33:41.787+0000] {logging_mixin.py:149} INFO - [2023-05-06T23:33:41.787+0000] {dag.py:3490} INFO - Setting next_dagrun for example_dag_decorator to None, run_after=None
[2023-05-06T23:33:41.805+0000] {processor.py:178} INFO - Processing /home/airflow/.local/lib/python3.7/site-packages/airflow/example_dags/example_dag_decorator.py took 0.119 seconds
[2023-05-06T23:34:12.038+0000] {processor.py:156} INFO - Started process (PID=1098) to work on /home/airflow/.local/lib/python3.7/site-packages/airflow/example_dags/example_dag_decorator.py
[2023-05-06T23:34:12.039+0000] {processor.py:799} INFO - Processing file /home/airflow/.local/lib/python3.7/site-packages/airflow/example_dags/example_dag_decorator.py for tasks to queue
[2023-05-06T23:34:12.040+0000] {logging_mixin.py:149} INFO - [2023-05-06T23:34:12.040+0000] {dagbag.py:541} INFO - Filling up the DagBag from /home/airflow/.local/lib/python3.7/site-packages/airflow/example_dags/example_dag_decorator.py
[2023-05-06T23:34:12.048+0000] {logging_mixin.py:149} INFO - [2023-05-06T23:34:12.048+0000] {taskmixin.py:211} WARNING - Dependency <Task(_PythonDecoratedOperator): prepare_email>, send_email already registered for DAG: example_dag_decorator
[2023-05-06T23:34:12.048+0000] {logging_mixin.py:149} INFO - [2023-05-06T23:34:12.048+0000] {taskmixin.py:211} WARNING - Dependency <Task(EmailOperator): send_email>, prepare_email already registered for DAG: example_dag_decorator
[2023-05-06T23:34:12.060+0000] {processor.py:809} INFO - DAG(s) dict_keys(['example_dag_decorator']) retrieved from /home/airflow/.local/lib/python3.7/site-packages/airflow/example_dags/example_dag_decorator.py
[2023-05-06T23:34:12.126+0000] {logging_mixin.py:149} INFO - [2023-05-06T23:34:12.126+0000] {dag.py:2726} INFO - Sync 1 DAGs
[2023-05-06T23:34:12.152+0000] {logging_mixin.py:149} INFO - [2023-05-06T23:34:12.151+0000] {dag.py:3490} INFO - Setting next_dagrun for example_dag_decorator to None, run_after=None
[2023-05-06T23:34:12.173+0000] {processor.py:178} INFO - Processing /home/airflow/.local/lib/python3.7/site-packages/airflow/example_dags/example_dag_decorator.py took 0.139 seconds
[2023-05-06T23:34:42.521+0000] {processor.py:156} INFO - Started process (PID=1156) to work on /home/airflow/.local/lib/python3.7/site-packages/airflow/example_dags/example_dag_decorator.py
[2023-05-06T23:34:42.524+0000] {processor.py:799} INFO - Processing file /home/airflow/.local/lib/python3.7/site-packages/airflow/example_dags/example_dag_decorator.py for tasks to queue
[2023-05-06T23:34:42.525+0000] {logging_mixin.py:149} INFO - [2023-05-06T23:34:42.525+0000] {dagbag.py:541} INFO - Filling up the DagBag from /home/airflow/.local/lib/python3.7/site-packages/airflow/example_dags/example_dag_decorator.py
[2023-05-06T23:34:42.530+0000] {logging_mixin.py:149} INFO - [2023-05-06T23:34:42.530+0000] {taskmixin.py:211} WARNING - Dependency <Task(_PythonDecoratedOperator): prepare_email>, send_email already registered for DAG: example_dag_decorator
[2023-05-06T23:34:42.530+0000] {logging_mixin.py:149} INFO - [2023-05-06T23:34:42.530+0000] {taskmixin.py:211} WARNING - Dependency <Task(EmailOperator): send_email>, prepare_email already registered for DAG: example_dag_decorator
[2023-05-06T23:34:42.536+0000] {processor.py:809} INFO - DAG(s) dict_keys(['example_dag_decorator']) retrieved from /home/airflow/.local/lib/python3.7/site-packages/airflow/example_dags/example_dag_decorator.py
[2023-05-06T23:34:42.616+0000] {logging_mixin.py:149} INFO - [2023-05-06T23:34:42.616+0000] {dag.py:2726} INFO - Sync 1 DAGs
[2023-05-06T23:34:42.637+0000] {logging_mixin.py:149} INFO - [2023-05-06T23:34:42.637+0000] {dag.py:3490} INFO - Setting next_dagrun for example_dag_decorator to None, run_after=None
[2023-05-06T23:34:42.663+0000] {processor.py:178} INFO - Processing /home/airflow/.local/lib/python3.7/site-packages/airflow/example_dags/example_dag_decorator.py took 0.144 seconds
[2023-05-06T23:35:13.121+0000] {processor.py:156} INFO - Started process (PID=1214) to work on /home/airflow/.local/lib/python3.7/site-packages/airflow/example_dags/example_dag_decorator.py
[2023-05-06T23:35:13.121+0000] {processor.py:799} INFO - Processing file /home/airflow/.local/lib/python3.7/site-packages/airflow/example_dags/example_dag_decorator.py for tasks to queue
[2023-05-06T23:35:13.122+0000] {logging_mixin.py:149} INFO - [2023-05-06T23:35:13.122+0000] {dagbag.py:541} INFO - Filling up the DagBag from /home/airflow/.local/lib/python3.7/site-packages/airflow/example_dags/example_dag_decorator.py
[2023-05-06T23:35:13.126+0000] {logging_mixin.py:149} INFO - [2023-05-06T23:35:13.126+0000] {taskmixin.py:211} WARNING - Dependency <Task(_PythonDecoratedOperator): prepare_email>, send_email already registered for DAG: example_dag_decorator
[2023-05-06T23:35:13.126+0000] {logging_mixin.py:149} INFO - [2023-05-06T23:35:13.126+0000] {taskmixin.py:211} WARNING - Dependency <Task(EmailOperator): send_email>, prepare_email already registered for DAG: example_dag_decorator
[2023-05-06T23:35:13.132+0000] {processor.py:809} INFO - DAG(s) dict_keys(['example_dag_decorator']) retrieved from /home/airflow/.local/lib/python3.7/site-packages/airflow/example_dags/example_dag_decorator.py
[2023-05-06T23:35:13.191+0000] {logging_mixin.py:149} INFO - [2023-05-06T23:35:13.191+0000] {dag.py:2726} INFO - Sync 1 DAGs
[2023-05-06T23:35:13.212+0000] {logging_mixin.py:149} INFO - [2023-05-06T23:35:13.212+0000] {dag.py:3490} INFO - Setting next_dagrun for example_dag_decorator to None, run_after=None
[2023-05-06T23:35:13.238+0000] {processor.py:178} INFO - Processing /home/airflow/.local/lib/python3.7/site-packages/airflow/example_dags/example_dag_decorator.py took 0.120 seconds
[2023-05-06T23:35:43.615+0000] {processor.py:156} INFO - Started process (PID=1272) to work on /home/airflow/.local/lib/python3.7/site-packages/airflow/example_dags/example_dag_decorator.py
[2023-05-06T23:35:43.616+0000] {processor.py:799} INFO - Processing file /home/airflow/.local/lib/python3.7/site-packages/airflow/example_dags/example_dag_decorator.py for tasks to queue
[2023-05-06T23:35:43.616+0000] {logging_mixin.py:149} INFO - [2023-05-06T23:35:43.616+0000] {dagbag.py:541} INFO - Filling up the DagBag from /home/airflow/.local/lib/python3.7/site-packages/airflow/example_dags/example_dag_decorator.py
[2023-05-06T23:35:43.620+0000] {logging_mixin.py:149} INFO - [2023-05-06T23:35:43.620+0000] {taskmixin.py:211} WARNING - Dependency <Task(_PythonDecoratedOperator): prepare_email>, send_email already registered for DAG: example_dag_decorator
[2023-05-06T23:35:43.620+0000] {logging_mixin.py:149} INFO - [2023-05-06T23:35:43.620+0000] {taskmixin.py:211} WARNING - Dependency <Task(EmailOperator): send_email>, prepare_email already registered for DAG: example_dag_decorator
[2023-05-06T23:35:43.626+0000] {processor.py:809} INFO - DAG(s) dict_keys(['example_dag_decorator']) retrieved from /home/airflow/.local/lib/python3.7/site-packages/airflow/example_dags/example_dag_decorator.py
[2023-05-06T23:35:43.684+0000] {logging_mixin.py:149} INFO - [2023-05-06T23:35:43.684+0000] {dag.py:2726} INFO - Sync 1 DAGs
[2023-05-06T23:35:43.707+0000] {logging_mixin.py:149} INFO - [2023-05-06T23:35:43.706+0000] {dag.py:3490} INFO - Setting next_dagrun for example_dag_decorator to None, run_after=None
[2023-05-06T23:35:43.724+0000] {processor.py:178} INFO - Processing /home/airflow/.local/lib/python3.7/site-packages/airflow/example_dags/example_dag_decorator.py took 0.111 seconds
[2023-05-06T23:36:13.996+0000] {processor.py:156} INFO - Started process (PID=1330) to work on /home/airflow/.local/lib/python3.7/site-packages/airflow/example_dags/example_dag_decorator.py
[2023-05-06T23:36:13.998+0000] {processor.py:799} INFO - Processing file /home/airflow/.local/lib/python3.7/site-packages/airflow/example_dags/example_dag_decorator.py for tasks to queue
[2023-05-06T23:36:13.999+0000] {logging_mixin.py:149} INFO - [2023-05-06T23:36:13.998+0000] {dagbag.py:541} INFO - Filling up the DagBag from /home/airflow/.local/lib/python3.7/site-packages/airflow/example_dags/example_dag_decorator.py
[2023-05-06T23:36:14.008+0000] {logging_mixin.py:149} INFO - [2023-05-06T23:36:14.007+0000] {taskmixin.py:211} WARNING - Dependency <Task(_PythonDecoratedOperator): prepare_email>, send_email already registered for DAG: example_dag_decorator
[2023-05-06T23:36:14.008+0000] {logging_mixin.py:149} INFO - [2023-05-06T23:36:14.008+0000] {taskmixin.py:211} WARNING - Dependency <Task(EmailOperator): send_email>, prepare_email already registered for DAG: example_dag_decorator
[2023-05-06T23:36:14.022+0000] {processor.py:809} INFO - DAG(s) dict_keys(['example_dag_decorator']) retrieved from /home/airflow/.local/lib/python3.7/site-packages/airflow/example_dags/example_dag_decorator.py
[2023-05-06T23:36:14.084+0000] {logging_mixin.py:149} INFO - [2023-05-06T23:36:14.084+0000] {dag.py:2726} INFO - Sync 1 DAGs
[2023-05-06T23:36:14.105+0000] {logging_mixin.py:149} INFO - [2023-05-06T23:36:14.105+0000] {dag.py:3490} INFO - Setting next_dagrun for example_dag_decorator to None, run_after=None
[2023-05-06T23:36:14.132+0000] {processor.py:178} INFO - Processing /home/airflow/.local/lib/python3.7/site-packages/airflow/example_dags/example_dag_decorator.py took 0.141 seconds
[2023-05-06T23:36:44.537+0000] {processor.py:156} INFO - Started process (PID=1388) to work on /home/airflow/.local/lib/python3.7/site-packages/airflow/example_dags/example_dag_decorator.py
[2023-05-06T23:36:44.537+0000] {processor.py:799} INFO - Processing file /home/airflow/.local/lib/python3.7/site-packages/airflow/example_dags/example_dag_decorator.py for tasks to queue
[2023-05-06T23:36:44.538+0000] {logging_mixin.py:149} INFO - [2023-05-06T23:36:44.538+0000] {dagbag.py:541} INFO - Filling up the DagBag from /home/airflow/.local/lib/python3.7/site-packages/airflow/example_dags/example_dag_decorator.py
[2023-05-06T23:36:44.542+0000] {logging_mixin.py:149} INFO - [2023-05-06T23:36:44.542+0000] {taskmixin.py:211} WARNING - Dependency <Task(_PythonDecoratedOperator): prepare_email>, send_email already registered for DAG: example_dag_decorator
[2023-05-06T23:36:44.542+0000] {logging_mixin.py:149} INFO - [2023-05-06T23:36:44.542+0000] {taskmixin.py:211} WARNING - Dependency <Task(EmailOperator): send_email>, prepare_email already registered for DAG: example_dag_decorator
[2023-05-06T23:36:44.548+0000] {processor.py:809} INFO - DAG(s) dict_keys(['example_dag_decorator']) retrieved from /home/airflow/.local/lib/python3.7/site-packages/airflow/example_dags/example_dag_decorator.py
[2023-05-06T23:36:44.612+0000] {logging_mixin.py:149} INFO - [2023-05-06T23:36:44.612+0000] {dag.py:2726} INFO - Sync 1 DAGs
[2023-05-06T23:36:44.636+0000] {logging_mixin.py:149} INFO - [2023-05-06T23:36:44.636+0000] {dag.py:3490} INFO - Setting next_dagrun for example_dag_decorator to None, run_after=None
[2023-05-06T23:36:44.663+0000] {processor.py:178} INFO - Processing /home/airflow/.local/lib/python3.7/site-packages/airflow/example_dags/example_dag_decorator.py took 0.129 seconds
[2023-05-06T23:37:15.186+0000] {processor.py:156} INFO - Started process (PID=1446) to work on /home/airflow/.local/lib/python3.7/site-packages/airflow/example_dags/example_dag_decorator.py
[2023-05-06T23:37:15.187+0000] {processor.py:799} INFO - Processing file /home/airflow/.local/lib/python3.7/site-packages/airflow/example_dags/example_dag_decorator.py for tasks to queue
[2023-05-06T23:37:15.188+0000] {logging_mixin.py:149} INFO - [2023-05-06T23:37:15.188+0000] {dagbag.py:541} INFO - Filling up the DagBag from /home/airflow/.local/lib/python3.7/site-packages/airflow/example_dags/example_dag_decorator.py
[2023-05-06T23:37:15.197+0000] {logging_mixin.py:149} INFO - [2023-05-06T23:37:15.197+0000] {taskmixin.py:211} WARNING - Dependency <Task(_PythonDecoratedOperator): prepare_email>, send_email already registered for DAG: example_dag_decorator
[2023-05-06T23:37:15.198+0000] {logging_mixin.py:149} INFO - [2023-05-06T23:37:15.198+0000] {taskmixin.py:211} WARNING - Dependency <Task(EmailOperator): send_email>, prepare_email already registered for DAG: example_dag_decorator
[2023-05-06T23:37:15.211+0000] {processor.py:809} INFO - DAG(s) dict_keys(['example_dag_decorator']) retrieved from /home/airflow/.local/lib/python3.7/site-packages/airflow/example_dags/example_dag_decorator.py
[2023-05-06T23:37:15.278+0000] {logging_mixin.py:149} INFO - [2023-05-06T23:37:15.278+0000] {dag.py:2726} INFO - Sync 1 DAGs
[2023-05-06T23:37:15.305+0000] {logging_mixin.py:149} INFO - [2023-05-06T23:37:15.305+0000] {dag.py:3490} INFO - Setting next_dagrun for example_dag_decorator to None, run_after=None
[2023-05-06T23:37:15.333+0000] {processor.py:178} INFO - Processing /home/airflow/.local/lib/python3.7/site-packages/airflow/example_dags/example_dag_decorator.py took 0.151 seconds
[2023-05-06T23:37:45.804+0000] {processor.py:156} INFO - Started process (PID=1504) to work on /home/airflow/.local/lib/python3.7/site-packages/airflow/example_dags/example_dag_decorator.py
[2023-05-06T23:37:45.805+0000] {processor.py:799} INFO - Processing file /home/airflow/.local/lib/python3.7/site-packages/airflow/example_dags/example_dag_decorator.py for tasks to queue
[2023-05-06T23:37:45.806+0000] {logging_mixin.py:149} INFO - [2023-05-06T23:37:45.806+0000] {dagbag.py:541} INFO - Filling up the DagBag from /home/airflow/.local/lib/python3.7/site-packages/airflow/example_dags/example_dag_decorator.py
[2023-05-06T23:37:45.815+0000] {logging_mixin.py:149} INFO - [2023-05-06T23:37:45.815+0000] {taskmixin.py:211} WARNING - Dependency <Task(_PythonDecoratedOperator): prepare_email>, send_email already registered for DAG: example_dag_decorator
[2023-05-06T23:37:45.816+0000] {logging_mixin.py:149} INFO - [2023-05-06T23:37:45.816+0000] {taskmixin.py:211} WARNING - Dependency <Task(EmailOperator): send_email>, prepare_email already registered for DAG: example_dag_decorator
[2023-05-06T23:37:45.830+0000] {processor.py:809} INFO - DAG(s) dict_keys(['example_dag_decorator']) retrieved from /home/airflow/.local/lib/python3.7/site-packages/airflow/example_dags/example_dag_decorator.py
[2023-05-06T23:37:45.895+0000] {logging_mixin.py:149} INFO - [2023-05-06T23:37:45.895+0000] {dag.py:2726} INFO - Sync 1 DAGs
[2023-05-06T23:37:45.917+0000] {logging_mixin.py:149} INFO - [2023-05-06T23:37:45.917+0000] {dag.py:3490} INFO - Setting next_dagrun for example_dag_decorator to None, run_after=None
[2023-05-06T23:37:45.944+0000] {processor.py:178} INFO - Processing /home/airflow/.local/lib/python3.7/site-packages/airflow/example_dags/example_dag_decorator.py took 0.145 seconds
[2023-05-06T23:38:16.464+0000] {processor.py:156} INFO - Started process (PID=1562) to work on /home/airflow/.local/lib/python3.7/site-packages/airflow/example_dags/example_dag_decorator.py
[2023-05-06T23:38:16.465+0000] {processor.py:799} INFO - Processing file /home/airflow/.local/lib/python3.7/site-packages/airflow/example_dags/example_dag_decorator.py for tasks to queue
[2023-05-06T23:38:16.466+0000] {logging_mixin.py:149} INFO - [2023-05-06T23:38:16.466+0000] {dagbag.py:541} INFO - Filling up the DagBag from /home/airflow/.local/lib/python3.7/site-packages/airflow/example_dags/example_dag_decorator.py
[2023-05-06T23:38:16.475+0000] {logging_mixin.py:149} INFO - [2023-05-06T23:38:16.474+0000] {taskmixin.py:211} WARNING - Dependency <Task(_PythonDecoratedOperator): prepare_email>, send_email already registered for DAG: example_dag_decorator
[2023-05-06T23:38:16.475+0000] {logging_mixin.py:149} INFO - [2023-05-06T23:38:16.475+0000] {taskmixin.py:211} WARNING - Dependency <Task(EmailOperator): send_email>, prepare_email already registered for DAG: example_dag_decorator
[2023-05-06T23:38:16.487+0000] {processor.py:809} INFO - DAG(s) dict_keys(['example_dag_decorator']) retrieved from /home/airflow/.local/lib/python3.7/site-packages/airflow/example_dags/example_dag_decorator.py
[2023-05-06T23:38:16.547+0000] {logging_mixin.py:149} INFO - [2023-05-06T23:38:16.547+0000] {dag.py:2726} INFO - Sync 1 DAGs
[2023-05-06T23:38:16.569+0000] {logging_mixin.py:149} INFO - [2023-05-06T23:38:16.569+0000] {dag.py:3490} INFO - Setting next_dagrun for example_dag_decorator to None, run_after=None
[2023-05-06T23:38:16.595+0000] {processor.py:178} INFO - Processing /home/airflow/.local/lib/python3.7/site-packages/airflow/example_dags/example_dag_decorator.py took 0.135 seconds
[2023-05-06T23:38:46.624+0000] {processor.py:156} INFO - Started process (PID=1619) to work on /home/airflow/.local/lib/python3.7/site-packages/airflow/example_dags/example_dag_decorator.py
[2023-05-06T23:38:46.625+0000] {processor.py:799} INFO - Processing file /home/airflow/.local/lib/python3.7/site-packages/airflow/example_dags/example_dag_decorator.py for tasks to queue
[2023-05-06T23:38:46.626+0000] {logging_mixin.py:149} INFO - [2023-05-06T23:38:46.626+0000] {dagbag.py:541} INFO - Filling up the DagBag from /home/airflow/.local/lib/python3.7/site-packages/airflow/example_dags/example_dag_decorator.py
[2023-05-06T23:38:46.636+0000] {logging_mixin.py:149} INFO - [2023-05-06T23:38:46.636+0000] {taskmixin.py:211} WARNING - Dependency <Task(_PythonDecoratedOperator): prepare_email>, send_email already registered for DAG: example_dag_decorator
[2023-05-06T23:38:46.636+0000] {logging_mixin.py:149} INFO - [2023-05-06T23:38:46.636+0000] {taskmixin.py:211} WARNING - Dependency <Task(EmailOperator): send_email>, prepare_email already registered for DAG: example_dag_decorator
[2023-05-06T23:38:46.650+0000] {processor.py:809} INFO - DAG(s) dict_keys(['example_dag_decorator']) retrieved from /home/airflow/.local/lib/python3.7/site-packages/airflow/example_dags/example_dag_decorator.py
[2023-05-06T23:38:46.717+0000] {logging_mixin.py:149} INFO - [2023-05-06T23:38:46.717+0000] {dag.py:2726} INFO - Sync 1 DAGs
[2023-05-06T23:38:46.739+0000] {logging_mixin.py:149} INFO - [2023-05-06T23:38:46.739+0000] {dag.py:3490} INFO - Setting next_dagrun for example_dag_decorator to None, run_after=None
[2023-05-06T23:38:46.763+0000] {processor.py:178} INFO - Processing /home/airflow/.local/lib/python3.7/site-packages/airflow/example_dags/example_dag_decorator.py took 0.143 seconds
[2023-05-06T23:39:17.642+0000] {processor.py:156} INFO - Started process (PID=1678) to work on /home/airflow/.local/lib/python3.7/site-packages/airflow/example_dags/example_dag_decorator.py
[2023-05-06T23:39:17.643+0000] {processor.py:799} INFO - Processing file /home/airflow/.local/lib/python3.7/site-packages/airflow/example_dags/example_dag_decorator.py for tasks to queue
[2023-05-06T23:39:17.643+0000] {logging_mixin.py:149} INFO - [2023-05-06T23:39:17.643+0000] {dagbag.py:541} INFO - Filling up the DagBag from /home/airflow/.local/lib/python3.7/site-packages/airflow/example_dags/example_dag_decorator.py
[2023-05-06T23:39:17.648+0000] {logging_mixin.py:149} INFO - [2023-05-06T23:39:17.648+0000] {taskmixin.py:211} WARNING - Dependency <Task(_PythonDecoratedOperator): prepare_email>, send_email already registered for DAG: example_dag_decorator
[2023-05-06T23:39:17.649+0000] {logging_mixin.py:149} INFO - [2023-05-06T23:39:17.649+0000] {taskmixin.py:211} WARNING - Dependency <Task(EmailOperator): send_email>, prepare_email already registered for DAG: example_dag_decorator
[2023-05-06T23:39:17.654+0000] {processor.py:809} INFO - DAG(s) dict_keys(['example_dag_decorator']) retrieved from /home/airflow/.local/lib/python3.7/site-packages/airflow/example_dags/example_dag_decorator.py
[2023-05-06T23:39:17.716+0000] {logging_mixin.py:149} INFO - [2023-05-06T23:39:17.715+0000] {dag.py:2726} INFO - Sync 1 DAGs
[2023-05-06T23:39:17.738+0000] {logging_mixin.py:149} INFO - [2023-05-06T23:39:17.738+0000] {dag.py:3490} INFO - Setting next_dagrun for example_dag_decorator to None, run_after=None
[2023-05-06T23:39:17.768+0000] {processor.py:178} INFO - Processing /home/airflow/.local/lib/python3.7/site-packages/airflow/example_dags/example_dag_decorator.py took 0.128 seconds
[2023-05-06T23:39:47.937+0000] {processor.py:156} INFO - Started process (PID=1737) to work on /home/airflow/.local/lib/python3.7/site-packages/airflow/example_dags/example_dag_decorator.py
[2023-05-06T23:39:47.939+0000] {processor.py:799} INFO - Processing file /home/airflow/.local/lib/python3.7/site-packages/airflow/example_dags/example_dag_decorator.py for tasks to queue
[2023-05-06T23:39:47.940+0000] {logging_mixin.py:149} INFO - [2023-05-06T23:39:47.940+0000] {dagbag.py:541} INFO - Filling up the DagBag from /home/airflow/.local/lib/python3.7/site-packages/airflow/example_dags/example_dag_decorator.py
[2023-05-06T23:39:47.950+0000] {logging_mixin.py:149} INFO - [2023-05-06T23:39:47.950+0000] {taskmixin.py:211} WARNING - Dependency <Task(_PythonDecoratedOperator): prepare_email>, send_email already registered for DAG: example_dag_decorator
[2023-05-06T23:39:47.951+0000] {logging_mixin.py:149} INFO - [2023-05-06T23:39:47.951+0000] {taskmixin.py:211} WARNING - Dependency <Task(EmailOperator): send_email>, prepare_email already registered for DAG: example_dag_decorator
[2023-05-06T23:39:47.962+0000] {processor.py:809} INFO - DAG(s) dict_keys(['example_dag_decorator']) retrieved from /home/airflow/.local/lib/python3.7/site-packages/airflow/example_dags/example_dag_decorator.py
[2023-05-06T23:39:48.022+0000] {logging_mixin.py:149} INFO - [2023-05-06T23:39:48.022+0000] {dag.py:2726} INFO - Sync 1 DAGs
[2023-05-06T23:39:48.043+0000] {logging_mixin.py:149} INFO - [2023-05-06T23:39:48.043+0000] {dag.py:3490} INFO - Setting next_dagrun for example_dag_decorator to None, run_after=None
[2023-05-06T23:39:48.068+0000] {processor.py:178} INFO - Processing /home/airflow/.local/lib/python3.7/site-packages/airflow/example_dags/example_dag_decorator.py took 0.136 seconds
[2023-05-06T23:40:18.266+0000] {processor.py:156} INFO - Started process (PID=1795) to work on /home/airflow/.local/lib/python3.7/site-packages/airflow/example_dags/example_dag_decorator.py
[2023-05-06T23:40:18.268+0000] {processor.py:799} INFO - Processing file /home/airflow/.local/lib/python3.7/site-packages/airflow/example_dags/example_dag_decorator.py for tasks to queue
[2023-05-06T23:40:18.269+0000] {logging_mixin.py:149} INFO - [2023-05-06T23:40:18.269+0000] {dagbag.py:541} INFO - Filling up the DagBag from /home/airflow/.local/lib/python3.7/site-packages/airflow/example_dags/example_dag_decorator.py
[2023-05-06T23:40:18.276+0000] {logging_mixin.py:149} INFO - [2023-05-06T23:40:18.276+0000] {taskmixin.py:211} WARNING - Dependency <Task(_PythonDecoratedOperator): prepare_email>, send_email already registered for DAG: example_dag_decorator
[2023-05-06T23:40:18.277+0000] {logging_mixin.py:149} INFO - [2023-05-06T23:40:18.277+0000] {taskmixin.py:211} WARNING - Dependency <Task(EmailOperator): send_email>, prepare_email already registered for DAG: example_dag_decorator
[2023-05-06T23:40:18.288+0000] {processor.py:809} INFO - DAG(s) dict_keys(['example_dag_decorator']) retrieved from /home/airflow/.local/lib/python3.7/site-packages/airflow/example_dags/example_dag_decorator.py
[2023-05-06T23:40:18.354+0000] {logging_mixin.py:149} INFO - [2023-05-06T23:40:18.354+0000] {dag.py:2726} INFO - Sync 1 DAGs
[2023-05-06T23:40:18.377+0000] {logging_mixin.py:149} INFO - [2023-05-06T23:40:18.377+0000] {dag.py:3490} INFO - Setting next_dagrun for example_dag_decorator to None, run_after=None
[2023-05-06T23:40:18.404+0000] {processor.py:178} INFO - Processing /home/airflow/.local/lib/python3.7/site-packages/airflow/example_dags/example_dag_decorator.py took 0.142 seconds
[2023-05-06T23:40:48.605+0000] {processor.py:156} INFO - Started process (PID=1854) to work on /home/airflow/.local/lib/python3.7/site-packages/airflow/example_dags/example_dag_decorator.py
[2023-05-06T23:40:48.605+0000] {processor.py:799} INFO - Processing file /home/airflow/.local/lib/python3.7/site-packages/airflow/example_dags/example_dag_decorator.py for tasks to queue
[2023-05-06T23:40:48.606+0000] {logging_mixin.py:149} INFO - [2023-05-06T23:40:48.605+0000] {dagbag.py:541} INFO - Filling up the DagBag from /home/airflow/.local/lib/python3.7/site-packages/airflow/example_dags/example_dag_decorator.py
[2023-05-06T23:40:48.610+0000] {logging_mixin.py:149} INFO - [2023-05-06T23:40:48.610+0000] {taskmixin.py:211} WARNING - Dependency <Task(_PythonDecoratedOperator): prepare_email>, send_email already registered for DAG: example_dag_decorator
[2023-05-06T23:40:48.610+0000] {logging_mixin.py:149} INFO - [2023-05-06T23:40:48.610+0000] {taskmixin.py:211} WARNING - Dependency <Task(EmailOperator): send_email>, prepare_email already registered for DAG: example_dag_decorator
[2023-05-06T23:40:48.616+0000] {processor.py:809} INFO - DAG(s) dict_keys(['example_dag_decorator']) retrieved from /home/airflow/.local/lib/python3.7/site-packages/airflow/example_dags/example_dag_decorator.py
[2023-05-06T23:40:48.681+0000] {logging_mixin.py:149} INFO - [2023-05-06T23:40:48.681+0000] {dag.py:2726} INFO - Sync 1 DAGs
[2023-05-06T23:40:48.705+0000] {logging_mixin.py:149} INFO - [2023-05-06T23:40:48.705+0000] {dag.py:3490} INFO - Setting next_dagrun for example_dag_decorator to None, run_after=None
[2023-05-06T23:40:48.732+0000] {processor.py:178} INFO - Processing /home/airflow/.local/lib/python3.7/site-packages/airflow/example_dags/example_dag_decorator.py took 0.129 seconds
[2023-05-06T23:41:18.939+0000] {processor.py:156} INFO - Started process (PID=1912) to work on /home/airflow/.local/lib/python3.7/site-packages/airflow/example_dags/example_dag_decorator.py
[2023-05-06T23:41:18.942+0000] {processor.py:799} INFO - Processing file /home/airflow/.local/lib/python3.7/site-packages/airflow/example_dags/example_dag_decorator.py for tasks to queue
[2023-05-06T23:41:18.943+0000] {logging_mixin.py:149} INFO - [2023-05-06T23:41:18.943+0000] {dagbag.py:541} INFO - Filling up the DagBag from /home/airflow/.local/lib/python3.7/site-packages/airflow/example_dags/example_dag_decorator.py
[2023-05-06T23:41:18.947+0000] {logging_mixin.py:149} INFO - [2023-05-06T23:41:18.947+0000] {taskmixin.py:211} WARNING - Dependency <Task(_PythonDecoratedOperator): prepare_email>, send_email already registered for DAG: example_dag_decorator
[2023-05-06T23:41:18.947+0000] {logging_mixin.py:149} INFO - [2023-05-06T23:41:18.947+0000] {taskmixin.py:211} WARNING - Dependency <Task(EmailOperator): send_email>, prepare_email already registered for DAG: example_dag_decorator
[2023-05-06T23:41:18.953+0000] {processor.py:809} INFO - DAG(s) dict_keys(['example_dag_decorator']) retrieved from /home/airflow/.local/lib/python3.7/site-packages/airflow/example_dags/example_dag_decorator.py
[2023-05-06T23:41:19.029+0000] {logging_mixin.py:149} INFO - [2023-05-06T23:41:19.029+0000] {dag.py:2726} INFO - Sync 1 DAGs
[2023-05-06T23:41:19.052+0000] {logging_mixin.py:149} INFO - [2023-05-06T23:41:19.051+0000] {dag.py:3490} INFO - Setting next_dagrun for example_dag_decorator to None, run_after=None
[2023-05-06T23:41:19.080+0000] {processor.py:178} INFO - Processing /home/airflow/.local/lib/python3.7/site-packages/airflow/example_dags/example_dag_decorator.py took 0.143 seconds
[2023-05-06T23:41:49.271+0000] {processor.py:156} INFO - Started process (PID=1970) to work on /home/airflow/.local/lib/python3.7/site-packages/airflow/example_dags/example_dag_decorator.py
[2023-05-06T23:41:49.272+0000] {processor.py:799} INFO - Processing file /home/airflow/.local/lib/python3.7/site-packages/airflow/example_dags/example_dag_decorator.py for tasks to queue
[2023-05-06T23:41:49.273+0000] {logging_mixin.py:149} INFO - [2023-05-06T23:41:49.273+0000] {dagbag.py:541} INFO - Filling up the DagBag from /home/airflow/.local/lib/python3.7/site-packages/airflow/example_dags/example_dag_decorator.py
[2023-05-06T23:41:49.282+0000] {logging_mixin.py:149} INFO - [2023-05-06T23:41:49.282+0000] {taskmixin.py:211} WARNING - Dependency <Task(_PythonDecoratedOperator): prepare_email>, send_email already registered for DAG: example_dag_decorator
[2023-05-06T23:41:49.283+0000] {logging_mixin.py:149} INFO - [2023-05-06T23:41:49.283+0000] {taskmixin.py:211} WARNING - Dependency <Task(EmailOperator): send_email>, prepare_email already registered for DAG: example_dag_decorator
[2023-05-06T23:41:49.297+0000] {processor.py:809} INFO - DAG(s) dict_keys(['example_dag_decorator']) retrieved from /home/airflow/.local/lib/python3.7/site-packages/airflow/example_dags/example_dag_decorator.py
[2023-05-06T23:41:49.379+0000] {logging_mixin.py:149} INFO - [2023-05-06T23:41:49.379+0000] {dag.py:2726} INFO - Sync 1 DAGs
[2023-05-06T23:41:49.403+0000] {logging_mixin.py:149} INFO - [2023-05-06T23:41:49.403+0000] {dag.py:3490} INFO - Setting next_dagrun for example_dag_decorator to None, run_after=None
[2023-05-06T23:41:49.429+0000] {processor.py:178} INFO - Processing /home/airflow/.local/lib/python3.7/site-packages/airflow/example_dags/example_dag_decorator.py took 0.162 seconds
[2023-05-06T23:42:19.561+0000] {processor.py:156} INFO - Started process (PID=2028) to work on /home/airflow/.local/lib/python3.7/site-packages/airflow/example_dags/example_dag_decorator.py
[2023-05-06T23:42:19.562+0000] {processor.py:799} INFO - Processing file /home/airflow/.local/lib/python3.7/site-packages/airflow/example_dags/example_dag_decorator.py for tasks to queue
[2023-05-06T23:42:19.563+0000] {logging_mixin.py:149} INFO - [2023-05-06T23:42:19.562+0000] {dagbag.py:541} INFO - Filling up the DagBag from /home/airflow/.local/lib/python3.7/site-packages/airflow/example_dags/example_dag_decorator.py
[2023-05-06T23:42:19.567+0000] {logging_mixin.py:149} INFO - [2023-05-06T23:42:19.567+0000] {taskmixin.py:211} WARNING - Dependency <Task(_PythonDecoratedOperator): prepare_email>, send_email already registered for DAG: example_dag_decorator
[2023-05-06T23:42:19.567+0000] {logging_mixin.py:149} INFO - [2023-05-06T23:42:19.567+0000] {taskmixin.py:211} WARNING - Dependency <Task(EmailOperator): send_email>, prepare_email already registered for DAG: example_dag_decorator
[2023-05-06T23:42:19.574+0000] {processor.py:809} INFO - DAG(s) dict_keys(['example_dag_decorator']) retrieved from /home/airflow/.local/lib/python3.7/site-packages/airflow/example_dags/example_dag_decorator.py
[2023-05-06T23:42:19.635+0000] {logging_mixin.py:149} INFO - [2023-05-06T23:42:19.635+0000] {dag.py:2726} INFO - Sync 1 DAGs
[2023-05-06T23:42:19.658+0000] {logging_mixin.py:149} INFO - [2023-05-06T23:42:19.658+0000] {dag.py:3490} INFO - Setting next_dagrun for example_dag_decorator to None, run_after=None
[2023-05-06T23:42:19.685+0000] {processor.py:178} INFO - Processing /home/airflow/.local/lib/python3.7/site-packages/airflow/example_dags/example_dag_decorator.py took 0.126 seconds
[2023-05-06T23:42:50.063+0000] {processor.py:156} INFO - Started process (PID=2086) to work on /home/airflow/.local/lib/python3.7/site-packages/airflow/example_dags/example_dag_decorator.py
[2023-05-06T23:42:50.064+0000] {processor.py:799} INFO - Processing file /home/airflow/.local/lib/python3.7/site-packages/airflow/example_dags/example_dag_decorator.py for tasks to queue
[2023-05-06T23:42:50.065+0000] {logging_mixin.py:149} INFO - [2023-05-06T23:42:50.064+0000] {dagbag.py:541} INFO - Filling up the DagBag from /home/airflow/.local/lib/python3.7/site-packages/airflow/example_dags/example_dag_decorator.py
[2023-05-06T23:42:50.073+0000] {logging_mixin.py:149} INFO - [2023-05-06T23:42:50.073+0000] {taskmixin.py:211} WARNING - Dependency <Task(_PythonDecoratedOperator): prepare_email>, send_email already registered for DAG: example_dag_decorator
[2023-05-06T23:42:50.074+0000] {logging_mixin.py:149} INFO - [2023-05-06T23:42:50.073+0000] {taskmixin.py:211} WARNING - Dependency <Task(EmailOperator): send_email>, prepare_email already registered for DAG: example_dag_decorator
[2023-05-06T23:42:50.087+0000] {processor.py:809} INFO - DAG(s) dict_keys(['example_dag_decorator']) retrieved from /home/airflow/.local/lib/python3.7/site-packages/airflow/example_dags/example_dag_decorator.py
[2023-05-06T23:42:50.153+0000] {logging_mixin.py:149} INFO - [2023-05-06T23:42:50.153+0000] {dag.py:2726} INFO - Sync 1 DAGs
[2023-05-06T23:42:50.176+0000] {logging_mixin.py:149} INFO - [2023-05-06T23:42:50.176+0000] {dag.py:3490} INFO - Setting next_dagrun for example_dag_decorator to None, run_after=None
[2023-05-06T23:42:50.198+0000] {processor.py:178} INFO - Processing /home/airflow/.local/lib/python3.7/site-packages/airflow/example_dags/example_dag_decorator.py took 0.140 seconds
[2023-05-06T23:43:20.463+0000] {processor.py:156} INFO - Started process (PID=2144) to work on /home/airflow/.local/lib/python3.7/site-packages/airflow/example_dags/example_dag_decorator.py
[2023-05-06T23:43:20.464+0000] {processor.py:799} INFO - Processing file /home/airflow/.local/lib/python3.7/site-packages/airflow/example_dags/example_dag_decorator.py for tasks to queue
[2023-05-06T23:43:20.465+0000] {logging_mixin.py:149} INFO - [2023-05-06T23:43:20.465+0000] {dagbag.py:541} INFO - Filling up the DagBag from /home/airflow/.local/lib/python3.7/site-packages/airflow/example_dags/example_dag_decorator.py
[2023-05-06T23:43:20.473+0000] {logging_mixin.py:149} INFO - [2023-05-06T23:43:20.473+0000] {taskmixin.py:211} WARNING - Dependency <Task(_PythonDecoratedOperator): prepare_email>, send_email already registered for DAG: example_dag_decorator
[2023-05-06T23:43:20.474+0000] {logging_mixin.py:149} INFO - [2023-05-06T23:43:20.474+0000] {taskmixin.py:211} WARNING - Dependency <Task(EmailOperator): send_email>, prepare_email already registered for DAG: example_dag_decorator
[2023-05-06T23:43:20.485+0000] {processor.py:809} INFO - DAG(s) dict_keys(['example_dag_decorator']) retrieved from /home/airflow/.local/lib/python3.7/site-packages/airflow/example_dags/example_dag_decorator.py
[2023-05-06T23:43:20.547+0000] {logging_mixin.py:149} INFO - [2023-05-06T23:43:20.547+0000] {dag.py:2726} INFO - Sync 1 DAGs
[2023-05-06T23:43:20.571+0000] {logging_mixin.py:149} INFO - [2023-05-06T23:43:20.571+0000] {dag.py:3490} INFO - Setting next_dagrun for example_dag_decorator to None, run_after=None
[2023-05-06T23:43:20.592+0000] {processor.py:178} INFO - Processing /home/airflow/.local/lib/python3.7/site-packages/airflow/example_dags/example_dag_decorator.py took 0.134 seconds
