[2023-05-06T23:25:03.966+0000] {processor.py:156} INFO - Started process (PID=68) to work on /home/airflow/.local/lib/python3.7/site-packages/airflow/example_dags/example_latest_only_with_trigger.py
[2023-05-06T23:25:03.967+0000] {processor.py:799} INFO - Processing file /home/airflow/.local/lib/python3.7/site-packages/airflow/example_dags/example_latest_only_with_trigger.py for tasks to queue
[2023-05-06T23:25:03.968+0000] {logging_mixin.py:149} INFO - [2023-05-06T23:25:03.967+0000] {dagbag.py:541} INFO - Filling up the DagBag from /home/airflow/.local/lib/python3.7/site-packages/airflow/example_dags/example_latest_only_with_trigger.py
[2023-05-06T23:25:03.974+0000] {processor.py:809} INFO - DAG(s) dict_keys(['latest_only_with_trigger']) retrieved from /home/airflow/.local/lib/python3.7/site-packages/airflow/example_dags/example_latest_only_with_trigger.py
[2023-05-06T23:25:03.986+0000] {logging_mixin.py:149} INFO - [2023-05-06T23:25:03.986+0000] {dag.py:2726} INFO - Sync 1 DAGs
[2023-05-06T23:25:04.015+0000] {logging_mixin.py:149} INFO - [2023-05-06T23:25:04.014+0000] {dag.py:3490} INFO - Setting next_dagrun for latest_only_with_trigger to 2023-05-06T19:25:04.014739+00:00, run_after=2023-05-06T23:25:04.014739+00:00
[2023-05-06T23:25:04.034+0000] {processor.py:178} INFO - Processing /home/airflow/.local/lib/python3.7/site-packages/airflow/example_dags/example_latest_only_with_trigger.py took 0.071 seconds
[2023-05-06T23:25:34.832+0000] {processor.py:156} INFO - Started process (PID=126) to work on /home/airflow/.local/lib/python3.7/site-packages/airflow/example_dags/example_latest_only_with_trigger.py
[2023-05-06T23:25:34.833+0000] {processor.py:799} INFO - Processing file /home/airflow/.local/lib/python3.7/site-packages/airflow/example_dags/example_latest_only_with_trigger.py for tasks to queue
[2023-05-06T23:25:34.834+0000] {logging_mixin.py:149} INFO - [2023-05-06T23:25:34.834+0000] {dagbag.py:541} INFO - Filling up the DagBag from /home/airflow/.local/lib/python3.7/site-packages/airflow/example_dags/example_latest_only_with_trigger.py
[2023-05-06T23:25:34.843+0000] {processor.py:809} INFO - DAG(s) dict_keys(['latest_only_with_trigger']) retrieved from /home/airflow/.local/lib/python3.7/site-packages/airflow/example_dags/example_latest_only_with_trigger.py
[2023-05-06T23:25:34.867+0000] {logging_mixin.py:149} INFO - [2023-05-06T23:25:34.867+0000] {dag.py:2726} INFO - Sync 1 DAGs
[2023-05-06T23:25:34.890+0000] {logging_mixin.py:149} INFO - [2023-05-06T23:25:34.890+0000] {dag.py:3490} INFO - Setting next_dagrun for latest_only_with_trigger to 2023-05-06T19:25:34.890187+00:00, run_after=2023-05-06T23:25:34.890187+00:00
[2023-05-06T23:25:34.908+0000] {processor.py:178} INFO - Processing /home/airflow/.local/lib/python3.7/site-packages/airflow/example_dags/example_latest_only_with_trigger.py took 0.082 seconds
[2023-05-06T23:26:05.731+0000] {processor.py:156} INFO - Started process (PID=184) to work on /home/airflow/.local/lib/python3.7/site-packages/airflow/example_dags/example_latest_only_with_trigger.py
[2023-05-06T23:26:05.731+0000] {processor.py:799} INFO - Processing file /home/airflow/.local/lib/python3.7/site-packages/airflow/example_dags/example_latest_only_with_trigger.py for tasks to queue
[2023-05-06T23:26:05.732+0000] {logging_mixin.py:149} INFO - [2023-05-06T23:26:05.732+0000] {dagbag.py:541} INFO - Filling up the DagBag from /home/airflow/.local/lib/python3.7/site-packages/airflow/example_dags/example_latest_only_with_trigger.py
[2023-05-06T23:26:05.736+0000] {processor.py:809} INFO - DAG(s) dict_keys(['latest_only_with_trigger']) retrieved from /home/airflow/.local/lib/python3.7/site-packages/airflow/example_dags/example_latest_only_with_trigger.py
[2023-05-06T23:26:05.754+0000] {logging_mixin.py:149} INFO - [2023-05-06T23:26:05.754+0000] {dag.py:2726} INFO - Sync 1 DAGs
[2023-05-06T23:26:05.777+0000] {logging_mixin.py:149} INFO - [2023-05-06T23:26:05.777+0000] {dag.py:3490} INFO - Setting next_dagrun for latest_only_with_trigger to 2023-05-06T19:26:05.776914+00:00, run_after=2023-05-06T23:26:05.776914+00:00
[2023-05-06T23:26:05.794+0000] {processor.py:178} INFO - Processing /home/airflow/.local/lib/python3.7/site-packages/airflow/example_dags/example_latest_only_with_trigger.py took 0.066 seconds
[2023-05-06T23:26:36.317+0000] {processor.py:156} INFO - Started process (PID=241) to work on /home/airflow/.local/lib/python3.7/site-packages/airflow/example_dags/example_latest_only_with_trigger.py
[2023-05-06T23:26:36.318+0000] {processor.py:799} INFO - Processing file /home/airflow/.local/lib/python3.7/site-packages/airflow/example_dags/example_latest_only_with_trigger.py for tasks to queue
[2023-05-06T23:26:36.318+0000] {logging_mixin.py:149} INFO - [2023-05-06T23:26:36.318+0000] {dagbag.py:541} INFO - Filling up the DagBag from /home/airflow/.local/lib/python3.7/site-packages/airflow/example_dags/example_latest_only_with_trigger.py
[2023-05-06T23:26:36.322+0000] {processor.py:809} INFO - DAG(s) dict_keys(['latest_only_with_trigger']) retrieved from /home/airflow/.local/lib/python3.7/site-packages/airflow/example_dags/example_latest_only_with_trigger.py
[2023-05-06T23:26:36.354+0000] {logging_mixin.py:149} INFO - [2023-05-06T23:26:36.354+0000] {dag.py:2726} INFO - Sync 1 DAGs
[2023-05-06T23:26:36.383+0000] {logging_mixin.py:149} INFO - [2023-05-06T23:26:36.383+0000] {dag.py:3490} INFO - Setting next_dagrun for latest_only_with_trigger to 2023-05-06T19:26:36.383094+00:00, run_after=2023-05-06T23:26:36.383094+00:00
[2023-05-06T23:26:36.401+0000] {processor.py:178} INFO - Processing /home/airflow/.local/lib/python3.7/site-packages/airflow/example_dags/example_latest_only_with_trigger.py took 0.086 seconds
[2023-05-06T23:27:07.147+0000] {processor.py:156} INFO - Started process (PID=299) to work on /home/airflow/.local/lib/python3.7/site-packages/airflow/example_dags/example_latest_only_with_trigger.py
[2023-05-06T23:27:07.147+0000] {processor.py:799} INFO - Processing file /home/airflow/.local/lib/python3.7/site-packages/airflow/example_dags/example_latest_only_with_trigger.py for tasks to queue
[2023-05-06T23:27:07.148+0000] {logging_mixin.py:149} INFO - [2023-05-06T23:27:07.148+0000] {dagbag.py:541} INFO - Filling up the DagBag from /home/airflow/.local/lib/python3.7/site-packages/airflow/example_dags/example_latest_only_with_trigger.py
[2023-05-06T23:27:07.152+0000] {processor.py:809} INFO - DAG(s) dict_keys(['latest_only_with_trigger']) retrieved from /home/airflow/.local/lib/python3.7/site-packages/airflow/example_dags/example_latest_only_with_trigger.py
[2023-05-06T23:27:07.174+0000] {logging_mixin.py:149} INFO - [2023-05-06T23:27:07.173+0000] {dag.py:2726} INFO - Sync 1 DAGs
[2023-05-06T23:27:07.197+0000] {logging_mixin.py:149} INFO - [2023-05-06T23:27:07.197+0000] {dag.py:3490} INFO - Setting next_dagrun for latest_only_with_trigger to 2023-05-06T19:27:07.197167+00:00, run_after=2023-05-06T23:27:07.197167+00:00
[2023-05-06T23:27:07.214+0000] {processor.py:178} INFO - Processing /home/airflow/.local/lib/python3.7/site-packages/airflow/example_dags/example_latest_only_with_trigger.py took 0.070 seconds
[2023-05-06T23:27:37.390+0000] {processor.py:156} INFO - Started process (PID=357) to work on /home/airflow/.local/lib/python3.7/site-packages/airflow/example_dags/example_latest_only_with_trigger.py
[2023-05-06T23:27:37.390+0000] {processor.py:799} INFO - Processing file /home/airflow/.local/lib/python3.7/site-packages/airflow/example_dags/example_latest_only_with_trigger.py for tasks to queue
[2023-05-06T23:27:37.391+0000] {logging_mixin.py:149} INFO - [2023-05-06T23:27:37.391+0000] {dagbag.py:541} INFO - Filling up the DagBag from /home/airflow/.local/lib/python3.7/site-packages/airflow/example_dags/example_latest_only_with_trigger.py
[2023-05-06T23:27:37.395+0000] {processor.py:809} INFO - DAG(s) dict_keys(['latest_only_with_trigger']) retrieved from /home/airflow/.local/lib/python3.7/site-packages/airflow/example_dags/example_latest_only_with_trigger.py
[2023-05-06T23:27:37.416+0000] {logging_mixin.py:149} INFO - [2023-05-06T23:27:37.416+0000] {dag.py:2726} INFO - Sync 1 DAGs
[2023-05-06T23:27:37.439+0000] {logging_mixin.py:149} INFO - [2023-05-06T23:27:37.439+0000] {dag.py:3490} INFO - Setting next_dagrun for latest_only_with_trigger to 2023-05-06T19:27:37.438906+00:00, run_after=2023-05-06T23:27:37.438906+00:00
[2023-05-06T23:27:37.457+0000] {processor.py:178} INFO - Processing /home/airflow/.local/lib/python3.7/site-packages/airflow/example_dags/example_latest_only_with_trigger.py took 0.070 seconds
[2023-05-06T23:28:07.672+0000] {processor.py:156} INFO - Started process (PID=414) to work on /home/airflow/.local/lib/python3.7/site-packages/airflow/example_dags/example_latest_only_with_trigger.py
[2023-05-06T23:28:07.674+0000] {processor.py:799} INFO - Processing file /home/airflow/.local/lib/python3.7/site-packages/airflow/example_dags/example_latest_only_with_trigger.py for tasks to queue
[2023-05-06T23:28:07.674+0000] {logging_mixin.py:149} INFO - [2023-05-06T23:28:07.674+0000] {dagbag.py:541} INFO - Filling up the DagBag from /home/airflow/.local/lib/python3.7/site-packages/airflow/example_dags/example_latest_only_with_trigger.py
[2023-05-06T23:28:07.679+0000] {processor.py:809} INFO - DAG(s) dict_keys(['latest_only_with_trigger']) retrieved from /home/airflow/.local/lib/python3.7/site-packages/airflow/example_dags/example_latest_only_with_trigger.py
[2023-05-06T23:28:07.698+0000] {logging_mixin.py:149} INFO - [2023-05-06T23:28:07.698+0000] {dag.py:2726} INFO - Sync 1 DAGs
[2023-05-06T23:28:07.721+0000] {logging_mixin.py:149} INFO - [2023-05-06T23:28:07.721+0000] {dag.py:3490} INFO - Setting next_dagrun for latest_only_with_trigger to 2023-05-06T19:28:07.721070+00:00, run_after=2023-05-06T23:28:07.721070+00:00
[2023-05-06T23:28:07.738+0000] {processor.py:178} INFO - Processing /home/airflow/.local/lib/python3.7/site-packages/airflow/example_dags/example_latest_only_with_trigger.py took 0.068 seconds
[2023-05-06T23:28:38.047+0000] {processor.py:156} INFO - Started process (PID=472) to work on /home/airflow/.local/lib/python3.7/site-packages/airflow/example_dags/example_latest_only_with_trigger.py
[2023-05-06T23:28:38.047+0000] {processor.py:799} INFO - Processing file /home/airflow/.local/lib/python3.7/site-packages/airflow/example_dags/example_latest_only_with_trigger.py for tasks to queue
[2023-05-06T23:28:38.048+0000] {logging_mixin.py:149} INFO - [2023-05-06T23:28:38.048+0000] {dagbag.py:541} INFO - Filling up the DagBag from /home/airflow/.local/lib/python3.7/site-packages/airflow/example_dags/example_latest_only_with_trigger.py
[2023-05-06T23:28:38.052+0000] {processor.py:809} INFO - DAG(s) dict_keys(['latest_only_with_trigger']) retrieved from /home/airflow/.local/lib/python3.7/site-packages/airflow/example_dags/example_latest_only_with_trigger.py
[2023-05-06T23:28:38.072+0000] {logging_mixin.py:149} INFO - [2023-05-06T23:28:38.072+0000] {dag.py:2726} INFO - Sync 1 DAGs
[2023-05-06T23:28:38.095+0000] {logging_mixin.py:149} INFO - [2023-05-06T23:28:38.095+0000] {dag.py:3490} INFO - Setting next_dagrun for latest_only_with_trigger to 2023-05-06T19:28:38.095424+00:00, run_after=2023-05-06T23:28:38.095424+00:00
[2023-05-06T23:28:38.112+0000] {processor.py:178} INFO - Processing /home/airflow/.local/lib/python3.7/site-packages/airflow/example_dags/example_latest_only_with_trigger.py took 0.068 seconds
[2023-05-06T23:29:08.550+0000] {processor.py:156} INFO - Started process (PID=531) to work on /home/airflow/.local/lib/python3.7/site-packages/airflow/example_dags/example_latest_only_with_trigger.py
[2023-05-06T23:29:08.551+0000] {processor.py:799} INFO - Processing file /home/airflow/.local/lib/python3.7/site-packages/airflow/example_dags/example_latest_only_with_trigger.py for tasks to queue
[2023-05-06T23:29:08.551+0000] {logging_mixin.py:149} INFO - [2023-05-06T23:29:08.551+0000] {dagbag.py:541} INFO - Filling up the DagBag from /home/airflow/.local/lib/python3.7/site-packages/airflow/example_dags/example_latest_only_with_trigger.py
[2023-05-06T23:29:08.555+0000] {processor.py:809} INFO - DAG(s) dict_keys(['latest_only_with_trigger']) retrieved from /home/airflow/.local/lib/python3.7/site-packages/airflow/example_dags/example_latest_only_with_trigger.py
[2023-05-06T23:29:08.576+0000] {logging_mixin.py:149} INFO - [2023-05-06T23:29:08.576+0000] {dag.py:2726} INFO - Sync 1 DAGs
[2023-05-06T23:29:08.599+0000] {logging_mixin.py:149} INFO - [2023-05-06T23:29:08.599+0000] {dag.py:3490} INFO - Setting next_dagrun for latest_only_with_trigger to 2023-05-06T19:29:08.598984+00:00, run_after=2023-05-06T23:29:08.598984+00:00
[2023-05-06T23:29:08.621+0000] {processor.py:178} INFO - Processing /home/airflow/.local/lib/python3.7/site-packages/airflow/example_dags/example_latest_only_with_trigger.py took 0.073 seconds
[2023-05-06T23:29:39.049+0000] {processor.py:156} INFO - Started process (PID=590) to work on /home/airflow/.local/lib/python3.7/site-packages/airflow/example_dags/example_latest_only_with_trigger.py
[2023-05-06T23:29:39.050+0000] {processor.py:799} INFO - Processing file /home/airflow/.local/lib/python3.7/site-packages/airflow/example_dags/example_latest_only_with_trigger.py for tasks to queue
[2023-05-06T23:29:39.051+0000] {logging_mixin.py:149} INFO - [2023-05-06T23:29:39.051+0000] {dagbag.py:541} INFO - Filling up the DagBag from /home/airflow/.local/lib/python3.7/site-packages/airflow/example_dags/example_latest_only_with_trigger.py
[2023-05-06T23:29:39.055+0000] {processor.py:809} INFO - DAG(s) dict_keys(['latest_only_with_trigger']) retrieved from /home/airflow/.local/lib/python3.7/site-packages/airflow/example_dags/example_latest_only_with_trigger.py
[2023-05-06T23:29:39.076+0000] {logging_mixin.py:149} INFO - [2023-05-06T23:29:39.076+0000] {dag.py:2726} INFO - Sync 1 DAGs
[2023-05-06T23:29:39.101+0000] {logging_mixin.py:149} INFO - [2023-05-06T23:29:39.101+0000] {dag.py:3490} INFO - Setting next_dagrun for latest_only_with_trigger to 2023-05-06T19:29:39.101034+00:00, run_after=2023-05-06T23:29:39.101034+00:00
[2023-05-06T23:29:39.122+0000] {processor.py:178} INFO - Processing /home/airflow/.local/lib/python3.7/site-packages/airflow/example_dags/example_latest_only_with_trigger.py took 0.075 seconds
[2023-05-06T23:30:09.615+0000] {processor.py:156} INFO - Started process (PID=648) to work on /home/airflow/.local/lib/python3.7/site-packages/airflow/example_dags/example_latest_only_with_trigger.py
[2023-05-06T23:30:09.616+0000] {processor.py:799} INFO - Processing file /home/airflow/.local/lib/python3.7/site-packages/airflow/example_dags/example_latest_only_with_trigger.py for tasks to queue
[2023-05-06T23:30:09.616+0000] {logging_mixin.py:149} INFO - [2023-05-06T23:30:09.616+0000] {dagbag.py:541} INFO - Filling up the DagBag from /home/airflow/.local/lib/python3.7/site-packages/airflow/example_dags/example_latest_only_with_trigger.py
[2023-05-06T23:30:09.621+0000] {processor.py:809} INFO - DAG(s) dict_keys(['latest_only_with_trigger']) retrieved from /home/airflow/.local/lib/python3.7/site-packages/airflow/example_dags/example_latest_only_with_trigger.py
[2023-05-06T23:30:09.642+0000] {logging_mixin.py:149} INFO - [2023-05-06T23:30:09.642+0000] {dag.py:2726} INFO - Sync 1 DAGs
[2023-05-06T23:30:09.666+0000] {logging_mixin.py:149} INFO - [2023-05-06T23:30:09.665+0000] {dag.py:3490} INFO - Setting next_dagrun for latest_only_with_trigger to 2023-05-06T19:30:09.665721+00:00, run_after=2023-05-06T23:30:09.665721+00:00
[2023-05-06T23:30:09.683+0000] {processor.py:178} INFO - Processing /home/airflow/.local/lib/python3.7/site-packages/airflow/example_dags/example_latest_only_with_trigger.py took 0.070 seconds
[2023-05-06T23:30:39.893+0000] {processor.py:156} INFO - Started process (PID=705) to work on /home/airflow/.local/lib/python3.7/site-packages/airflow/example_dags/example_latest_only_with_trigger.py
[2023-05-06T23:30:39.893+0000] {processor.py:799} INFO - Processing file /home/airflow/.local/lib/python3.7/site-packages/airflow/example_dags/example_latest_only_with_trigger.py for tasks to queue
[2023-05-06T23:30:39.894+0000] {logging_mixin.py:149} INFO - [2023-05-06T23:30:39.894+0000] {dagbag.py:541} INFO - Filling up the DagBag from /home/airflow/.local/lib/python3.7/site-packages/airflow/example_dags/example_latest_only_with_trigger.py
[2023-05-06T23:30:39.899+0000] {processor.py:809} INFO - DAG(s) dict_keys(['latest_only_with_trigger']) retrieved from /home/airflow/.local/lib/python3.7/site-packages/airflow/example_dags/example_latest_only_with_trigger.py
[2023-05-06T23:30:39.919+0000] {logging_mixin.py:149} INFO - [2023-05-06T23:30:39.919+0000] {dag.py:2726} INFO - Sync 1 DAGs
[2023-05-06T23:30:39.942+0000] {logging_mixin.py:149} INFO - [2023-05-06T23:30:39.942+0000] {dag.py:3490} INFO - Setting next_dagrun for latest_only_with_trigger to 2023-05-06T19:30:39.942238+00:00, run_after=2023-05-06T23:30:39.942238+00:00
[2023-05-06T23:30:39.961+0000] {processor.py:178} INFO - Processing /home/airflow/.local/lib/python3.7/site-packages/airflow/example_dags/example_latest_only_with_trigger.py took 0.071 seconds
[2023-05-06T23:31:10.395+0000] {processor.py:156} INFO - Started process (PID=763) to work on /home/airflow/.local/lib/python3.7/site-packages/airflow/example_dags/example_latest_only_with_trigger.py
[2023-05-06T23:31:10.395+0000] {processor.py:799} INFO - Processing file /home/airflow/.local/lib/python3.7/site-packages/airflow/example_dags/example_latest_only_with_trigger.py for tasks to queue
[2023-05-06T23:31:10.396+0000] {logging_mixin.py:149} INFO - [2023-05-06T23:31:10.396+0000] {dagbag.py:541} INFO - Filling up the DagBag from /home/airflow/.local/lib/python3.7/site-packages/airflow/example_dags/example_latest_only_with_trigger.py
[2023-05-06T23:31:10.400+0000] {processor.py:809} INFO - DAG(s) dict_keys(['latest_only_with_trigger']) retrieved from /home/airflow/.local/lib/python3.7/site-packages/airflow/example_dags/example_latest_only_with_trigger.py
[2023-05-06T23:31:10.422+0000] {logging_mixin.py:149} INFO - [2023-05-06T23:31:10.422+0000] {dag.py:2726} INFO - Sync 1 DAGs
[2023-05-06T23:31:10.445+0000] {logging_mixin.py:149} INFO - [2023-05-06T23:31:10.445+0000] {dag.py:3490} INFO - Setting next_dagrun for latest_only_with_trigger to 2023-05-06T19:31:10.444964+00:00, run_after=2023-05-06T23:31:10.444964+00:00
[2023-05-06T23:31:10.463+0000] {processor.py:178} INFO - Processing /home/airflow/.local/lib/python3.7/site-packages/airflow/example_dags/example_latest_only_with_trigger.py took 0.070 seconds
[2023-05-06T23:31:40.762+0000] {processor.py:156} INFO - Started process (PID=821) to work on /home/airflow/.local/lib/python3.7/site-packages/airflow/example_dags/example_latest_only_with_trigger.py
[2023-05-06T23:31:40.762+0000] {processor.py:799} INFO - Processing file /home/airflow/.local/lib/python3.7/site-packages/airflow/example_dags/example_latest_only_with_trigger.py for tasks to queue
[2023-05-06T23:31:40.763+0000] {logging_mixin.py:149} INFO - [2023-05-06T23:31:40.763+0000] {dagbag.py:541} INFO - Filling up the DagBag from /home/airflow/.local/lib/python3.7/site-packages/airflow/example_dags/example_latest_only_with_trigger.py
[2023-05-06T23:31:40.767+0000] {processor.py:809} INFO - DAG(s) dict_keys(['latest_only_with_trigger']) retrieved from /home/airflow/.local/lib/python3.7/site-packages/airflow/example_dags/example_latest_only_with_trigger.py
[2023-05-06T23:31:40.791+0000] {logging_mixin.py:149} INFO - [2023-05-06T23:31:40.791+0000] {dag.py:2726} INFO - Sync 1 DAGs
[2023-05-06T23:31:40.818+0000] {logging_mixin.py:149} INFO - [2023-05-06T23:31:40.817+0000] {dag.py:3490} INFO - Setting next_dagrun for latest_only_with_trigger to 2023-05-06T19:31:40.817805+00:00, run_after=2023-05-06T23:31:40.817805+00:00
[2023-05-06T23:31:40.838+0000] {processor.py:178} INFO - Processing /home/airflow/.local/lib/python3.7/site-packages/airflow/example_dags/example_latest_only_with_trigger.py took 0.078 seconds
[2023-05-06T23:32:11.303+0000] {processor.py:156} INFO - Started process (PID=879) to work on /home/airflow/.local/lib/python3.7/site-packages/airflow/example_dags/example_latest_only_with_trigger.py
[2023-05-06T23:32:11.304+0000] {processor.py:799} INFO - Processing file /home/airflow/.local/lib/python3.7/site-packages/airflow/example_dags/example_latest_only_with_trigger.py for tasks to queue
[2023-05-06T23:32:11.304+0000] {logging_mixin.py:149} INFO - [2023-05-06T23:32:11.304+0000] {dagbag.py:541} INFO - Filling up the DagBag from /home/airflow/.local/lib/python3.7/site-packages/airflow/example_dags/example_latest_only_with_trigger.py
[2023-05-06T23:32:11.308+0000] {processor.py:809} INFO - DAG(s) dict_keys(['latest_only_with_trigger']) retrieved from /home/airflow/.local/lib/python3.7/site-packages/airflow/example_dags/example_latest_only_with_trigger.py
[2023-05-06T23:32:11.330+0000] {logging_mixin.py:149} INFO - [2023-05-06T23:32:11.330+0000] {dag.py:2726} INFO - Sync 1 DAGs
[2023-05-06T23:32:11.357+0000] {logging_mixin.py:149} INFO - [2023-05-06T23:32:11.357+0000] {dag.py:3490} INFO - Setting next_dagrun for latest_only_with_trigger to 2023-05-06T19:32:11.356259+00:00, run_after=2023-05-06T23:32:11.356259+00:00
[2023-05-06T23:32:11.376+0000] {processor.py:178} INFO - Processing /home/airflow/.local/lib/python3.7/site-packages/airflow/example_dags/example_latest_only_with_trigger.py took 0.075 seconds
[2023-05-06T23:32:41.601+0000] {processor.py:156} INFO - Started process (PID=936) to work on /home/airflow/.local/lib/python3.7/site-packages/airflow/example_dags/example_latest_only_with_trigger.py
[2023-05-06T23:32:41.602+0000] {processor.py:799} INFO - Processing file /home/airflow/.local/lib/python3.7/site-packages/airflow/example_dags/example_latest_only_with_trigger.py for tasks to queue
[2023-05-06T23:32:41.602+0000] {logging_mixin.py:149} INFO - [2023-05-06T23:32:41.602+0000] {dagbag.py:541} INFO - Filling up the DagBag from /home/airflow/.local/lib/python3.7/site-packages/airflow/example_dags/example_latest_only_with_trigger.py
[2023-05-06T23:32:41.607+0000] {processor.py:809} INFO - DAG(s) dict_keys(['latest_only_with_trigger']) retrieved from /home/airflow/.local/lib/python3.7/site-packages/airflow/example_dags/example_latest_only_with_trigger.py
[2023-05-06T23:32:41.628+0000] {logging_mixin.py:149} INFO - [2023-05-06T23:32:41.628+0000] {dag.py:2726} INFO - Sync 1 DAGs
[2023-05-06T23:32:41.652+0000] {logging_mixin.py:149} INFO - [2023-05-06T23:32:41.652+0000] {dag.py:3490} INFO - Setting next_dagrun for latest_only_with_trigger to 2023-05-06T19:32:41.651946+00:00, run_after=2023-05-06T23:32:41.651946+00:00
[2023-05-06T23:32:41.670+0000] {processor.py:178} INFO - Processing /home/airflow/.local/lib/python3.7/site-packages/airflow/example_dags/example_latest_only_with_trigger.py took 0.071 seconds
[2023-05-06T23:33:12.103+0000] {processor.py:156} INFO - Started process (PID=995) to work on /home/airflow/.local/lib/python3.7/site-packages/airflow/example_dags/example_latest_only_with_trigger.py
[2023-05-06T23:33:12.104+0000] {processor.py:799} INFO - Processing file /home/airflow/.local/lib/python3.7/site-packages/airflow/example_dags/example_latest_only_with_trigger.py for tasks to queue
[2023-05-06T23:33:12.104+0000] {logging_mixin.py:149} INFO - [2023-05-06T23:33:12.104+0000] {dagbag.py:541} INFO - Filling up the DagBag from /home/airflow/.local/lib/python3.7/site-packages/airflow/example_dags/example_latest_only_with_trigger.py
[2023-05-06T23:33:12.109+0000] {processor.py:809} INFO - DAG(s) dict_keys(['latest_only_with_trigger']) retrieved from /home/airflow/.local/lib/python3.7/site-packages/airflow/example_dags/example_latest_only_with_trigger.py
[2023-05-06T23:33:12.128+0000] {logging_mixin.py:149} INFO - [2023-05-06T23:33:12.128+0000] {dag.py:2726} INFO - Sync 1 DAGs
[2023-05-06T23:33:12.151+0000] {logging_mixin.py:149} INFO - [2023-05-06T23:33:12.151+0000] {dag.py:3490} INFO - Setting next_dagrun for latest_only_with_trigger to 2023-05-06T19:33:12.151571+00:00, run_after=2023-05-06T23:33:12.151571+00:00
[2023-05-06T23:33:12.168+0000] {processor.py:178} INFO - Processing /home/airflow/.local/lib/python3.7/site-packages/airflow/example_dags/example_latest_only_with_trigger.py took 0.067 seconds
[2023-05-06T23:33:42.384+0000] {processor.py:156} INFO - Started process (PID=1053) to work on /home/airflow/.local/lib/python3.7/site-packages/airflow/example_dags/example_latest_only_with_trigger.py
[2023-05-06T23:33:42.384+0000] {processor.py:799} INFO - Processing file /home/airflow/.local/lib/python3.7/site-packages/airflow/example_dags/example_latest_only_with_trigger.py for tasks to queue
[2023-05-06T23:33:42.385+0000] {logging_mixin.py:149} INFO - [2023-05-06T23:33:42.385+0000] {dagbag.py:541} INFO - Filling up the DagBag from /home/airflow/.local/lib/python3.7/site-packages/airflow/example_dags/example_latest_only_with_trigger.py
[2023-05-06T23:33:42.389+0000] {processor.py:809} INFO - DAG(s) dict_keys(['latest_only_with_trigger']) retrieved from /home/airflow/.local/lib/python3.7/site-packages/airflow/example_dags/example_latest_only_with_trigger.py
[2023-05-06T23:33:42.409+0000] {logging_mixin.py:149} INFO - [2023-05-06T23:33:42.409+0000] {dag.py:2726} INFO - Sync 1 DAGs
[2023-05-06T23:33:42.434+0000] {logging_mixin.py:149} INFO - [2023-05-06T23:33:42.433+0000] {dag.py:3490} INFO - Setting next_dagrun for latest_only_with_trigger to 2023-05-06T19:33:42.433645+00:00, run_after=2023-05-06T23:33:42.433645+00:00
[2023-05-06T23:33:42.452+0000] {processor.py:178} INFO - Processing /home/airflow/.local/lib/python3.7/site-packages/airflow/example_dags/example_latest_only_with_trigger.py took 0.070 seconds
[2023-05-06T23:34:12.957+0000] {processor.py:156} INFO - Started process (PID=1112) to work on /home/airflow/.local/lib/python3.7/site-packages/airflow/example_dags/example_latest_only_with_trigger.py
[2023-05-06T23:34:12.957+0000] {processor.py:799} INFO - Processing file /home/airflow/.local/lib/python3.7/site-packages/airflow/example_dags/example_latest_only_with_trigger.py for tasks to queue
[2023-05-06T23:34:12.958+0000] {logging_mixin.py:149} INFO - [2023-05-06T23:34:12.958+0000] {dagbag.py:541} INFO - Filling up the DagBag from /home/airflow/.local/lib/python3.7/site-packages/airflow/example_dags/example_latest_only_with_trigger.py
[2023-05-06T23:34:12.962+0000] {processor.py:809} INFO - DAG(s) dict_keys(['latest_only_with_trigger']) retrieved from /home/airflow/.local/lib/python3.7/site-packages/airflow/example_dags/example_latest_only_with_trigger.py
[2023-05-06T23:34:12.983+0000] {logging_mixin.py:149} INFO - [2023-05-06T23:34:12.983+0000] {dag.py:2726} INFO - Sync 1 DAGs
[2023-05-06T23:34:13.006+0000] {logging_mixin.py:149} INFO - [2023-05-06T23:34:13.006+0000] {dag.py:3490} INFO - Setting next_dagrun for latest_only_with_trigger to 2023-05-06T19:34:13.005829+00:00, run_after=2023-05-06T23:34:13.005829+00:00
[2023-05-06T23:34:13.023+0000] {processor.py:178} INFO - Processing /home/airflow/.local/lib/python3.7/site-packages/airflow/example_dags/example_latest_only_with_trigger.py took 0.068 seconds
[2023-05-06T23:34:43.335+0000] {processor.py:156} INFO - Started process (PID=1170) to work on /home/airflow/.local/lib/python3.7/site-packages/airflow/example_dags/example_latest_only_with_trigger.py
[2023-05-06T23:34:43.336+0000] {processor.py:799} INFO - Processing file /home/airflow/.local/lib/python3.7/site-packages/airflow/example_dags/example_latest_only_with_trigger.py for tasks to queue
[2023-05-06T23:34:43.337+0000] {logging_mixin.py:149} INFO - [2023-05-06T23:34:43.337+0000] {dagbag.py:541} INFO - Filling up the DagBag from /home/airflow/.local/lib/python3.7/site-packages/airflow/example_dags/example_latest_only_with_trigger.py
[2023-05-06T23:34:43.345+0000] {processor.py:809} INFO - DAG(s) dict_keys(['latest_only_with_trigger']) retrieved from /home/airflow/.local/lib/python3.7/site-packages/airflow/example_dags/example_latest_only_with_trigger.py
[2023-05-06T23:34:43.382+0000] {logging_mixin.py:149} INFO - [2023-05-06T23:34:43.382+0000] {dag.py:2726} INFO - Sync 1 DAGs
[2023-05-06T23:34:43.405+0000] {logging_mixin.py:149} INFO - [2023-05-06T23:34:43.404+0000] {dag.py:3490} INFO - Setting next_dagrun for latest_only_with_trigger to 2023-05-06T19:34:43.404709+00:00, run_after=2023-05-06T23:34:43.404709+00:00
[2023-05-06T23:34:43.423+0000] {processor.py:178} INFO - Processing /home/airflow/.local/lib/python3.7/site-packages/airflow/example_dags/example_latest_only_with_trigger.py took 0.093 seconds
[2023-05-06T23:35:13.864+0000] {processor.py:156} INFO - Started process (PID=1228) to work on /home/airflow/.local/lib/python3.7/site-packages/airflow/example_dags/example_latest_only_with_trigger.py
[2023-05-06T23:35:13.864+0000] {processor.py:799} INFO - Processing file /home/airflow/.local/lib/python3.7/site-packages/airflow/example_dags/example_latest_only_with_trigger.py for tasks to queue
[2023-05-06T23:35:13.865+0000] {logging_mixin.py:149} INFO - [2023-05-06T23:35:13.865+0000] {dagbag.py:541} INFO - Filling up the DagBag from /home/airflow/.local/lib/python3.7/site-packages/airflow/example_dags/example_latest_only_with_trigger.py
[2023-05-06T23:35:13.869+0000] {processor.py:809} INFO - DAG(s) dict_keys(['latest_only_with_trigger']) retrieved from /home/airflow/.local/lib/python3.7/site-packages/airflow/example_dags/example_latest_only_with_trigger.py
[2023-05-06T23:35:13.889+0000] {logging_mixin.py:149} INFO - [2023-05-06T23:35:13.889+0000] {dag.py:2726} INFO - Sync 1 DAGs
[2023-05-06T23:35:13.913+0000] {logging_mixin.py:149} INFO - [2023-05-06T23:35:13.913+0000] {dag.py:3490} INFO - Setting next_dagrun for latest_only_with_trigger to 2023-05-06T19:35:13.913317+00:00, run_after=2023-05-06T23:35:13.913317+00:00
[2023-05-06T23:35:13.932+0000] {processor.py:178} INFO - Processing /home/airflow/.local/lib/python3.7/site-packages/airflow/example_dags/example_latest_only_with_trigger.py took 0.071 seconds
[2023-05-06T23:35:44.405+0000] {processor.py:156} INFO - Started process (PID=1286) to work on /home/airflow/.local/lib/python3.7/site-packages/airflow/example_dags/example_latest_only_with_trigger.py
[2023-05-06T23:35:44.405+0000] {processor.py:799} INFO - Processing file /home/airflow/.local/lib/python3.7/site-packages/airflow/example_dags/example_latest_only_with_trigger.py for tasks to queue
[2023-05-06T23:35:44.406+0000] {logging_mixin.py:149} INFO - [2023-05-06T23:35:44.405+0000] {dagbag.py:541} INFO - Filling up the DagBag from /home/airflow/.local/lib/python3.7/site-packages/airflow/example_dags/example_latest_only_with_trigger.py
[2023-05-06T23:35:44.410+0000] {processor.py:809} INFO - DAG(s) dict_keys(['latest_only_with_trigger']) retrieved from /home/airflow/.local/lib/python3.7/site-packages/airflow/example_dags/example_latest_only_with_trigger.py
[2023-05-06T23:35:44.429+0000] {logging_mixin.py:149} INFO - [2023-05-06T23:35:44.429+0000] {dag.py:2726} INFO - Sync 1 DAGs
[2023-05-06T23:35:44.451+0000] {logging_mixin.py:149} INFO - [2023-05-06T23:35:44.451+0000] {dag.py:3490} INFO - Setting next_dagrun for latest_only_with_trigger to 2023-05-06T19:35:44.451208+00:00, run_after=2023-05-06T23:35:44.451208+00:00
[2023-05-06T23:35:44.467+0000] {processor.py:178} INFO - Processing /home/airflow/.local/lib/python3.7/site-packages/airflow/example_dags/example_latest_only_with_trigger.py took 0.065 seconds
[2023-05-06T23:36:14.761+0000] {processor.py:156} INFO - Started process (PID=1343) to work on /home/airflow/.local/lib/python3.7/site-packages/airflow/example_dags/example_latest_only_with_trigger.py
[2023-05-06T23:36:14.762+0000] {processor.py:799} INFO - Processing file /home/airflow/.local/lib/python3.7/site-packages/airflow/example_dags/example_latest_only_with_trigger.py for tasks to queue
[2023-05-06T23:36:14.762+0000] {logging_mixin.py:149} INFO - [2023-05-06T23:36:14.762+0000] {dagbag.py:541} INFO - Filling up the DagBag from /home/airflow/.local/lib/python3.7/site-packages/airflow/example_dags/example_latest_only_with_trigger.py
[2023-05-06T23:36:14.766+0000] {processor.py:809} INFO - DAG(s) dict_keys(['latest_only_with_trigger']) retrieved from /home/airflow/.local/lib/python3.7/site-packages/airflow/example_dags/example_latest_only_with_trigger.py
[2023-05-06T23:36:14.786+0000] {logging_mixin.py:149} INFO - [2023-05-06T23:36:14.785+0000] {dag.py:2726} INFO - Sync 1 DAGs
[2023-05-06T23:36:14.810+0000] {logging_mixin.py:149} INFO - [2023-05-06T23:36:14.810+0000] {dag.py:3490} INFO - Setting next_dagrun for latest_only_with_trigger to 2023-05-06T19:36:14.810500+00:00, run_after=2023-05-06T23:36:14.810500+00:00
[2023-05-06T23:36:14.827+0000] {processor.py:178} INFO - Processing /home/airflow/.local/lib/python3.7/site-packages/airflow/example_dags/example_latest_only_with_trigger.py took 0.068 seconds
[2023-05-06T23:36:45.484+0000] {processor.py:156} INFO - Started process (PID=1402) to work on /home/airflow/.local/lib/python3.7/site-packages/airflow/example_dags/example_latest_only_with_trigger.py
[2023-05-06T23:36:45.485+0000] {processor.py:799} INFO - Processing file /home/airflow/.local/lib/python3.7/site-packages/airflow/example_dags/example_latest_only_with_trigger.py for tasks to queue
[2023-05-06T23:36:45.485+0000] {logging_mixin.py:149} INFO - [2023-05-06T23:36:45.485+0000] {dagbag.py:541} INFO - Filling up the DagBag from /home/airflow/.local/lib/python3.7/site-packages/airflow/example_dags/example_latest_only_with_trigger.py
[2023-05-06T23:36:45.493+0000] {processor.py:809} INFO - DAG(s) dict_keys(['latest_only_with_trigger']) retrieved from /home/airflow/.local/lib/python3.7/site-packages/airflow/example_dags/example_latest_only_with_trigger.py
[2023-05-06T23:36:45.514+0000] {logging_mixin.py:149} INFO - [2023-05-06T23:36:45.513+0000] {dag.py:2726} INFO - Sync 1 DAGs
[2023-05-06T23:36:45.537+0000] {logging_mixin.py:149} INFO - [2023-05-06T23:36:45.537+0000] {dag.py:3490} INFO - Setting next_dagrun for latest_only_with_trigger to 2023-05-06T19:36:45.537582+00:00, run_after=2023-05-06T23:36:45.537582+00:00
[2023-05-06T23:36:45.554+0000] {processor.py:178} INFO - Processing /home/airflow/.local/lib/python3.7/site-packages/airflow/example_dags/example_latest_only_with_trigger.py took 0.074 seconds
[2023-05-06T23:37:16.000+0000] {processor.py:156} INFO - Started process (PID=1459) to work on /home/airflow/.local/lib/python3.7/site-packages/airflow/example_dags/example_latest_only_with_trigger.py
[2023-05-06T23:37:16.000+0000] {processor.py:799} INFO - Processing file /home/airflow/.local/lib/python3.7/site-packages/airflow/example_dags/example_latest_only_with_trigger.py for tasks to queue
[2023-05-06T23:37:16.001+0000] {logging_mixin.py:149} INFO - [2023-05-06T23:37:16.001+0000] {dagbag.py:541} INFO - Filling up the DagBag from /home/airflow/.local/lib/python3.7/site-packages/airflow/example_dags/example_latest_only_with_trigger.py
[2023-05-06T23:37:16.005+0000] {processor.py:809} INFO - DAG(s) dict_keys(['latest_only_with_trigger']) retrieved from /home/airflow/.local/lib/python3.7/site-packages/airflow/example_dags/example_latest_only_with_trigger.py
[2023-05-06T23:37:16.024+0000] {logging_mixin.py:149} INFO - [2023-05-06T23:37:16.024+0000] {dag.py:2726} INFO - Sync 1 DAGs
[2023-05-06T23:37:16.045+0000] {logging_mixin.py:149} INFO - [2023-05-06T23:37:16.045+0000] {dag.py:3490} INFO - Setting next_dagrun for latest_only_with_trigger to 2023-05-06T19:37:16.045480+00:00, run_after=2023-05-06T23:37:16.045480+00:00
[2023-05-06T23:37:16.061+0000] {processor.py:178} INFO - Processing /home/airflow/.local/lib/python3.7/site-packages/airflow/example_dags/example_latest_only_with_trigger.py took 0.064 seconds
[2023-05-06T23:37:46.568+0000] {processor.py:156} INFO - Started process (PID=1517) to work on /home/airflow/.local/lib/python3.7/site-packages/airflow/example_dags/example_latest_only_with_trigger.py
[2023-05-06T23:37:46.569+0000] {processor.py:799} INFO - Processing file /home/airflow/.local/lib/python3.7/site-packages/airflow/example_dags/example_latest_only_with_trigger.py for tasks to queue
[2023-05-06T23:37:46.569+0000] {logging_mixin.py:149} INFO - [2023-05-06T23:37:46.569+0000] {dagbag.py:541} INFO - Filling up the DagBag from /home/airflow/.local/lib/python3.7/site-packages/airflow/example_dags/example_latest_only_with_trigger.py
[2023-05-06T23:37:46.573+0000] {processor.py:809} INFO - DAG(s) dict_keys(['latest_only_with_trigger']) retrieved from /home/airflow/.local/lib/python3.7/site-packages/airflow/example_dags/example_latest_only_with_trigger.py
[2023-05-06T23:37:46.592+0000] {logging_mixin.py:149} INFO - [2023-05-06T23:37:46.592+0000] {dag.py:2726} INFO - Sync 1 DAGs
[2023-05-06T23:37:46.615+0000] {logging_mixin.py:149} INFO - [2023-05-06T23:37:46.615+0000] {dag.py:3490} INFO - Setting next_dagrun for latest_only_with_trigger to 2023-05-06T19:37:46.615178+00:00, run_after=2023-05-06T23:37:46.615178+00:00
[2023-05-06T23:37:46.631+0000] {processor.py:178} INFO - Processing /home/airflow/.local/lib/python3.7/site-packages/airflow/example_dags/example_latest_only_with_trigger.py took 0.065 seconds
[2023-05-06T23:38:17.709+0000] {processor.py:156} INFO - Started process (PID=1576) to work on /home/airflow/.local/lib/python3.7/site-packages/airflow/example_dags/example_latest_only_with_trigger.py
[2023-05-06T23:38:17.709+0000] {processor.py:799} INFO - Processing file /home/airflow/.local/lib/python3.7/site-packages/airflow/example_dags/example_latest_only_with_trigger.py for tasks to queue
[2023-05-06T23:38:17.710+0000] {logging_mixin.py:149} INFO - [2023-05-06T23:38:17.710+0000] {dagbag.py:541} INFO - Filling up the DagBag from /home/airflow/.local/lib/python3.7/site-packages/airflow/example_dags/example_latest_only_with_trigger.py
[2023-05-06T23:38:17.714+0000] {processor.py:809} INFO - DAG(s) dict_keys(['latest_only_with_trigger']) retrieved from /home/airflow/.local/lib/python3.7/site-packages/airflow/example_dags/example_latest_only_with_trigger.py
[2023-05-06T23:38:17.734+0000] {logging_mixin.py:149} INFO - [2023-05-06T23:38:17.733+0000] {dag.py:2726} INFO - Sync 1 DAGs
[2023-05-06T23:38:17.759+0000] {logging_mixin.py:149} INFO - [2023-05-06T23:38:17.759+0000] {dag.py:3490} INFO - Setting next_dagrun for latest_only_with_trigger to 2023-05-06T19:38:17.758997+00:00, run_after=2023-05-06T23:38:17.758997+00:00
[2023-05-06T23:38:17.777+0000] {processor.py:178} INFO - Processing /home/airflow/.local/lib/python3.7/site-packages/airflow/example_dags/example_latest_only_with_trigger.py took 0.070 seconds
[2023-05-06T23:38:48.597+0000] {processor.py:156} INFO - Started process (PID=1634) to work on /home/airflow/.local/lib/python3.7/site-packages/airflow/example_dags/example_latest_only_with_trigger.py
[2023-05-06T23:38:48.600+0000] {processor.py:799} INFO - Processing file /home/airflow/.local/lib/python3.7/site-packages/airflow/example_dags/example_latest_only_with_trigger.py for tasks to queue
[2023-05-06T23:38:48.601+0000] {logging_mixin.py:149} INFO - [2023-05-06T23:38:48.601+0000] {dagbag.py:541} INFO - Filling up the DagBag from /home/airflow/.local/lib/python3.7/site-packages/airflow/example_dags/example_latest_only_with_trigger.py
[2023-05-06T23:38:48.610+0000] {processor.py:809} INFO - DAG(s) dict_keys(['latest_only_with_trigger']) retrieved from /home/airflow/.local/lib/python3.7/site-packages/airflow/example_dags/example_latest_only_with_trigger.py
[2023-05-06T23:38:48.636+0000] {logging_mixin.py:149} INFO - [2023-05-06T23:38:48.636+0000] {dag.py:2726} INFO - Sync 1 DAGs
[2023-05-06T23:38:48.663+0000] {logging_mixin.py:149} INFO - [2023-05-06T23:38:48.663+0000] {dag.py:3490} INFO - Setting next_dagrun for latest_only_with_trigger to 2023-05-06T19:38:48.662944+00:00, run_after=2023-05-06T23:38:48.662944+00:00
[2023-05-06T23:38:48.692+0000] {processor.py:178} INFO - Processing /home/airflow/.local/lib/python3.7/site-packages/airflow/example_dags/example_latest_only_with_trigger.py took 0.100 seconds
[2023-05-06T23:39:19.365+0000] {processor.py:156} INFO - Started process (PID=1692) to work on /home/airflow/.local/lib/python3.7/site-packages/airflow/example_dags/example_latest_only_with_trigger.py
[2023-05-06T23:39:19.365+0000] {processor.py:799} INFO - Processing file /home/airflow/.local/lib/python3.7/site-packages/airflow/example_dags/example_latest_only_with_trigger.py for tasks to queue
[2023-05-06T23:39:19.366+0000] {logging_mixin.py:149} INFO - [2023-05-06T23:39:19.366+0000] {dagbag.py:541} INFO - Filling up the DagBag from /home/airflow/.local/lib/python3.7/site-packages/airflow/example_dags/example_latest_only_with_trigger.py
[2023-05-06T23:39:19.370+0000] {processor.py:809} INFO - DAG(s) dict_keys(['latest_only_with_trigger']) retrieved from /home/airflow/.local/lib/python3.7/site-packages/airflow/example_dags/example_latest_only_with_trigger.py
[2023-05-06T23:39:19.412+0000] {logging_mixin.py:149} INFO - [2023-05-06T23:39:19.411+0000] {dag.py:2726} INFO - Sync 1 DAGs
[2023-05-06T23:39:19.435+0000] {logging_mixin.py:149} INFO - [2023-05-06T23:39:19.435+0000] {dag.py:3490} INFO - Setting next_dagrun for latest_only_with_trigger to 2023-05-06T19:39:19.435473+00:00, run_after=2023-05-06T23:39:19.435473+00:00
[2023-05-06T23:39:19.453+0000] {processor.py:178} INFO - Processing /home/airflow/.local/lib/python3.7/site-packages/airflow/example_dags/example_latest_only_with_trigger.py took 0.091 seconds
[2023-05-06T23:39:49.677+0000] {processor.py:156} INFO - Started process (PID=1751) to work on /home/airflow/.local/lib/python3.7/site-packages/airflow/example_dags/example_latest_only_with_trigger.py
[2023-05-06T23:39:49.678+0000] {processor.py:799} INFO - Processing file /home/airflow/.local/lib/python3.7/site-packages/airflow/example_dags/example_latest_only_with_trigger.py for tasks to queue
[2023-05-06T23:39:49.679+0000] {logging_mixin.py:149} INFO - [2023-05-06T23:39:49.679+0000] {dagbag.py:541} INFO - Filling up the DagBag from /home/airflow/.local/lib/python3.7/site-packages/airflow/example_dags/example_latest_only_with_trigger.py
[2023-05-06T23:39:49.687+0000] {processor.py:809} INFO - DAG(s) dict_keys(['latest_only_with_trigger']) retrieved from /home/airflow/.local/lib/python3.7/site-packages/airflow/example_dags/example_latest_only_with_trigger.py
[2023-05-06T23:39:49.714+0000] {logging_mixin.py:149} INFO - [2023-05-06T23:39:49.714+0000] {dag.py:2726} INFO - Sync 1 DAGs
[2023-05-06T23:39:49.738+0000] {logging_mixin.py:149} INFO - [2023-05-06T23:39:49.738+0000] {dag.py:3490} INFO - Setting next_dagrun for latest_only_with_trigger to 2023-05-06T19:39:49.737883+00:00, run_after=2023-05-06T23:39:49.737883+00:00
[2023-05-06T23:39:49.755+0000] {processor.py:178} INFO - Processing /home/airflow/.local/lib/python3.7/site-packages/airflow/example_dags/example_latest_only_with_trigger.py took 0.081 seconds
[2023-05-06T23:40:20.015+0000] {processor.py:156} INFO - Started process (PID=1809) to work on /home/airflow/.local/lib/python3.7/site-packages/airflow/example_dags/example_latest_only_with_trigger.py
[2023-05-06T23:40:20.016+0000] {processor.py:799} INFO - Processing file /home/airflow/.local/lib/python3.7/site-packages/airflow/example_dags/example_latest_only_with_trigger.py for tasks to queue
[2023-05-06T23:40:20.016+0000] {logging_mixin.py:149} INFO - [2023-05-06T23:40:20.016+0000] {dagbag.py:541} INFO - Filling up the DagBag from /home/airflow/.local/lib/python3.7/site-packages/airflow/example_dags/example_latest_only_with_trigger.py
[2023-05-06T23:40:20.021+0000] {processor.py:809} INFO - DAG(s) dict_keys(['latest_only_with_trigger']) retrieved from /home/airflow/.local/lib/python3.7/site-packages/airflow/example_dags/example_latest_only_with_trigger.py
[2023-05-06T23:40:20.040+0000] {logging_mixin.py:149} INFO - [2023-05-06T23:40:20.040+0000] {dag.py:2726} INFO - Sync 1 DAGs
[2023-05-06T23:40:20.065+0000] {logging_mixin.py:149} INFO - [2023-05-06T23:40:20.064+0000] {dag.py:3490} INFO - Setting next_dagrun for latest_only_with_trigger to 2023-05-06T19:40:20.064661+00:00, run_after=2023-05-06T23:40:20.064661+00:00
[2023-05-06T23:40:20.082+0000] {processor.py:178} INFO - Processing /home/airflow/.local/lib/python3.7/site-packages/airflow/example_dags/example_latest_only_with_trigger.py took 0.070 seconds
[2023-05-06T23:40:50.354+0000] {processor.py:156} INFO - Started process (PID=1868) to work on /home/airflow/.local/lib/python3.7/site-packages/airflow/example_dags/example_latest_only_with_trigger.py
[2023-05-06T23:40:50.355+0000] {processor.py:799} INFO - Processing file /home/airflow/.local/lib/python3.7/site-packages/airflow/example_dags/example_latest_only_with_trigger.py for tasks to queue
[2023-05-06T23:40:50.356+0000] {logging_mixin.py:149} INFO - [2023-05-06T23:40:50.355+0000] {dagbag.py:541} INFO - Filling up the DagBag from /home/airflow/.local/lib/python3.7/site-packages/airflow/example_dags/example_latest_only_with_trigger.py
[2023-05-06T23:40:50.365+0000] {processor.py:809} INFO - DAG(s) dict_keys(['latest_only_with_trigger']) retrieved from /home/airflow/.local/lib/python3.7/site-packages/airflow/example_dags/example_latest_only_with_trigger.py
[2023-05-06T23:40:50.393+0000] {logging_mixin.py:149} INFO - [2023-05-06T23:40:50.393+0000] {dag.py:2726} INFO - Sync 1 DAGs
[2023-05-06T23:40:50.420+0000] {logging_mixin.py:149} INFO - [2023-05-06T23:40:50.420+0000] {dag.py:3490} INFO - Setting next_dagrun for latest_only_with_trigger to 2023-05-06T19:40:50.420493+00:00, run_after=2023-05-06T23:40:50.420493+00:00
[2023-05-06T23:40:50.442+0000] {processor.py:178} INFO - Processing /home/airflow/.local/lib/python3.7/site-packages/airflow/example_dags/example_latest_only_with_trigger.py took 0.093 seconds
[2023-05-06T23:41:20.726+0000] {processor.py:156} INFO - Started process (PID=1926) to work on /home/airflow/.local/lib/python3.7/site-packages/airflow/example_dags/example_latest_only_with_trigger.py
[2023-05-06T23:41:20.728+0000] {processor.py:799} INFO - Processing file /home/airflow/.local/lib/python3.7/site-packages/airflow/example_dags/example_latest_only_with_trigger.py for tasks to queue
[2023-05-06T23:41:20.729+0000] {logging_mixin.py:149} INFO - [2023-05-06T23:41:20.729+0000] {dagbag.py:541} INFO - Filling up the DagBag from /home/airflow/.local/lib/python3.7/site-packages/airflow/example_dags/example_latest_only_with_trigger.py
[2023-05-06T23:41:20.738+0000] {processor.py:809} INFO - DAG(s) dict_keys(['latest_only_with_trigger']) retrieved from /home/airflow/.local/lib/python3.7/site-packages/airflow/example_dags/example_latest_only_with_trigger.py
[2023-05-06T23:41:20.763+0000] {logging_mixin.py:149} INFO - [2023-05-06T23:41:20.762+0000] {dag.py:2726} INFO - Sync 1 DAGs
[2023-05-06T23:41:20.787+0000] {logging_mixin.py:149} INFO - [2023-05-06T23:41:20.787+0000] {dag.py:3490} INFO - Setting next_dagrun for latest_only_with_trigger to 2023-05-06T19:41:20.787517+00:00, run_after=2023-05-06T23:41:20.787517+00:00
[2023-05-06T23:41:20.808+0000] {processor.py:178} INFO - Processing /home/airflow/.local/lib/python3.7/site-packages/airflow/example_dags/example_latest_only_with_trigger.py took 0.087 seconds
[2023-05-06T23:41:51.016+0000] {processor.py:156} INFO - Started process (PID=1984) to work on /home/airflow/.local/lib/python3.7/site-packages/airflow/example_dags/example_latest_only_with_trigger.py
[2023-05-06T23:41:51.017+0000] {processor.py:799} INFO - Processing file /home/airflow/.local/lib/python3.7/site-packages/airflow/example_dags/example_latest_only_with_trigger.py for tasks to queue
[2023-05-06T23:41:51.017+0000] {logging_mixin.py:149} INFO - [2023-05-06T23:41:51.017+0000] {dagbag.py:541} INFO - Filling up the DagBag from /home/airflow/.local/lib/python3.7/site-packages/airflow/example_dags/example_latest_only_with_trigger.py
[2023-05-06T23:41:51.022+0000] {processor.py:809} INFO - DAG(s) dict_keys(['latest_only_with_trigger']) retrieved from /home/airflow/.local/lib/python3.7/site-packages/airflow/example_dags/example_latest_only_with_trigger.py
[2023-05-06T23:41:51.054+0000] {logging_mixin.py:149} INFO - [2023-05-06T23:41:51.053+0000] {dag.py:2726} INFO - Sync 1 DAGs
[2023-05-06T23:41:51.086+0000] {logging_mixin.py:149} INFO - [2023-05-06T23:41:51.086+0000] {dag.py:3490} INFO - Setting next_dagrun for latest_only_with_trigger to 2023-05-06T19:41:51.086059+00:00, run_after=2023-05-06T23:41:51.086059+00:00
[2023-05-06T23:41:51.110+0000] {processor.py:178} INFO - Processing /home/airflow/.local/lib/python3.7/site-packages/airflow/example_dags/example_latest_only_with_trigger.py took 0.096 seconds
[2023-05-06T23:42:21.286+0000] {processor.py:156} INFO - Started process (PID=2042) to work on /home/airflow/.local/lib/python3.7/site-packages/airflow/example_dags/example_latest_only_with_trigger.py
[2023-05-06T23:42:21.289+0000] {processor.py:799} INFO - Processing file /home/airflow/.local/lib/python3.7/site-packages/airflow/example_dags/example_latest_only_with_trigger.py for tasks to queue
[2023-05-06T23:42:21.290+0000] {logging_mixin.py:149} INFO - [2023-05-06T23:42:21.290+0000] {dagbag.py:541} INFO - Filling up the DagBag from /home/airflow/.local/lib/python3.7/site-packages/airflow/example_dags/example_latest_only_with_trigger.py
[2023-05-06T23:42:21.294+0000] {processor.py:809} INFO - DAG(s) dict_keys(['latest_only_with_trigger']) retrieved from /home/airflow/.local/lib/python3.7/site-packages/airflow/example_dags/example_latest_only_with_trigger.py
[2023-05-06T23:42:21.317+0000] {logging_mixin.py:149} INFO - [2023-05-06T23:42:21.316+0000] {dag.py:2726} INFO - Sync 1 DAGs
[2023-05-06T23:42:21.342+0000] {logging_mixin.py:149} INFO - [2023-05-06T23:42:21.342+0000] {dag.py:3490} INFO - Setting next_dagrun for latest_only_with_trigger to 2023-05-06T19:42:21.341881+00:00, run_after=2023-05-06T23:42:21.341881+00:00
[2023-05-06T23:42:21.361+0000] {processor.py:178} INFO - Processing /home/airflow/.local/lib/python3.7/site-packages/airflow/example_dags/example_latest_only_with_trigger.py took 0.077 seconds
[2023-05-06T23:42:51.900+0000] {processor.py:156} INFO - Started process (PID=2100) to work on /home/airflow/.local/lib/python3.7/site-packages/airflow/example_dags/example_latest_only_with_trigger.py
[2023-05-06T23:42:51.901+0000] {processor.py:799} INFO - Processing file /home/airflow/.local/lib/python3.7/site-packages/airflow/example_dags/example_latest_only_with_trigger.py for tasks to queue
[2023-05-06T23:42:51.902+0000] {logging_mixin.py:149} INFO - [2023-05-06T23:42:51.902+0000] {dagbag.py:541} INFO - Filling up the DagBag from /home/airflow/.local/lib/python3.7/site-packages/airflow/example_dags/example_latest_only_with_trigger.py
[2023-05-06T23:42:51.911+0000] {processor.py:809} INFO - DAG(s) dict_keys(['latest_only_with_trigger']) retrieved from /home/airflow/.local/lib/python3.7/site-packages/airflow/example_dags/example_latest_only_with_trigger.py
[2023-05-06T23:42:51.934+0000] {logging_mixin.py:149} INFO - [2023-05-06T23:42:51.934+0000] {dag.py:2726} INFO - Sync 1 DAGs
[2023-05-06T23:42:51.960+0000] {logging_mixin.py:149} INFO - [2023-05-06T23:42:51.960+0000] {dag.py:3490} INFO - Setting next_dagrun for latest_only_with_trigger to 2023-05-06T19:42:51.960030+00:00, run_after=2023-05-06T23:42:51.960030+00:00
[2023-05-06T23:42:51.981+0000] {processor.py:178} INFO - Processing /home/airflow/.local/lib/python3.7/site-packages/airflow/example_dags/example_latest_only_with_trigger.py took 0.084 seconds
[2023-05-06T23:43:22.204+0000] {processor.py:156} INFO - Started process (PID=2158) to work on /home/airflow/.local/lib/python3.7/site-packages/airflow/example_dags/example_latest_only_with_trigger.py
[2023-05-06T23:43:22.207+0000] {processor.py:799} INFO - Processing file /home/airflow/.local/lib/python3.7/site-packages/airflow/example_dags/example_latest_only_with_trigger.py for tasks to queue
[2023-05-06T23:43:22.208+0000] {logging_mixin.py:149} INFO - [2023-05-06T23:43:22.208+0000] {dagbag.py:541} INFO - Filling up the DagBag from /home/airflow/.local/lib/python3.7/site-packages/airflow/example_dags/example_latest_only_with_trigger.py
[2023-05-06T23:43:22.213+0000] {processor.py:809} INFO - DAG(s) dict_keys(['latest_only_with_trigger']) retrieved from /home/airflow/.local/lib/python3.7/site-packages/airflow/example_dags/example_latest_only_with_trigger.py
[2023-05-06T23:43:22.234+0000] {logging_mixin.py:149} INFO - [2023-05-06T23:43:22.234+0000] {dag.py:2726} INFO - Sync 1 DAGs
[2023-05-06T23:43:22.258+0000] {logging_mixin.py:149} INFO - [2023-05-06T23:43:22.258+0000] {dag.py:3490} INFO - Setting next_dagrun for latest_only_with_trigger to 2023-05-06T19:43:22.258395+00:00, run_after=2023-05-06T23:43:22.258395+00:00
[2023-05-06T23:43:22.277+0000] {processor.py:178} INFO - Processing /home/airflow/.local/lib/python3.7/site-packages/airflow/example_dags/example_latest_only_with_trigger.py took 0.075 seconds
