[2023-05-06T23:25:01.904+0000] {processor.py:156} INFO - Started process (PID=40) to work on /home/airflow/.local/lib/python3.7/site-packages/airflow/example_dags/tutorial_dag.py
[2023-05-06T23:25:01.905+0000] {processor.py:799} INFO - Processing file /home/airflow/.local/lib/python3.7/site-packages/airflow/example_dags/tutorial_dag.py for tasks to queue
[2023-05-06T23:25:01.906+0000] {logging_mixin.py:149} INFO - [2023-05-06T23:25:01.905+0000] {dagbag.py:541} INFO - Filling up the DagBag from /home/airflow/.local/lib/python3.7/site-packages/airflow/example_dags/tutorial_dag.py
[2023-05-06T23:25:01.913+0000] {processor.py:809} INFO - DAG(s) dict_keys(['tutorial_dag']) retrieved from /home/airflow/.local/lib/python3.7/site-packages/airflow/example_dags/tutorial_dag.py
[2023-05-06T23:25:01.927+0000] {logging_mixin.py:149} INFO - [2023-05-06T23:25:01.927+0000] {dag.py:2726} INFO - Sync 1 DAGs
[2023-05-06T23:25:01.956+0000] {logging_mixin.py:149} INFO - [2023-05-06T23:25:01.956+0000] {dag.py:3490} INFO - Setting next_dagrun for tutorial_dag to None, run_after=None
[2023-05-06T23:25:01.982+0000] {processor.py:178} INFO - Processing /home/airflow/.local/lib/python3.7/site-packages/airflow/example_dags/tutorial_dag.py took 0.084 seconds
[2023-05-06T23:25:32.039+0000] {processor.py:156} INFO - Started process (PID=98) to work on /home/airflow/.local/lib/python3.7/site-packages/airflow/example_dags/tutorial_dag.py
[2023-05-06T23:25:32.039+0000] {processor.py:799} INFO - Processing file /home/airflow/.local/lib/python3.7/site-packages/airflow/example_dags/tutorial_dag.py for tasks to queue
[2023-05-06T23:25:32.040+0000] {logging_mixin.py:149} INFO - [2023-05-06T23:25:32.040+0000] {dagbag.py:541} INFO - Filling up the DagBag from /home/airflow/.local/lib/python3.7/site-packages/airflow/example_dags/tutorial_dag.py
[2023-05-06T23:25:32.043+0000] {processor.py:809} INFO - DAG(s) dict_keys(['tutorial_dag']) retrieved from /home/airflow/.local/lib/python3.7/site-packages/airflow/example_dags/tutorial_dag.py
[2023-05-06T23:25:32.062+0000] {logging_mixin.py:149} INFO - [2023-05-06T23:25:32.062+0000] {dag.py:2726} INFO - Sync 1 DAGs
[2023-05-06T23:25:32.085+0000] {logging_mixin.py:149} INFO - [2023-05-06T23:25:32.085+0000] {dag.py:3490} INFO - Setting next_dagrun for tutorial_dag to None, run_after=None
[2023-05-06T23:25:32.102+0000] {processor.py:178} INFO - Processing /home/airflow/.local/lib/python3.7/site-packages/airflow/example_dags/tutorial_dag.py took 0.066 seconds
[2023-05-06T23:26:02.278+0000] {processor.py:156} INFO - Started process (PID=156) to work on /home/airflow/.local/lib/python3.7/site-packages/airflow/example_dags/tutorial_dag.py
[2023-05-06T23:26:02.279+0000] {processor.py:799} INFO - Processing file /home/airflow/.local/lib/python3.7/site-packages/airflow/example_dags/tutorial_dag.py for tasks to queue
[2023-05-06T23:26:02.279+0000] {logging_mixin.py:149} INFO - [2023-05-06T23:26:02.279+0000] {dagbag.py:541} INFO - Filling up the DagBag from /home/airflow/.local/lib/python3.7/site-packages/airflow/example_dags/tutorial_dag.py
[2023-05-06T23:26:02.282+0000] {processor.py:809} INFO - DAG(s) dict_keys(['tutorial_dag']) retrieved from /home/airflow/.local/lib/python3.7/site-packages/airflow/example_dags/tutorial_dag.py
[2023-05-06T23:26:02.300+0000] {logging_mixin.py:149} INFO - [2023-05-06T23:26:02.300+0000] {dag.py:2726} INFO - Sync 1 DAGs
[2023-05-06T23:26:02.322+0000] {logging_mixin.py:149} INFO - [2023-05-06T23:26:02.322+0000] {dag.py:3490} INFO - Setting next_dagrun for tutorial_dag to None, run_after=None
[2023-05-06T23:26:02.339+0000] {processor.py:178} INFO - Processing /home/airflow/.local/lib/python3.7/site-packages/airflow/example_dags/tutorial_dag.py took 0.063 seconds
[2023-05-06T23:26:32.735+0000] {processor.py:156} INFO - Started process (PID=213) to work on /home/airflow/.local/lib/python3.7/site-packages/airflow/example_dags/tutorial_dag.py
[2023-05-06T23:26:32.736+0000] {processor.py:799} INFO - Processing file /home/airflow/.local/lib/python3.7/site-packages/airflow/example_dags/tutorial_dag.py for tasks to queue
[2023-05-06T23:26:32.736+0000] {logging_mixin.py:149} INFO - [2023-05-06T23:26:32.736+0000] {dagbag.py:541} INFO - Filling up the DagBag from /home/airflow/.local/lib/python3.7/site-packages/airflow/example_dags/tutorial_dag.py
[2023-05-06T23:26:32.739+0000] {processor.py:809} INFO - DAG(s) dict_keys(['tutorial_dag']) retrieved from /home/airflow/.local/lib/python3.7/site-packages/airflow/example_dags/tutorial_dag.py
[2023-05-06T23:26:32.758+0000] {logging_mixin.py:149} INFO - [2023-05-06T23:26:32.758+0000] {dag.py:2726} INFO - Sync 1 DAGs
[2023-05-06T23:26:32.781+0000] {logging_mixin.py:149} INFO - [2023-05-06T23:26:32.781+0000] {dag.py:3490} INFO - Setting next_dagrun for tutorial_dag to None, run_after=None
[2023-05-06T23:26:32.798+0000] {processor.py:178} INFO - Processing /home/airflow/.local/lib/python3.7/site-packages/airflow/example_dags/tutorial_dag.py took 0.064 seconds
[2023-05-06T23:27:03.348+0000] {processor.py:156} INFO - Started process (PID=271) to work on /home/airflow/.local/lib/python3.7/site-packages/airflow/example_dags/tutorial_dag.py
[2023-05-06T23:27:03.350+0000] {processor.py:799} INFO - Processing file /home/airflow/.local/lib/python3.7/site-packages/airflow/example_dags/tutorial_dag.py for tasks to queue
[2023-05-06T23:27:03.351+0000] {logging_mixin.py:149} INFO - [2023-05-06T23:27:03.350+0000] {dagbag.py:541} INFO - Filling up the DagBag from /home/airflow/.local/lib/python3.7/site-packages/airflow/example_dags/tutorial_dag.py
[2023-05-06T23:27:03.356+0000] {processor.py:809} INFO - DAG(s) dict_keys(['tutorial_dag']) retrieved from /home/airflow/.local/lib/python3.7/site-packages/airflow/example_dags/tutorial_dag.py
[2023-05-06T23:27:03.377+0000] {logging_mixin.py:149} INFO - [2023-05-06T23:27:03.376+0000] {dag.py:2726} INFO - Sync 1 DAGs
[2023-05-06T23:27:03.399+0000] {logging_mixin.py:149} INFO - [2023-05-06T23:27:03.399+0000] {dag.py:3490} INFO - Setting next_dagrun for tutorial_dag to None, run_after=None
[2023-05-06T23:27:03.416+0000] {processor.py:178} INFO - Processing /home/airflow/.local/lib/python3.7/site-packages/airflow/example_dags/tutorial_dag.py took 0.073 seconds
[2023-05-06T23:27:33.909+0000] {processor.py:156} INFO - Started process (PID=329) to work on /home/airflow/.local/lib/python3.7/site-packages/airflow/example_dags/tutorial_dag.py
[2023-05-06T23:27:33.909+0000] {processor.py:799} INFO - Processing file /home/airflow/.local/lib/python3.7/site-packages/airflow/example_dags/tutorial_dag.py for tasks to queue
[2023-05-06T23:27:33.910+0000] {logging_mixin.py:149} INFO - [2023-05-06T23:27:33.910+0000] {dagbag.py:541} INFO - Filling up the DagBag from /home/airflow/.local/lib/python3.7/site-packages/airflow/example_dags/tutorial_dag.py
[2023-05-06T23:27:33.913+0000] {processor.py:809} INFO - DAG(s) dict_keys(['tutorial_dag']) retrieved from /home/airflow/.local/lib/python3.7/site-packages/airflow/example_dags/tutorial_dag.py
[2023-05-06T23:27:33.933+0000] {logging_mixin.py:149} INFO - [2023-05-06T23:27:33.933+0000] {dag.py:2726} INFO - Sync 1 DAGs
[2023-05-06T23:27:33.955+0000] {logging_mixin.py:149} INFO - [2023-05-06T23:27:33.955+0000] {dag.py:3490} INFO - Setting next_dagrun for tutorial_dag to None, run_after=None
[2023-05-06T23:27:33.973+0000] {processor.py:178} INFO - Processing /home/airflow/.local/lib/python3.7/site-packages/airflow/example_dags/tutorial_dag.py took 0.066 seconds
[2023-05-06T23:28:04.316+0000] {processor.py:156} INFO - Started process (PID=387) to work on /home/airflow/.local/lib/python3.7/site-packages/airflow/example_dags/tutorial_dag.py
[2023-05-06T23:28:04.322+0000] {processor.py:799} INFO - Processing file /home/airflow/.local/lib/python3.7/site-packages/airflow/example_dags/tutorial_dag.py for tasks to queue
[2023-05-06T23:28:04.323+0000] {logging_mixin.py:149} INFO - [2023-05-06T23:28:04.323+0000] {dagbag.py:541} INFO - Filling up the DagBag from /home/airflow/.local/lib/python3.7/site-packages/airflow/example_dags/tutorial_dag.py
[2023-05-06T23:28:04.335+0000] {processor.py:809} INFO - DAG(s) dict_keys(['tutorial_dag']) retrieved from /home/airflow/.local/lib/python3.7/site-packages/airflow/example_dags/tutorial_dag.py
[2023-05-06T23:28:04.382+0000] {logging_mixin.py:149} INFO - [2023-05-06T23:28:04.381+0000] {dag.py:2726} INFO - Sync 1 DAGs
[2023-05-06T23:28:04.411+0000] {logging_mixin.py:149} INFO - [2023-05-06T23:28:04.411+0000] {dag.py:3490} INFO - Setting next_dagrun for tutorial_dag to None, run_after=None
[2023-05-06T23:28:04.433+0000] {processor.py:178} INFO - Processing /home/airflow/.local/lib/python3.7/site-packages/airflow/example_dags/tutorial_dag.py took 0.120 seconds
[2023-05-06T23:28:34.606+0000] {processor.py:156} INFO - Started process (PID=445) to work on /home/airflow/.local/lib/python3.7/site-packages/airflow/example_dags/tutorial_dag.py
[2023-05-06T23:28:34.606+0000] {processor.py:799} INFO - Processing file /home/airflow/.local/lib/python3.7/site-packages/airflow/example_dags/tutorial_dag.py for tasks to queue
[2023-05-06T23:28:34.607+0000] {logging_mixin.py:149} INFO - [2023-05-06T23:28:34.607+0000] {dagbag.py:541} INFO - Filling up the DagBag from /home/airflow/.local/lib/python3.7/site-packages/airflow/example_dags/tutorial_dag.py
[2023-05-06T23:28:34.610+0000] {processor.py:809} INFO - DAG(s) dict_keys(['tutorial_dag']) retrieved from /home/airflow/.local/lib/python3.7/site-packages/airflow/example_dags/tutorial_dag.py
[2023-05-06T23:28:34.630+0000] {logging_mixin.py:149} INFO - [2023-05-06T23:28:34.630+0000] {dag.py:2726} INFO - Sync 1 DAGs
[2023-05-06T23:28:34.653+0000] {logging_mixin.py:149} INFO - [2023-05-06T23:28:34.653+0000] {dag.py:3490} INFO - Setting next_dagrun for tutorial_dag to None, run_after=None
[2023-05-06T23:28:34.671+0000] {processor.py:178} INFO - Processing /home/airflow/.local/lib/python3.7/site-packages/airflow/example_dags/tutorial_dag.py took 0.067 seconds
[2023-05-06T23:29:05.039+0000] {processor.py:156} INFO - Started process (PID=504) to work on /home/airflow/.local/lib/python3.7/site-packages/airflow/example_dags/tutorial_dag.py
[2023-05-06T23:29:05.040+0000] {processor.py:799} INFO - Processing file /home/airflow/.local/lib/python3.7/site-packages/airflow/example_dags/tutorial_dag.py for tasks to queue
[2023-05-06T23:29:05.040+0000] {logging_mixin.py:149} INFO - [2023-05-06T23:29:05.040+0000] {dagbag.py:541} INFO - Filling up the DagBag from /home/airflow/.local/lib/python3.7/site-packages/airflow/example_dags/tutorial_dag.py
[2023-05-06T23:29:05.043+0000] {processor.py:809} INFO - DAG(s) dict_keys(['tutorial_dag']) retrieved from /home/airflow/.local/lib/python3.7/site-packages/airflow/example_dags/tutorial_dag.py
[2023-05-06T23:29:05.063+0000] {logging_mixin.py:149} INFO - [2023-05-06T23:29:05.063+0000] {dag.py:2726} INFO - Sync 1 DAGs
[2023-05-06T23:29:05.086+0000] {logging_mixin.py:149} INFO - [2023-05-06T23:29:05.085+0000] {dag.py:3490} INFO - Setting next_dagrun for tutorial_dag to None, run_after=None
[2023-05-06T23:29:05.104+0000] {processor.py:178} INFO - Processing /home/airflow/.local/lib/python3.7/site-packages/airflow/example_dags/tutorial_dag.py took 0.067 seconds
[2023-05-06T23:29:35.535+0000] {processor.py:156} INFO - Started process (PID=562) to work on /home/airflow/.local/lib/python3.7/site-packages/airflow/example_dags/tutorial_dag.py
[2023-05-06T23:29:35.535+0000] {processor.py:799} INFO - Processing file /home/airflow/.local/lib/python3.7/site-packages/airflow/example_dags/tutorial_dag.py for tasks to queue
[2023-05-06T23:29:35.536+0000] {logging_mixin.py:149} INFO - [2023-05-06T23:29:35.536+0000] {dagbag.py:541} INFO - Filling up the DagBag from /home/airflow/.local/lib/python3.7/site-packages/airflow/example_dags/tutorial_dag.py
[2023-05-06T23:29:35.539+0000] {processor.py:809} INFO - DAG(s) dict_keys(['tutorial_dag']) retrieved from /home/airflow/.local/lib/python3.7/site-packages/airflow/example_dags/tutorial_dag.py
[2023-05-06T23:29:35.560+0000] {logging_mixin.py:149} INFO - [2023-05-06T23:29:35.560+0000] {dag.py:2726} INFO - Sync 1 DAGs
[2023-05-06T23:29:35.584+0000] {logging_mixin.py:149} INFO - [2023-05-06T23:29:35.584+0000] {dag.py:3490} INFO - Setting next_dagrun for tutorial_dag to None, run_after=None
[2023-05-06T23:29:35.602+0000] {processor.py:178} INFO - Processing /home/airflow/.local/lib/python3.7/site-packages/airflow/example_dags/tutorial_dag.py took 0.069 seconds
[2023-05-06T23:30:06.111+0000] {processor.py:156} INFO - Started process (PID=620) to work on /home/airflow/.local/lib/python3.7/site-packages/airflow/example_dags/tutorial_dag.py
[2023-05-06T23:30:06.112+0000] {processor.py:799} INFO - Processing file /home/airflow/.local/lib/python3.7/site-packages/airflow/example_dags/tutorial_dag.py for tasks to queue
[2023-05-06T23:30:06.112+0000] {logging_mixin.py:149} INFO - [2023-05-06T23:30:06.112+0000] {dagbag.py:541} INFO - Filling up the DagBag from /home/airflow/.local/lib/python3.7/site-packages/airflow/example_dags/tutorial_dag.py
[2023-05-06T23:30:06.115+0000] {processor.py:809} INFO - DAG(s) dict_keys(['tutorial_dag']) retrieved from /home/airflow/.local/lib/python3.7/site-packages/airflow/example_dags/tutorial_dag.py
[2023-05-06T23:30:06.135+0000] {logging_mixin.py:149} INFO - [2023-05-06T23:30:06.135+0000] {dag.py:2726} INFO - Sync 1 DAGs
[2023-05-06T23:30:06.159+0000] {logging_mixin.py:149} INFO - [2023-05-06T23:30:06.159+0000] {dag.py:3490} INFO - Setting next_dagrun for tutorial_dag to None, run_after=None
[2023-05-06T23:30:06.180+0000] {processor.py:178} INFO - Processing /home/airflow/.local/lib/python3.7/site-packages/airflow/example_dags/tutorial_dag.py took 0.071 seconds
[2023-05-06T23:30:36.503+0000] {processor.py:156} INFO - Started process (PID=678) to work on /home/airflow/.local/lib/python3.7/site-packages/airflow/example_dags/tutorial_dag.py
[2023-05-06T23:30:36.504+0000] {processor.py:799} INFO - Processing file /home/airflow/.local/lib/python3.7/site-packages/airflow/example_dags/tutorial_dag.py for tasks to queue
[2023-05-06T23:30:36.504+0000] {logging_mixin.py:149} INFO - [2023-05-06T23:30:36.504+0000] {dagbag.py:541} INFO - Filling up the DagBag from /home/airflow/.local/lib/python3.7/site-packages/airflow/example_dags/tutorial_dag.py
[2023-05-06T23:30:36.508+0000] {processor.py:809} INFO - DAG(s) dict_keys(['tutorial_dag']) retrieved from /home/airflow/.local/lib/python3.7/site-packages/airflow/example_dags/tutorial_dag.py
[2023-05-06T23:30:36.527+0000] {logging_mixin.py:149} INFO - [2023-05-06T23:30:36.527+0000] {dag.py:2726} INFO - Sync 1 DAGs
[2023-05-06T23:30:36.550+0000] {logging_mixin.py:149} INFO - [2023-05-06T23:30:36.550+0000] {dag.py:3490} INFO - Setting next_dagrun for tutorial_dag to None, run_after=None
[2023-05-06T23:30:36.568+0000] {processor.py:178} INFO - Processing /home/airflow/.local/lib/python3.7/site-packages/airflow/example_dags/tutorial_dag.py took 0.066 seconds
[2023-05-06T23:31:07.002+0000] {processor.py:156} INFO - Started process (PID=735) to work on /home/airflow/.local/lib/python3.7/site-packages/airflow/example_dags/tutorial_dag.py
[2023-05-06T23:31:07.003+0000] {processor.py:799} INFO - Processing file /home/airflow/.local/lib/python3.7/site-packages/airflow/example_dags/tutorial_dag.py for tasks to queue
[2023-05-06T23:31:07.004+0000] {logging_mixin.py:149} INFO - [2023-05-06T23:31:07.004+0000] {dagbag.py:541} INFO - Filling up the DagBag from /home/airflow/.local/lib/python3.7/site-packages/airflow/example_dags/tutorial_dag.py
[2023-05-06T23:31:07.008+0000] {processor.py:809} INFO - DAG(s) dict_keys(['tutorial_dag']) retrieved from /home/airflow/.local/lib/python3.7/site-packages/airflow/example_dags/tutorial_dag.py
[2023-05-06T23:31:07.029+0000] {logging_mixin.py:149} INFO - [2023-05-06T23:31:07.029+0000] {dag.py:2726} INFO - Sync 1 DAGs
[2023-05-06T23:31:07.051+0000] {logging_mixin.py:149} INFO - [2023-05-06T23:31:07.051+0000] {dag.py:3490} INFO - Setting next_dagrun for tutorial_dag to None, run_after=None
[2023-05-06T23:31:07.068+0000] {processor.py:178} INFO - Processing /home/airflow/.local/lib/python3.7/site-packages/airflow/example_dags/tutorial_dag.py took 0.068 seconds
[2023-05-06T23:31:37.234+0000] {processor.py:156} INFO - Started process (PID=793) to work on /home/airflow/.local/lib/python3.7/site-packages/airflow/example_dags/tutorial_dag.py
[2023-05-06T23:31:37.235+0000] {processor.py:799} INFO - Processing file /home/airflow/.local/lib/python3.7/site-packages/airflow/example_dags/tutorial_dag.py for tasks to queue
[2023-05-06T23:31:37.235+0000] {logging_mixin.py:149} INFO - [2023-05-06T23:31:37.235+0000] {dagbag.py:541} INFO - Filling up the DagBag from /home/airflow/.local/lib/python3.7/site-packages/airflow/example_dags/tutorial_dag.py
[2023-05-06T23:31:37.238+0000] {processor.py:809} INFO - DAG(s) dict_keys(['tutorial_dag']) retrieved from /home/airflow/.local/lib/python3.7/site-packages/airflow/example_dags/tutorial_dag.py
[2023-05-06T23:31:37.257+0000] {logging_mixin.py:149} INFO - [2023-05-06T23:31:37.257+0000] {dag.py:2726} INFO - Sync 1 DAGs
[2023-05-06T23:31:37.278+0000] {logging_mixin.py:149} INFO - [2023-05-06T23:31:37.278+0000] {dag.py:3490} INFO - Setting next_dagrun for tutorial_dag to None, run_after=None
[2023-05-06T23:31:37.295+0000] {processor.py:178} INFO - Processing /home/airflow/.local/lib/python3.7/site-packages/airflow/example_dags/tutorial_dag.py took 0.063 seconds
[2023-05-06T23:32:07.776+0000] {processor.py:156} INFO - Started process (PID=851) to work on /home/airflow/.local/lib/python3.7/site-packages/airflow/example_dags/tutorial_dag.py
[2023-05-06T23:32:07.777+0000] {processor.py:799} INFO - Processing file /home/airflow/.local/lib/python3.7/site-packages/airflow/example_dags/tutorial_dag.py for tasks to queue
[2023-05-06T23:32:07.777+0000] {logging_mixin.py:149} INFO - [2023-05-06T23:32:07.777+0000] {dagbag.py:541} INFO - Filling up the DagBag from /home/airflow/.local/lib/python3.7/site-packages/airflow/example_dags/tutorial_dag.py
[2023-05-06T23:32:07.780+0000] {processor.py:809} INFO - DAG(s) dict_keys(['tutorial_dag']) retrieved from /home/airflow/.local/lib/python3.7/site-packages/airflow/example_dags/tutorial_dag.py
[2023-05-06T23:32:07.799+0000] {logging_mixin.py:149} INFO - [2023-05-06T23:32:07.799+0000] {dag.py:2726} INFO - Sync 1 DAGs
[2023-05-06T23:32:07.822+0000] {logging_mixin.py:149} INFO - [2023-05-06T23:32:07.822+0000] {dag.py:3490} INFO - Setting next_dagrun for tutorial_dag to None, run_after=None
[2023-05-06T23:32:07.842+0000] {processor.py:178} INFO - Processing /home/airflow/.local/lib/python3.7/site-packages/airflow/example_dags/tutorial_dag.py took 0.068 seconds
[2023-05-06T23:32:38.190+0000] {processor.py:156} INFO - Started process (PID=909) to work on /home/airflow/.local/lib/python3.7/site-packages/airflow/example_dags/tutorial_dag.py
[2023-05-06T23:32:38.191+0000] {processor.py:799} INFO - Processing file /home/airflow/.local/lib/python3.7/site-packages/airflow/example_dags/tutorial_dag.py for tasks to queue
[2023-05-06T23:32:38.191+0000] {logging_mixin.py:149} INFO - [2023-05-06T23:32:38.191+0000] {dagbag.py:541} INFO - Filling up the DagBag from /home/airflow/.local/lib/python3.7/site-packages/airflow/example_dags/tutorial_dag.py
[2023-05-06T23:32:38.195+0000] {processor.py:809} INFO - DAG(s) dict_keys(['tutorial_dag']) retrieved from /home/airflow/.local/lib/python3.7/site-packages/airflow/example_dags/tutorial_dag.py
[2023-05-06T23:32:38.214+0000] {logging_mixin.py:149} INFO - [2023-05-06T23:32:38.214+0000] {dag.py:2726} INFO - Sync 1 DAGs
[2023-05-06T23:32:38.237+0000] {logging_mixin.py:149} INFO - [2023-05-06T23:32:38.236+0000] {dag.py:3490} INFO - Setting next_dagrun for tutorial_dag to None, run_after=None
[2023-05-06T23:32:38.255+0000] {processor.py:178} INFO - Processing /home/airflow/.local/lib/python3.7/site-packages/airflow/example_dags/tutorial_dag.py took 0.067 seconds
[2023-05-06T23:33:08.567+0000] {processor.py:156} INFO - Started process (PID=967) to work on /home/airflow/.local/lib/python3.7/site-packages/airflow/example_dags/tutorial_dag.py
[2023-05-06T23:33:08.568+0000] {processor.py:799} INFO - Processing file /home/airflow/.local/lib/python3.7/site-packages/airflow/example_dags/tutorial_dag.py for tasks to queue
[2023-05-06T23:33:08.568+0000] {logging_mixin.py:149} INFO - [2023-05-06T23:33:08.568+0000] {dagbag.py:541} INFO - Filling up the DagBag from /home/airflow/.local/lib/python3.7/site-packages/airflow/example_dags/tutorial_dag.py
[2023-05-06T23:33:08.572+0000] {processor.py:809} INFO - DAG(s) dict_keys(['tutorial_dag']) retrieved from /home/airflow/.local/lib/python3.7/site-packages/airflow/example_dags/tutorial_dag.py
[2023-05-06T23:33:08.591+0000] {logging_mixin.py:149} INFO - [2023-05-06T23:33:08.591+0000] {dag.py:2726} INFO - Sync 1 DAGs
[2023-05-06T23:33:08.613+0000] {logging_mixin.py:149} INFO - [2023-05-06T23:33:08.613+0000] {dag.py:3490} INFO - Setting next_dagrun for tutorial_dag to None, run_after=None
[2023-05-06T23:33:08.630+0000] {processor.py:178} INFO - Processing /home/airflow/.local/lib/python3.7/site-packages/airflow/example_dags/tutorial_dag.py took 0.064 seconds
[2023-05-06T23:33:39.035+0000] {processor.py:156} INFO - Started process (PID=1026) to work on /home/airflow/.local/lib/python3.7/site-packages/airflow/example_dags/tutorial_dag.py
[2023-05-06T23:33:39.036+0000] {processor.py:799} INFO - Processing file /home/airflow/.local/lib/python3.7/site-packages/airflow/example_dags/tutorial_dag.py for tasks to queue
[2023-05-06T23:33:39.036+0000] {logging_mixin.py:149} INFO - [2023-05-06T23:33:39.036+0000] {dagbag.py:541} INFO - Filling up the DagBag from /home/airflow/.local/lib/python3.7/site-packages/airflow/example_dags/tutorial_dag.py
[2023-05-06T23:33:39.040+0000] {processor.py:809} INFO - DAG(s) dict_keys(['tutorial_dag']) retrieved from /home/airflow/.local/lib/python3.7/site-packages/airflow/example_dags/tutorial_dag.py
[2023-05-06T23:33:39.063+0000] {logging_mixin.py:149} INFO - [2023-05-06T23:33:39.063+0000] {dag.py:2726} INFO - Sync 1 DAGs
[2023-05-06T23:33:39.088+0000] {logging_mixin.py:149} INFO - [2023-05-06T23:33:39.087+0000] {dag.py:3490} INFO - Setting next_dagrun for tutorial_dag to None, run_after=None
[2023-05-06T23:33:39.108+0000] {processor.py:178} INFO - Processing /home/airflow/.local/lib/python3.7/site-packages/airflow/example_dags/tutorial_dag.py took 0.075 seconds
[2023-05-06T23:34:09.325+0000] {processor.py:156} INFO - Started process (PID=1084) to work on /home/airflow/.local/lib/python3.7/site-packages/airflow/example_dags/tutorial_dag.py
[2023-05-06T23:34:09.325+0000] {processor.py:799} INFO - Processing file /home/airflow/.local/lib/python3.7/site-packages/airflow/example_dags/tutorial_dag.py for tasks to queue
[2023-05-06T23:34:09.326+0000] {logging_mixin.py:149} INFO - [2023-05-06T23:34:09.326+0000] {dagbag.py:541} INFO - Filling up the DagBag from /home/airflow/.local/lib/python3.7/site-packages/airflow/example_dags/tutorial_dag.py
[2023-05-06T23:34:09.329+0000] {processor.py:809} INFO - DAG(s) dict_keys(['tutorial_dag']) retrieved from /home/airflow/.local/lib/python3.7/site-packages/airflow/example_dags/tutorial_dag.py
[2023-05-06T23:34:09.347+0000] {logging_mixin.py:149} INFO - [2023-05-06T23:34:09.347+0000] {dag.py:2726} INFO - Sync 1 DAGs
[2023-05-06T23:34:09.369+0000] {logging_mixin.py:149} INFO - [2023-05-06T23:34:09.369+0000] {dag.py:3490} INFO - Setting next_dagrun for tutorial_dag to None, run_after=None
[2023-05-06T23:34:09.386+0000] {processor.py:178} INFO - Processing /home/airflow/.local/lib/python3.7/site-packages/airflow/example_dags/tutorial_dag.py took 0.063 seconds
[2023-05-06T23:34:39.897+0000] {processor.py:156} INFO - Started process (PID=1142) to work on /home/airflow/.local/lib/python3.7/site-packages/airflow/example_dags/tutorial_dag.py
[2023-05-06T23:34:39.898+0000] {processor.py:799} INFO - Processing file /home/airflow/.local/lib/python3.7/site-packages/airflow/example_dags/tutorial_dag.py for tasks to queue
[2023-05-06T23:34:39.898+0000] {logging_mixin.py:149} INFO - [2023-05-06T23:34:39.898+0000] {dagbag.py:541} INFO - Filling up the DagBag from /home/airflow/.local/lib/python3.7/site-packages/airflow/example_dags/tutorial_dag.py
[2023-05-06T23:34:39.902+0000] {processor.py:809} INFO - DAG(s) dict_keys(['tutorial_dag']) retrieved from /home/airflow/.local/lib/python3.7/site-packages/airflow/example_dags/tutorial_dag.py
[2023-05-06T23:34:39.925+0000] {logging_mixin.py:149} INFO - [2023-05-06T23:34:39.924+0000] {dag.py:2726} INFO - Sync 1 DAGs
[2023-05-06T23:34:39.949+0000] {logging_mixin.py:149} INFO - [2023-05-06T23:34:39.949+0000] {dag.py:3490} INFO - Setting next_dagrun for tutorial_dag to None, run_after=None
[2023-05-06T23:34:39.968+0000] {processor.py:178} INFO - Processing /home/airflow/.local/lib/python3.7/site-packages/airflow/example_dags/tutorial_dag.py took 0.074 seconds
[2023-05-06T23:35:10.407+0000] {processor.py:156} INFO - Started process (PID=1200) to work on /home/airflow/.local/lib/python3.7/site-packages/airflow/example_dags/tutorial_dag.py
[2023-05-06T23:35:10.407+0000] {processor.py:799} INFO - Processing file /home/airflow/.local/lib/python3.7/site-packages/airflow/example_dags/tutorial_dag.py for tasks to queue
[2023-05-06T23:35:10.408+0000] {logging_mixin.py:149} INFO - [2023-05-06T23:35:10.408+0000] {dagbag.py:541} INFO - Filling up the DagBag from /home/airflow/.local/lib/python3.7/site-packages/airflow/example_dags/tutorial_dag.py
[2023-05-06T23:35:10.411+0000] {processor.py:809} INFO - DAG(s) dict_keys(['tutorial_dag']) retrieved from /home/airflow/.local/lib/python3.7/site-packages/airflow/example_dags/tutorial_dag.py
[2023-05-06T23:35:10.430+0000] {logging_mixin.py:149} INFO - [2023-05-06T23:35:10.430+0000] {dag.py:2726} INFO - Sync 1 DAGs
[2023-05-06T23:35:10.453+0000] {logging_mixin.py:149} INFO - [2023-05-06T23:35:10.453+0000] {dag.py:3490} INFO - Setting next_dagrun for tutorial_dag to None, run_after=None
[2023-05-06T23:35:10.470+0000] {processor.py:178} INFO - Processing /home/airflow/.local/lib/python3.7/site-packages/airflow/example_dags/tutorial_dag.py took 0.065 seconds
[2023-05-06T23:35:40.916+0000] {processor.py:156} INFO - Started process (PID=1258) to work on /home/airflow/.local/lib/python3.7/site-packages/airflow/example_dags/tutorial_dag.py
[2023-05-06T23:35:40.916+0000] {processor.py:799} INFO - Processing file /home/airflow/.local/lib/python3.7/site-packages/airflow/example_dags/tutorial_dag.py for tasks to queue
[2023-05-06T23:35:40.917+0000] {logging_mixin.py:149} INFO - [2023-05-06T23:35:40.917+0000] {dagbag.py:541} INFO - Filling up the DagBag from /home/airflow/.local/lib/python3.7/site-packages/airflow/example_dags/tutorial_dag.py
[2023-05-06T23:35:40.921+0000] {processor.py:809} INFO - DAG(s) dict_keys(['tutorial_dag']) retrieved from /home/airflow/.local/lib/python3.7/site-packages/airflow/example_dags/tutorial_dag.py
[2023-05-06T23:35:40.946+0000] {logging_mixin.py:149} INFO - [2023-05-06T23:35:40.945+0000] {dag.py:2726} INFO - Sync 1 DAGs
[2023-05-06T23:35:40.968+0000] {logging_mixin.py:149} INFO - [2023-05-06T23:35:40.968+0000] {dag.py:3490} INFO - Setting next_dagrun for tutorial_dag to None, run_after=None
[2023-05-06T23:35:40.991+0000] {processor.py:178} INFO - Processing /home/airflow/.local/lib/python3.7/site-packages/airflow/example_dags/tutorial_dag.py took 0.079 seconds
[2023-05-06T23:36:11.315+0000] {processor.py:156} INFO - Started process (PID=1316) to work on /home/airflow/.local/lib/python3.7/site-packages/airflow/example_dags/tutorial_dag.py
[2023-05-06T23:36:11.316+0000] {processor.py:799} INFO - Processing file /home/airflow/.local/lib/python3.7/site-packages/airflow/example_dags/tutorial_dag.py for tasks to queue
[2023-05-06T23:36:11.316+0000] {logging_mixin.py:149} INFO - [2023-05-06T23:36:11.316+0000] {dagbag.py:541} INFO - Filling up the DagBag from /home/airflow/.local/lib/python3.7/site-packages/airflow/example_dags/tutorial_dag.py
[2023-05-06T23:36:11.319+0000] {processor.py:809} INFO - DAG(s) dict_keys(['tutorial_dag']) retrieved from /home/airflow/.local/lib/python3.7/site-packages/airflow/example_dags/tutorial_dag.py
[2023-05-06T23:36:11.340+0000] {logging_mixin.py:149} INFO - [2023-05-06T23:36:11.340+0000] {dag.py:2726} INFO - Sync 1 DAGs
[2023-05-06T23:36:11.365+0000] {logging_mixin.py:149} INFO - [2023-05-06T23:36:11.365+0000] {dag.py:3490} INFO - Setting next_dagrun for tutorial_dag to None, run_after=None
[2023-05-06T23:36:11.383+0000] {processor.py:178} INFO - Processing /home/airflow/.local/lib/python3.7/site-packages/airflow/example_dags/tutorial_dag.py took 0.070 seconds
[2023-05-06T23:36:41.681+0000] {processor.py:156} INFO - Started process (PID=1374) to work on /home/airflow/.local/lib/python3.7/site-packages/airflow/example_dags/tutorial_dag.py
[2023-05-06T23:36:41.681+0000] {processor.py:799} INFO - Processing file /home/airflow/.local/lib/python3.7/site-packages/airflow/example_dags/tutorial_dag.py for tasks to queue
[2023-05-06T23:36:41.682+0000] {logging_mixin.py:149} INFO - [2023-05-06T23:36:41.682+0000] {dagbag.py:541} INFO - Filling up the DagBag from /home/airflow/.local/lib/python3.7/site-packages/airflow/example_dags/tutorial_dag.py
[2023-05-06T23:36:41.685+0000] {processor.py:809} INFO - DAG(s) dict_keys(['tutorial_dag']) retrieved from /home/airflow/.local/lib/python3.7/site-packages/airflow/example_dags/tutorial_dag.py
[2023-05-06T23:36:41.704+0000] {logging_mixin.py:149} INFO - [2023-05-06T23:36:41.704+0000] {dag.py:2726} INFO - Sync 1 DAGs
[2023-05-06T23:36:41.726+0000] {logging_mixin.py:149} INFO - [2023-05-06T23:36:41.726+0000] {dag.py:3490} INFO - Setting next_dagrun for tutorial_dag to None, run_after=None
[2023-05-06T23:36:41.743+0000] {processor.py:178} INFO - Processing /home/airflow/.local/lib/python3.7/site-packages/airflow/example_dags/tutorial_dag.py took 0.064 seconds
[2023-05-06T23:37:12.435+0000] {processor.py:156} INFO - Started process (PID=1432) to work on /home/airflow/.local/lib/python3.7/site-packages/airflow/example_dags/tutorial_dag.py
[2023-05-06T23:37:12.436+0000] {processor.py:799} INFO - Processing file /home/airflow/.local/lib/python3.7/site-packages/airflow/example_dags/tutorial_dag.py for tasks to queue
[2023-05-06T23:37:12.436+0000] {logging_mixin.py:149} INFO - [2023-05-06T23:37:12.436+0000] {dagbag.py:541} INFO - Filling up the DagBag from /home/airflow/.local/lib/python3.7/site-packages/airflow/example_dags/tutorial_dag.py
[2023-05-06T23:37:12.439+0000] {processor.py:809} INFO - DAG(s) dict_keys(['tutorial_dag']) retrieved from /home/airflow/.local/lib/python3.7/site-packages/airflow/example_dags/tutorial_dag.py
[2023-05-06T23:37:12.458+0000] {logging_mixin.py:149} INFO - [2023-05-06T23:37:12.458+0000] {dag.py:2726} INFO - Sync 1 DAGs
[2023-05-06T23:37:12.480+0000] {logging_mixin.py:149} INFO - [2023-05-06T23:37:12.480+0000] {dag.py:3490} INFO - Setting next_dagrun for tutorial_dag to None, run_after=None
[2023-05-06T23:37:12.498+0000] {processor.py:178} INFO - Processing /home/airflow/.local/lib/python3.7/site-packages/airflow/example_dags/tutorial_dag.py took 0.065 seconds
[2023-05-06T23:37:43.055+0000] {processor.py:156} INFO - Started process (PID=1490) to work on /home/airflow/.local/lib/python3.7/site-packages/airflow/example_dags/tutorial_dag.py
[2023-05-06T23:37:43.056+0000] {processor.py:799} INFO - Processing file /home/airflow/.local/lib/python3.7/site-packages/airflow/example_dags/tutorial_dag.py for tasks to queue
[2023-05-06T23:37:43.057+0000] {logging_mixin.py:149} INFO - [2023-05-06T23:37:43.057+0000] {dagbag.py:541} INFO - Filling up the DagBag from /home/airflow/.local/lib/python3.7/site-packages/airflow/example_dags/tutorial_dag.py
[2023-05-06T23:37:43.063+0000] {processor.py:809} INFO - DAG(s) dict_keys(['tutorial_dag']) retrieved from /home/airflow/.local/lib/python3.7/site-packages/airflow/example_dags/tutorial_dag.py
[2023-05-06T23:37:43.088+0000] {logging_mixin.py:149} INFO - [2023-05-06T23:37:43.088+0000] {dag.py:2726} INFO - Sync 1 DAGs
[2023-05-06T23:37:43.111+0000] {logging_mixin.py:149} INFO - [2023-05-06T23:37:43.111+0000] {dag.py:3490} INFO - Setting next_dagrun for tutorial_dag to None, run_after=None
[2023-05-06T23:37:43.129+0000] {processor.py:178} INFO - Processing /home/airflow/.local/lib/python3.7/site-packages/airflow/example_dags/tutorial_dag.py took 0.079 seconds
[2023-05-06T23:38:13.592+0000] {processor.py:156} INFO - Started process (PID=1547) to work on /home/airflow/.local/lib/python3.7/site-packages/airflow/example_dags/tutorial_dag.py
[2023-05-06T23:38:13.593+0000] {processor.py:799} INFO - Processing file /home/airflow/.local/lib/python3.7/site-packages/airflow/example_dags/tutorial_dag.py for tasks to queue
[2023-05-06T23:38:13.594+0000] {logging_mixin.py:149} INFO - [2023-05-06T23:38:13.593+0000] {dagbag.py:541} INFO - Filling up the DagBag from /home/airflow/.local/lib/python3.7/site-packages/airflow/example_dags/tutorial_dag.py
[2023-05-06T23:38:13.597+0000] {processor.py:809} INFO - DAG(s) dict_keys(['tutorial_dag']) retrieved from /home/airflow/.local/lib/python3.7/site-packages/airflow/example_dags/tutorial_dag.py
[2023-05-06T23:38:13.616+0000] {logging_mixin.py:149} INFO - [2023-05-06T23:38:13.615+0000] {dag.py:2726} INFO - Sync 1 DAGs
[2023-05-06T23:38:13.639+0000] {logging_mixin.py:149} INFO - [2023-05-06T23:38:13.638+0000] {dag.py:3490} INFO - Setting next_dagrun for tutorial_dag to None, run_after=None
[2023-05-06T23:38:13.656+0000] {processor.py:178} INFO - Processing /home/airflow/.local/lib/python3.7/site-packages/airflow/example_dags/tutorial_dag.py took 0.066 seconds
[2023-05-06T23:38:43.692+0000] {processor.py:156} INFO - Started process (PID=1605) to work on /home/airflow/.local/lib/python3.7/site-packages/airflow/example_dags/tutorial_dag.py
[2023-05-06T23:38:43.693+0000] {processor.py:799} INFO - Processing file /home/airflow/.local/lib/python3.7/site-packages/airflow/example_dags/tutorial_dag.py for tasks to queue
[2023-05-06T23:38:43.693+0000] {logging_mixin.py:149} INFO - [2023-05-06T23:38:43.693+0000] {dagbag.py:541} INFO - Filling up the DagBag from /home/airflow/.local/lib/python3.7/site-packages/airflow/example_dags/tutorial_dag.py
[2023-05-06T23:38:43.696+0000] {processor.py:809} INFO - DAG(s) dict_keys(['tutorial_dag']) retrieved from /home/airflow/.local/lib/python3.7/site-packages/airflow/example_dags/tutorial_dag.py
[2023-05-06T23:38:43.718+0000] {logging_mixin.py:149} INFO - [2023-05-06T23:38:43.717+0000] {dag.py:2726} INFO - Sync 1 DAGs
[2023-05-06T23:38:43.741+0000] {logging_mixin.py:149} INFO - [2023-05-06T23:38:43.741+0000] {dag.py:3490} INFO - Setting next_dagrun for tutorial_dag to None, run_after=None
[2023-05-06T23:38:43.758+0000] {processor.py:178} INFO - Processing /home/airflow/.local/lib/python3.7/site-packages/airflow/example_dags/tutorial_dag.py took 0.068 seconds
[2023-05-06T23:39:13.890+0000] {processor.py:156} INFO - Started process (PID=1663) to work on /home/airflow/.local/lib/python3.7/site-packages/airflow/example_dags/tutorial_dag.py
[2023-05-06T23:39:13.890+0000] {processor.py:799} INFO - Processing file /home/airflow/.local/lib/python3.7/site-packages/airflow/example_dags/tutorial_dag.py for tasks to queue
[2023-05-06T23:39:13.891+0000] {logging_mixin.py:149} INFO - [2023-05-06T23:39:13.891+0000] {dagbag.py:541} INFO - Filling up the DagBag from /home/airflow/.local/lib/python3.7/site-packages/airflow/example_dags/tutorial_dag.py
[2023-05-06T23:39:13.894+0000] {processor.py:809} INFO - DAG(s) dict_keys(['tutorial_dag']) retrieved from /home/airflow/.local/lib/python3.7/site-packages/airflow/example_dags/tutorial_dag.py
[2023-05-06T23:39:13.915+0000] {logging_mixin.py:149} INFO - [2023-05-06T23:39:13.915+0000] {dag.py:2726} INFO - Sync 1 DAGs
[2023-05-06T23:39:13.938+0000] {logging_mixin.py:149} INFO - [2023-05-06T23:39:13.938+0000] {dag.py:3490} INFO - Setting next_dagrun for tutorial_dag to None, run_after=None
[2023-05-06T23:39:13.955+0000] {processor.py:178} INFO - Processing /home/airflow/.local/lib/python3.7/site-packages/airflow/example_dags/tutorial_dag.py took 0.067 seconds
[2023-05-06T23:39:44.283+0000] {processor.py:156} INFO - Started process (PID=1723) to work on /home/airflow/.local/lib/python3.7/site-packages/airflow/example_dags/tutorial_dag.py
[2023-05-06T23:39:44.284+0000] {processor.py:799} INFO - Processing file /home/airflow/.local/lib/python3.7/site-packages/airflow/example_dags/tutorial_dag.py for tasks to queue
[2023-05-06T23:39:44.284+0000] {logging_mixin.py:149} INFO - [2023-05-06T23:39:44.284+0000] {dagbag.py:541} INFO - Filling up the DagBag from /home/airflow/.local/lib/python3.7/site-packages/airflow/example_dags/tutorial_dag.py
[2023-05-06T23:39:44.288+0000] {processor.py:809} INFO - DAG(s) dict_keys(['tutorial_dag']) retrieved from /home/airflow/.local/lib/python3.7/site-packages/airflow/example_dags/tutorial_dag.py
[2023-05-06T23:39:44.306+0000] {logging_mixin.py:149} INFO - [2023-05-06T23:39:44.306+0000] {dag.py:2726} INFO - Sync 1 DAGs
[2023-05-06T23:39:44.327+0000] {logging_mixin.py:149} INFO - [2023-05-06T23:39:44.327+0000] {dag.py:3490} INFO - Setting next_dagrun for tutorial_dag to None, run_after=None
[2023-05-06T23:39:44.344+0000] {processor.py:178} INFO - Processing /home/airflow/.local/lib/python3.7/site-packages/airflow/example_dags/tutorial_dag.py took 0.063 seconds
[2023-05-06T23:40:14.630+0000] {processor.py:156} INFO - Started process (PID=1781) to work on /home/airflow/.local/lib/python3.7/site-packages/airflow/example_dags/tutorial_dag.py
[2023-05-06T23:40:14.631+0000] {processor.py:799} INFO - Processing file /home/airflow/.local/lib/python3.7/site-packages/airflow/example_dags/tutorial_dag.py for tasks to queue
[2023-05-06T23:40:14.631+0000] {logging_mixin.py:149} INFO - [2023-05-06T23:40:14.631+0000] {dagbag.py:541} INFO - Filling up the DagBag from /home/airflow/.local/lib/python3.7/site-packages/airflow/example_dags/tutorial_dag.py
[2023-05-06T23:40:14.635+0000] {processor.py:809} INFO - DAG(s) dict_keys(['tutorial_dag']) retrieved from /home/airflow/.local/lib/python3.7/site-packages/airflow/example_dags/tutorial_dag.py
[2023-05-06T23:40:14.654+0000] {logging_mixin.py:149} INFO - [2023-05-06T23:40:14.654+0000] {dag.py:2726} INFO - Sync 1 DAGs
[2023-05-06T23:40:14.678+0000] {logging_mixin.py:149} INFO - [2023-05-06T23:40:14.678+0000] {dag.py:3490} INFO - Setting next_dagrun for tutorial_dag to None, run_after=None
[2023-05-06T23:40:14.695+0000] {processor.py:178} INFO - Processing /home/airflow/.local/lib/python3.7/site-packages/airflow/example_dags/tutorial_dag.py took 0.067 seconds
[2023-05-06T23:40:44.932+0000] {processor.py:156} INFO - Started process (PID=1840) to work on /home/airflow/.local/lib/python3.7/site-packages/airflow/example_dags/tutorial_dag.py
[2023-05-06T23:40:44.933+0000] {processor.py:799} INFO - Processing file /home/airflow/.local/lib/python3.7/site-packages/airflow/example_dags/tutorial_dag.py for tasks to queue
[2023-05-06T23:40:44.933+0000] {logging_mixin.py:149} INFO - [2023-05-06T23:40:44.933+0000] {dagbag.py:541} INFO - Filling up the DagBag from /home/airflow/.local/lib/python3.7/site-packages/airflow/example_dags/tutorial_dag.py
[2023-05-06T23:40:44.936+0000] {processor.py:809} INFO - DAG(s) dict_keys(['tutorial_dag']) retrieved from /home/airflow/.local/lib/python3.7/site-packages/airflow/example_dags/tutorial_dag.py
[2023-05-06T23:40:44.956+0000] {logging_mixin.py:149} INFO - [2023-05-06T23:40:44.956+0000] {dag.py:2726} INFO - Sync 1 DAGs
[2023-05-06T23:40:44.980+0000] {logging_mixin.py:149} INFO - [2023-05-06T23:40:44.980+0000] {dag.py:3490} INFO - Setting next_dagrun for tutorial_dag to None, run_after=None
[2023-05-06T23:40:44.997+0000] {processor.py:178} INFO - Processing /home/airflow/.local/lib/python3.7/site-packages/airflow/example_dags/tutorial_dag.py took 0.067 seconds
[2023-05-06T23:41:15.298+0000] {processor.py:156} INFO - Started process (PID=1898) to work on /home/airflow/.local/lib/python3.7/site-packages/airflow/example_dags/tutorial_dag.py
[2023-05-06T23:41:15.299+0000] {processor.py:799} INFO - Processing file /home/airflow/.local/lib/python3.7/site-packages/airflow/example_dags/tutorial_dag.py for tasks to queue
[2023-05-06T23:41:15.300+0000] {logging_mixin.py:149} INFO - [2023-05-06T23:41:15.300+0000] {dagbag.py:541} INFO - Filling up the DagBag from /home/airflow/.local/lib/python3.7/site-packages/airflow/example_dags/tutorial_dag.py
[2023-05-06T23:41:15.307+0000] {processor.py:809} INFO - DAG(s) dict_keys(['tutorial_dag']) retrieved from /home/airflow/.local/lib/python3.7/site-packages/airflow/example_dags/tutorial_dag.py
[2023-05-06T23:41:15.333+0000] {logging_mixin.py:149} INFO - [2023-05-06T23:41:15.333+0000] {dag.py:2726} INFO - Sync 1 DAGs
[2023-05-06T23:41:15.358+0000] {logging_mixin.py:149} INFO - [2023-05-06T23:41:15.358+0000] {dag.py:3490} INFO - Setting next_dagrun for tutorial_dag to None, run_after=None
[2023-05-06T23:41:15.377+0000] {processor.py:178} INFO - Processing /home/airflow/.local/lib/python3.7/site-packages/airflow/example_dags/tutorial_dag.py took 0.083 seconds
[2023-05-06T23:41:45.617+0000] {processor.py:156} INFO - Started process (PID=1956) to work on /home/airflow/.local/lib/python3.7/site-packages/airflow/example_dags/tutorial_dag.py
[2023-05-06T23:41:45.617+0000] {processor.py:799} INFO - Processing file /home/airflow/.local/lib/python3.7/site-packages/airflow/example_dags/tutorial_dag.py for tasks to queue
[2023-05-06T23:41:45.618+0000] {logging_mixin.py:149} INFO - [2023-05-06T23:41:45.618+0000] {dagbag.py:541} INFO - Filling up the DagBag from /home/airflow/.local/lib/python3.7/site-packages/airflow/example_dags/tutorial_dag.py
[2023-05-06T23:41:45.621+0000] {processor.py:809} INFO - DAG(s) dict_keys(['tutorial_dag']) retrieved from /home/airflow/.local/lib/python3.7/site-packages/airflow/example_dags/tutorial_dag.py
[2023-05-06T23:41:45.639+0000] {logging_mixin.py:149} INFO - [2023-05-06T23:41:45.639+0000] {dag.py:2726} INFO - Sync 1 DAGs
[2023-05-06T23:41:45.660+0000] {logging_mixin.py:149} INFO - [2023-05-06T23:41:45.660+0000] {dag.py:3490} INFO - Setting next_dagrun for tutorial_dag to None, run_after=None
[2023-05-06T23:41:45.677+0000] {processor.py:178} INFO - Processing /home/airflow/.local/lib/python3.7/site-packages/airflow/example_dags/tutorial_dag.py took 0.062 seconds
[2023-05-06T23:42:15.908+0000] {processor.py:156} INFO - Started process (PID=2014) to work on /home/airflow/.local/lib/python3.7/site-packages/airflow/example_dags/tutorial_dag.py
[2023-05-06T23:42:15.909+0000] {processor.py:799} INFO - Processing file /home/airflow/.local/lib/python3.7/site-packages/airflow/example_dags/tutorial_dag.py for tasks to queue
[2023-05-06T23:42:15.909+0000] {logging_mixin.py:149} INFO - [2023-05-06T23:42:15.909+0000] {dagbag.py:541} INFO - Filling up the DagBag from /home/airflow/.local/lib/python3.7/site-packages/airflow/example_dags/tutorial_dag.py
[2023-05-06T23:42:15.912+0000] {processor.py:809} INFO - DAG(s) dict_keys(['tutorial_dag']) retrieved from /home/airflow/.local/lib/python3.7/site-packages/airflow/example_dags/tutorial_dag.py
[2023-05-06T23:42:15.935+0000] {logging_mixin.py:149} INFO - [2023-05-06T23:42:15.935+0000] {dag.py:2726} INFO - Sync 1 DAGs
[2023-05-06T23:42:15.958+0000] {logging_mixin.py:149} INFO - [2023-05-06T23:42:15.958+0000] {dag.py:3490} INFO - Setting next_dagrun for tutorial_dag to None, run_after=None
[2023-05-06T23:42:15.976+0000] {processor.py:178} INFO - Processing /home/airflow/.local/lib/python3.7/site-packages/airflow/example_dags/tutorial_dag.py took 0.070 seconds
[2023-05-06T23:42:46.346+0000] {processor.py:156} INFO - Started process (PID=2072) to work on /home/airflow/.local/lib/python3.7/site-packages/airflow/example_dags/tutorial_dag.py
[2023-05-06T23:42:46.346+0000] {processor.py:799} INFO - Processing file /home/airflow/.local/lib/python3.7/site-packages/airflow/example_dags/tutorial_dag.py for tasks to queue
[2023-05-06T23:42:46.347+0000] {logging_mixin.py:149} INFO - [2023-05-06T23:42:46.347+0000] {dagbag.py:541} INFO - Filling up the DagBag from /home/airflow/.local/lib/python3.7/site-packages/airflow/example_dags/tutorial_dag.py
[2023-05-06T23:42:46.350+0000] {processor.py:809} INFO - DAG(s) dict_keys(['tutorial_dag']) retrieved from /home/airflow/.local/lib/python3.7/site-packages/airflow/example_dags/tutorial_dag.py
[2023-05-06T23:42:46.371+0000] {logging_mixin.py:149} INFO - [2023-05-06T23:42:46.371+0000] {dag.py:2726} INFO - Sync 1 DAGs
[2023-05-06T23:42:46.397+0000] {logging_mixin.py:149} INFO - [2023-05-06T23:42:46.397+0000] {dag.py:3490} INFO - Setting next_dagrun for tutorial_dag to None, run_after=None
[2023-05-06T23:42:46.416+0000] {processor.py:178} INFO - Processing /home/airflow/.local/lib/python3.7/site-packages/airflow/example_dags/tutorial_dag.py took 0.073 seconds
[2023-05-06T23:43:16.809+0000] {processor.py:156} INFO - Started process (PID=2130) to work on /home/airflow/.local/lib/python3.7/site-packages/airflow/example_dags/tutorial_dag.py
[2023-05-06T23:43:16.810+0000] {processor.py:799} INFO - Processing file /home/airflow/.local/lib/python3.7/site-packages/airflow/example_dags/tutorial_dag.py for tasks to queue
[2023-05-06T23:43:16.810+0000] {logging_mixin.py:149} INFO - [2023-05-06T23:43:16.810+0000] {dagbag.py:541} INFO - Filling up the DagBag from /home/airflow/.local/lib/python3.7/site-packages/airflow/example_dags/tutorial_dag.py
[2023-05-06T23:43:16.814+0000] {processor.py:809} INFO - DAG(s) dict_keys(['tutorial_dag']) retrieved from /home/airflow/.local/lib/python3.7/site-packages/airflow/example_dags/tutorial_dag.py
[2023-05-06T23:43:16.836+0000] {logging_mixin.py:149} INFO - [2023-05-06T23:43:16.836+0000] {dag.py:2726} INFO - Sync 1 DAGs
[2023-05-06T23:43:16.861+0000] {logging_mixin.py:149} INFO - [2023-05-06T23:43:16.861+0000] {dag.py:3490} INFO - Setting next_dagrun for tutorial_dag to None, run_after=None
[2023-05-06T23:43:16.879+0000] {processor.py:178} INFO - Processing /home/airflow/.local/lib/python3.7/site-packages/airflow/example_dags/tutorial_dag.py took 0.073 seconds
