[2023-05-06T23:25:03.471+0000] {processor.py:156} INFO - Started process (PID=60) to work on /home/airflow/.local/lib/python3.7/site-packages/airflow/example_dags/tutorial_taskflow_api_virtualenv.py
[2023-05-06T23:25:03.472+0000] {processor.py:799} INFO - Processing file /home/airflow/.local/lib/python3.7/site-packages/airflow/example_dags/tutorial_taskflow_api_virtualenv.py for tasks to queue
[2023-05-06T23:25:03.472+0000] {logging_mixin.py:149} INFO - [2023-05-06T23:25:03.472+0000] {dagbag.py:541} INFO - Filling up the DagBag from /home/airflow/.local/lib/python3.7/site-packages/airflow/example_dags/tutorial_taskflow_api_virtualenv.py
[2023-05-06T23:25:03.478+0000] {processor.py:809} INFO - DAG(s) dict_keys(['tutorial_taskflow_api_virtualenv']) retrieved from /home/airflow/.local/lib/python3.7/site-packages/airflow/example_dags/tutorial_taskflow_api_virtualenv.py
[2023-05-06T23:25:03.489+0000] {logging_mixin.py:149} INFO - [2023-05-06T23:25:03.489+0000] {dag.py:2726} INFO - Sync 1 DAGs
[2023-05-06T23:25:03.520+0000] {logging_mixin.py:149} INFO - [2023-05-06T23:25:03.520+0000] {dag.py:3490} INFO - Setting next_dagrun for tutorial_taskflow_api_virtualenv to None, run_after=None
[2023-05-06T23:25:03.544+0000] {processor.py:178} INFO - Processing /home/airflow/.local/lib/python3.7/site-packages/airflow/example_dags/tutorial_taskflow_api_virtualenv.py took 0.076 seconds
[2023-05-06T23:25:34.391+0000] {processor.py:156} INFO - Started process (PID=118) to work on /home/airflow/.local/lib/python3.7/site-packages/airflow/example_dags/tutorial_taskflow_api_virtualenv.py
[2023-05-06T23:25:34.392+0000] {processor.py:799} INFO - Processing file /home/airflow/.local/lib/python3.7/site-packages/airflow/example_dags/tutorial_taskflow_api_virtualenv.py for tasks to queue
[2023-05-06T23:25:34.392+0000] {logging_mixin.py:149} INFO - [2023-05-06T23:25:34.392+0000] {dagbag.py:541} INFO - Filling up the DagBag from /home/airflow/.local/lib/python3.7/site-packages/airflow/example_dags/tutorial_taskflow_api_virtualenv.py
[2023-05-06T23:25:34.396+0000] {processor.py:809} INFO - DAG(s) dict_keys(['tutorial_taskflow_api_virtualenv']) retrieved from /home/airflow/.local/lib/python3.7/site-packages/airflow/example_dags/tutorial_taskflow_api_virtualenv.py
[2023-05-06T23:25:34.415+0000] {logging_mixin.py:149} INFO - [2023-05-06T23:25:34.415+0000] {dag.py:2726} INFO - Sync 1 DAGs
[2023-05-06T23:25:34.436+0000] {logging_mixin.py:149} INFO - [2023-05-06T23:25:34.436+0000] {dag.py:3490} INFO - Setting next_dagrun for tutorial_taskflow_api_virtualenv to None, run_after=None
[2023-05-06T23:25:34.453+0000] {processor.py:178} INFO - Processing /home/airflow/.local/lib/python3.7/site-packages/airflow/example_dags/tutorial_taskflow_api_virtualenv.py took 0.063 seconds
[2023-05-06T23:26:05.377+0000] {processor.py:156} INFO - Started process (PID=176) to work on /home/airflow/.local/lib/python3.7/site-packages/airflow/example_dags/tutorial_taskflow_api_virtualenv.py
[2023-05-06T23:26:05.378+0000] {processor.py:799} INFO - Processing file /home/airflow/.local/lib/python3.7/site-packages/airflow/example_dags/tutorial_taskflow_api_virtualenv.py for tasks to queue
[2023-05-06T23:26:05.378+0000] {logging_mixin.py:149} INFO - [2023-05-06T23:26:05.378+0000] {dagbag.py:541} INFO - Filling up the DagBag from /home/airflow/.local/lib/python3.7/site-packages/airflow/example_dags/tutorial_taskflow_api_virtualenv.py
[2023-05-06T23:26:05.383+0000] {processor.py:809} INFO - DAG(s) dict_keys(['tutorial_taskflow_api_virtualenv']) retrieved from /home/airflow/.local/lib/python3.7/site-packages/airflow/example_dags/tutorial_taskflow_api_virtualenv.py
[2023-05-06T23:26:05.402+0000] {logging_mixin.py:149} INFO - [2023-05-06T23:26:05.402+0000] {dag.py:2726} INFO - Sync 1 DAGs
[2023-05-06T23:26:05.425+0000] {logging_mixin.py:149} INFO - [2023-05-06T23:26:05.425+0000] {dag.py:3490} INFO - Setting next_dagrun for tutorial_taskflow_api_virtualenv to None, run_after=None
[2023-05-06T23:26:05.442+0000] {processor.py:178} INFO - Processing /home/airflow/.local/lib/python3.7/site-packages/airflow/example_dags/tutorial_taskflow_api_virtualenv.py took 0.067 seconds
[2023-05-06T23:26:35.956+0000] {processor.py:156} INFO - Started process (PID=233) to work on /home/airflow/.local/lib/python3.7/site-packages/airflow/example_dags/tutorial_taskflow_api_virtualenv.py
[2023-05-06T23:26:35.957+0000] {processor.py:799} INFO - Processing file /home/airflow/.local/lib/python3.7/site-packages/airflow/example_dags/tutorial_taskflow_api_virtualenv.py for tasks to queue
[2023-05-06T23:26:35.958+0000] {logging_mixin.py:149} INFO - [2023-05-06T23:26:35.958+0000] {dagbag.py:541} INFO - Filling up the DagBag from /home/airflow/.local/lib/python3.7/site-packages/airflow/example_dags/tutorial_taskflow_api_virtualenv.py
[2023-05-06T23:26:35.969+0000] {processor.py:809} INFO - DAG(s) dict_keys(['tutorial_taskflow_api_virtualenv']) retrieved from /home/airflow/.local/lib/python3.7/site-packages/airflow/example_dags/tutorial_taskflow_api_virtualenv.py
[2023-05-06T23:26:35.991+0000] {logging_mixin.py:149} INFO - [2023-05-06T23:26:35.991+0000] {dag.py:2726} INFO - Sync 1 DAGs
[2023-05-06T23:26:36.014+0000] {logging_mixin.py:149} INFO - [2023-05-06T23:26:36.014+0000] {dag.py:3490} INFO - Setting next_dagrun for tutorial_taskflow_api_virtualenv to None, run_after=None
[2023-05-06T23:26:36.032+0000] {processor.py:178} INFO - Processing /home/airflow/.local/lib/python3.7/site-packages/airflow/example_dags/tutorial_taskflow_api_virtualenv.py took 0.081 seconds
[2023-05-06T23:27:06.526+0000] {processor.py:156} INFO - Started process (PID=291) to work on /home/airflow/.local/lib/python3.7/site-packages/airflow/example_dags/tutorial_taskflow_api_virtualenv.py
[2023-05-06T23:27:06.527+0000] {processor.py:799} INFO - Processing file /home/airflow/.local/lib/python3.7/site-packages/airflow/example_dags/tutorial_taskflow_api_virtualenv.py for tasks to queue
[2023-05-06T23:27:06.527+0000] {logging_mixin.py:149} INFO - [2023-05-06T23:27:06.527+0000] {dagbag.py:541} INFO - Filling up the DagBag from /home/airflow/.local/lib/python3.7/site-packages/airflow/example_dags/tutorial_taskflow_api_virtualenv.py
[2023-05-06T23:27:06.532+0000] {processor.py:809} INFO - DAG(s) dict_keys(['tutorial_taskflow_api_virtualenv']) retrieved from /home/airflow/.local/lib/python3.7/site-packages/airflow/example_dags/tutorial_taskflow_api_virtualenv.py
[2023-05-06T23:27:06.553+0000] {logging_mixin.py:149} INFO - [2023-05-06T23:27:06.553+0000] {dag.py:2726} INFO - Sync 1 DAGs
[2023-05-06T23:27:06.577+0000] {logging_mixin.py:149} INFO - [2023-05-06T23:27:06.577+0000] {dag.py:3490} INFO - Setting next_dagrun for tutorial_taskflow_api_virtualenv to None, run_after=None
[2023-05-06T23:27:06.596+0000] {processor.py:178} INFO - Processing /home/airflow/.local/lib/python3.7/site-packages/airflow/example_dags/tutorial_taskflow_api_virtualenv.py took 0.071 seconds
[2023-05-06T23:27:37.045+0000] {processor.py:156} INFO - Started process (PID=349) to work on /home/airflow/.local/lib/python3.7/site-packages/airflow/example_dags/tutorial_taskflow_api_virtualenv.py
[2023-05-06T23:27:37.046+0000] {processor.py:799} INFO - Processing file /home/airflow/.local/lib/python3.7/site-packages/airflow/example_dags/tutorial_taskflow_api_virtualenv.py for tasks to queue
[2023-05-06T23:27:37.047+0000] {logging_mixin.py:149} INFO - [2023-05-06T23:27:37.046+0000] {dagbag.py:541} INFO - Filling up the DagBag from /home/airflow/.local/lib/python3.7/site-packages/airflow/example_dags/tutorial_taskflow_api_virtualenv.py
[2023-05-06T23:27:37.051+0000] {processor.py:809} INFO - DAG(s) dict_keys(['tutorial_taskflow_api_virtualenv']) retrieved from /home/airflow/.local/lib/python3.7/site-packages/airflow/example_dags/tutorial_taskflow_api_virtualenv.py
[2023-05-06T23:27:37.071+0000] {logging_mixin.py:149} INFO - [2023-05-06T23:27:37.071+0000] {dag.py:2726} INFO - Sync 1 DAGs
[2023-05-06T23:27:37.093+0000] {logging_mixin.py:149} INFO - [2023-05-06T23:27:37.093+0000] {dag.py:3490} INFO - Setting next_dagrun for tutorial_taskflow_api_virtualenv to None, run_after=None
[2023-05-06T23:27:37.112+0000] {processor.py:178} INFO - Processing /home/airflow/.local/lib/python3.7/site-packages/airflow/example_dags/tutorial_taskflow_api_virtualenv.py took 0.069 seconds
[2023-05-06T23:28:07.370+0000] {processor.py:156} INFO - Started process (PID=407) to work on /home/airflow/.local/lib/python3.7/site-packages/airflow/example_dags/tutorial_taskflow_api_virtualenv.py
[2023-05-06T23:28:07.370+0000] {processor.py:799} INFO - Processing file /home/airflow/.local/lib/python3.7/site-packages/airflow/example_dags/tutorial_taskflow_api_virtualenv.py for tasks to queue
[2023-05-06T23:28:07.371+0000] {logging_mixin.py:149} INFO - [2023-05-06T23:28:07.371+0000] {dagbag.py:541} INFO - Filling up the DagBag from /home/airflow/.local/lib/python3.7/site-packages/airflow/example_dags/tutorial_taskflow_api_virtualenv.py
[2023-05-06T23:28:07.376+0000] {processor.py:809} INFO - DAG(s) dict_keys(['tutorial_taskflow_api_virtualenv']) retrieved from /home/airflow/.local/lib/python3.7/site-packages/airflow/example_dags/tutorial_taskflow_api_virtualenv.py
[2023-05-06T23:28:07.395+0000] {logging_mixin.py:149} INFO - [2023-05-06T23:28:07.395+0000] {dag.py:2726} INFO - Sync 1 DAGs
[2023-05-06T23:28:07.419+0000] {logging_mixin.py:149} INFO - [2023-05-06T23:28:07.419+0000] {dag.py:3490} INFO - Setting next_dagrun for tutorial_taskflow_api_virtualenv to None, run_after=None
[2023-05-06T23:28:07.435+0000] {processor.py:178} INFO - Processing /home/airflow/.local/lib/python3.7/site-packages/airflow/example_dags/tutorial_taskflow_api_virtualenv.py took 0.068 seconds
[2023-05-06T23:28:37.749+0000] {processor.py:156} INFO - Started process (PID=465) to work on /home/airflow/.local/lib/python3.7/site-packages/airflow/example_dags/tutorial_taskflow_api_virtualenv.py
[2023-05-06T23:28:37.749+0000] {processor.py:799} INFO - Processing file /home/airflow/.local/lib/python3.7/site-packages/airflow/example_dags/tutorial_taskflow_api_virtualenv.py for tasks to queue
[2023-05-06T23:28:37.750+0000] {logging_mixin.py:149} INFO - [2023-05-06T23:28:37.750+0000] {dagbag.py:541} INFO - Filling up the DagBag from /home/airflow/.local/lib/python3.7/site-packages/airflow/example_dags/tutorial_taskflow_api_virtualenv.py
[2023-05-06T23:28:37.756+0000] {processor.py:809} INFO - DAG(s) dict_keys(['tutorial_taskflow_api_virtualenv']) retrieved from /home/airflow/.local/lib/python3.7/site-packages/airflow/example_dags/tutorial_taskflow_api_virtualenv.py
[2023-05-06T23:28:37.775+0000] {logging_mixin.py:149} INFO - [2023-05-06T23:28:37.774+0000] {dag.py:2726} INFO - Sync 1 DAGs
[2023-05-06T23:28:37.797+0000] {logging_mixin.py:149} INFO - [2023-05-06T23:28:37.797+0000] {dag.py:3490} INFO - Setting next_dagrun for tutorial_taskflow_api_virtualenv to None, run_after=None
[2023-05-06T23:28:37.814+0000] {processor.py:178} INFO - Processing /home/airflow/.local/lib/python3.7/site-packages/airflow/example_dags/tutorial_taskflow_api_virtualenv.py took 0.068 seconds
[2023-05-06T23:29:08.245+0000] {processor.py:156} INFO - Started process (PID=524) to work on /home/airflow/.local/lib/python3.7/site-packages/airflow/example_dags/tutorial_taskflow_api_virtualenv.py
[2023-05-06T23:29:08.246+0000] {processor.py:799} INFO - Processing file /home/airflow/.local/lib/python3.7/site-packages/airflow/example_dags/tutorial_taskflow_api_virtualenv.py for tasks to queue
[2023-05-06T23:29:08.247+0000] {logging_mixin.py:149} INFO - [2023-05-06T23:29:08.246+0000] {dagbag.py:541} INFO - Filling up the DagBag from /home/airflow/.local/lib/python3.7/site-packages/airflow/example_dags/tutorial_taskflow_api_virtualenv.py
[2023-05-06T23:29:08.252+0000] {processor.py:809} INFO - DAG(s) dict_keys(['tutorial_taskflow_api_virtualenv']) retrieved from /home/airflow/.local/lib/python3.7/site-packages/airflow/example_dags/tutorial_taskflow_api_virtualenv.py
[2023-05-06T23:29:08.274+0000] {logging_mixin.py:149} INFO - [2023-05-06T23:29:08.274+0000] {dag.py:2726} INFO - Sync 1 DAGs
[2023-05-06T23:29:08.298+0000] {logging_mixin.py:149} INFO - [2023-05-06T23:29:08.298+0000] {dag.py:3490} INFO - Setting next_dagrun for tutorial_taskflow_api_virtualenv to None, run_after=None
[2023-05-06T23:29:08.316+0000] {processor.py:178} INFO - Processing /home/airflow/.local/lib/python3.7/site-packages/airflow/example_dags/tutorial_taskflow_api_virtualenv.py took 0.074 seconds
[2023-05-06T23:29:38.653+0000] {processor.py:156} INFO - Started process (PID=582) to work on /home/airflow/.local/lib/python3.7/site-packages/airflow/example_dags/tutorial_taskflow_api_virtualenv.py
[2023-05-06T23:29:38.653+0000] {processor.py:799} INFO - Processing file /home/airflow/.local/lib/python3.7/site-packages/airflow/example_dags/tutorial_taskflow_api_virtualenv.py for tasks to queue
[2023-05-06T23:29:38.654+0000] {logging_mixin.py:149} INFO - [2023-05-06T23:29:38.654+0000] {dagbag.py:541} INFO - Filling up the DagBag from /home/airflow/.local/lib/python3.7/site-packages/airflow/example_dags/tutorial_taskflow_api_virtualenv.py
[2023-05-06T23:29:38.659+0000] {processor.py:809} INFO - DAG(s) dict_keys(['tutorial_taskflow_api_virtualenv']) retrieved from /home/airflow/.local/lib/python3.7/site-packages/airflow/example_dags/tutorial_taskflow_api_virtualenv.py
[2023-05-06T23:29:38.681+0000] {logging_mixin.py:149} INFO - [2023-05-06T23:29:38.681+0000] {dag.py:2726} INFO - Sync 1 DAGs
[2023-05-06T23:29:38.704+0000] {logging_mixin.py:149} INFO - [2023-05-06T23:29:38.704+0000] {dag.py:3490} INFO - Setting next_dagrun for tutorial_taskflow_api_virtualenv to None, run_after=None
[2023-05-06T23:29:38.728+0000] {processor.py:178} INFO - Processing /home/airflow/.local/lib/python3.7/site-packages/airflow/example_dags/tutorial_taskflow_api_virtualenv.py took 0.077 seconds
[2023-05-06T23:30:09.275+0000] {processor.py:156} INFO - Started process (PID=640) to work on /home/airflow/.local/lib/python3.7/site-packages/airflow/example_dags/tutorial_taskflow_api_virtualenv.py
[2023-05-06T23:30:09.275+0000] {processor.py:799} INFO - Processing file /home/airflow/.local/lib/python3.7/site-packages/airflow/example_dags/tutorial_taskflow_api_virtualenv.py for tasks to queue
[2023-05-06T23:30:09.276+0000] {logging_mixin.py:149} INFO - [2023-05-06T23:30:09.276+0000] {dagbag.py:541} INFO - Filling up the DagBag from /home/airflow/.local/lib/python3.7/site-packages/airflow/example_dags/tutorial_taskflow_api_virtualenv.py
[2023-05-06T23:30:09.281+0000] {processor.py:809} INFO - DAG(s) dict_keys(['tutorial_taskflow_api_virtualenv']) retrieved from /home/airflow/.local/lib/python3.7/site-packages/airflow/example_dags/tutorial_taskflow_api_virtualenv.py
[2023-05-06T23:30:09.301+0000] {logging_mixin.py:149} INFO - [2023-05-06T23:30:09.301+0000] {dag.py:2726} INFO - Sync 1 DAGs
[2023-05-06T23:30:09.324+0000] {logging_mixin.py:149} INFO - [2023-05-06T23:30:09.324+0000] {dag.py:3490} INFO - Setting next_dagrun for tutorial_taskflow_api_virtualenv to None, run_after=None
[2023-05-06T23:30:09.341+0000] {processor.py:178} INFO - Processing /home/airflow/.local/lib/python3.7/site-packages/airflow/example_dags/tutorial_taskflow_api_virtualenv.py took 0.070 seconds
[2023-05-06T23:30:39.540+0000] {processor.py:156} INFO - Started process (PID=698) to work on /home/airflow/.local/lib/python3.7/site-packages/airflow/example_dags/tutorial_taskflow_api_virtualenv.py
[2023-05-06T23:30:39.541+0000] {processor.py:799} INFO - Processing file /home/airflow/.local/lib/python3.7/site-packages/airflow/example_dags/tutorial_taskflow_api_virtualenv.py for tasks to queue
[2023-05-06T23:30:39.542+0000] {logging_mixin.py:149} INFO - [2023-05-06T23:30:39.542+0000] {dagbag.py:541} INFO - Filling up the DagBag from /home/airflow/.local/lib/python3.7/site-packages/airflow/example_dags/tutorial_taskflow_api_virtualenv.py
[2023-05-06T23:30:39.547+0000] {processor.py:809} INFO - DAG(s) dict_keys(['tutorial_taskflow_api_virtualenv']) retrieved from /home/airflow/.local/lib/python3.7/site-packages/airflow/example_dags/tutorial_taskflow_api_virtualenv.py
[2023-05-06T23:30:39.568+0000] {logging_mixin.py:149} INFO - [2023-05-06T23:30:39.567+0000] {dag.py:2726} INFO - Sync 1 DAGs
[2023-05-06T23:30:39.593+0000] {logging_mixin.py:149} INFO - [2023-05-06T23:30:39.592+0000] {dag.py:3490} INFO - Setting next_dagrun for tutorial_taskflow_api_virtualenv to None, run_after=None
[2023-05-06T23:30:39.613+0000] {processor.py:178} INFO - Processing /home/airflow/.local/lib/python3.7/site-packages/airflow/example_dags/tutorial_taskflow_api_virtualenv.py took 0.074 seconds
[2023-05-06T23:31:10.025+0000] {processor.py:156} INFO - Started process (PID=755) to work on /home/airflow/.local/lib/python3.7/site-packages/airflow/example_dags/tutorial_taskflow_api_virtualenv.py
[2023-05-06T23:31:10.026+0000] {processor.py:799} INFO - Processing file /home/airflow/.local/lib/python3.7/site-packages/airflow/example_dags/tutorial_taskflow_api_virtualenv.py for tasks to queue
[2023-05-06T23:31:10.026+0000] {logging_mixin.py:149} INFO - [2023-05-06T23:31:10.026+0000] {dagbag.py:541} INFO - Filling up the DagBag from /home/airflow/.local/lib/python3.7/site-packages/airflow/example_dags/tutorial_taskflow_api_virtualenv.py
[2023-05-06T23:31:10.031+0000] {processor.py:809} INFO - DAG(s) dict_keys(['tutorial_taskflow_api_virtualenv']) retrieved from /home/airflow/.local/lib/python3.7/site-packages/airflow/example_dags/tutorial_taskflow_api_virtualenv.py
[2023-05-06T23:31:10.062+0000] {logging_mixin.py:149} INFO - [2023-05-06T23:31:10.062+0000] {dag.py:2726} INFO - Sync 1 DAGs
[2023-05-06T23:31:10.091+0000] {logging_mixin.py:149} INFO - [2023-05-06T23:31:10.091+0000] {dag.py:3490} INFO - Setting next_dagrun for tutorial_taskflow_api_virtualenv to None, run_after=None
[2023-05-06T23:31:10.107+0000] {processor.py:178} INFO - Processing /home/airflow/.local/lib/python3.7/site-packages/airflow/example_dags/tutorial_taskflow_api_virtualenv.py took 0.084 seconds
[2023-05-06T23:31:40.357+0000] {processor.py:156} INFO - Started process (PID=813) to work on /home/airflow/.local/lib/python3.7/site-packages/airflow/example_dags/tutorial_taskflow_api_virtualenv.py
[2023-05-06T23:31:40.358+0000] {processor.py:799} INFO - Processing file /home/airflow/.local/lib/python3.7/site-packages/airflow/example_dags/tutorial_taskflow_api_virtualenv.py for tasks to queue
[2023-05-06T23:31:40.359+0000] {logging_mixin.py:149} INFO - [2023-05-06T23:31:40.359+0000] {dagbag.py:541} INFO - Filling up the DagBag from /home/airflow/.local/lib/python3.7/site-packages/airflow/example_dags/tutorial_taskflow_api_virtualenv.py
[2023-05-06T23:31:40.364+0000] {processor.py:809} INFO - DAG(s) dict_keys(['tutorial_taskflow_api_virtualenv']) retrieved from /home/airflow/.local/lib/python3.7/site-packages/airflow/example_dags/tutorial_taskflow_api_virtualenv.py
[2023-05-06T23:31:40.389+0000] {logging_mixin.py:149} INFO - [2023-05-06T23:31:40.388+0000] {dag.py:2726} INFO - Sync 1 DAGs
[2023-05-06T23:31:40.413+0000] {logging_mixin.py:149} INFO - [2023-05-06T23:31:40.412+0000] {dag.py:3490} INFO - Setting next_dagrun for tutorial_taskflow_api_virtualenv to None, run_after=None
[2023-05-06T23:31:40.435+0000] {processor.py:178} INFO - Processing /home/airflow/.local/lib/python3.7/site-packages/airflow/example_dags/tutorial_taskflow_api_virtualenv.py took 0.080 seconds
[2023-05-06T23:32:10.922+0000] {processor.py:156} INFO - Started process (PID=871) to work on /home/airflow/.local/lib/python3.7/site-packages/airflow/example_dags/tutorial_taskflow_api_virtualenv.py
[2023-05-06T23:32:10.922+0000] {processor.py:799} INFO - Processing file /home/airflow/.local/lib/python3.7/site-packages/airflow/example_dags/tutorial_taskflow_api_virtualenv.py for tasks to queue
[2023-05-06T23:32:10.923+0000] {logging_mixin.py:149} INFO - [2023-05-06T23:32:10.923+0000] {dagbag.py:541} INFO - Filling up the DagBag from /home/airflow/.local/lib/python3.7/site-packages/airflow/example_dags/tutorial_taskflow_api_virtualenv.py
[2023-05-06T23:32:10.927+0000] {processor.py:809} INFO - DAG(s) dict_keys(['tutorial_taskflow_api_virtualenv']) retrieved from /home/airflow/.local/lib/python3.7/site-packages/airflow/example_dags/tutorial_taskflow_api_virtualenv.py
[2023-05-06T23:32:10.945+0000] {logging_mixin.py:149} INFO - [2023-05-06T23:32:10.945+0000] {dag.py:2726} INFO - Sync 1 DAGs
[2023-05-06T23:32:10.969+0000] {logging_mixin.py:149} INFO - [2023-05-06T23:32:10.969+0000] {dag.py:3490} INFO - Setting next_dagrun for tutorial_taskflow_api_virtualenv to None, run_after=None
[2023-05-06T23:32:10.991+0000] {processor.py:178} INFO - Processing /home/airflow/.local/lib/python3.7/site-packages/airflow/example_dags/tutorial_taskflow_api_virtualenv.py took 0.072 seconds
[2023-05-06T23:32:41.302+0000] {processor.py:156} INFO - Started process (PID=929) to work on /home/airflow/.local/lib/python3.7/site-packages/airflow/example_dags/tutorial_taskflow_api_virtualenv.py
[2023-05-06T23:32:41.302+0000] {processor.py:799} INFO - Processing file /home/airflow/.local/lib/python3.7/site-packages/airflow/example_dags/tutorial_taskflow_api_virtualenv.py for tasks to queue
[2023-05-06T23:32:41.303+0000] {logging_mixin.py:149} INFO - [2023-05-06T23:32:41.303+0000] {dagbag.py:541} INFO - Filling up the DagBag from /home/airflow/.local/lib/python3.7/site-packages/airflow/example_dags/tutorial_taskflow_api_virtualenv.py
[2023-05-06T23:32:41.307+0000] {processor.py:809} INFO - DAG(s) dict_keys(['tutorial_taskflow_api_virtualenv']) retrieved from /home/airflow/.local/lib/python3.7/site-packages/airflow/example_dags/tutorial_taskflow_api_virtualenv.py
[2023-05-06T23:32:41.327+0000] {logging_mixin.py:149} INFO - [2023-05-06T23:32:41.327+0000] {dag.py:2726} INFO - Sync 1 DAGs
[2023-05-06T23:32:41.351+0000] {logging_mixin.py:149} INFO - [2023-05-06T23:32:41.351+0000] {dag.py:3490} INFO - Setting next_dagrun for tutorial_taskflow_api_virtualenv to None, run_after=None
[2023-05-06T23:32:41.368+0000] {processor.py:178} INFO - Processing /home/airflow/.local/lib/python3.7/site-packages/airflow/example_dags/tutorial_taskflow_api_virtualenv.py took 0.069 seconds
[2023-05-06T23:33:11.736+0000] {processor.py:156} INFO - Started process (PID=987) to work on /home/airflow/.local/lib/python3.7/site-packages/airflow/example_dags/tutorial_taskflow_api_virtualenv.py
[2023-05-06T23:33:11.738+0000] {processor.py:799} INFO - Processing file /home/airflow/.local/lib/python3.7/site-packages/airflow/example_dags/tutorial_taskflow_api_virtualenv.py for tasks to queue
[2023-05-06T23:33:11.739+0000] {logging_mixin.py:149} INFO - [2023-05-06T23:33:11.738+0000] {dagbag.py:541} INFO - Filling up the DagBag from /home/airflow/.local/lib/python3.7/site-packages/airflow/example_dags/tutorial_taskflow_api_virtualenv.py
[2023-05-06T23:33:11.748+0000] {processor.py:809} INFO - DAG(s) dict_keys(['tutorial_taskflow_api_virtualenv']) retrieved from /home/airflow/.local/lib/python3.7/site-packages/airflow/example_dags/tutorial_taskflow_api_virtualenv.py
[2023-05-06T23:33:11.769+0000] {logging_mixin.py:149} INFO - [2023-05-06T23:33:11.769+0000] {dag.py:2726} INFO - Sync 1 DAGs
[2023-05-06T23:33:11.793+0000] {logging_mixin.py:149} INFO - [2023-05-06T23:33:11.793+0000] {dag.py:3490} INFO - Setting next_dagrun for tutorial_taskflow_api_virtualenv to None, run_after=None
[2023-05-06T23:33:11.811+0000] {processor.py:178} INFO - Processing /home/airflow/.local/lib/python3.7/site-packages/airflow/example_dags/tutorial_taskflow_api_virtualenv.py took 0.079 seconds
[2023-05-06T23:33:42.088+0000] {processor.py:156} INFO - Started process (PID=1046) to work on /home/airflow/.local/lib/python3.7/site-packages/airflow/example_dags/tutorial_taskflow_api_virtualenv.py
[2023-05-06T23:33:42.089+0000] {processor.py:799} INFO - Processing file /home/airflow/.local/lib/python3.7/site-packages/airflow/example_dags/tutorial_taskflow_api_virtualenv.py for tasks to queue
[2023-05-06T23:33:42.089+0000] {logging_mixin.py:149} INFO - [2023-05-06T23:33:42.089+0000] {dagbag.py:541} INFO - Filling up the DagBag from /home/airflow/.local/lib/python3.7/site-packages/airflow/example_dags/tutorial_taskflow_api_virtualenv.py
[2023-05-06T23:33:42.094+0000] {processor.py:809} INFO - DAG(s) dict_keys(['tutorial_taskflow_api_virtualenv']) retrieved from /home/airflow/.local/lib/python3.7/site-packages/airflow/example_dags/tutorial_taskflow_api_virtualenv.py
[2023-05-06T23:33:42.114+0000] {logging_mixin.py:149} INFO - [2023-05-06T23:33:42.114+0000] {dag.py:2726} INFO - Sync 1 DAGs
[2023-05-06T23:33:42.140+0000] {logging_mixin.py:149} INFO - [2023-05-06T23:33:42.140+0000] {dag.py:3490} INFO - Setting next_dagrun for tutorial_taskflow_api_virtualenv to None, run_after=None
[2023-05-06T23:33:42.161+0000] {processor.py:178} INFO - Processing /home/airflow/.local/lib/python3.7/site-packages/airflow/example_dags/tutorial_taskflow_api_virtualenv.py took 0.075 seconds
[2023-05-06T23:34:12.492+0000] {processor.py:156} INFO - Started process (PID=1104) to work on /home/airflow/.local/lib/python3.7/site-packages/airflow/example_dags/tutorial_taskflow_api_virtualenv.py
[2023-05-06T23:34:12.494+0000] {processor.py:799} INFO - Processing file /home/airflow/.local/lib/python3.7/site-packages/airflow/example_dags/tutorial_taskflow_api_virtualenv.py for tasks to queue
[2023-05-06T23:34:12.495+0000] {logging_mixin.py:149} INFO - [2023-05-06T23:34:12.494+0000] {dagbag.py:541} INFO - Filling up the DagBag from /home/airflow/.local/lib/python3.7/site-packages/airflow/example_dags/tutorial_taskflow_api_virtualenv.py
[2023-05-06T23:34:12.500+0000] {processor.py:809} INFO - DAG(s) dict_keys(['tutorial_taskflow_api_virtualenv']) retrieved from /home/airflow/.local/lib/python3.7/site-packages/airflow/example_dags/tutorial_taskflow_api_virtualenv.py
[2023-05-06T23:34:12.523+0000] {logging_mixin.py:149} INFO - [2023-05-06T23:34:12.523+0000] {dag.py:2726} INFO - Sync 1 DAGs
[2023-05-06T23:34:12.548+0000] {logging_mixin.py:149} INFO - [2023-05-06T23:34:12.548+0000] {dag.py:3490} INFO - Setting next_dagrun for tutorial_taskflow_api_virtualenv to None, run_after=None
[2023-05-06T23:34:12.568+0000] {processor.py:178} INFO - Processing /home/airflow/.local/lib/python3.7/site-packages/airflow/example_dags/tutorial_taskflow_api_virtualenv.py took 0.078 seconds
[2023-05-06T23:34:42.983+0000] {processor.py:156} INFO - Started process (PID=1162) to work on /home/airflow/.local/lib/python3.7/site-packages/airflow/example_dags/tutorial_taskflow_api_virtualenv.py
[2023-05-06T23:34:42.984+0000] {processor.py:799} INFO - Processing file /home/airflow/.local/lib/python3.7/site-packages/airflow/example_dags/tutorial_taskflow_api_virtualenv.py for tasks to queue
[2023-05-06T23:34:42.984+0000] {logging_mixin.py:149} INFO - [2023-05-06T23:34:42.984+0000] {dagbag.py:541} INFO - Filling up the DagBag from /home/airflow/.local/lib/python3.7/site-packages/airflow/example_dags/tutorial_taskflow_api_virtualenv.py
[2023-05-06T23:34:42.989+0000] {processor.py:809} INFO - DAG(s) dict_keys(['tutorial_taskflow_api_virtualenv']) retrieved from /home/airflow/.local/lib/python3.7/site-packages/airflow/example_dags/tutorial_taskflow_api_virtualenv.py
[2023-05-06T23:34:43.008+0000] {logging_mixin.py:149} INFO - [2023-05-06T23:34:43.008+0000] {dag.py:2726} INFO - Sync 1 DAGs
[2023-05-06T23:34:43.032+0000] {logging_mixin.py:149} INFO - [2023-05-06T23:34:43.032+0000] {dag.py:3490} INFO - Setting next_dagrun for tutorial_taskflow_api_virtualenv to None, run_after=None
[2023-05-06T23:34:43.048+0000] {processor.py:178} INFO - Processing /home/airflow/.local/lib/python3.7/site-packages/airflow/example_dags/tutorial_taskflow_api_virtualenv.py took 0.067 seconds
[2023-05-06T23:35:13.514+0000] {processor.py:156} INFO - Started process (PID=1220) to work on /home/airflow/.local/lib/python3.7/site-packages/airflow/example_dags/tutorial_taskflow_api_virtualenv.py
[2023-05-06T23:35:13.515+0000] {processor.py:799} INFO - Processing file /home/airflow/.local/lib/python3.7/site-packages/airflow/example_dags/tutorial_taskflow_api_virtualenv.py for tasks to queue
[2023-05-06T23:35:13.515+0000] {logging_mixin.py:149} INFO - [2023-05-06T23:35:13.515+0000] {dagbag.py:541} INFO - Filling up the DagBag from /home/airflow/.local/lib/python3.7/site-packages/airflow/example_dags/tutorial_taskflow_api_virtualenv.py
[2023-05-06T23:35:13.520+0000] {processor.py:809} INFO - DAG(s) dict_keys(['tutorial_taskflow_api_virtualenv']) retrieved from /home/airflow/.local/lib/python3.7/site-packages/airflow/example_dags/tutorial_taskflow_api_virtualenv.py
[2023-05-06T23:35:13.539+0000] {logging_mixin.py:149} INFO - [2023-05-06T23:35:13.539+0000] {dag.py:2726} INFO - Sync 1 DAGs
[2023-05-06T23:35:13.562+0000] {logging_mixin.py:149} INFO - [2023-05-06T23:35:13.562+0000] {dag.py:3490} INFO - Setting next_dagrun for tutorial_taskflow_api_virtualenv to None, run_after=None
[2023-05-06T23:35:13.580+0000] {processor.py:178} INFO - Processing /home/airflow/.local/lib/python3.7/site-packages/airflow/example_dags/tutorial_taskflow_api_virtualenv.py took 0.068 seconds
[2023-05-06T23:35:44.039+0000] {processor.py:156} INFO - Started process (PID=1278) to work on /home/airflow/.local/lib/python3.7/site-packages/airflow/example_dags/tutorial_taskflow_api_virtualenv.py
[2023-05-06T23:35:44.040+0000] {processor.py:799} INFO - Processing file /home/airflow/.local/lib/python3.7/site-packages/airflow/example_dags/tutorial_taskflow_api_virtualenv.py for tasks to queue
[2023-05-06T23:35:44.040+0000] {logging_mixin.py:149} INFO - [2023-05-06T23:35:44.040+0000] {dagbag.py:541} INFO - Filling up the DagBag from /home/airflow/.local/lib/python3.7/site-packages/airflow/example_dags/tutorial_taskflow_api_virtualenv.py
[2023-05-06T23:35:44.045+0000] {processor.py:809} INFO - DAG(s) dict_keys(['tutorial_taskflow_api_virtualenv']) retrieved from /home/airflow/.local/lib/python3.7/site-packages/airflow/example_dags/tutorial_taskflow_api_virtualenv.py
[2023-05-06T23:35:44.065+0000] {logging_mixin.py:149} INFO - [2023-05-06T23:35:44.065+0000] {dag.py:2726} INFO - Sync 1 DAGs
[2023-05-06T23:35:44.088+0000] {logging_mixin.py:149} INFO - [2023-05-06T23:35:44.088+0000] {dag.py:3490} INFO - Setting next_dagrun for tutorial_taskflow_api_virtualenv to None, run_after=None
[2023-05-06T23:35:44.104+0000] {processor.py:178} INFO - Processing /home/airflow/.local/lib/python3.7/site-packages/airflow/example_dags/tutorial_taskflow_api_virtualenv.py took 0.067 seconds
[2023-05-06T23:36:14.450+0000] {processor.py:156} INFO - Started process (PID=1336) to work on /home/airflow/.local/lib/python3.7/site-packages/airflow/example_dags/tutorial_taskflow_api_virtualenv.py
[2023-05-06T23:36:14.450+0000] {processor.py:799} INFO - Processing file /home/airflow/.local/lib/python3.7/site-packages/airflow/example_dags/tutorial_taskflow_api_virtualenv.py for tasks to queue
[2023-05-06T23:36:14.451+0000] {logging_mixin.py:149} INFO - [2023-05-06T23:36:14.451+0000] {dagbag.py:541} INFO - Filling up the DagBag from /home/airflow/.local/lib/python3.7/site-packages/airflow/example_dags/tutorial_taskflow_api_virtualenv.py
[2023-05-06T23:36:14.456+0000] {processor.py:809} INFO - DAG(s) dict_keys(['tutorial_taskflow_api_virtualenv']) retrieved from /home/airflow/.local/lib/python3.7/site-packages/airflow/example_dags/tutorial_taskflow_api_virtualenv.py
[2023-05-06T23:36:14.474+0000] {logging_mixin.py:149} INFO - [2023-05-06T23:36:14.474+0000] {dag.py:2726} INFO - Sync 1 DAGs
[2023-05-06T23:36:14.496+0000] {logging_mixin.py:149} INFO - [2023-05-06T23:36:14.496+0000] {dag.py:3490} INFO - Setting next_dagrun for tutorial_taskflow_api_virtualenv to None, run_after=None
[2023-05-06T23:36:14.512+0000] {processor.py:178} INFO - Processing /home/airflow/.local/lib/python3.7/site-packages/airflow/example_dags/tutorial_taskflow_api_virtualenv.py took 0.064 seconds
[2023-05-06T23:36:45.104+0000] {processor.py:156} INFO - Started process (PID=1394) to work on /home/airflow/.local/lib/python3.7/site-packages/airflow/example_dags/tutorial_taskflow_api_virtualenv.py
[2023-05-06T23:36:45.105+0000] {processor.py:799} INFO - Processing file /home/airflow/.local/lib/python3.7/site-packages/airflow/example_dags/tutorial_taskflow_api_virtualenv.py for tasks to queue
[2023-05-06T23:36:45.105+0000] {logging_mixin.py:149} INFO - [2023-05-06T23:36:45.105+0000] {dagbag.py:541} INFO - Filling up the DagBag from /home/airflow/.local/lib/python3.7/site-packages/airflow/example_dags/tutorial_taskflow_api_virtualenv.py
[2023-05-06T23:36:45.110+0000] {processor.py:809} INFO - DAG(s) dict_keys(['tutorial_taskflow_api_virtualenv']) retrieved from /home/airflow/.local/lib/python3.7/site-packages/airflow/example_dags/tutorial_taskflow_api_virtualenv.py
[2023-05-06T23:36:45.129+0000] {logging_mixin.py:149} INFO - [2023-05-06T23:36:45.128+0000] {dag.py:2726} INFO - Sync 1 DAGs
[2023-05-06T23:36:45.152+0000] {logging_mixin.py:149} INFO - [2023-05-06T23:36:45.152+0000] {dag.py:3490} INFO - Setting next_dagrun for tutorial_taskflow_api_virtualenv to None, run_after=None
[2023-05-06T23:36:45.168+0000] {processor.py:178} INFO - Processing /home/airflow/.local/lib/python3.7/site-packages/airflow/example_dags/tutorial_taskflow_api_virtualenv.py took 0.066 seconds
[2023-05-06T23:37:15.670+0000] {processor.py:156} INFO - Started process (PID=1452) to work on /home/airflow/.local/lib/python3.7/site-packages/airflow/example_dags/tutorial_taskflow_api_virtualenv.py
[2023-05-06T23:37:15.671+0000] {processor.py:799} INFO - Processing file /home/airflow/.local/lib/python3.7/site-packages/airflow/example_dags/tutorial_taskflow_api_virtualenv.py for tasks to queue
[2023-05-06T23:37:15.672+0000] {logging_mixin.py:149} INFO - [2023-05-06T23:37:15.672+0000] {dagbag.py:541} INFO - Filling up the DagBag from /home/airflow/.local/lib/python3.7/site-packages/airflow/example_dags/tutorial_taskflow_api_virtualenv.py
[2023-05-06T23:37:15.681+0000] {processor.py:809} INFO - DAG(s) dict_keys(['tutorial_taskflow_api_virtualenv']) retrieved from /home/airflow/.local/lib/python3.7/site-packages/airflow/example_dags/tutorial_taskflow_api_virtualenv.py
[2023-05-06T23:37:15.716+0000] {logging_mixin.py:149} INFO - [2023-05-06T23:37:15.715+0000] {dag.py:2726} INFO - Sync 1 DAGs
[2023-05-06T23:37:15.743+0000] {logging_mixin.py:149} INFO - [2023-05-06T23:37:15.743+0000] {dag.py:3490} INFO - Setting next_dagrun for tutorial_taskflow_api_virtualenv to None, run_after=None
[2023-05-06T23:37:15.759+0000] {processor.py:178} INFO - Processing /home/airflow/.local/lib/python3.7/site-packages/airflow/example_dags/tutorial_taskflow_api_virtualenv.py took 0.094 seconds
[2023-05-06T23:37:46.246+0000] {processor.py:156} INFO - Started process (PID=1510) to work on /home/airflow/.local/lib/python3.7/site-packages/airflow/example_dags/tutorial_taskflow_api_virtualenv.py
[2023-05-06T23:37:46.247+0000] {processor.py:799} INFO - Processing file /home/airflow/.local/lib/python3.7/site-packages/airflow/example_dags/tutorial_taskflow_api_virtualenv.py for tasks to queue
[2023-05-06T23:37:46.247+0000] {logging_mixin.py:149} INFO - [2023-05-06T23:37:46.247+0000] {dagbag.py:541} INFO - Filling up the DagBag from /home/airflow/.local/lib/python3.7/site-packages/airflow/example_dags/tutorial_taskflow_api_virtualenv.py
[2023-05-06T23:37:46.252+0000] {processor.py:809} INFO - DAG(s) dict_keys(['tutorial_taskflow_api_virtualenv']) retrieved from /home/airflow/.local/lib/python3.7/site-packages/airflow/example_dags/tutorial_taskflow_api_virtualenv.py
[2023-05-06T23:37:46.282+0000] {logging_mixin.py:149} INFO - [2023-05-06T23:37:46.282+0000] {dag.py:2726} INFO - Sync 1 DAGs
[2023-05-06T23:37:46.311+0000] {logging_mixin.py:149} INFO - [2023-05-06T23:37:46.311+0000] {dag.py:3490} INFO - Setting next_dagrun for tutorial_taskflow_api_virtualenv to None, run_after=None
[2023-05-06T23:37:46.329+0000] {processor.py:178} INFO - Processing /home/airflow/.local/lib/python3.7/site-packages/airflow/example_dags/tutorial_taskflow_api_virtualenv.py took 0.085 seconds
[2023-05-06T23:38:17.085+0000] {processor.py:156} INFO - Started process (PID=1568) to work on /home/airflow/.local/lib/python3.7/site-packages/airflow/example_dags/tutorial_taskflow_api_virtualenv.py
[2023-05-06T23:38:17.087+0000] {processor.py:799} INFO - Processing file /home/airflow/.local/lib/python3.7/site-packages/airflow/example_dags/tutorial_taskflow_api_virtualenv.py for tasks to queue
[2023-05-06T23:38:17.087+0000] {logging_mixin.py:149} INFO - [2023-05-06T23:38:17.087+0000] {dagbag.py:541} INFO - Filling up the DagBag from /home/airflow/.local/lib/python3.7/site-packages/airflow/example_dags/tutorial_taskflow_api_virtualenv.py
[2023-05-06T23:38:17.097+0000] {processor.py:809} INFO - DAG(s) dict_keys(['tutorial_taskflow_api_virtualenv']) retrieved from /home/airflow/.local/lib/python3.7/site-packages/airflow/example_dags/tutorial_taskflow_api_virtualenv.py
[2023-05-06T23:38:17.119+0000] {logging_mixin.py:149} INFO - [2023-05-06T23:38:17.119+0000] {dag.py:2726} INFO - Sync 1 DAGs
[2023-05-06T23:38:17.143+0000] {logging_mixin.py:149} INFO - [2023-05-06T23:38:17.142+0000] {dag.py:3490} INFO - Setting next_dagrun for tutorial_taskflow_api_virtualenv to None, run_after=None
[2023-05-06T23:38:17.161+0000] {processor.py:178} INFO - Processing /home/airflow/.local/lib/python3.7/site-packages/airflow/example_dags/tutorial_taskflow_api_virtualenv.py took 0.080 seconds
[2023-05-06T23:38:47.266+0000] {processor.py:156} INFO - Started process (PID=1627) to work on /home/airflow/.local/lib/python3.7/site-packages/airflow/example_dags/tutorial_taskflow_api_virtualenv.py
[2023-05-06T23:38:47.266+0000] {processor.py:799} INFO - Processing file /home/airflow/.local/lib/python3.7/site-packages/airflow/example_dags/tutorial_taskflow_api_virtualenv.py for tasks to queue
[2023-05-06T23:38:47.266+0000] {logging_mixin.py:149} INFO - [2023-05-06T23:38:47.266+0000] {dagbag.py:541} INFO - Filling up the DagBag from /home/airflow/.local/lib/python3.7/site-packages/airflow/example_dags/tutorial_taskflow_api_virtualenv.py
[2023-05-06T23:38:47.271+0000] {processor.py:809} INFO - DAG(s) dict_keys(['tutorial_taskflow_api_virtualenv']) retrieved from /home/airflow/.local/lib/python3.7/site-packages/airflow/example_dags/tutorial_taskflow_api_virtualenv.py
[2023-05-06T23:38:47.305+0000] {logging_mixin.py:149} INFO - [2023-05-06T23:38:47.305+0000] {dag.py:2726} INFO - Sync 1 DAGs
[2023-05-06T23:38:47.341+0000] {logging_mixin.py:149} INFO - [2023-05-06T23:38:47.341+0000] {dag.py:3490} INFO - Setting next_dagrun for tutorial_taskflow_api_virtualenv to None, run_after=None
[2023-05-06T23:38:47.359+0000] {processor.py:178} INFO - Processing /home/airflow/.local/lib/python3.7/site-packages/airflow/example_dags/tutorial_taskflow_api_virtualenv.py took 0.095 seconds
[2023-05-06T23:39:18.059+0000] {processor.py:156} INFO - Started process (PID=1684) to work on /home/airflow/.local/lib/python3.7/site-packages/airflow/example_dags/tutorial_taskflow_api_virtualenv.py
[2023-05-06T23:39:18.060+0000] {processor.py:799} INFO - Processing file /home/airflow/.local/lib/python3.7/site-packages/airflow/example_dags/tutorial_taskflow_api_virtualenv.py for tasks to queue
[2023-05-06T23:39:18.061+0000] {logging_mixin.py:149} INFO - [2023-05-06T23:39:18.060+0000] {dagbag.py:541} INFO - Filling up the DagBag from /home/airflow/.local/lib/python3.7/site-packages/airflow/example_dags/tutorial_taskflow_api_virtualenv.py
[2023-05-06T23:39:18.065+0000] {processor.py:809} INFO - DAG(s) dict_keys(['tutorial_taskflow_api_virtualenv']) retrieved from /home/airflow/.local/lib/python3.7/site-packages/airflow/example_dags/tutorial_taskflow_api_virtualenv.py
[2023-05-06T23:39:18.085+0000] {logging_mixin.py:149} INFO - [2023-05-06T23:39:18.085+0000] {dag.py:2726} INFO - Sync 1 DAGs
[2023-05-06T23:39:18.110+0000] {logging_mixin.py:149} INFO - [2023-05-06T23:39:18.110+0000] {dag.py:3490} INFO - Setting next_dagrun for tutorial_taskflow_api_virtualenv to None, run_after=None
[2023-05-06T23:39:18.128+0000] {processor.py:178} INFO - Processing /home/airflow/.local/lib/python3.7/site-packages/airflow/example_dags/tutorial_taskflow_api_virtualenv.py took 0.070 seconds
[2023-05-06T23:39:48.378+0000] {processor.py:156} INFO - Started process (PID=1743) to work on /home/airflow/.local/lib/python3.7/site-packages/airflow/example_dags/tutorial_taskflow_api_virtualenv.py
[2023-05-06T23:39:48.378+0000] {processor.py:799} INFO - Processing file /home/airflow/.local/lib/python3.7/site-packages/airflow/example_dags/tutorial_taskflow_api_virtualenv.py for tasks to queue
[2023-05-06T23:39:48.379+0000] {logging_mixin.py:149} INFO - [2023-05-06T23:39:48.379+0000] {dagbag.py:541} INFO - Filling up the DagBag from /home/airflow/.local/lib/python3.7/site-packages/airflow/example_dags/tutorial_taskflow_api_virtualenv.py
[2023-05-06T23:39:48.384+0000] {processor.py:809} INFO - DAG(s) dict_keys(['tutorial_taskflow_api_virtualenv']) retrieved from /home/airflow/.local/lib/python3.7/site-packages/airflow/example_dags/tutorial_taskflow_api_virtualenv.py
[2023-05-06T23:39:48.403+0000] {logging_mixin.py:149} INFO - [2023-05-06T23:39:48.403+0000] {dag.py:2726} INFO - Sync 1 DAGs
[2023-05-06T23:39:48.426+0000] {logging_mixin.py:149} INFO - [2023-05-06T23:39:48.426+0000] {dag.py:3490} INFO - Setting next_dagrun for tutorial_taskflow_api_virtualenv to None, run_after=None
[2023-05-06T23:39:48.443+0000] {processor.py:178} INFO - Processing /home/airflow/.local/lib/python3.7/site-packages/airflow/example_dags/tutorial_taskflow_api_virtualenv.py took 0.068 seconds
[2023-05-06T23:40:18.701+0000] {processor.py:156} INFO - Started process (PID=1801) to work on /home/airflow/.local/lib/python3.7/site-packages/airflow/example_dags/tutorial_taskflow_api_virtualenv.py
[2023-05-06T23:40:18.702+0000] {processor.py:799} INFO - Processing file /home/airflow/.local/lib/python3.7/site-packages/airflow/example_dags/tutorial_taskflow_api_virtualenv.py for tasks to queue
[2023-05-06T23:40:18.703+0000] {logging_mixin.py:149} INFO - [2023-05-06T23:40:18.703+0000] {dagbag.py:541} INFO - Filling up the DagBag from /home/airflow/.local/lib/python3.7/site-packages/airflow/example_dags/tutorial_taskflow_api_virtualenv.py
[2023-05-06T23:40:18.707+0000] {processor.py:809} INFO - DAG(s) dict_keys(['tutorial_taskflow_api_virtualenv']) retrieved from /home/airflow/.local/lib/python3.7/site-packages/airflow/example_dags/tutorial_taskflow_api_virtualenv.py
[2023-05-06T23:40:18.731+0000] {logging_mixin.py:149} INFO - [2023-05-06T23:40:18.731+0000] {dag.py:2726} INFO - Sync 1 DAGs
[2023-05-06T23:40:18.755+0000] {logging_mixin.py:149} INFO - [2023-05-06T23:40:18.755+0000] {dag.py:3490} INFO - Setting next_dagrun for tutorial_taskflow_api_virtualenv to None, run_after=None
[2023-05-06T23:40:18.776+0000] {processor.py:178} INFO - Processing /home/airflow/.local/lib/python3.7/site-packages/airflow/example_dags/tutorial_taskflow_api_virtualenv.py took 0.077 seconds
[2023-05-06T23:40:49.034+0000] {processor.py:156} INFO - Started process (PID=1860) to work on /home/airflow/.local/lib/python3.7/site-packages/airflow/example_dags/tutorial_taskflow_api_virtualenv.py
[2023-05-06T23:40:49.034+0000] {processor.py:799} INFO - Processing file /home/airflow/.local/lib/python3.7/site-packages/airflow/example_dags/tutorial_taskflow_api_virtualenv.py for tasks to queue
[2023-05-06T23:40:49.035+0000] {logging_mixin.py:149} INFO - [2023-05-06T23:40:49.035+0000] {dagbag.py:541} INFO - Filling up the DagBag from /home/airflow/.local/lib/python3.7/site-packages/airflow/example_dags/tutorial_taskflow_api_virtualenv.py
[2023-05-06T23:40:49.040+0000] {processor.py:809} INFO - DAG(s) dict_keys(['tutorial_taskflow_api_virtualenv']) retrieved from /home/airflow/.local/lib/python3.7/site-packages/airflow/example_dags/tutorial_taskflow_api_virtualenv.py
[2023-05-06T23:40:49.061+0000] {logging_mixin.py:149} INFO - [2023-05-06T23:40:49.061+0000] {dag.py:2726} INFO - Sync 1 DAGs
[2023-05-06T23:40:49.085+0000] {logging_mixin.py:149} INFO - [2023-05-06T23:40:49.085+0000] {dag.py:3490} INFO - Setting next_dagrun for tutorial_taskflow_api_virtualenv to None, run_after=None
[2023-05-06T23:40:49.104+0000] {processor.py:178} INFO - Processing /home/airflow/.local/lib/python3.7/site-packages/airflow/example_dags/tutorial_taskflow_api_virtualenv.py took 0.072 seconds
[2023-05-06T23:41:19.371+0000] {processor.py:156} INFO - Started process (PID=1918) to work on /home/airflow/.local/lib/python3.7/site-packages/airflow/example_dags/tutorial_taskflow_api_virtualenv.py
[2023-05-06T23:41:19.372+0000] {processor.py:799} INFO - Processing file /home/airflow/.local/lib/python3.7/site-packages/airflow/example_dags/tutorial_taskflow_api_virtualenv.py for tasks to queue
[2023-05-06T23:41:19.372+0000] {logging_mixin.py:149} INFO - [2023-05-06T23:41:19.372+0000] {dagbag.py:541} INFO - Filling up the DagBag from /home/airflow/.local/lib/python3.7/site-packages/airflow/example_dags/tutorial_taskflow_api_virtualenv.py
[2023-05-06T23:41:19.378+0000] {processor.py:809} INFO - DAG(s) dict_keys(['tutorial_taskflow_api_virtualenv']) retrieved from /home/airflow/.local/lib/python3.7/site-packages/airflow/example_dags/tutorial_taskflow_api_virtualenv.py
[2023-05-06T23:41:19.397+0000] {logging_mixin.py:149} INFO - [2023-05-06T23:41:19.397+0000] {dag.py:2726} INFO - Sync 1 DAGs
[2023-05-06T23:41:19.421+0000] {logging_mixin.py:149} INFO - [2023-05-06T23:41:19.421+0000] {dag.py:3490} INFO - Setting next_dagrun for tutorial_taskflow_api_virtualenv to None, run_after=None
[2023-05-06T23:41:19.442+0000] {processor.py:178} INFO - Processing /home/airflow/.local/lib/python3.7/site-packages/airflow/example_dags/tutorial_taskflow_api_virtualenv.py took 0.072 seconds
[2023-05-06T23:41:49.707+0000] {processor.py:156} INFO - Started process (PID=1976) to work on /home/airflow/.local/lib/python3.7/site-packages/airflow/example_dags/tutorial_taskflow_api_virtualenv.py
[2023-05-06T23:41:49.707+0000] {processor.py:799} INFO - Processing file /home/airflow/.local/lib/python3.7/site-packages/airflow/example_dags/tutorial_taskflow_api_virtualenv.py for tasks to queue
[2023-05-06T23:41:49.708+0000] {logging_mixin.py:149} INFO - [2023-05-06T23:41:49.708+0000] {dagbag.py:541} INFO - Filling up the DagBag from /home/airflow/.local/lib/python3.7/site-packages/airflow/example_dags/tutorial_taskflow_api_virtualenv.py
[2023-05-06T23:41:49.712+0000] {processor.py:809} INFO - DAG(s) dict_keys(['tutorial_taskflow_api_virtualenv']) retrieved from /home/airflow/.local/lib/python3.7/site-packages/airflow/example_dags/tutorial_taskflow_api_virtualenv.py
[2023-05-06T23:41:49.732+0000] {logging_mixin.py:149} INFO - [2023-05-06T23:41:49.732+0000] {dag.py:2726} INFO - Sync 1 DAGs
[2023-05-06T23:41:49.755+0000] {logging_mixin.py:149} INFO - [2023-05-06T23:41:49.755+0000] {dag.py:3490} INFO - Setting next_dagrun for tutorial_taskflow_api_virtualenv to None, run_after=None
[2023-05-06T23:41:49.772+0000] {processor.py:178} INFO - Processing /home/airflow/.local/lib/python3.7/site-packages/airflow/example_dags/tutorial_taskflow_api_virtualenv.py took 0.068 seconds
[2023-05-06T23:42:19.978+0000] {processor.py:156} INFO - Started process (PID=2034) to work on /home/airflow/.local/lib/python3.7/site-packages/airflow/example_dags/tutorial_taskflow_api_virtualenv.py
[2023-05-06T23:42:19.979+0000] {processor.py:799} INFO - Processing file /home/airflow/.local/lib/python3.7/site-packages/airflow/example_dags/tutorial_taskflow_api_virtualenv.py for tasks to queue
[2023-05-06T23:42:19.979+0000] {logging_mixin.py:149} INFO - [2023-05-06T23:42:19.979+0000] {dagbag.py:541} INFO - Filling up the DagBag from /home/airflow/.local/lib/python3.7/site-packages/airflow/example_dags/tutorial_taskflow_api_virtualenv.py
[2023-05-06T23:42:19.985+0000] {processor.py:809} INFO - DAG(s) dict_keys(['tutorial_taskflow_api_virtualenv']) retrieved from /home/airflow/.local/lib/python3.7/site-packages/airflow/example_dags/tutorial_taskflow_api_virtualenv.py
[2023-05-06T23:42:20.006+0000] {logging_mixin.py:149} INFO - [2023-05-06T23:42:20.005+0000] {dag.py:2726} INFO - Sync 1 DAGs
[2023-05-06T23:42:20.028+0000] {logging_mixin.py:149} INFO - [2023-05-06T23:42:20.028+0000] {dag.py:3490} INFO - Setting next_dagrun for tutorial_taskflow_api_virtualenv to None, run_after=None
[2023-05-06T23:42:20.047+0000] {processor.py:178} INFO - Processing /home/airflow/.local/lib/python3.7/site-packages/airflow/example_dags/tutorial_taskflow_api_virtualenv.py took 0.070 seconds
[2023-05-06T23:42:50.499+0000] {processor.py:156} INFO - Started process (PID=2092) to work on /home/airflow/.local/lib/python3.7/site-packages/airflow/example_dags/tutorial_taskflow_api_virtualenv.py
[2023-05-06T23:42:50.500+0000] {processor.py:799} INFO - Processing file /home/airflow/.local/lib/python3.7/site-packages/airflow/example_dags/tutorial_taskflow_api_virtualenv.py for tasks to queue
[2023-05-06T23:42:50.500+0000] {logging_mixin.py:149} INFO - [2023-05-06T23:42:50.500+0000] {dagbag.py:541} INFO - Filling up the DagBag from /home/airflow/.local/lib/python3.7/site-packages/airflow/example_dags/tutorial_taskflow_api_virtualenv.py
[2023-05-06T23:42:50.505+0000] {processor.py:809} INFO - DAG(s) dict_keys(['tutorial_taskflow_api_virtualenv']) retrieved from /home/airflow/.local/lib/python3.7/site-packages/airflow/example_dags/tutorial_taskflow_api_virtualenv.py
[2023-05-06T23:42:50.527+0000] {logging_mixin.py:149} INFO - [2023-05-06T23:42:50.526+0000] {dag.py:2726} INFO - Sync 1 DAGs
[2023-05-06T23:42:50.550+0000] {logging_mixin.py:149} INFO - [2023-05-06T23:42:50.550+0000] {dag.py:3490} INFO - Setting next_dagrun for tutorial_taskflow_api_virtualenv to None, run_after=None
[2023-05-06T23:42:50.568+0000] {processor.py:178} INFO - Processing /home/airflow/.local/lib/python3.7/site-packages/airflow/example_dags/tutorial_taskflow_api_virtualenv.py took 0.071 seconds
[2023-05-06T23:43:20.918+0000] {processor.py:156} INFO - Started process (PID=2150) to work on /home/airflow/.local/lib/python3.7/site-packages/airflow/example_dags/tutorial_taskflow_api_virtualenv.py
[2023-05-06T23:43:20.919+0000] {processor.py:799} INFO - Processing file /home/airflow/.local/lib/python3.7/site-packages/airflow/example_dags/tutorial_taskflow_api_virtualenv.py for tasks to queue
[2023-05-06T23:43:20.920+0000] {logging_mixin.py:149} INFO - [2023-05-06T23:43:20.920+0000] {dagbag.py:541} INFO - Filling up the DagBag from /home/airflow/.local/lib/python3.7/site-packages/airflow/example_dags/tutorial_taskflow_api_virtualenv.py
[2023-05-06T23:43:20.926+0000] {processor.py:809} INFO - DAG(s) dict_keys(['tutorial_taskflow_api_virtualenv']) retrieved from /home/airflow/.local/lib/python3.7/site-packages/airflow/example_dags/tutorial_taskflow_api_virtualenv.py
[2023-05-06T23:43:20.948+0000] {logging_mixin.py:149} INFO - [2023-05-06T23:43:20.948+0000] {dag.py:2726} INFO - Sync 1 DAGs
[2023-05-06T23:43:20.973+0000] {logging_mixin.py:149} INFO - [2023-05-06T23:43:20.973+0000] {dag.py:3490} INFO - Setting next_dagrun for tutorial_taskflow_api_virtualenv to None, run_after=None
[2023-05-06T23:43:20.989+0000] {processor.py:178} INFO - Processing /home/airflow/.local/lib/python3.7/site-packages/airflow/example_dags/tutorial_taskflow_api_virtualenv.py took 0.074 seconds
