[2023-05-06T23:25:03.386+0000] {processor.py:156} INFO - Started process (PID=59) to work on /home/airflow/.local/lib/python3.7/site-packages/airflow/example_dags/tutorial.py
[2023-05-06T23:25:03.387+0000] {processor.py:799} INFO - Processing file /home/airflow/.local/lib/python3.7/site-packages/airflow/example_dags/tutorial.py for tasks to queue
[2023-05-06T23:25:03.388+0000] {logging_mixin.py:149} INFO - [2023-05-06T23:25:03.388+0000] {dagbag.py:541} INFO - Filling up the DagBag from /home/airflow/.local/lib/python3.7/site-packages/airflow/example_dags/tutorial.py
[2023-05-06T23:25:03.393+0000] {processor.py:809} INFO - DAG(s) dict_keys(['tutorial']) retrieved from /home/airflow/.local/lib/python3.7/site-packages/airflow/example_dags/tutorial.py
[2023-05-06T23:25:03.405+0000] {logging_mixin.py:149} INFO - [2023-05-06T23:25:03.404+0000] {dag.py:2726} INFO - Sync 1 DAGs
[2023-05-06T23:25:03.432+0000] {logging_mixin.py:149} INFO - [2023-05-06T23:25:03.431+0000] {dag.py:3490} INFO - Setting next_dagrun for tutorial to 2023-05-05T23:25:03.431761+00:00, run_after=2023-05-06T23:25:03.431761+00:00
[2023-05-06T23:25:03.452+0000] {processor.py:178} INFO - Processing /home/airflow/.local/lib/python3.7/site-packages/airflow/example_dags/tutorial.py took 0.068 seconds
[2023-05-06T23:25:34.368+0000] {processor.py:156} INFO - Started process (PID=117) to work on /home/airflow/.local/lib/python3.7/site-packages/airflow/example_dags/tutorial.py
[2023-05-06T23:25:34.368+0000] {processor.py:799} INFO - Processing file /home/airflow/.local/lib/python3.7/site-packages/airflow/example_dags/tutorial.py for tasks to queue
[2023-05-06T23:25:34.369+0000] {logging_mixin.py:149} INFO - [2023-05-06T23:25:34.369+0000] {dagbag.py:541} INFO - Filling up the DagBag from /home/airflow/.local/lib/python3.7/site-packages/airflow/example_dags/tutorial.py
[2023-05-06T23:25:34.373+0000] {processor.py:809} INFO - DAG(s) dict_keys(['tutorial']) retrieved from /home/airflow/.local/lib/python3.7/site-packages/airflow/example_dags/tutorial.py
[2023-05-06T23:25:34.393+0000] {logging_mixin.py:149} INFO - [2023-05-06T23:25:34.393+0000] {dag.py:2726} INFO - Sync 1 DAGs
[2023-05-06T23:25:34.415+0000] {logging_mixin.py:149} INFO - [2023-05-06T23:25:34.415+0000] {dag.py:3490} INFO - Setting next_dagrun for tutorial to 2023-05-05T23:25:34.415444+00:00, run_after=2023-05-06T23:25:34.415444+00:00
[2023-05-06T23:25:34.431+0000] {processor.py:178} INFO - Processing /home/airflow/.local/lib/python3.7/site-packages/airflow/example_dags/tutorial.py took 0.066 seconds
[2023-05-06T23:26:05.359+0000] {processor.py:156} INFO - Started process (PID=175) to work on /home/airflow/.local/lib/python3.7/site-packages/airflow/example_dags/tutorial.py
[2023-05-06T23:26:05.360+0000] {processor.py:799} INFO - Processing file /home/airflow/.local/lib/python3.7/site-packages/airflow/example_dags/tutorial.py for tasks to queue
[2023-05-06T23:26:05.360+0000] {logging_mixin.py:149} INFO - [2023-05-06T23:26:05.360+0000] {dagbag.py:541} INFO - Filling up the DagBag from /home/airflow/.local/lib/python3.7/site-packages/airflow/example_dags/tutorial.py
[2023-05-06T23:26:05.365+0000] {processor.py:809} INFO - DAG(s) dict_keys(['tutorial']) retrieved from /home/airflow/.local/lib/python3.7/site-packages/airflow/example_dags/tutorial.py
[2023-05-06T23:26:05.384+0000] {logging_mixin.py:149} INFO - [2023-05-06T23:26:05.383+0000] {dag.py:2726} INFO - Sync 1 DAGs
[2023-05-06T23:26:05.406+0000] {logging_mixin.py:149} INFO - [2023-05-06T23:26:05.406+0000] {dag.py:3490} INFO - Setting next_dagrun for tutorial to 2023-05-05T23:26:05.405969+00:00, run_after=2023-05-06T23:26:05.405969+00:00
[2023-05-06T23:26:05.423+0000] {processor.py:178} INFO - Processing /home/airflow/.local/lib/python3.7/site-packages/airflow/example_dags/tutorial.py took 0.066 seconds
[2023-05-06T23:26:35.880+0000] {processor.py:156} INFO - Started process (PID=232) to work on /home/airflow/.local/lib/python3.7/site-packages/airflow/example_dags/tutorial.py
[2023-05-06T23:26:35.882+0000] {processor.py:799} INFO - Processing file /home/airflow/.local/lib/python3.7/site-packages/airflow/example_dags/tutorial.py for tasks to queue
[2023-05-06T23:26:35.883+0000] {logging_mixin.py:149} INFO - [2023-05-06T23:26:35.882+0000] {dagbag.py:541} INFO - Filling up the DagBag from /home/airflow/.local/lib/python3.7/site-packages/airflow/example_dags/tutorial.py
[2023-05-06T23:26:35.892+0000] {processor.py:809} INFO - DAG(s) dict_keys(['tutorial']) retrieved from /home/airflow/.local/lib/python3.7/site-packages/airflow/example_dags/tutorial.py
[2023-05-06T23:26:35.918+0000] {logging_mixin.py:149} INFO - [2023-05-06T23:26:35.917+0000] {dag.py:2726} INFO - Sync 1 DAGs
[2023-05-06T23:26:35.943+0000] {logging_mixin.py:149} INFO - [2023-05-06T23:26:35.943+0000] {dag.py:3490} INFO - Setting next_dagrun for tutorial to 2023-05-05T23:26:35.943117+00:00, run_after=2023-05-06T23:26:35.943117+00:00
[2023-05-06T23:26:35.962+0000] {processor.py:178} INFO - Processing /home/airflow/.local/lib/python3.7/site-packages/airflow/example_dags/tutorial.py took 0.086 seconds
[2023-05-06T23:27:06.463+0000] {processor.py:156} INFO - Started process (PID=290) to work on /home/airflow/.local/lib/python3.7/site-packages/airflow/example_dags/tutorial.py
[2023-05-06T23:27:06.464+0000] {processor.py:799} INFO - Processing file /home/airflow/.local/lib/python3.7/site-packages/airflow/example_dags/tutorial.py for tasks to queue
[2023-05-06T23:27:06.464+0000] {logging_mixin.py:149} INFO - [2023-05-06T23:27:06.464+0000] {dagbag.py:541} INFO - Filling up the DagBag from /home/airflow/.local/lib/python3.7/site-packages/airflow/example_dags/tutorial.py
[2023-05-06T23:27:06.468+0000] {processor.py:809} INFO - DAG(s) dict_keys(['tutorial']) retrieved from /home/airflow/.local/lib/python3.7/site-packages/airflow/example_dags/tutorial.py
[2023-05-06T23:27:06.487+0000] {logging_mixin.py:149} INFO - [2023-05-06T23:27:06.487+0000] {dag.py:2726} INFO - Sync 1 DAGs
[2023-05-06T23:27:06.510+0000] {logging_mixin.py:149} INFO - [2023-05-06T23:27:06.510+0000] {dag.py:3490} INFO - Setting next_dagrun for tutorial to 2023-05-05T23:27:06.510431+00:00, run_after=2023-05-06T23:27:06.510431+00:00
[2023-05-06T23:27:06.530+0000] {processor.py:178} INFO - Processing /home/airflow/.local/lib/python3.7/site-packages/airflow/example_dags/tutorial.py took 0.069 seconds
[2023-05-06T23:27:36.986+0000] {processor.py:156} INFO - Started process (PID=348) to work on /home/airflow/.local/lib/python3.7/site-packages/airflow/example_dags/tutorial.py
[2023-05-06T23:27:36.987+0000] {processor.py:799} INFO - Processing file /home/airflow/.local/lib/python3.7/site-packages/airflow/example_dags/tutorial.py for tasks to queue
[2023-05-06T23:27:36.987+0000] {logging_mixin.py:149} INFO - [2023-05-06T23:27:36.987+0000] {dagbag.py:541} INFO - Filling up the DagBag from /home/airflow/.local/lib/python3.7/site-packages/airflow/example_dags/tutorial.py
[2023-05-06T23:27:36.992+0000] {processor.py:809} INFO - DAG(s) dict_keys(['tutorial']) retrieved from /home/airflow/.local/lib/python3.7/site-packages/airflow/example_dags/tutorial.py
[2023-05-06T23:27:37.012+0000] {logging_mixin.py:149} INFO - [2023-05-06T23:27:37.012+0000] {dag.py:2726} INFO - Sync 1 DAGs
[2023-05-06T23:27:37.034+0000] {logging_mixin.py:149} INFO - [2023-05-06T23:27:37.034+0000] {dag.py:3490} INFO - Setting next_dagrun for tutorial to 2023-05-05T23:27:37.034177+00:00, run_after=2023-05-06T23:27:37.034177+00:00
[2023-05-06T23:27:37.054+0000] {processor.py:178} INFO - Processing /home/airflow/.local/lib/python3.7/site-packages/airflow/example_dags/tutorial.py took 0.070 seconds
[2023-05-06T23:28:07.329+0000] {processor.py:156} INFO - Started process (PID=406) to work on /home/airflow/.local/lib/python3.7/site-packages/airflow/example_dags/tutorial.py
[2023-05-06T23:28:07.330+0000] {processor.py:799} INFO - Processing file /home/airflow/.local/lib/python3.7/site-packages/airflow/example_dags/tutorial.py for tasks to queue
[2023-05-06T23:28:07.330+0000] {logging_mixin.py:149} INFO - [2023-05-06T23:28:07.330+0000] {dagbag.py:541} INFO - Filling up the DagBag from /home/airflow/.local/lib/python3.7/site-packages/airflow/example_dags/tutorial.py
[2023-05-06T23:28:07.334+0000] {processor.py:809} INFO - DAG(s) dict_keys(['tutorial']) retrieved from /home/airflow/.local/lib/python3.7/site-packages/airflow/example_dags/tutorial.py
[2023-05-06T23:28:07.354+0000] {logging_mixin.py:149} INFO - [2023-05-06T23:28:07.354+0000] {dag.py:2726} INFO - Sync 1 DAGs
[2023-05-06T23:28:07.379+0000] {logging_mixin.py:149} INFO - [2023-05-06T23:28:07.379+0000] {dag.py:3490} INFO - Setting next_dagrun for tutorial to 2023-05-05T23:28:07.379214+00:00, run_after=2023-05-06T23:28:07.379214+00:00
[2023-05-06T23:28:07.399+0000] {processor.py:178} INFO - Processing /home/airflow/.local/lib/python3.7/site-packages/airflow/example_dags/tutorial.py took 0.072 seconds
[2023-05-06T23:28:37.690+0000] {processor.py:156} INFO - Started process (PID=464) to work on /home/airflow/.local/lib/python3.7/site-packages/airflow/example_dags/tutorial.py
[2023-05-06T23:28:37.691+0000] {processor.py:799} INFO - Processing file /home/airflow/.local/lib/python3.7/site-packages/airflow/example_dags/tutorial.py for tasks to queue
[2023-05-06T23:28:37.691+0000] {logging_mixin.py:149} INFO - [2023-05-06T23:28:37.691+0000] {dagbag.py:541} INFO - Filling up the DagBag from /home/airflow/.local/lib/python3.7/site-packages/airflow/example_dags/tutorial.py
[2023-05-06T23:28:37.695+0000] {processor.py:809} INFO - DAG(s) dict_keys(['tutorial']) retrieved from /home/airflow/.local/lib/python3.7/site-packages/airflow/example_dags/tutorial.py
[2023-05-06T23:28:37.714+0000] {logging_mixin.py:149} INFO - [2023-05-06T23:28:37.714+0000] {dag.py:2726} INFO - Sync 1 DAGs
[2023-05-06T23:28:37.737+0000] {logging_mixin.py:149} INFO - [2023-05-06T23:28:37.737+0000] {dag.py:3490} INFO - Setting next_dagrun for tutorial to 2023-05-05T23:28:37.736964+00:00, run_after=2023-05-06T23:28:37.736964+00:00
[2023-05-06T23:28:37.757+0000] {processor.py:178} INFO - Processing /home/airflow/.local/lib/python3.7/site-packages/airflow/example_dags/tutorial.py took 0.070 seconds
[2023-05-06T23:29:08.198+0000] {processor.py:156} INFO - Started process (PID=523) to work on /home/airflow/.local/lib/python3.7/site-packages/airflow/example_dags/tutorial.py
[2023-05-06T23:29:08.199+0000] {processor.py:799} INFO - Processing file /home/airflow/.local/lib/python3.7/site-packages/airflow/example_dags/tutorial.py for tasks to queue
[2023-05-06T23:29:08.199+0000] {logging_mixin.py:149} INFO - [2023-05-06T23:29:08.199+0000] {dagbag.py:541} INFO - Filling up the DagBag from /home/airflow/.local/lib/python3.7/site-packages/airflow/example_dags/tutorial.py
[2023-05-06T23:29:08.204+0000] {processor.py:809} INFO - DAG(s) dict_keys(['tutorial']) retrieved from /home/airflow/.local/lib/python3.7/site-packages/airflow/example_dags/tutorial.py
[2023-05-06T23:29:08.225+0000] {logging_mixin.py:149} INFO - [2023-05-06T23:29:08.224+0000] {dag.py:2726} INFO - Sync 1 DAGs
[2023-05-06T23:29:08.250+0000] {logging_mixin.py:149} INFO - [2023-05-06T23:29:08.250+0000] {dag.py:3490} INFO - Setting next_dagrun for tutorial to 2023-05-05T23:29:08.249884+00:00, run_after=2023-05-06T23:29:08.249884+00:00
[2023-05-06T23:29:08.270+0000] {processor.py:178} INFO - Processing /home/airflow/.local/lib/python3.7/site-packages/airflow/example_dags/tutorial.py took 0.074 seconds
[2023-05-06T23:29:38.608+0000] {processor.py:156} INFO - Started process (PID=581) to work on /home/airflow/.local/lib/python3.7/site-packages/airflow/example_dags/tutorial.py
[2023-05-06T23:29:38.609+0000] {processor.py:799} INFO - Processing file /home/airflow/.local/lib/python3.7/site-packages/airflow/example_dags/tutorial.py for tasks to queue
[2023-05-06T23:29:38.609+0000] {logging_mixin.py:149} INFO - [2023-05-06T23:29:38.609+0000] {dagbag.py:541} INFO - Filling up the DagBag from /home/airflow/.local/lib/python3.7/site-packages/airflow/example_dags/tutorial.py
[2023-05-06T23:29:38.614+0000] {processor.py:809} INFO - DAG(s) dict_keys(['tutorial']) retrieved from /home/airflow/.local/lib/python3.7/site-packages/airflow/example_dags/tutorial.py
[2023-05-06T23:29:38.634+0000] {logging_mixin.py:149} INFO - [2023-05-06T23:29:38.634+0000] {dag.py:2726} INFO - Sync 1 DAGs
[2023-05-06T23:29:38.660+0000] {logging_mixin.py:149} INFO - [2023-05-06T23:29:38.659+0000] {dag.py:3490} INFO - Setting next_dagrun for tutorial to 2023-05-05T23:29:38.659666+00:00, run_after=2023-05-06T23:29:38.659666+00:00
[2023-05-06T23:29:38.681+0000] {processor.py:178} INFO - Processing /home/airflow/.local/lib/python3.7/site-packages/airflow/example_dags/tutorial.py took 0.076 seconds
[2023-05-06T23:30:09.229+0000] {processor.py:156} INFO - Started process (PID=639) to work on /home/airflow/.local/lib/python3.7/site-packages/airflow/example_dags/tutorial.py
[2023-05-06T23:30:09.229+0000] {processor.py:799} INFO - Processing file /home/airflow/.local/lib/python3.7/site-packages/airflow/example_dags/tutorial.py for tasks to queue
[2023-05-06T23:30:09.230+0000] {logging_mixin.py:149} INFO - [2023-05-06T23:30:09.229+0000] {dagbag.py:541} INFO - Filling up the DagBag from /home/airflow/.local/lib/python3.7/site-packages/airflow/example_dags/tutorial.py
[2023-05-06T23:30:09.234+0000] {processor.py:809} INFO - DAG(s) dict_keys(['tutorial']) retrieved from /home/airflow/.local/lib/python3.7/site-packages/airflow/example_dags/tutorial.py
[2023-05-06T23:30:09.254+0000] {logging_mixin.py:149} INFO - [2023-05-06T23:30:09.254+0000] {dag.py:2726} INFO - Sync 1 DAGs
[2023-05-06T23:30:09.278+0000] {logging_mixin.py:149} INFO - [2023-05-06T23:30:09.278+0000] {dag.py:3490} INFO - Setting next_dagrun for tutorial to 2023-05-05T23:30:09.278430+00:00, run_after=2023-05-06T23:30:09.278430+00:00
[2023-05-06T23:30:09.296+0000] {processor.py:178} INFO - Processing /home/airflow/.local/lib/python3.7/site-packages/airflow/example_dags/tutorial.py took 0.070 seconds
[2023-05-06T23:30:39.519+0000] {processor.py:156} INFO - Started process (PID=697) to work on /home/airflow/.local/lib/python3.7/site-packages/airflow/example_dags/tutorial.py
[2023-05-06T23:30:39.519+0000] {processor.py:799} INFO - Processing file /home/airflow/.local/lib/python3.7/site-packages/airflow/example_dags/tutorial.py for tasks to queue
[2023-05-06T23:30:39.520+0000] {logging_mixin.py:149} INFO - [2023-05-06T23:30:39.520+0000] {dagbag.py:541} INFO - Filling up the DagBag from /home/airflow/.local/lib/python3.7/site-packages/airflow/example_dags/tutorial.py
[2023-05-06T23:30:39.524+0000] {processor.py:809} INFO - DAG(s) dict_keys(['tutorial']) retrieved from /home/airflow/.local/lib/python3.7/site-packages/airflow/example_dags/tutorial.py
[2023-05-06T23:30:39.545+0000] {logging_mixin.py:149} INFO - [2023-05-06T23:30:39.545+0000] {dag.py:2726} INFO - Sync 1 DAGs
[2023-05-06T23:30:39.570+0000] {logging_mixin.py:149} INFO - [2023-05-06T23:30:39.569+0000] {dag.py:3490} INFO - Setting next_dagrun for tutorial to 2023-05-05T23:30:39.569720+00:00, run_after=2023-05-06T23:30:39.569720+00:00
[2023-05-06T23:30:39.593+0000] {processor.py:178} INFO - Processing /home/airflow/.local/lib/python3.7/site-packages/airflow/example_dags/tutorial.py took 0.077 seconds
[2023-05-06T23:31:09.970+0000] {processor.py:156} INFO - Started process (PID=754) to work on /home/airflow/.local/lib/python3.7/site-packages/airflow/example_dags/tutorial.py
[2023-05-06T23:31:09.971+0000] {processor.py:799} INFO - Processing file /home/airflow/.local/lib/python3.7/site-packages/airflow/example_dags/tutorial.py for tasks to queue
[2023-05-06T23:31:09.971+0000] {logging_mixin.py:149} INFO - [2023-05-06T23:31:09.971+0000] {dagbag.py:541} INFO - Filling up the DagBag from /home/airflow/.local/lib/python3.7/site-packages/airflow/example_dags/tutorial.py
[2023-05-06T23:31:09.976+0000] {processor.py:809} INFO - DAG(s) dict_keys(['tutorial']) retrieved from /home/airflow/.local/lib/python3.7/site-packages/airflow/example_dags/tutorial.py
[2023-05-06T23:31:09.998+0000] {logging_mixin.py:149} INFO - [2023-05-06T23:31:09.998+0000] {dag.py:2726} INFO - Sync 1 DAGs
[2023-05-06T23:31:10.023+0000] {logging_mixin.py:149} INFO - [2023-05-06T23:31:10.022+0000] {dag.py:3490} INFO - Setting next_dagrun for tutorial to 2023-05-05T23:31:10.022731+00:00, run_after=2023-05-06T23:31:10.022731+00:00
[2023-05-06T23:31:10.039+0000] {processor.py:178} INFO - Processing /home/airflow/.local/lib/python3.7/site-packages/airflow/example_dags/tutorial.py took 0.071 seconds
[2023-05-06T23:31:40.318+0000] {processor.py:156} INFO - Started process (PID=812) to work on /home/airflow/.local/lib/python3.7/site-packages/airflow/example_dags/tutorial.py
[2023-05-06T23:31:40.318+0000] {processor.py:799} INFO - Processing file /home/airflow/.local/lib/python3.7/site-packages/airflow/example_dags/tutorial.py for tasks to queue
[2023-05-06T23:31:40.319+0000] {logging_mixin.py:149} INFO - [2023-05-06T23:31:40.318+0000] {dagbag.py:541} INFO - Filling up the DagBag from /home/airflow/.local/lib/python3.7/site-packages/airflow/example_dags/tutorial.py
[2023-05-06T23:31:40.323+0000] {processor.py:809} INFO - DAG(s) dict_keys(['tutorial']) retrieved from /home/airflow/.local/lib/python3.7/site-packages/airflow/example_dags/tutorial.py
[2023-05-06T23:31:40.343+0000] {logging_mixin.py:149} INFO - [2023-05-06T23:31:40.343+0000] {dag.py:2726} INFO - Sync 1 DAGs
[2023-05-06T23:31:40.370+0000] {logging_mixin.py:149} INFO - [2023-05-06T23:31:40.370+0000] {dag.py:3490} INFO - Setting next_dagrun for tutorial to 2023-05-05T23:31:40.370230+00:00, run_after=2023-05-06T23:31:40.370230+00:00
[2023-05-06T23:31:40.388+0000] {processor.py:178} INFO - Processing /home/airflow/.local/lib/python3.7/site-packages/airflow/example_dags/tutorial.py took 0.073 seconds
[2023-05-06T23:32:10.904+0000] {processor.py:156} INFO - Started process (PID=870) to work on /home/airflow/.local/lib/python3.7/site-packages/airflow/example_dags/tutorial.py
[2023-05-06T23:32:10.905+0000] {processor.py:799} INFO - Processing file /home/airflow/.local/lib/python3.7/site-packages/airflow/example_dags/tutorial.py for tasks to queue
[2023-05-06T23:32:10.905+0000] {logging_mixin.py:149} INFO - [2023-05-06T23:32:10.905+0000] {dagbag.py:541} INFO - Filling up the DagBag from /home/airflow/.local/lib/python3.7/site-packages/airflow/example_dags/tutorial.py
[2023-05-06T23:32:10.910+0000] {processor.py:809} INFO - DAG(s) dict_keys(['tutorial']) retrieved from /home/airflow/.local/lib/python3.7/site-packages/airflow/example_dags/tutorial.py
[2023-05-06T23:32:10.930+0000] {logging_mixin.py:149} INFO - [2023-05-06T23:32:10.930+0000] {dag.py:2726} INFO - Sync 1 DAGs
[2023-05-06T23:32:10.953+0000] {logging_mixin.py:149} INFO - [2023-05-06T23:32:10.953+0000] {dag.py:3490} INFO - Setting next_dagrun for tutorial to 2023-05-05T23:32:10.953228+00:00, run_after=2023-05-06T23:32:10.953228+00:00
[2023-05-06T23:32:10.972+0000] {processor.py:178} INFO - Processing /home/airflow/.local/lib/python3.7/site-packages/airflow/example_dags/tutorial.py took 0.070 seconds
[2023-05-06T23:32:41.263+0000] {processor.py:156} INFO - Started process (PID=928) to work on /home/airflow/.local/lib/python3.7/site-packages/airflow/example_dags/tutorial.py
[2023-05-06T23:32:41.264+0000] {processor.py:799} INFO - Processing file /home/airflow/.local/lib/python3.7/site-packages/airflow/example_dags/tutorial.py for tasks to queue
[2023-05-06T23:32:41.264+0000] {logging_mixin.py:149} INFO - [2023-05-06T23:32:41.264+0000] {dagbag.py:541} INFO - Filling up the DagBag from /home/airflow/.local/lib/python3.7/site-packages/airflow/example_dags/tutorial.py
[2023-05-06T23:32:41.269+0000] {processor.py:809} INFO - DAG(s) dict_keys(['tutorial']) retrieved from /home/airflow/.local/lib/python3.7/site-packages/airflow/example_dags/tutorial.py
[2023-05-06T23:32:41.289+0000] {logging_mixin.py:149} INFO - [2023-05-06T23:32:41.289+0000] {dag.py:2726} INFO - Sync 1 DAGs
[2023-05-06T23:32:41.314+0000] {logging_mixin.py:149} INFO - [2023-05-06T23:32:41.314+0000] {dag.py:3490} INFO - Setting next_dagrun for tutorial to 2023-05-05T23:32:41.313823+00:00, run_after=2023-05-06T23:32:41.313823+00:00
[2023-05-06T23:32:41.333+0000] {processor.py:178} INFO - Processing /home/airflow/.local/lib/python3.7/site-packages/airflow/example_dags/tutorial.py took 0.072 seconds
[2023-05-06T23:33:11.695+0000] {processor.py:156} INFO - Started process (PID=986) to work on /home/airflow/.local/lib/python3.7/site-packages/airflow/example_dags/tutorial.py
[2023-05-06T23:33:11.696+0000] {processor.py:799} INFO - Processing file /home/airflow/.local/lib/python3.7/site-packages/airflow/example_dags/tutorial.py for tasks to queue
[2023-05-06T23:33:11.698+0000] {logging_mixin.py:149} INFO - [2023-05-06T23:33:11.697+0000] {dagbag.py:541} INFO - Filling up the DagBag from /home/airflow/.local/lib/python3.7/site-packages/airflow/example_dags/tutorial.py
[2023-05-06T23:33:11.702+0000] {processor.py:809} INFO - DAG(s) dict_keys(['tutorial']) retrieved from /home/airflow/.local/lib/python3.7/site-packages/airflow/example_dags/tutorial.py
[2023-05-06T23:33:11.723+0000] {logging_mixin.py:149} INFO - [2023-05-06T23:33:11.722+0000] {dag.py:2726} INFO - Sync 1 DAGs
[2023-05-06T23:33:11.745+0000] {logging_mixin.py:149} INFO - [2023-05-06T23:33:11.745+0000] {dag.py:3490} INFO - Setting next_dagrun for tutorial to 2023-05-05T23:33:11.745059+00:00, run_after=2023-05-06T23:33:11.745059+00:00
[2023-05-06T23:33:11.762+0000] {processor.py:178} INFO - Processing /home/airflow/.local/lib/python3.7/site-packages/airflow/example_dags/tutorial.py took 0.071 seconds
[2023-05-06T23:33:42.051+0000] {processor.py:156} INFO - Started process (PID=1045) to work on /home/airflow/.local/lib/python3.7/site-packages/airflow/example_dags/tutorial.py
[2023-05-06T23:33:42.052+0000] {processor.py:799} INFO - Processing file /home/airflow/.local/lib/python3.7/site-packages/airflow/example_dags/tutorial.py for tasks to queue
[2023-05-06T23:33:42.052+0000] {logging_mixin.py:149} INFO - [2023-05-06T23:33:42.052+0000] {dagbag.py:541} INFO - Filling up the DagBag from /home/airflow/.local/lib/python3.7/site-packages/airflow/example_dags/tutorial.py
[2023-05-06T23:33:42.057+0000] {processor.py:809} INFO - DAG(s) dict_keys(['tutorial']) retrieved from /home/airflow/.local/lib/python3.7/site-packages/airflow/example_dags/tutorial.py
[2023-05-06T23:33:42.076+0000] {logging_mixin.py:149} INFO - [2023-05-06T23:33:42.076+0000] {dag.py:2726} INFO - Sync 1 DAGs
[2023-05-06T23:33:42.099+0000] {logging_mixin.py:149} INFO - [2023-05-06T23:33:42.099+0000] {dag.py:3490} INFO - Setting next_dagrun for tutorial to 2023-05-05T23:33:42.099395+00:00, run_after=2023-05-06T23:33:42.099395+00:00
[2023-05-06T23:33:42.117+0000] {processor.py:178} INFO - Processing /home/airflow/.local/lib/python3.7/site-packages/airflow/example_dags/tutorial.py took 0.069 seconds
[2023-05-06T23:34:12.440+0000] {processor.py:156} INFO - Started process (PID=1103) to work on /home/airflow/.local/lib/python3.7/site-packages/airflow/example_dags/tutorial.py
[2023-05-06T23:34:12.441+0000] {processor.py:799} INFO - Processing file /home/airflow/.local/lib/python3.7/site-packages/airflow/example_dags/tutorial.py for tasks to queue
[2023-05-06T23:34:12.442+0000] {logging_mixin.py:149} INFO - [2023-05-06T23:34:12.442+0000] {dagbag.py:541} INFO - Filling up the DagBag from /home/airflow/.local/lib/python3.7/site-packages/airflow/example_dags/tutorial.py
[2023-05-06T23:34:12.451+0000] {processor.py:809} INFO - DAG(s) dict_keys(['tutorial']) retrieved from /home/airflow/.local/lib/python3.7/site-packages/airflow/example_dags/tutorial.py
[2023-05-06T23:34:12.489+0000] {logging_mixin.py:149} INFO - [2023-05-06T23:34:12.489+0000] {dag.py:2726} INFO - Sync 1 DAGs
[2023-05-06T23:34:12.533+0000] {logging_mixin.py:149} INFO - [2023-05-06T23:34:12.533+0000] {dag.py:3490} INFO - Setting next_dagrun for tutorial to 2023-05-05T23:34:12.533220+00:00, run_after=2023-05-06T23:34:12.533220+00:00
[2023-05-06T23:34:12.562+0000] {processor.py:178} INFO - Processing /home/airflow/.local/lib/python3.7/site-packages/airflow/example_dags/tutorial.py took 0.126 seconds
[2023-05-06T23:34:42.919+0000] {processor.py:156} INFO - Started process (PID=1161) to work on /home/airflow/.local/lib/python3.7/site-packages/airflow/example_dags/tutorial.py
[2023-05-06T23:34:42.920+0000] {processor.py:799} INFO - Processing file /home/airflow/.local/lib/python3.7/site-packages/airflow/example_dags/tutorial.py for tasks to queue
[2023-05-06T23:34:42.920+0000] {logging_mixin.py:149} INFO - [2023-05-06T23:34:42.920+0000] {dagbag.py:541} INFO - Filling up the DagBag from /home/airflow/.local/lib/python3.7/site-packages/airflow/example_dags/tutorial.py
[2023-05-06T23:34:42.925+0000] {processor.py:809} INFO - DAG(s) dict_keys(['tutorial']) retrieved from /home/airflow/.local/lib/python3.7/site-packages/airflow/example_dags/tutorial.py
[2023-05-06T23:34:42.943+0000] {logging_mixin.py:149} INFO - [2023-05-06T23:34:42.943+0000] {dag.py:2726} INFO - Sync 1 DAGs
[2023-05-06T23:34:42.964+0000] {logging_mixin.py:149} INFO - [2023-05-06T23:34:42.964+0000] {dag.py:3490} INFO - Setting next_dagrun for tutorial to 2023-05-05T23:34:42.964656+00:00, run_after=2023-05-06T23:34:42.964656+00:00
[2023-05-06T23:34:42.982+0000] {processor.py:178} INFO - Processing /home/airflow/.local/lib/python3.7/site-packages/airflow/example_dags/tutorial.py took 0.065 seconds
[2023-05-06T23:35:13.497+0000] {processor.py:156} INFO - Started process (PID=1219) to work on /home/airflow/.local/lib/python3.7/site-packages/airflow/example_dags/tutorial.py
[2023-05-06T23:35:13.497+0000] {processor.py:799} INFO - Processing file /home/airflow/.local/lib/python3.7/site-packages/airflow/example_dags/tutorial.py for tasks to queue
[2023-05-06T23:35:13.497+0000] {logging_mixin.py:149} INFO - [2023-05-06T23:35:13.497+0000] {dagbag.py:541} INFO - Filling up the DagBag from /home/airflow/.local/lib/python3.7/site-packages/airflow/example_dags/tutorial.py
[2023-05-06T23:35:13.503+0000] {processor.py:809} INFO - DAG(s) dict_keys(['tutorial']) retrieved from /home/airflow/.local/lib/python3.7/site-packages/airflow/example_dags/tutorial.py
[2023-05-06T23:35:13.522+0000] {logging_mixin.py:149} INFO - [2023-05-06T23:35:13.522+0000] {dag.py:2726} INFO - Sync 1 DAGs
[2023-05-06T23:35:13.545+0000] {logging_mixin.py:149} INFO - [2023-05-06T23:35:13.545+0000] {dag.py:3490} INFO - Setting next_dagrun for tutorial to 2023-05-05T23:35:13.545497+00:00, run_after=2023-05-06T23:35:13.545497+00:00
[2023-05-06T23:35:13.562+0000] {processor.py:178} INFO - Processing /home/airflow/.local/lib/python3.7/site-packages/airflow/example_dags/tutorial.py took 0.067 seconds
[2023-05-06T23:35:44.000+0000] {processor.py:156} INFO - Started process (PID=1277) to work on /home/airflow/.local/lib/python3.7/site-packages/airflow/example_dags/tutorial.py
[2023-05-06T23:35:44.001+0000] {processor.py:799} INFO - Processing file /home/airflow/.local/lib/python3.7/site-packages/airflow/example_dags/tutorial.py for tasks to queue
[2023-05-06T23:35:44.001+0000] {logging_mixin.py:149} INFO - [2023-05-06T23:35:44.001+0000] {dagbag.py:541} INFO - Filling up the DagBag from /home/airflow/.local/lib/python3.7/site-packages/airflow/example_dags/tutorial.py
[2023-05-06T23:35:44.005+0000] {processor.py:809} INFO - DAG(s) dict_keys(['tutorial']) retrieved from /home/airflow/.local/lib/python3.7/site-packages/airflow/example_dags/tutorial.py
[2023-05-06T23:35:44.025+0000] {logging_mixin.py:149} INFO - [2023-05-06T23:35:44.025+0000] {dag.py:2726} INFO - Sync 1 DAGs
[2023-05-06T23:35:44.050+0000] {logging_mixin.py:149} INFO - [2023-05-06T23:35:44.050+0000] {dag.py:3490} INFO - Setting next_dagrun for tutorial to 2023-05-05T23:35:44.050439+00:00, run_after=2023-05-06T23:35:44.050439+00:00
[2023-05-06T23:35:44.069+0000] {processor.py:178} INFO - Processing /home/airflow/.local/lib/python3.7/site-packages/airflow/example_dags/tutorial.py took 0.071 seconds
[2023-05-06T23:36:14.382+0000] {processor.py:156} INFO - Started process (PID=1335) to work on /home/airflow/.local/lib/python3.7/site-packages/airflow/example_dags/tutorial.py
[2023-05-06T23:36:14.383+0000] {processor.py:799} INFO - Processing file /home/airflow/.local/lib/python3.7/site-packages/airflow/example_dags/tutorial.py for tasks to queue
[2023-05-06T23:36:14.383+0000] {logging_mixin.py:149} INFO - [2023-05-06T23:36:14.383+0000] {dagbag.py:541} INFO - Filling up the DagBag from /home/airflow/.local/lib/python3.7/site-packages/airflow/example_dags/tutorial.py
[2023-05-06T23:36:14.387+0000] {processor.py:809} INFO - DAG(s) dict_keys(['tutorial']) retrieved from /home/airflow/.local/lib/python3.7/site-packages/airflow/example_dags/tutorial.py
[2023-05-06T23:36:14.406+0000] {logging_mixin.py:149} INFO - [2023-05-06T23:36:14.406+0000] {dag.py:2726} INFO - Sync 1 DAGs
[2023-05-06T23:36:14.428+0000] {logging_mixin.py:149} INFO - [2023-05-06T23:36:14.428+0000] {dag.py:3490} INFO - Setting next_dagrun for tutorial to 2023-05-05T23:36:14.427928+00:00, run_after=2023-05-06T23:36:14.427928+00:00
[2023-05-06T23:36:14.445+0000] {processor.py:178} INFO - Processing /home/airflow/.local/lib/python3.7/site-packages/airflow/example_dags/tutorial.py took 0.064 seconds
[2023-05-06T23:36:45.022+0000] {processor.py:156} INFO - Started process (PID=1393) to work on /home/airflow/.local/lib/python3.7/site-packages/airflow/example_dags/tutorial.py
[2023-05-06T23:36:45.023+0000] {processor.py:799} INFO - Processing file /home/airflow/.local/lib/python3.7/site-packages/airflow/example_dags/tutorial.py for tasks to queue
[2023-05-06T23:36:45.023+0000] {logging_mixin.py:149} INFO - [2023-05-06T23:36:45.023+0000] {dagbag.py:541} INFO - Filling up the DagBag from /home/airflow/.local/lib/python3.7/site-packages/airflow/example_dags/tutorial.py
[2023-05-06T23:36:45.028+0000] {processor.py:809} INFO - DAG(s) dict_keys(['tutorial']) retrieved from /home/airflow/.local/lib/python3.7/site-packages/airflow/example_dags/tutorial.py
[2023-05-06T23:36:45.047+0000] {logging_mixin.py:149} INFO - [2023-05-06T23:36:45.047+0000] {dag.py:2726} INFO - Sync 1 DAGs
[2023-05-06T23:36:45.071+0000] {logging_mixin.py:149} INFO - [2023-05-06T23:36:45.071+0000] {dag.py:3490} INFO - Setting next_dagrun for tutorial to 2023-05-05T23:36:45.071324+00:00, run_after=2023-05-06T23:36:45.071324+00:00
[2023-05-06T23:36:45.087+0000] {processor.py:178} INFO - Processing /home/airflow/.local/lib/python3.7/site-packages/airflow/example_dags/tutorial.py took 0.067 seconds
[2023-05-06T23:37:15.645+0000] {processor.py:156} INFO - Started process (PID=1451) to work on /home/airflow/.local/lib/python3.7/site-packages/airflow/example_dags/tutorial.py
[2023-05-06T23:37:15.646+0000] {processor.py:799} INFO - Processing file /home/airflow/.local/lib/python3.7/site-packages/airflow/example_dags/tutorial.py for tasks to queue
[2023-05-06T23:37:15.647+0000] {logging_mixin.py:149} INFO - [2023-05-06T23:37:15.647+0000] {dagbag.py:541} INFO - Filling up the DagBag from /home/airflow/.local/lib/python3.7/site-packages/airflow/example_dags/tutorial.py
[2023-05-06T23:37:15.656+0000] {processor.py:809} INFO - DAG(s) dict_keys(['tutorial']) retrieved from /home/airflow/.local/lib/python3.7/site-packages/airflow/example_dags/tutorial.py
[2023-05-06T23:37:15.677+0000] {logging_mixin.py:149} INFO - [2023-05-06T23:37:15.676+0000] {dag.py:2726} INFO - Sync 1 DAGs
[2023-05-06T23:37:15.700+0000] {logging_mixin.py:149} INFO - [2023-05-06T23:37:15.700+0000] {dag.py:3490} INFO - Setting next_dagrun for tutorial to 2023-05-05T23:37:15.700147+00:00, run_after=2023-05-06T23:37:15.700147+00:00
[2023-05-06T23:37:15.717+0000] {processor.py:178} INFO - Processing /home/airflow/.local/lib/python3.7/site-packages/airflow/example_dags/tutorial.py took 0.077 seconds
[2023-05-06T23:37:46.183+0000] {processor.py:156} INFO - Started process (PID=1509) to work on /home/airflow/.local/lib/python3.7/site-packages/airflow/example_dags/tutorial.py
[2023-05-06T23:37:46.184+0000] {processor.py:799} INFO - Processing file /home/airflow/.local/lib/python3.7/site-packages/airflow/example_dags/tutorial.py for tasks to queue
[2023-05-06T23:37:46.185+0000] {logging_mixin.py:149} INFO - [2023-05-06T23:37:46.185+0000] {dagbag.py:541} INFO - Filling up the DagBag from /home/airflow/.local/lib/python3.7/site-packages/airflow/example_dags/tutorial.py
[2023-05-06T23:37:46.195+0000] {processor.py:809} INFO - DAG(s) dict_keys(['tutorial']) retrieved from /home/airflow/.local/lib/python3.7/site-packages/airflow/example_dags/tutorial.py
[2023-05-06T23:37:46.236+0000] {logging_mixin.py:149} INFO - [2023-05-06T23:37:46.236+0000] {dag.py:2726} INFO - Sync 1 DAGs
[2023-05-06T23:37:46.265+0000] {logging_mixin.py:149} INFO - [2023-05-06T23:37:46.264+0000] {dag.py:3490} INFO - Setting next_dagrun for tutorial to 2023-05-05T23:37:46.264752+00:00, run_after=2023-05-06T23:37:46.264752+00:00
[2023-05-06T23:37:46.282+0000] {processor.py:178} INFO - Processing /home/airflow/.local/lib/python3.7/site-packages/airflow/example_dags/tutorial.py took 0.103 seconds
[2023-05-06T23:38:16.973+0000] {processor.py:156} INFO - Started process (PID=1567) to work on /home/airflow/.local/lib/python3.7/site-packages/airflow/example_dags/tutorial.py
[2023-05-06T23:38:16.974+0000] {processor.py:799} INFO - Processing file /home/airflow/.local/lib/python3.7/site-packages/airflow/example_dags/tutorial.py for tasks to queue
[2023-05-06T23:38:16.975+0000] {logging_mixin.py:149} INFO - [2023-05-06T23:38:16.975+0000] {dagbag.py:541} INFO - Filling up the DagBag from /home/airflow/.local/lib/python3.7/site-packages/airflow/example_dags/tutorial.py
[2023-05-06T23:38:16.984+0000] {processor.py:809} INFO - DAG(s) dict_keys(['tutorial']) retrieved from /home/airflow/.local/lib/python3.7/site-packages/airflow/example_dags/tutorial.py
[2023-05-06T23:38:17.018+0000] {logging_mixin.py:149} INFO - [2023-05-06T23:38:17.018+0000] {dag.py:2726} INFO - Sync 1 DAGs
[2023-05-06T23:38:17.046+0000] {logging_mixin.py:149} INFO - [2023-05-06T23:38:17.046+0000] {dag.py:3490} INFO - Setting next_dagrun for tutorial to 2023-05-05T23:38:17.046215+00:00, run_after=2023-05-06T23:38:17.046215+00:00
[2023-05-06T23:38:17.063+0000] {processor.py:178} INFO - Processing /home/airflow/.local/lib/python3.7/site-packages/airflow/example_dags/tutorial.py took 0.094 seconds
[2023-05-06T23:38:47.179+0000] {processor.py:156} INFO - Started process (PID=1625) to work on /home/airflow/.local/lib/python3.7/site-packages/airflow/example_dags/tutorial.py
[2023-05-06T23:38:47.180+0000] {processor.py:799} INFO - Processing file /home/airflow/.local/lib/python3.7/site-packages/airflow/example_dags/tutorial.py for tasks to queue
[2023-05-06T23:38:47.181+0000] {logging_mixin.py:149} INFO - [2023-05-06T23:38:47.180+0000] {dagbag.py:541} INFO - Filling up the DagBag from /home/airflow/.local/lib/python3.7/site-packages/airflow/example_dags/tutorial.py
[2023-05-06T23:38:47.190+0000] {processor.py:809} INFO - DAG(s) dict_keys(['tutorial']) retrieved from /home/airflow/.local/lib/python3.7/site-packages/airflow/example_dags/tutorial.py
[2023-05-06T23:38:47.210+0000] {logging_mixin.py:149} INFO - [2023-05-06T23:38:47.210+0000] {dag.py:2726} INFO - Sync 1 DAGs
[2023-05-06T23:38:47.233+0000] {logging_mixin.py:149} INFO - [2023-05-06T23:38:47.233+0000] {dag.py:3490} INFO - Setting next_dagrun for tutorial to 2023-05-05T23:38:47.232952+00:00, run_after=2023-05-06T23:38:47.232952+00:00
[2023-05-06T23:38:47.250+0000] {processor.py:178} INFO - Processing /home/airflow/.local/lib/python3.7/site-packages/airflow/example_dags/tutorial.py took 0.075 seconds
[2023-05-06T23:39:18.012+0000] {processor.py:156} INFO - Started process (PID=1683) to work on /home/airflow/.local/lib/python3.7/site-packages/airflow/example_dags/tutorial.py
[2023-05-06T23:39:18.012+0000] {processor.py:799} INFO - Processing file /home/airflow/.local/lib/python3.7/site-packages/airflow/example_dags/tutorial.py for tasks to queue
[2023-05-06T23:39:18.013+0000] {logging_mixin.py:149} INFO - [2023-05-06T23:39:18.013+0000] {dagbag.py:541} INFO - Filling up the DagBag from /home/airflow/.local/lib/python3.7/site-packages/airflow/example_dags/tutorial.py
[2023-05-06T23:39:18.017+0000] {processor.py:809} INFO - DAG(s) dict_keys(['tutorial']) retrieved from /home/airflow/.local/lib/python3.7/site-packages/airflow/example_dags/tutorial.py
[2023-05-06T23:39:18.036+0000] {logging_mixin.py:149} INFO - [2023-05-06T23:39:18.036+0000] {dag.py:2726} INFO - Sync 1 DAGs
[2023-05-06T23:39:18.059+0000] {logging_mixin.py:149} INFO - [2023-05-06T23:39:18.059+0000] {dag.py:3490} INFO - Setting next_dagrun for tutorial to 2023-05-05T23:39:18.059307+00:00, run_after=2023-05-06T23:39:18.059307+00:00
[2023-05-06T23:39:18.077+0000] {processor.py:178} INFO - Processing /home/airflow/.local/lib/python3.7/site-packages/airflow/example_dags/tutorial.py took 0.067 seconds
[2023-05-06T23:39:48.315+0000] {processor.py:156} INFO - Started process (PID=1742) to work on /home/airflow/.local/lib/python3.7/site-packages/airflow/example_dags/tutorial.py
[2023-05-06T23:39:48.315+0000] {processor.py:799} INFO - Processing file /home/airflow/.local/lib/python3.7/site-packages/airflow/example_dags/tutorial.py for tasks to queue
[2023-05-06T23:39:48.316+0000] {logging_mixin.py:149} INFO - [2023-05-06T23:39:48.315+0000] {dagbag.py:541} INFO - Filling up the DagBag from /home/airflow/.local/lib/python3.7/site-packages/airflow/example_dags/tutorial.py
[2023-05-06T23:39:48.320+0000] {processor.py:809} INFO - DAG(s) dict_keys(['tutorial']) retrieved from /home/airflow/.local/lib/python3.7/site-packages/airflow/example_dags/tutorial.py
[2023-05-06T23:39:48.338+0000] {logging_mixin.py:149} INFO - [2023-05-06T23:39:48.338+0000] {dag.py:2726} INFO - Sync 1 DAGs
[2023-05-06T23:39:48.360+0000] {logging_mixin.py:149} INFO - [2023-05-06T23:39:48.360+0000] {dag.py:3490} INFO - Setting next_dagrun for tutorial to 2023-05-05T23:39:48.360165+00:00, run_after=2023-05-06T23:39:48.360165+00:00
[2023-05-06T23:39:48.378+0000] {processor.py:178} INFO - Processing /home/airflow/.local/lib/python3.7/site-packages/airflow/example_dags/tutorial.py took 0.066 seconds
[2023-05-06T23:40:18.648+0000] {processor.py:156} INFO - Started process (PID=1800) to work on /home/airflow/.local/lib/python3.7/site-packages/airflow/example_dags/tutorial.py
[2023-05-06T23:40:18.649+0000] {processor.py:799} INFO - Processing file /home/airflow/.local/lib/python3.7/site-packages/airflow/example_dags/tutorial.py for tasks to queue
[2023-05-06T23:40:18.649+0000] {logging_mixin.py:149} INFO - [2023-05-06T23:40:18.649+0000] {dagbag.py:541} INFO - Filling up the DagBag from /home/airflow/.local/lib/python3.7/site-packages/airflow/example_dags/tutorial.py
[2023-05-06T23:40:18.655+0000] {processor.py:809} INFO - DAG(s) dict_keys(['tutorial']) retrieved from /home/airflow/.local/lib/python3.7/site-packages/airflow/example_dags/tutorial.py
[2023-05-06T23:40:18.674+0000] {logging_mixin.py:149} INFO - [2023-05-06T23:40:18.674+0000] {dag.py:2726} INFO - Sync 1 DAGs
[2023-05-06T23:40:18.697+0000] {logging_mixin.py:149} INFO - [2023-05-06T23:40:18.696+0000] {dag.py:3490} INFO - Setting next_dagrun for tutorial to 2023-05-05T23:40:18.696738+00:00, run_after=2023-05-06T23:40:18.696738+00:00
[2023-05-06T23:40:18.715+0000] {processor.py:178} INFO - Processing /home/airflow/.local/lib/python3.7/site-packages/airflow/example_dags/tutorial.py took 0.069 seconds
[2023-05-06T23:40:49.008+0000] {processor.py:156} INFO - Started process (PID=1859) to work on /home/airflow/.local/lib/python3.7/site-packages/airflow/example_dags/tutorial.py
[2023-05-06T23:40:49.009+0000] {processor.py:799} INFO - Processing file /home/airflow/.local/lib/python3.7/site-packages/airflow/example_dags/tutorial.py for tasks to queue
[2023-05-06T23:40:49.009+0000] {logging_mixin.py:149} INFO - [2023-05-06T23:40:49.009+0000] {dagbag.py:541} INFO - Filling up the DagBag from /home/airflow/.local/lib/python3.7/site-packages/airflow/example_dags/tutorial.py
[2023-05-06T23:40:49.015+0000] {processor.py:809} INFO - DAG(s) dict_keys(['tutorial']) retrieved from /home/airflow/.local/lib/python3.7/site-packages/airflow/example_dags/tutorial.py
[2023-05-06T23:40:49.035+0000] {logging_mixin.py:149} INFO - [2023-05-06T23:40:49.034+0000] {dag.py:2726} INFO - Sync 1 DAGs
[2023-05-06T23:40:49.057+0000] {logging_mixin.py:149} INFO - [2023-05-06T23:40:49.057+0000] {dag.py:3490} INFO - Setting next_dagrun for tutorial to 2023-05-05T23:40:49.056950+00:00, run_after=2023-05-06T23:40:49.056950+00:00
[2023-05-06T23:40:49.073+0000] {processor.py:178} INFO - Processing /home/airflow/.local/lib/python3.7/site-packages/airflow/example_dags/tutorial.py took 0.067 seconds
[2023-05-06T23:41:19.339+0000] {processor.py:156} INFO - Started process (PID=1917) to work on /home/airflow/.local/lib/python3.7/site-packages/airflow/example_dags/tutorial.py
[2023-05-06T23:41:19.340+0000] {processor.py:799} INFO - Processing file /home/airflow/.local/lib/python3.7/site-packages/airflow/example_dags/tutorial.py for tasks to queue
[2023-05-06T23:41:19.341+0000] {logging_mixin.py:149} INFO - [2023-05-06T23:41:19.341+0000] {dagbag.py:541} INFO - Filling up the DagBag from /home/airflow/.local/lib/python3.7/site-packages/airflow/example_dags/tutorial.py
[2023-05-06T23:41:19.347+0000] {processor.py:809} INFO - DAG(s) dict_keys(['tutorial']) retrieved from /home/airflow/.local/lib/python3.7/site-packages/airflow/example_dags/tutorial.py
[2023-05-06T23:41:19.367+0000] {logging_mixin.py:149} INFO - [2023-05-06T23:41:19.367+0000] {dag.py:2726} INFO - Sync 1 DAGs
[2023-05-06T23:41:19.391+0000] {logging_mixin.py:149} INFO - [2023-05-06T23:41:19.391+0000] {dag.py:3490} INFO - Setting next_dagrun for tutorial to 2023-05-05T23:41:19.391592+00:00, run_after=2023-05-06T23:41:19.391592+00:00
[2023-05-06T23:41:19.412+0000] {processor.py:178} INFO - Processing /home/airflow/.local/lib/python3.7/site-packages/airflow/example_dags/tutorial.py took 0.075 seconds
[2023-05-06T23:41:49.653+0000] {processor.py:156} INFO - Started process (PID=1975) to work on /home/airflow/.local/lib/python3.7/site-packages/airflow/example_dags/tutorial.py
[2023-05-06T23:41:49.654+0000] {processor.py:799} INFO - Processing file /home/airflow/.local/lib/python3.7/site-packages/airflow/example_dags/tutorial.py for tasks to queue
[2023-05-06T23:41:49.654+0000] {logging_mixin.py:149} INFO - [2023-05-06T23:41:49.654+0000] {dagbag.py:541} INFO - Filling up the DagBag from /home/airflow/.local/lib/python3.7/site-packages/airflow/example_dags/tutorial.py
[2023-05-06T23:41:49.659+0000] {processor.py:809} INFO - DAG(s) dict_keys(['tutorial']) retrieved from /home/airflow/.local/lib/python3.7/site-packages/airflow/example_dags/tutorial.py
[2023-05-06T23:41:49.688+0000] {logging_mixin.py:149} INFO - [2023-05-06T23:41:49.688+0000] {dag.py:2726} INFO - Sync 1 DAGs
[2023-05-06T23:41:49.719+0000] {logging_mixin.py:149} INFO - [2023-05-06T23:41:49.719+0000] {dag.py:3490} INFO - Setting next_dagrun for tutorial to 2023-05-05T23:41:49.719095+00:00, run_after=2023-05-06T23:41:49.719095+00:00
[2023-05-06T23:41:49.738+0000] {processor.py:178} INFO - Processing /home/airflow/.local/lib/python3.7/site-packages/airflow/example_dags/tutorial.py took 0.087 seconds
[2023-05-06T23:42:19.927+0000] {processor.py:156} INFO - Started process (PID=2033) to work on /home/airflow/.local/lib/python3.7/site-packages/airflow/example_dags/tutorial.py
[2023-05-06T23:42:19.928+0000] {processor.py:799} INFO - Processing file /home/airflow/.local/lib/python3.7/site-packages/airflow/example_dags/tutorial.py for tasks to queue
[2023-05-06T23:42:19.928+0000] {logging_mixin.py:149} INFO - [2023-05-06T23:42:19.928+0000] {dagbag.py:541} INFO - Filling up the DagBag from /home/airflow/.local/lib/python3.7/site-packages/airflow/example_dags/tutorial.py
[2023-05-06T23:42:19.933+0000] {processor.py:809} INFO - DAG(s) dict_keys(['tutorial']) retrieved from /home/airflow/.local/lib/python3.7/site-packages/airflow/example_dags/tutorial.py
[2023-05-06T23:42:19.953+0000] {logging_mixin.py:149} INFO - [2023-05-06T23:42:19.952+0000] {dag.py:2726} INFO - Sync 1 DAGs
[2023-05-06T23:42:19.975+0000] {logging_mixin.py:149} INFO - [2023-05-06T23:42:19.975+0000] {dag.py:3490} INFO - Setting next_dagrun for tutorial to 2023-05-05T23:42:19.975550+00:00, run_after=2023-05-06T23:42:19.975550+00:00
[2023-05-06T23:42:19.994+0000] {processor.py:178} INFO - Processing /home/airflow/.local/lib/python3.7/site-packages/airflow/example_dags/tutorial.py took 0.069 seconds
[2023-05-06T23:42:50.456+0000] {processor.py:156} INFO - Started process (PID=2091) to work on /home/airflow/.local/lib/python3.7/site-packages/airflow/example_dags/tutorial.py
[2023-05-06T23:42:50.456+0000] {processor.py:799} INFO - Processing file /home/airflow/.local/lib/python3.7/site-packages/airflow/example_dags/tutorial.py for tasks to queue
[2023-05-06T23:42:50.457+0000] {logging_mixin.py:149} INFO - [2023-05-06T23:42:50.456+0000] {dagbag.py:541} INFO - Filling up the DagBag from /home/airflow/.local/lib/python3.7/site-packages/airflow/example_dags/tutorial.py
[2023-05-06T23:42:50.463+0000] {processor.py:809} INFO - DAG(s) dict_keys(['tutorial']) retrieved from /home/airflow/.local/lib/python3.7/site-packages/airflow/example_dags/tutorial.py
[2023-05-06T23:42:50.483+0000] {logging_mixin.py:149} INFO - [2023-05-06T23:42:50.483+0000] {dag.py:2726} INFO - Sync 1 DAGs
[2023-05-06T23:42:50.507+0000] {logging_mixin.py:149} INFO - [2023-05-06T23:42:50.507+0000] {dag.py:3490} INFO - Setting next_dagrun for tutorial to 2023-05-05T23:42:50.507309+00:00, run_after=2023-05-06T23:42:50.507309+00:00
[2023-05-06T23:42:50.526+0000] {processor.py:178} INFO - Processing /home/airflow/.local/lib/python3.7/site-packages/airflow/example_dags/tutorial.py took 0.074 seconds
[2023-05-06T23:43:20.836+0000] {processor.py:156} INFO - Started process (PID=2149) to work on /home/airflow/.local/lib/python3.7/site-packages/airflow/example_dags/tutorial.py
[2023-05-06T23:43:20.837+0000] {processor.py:799} INFO - Processing file /home/airflow/.local/lib/python3.7/site-packages/airflow/example_dags/tutorial.py for tasks to queue
[2023-05-06T23:43:20.837+0000] {logging_mixin.py:149} INFO - [2023-05-06T23:43:20.837+0000] {dagbag.py:541} INFO - Filling up the DagBag from /home/airflow/.local/lib/python3.7/site-packages/airflow/example_dags/tutorial.py
[2023-05-06T23:43:20.842+0000] {processor.py:809} INFO - DAG(s) dict_keys(['tutorial']) retrieved from /home/airflow/.local/lib/python3.7/site-packages/airflow/example_dags/tutorial.py
[2023-05-06T23:43:20.861+0000] {logging_mixin.py:149} INFO - [2023-05-06T23:43:20.861+0000] {dag.py:2726} INFO - Sync 1 DAGs
[2023-05-06T23:43:20.888+0000] {logging_mixin.py:149} INFO - [2023-05-06T23:43:20.888+0000] {dag.py:3490} INFO - Setting next_dagrun for tutorial to 2023-05-05T23:43:20.888644+00:00, run_after=2023-05-06T23:43:20.888644+00:00
[2023-05-06T23:43:20.913+0000] {processor.py:178} INFO - Processing /home/airflow/.local/lib/python3.7/site-packages/airflow/example_dags/tutorial.py took 0.079 seconds
