[2023-05-16T13:28:39.021+0000] {processor.py:156} INFO - Started process (PID=78) to work on /home/airflow/.local/lib/python3.7/site-packages/airflow/example_dags/plugins/listener_plugin.py
[2023-05-16T13:28:39.022+0000] {processor.py:799} INFO - Processing file /home/airflow/.local/lib/python3.7/site-packages/airflow/example_dags/plugins/listener_plugin.py for tasks to queue
[2023-05-16T13:28:39.022+0000] {logging_mixin.py:149} INFO - [2023-05-16T13:28:39.022+0000] {dagbag.py:541} INFO - Filling up the DagBag from /home/airflow/.local/lib/python3.7/site-packages/airflow/example_dags/plugins/listener_plugin.py
[2023-05-16T13:28:39.024+0000] {processor.py:811} WARNING - No viable dags retrieved from /home/airflow/.local/lib/python3.7/site-packages/airflow/example_dags/plugins/listener_plugin.py
[2023-05-16T13:28:39.046+0000] {processor.py:178} INFO - Processing /home/airflow/.local/lib/python3.7/site-packages/airflow/example_dags/plugins/listener_plugin.py took 0.027 seconds
[2023-05-16T13:33:01.438+0000] {processor.py:156} INFO - Started process (PID=125) to work on /home/airflow/.local/lib/python3.7/site-packages/airflow/example_dags/plugins/listener_plugin.py
[2023-05-16T13:33:01.439+0000] {processor.py:799} INFO - Processing file /home/airflow/.local/lib/python3.7/site-packages/airflow/example_dags/plugins/listener_plugin.py for tasks to queue
[2023-05-16T13:33:01.440+0000] {logging_mixin.py:149} INFO - [2023-05-16T13:33:01.440+0000] {dagbag.py:541} INFO - Filling up the DagBag from /home/airflow/.local/lib/python3.7/site-packages/airflow/example_dags/plugins/listener_plugin.py
[2023-05-16T13:33:01.442+0000] {processor.py:811} WARNING - No viable dags retrieved from /home/airflow/.local/lib/python3.7/site-packages/airflow/example_dags/plugins/listener_plugin.py
[2023-05-16T13:33:01.455+0000] {processor.py:178} INFO - Processing /home/airflow/.local/lib/python3.7/site-packages/airflow/example_dags/plugins/listener_plugin.py took 0.019 seconds
[2023-05-16T21:08:00.080+0000] {processor.py:156} INFO - Started process (PID=79) to work on /home/airflow/.local/lib/python3.7/site-packages/airflow/example_dags/plugins/listener_plugin.py
[2023-05-16T21:08:00.081+0000] {processor.py:799} INFO - Processing file /home/airflow/.local/lib/python3.7/site-packages/airflow/example_dags/plugins/listener_plugin.py for tasks to queue
[2023-05-16T21:08:00.082+0000] {logging_mixin.py:149} INFO - [2023-05-16T21:08:00.081+0000] {dagbag.py:541} INFO - Filling up the DagBag from /home/airflow/.local/lib/python3.7/site-packages/airflow/example_dags/plugins/listener_plugin.py
[2023-05-16T21:08:00.083+0000] {processor.py:811} WARNING - No viable dags retrieved from /home/airflow/.local/lib/python3.7/site-packages/airflow/example_dags/plugins/listener_plugin.py
[2023-05-16T21:08:00.107+0000] {processor.py:178} INFO - Processing /home/airflow/.local/lib/python3.7/site-packages/airflow/example_dags/plugins/listener_plugin.py took 0.029 seconds
[2023-05-16T21:08:30.910+0000] {processor.py:156} INFO - Started process (PID=132) to work on /home/airflow/.local/lib/python3.7/site-packages/airflow/example_dags/plugins/listener_plugin.py
[2023-05-16T21:08:30.911+0000] {processor.py:799} INFO - Processing file /home/airflow/.local/lib/python3.7/site-packages/airflow/example_dags/plugins/listener_plugin.py for tasks to queue
[2023-05-16T21:08:30.912+0000] {logging_mixin.py:149} INFO - [2023-05-16T21:08:30.912+0000] {dagbag.py:541} INFO - Filling up the DagBag from /home/airflow/.local/lib/python3.7/site-packages/airflow/example_dags/plugins/listener_plugin.py
[2023-05-16T21:08:30.914+0000] {processor.py:811} WARNING - No viable dags retrieved from /home/airflow/.local/lib/python3.7/site-packages/airflow/example_dags/plugins/listener_plugin.py
[2023-05-16T21:08:30.929+0000] {processor.py:178} INFO - Processing /home/airflow/.local/lib/python3.7/site-packages/airflow/example_dags/plugins/listener_plugin.py took 0.022 seconds
[2023-05-16T21:09:04.097+0000] {processor.py:156} INFO - Started process (PID=197) to work on /home/airflow/.local/lib/python3.7/site-packages/airflow/example_dags/plugins/listener_plugin.py
[2023-05-16T21:09:04.098+0000] {processor.py:799} INFO - Processing file /home/airflow/.local/lib/python3.7/site-packages/airflow/example_dags/plugins/listener_plugin.py for tasks to queue
[2023-05-16T21:09:04.098+0000] {logging_mixin.py:149} INFO - [2023-05-16T21:09:04.098+0000] {dagbag.py:541} INFO - Filling up the DagBag from /home/airflow/.local/lib/python3.7/site-packages/airflow/example_dags/plugins/listener_plugin.py
[2023-05-16T21:09:04.100+0000] {processor.py:811} WARNING - No viable dags retrieved from /home/airflow/.local/lib/python3.7/site-packages/airflow/example_dags/plugins/listener_plugin.py
[2023-05-16T21:09:04.109+0000] {processor.py:178} INFO - Processing /home/airflow/.local/lib/python3.7/site-packages/airflow/example_dags/plugins/listener_plugin.py took 0.014 seconds
[2023-05-16T21:09:34.162+0000] {processor.py:156} INFO - Started process (PID=250) to work on /home/airflow/.local/lib/python3.7/site-packages/airflow/example_dags/plugins/listener_plugin.py
[2023-05-16T21:09:34.163+0000] {processor.py:799} INFO - Processing file /home/airflow/.local/lib/python3.7/site-packages/airflow/example_dags/plugins/listener_plugin.py for tasks to queue
[2023-05-16T21:09:34.163+0000] {logging_mixin.py:149} INFO - [2023-05-16T21:09:34.163+0000] {dagbag.py:541} INFO - Filling up the DagBag from /home/airflow/.local/lib/python3.7/site-packages/airflow/example_dags/plugins/listener_plugin.py
[2023-05-16T21:09:34.165+0000] {processor.py:811} WARNING - No viable dags retrieved from /home/airflow/.local/lib/python3.7/site-packages/airflow/example_dags/plugins/listener_plugin.py
[2023-05-16T21:09:34.175+0000] {processor.py:178} INFO - Processing /home/airflow/.local/lib/python3.7/site-packages/airflow/example_dags/plugins/listener_plugin.py took 0.015 seconds
[2023-05-16T21:10:04.711+0000] {processor.py:156} INFO - Started process (PID=308) to work on /home/airflow/.local/lib/python3.7/site-packages/airflow/example_dags/plugins/listener_plugin.py
[2023-05-16T21:10:04.711+0000] {processor.py:799} INFO - Processing file /home/airflow/.local/lib/python3.7/site-packages/airflow/example_dags/plugins/listener_plugin.py for tasks to queue
[2023-05-16T21:10:04.712+0000] {logging_mixin.py:149} INFO - [2023-05-16T21:10:04.712+0000] {dagbag.py:541} INFO - Filling up the DagBag from /home/airflow/.local/lib/python3.7/site-packages/airflow/example_dags/plugins/listener_plugin.py
[2023-05-16T21:10:04.715+0000] {processor.py:811} WARNING - No viable dags retrieved from /home/airflow/.local/lib/python3.7/site-packages/airflow/example_dags/plugins/listener_plugin.py
[2023-05-16T21:10:04.727+0000] {processor.py:178} INFO - Processing /home/airflow/.local/lib/python3.7/site-packages/airflow/example_dags/plugins/listener_plugin.py took 0.020 seconds
[2023-05-16T21:10:35.101+0000] {processor.py:156} INFO - Started process (PID=367) to work on /home/airflow/.local/lib/python3.7/site-packages/airflow/example_dags/plugins/listener_plugin.py
[2023-05-16T21:10:35.102+0000] {processor.py:799} INFO - Processing file /home/airflow/.local/lib/python3.7/site-packages/airflow/example_dags/plugins/listener_plugin.py for tasks to queue
[2023-05-16T21:10:35.103+0000] {logging_mixin.py:149} INFO - [2023-05-16T21:10:35.103+0000] {dagbag.py:541} INFO - Filling up the DagBag from /home/airflow/.local/lib/python3.7/site-packages/airflow/example_dags/plugins/listener_plugin.py
[2023-05-16T21:10:35.105+0000] {processor.py:811} WARNING - No viable dags retrieved from /home/airflow/.local/lib/python3.7/site-packages/airflow/example_dags/plugins/listener_plugin.py
[2023-05-16T21:10:35.124+0000] {processor.py:178} INFO - Processing /home/airflow/.local/lib/python3.7/site-packages/airflow/example_dags/plugins/listener_plugin.py took 0.027 seconds
[2023-05-16T21:11:05.736+0000] {processor.py:156} INFO - Started process (PID=426) to work on /home/airflow/.local/lib/python3.7/site-packages/airflow/example_dags/plugins/listener_plugin.py
[2023-05-16T21:11:05.737+0000] {processor.py:799} INFO - Processing file /home/airflow/.local/lib/python3.7/site-packages/airflow/example_dags/plugins/listener_plugin.py for tasks to queue
[2023-05-16T21:11:05.738+0000] {logging_mixin.py:149} INFO - [2023-05-16T21:11:05.738+0000] {dagbag.py:541} INFO - Filling up the DagBag from /home/airflow/.local/lib/python3.7/site-packages/airflow/example_dags/plugins/listener_plugin.py
[2023-05-16T21:11:05.741+0000] {processor.py:811} WARNING - No viable dags retrieved from /home/airflow/.local/lib/python3.7/site-packages/airflow/example_dags/plugins/listener_plugin.py
[2023-05-16T21:11:05.754+0000] {processor.py:178} INFO - Processing /home/airflow/.local/lib/python3.7/site-packages/airflow/example_dags/plugins/listener_plugin.py took 0.022 seconds
[2023-05-16T21:11:36.106+0000] {processor.py:156} INFO - Started process (PID=485) to work on /home/airflow/.local/lib/python3.7/site-packages/airflow/example_dags/plugins/listener_plugin.py
[2023-05-16T21:11:36.107+0000] {processor.py:799} INFO - Processing file /home/airflow/.local/lib/python3.7/site-packages/airflow/example_dags/plugins/listener_plugin.py for tasks to queue
[2023-05-16T21:11:36.108+0000] {logging_mixin.py:149} INFO - [2023-05-16T21:11:36.108+0000] {dagbag.py:541} INFO - Filling up the DagBag from /home/airflow/.local/lib/python3.7/site-packages/airflow/example_dags/plugins/listener_plugin.py
[2023-05-16T21:11:36.111+0000] {processor.py:811} WARNING - No viable dags retrieved from /home/airflow/.local/lib/python3.7/site-packages/airflow/example_dags/plugins/listener_plugin.py
[2023-05-16T21:11:36.126+0000] {processor.py:178} INFO - Processing /home/airflow/.local/lib/python3.7/site-packages/airflow/example_dags/plugins/listener_plugin.py took 0.024 seconds
[2023-05-16T21:12:06.432+0000] {processor.py:156} INFO - Started process (PID=544) to work on /home/airflow/.local/lib/python3.7/site-packages/airflow/example_dags/plugins/listener_plugin.py
[2023-05-16T21:12:06.433+0000] {processor.py:799} INFO - Processing file /home/airflow/.local/lib/python3.7/site-packages/airflow/example_dags/plugins/listener_plugin.py for tasks to queue
[2023-05-16T21:12:06.433+0000] {logging_mixin.py:149} INFO - [2023-05-16T21:12:06.433+0000] {dagbag.py:541} INFO - Filling up the DagBag from /home/airflow/.local/lib/python3.7/site-packages/airflow/example_dags/plugins/listener_plugin.py
[2023-05-16T21:12:06.435+0000] {processor.py:811} WARNING - No viable dags retrieved from /home/airflow/.local/lib/python3.7/site-packages/airflow/example_dags/plugins/listener_plugin.py
[2023-05-16T21:12:06.444+0000] {processor.py:178} INFO - Processing /home/airflow/.local/lib/python3.7/site-packages/airflow/example_dags/plugins/listener_plugin.py took 0.014 seconds
[2023-05-16T21:12:36.962+0000] {processor.py:156} INFO - Started process (PID=603) to work on /home/airflow/.local/lib/python3.7/site-packages/airflow/example_dags/plugins/listener_plugin.py
[2023-05-16T21:12:36.963+0000] {processor.py:799} INFO - Processing file /home/airflow/.local/lib/python3.7/site-packages/airflow/example_dags/plugins/listener_plugin.py for tasks to queue
[2023-05-16T21:12:36.964+0000] {logging_mixin.py:149} INFO - [2023-05-16T21:12:36.964+0000] {dagbag.py:541} INFO - Filling up the DagBag from /home/airflow/.local/lib/python3.7/site-packages/airflow/example_dags/plugins/listener_plugin.py
[2023-05-16T21:12:36.965+0000] {processor.py:811} WARNING - No viable dags retrieved from /home/airflow/.local/lib/python3.7/site-packages/airflow/example_dags/plugins/listener_plugin.py
[2023-05-16T21:12:36.976+0000] {processor.py:178} INFO - Processing /home/airflow/.local/lib/python3.7/site-packages/airflow/example_dags/plugins/listener_plugin.py took 0.015 seconds
[2023-05-16T21:13:07.510+0000] {processor.py:156} INFO - Started process (PID=661) to work on /home/airflow/.local/lib/python3.7/site-packages/airflow/example_dags/plugins/listener_plugin.py
[2023-05-16T21:13:07.511+0000] {processor.py:799} INFO - Processing file /home/airflow/.local/lib/python3.7/site-packages/airflow/example_dags/plugins/listener_plugin.py for tasks to queue
[2023-05-16T21:13:07.511+0000] {logging_mixin.py:149} INFO - [2023-05-16T21:13:07.511+0000] {dagbag.py:541} INFO - Filling up the DagBag from /home/airflow/.local/lib/python3.7/site-packages/airflow/example_dags/plugins/listener_plugin.py
[2023-05-16T21:13:07.512+0000] {processor.py:811} WARNING - No viable dags retrieved from /home/airflow/.local/lib/python3.7/site-packages/airflow/example_dags/plugins/listener_plugin.py
[2023-05-16T21:13:07.523+0000] {processor.py:178} INFO - Processing /home/airflow/.local/lib/python3.7/site-packages/airflow/example_dags/plugins/listener_plugin.py took 0.016 seconds
[2023-05-16T21:13:37.831+0000] {processor.py:156} INFO - Started process (PID=720) to work on /home/airflow/.local/lib/python3.7/site-packages/airflow/example_dags/plugins/listener_plugin.py
[2023-05-16T21:13:37.832+0000] {processor.py:799} INFO - Processing file /home/airflow/.local/lib/python3.7/site-packages/airflow/example_dags/plugins/listener_plugin.py for tasks to queue
[2023-05-16T21:13:37.832+0000] {logging_mixin.py:149} INFO - [2023-05-16T21:13:37.832+0000] {dagbag.py:541} INFO - Filling up the DagBag from /home/airflow/.local/lib/python3.7/site-packages/airflow/example_dags/plugins/listener_plugin.py
[2023-05-16T21:13:37.833+0000] {processor.py:811} WARNING - No viable dags retrieved from /home/airflow/.local/lib/python3.7/site-packages/airflow/example_dags/plugins/listener_plugin.py
[2023-05-16T21:13:37.843+0000] {processor.py:178} INFO - Processing /home/airflow/.local/lib/python3.7/site-packages/airflow/example_dags/plugins/listener_plugin.py took 0.015 seconds
[2023-05-16T21:14:08.284+0000] {processor.py:156} INFO - Started process (PID=779) to work on /home/airflow/.local/lib/python3.7/site-packages/airflow/example_dags/plugins/listener_plugin.py
[2023-05-16T21:14:08.285+0000] {processor.py:799} INFO - Processing file /home/airflow/.local/lib/python3.7/site-packages/airflow/example_dags/plugins/listener_plugin.py for tasks to queue
[2023-05-16T21:14:08.285+0000] {logging_mixin.py:149} INFO - [2023-05-16T21:14:08.285+0000] {dagbag.py:541} INFO - Filling up the DagBag from /home/airflow/.local/lib/python3.7/site-packages/airflow/example_dags/plugins/listener_plugin.py
[2023-05-16T21:14:08.287+0000] {processor.py:811} WARNING - No viable dags retrieved from /home/airflow/.local/lib/python3.7/site-packages/airflow/example_dags/plugins/listener_plugin.py
[2023-05-16T21:14:08.299+0000] {processor.py:178} INFO - Processing /home/airflow/.local/lib/python3.7/site-packages/airflow/example_dags/plugins/listener_plugin.py took 0.017 seconds
[2023-05-16T21:14:38.727+0000] {processor.py:156} INFO - Started process (PID=838) to work on /home/airflow/.local/lib/python3.7/site-packages/airflow/example_dags/plugins/listener_plugin.py
[2023-05-16T21:14:38.728+0000] {processor.py:799} INFO - Processing file /home/airflow/.local/lib/python3.7/site-packages/airflow/example_dags/plugins/listener_plugin.py for tasks to queue
[2023-05-16T21:14:38.728+0000] {logging_mixin.py:149} INFO - [2023-05-16T21:14:38.728+0000] {dagbag.py:541} INFO - Filling up the DagBag from /home/airflow/.local/lib/python3.7/site-packages/airflow/example_dags/plugins/listener_plugin.py
[2023-05-16T21:14:38.730+0000] {processor.py:811} WARNING - No viable dags retrieved from /home/airflow/.local/lib/python3.7/site-packages/airflow/example_dags/plugins/listener_plugin.py
[2023-05-16T21:14:38.740+0000] {processor.py:178} INFO - Processing /home/airflow/.local/lib/python3.7/site-packages/airflow/example_dags/plugins/listener_plugin.py took 0.015 seconds
[2023-05-16T21:15:09.288+0000] {processor.py:156} INFO - Started process (PID=897) to work on /home/airflow/.local/lib/python3.7/site-packages/airflow/example_dags/plugins/listener_plugin.py
[2023-05-16T21:15:09.289+0000] {processor.py:799} INFO - Processing file /home/airflow/.local/lib/python3.7/site-packages/airflow/example_dags/plugins/listener_plugin.py for tasks to queue
[2023-05-16T21:15:09.289+0000] {logging_mixin.py:149} INFO - [2023-05-16T21:15:09.289+0000] {dagbag.py:541} INFO - Filling up the DagBag from /home/airflow/.local/lib/python3.7/site-packages/airflow/example_dags/plugins/listener_plugin.py
[2023-05-16T21:15:09.292+0000] {processor.py:811} WARNING - No viable dags retrieved from /home/airflow/.local/lib/python3.7/site-packages/airflow/example_dags/plugins/listener_plugin.py
[2023-05-16T21:15:09.304+0000] {processor.py:178} INFO - Processing /home/airflow/.local/lib/python3.7/site-packages/airflow/example_dags/plugins/listener_plugin.py took 0.021 seconds
[2023-05-16T21:15:39.833+0000] {processor.py:156} INFO - Started process (PID=956) to work on /home/airflow/.local/lib/python3.7/site-packages/airflow/example_dags/plugins/listener_plugin.py
[2023-05-16T21:15:39.834+0000] {processor.py:799} INFO - Processing file /home/airflow/.local/lib/python3.7/site-packages/airflow/example_dags/plugins/listener_plugin.py for tasks to queue
[2023-05-16T21:15:39.834+0000] {logging_mixin.py:149} INFO - [2023-05-16T21:15:39.834+0000] {dagbag.py:541} INFO - Filling up the DagBag from /home/airflow/.local/lib/python3.7/site-packages/airflow/example_dags/plugins/listener_plugin.py
[2023-05-16T21:15:39.836+0000] {processor.py:811} WARNING - No viable dags retrieved from /home/airflow/.local/lib/python3.7/site-packages/airflow/example_dags/plugins/listener_plugin.py
[2023-05-16T21:15:39.847+0000] {processor.py:178} INFO - Processing /home/airflow/.local/lib/python3.7/site-packages/airflow/example_dags/plugins/listener_plugin.py took 0.016 seconds
[2023-05-16T21:16:10.476+0000] {processor.py:156} INFO - Started process (PID=1015) to work on /home/airflow/.local/lib/python3.7/site-packages/airflow/example_dags/plugins/listener_plugin.py
[2023-05-16T21:16:10.477+0000] {processor.py:799} INFO - Processing file /home/airflow/.local/lib/python3.7/site-packages/airflow/example_dags/plugins/listener_plugin.py for tasks to queue
[2023-05-16T21:16:10.477+0000] {logging_mixin.py:149} INFO - [2023-05-16T21:16:10.477+0000] {dagbag.py:541} INFO - Filling up the DagBag from /home/airflow/.local/lib/python3.7/site-packages/airflow/example_dags/plugins/listener_plugin.py
[2023-05-16T21:16:10.479+0000] {processor.py:811} WARNING - No viable dags retrieved from /home/airflow/.local/lib/python3.7/site-packages/airflow/example_dags/plugins/listener_plugin.py
[2023-05-16T21:16:10.497+0000] {processor.py:178} INFO - Processing /home/airflow/.local/lib/python3.7/site-packages/airflow/example_dags/plugins/listener_plugin.py took 0.023 seconds
[2023-05-16T21:16:41.151+0000] {processor.py:156} INFO - Started process (PID=1075) to work on /home/airflow/.local/lib/python3.7/site-packages/airflow/example_dags/plugins/listener_plugin.py
[2023-05-16T21:16:41.151+0000] {processor.py:799} INFO - Processing file /home/airflow/.local/lib/python3.7/site-packages/airflow/example_dags/plugins/listener_plugin.py for tasks to queue
[2023-05-16T21:16:41.152+0000] {logging_mixin.py:149} INFO - [2023-05-16T21:16:41.152+0000] {dagbag.py:541} INFO - Filling up the DagBag from /home/airflow/.local/lib/python3.7/site-packages/airflow/example_dags/plugins/listener_plugin.py
[2023-05-16T21:16:41.153+0000] {processor.py:811} WARNING - No viable dags retrieved from /home/airflow/.local/lib/python3.7/site-packages/airflow/example_dags/plugins/listener_plugin.py
[2023-05-16T21:16:41.165+0000] {processor.py:178} INFO - Processing /home/airflow/.local/lib/python3.7/site-packages/airflow/example_dags/plugins/listener_plugin.py took 0.017 seconds
[2023-05-16T21:17:11.625+0000] {processor.py:156} INFO - Started process (PID=1134) to work on /home/airflow/.local/lib/python3.7/site-packages/airflow/example_dags/plugins/listener_plugin.py
[2023-05-16T21:17:11.625+0000] {processor.py:799} INFO - Processing file /home/airflow/.local/lib/python3.7/site-packages/airflow/example_dags/plugins/listener_plugin.py for tasks to queue
[2023-05-16T21:17:11.626+0000] {logging_mixin.py:149} INFO - [2023-05-16T21:17:11.626+0000] {dagbag.py:541} INFO - Filling up the DagBag from /home/airflow/.local/lib/python3.7/site-packages/airflow/example_dags/plugins/listener_plugin.py
[2023-05-16T21:17:11.627+0000] {processor.py:811} WARNING - No viable dags retrieved from /home/airflow/.local/lib/python3.7/site-packages/airflow/example_dags/plugins/listener_plugin.py
[2023-05-16T21:17:11.639+0000] {processor.py:178} INFO - Processing /home/airflow/.local/lib/python3.7/site-packages/airflow/example_dags/plugins/listener_plugin.py took 0.017 seconds
[2023-05-16T21:17:41.853+0000] {processor.py:156} INFO - Started process (PID=1193) to work on /home/airflow/.local/lib/python3.7/site-packages/airflow/example_dags/plugins/listener_plugin.py
[2023-05-16T21:17:41.853+0000] {processor.py:799} INFO - Processing file /home/airflow/.local/lib/python3.7/site-packages/airflow/example_dags/plugins/listener_plugin.py for tasks to queue
[2023-05-16T21:17:41.854+0000] {logging_mixin.py:149} INFO - [2023-05-16T21:17:41.854+0000] {dagbag.py:541} INFO - Filling up the DagBag from /home/airflow/.local/lib/python3.7/site-packages/airflow/example_dags/plugins/listener_plugin.py
[2023-05-16T21:17:41.855+0000] {processor.py:811} WARNING - No viable dags retrieved from /home/airflow/.local/lib/python3.7/site-packages/airflow/example_dags/plugins/listener_plugin.py
[2023-05-16T21:17:41.867+0000] {processor.py:178} INFO - Processing /home/airflow/.local/lib/python3.7/site-packages/airflow/example_dags/plugins/listener_plugin.py took 0.016 seconds
[2023-05-16T21:18:12.121+0000] {processor.py:156} INFO - Started process (PID=1252) to work on /home/airflow/.local/lib/python3.7/site-packages/airflow/example_dags/plugins/listener_plugin.py
[2023-05-16T21:18:12.121+0000] {processor.py:799} INFO - Processing file /home/airflow/.local/lib/python3.7/site-packages/airflow/example_dags/plugins/listener_plugin.py for tasks to queue
[2023-05-16T21:18:12.122+0000] {logging_mixin.py:149} INFO - [2023-05-16T21:18:12.122+0000] {dagbag.py:541} INFO - Filling up the DagBag from /home/airflow/.local/lib/python3.7/site-packages/airflow/example_dags/plugins/listener_plugin.py
[2023-05-16T21:18:12.123+0000] {processor.py:811} WARNING - No viable dags retrieved from /home/airflow/.local/lib/python3.7/site-packages/airflow/example_dags/plugins/listener_plugin.py
[2023-05-16T21:18:12.135+0000] {processor.py:178} INFO - Processing /home/airflow/.local/lib/python3.7/site-packages/airflow/example_dags/plugins/listener_plugin.py took 0.016 seconds
[2023-05-16T21:18:42.691+0000] {processor.py:156} INFO - Started process (PID=1311) to work on /home/airflow/.local/lib/python3.7/site-packages/airflow/example_dags/plugins/listener_plugin.py
[2023-05-16T21:18:42.692+0000] {processor.py:799} INFO - Processing file /home/airflow/.local/lib/python3.7/site-packages/airflow/example_dags/plugins/listener_plugin.py for tasks to queue
[2023-05-16T21:18:42.692+0000] {logging_mixin.py:149} INFO - [2023-05-16T21:18:42.692+0000] {dagbag.py:541} INFO - Filling up the DagBag from /home/airflow/.local/lib/python3.7/site-packages/airflow/example_dags/plugins/listener_plugin.py
[2023-05-16T21:18:42.694+0000] {processor.py:811} WARNING - No viable dags retrieved from /home/airflow/.local/lib/python3.7/site-packages/airflow/example_dags/plugins/listener_plugin.py
[2023-05-16T21:18:42.704+0000] {processor.py:178} INFO - Processing /home/airflow/.local/lib/python3.7/site-packages/airflow/example_dags/plugins/listener_plugin.py took 0.015 seconds
[2023-05-16T21:19:13.200+0000] {processor.py:156} INFO - Started process (PID=1370) to work on /home/airflow/.local/lib/python3.7/site-packages/airflow/example_dags/plugins/listener_plugin.py
[2023-05-16T21:19:13.201+0000] {processor.py:799} INFO - Processing file /home/airflow/.local/lib/python3.7/site-packages/airflow/example_dags/plugins/listener_plugin.py for tasks to queue
[2023-05-16T21:19:13.201+0000] {logging_mixin.py:149} INFO - [2023-05-16T21:19:13.201+0000] {dagbag.py:541} INFO - Filling up the DagBag from /home/airflow/.local/lib/python3.7/site-packages/airflow/example_dags/plugins/listener_plugin.py
[2023-05-16T21:19:13.203+0000] {processor.py:811} WARNING - No viable dags retrieved from /home/airflow/.local/lib/python3.7/site-packages/airflow/example_dags/plugins/listener_plugin.py
[2023-05-16T21:19:13.216+0000] {processor.py:178} INFO - Processing /home/airflow/.local/lib/python3.7/site-packages/airflow/example_dags/plugins/listener_plugin.py took 0.019 seconds
[2023-05-16T21:19:43.553+0000] {processor.py:156} INFO - Started process (PID=1428) to work on /home/airflow/.local/lib/python3.7/site-packages/airflow/example_dags/plugins/listener_plugin.py
[2023-05-16T21:19:43.553+0000] {processor.py:799} INFO - Processing file /home/airflow/.local/lib/python3.7/site-packages/airflow/example_dags/plugins/listener_plugin.py for tasks to queue
[2023-05-16T21:19:43.554+0000] {logging_mixin.py:149} INFO - [2023-05-16T21:19:43.554+0000] {dagbag.py:541} INFO - Filling up the DagBag from /home/airflow/.local/lib/python3.7/site-packages/airflow/example_dags/plugins/listener_plugin.py
[2023-05-16T21:19:43.555+0000] {processor.py:811} WARNING - No viable dags retrieved from /home/airflow/.local/lib/python3.7/site-packages/airflow/example_dags/plugins/listener_plugin.py
[2023-05-16T21:19:43.566+0000] {processor.py:178} INFO - Processing /home/airflow/.local/lib/python3.7/site-packages/airflow/example_dags/plugins/listener_plugin.py took 0.015 seconds
[2023-05-16T21:20:14.118+0000] {processor.py:156} INFO - Started process (PID=1487) to work on /home/airflow/.local/lib/python3.7/site-packages/airflow/example_dags/plugins/listener_plugin.py
[2023-05-16T21:20:14.119+0000] {processor.py:799} INFO - Processing file /home/airflow/.local/lib/python3.7/site-packages/airflow/example_dags/plugins/listener_plugin.py for tasks to queue
[2023-05-16T21:20:14.119+0000] {logging_mixin.py:149} INFO - [2023-05-16T21:20:14.119+0000] {dagbag.py:541} INFO - Filling up the DagBag from /home/airflow/.local/lib/python3.7/site-packages/airflow/example_dags/plugins/listener_plugin.py
[2023-05-16T21:20:14.121+0000] {processor.py:811} WARNING - No viable dags retrieved from /home/airflow/.local/lib/python3.7/site-packages/airflow/example_dags/plugins/listener_plugin.py
[2023-05-16T21:20:14.132+0000] {processor.py:178} INFO - Processing /home/airflow/.local/lib/python3.7/site-packages/airflow/example_dags/plugins/listener_plugin.py took 0.016 seconds
[2023-05-16T21:20:44.508+0000] {processor.py:156} INFO - Started process (PID=1547) to work on /home/airflow/.local/lib/python3.7/site-packages/airflow/example_dags/plugins/listener_plugin.py
[2023-05-16T21:20:44.509+0000] {processor.py:799} INFO - Processing file /home/airflow/.local/lib/python3.7/site-packages/airflow/example_dags/plugins/listener_plugin.py for tasks to queue
[2023-05-16T21:20:44.509+0000] {logging_mixin.py:149} INFO - [2023-05-16T21:20:44.509+0000] {dagbag.py:541} INFO - Filling up the DagBag from /home/airflow/.local/lib/python3.7/site-packages/airflow/example_dags/plugins/listener_plugin.py
[2023-05-16T21:20:44.510+0000] {processor.py:811} WARNING - No viable dags retrieved from /home/airflow/.local/lib/python3.7/site-packages/airflow/example_dags/plugins/listener_plugin.py
[2023-05-16T21:20:44.521+0000] {processor.py:178} INFO - Processing /home/airflow/.local/lib/python3.7/site-packages/airflow/example_dags/plugins/listener_plugin.py took 0.015 seconds
[2023-05-16T21:21:14.817+0000] {processor.py:156} INFO - Started process (PID=1606) to work on /home/airflow/.local/lib/python3.7/site-packages/airflow/example_dags/plugins/listener_plugin.py
[2023-05-16T21:21:14.817+0000] {processor.py:799} INFO - Processing file /home/airflow/.local/lib/python3.7/site-packages/airflow/example_dags/plugins/listener_plugin.py for tasks to queue
[2023-05-16T21:21:14.818+0000] {logging_mixin.py:149} INFO - [2023-05-16T21:21:14.818+0000] {dagbag.py:541} INFO - Filling up the DagBag from /home/airflow/.local/lib/python3.7/site-packages/airflow/example_dags/plugins/listener_plugin.py
[2023-05-16T21:21:14.819+0000] {processor.py:811} WARNING - No viable dags retrieved from /home/airflow/.local/lib/python3.7/site-packages/airflow/example_dags/plugins/listener_plugin.py
[2023-05-16T21:21:14.830+0000] {processor.py:178} INFO - Processing /home/airflow/.local/lib/python3.7/site-packages/airflow/example_dags/plugins/listener_plugin.py took 0.015 seconds
[2023-05-16T21:21:45.194+0000] {processor.py:156} INFO - Started process (PID=1665) to work on /home/airflow/.local/lib/python3.7/site-packages/airflow/example_dags/plugins/listener_plugin.py
[2023-05-16T21:21:45.194+0000] {processor.py:799} INFO - Processing file /home/airflow/.local/lib/python3.7/site-packages/airflow/example_dags/plugins/listener_plugin.py for tasks to queue
[2023-05-16T21:21:45.195+0000] {logging_mixin.py:149} INFO - [2023-05-16T21:21:45.195+0000] {dagbag.py:541} INFO - Filling up the DagBag from /home/airflow/.local/lib/python3.7/site-packages/airflow/example_dags/plugins/listener_plugin.py
[2023-05-16T21:21:45.196+0000] {processor.py:811} WARNING - No viable dags retrieved from /home/airflow/.local/lib/python3.7/site-packages/airflow/example_dags/plugins/listener_plugin.py
[2023-05-16T21:21:45.208+0000] {processor.py:178} INFO - Processing /home/airflow/.local/lib/python3.7/site-packages/airflow/example_dags/plugins/listener_plugin.py took 0.016 seconds
[2023-05-16T21:22:15.686+0000] {processor.py:156} INFO - Started process (PID=1724) to work on /home/airflow/.local/lib/python3.7/site-packages/airflow/example_dags/plugins/listener_plugin.py
[2023-05-16T21:22:15.687+0000] {processor.py:799} INFO - Processing file /home/airflow/.local/lib/python3.7/site-packages/airflow/example_dags/plugins/listener_plugin.py for tasks to queue
[2023-05-16T21:22:15.687+0000] {logging_mixin.py:149} INFO - [2023-05-16T21:22:15.687+0000] {dagbag.py:541} INFO - Filling up the DagBag from /home/airflow/.local/lib/python3.7/site-packages/airflow/example_dags/plugins/listener_plugin.py
[2023-05-16T21:22:15.688+0000] {processor.py:811} WARNING - No viable dags retrieved from /home/airflow/.local/lib/python3.7/site-packages/airflow/example_dags/plugins/listener_plugin.py
[2023-05-16T21:22:15.698+0000] {processor.py:178} INFO - Processing /home/airflow/.local/lib/python3.7/site-packages/airflow/example_dags/plugins/listener_plugin.py took 0.014 seconds
[2023-05-16T21:22:46.000+0000] {processor.py:156} INFO - Started process (PID=1783) to work on /home/airflow/.local/lib/python3.7/site-packages/airflow/example_dags/plugins/listener_plugin.py
[2023-05-16T21:22:46.001+0000] {processor.py:799} INFO - Processing file /home/airflow/.local/lib/python3.7/site-packages/airflow/example_dags/plugins/listener_plugin.py for tasks to queue
[2023-05-16T21:22:46.002+0000] {logging_mixin.py:149} INFO - [2023-05-16T21:22:46.001+0000] {dagbag.py:541} INFO - Filling up the DagBag from /home/airflow/.local/lib/python3.7/site-packages/airflow/example_dags/plugins/listener_plugin.py
[2023-05-16T21:22:46.005+0000] {processor.py:811} WARNING - No viable dags retrieved from /home/airflow/.local/lib/python3.7/site-packages/airflow/example_dags/plugins/listener_plugin.py
[2023-05-16T21:22:46.018+0000] {processor.py:178} INFO - Processing /home/airflow/.local/lib/python3.7/site-packages/airflow/example_dags/plugins/listener_plugin.py took 0.023 seconds
[2023-05-16T21:23:16.430+0000] {processor.py:156} INFO - Started process (PID=1842) to work on /home/airflow/.local/lib/python3.7/site-packages/airflow/example_dags/plugins/listener_plugin.py
[2023-05-16T21:23:16.431+0000] {processor.py:799} INFO - Processing file /home/airflow/.local/lib/python3.7/site-packages/airflow/example_dags/plugins/listener_plugin.py for tasks to queue
[2023-05-16T21:23:16.431+0000] {logging_mixin.py:149} INFO - [2023-05-16T21:23:16.431+0000] {dagbag.py:541} INFO - Filling up the DagBag from /home/airflow/.local/lib/python3.7/site-packages/airflow/example_dags/plugins/listener_plugin.py
[2023-05-16T21:23:16.432+0000] {processor.py:811} WARNING - No viable dags retrieved from /home/airflow/.local/lib/python3.7/site-packages/airflow/example_dags/plugins/listener_plugin.py
[2023-05-16T21:23:16.443+0000] {processor.py:178} INFO - Processing /home/airflow/.local/lib/python3.7/site-packages/airflow/example_dags/plugins/listener_plugin.py took 0.016 seconds
[2023-05-16T21:23:46.829+0000] {processor.py:156} INFO - Started process (PID=1901) to work on /home/airflow/.local/lib/python3.7/site-packages/airflow/example_dags/plugins/listener_plugin.py
[2023-05-16T21:23:46.830+0000] {processor.py:799} INFO - Processing file /home/airflow/.local/lib/python3.7/site-packages/airflow/example_dags/plugins/listener_plugin.py for tasks to queue
[2023-05-16T21:23:46.830+0000] {logging_mixin.py:149} INFO - [2023-05-16T21:23:46.830+0000] {dagbag.py:541} INFO - Filling up the DagBag from /home/airflow/.local/lib/python3.7/site-packages/airflow/example_dags/plugins/listener_plugin.py
[2023-05-16T21:23:46.832+0000] {processor.py:811} WARNING - No viable dags retrieved from /home/airflow/.local/lib/python3.7/site-packages/airflow/example_dags/plugins/listener_plugin.py
[2023-05-16T21:23:46.846+0000] {processor.py:178} INFO - Processing /home/airflow/.local/lib/python3.7/site-packages/airflow/example_dags/plugins/listener_plugin.py took 0.019 seconds
[2023-05-16T21:24:17.101+0000] {processor.py:156} INFO - Started process (PID=1959) to work on /home/airflow/.local/lib/python3.7/site-packages/airflow/example_dags/plugins/listener_plugin.py
[2023-05-16T21:24:17.103+0000] {processor.py:799} INFO - Processing file /home/airflow/.local/lib/python3.7/site-packages/airflow/example_dags/plugins/listener_plugin.py for tasks to queue
[2023-05-16T21:24:17.104+0000] {logging_mixin.py:149} INFO - [2023-05-16T21:24:17.103+0000] {dagbag.py:541} INFO - Filling up the DagBag from /home/airflow/.local/lib/python3.7/site-packages/airflow/example_dags/plugins/listener_plugin.py
[2023-05-16T21:24:17.106+0000] {processor.py:811} WARNING - No viable dags retrieved from /home/airflow/.local/lib/python3.7/site-packages/airflow/example_dags/plugins/listener_plugin.py
[2023-05-16T21:24:17.118+0000] {processor.py:178} INFO - Processing /home/airflow/.local/lib/python3.7/site-packages/airflow/example_dags/plugins/listener_plugin.py took 0.021 seconds
[2023-05-16T21:24:47.398+0000] {processor.py:156} INFO - Started process (PID=2018) to work on /home/airflow/.local/lib/python3.7/site-packages/airflow/example_dags/plugins/listener_plugin.py
[2023-05-16T21:24:47.399+0000] {processor.py:799} INFO - Processing file /home/airflow/.local/lib/python3.7/site-packages/airflow/example_dags/plugins/listener_plugin.py for tasks to queue
[2023-05-16T21:24:47.399+0000] {logging_mixin.py:149} INFO - [2023-05-16T21:24:47.399+0000] {dagbag.py:541} INFO - Filling up the DagBag from /home/airflow/.local/lib/python3.7/site-packages/airflow/example_dags/plugins/listener_plugin.py
[2023-05-16T21:24:47.401+0000] {processor.py:811} WARNING - No viable dags retrieved from /home/airflow/.local/lib/python3.7/site-packages/airflow/example_dags/plugins/listener_plugin.py
[2023-05-16T21:24:47.412+0000] {processor.py:178} INFO - Processing /home/airflow/.local/lib/python3.7/site-packages/airflow/example_dags/plugins/listener_plugin.py took 0.016 seconds
[2023-05-16T21:25:17.815+0000] {processor.py:156} INFO - Started process (PID=2077) to work on /home/airflow/.local/lib/python3.7/site-packages/airflow/example_dags/plugins/listener_plugin.py
[2023-05-16T21:25:17.816+0000] {processor.py:799} INFO - Processing file /home/airflow/.local/lib/python3.7/site-packages/airflow/example_dags/plugins/listener_plugin.py for tasks to queue
[2023-05-16T21:25:17.817+0000] {logging_mixin.py:149} INFO - [2023-05-16T21:25:17.817+0000] {dagbag.py:541} INFO - Filling up the DagBag from /home/airflow/.local/lib/python3.7/site-packages/airflow/example_dags/plugins/listener_plugin.py
[2023-05-16T21:25:17.820+0000] {processor.py:811} WARNING - No viable dags retrieved from /home/airflow/.local/lib/python3.7/site-packages/airflow/example_dags/plugins/listener_plugin.py
[2023-05-16T21:25:17.843+0000] {processor.py:178} INFO - Processing /home/airflow/.local/lib/python3.7/site-packages/airflow/example_dags/plugins/listener_plugin.py took 0.030 seconds
[2023-05-16T21:25:48.132+0000] {processor.py:156} INFO - Started process (PID=2135) to work on /home/airflow/.local/lib/python3.7/site-packages/airflow/example_dags/plugins/listener_plugin.py
[2023-05-16T21:25:48.133+0000] {processor.py:799} INFO - Processing file /home/airflow/.local/lib/python3.7/site-packages/airflow/example_dags/plugins/listener_plugin.py for tasks to queue
[2023-05-16T21:25:48.133+0000] {logging_mixin.py:149} INFO - [2023-05-16T21:25:48.133+0000] {dagbag.py:541} INFO - Filling up the DagBag from /home/airflow/.local/lib/python3.7/site-packages/airflow/example_dags/plugins/listener_plugin.py
[2023-05-16T21:25:48.135+0000] {processor.py:811} WARNING - No viable dags retrieved from /home/airflow/.local/lib/python3.7/site-packages/airflow/example_dags/plugins/listener_plugin.py
[2023-05-16T21:25:48.146+0000] {processor.py:178} INFO - Processing /home/airflow/.local/lib/python3.7/site-packages/airflow/example_dags/plugins/listener_plugin.py took 0.016 seconds
[2023-05-16T21:26:18.545+0000] {processor.py:156} INFO - Started process (PID=2195) to work on /home/airflow/.local/lib/python3.7/site-packages/airflow/example_dags/plugins/listener_plugin.py
[2023-05-16T21:26:18.545+0000] {processor.py:799} INFO - Processing file /home/airflow/.local/lib/python3.7/site-packages/airflow/example_dags/plugins/listener_plugin.py for tasks to queue
[2023-05-16T21:26:18.546+0000] {logging_mixin.py:149} INFO - [2023-05-16T21:26:18.546+0000] {dagbag.py:541} INFO - Filling up the DagBag from /home/airflow/.local/lib/python3.7/site-packages/airflow/example_dags/plugins/listener_plugin.py
[2023-05-16T21:26:18.547+0000] {processor.py:811} WARNING - No viable dags retrieved from /home/airflow/.local/lib/python3.7/site-packages/airflow/example_dags/plugins/listener_plugin.py
[2023-05-16T21:26:18.557+0000] {processor.py:178} INFO - Processing /home/airflow/.local/lib/python3.7/site-packages/airflow/example_dags/plugins/listener_plugin.py took 0.014 seconds
[2023-05-16T21:26:48.970+0000] {processor.py:156} INFO - Started process (PID=2253) to work on /home/airflow/.local/lib/python3.7/site-packages/airflow/example_dags/plugins/listener_plugin.py
[2023-05-16T21:26:48.970+0000] {processor.py:799} INFO - Processing file /home/airflow/.local/lib/python3.7/site-packages/airflow/example_dags/plugins/listener_plugin.py for tasks to queue
[2023-05-16T21:26:48.971+0000] {logging_mixin.py:149} INFO - [2023-05-16T21:26:48.971+0000] {dagbag.py:541} INFO - Filling up the DagBag from /home/airflow/.local/lib/python3.7/site-packages/airflow/example_dags/plugins/listener_plugin.py
[2023-05-16T21:26:48.973+0000] {processor.py:811} WARNING - No viable dags retrieved from /home/airflow/.local/lib/python3.7/site-packages/airflow/example_dags/plugins/listener_plugin.py
[2023-05-16T21:26:48.984+0000] {processor.py:178} INFO - Processing /home/airflow/.local/lib/python3.7/site-packages/airflow/example_dags/plugins/listener_plugin.py took 0.016 seconds
[2023-05-16T21:27:19.594+0000] {processor.py:156} INFO - Started process (PID=2313) to work on /home/airflow/.local/lib/python3.7/site-packages/airflow/example_dags/plugins/listener_plugin.py
[2023-05-16T21:27:19.594+0000] {processor.py:799} INFO - Processing file /home/airflow/.local/lib/python3.7/site-packages/airflow/example_dags/plugins/listener_plugin.py for tasks to queue
[2023-05-16T21:27:19.595+0000] {logging_mixin.py:149} INFO - [2023-05-16T21:27:19.595+0000] {dagbag.py:541} INFO - Filling up the DagBag from /home/airflow/.local/lib/python3.7/site-packages/airflow/example_dags/plugins/listener_plugin.py
[2023-05-16T21:27:19.596+0000] {processor.py:811} WARNING - No viable dags retrieved from /home/airflow/.local/lib/python3.7/site-packages/airflow/example_dags/plugins/listener_plugin.py
[2023-05-16T21:27:19.608+0000] {processor.py:178} INFO - Processing /home/airflow/.local/lib/python3.7/site-packages/airflow/example_dags/plugins/listener_plugin.py took 0.016 seconds
[2023-05-16T21:27:49.819+0000] {processor.py:156} INFO - Started process (PID=2373) to work on /home/airflow/.local/lib/python3.7/site-packages/airflow/example_dags/plugins/listener_plugin.py
[2023-05-16T21:27:49.819+0000] {processor.py:799} INFO - Processing file /home/airflow/.local/lib/python3.7/site-packages/airflow/example_dags/plugins/listener_plugin.py for tasks to queue
[2023-05-16T21:27:49.820+0000] {logging_mixin.py:149} INFO - [2023-05-16T21:27:49.820+0000] {dagbag.py:541} INFO - Filling up the DagBag from /home/airflow/.local/lib/python3.7/site-packages/airflow/example_dags/plugins/listener_plugin.py
[2023-05-16T21:27:49.821+0000] {processor.py:811} WARNING - No viable dags retrieved from /home/airflow/.local/lib/python3.7/site-packages/airflow/example_dags/plugins/listener_plugin.py
[2023-05-16T21:27:49.833+0000] {processor.py:178} INFO - Processing /home/airflow/.local/lib/python3.7/site-packages/airflow/example_dags/plugins/listener_plugin.py took 0.017 seconds
[2023-05-16T21:28:20.236+0000] {processor.py:156} INFO - Started process (PID=2432) to work on /home/airflow/.local/lib/python3.7/site-packages/airflow/example_dags/plugins/listener_plugin.py
[2023-05-16T21:28:20.236+0000] {processor.py:799} INFO - Processing file /home/airflow/.local/lib/python3.7/site-packages/airflow/example_dags/plugins/listener_plugin.py for tasks to queue
[2023-05-16T21:28:20.237+0000] {logging_mixin.py:149} INFO - [2023-05-16T21:28:20.237+0000] {dagbag.py:541} INFO - Filling up the DagBag from /home/airflow/.local/lib/python3.7/site-packages/airflow/example_dags/plugins/listener_plugin.py
[2023-05-16T21:28:20.238+0000] {processor.py:811} WARNING - No viable dags retrieved from /home/airflow/.local/lib/python3.7/site-packages/airflow/example_dags/plugins/listener_plugin.py
[2023-05-16T21:28:20.250+0000] {processor.py:178} INFO - Processing /home/airflow/.local/lib/python3.7/site-packages/airflow/example_dags/plugins/listener_plugin.py took 0.017 seconds
[2023-05-16T21:28:50.530+0000] {processor.py:156} INFO - Started process (PID=2491) to work on /home/airflow/.local/lib/python3.7/site-packages/airflow/example_dags/plugins/listener_plugin.py
[2023-05-16T21:28:50.531+0000] {processor.py:799} INFO - Processing file /home/airflow/.local/lib/python3.7/site-packages/airflow/example_dags/plugins/listener_plugin.py for tasks to queue
[2023-05-16T21:28:50.531+0000] {logging_mixin.py:149} INFO - [2023-05-16T21:28:50.531+0000] {dagbag.py:541} INFO - Filling up the DagBag from /home/airflow/.local/lib/python3.7/site-packages/airflow/example_dags/plugins/listener_plugin.py
[2023-05-16T21:28:50.533+0000] {processor.py:811} WARNING - No viable dags retrieved from /home/airflow/.local/lib/python3.7/site-packages/airflow/example_dags/plugins/listener_plugin.py
[2023-05-16T21:28:50.542+0000] {processor.py:178} INFO - Processing /home/airflow/.local/lib/python3.7/site-packages/airflow/example_dags/plugins/listener_plugin.py took 0.014 seconds
[2023-05-16T21:29:20.909+0000] {processor.py:156} INFO - Started process (PID=2549) to work on /home/airflow/.local/lib/python3.7/site-packages/airflow/example_dags/plugins/listener_plugin.py
[2023-05-16T21:29:20.910+0000] {processor.py:799} INFO - Processing file /home/airflow/.local/lib/python3.7/site-packages/airflow/example_dags/plugins/listener_plugin.py for tasks to queue
[2023-05-16T21:29:20.911+0000] {logging_mixin.py:149} INFO - [2023-05-16T21:29:20.911+0000] {dagbag.py:541} INFO - Filling up the DagBag from /home/airflow/.local/lib/python3.7/site-packages/airflow/example_dags/plugins/listener_plugin.py
[2023-05-16T21:29:20.912+0000] {processor.py:811} WARNING - No viable dags retrieved from /home/airflow/.local/lib/python3.7/site-packages/airflow/example_dags/plugins/listener_plugin.py
[2023-05-16T21:29:20.922+0000] {processor.py:178} INFO - Processing /home/airflow/.local/lib/python3.7/site-packages/airflow/example_dags/plugins/listener_plugin.py took 0.015 seconds
[2023-05-16T21:29:51.425+0000] {processor.py:156} INFO - Started process (PID=2608) to work on /home/airflow/.local/lib/python3.7/site-packages/airflow/example_dags/plugins/listener_plugin.py
[2023-05-16T21:29:51.427+0000] {processor.py:799} INFO - Processing file /home/airflow/.local/lib/python3.7/site-packages/airflow/example_dags/plugins/listener_plugin.py for tasks to queue
[2023-05-16T21:29:51.427+0000] {logging_mixin.py:149} INFO - [2023-05-16T21:29:51.427+0000] {dagbag.py:541} INFO - Filling up the DagBag from /home/airflow/.local/lib/python3.7/site-packages/airflow/example_dags/plugins/listener_plugin.py
[2023-05-16T21:29:51.431+0000] {processor.py:811} WARNING - No viable dags retrieved from /home/airflow/.local/lib/python3.7/site-packages/airflow/example_dags/plugins/listener_plugin.py
[2023-05-16T21:29:51.449+0000] {processor.py:178} INFO - Processing /home/airflow/.local/lib/python3.7/site-packages/airflow/example_dags/plugins/listener_plugin.py took 0.029 seconds
[2023-05-16T21:30:22.031+0000] {processor.py:156} INFO - Started process (PID=2667) to work on /home/airflow/.local/lib/python3.7/site-packages/airflow/example_dags/plugins/listener_plugin.py
[2023-05-16T21:30:22.031+0000] {processor.py:799} INFO - Processing file /home/airflow/.local/lib/python3.7/site-packages/airflow/example_dags/plugins/listener_plugin.py for tasks to queue
[2023-05-16T21:30:22.032+0000] {logging_mixin.py:149} INFO - [2023-05-16T21:30:22.032+0000] {dagbag.py:541} INFO - Filling up the DagBag from /home/airflow/.local/lib/python3.7/site-packages/airflow/example_dags/plugins/listener_plugin.py
[2023-05-16T21:30:22.033+0000] {processor.py:811} WARNING - No viable dags retrieved from /home/airflow/.local/lib/python3.7/site-packages/airflow/example_dags/plugins/listener_plugin.py
[2023-05-16T21:30:22.043+0000] {processor.py:178} INFO - Processing /home/airflow/.local/lib/python3.7/site-packages/airflow/example_dags/plugins/listener_plugin.py took 0.015 seconds
[2023-05-16T21:30:52.618+0000] {processor.py:156} INFO - Started process (PID=2726) to work on /home/airflow/.local/lib/python3.7/site-packages/airflow/example_dags/plugins/listener_plugin.py
[2023-05-16T21:30:52.619+0000] {processor.py:799} INFO - Processing file /home/airflow/.local/lib/python3.7/site-packages/airflow/example_dags/plugins/listener_plugin.py for tasks to queue
[2023-05-16T21:30:52.619+0000] {logging_mixin.py:149} INFO - [2023-05-16T21:30:52.619+0000] {dagbag.py:541} INFO - Filling up the DagBag from /home/airflow/.local/lib/python3.7/site-packages/airflow/example_dags/plugins/listener_plugin.py
[2023-05-16T21:30:52.621+0000] {processor.py:811} WARNING - No viable dags retrieved from /home/airflow/.local/lib/python3.7/site-packages/airflow/example_dags/plugins/listener_plugin.py
[2023-05-16T21:30:52.631+0000] {processor.py:178} INFO - Processing /home/airflow/.local/lib/python3.7/site-packages/airflow/example_dags/plugins/listener_plugin.py took 0.015 seconds
[2023-05-16T21:31:22.983+0000] {processor.py:156} INFO - Started process (PID=2786) to work on /home/airflow/.local/lib/python3.7/site-packages/airflow/example_dags/plugins/listener_plugin.py
[2023-05-16T21:31:22.984+0000] {processor.py:799} INFO - Processing file /home/airflow/.local/lib/python3.7/site-packages/airflow/example_dags/plugins/listener_plugin.py for tasks to queue
[2023-05-16T21:31:22.984+0000] {logging_mixin.py:149} INFO - [2023-05-16T21:31:22.984+0000] {dagbag.py:541} INFO - Filling up the DagBag from /home/airflow/.local/lib/python3.7/site-packages/airflow/example_dags/plugins/listener_plugin.py
[2023-05-16T21:31:22.986+0000] {processor.py:811} WARNING - No viable dags retrieved from /home/airflow/.local/lib/python3.7/site-packages/airflow/example_dags/plugins/listener_plugin.py
[2023-05-16T21:31:22.998+0000] {processor.py:178} INFO - Processing /home/airflow/.local/lib/python3.7/site-packages/airflow/example_dags/plugins/listener_plugin.py took 0.017 seconds
[2023-05-16T21:31:53.622+0000] {processor.py:156} INFO - Started process (PID=2845) to work on /home/airflow/.local/lib/python3.7/site-packages/airflow/example_dags/plugins/listener_plugin.py
[2023-05-16T21:31:53.623+0000] {processor.py:799} INFO - Processing file /home/airflow/.local/lib/python3.7/site-packages/airflow/example_dags/plugins/listener_plugin.py for tasks to queue
[2023-05-16T21:31:53.623+0000] {logging_mixin.py:149} INFO - [2023-05-16T21:31:53.623+0000] {dagbag.py:541} INFO - Filling up the DagBag from /home/airflow/.local/lib/python3.7/site-packages/airflow/example_dags/plugins/listener_plugin.py
[2023-05-16T21:31:53.625+0000] {processor.py:811} WARNING - No viable dags retrieved from /home/airflow/.local/lib/python3.7/site-packages/airflow/example_dags/plugins/listener_plugin.py
[2023-05-16T21:31:53.636+0000] {processor.py:178} INFO - Processing /home/airflow/.local/lib/python3.7/site-packages/airflow/example_dags/plugins/listener_plugin.py took 0.016 seconds
[2023-05-16T21:32:24.184+0000] {processor.py:156} INFO - Started process (PID=2904) to work on /home/airflow/.local/lib/python3.7/site-packages/airflow/example_dags/plugins/listener_plugin.py
[2023-05-16T21:32:24.185+0000] {processor.py:799} INFO - Processing file /home/airflow/.local/lib/python3.7/site-packages/airflow/example_dags/plugins/listener_plugin.py for tasks to queue
[2023-05-16T21:32:24.185+0000] {logging_mixin.py:149} INFO - [2023-05-16T21:32:24.185+0000] {dagbag.py:541} INFO - Filling up the DagBag from /home/airflow/.local/lib/python3.7/site-packages/airflow/example_dags/plugins/listener_plugin.py
[2023-05-16T21:32:24.187+0000] {processor.py:811} WARNING - No viable dags retrieved from /home/airflow/.local/lib/python3.7/site-packages/airflow/example_dags/plugins/listener_plugin.py
[2023-05-16T21:32:24.197+0000] {processor.py:178} INFO - Processing /home/airflow/.local/lib/python3.7/site-packages/airflow/example_dags/plugins/listener_plugin.py took 0.016 seconds
[2023-05-16T21:32:54.735+0000] {processor.py:156} INFO - Started process (PID=2970) to work on /home/airflow/.local/lib/python3.7/site-packages/airflow/example_dags/plugins/listener_plugin.py
[2023-05-16T21:32:54.736+0000] {processor.py:799} INFO - Processing file /home/airflow/.local/lib/python3.7/site-packages/airflow/example_dags/plugins/listener_plugin.py for tasks to queue
[2023-05-16T21:32:54.736+0000] {logging_mixin.py:149} INFO - [2023-05-16T21:32:54.736+0000] {dagbag.py:541} INFO - Filling up the DagBag from /home/airflow/.local/lib/python3.7/site-packages/airflow/example_dags/plugins/listener_plugin.py
[2023-05-16T21:32:54.738+0000] {processor.py:811} WARNING - No viable dags retrieved from /home/airflow/.local/lib/python3.7/site-packages/airflow/example_dags/plugins/listener_plugin.py
[2023-05-16T21:32:54.752+0000] {processor.py:178} INFO - Processing /home/airflow/.local/lib/python3.7/site-packages/airflow/example_dags/plugins/listener_plugin.py took 0.019 seconds
[2023-05-16T21:33:25.304+0000] {processor.py:156} INFO - Started process (PID=3029) to work on /home/airflow/.local/lib/python3.7/site-packages/airflow/example_dags/plugins/listener_plugin.py
[2023-05-16T21:33:25.305+0000] {processor.py:799} INFO - Processing file /home/airflow/.local/lib/python3.7/site-packages/airflow/example_dags/plugins/listener_plugin.py for tasks to queue
[2023-05-16T21:33:25.305+0000] {logging_mixin.py:149} INFO - [2023-05-16T21:33:25.305+0000] {dagbag.py:541} INFO - Filling up the DagBag from /home/airflow/.local/lib/python3.7/site-packages/airflow/example_dags/plugins/listener_plugin.py
[2023-05-16T21:33:25.307+0000] {processor.py:811} WARNING - No viable dags retrieved from /home/airflow/.local/lib/python3.7/site-packages/airflow/example_dags/plugins/listener_plugin.py
[2023-05-16T21:33:25.317+0000] {processor.py:178} INFO - Processing /home/airflow/.local/lib/python3.7/site-packages/airflow/example_dags/plugins/listener_plugin.py took 0.015 seconds
[2023-05-16T21:33:55.783+0000] {processor.py:156} INFO - Started process (PID=3088) to work on /home/airflow/.local/lib/python3.7/site-packages/airflow/example_dags/plugins/listener_plugin.py
[2023-05-16T21:33:55.783+0000] {processor.py:799} INFO - Processing file /home/airflow/.local/lib/python3.7/site-packages/airflow/example_dags/plugins/listener_plugin.py for tasks to queue
[2023-05-16T21:33:55.784+0000] {logging_mixin.py:149} INFO - [2023-05-16T21:33:55.784+0000] {dagbag.py:541} INFO - Filling up the DagBag from /home/airflow/.local/lib/python3.7/site-packages/airflow/example_dags/plugins/listener_plugin.py
[2023-05-16T21:33:55.786+0000] {processor.py:811} WARNING - No viable dags retrieved from /home/airflow/.local/lib/python3.7/site-packages/airflow/example_dags/plugins/listener_plugin.py
[2023-05-16T21:33:55.796+0000] {processor.py:178} INFO - Processing /home/airflow/.local/lib/python3.7/site-packages/airflow/example_dags/plugins/listener_plugin.py took 0.015 seconds
[2023-05-16T21:34:26.396+0000] {processor.py:156} INFO - Started process (PID=3147) to work on /home/airflow/.local/lib/python3.7/site-packages/airflow/example_dags/plugins/listener_plugin.py
[2023-05-16T21:34:26.397+0000] {processor.py:799} INFO - Processing file /home/airflow/.local/lib/python3.7/site-packages/airflow/example_dags/plugins/listener_plugin.py for tasks to queue
[2023-05-16T21:34:26.398+0000] {logging_mixin.py:149} INFO - [2023-05-16T21:34:26.398+0000] {dagbag.py:541} INFO - Filling up the DagBag from /home/airflow/.local/lib/python3.7/site-packages/airflow/example_dags/plugins/listener_plugin.py
[2023-05-16T21:34:26.401+0000] {processor.py:811} WARNING - No viable dags retrieved from /home/airflow/.local/lib/python3.7/site-packages/airflow/example_dags/plugins/listener_plugin.py
[2023-05-16T21:34:26.415+0000] {processor.py:178} INFO - Processing /home/airflow/.local/lib/python3.7/site-packages/airflow/example_dags/plugins/listener_plugin.py took 0.022 seconds
[2023-05-16T21:34:56.811+0000] {processor.py:156} INFO - Started process (PID=3206) to work on /home/airflow/.local/lib/python3.7/site-packages/airflow/example_dags/plugins/listener_plugin.py
[2023-05-16T21:34:56.812+0000] {processor.py:799} INFO - Processing file /home/airflow/.local/lib/python3.7/site-packages/airflow/example_dags/plugins/listener_plugin.py for tasks to queue
[2023-05-16T21:34:56.813+0000] {logging_mixin.py:149} INFO - [2023-05-16T21:34:56.812+0000] {dagbag.py:541} INFO - Filling up the DagBag from /home/airflow/.local/lib/python3.7/site-packages/airflow/example_dags/plugins/listener_plugin.py
[2023-05-16T21:34:56.814+0000] {processor.py:811} WARNING - No viable dags retrieved from /home/airflow/.local/lib/python3.7/site-packages/airflow/example_dags/plugins/listener_plugin.py
[2023-05-16T21:34:56.825+0000] {processor.py:178} INFO - Processing /home/airflow/.local/lib/python3.7/site-packages/airflow/example_dags/plugins/listener_plugin.py took 0.015 seconds
[2023-05-16T21:35:27.120+0000] {processor.py:156} INFO - Started process (PID=3265) to work on /home/airflow/.local/lib/python3.7/site-packages/airflow/example_dags/plugins/listener_plugin.py
[2023-05-16T21:35:27.120+0000] {processor.py:799} INFO - Processing file /home/airflow/.local/lib/python3.7/site-packages/airflow/example_dags/plugins/listener_plugin.py for tasks to queue
[2023-05-16T21:35:27.121+0000] {logging_mixin.py:149} INFO - [2023-05-16T21:35:27.121+0000] {dagbag.py:541} INFO - Filling up the DagBag from /home/airflow/.local/lib/python3.7/site-packages/airflow/example_dags/plugins/listener_plugin.py
[2023-05-16T21:35:27.122+0000] {processor.py:811} WARNING - No viable dags retrieved from /home/airflow/.local/lib/python3.7/site-packages/airflow/example_dags/plugins/listener_plugin.py
[2023-05-16T21:35:27.137+0000] {processor.py:178} INFO - Processing /home/airflow/.local/lib/python3.7/site-packages/airflow/example_dags/plugins/listener_plugin.py took 0.020 seconds
[2023-05-16T21:35:57.460+0000] {processor.py:156} INFO - Started process (PID=3324) to work on /home/airflow/.local/lib/python3.7/site-packages/airflow/example_dags/plugins/listener_plugin.py
[2023-05-16T21:35:57.461+0000] {processor.py:799} INFO - Processing file /home/airflow/.local/lib/python3.7/site-packages/airflow/example_dags/plugins/listener_plugin.py for tasks to queue
[2023-05-16T21:35:57.461+0000] {logging_mixin.py:149} INFO - [2023-05-16T21:35:57.461+0000] {dagbag.py:541} INFO - Filling up the DagBag from /home/airflow/.local/lib/python3.7/site-packages/airflow/example_dags/plugins/listener_plugin.py
[2023-05-16T21:35:57.463+0000] {processor.py:811} WARNING - No viable dags retrieved from /home/airflow/.local/lib/python3.7/site-packages/airflow/example_dags/plugins/listener_plugin.py
[2023-05-16T21:35:57.473+0000] {processor.py:178} INFO - Processing /home/airflow/.local/lib/python3.7/site-packages/airflow/example_dags/plugins/listener_plugin.py took 0.015 seconds
[2023-05-16T21:36:27.964+0000] {processor.py:156} INFO - Started process (PID=3383) to work on /home/airflow/.local/lib/python3.7/site-packages/airflow/example_dags/plugins/listener_plugin.py
[2023-05-16T21:36:27.974+0000] {processor.py:799} INFO - Processing file /home/airflow/.local/lib/python3.7/site-packages/airflow/example_dags/plugins/listener_plugin.py for tasks to queue
[2023-05-16T21:36:27.974+0000] {logging_mixin.py:149} INFO - [2023-05-16T21:36:27.974+0000] {dagbag.py:541} INFO - Filling up the DagBag from /home/airflow/.local/lib/python3.7/site-packages/airflow/example_dags/plugins/listener_plugin.py
[2023-05-16T21:36:27.976+0000] {processor.py:811} WARNING - No viable dags retrieved from /home/airflow/.local/lib/python3.7/site-packages/airflow/example_dags/plugins/listener_plugin.py
[2023-05-16T21:36:27.997+0000] {processor.py:178} INFO - Processing /home/airflow/.local/lib/python3.7/site-packages/airflow/example_dags/plugins/listener_plugin.py took 0.040 seconds
[2023-05-16T21:36:58.459+0000] {processor.py:156} INFO - Started process (PID=3442) to work on /home/airflow/.local/lib/python3.7/site-packages/airflow/example_dags/plugins/listener_plugin.py
[2023-05-16T21:36:58.460+0000] {processor.py:799} INFO - Processing file /home/airflow/.local/lib/python3.7/site-packages/airflow/example_dags/plugins/listener_plugin.py for tasks to queue
[2023-05-16T21:36:58.461+0000] {logging_mixin.py:149} INFO - [2023-05-16T21:36:58.460+0000] {dagbag.py:541} INFO - Filling up the DagBag from /home/airflow/.local/lib/python3.7/site-packages/airflow/example_dags/plugins/listener_plugin.py
[2023-05-16T21:36:58.464+0000] {processor.py:811} WARNING - No viable dags retrieved from /home/airflow/.local/lib/python3.7/site-packages/airflow/example_dags/plugins/listener_plugin.py
[2023-05-16T21:36:58.477+0000] {processor.py:178} INFO - Processing /home/airflow/.local/lib/python3.7/site-packages/airflow/example_dags/plugins/listener_plugin.py took 0.022 seconds
[2023-05-16T21:37:28.760+0000] {processor.py:156} INFO - Started process (PID=3501) to work on /home/airflow/.local/lib/python3.7/site-packages/airflow/example_dags/plugins/listener_plugin.py
[2023-05-16T21:37:28.761+0000] {processor.py:799} INFO - Processing file /home/airflow/.local/lib/python3.7/site-packages/airflow/example_dags/plugins/listener_plugin.py for tasks to queue
[2023-05-16T21:37:28.762+0000] {logging_mixin.py:149} INFO - [2023-05-16T21:37:28.762+0000] {dagbag.py:541} INFO - Filling up the DagBag from /home/airflow/.local/lib/python3.7/site-packages/airflow/example_dags/plugins/listener_plugin.py
[2023-05-16T21:37:28.765+0000] {processor.py:811} WARNING - No viable dags retrieved from /home/airflow/.local/lib/python3.7/site-packages/airflow/example_dags/plugins/listener_plugin.py
[2023-05-16T21:37:28.779+0000] {processor.py:178} INFO - Processing /home/airflow/.local/lib/python3.7/site-packages/airflow/example_dags/plugins/listener_plugin.py took 0.023 seconds
[2023-05-16T21:37:59.191+0000] {processor.py:156} INFO - Started process (PID=3559) to work on /home/airflow/.local/lib/python3.7/site-packages/airflow/example_dags/plugins/listener_plugin.py
[2023-05-16T21:37:59.192+0000] {processor.py:799} INFO - Processing file /home/airflow/.local/lib/python3.7/site-packages/airflow/example_dags/plugins/listener_plugin.py for tasks to queue
[2023-05-16T21:37:59.192+0000] {logging_mixin.py:149} INFO - [2023-05-16T21:37:59.192+0000] {dagbag.py:541} INFO - Filling up the DagBag from /home/airflow/.local/lib/python3.7/site-packages/airflow/example_dags/plugins/listener_plugin.py
[2023-05-16T21:37:59.195+0000] {processor.py:811} WARNING - No viable dags retrieved from /home/airflow/.local/lib/python3.7/site-packages/airflow/example_dags/plugins/listener_plugin.py
[2023-05-16T21:37:59.210+0000] {processor.py:178} INFO - Processing /home/airflow/.local/lib/python3.7/site-packages/airflow/example_dags/plugins/listener_plugin.py took 0.023 seconds
[2023-05-16T21:38:29.714+0000] {processor.py:156} INFO - Started process (PID=3618) to work on /home/airflow/.local/lib/python3.7/site-packages/airflow/example_dags/plugins/listener_plugin.py
[2023-05-16T21:38:29.715+0000] {processor.py:799} INFO - Processing file /home/airflow/.local/lib/python3.7/site-packages/airflow/example_dags/plugins/listener_plugin.py for tasks to queue
[2023-05-16T21:38:29.715+0000] {logging_mixin.py:149} INFO - [2023-05-16T21:38:29.715+0000] {dagbag.py:541} INFO - Filling up the DagBag from /home/airflow/.local/lib/python3.7/site-packages/airflow/example_dags/plugins/listener_plugin.py
[2023-05-16T21:38:29.718+0000] {processor.py:811} WARNING - No viable dags retrieved from /home/airflow/.local/lib/python3.7/site-packages/airflow/example_dags/plugins/listener_plugin.py
[2023-05-16T21:38:29.737+0000] {processor.py:178} INFO - Processing /home/airflow/.local/lib/python3.7/site-packages/airflow/example_dags/plugins/listener_plugin.py took 0.027 seconds
[2023-05-16T21:39:00.276+0000] {processor.py:156} INFO - Started process (PID=3677) to work on /home/airflow/.local/lib/python3.7/site-packages/airflow/example_dags/plugins/listener_plugin.py
[2023-05-16T21:39:00.277+0000] {processor.py:799} INFO - Processing file /home/airflow/.local/lib/python3.7/site-packages/airflow/example_dags/plugins/listener_plugin.py for tasks to queue
[2023-05-16T21:39:00.277+0000] {logging_mixin.py:149} INFO - [2023-05-16T21:39:00.277+0000] {dagbag.py:541} INFO - Filling up the DagBag from /home/airflow/.local/lib/python3.7/site-packages/airflow/example_dags/plugins/listener_plugin.py
[2023-05-16T21:39:00.278+0000] {processor.py:811} WARNING - No viable dags retrieved from /home/airflow/.local/lib/python3.7/site-packages/airflow/example_dags/plugins/listener_plugin.py
[2023-05-16T21:39:00.288+0000] {processor.py:178} INFO - Processing /home/airflow/.local/lib/python3.7/site-packages/airflow/example_dags/plugins/listener_plugin.py took 0.014 seconds
[2023-05-16T21:39:30.649+0000] {processor.py:156} INFO - Started process (PID=3737) to work on /home/airflow/.local/lib/python3.7/site-packages/airflow/example_dags/plugins/listener_plugin.py
[2023-05-16T21:39:30.650+0000] {processor.py:799} INFO - Processing file /home/airflow/.local/lib/python3.7/site-packages/airflow/example_dags/plugins/listener_plugin.py for tasks to queue
[2023-05-16T21:39:30.650+0000] {logging_mixin.py:149} INFO - [2023-05-16T21:39:30.650+0000] {dagbag.py:541} INFO - Filling up the DagBag from /home/airflow/.local/lib/python3.7/site-packages/airflow/example_dags/plugins/listener_plugin.py
[2023-05-16T21:39:30.652+0000] {processor.py:811} WARNING - No viable dags retrieved from /home/airflow/.local/lib/python3.7/site-packages/airflow/example_dags/plugins/listener_plugin.py
[2023-05-16T21:39:30.662+0000] {processor.py:178} INFO - Processing /home/airflow/.local/lib/python3.7/site-packages/airflow/example_dags/plugins/listener_plugin.py took 0.015 seconds
[2023-05-16T21:40:01.169+0000] {processor.py:156} INFO - Started process (PID=3797) to work on /home/airflow/.local/lib/python3.7/site-packages/airflow/example_dags/plugins/listener_plugin.py
[2023-05-16T21:40:01.170+0000] {processor.py:799} INFO - Processing file /home/airflow/.local/lib/python3.7/site-packages/airflow/example_dags/plugins/listener_plugin.py for tasks to queue
[2023-05-16T21:40:01.170+0000] {logging_mixin.py:149} INFO - [2023-05-16T21:40:01.170+0000] {dagbag.py:541} INFO - Filling up the DagBag from /home/airflow/.local/lib/python3.7/site-packages/airflow/example_dags/plugins/listener_plugin.py
[2023-05-16T21:40:01.172+0000] {processor.py:811} WARNING - No viable dags retrieved from /home/airflow/.local/lib/python3.7/site-packages/airflow/example_dags/plugins/listener_plugin.py
[2023-05-16T21:40:01.183+0000] {processor.py:178} INFO - Processing /home/airflow/.local/lib/python3.7/site-packages/airflow/example_dags/plugins/listener_plugin.py took 0.016 seconds
[2023-05-16T21:40:31.713+0000] {processor.py:156} INFO - Started process (PID=3857) to work on /home/airflow/.local/lib/python3.7/site-packages/airflow/example_dags/plugins/listener_plugin.py
[2023-05-16T21:40:31.714+0000] {processor.py:799} INFO - Processing file /home/airflow/.local/lib/python3.7/site-packages/airflow/example_dags/plugins/listener_plugin.py for tasks to queue
[2023-05-16T21:40:31.714+0000] {logging_mixin.py:149} INFO - [2023-05-16T21:40:31.714+0000] {dagbag.py:541} INFO - Filling up the DagBag from /home/airflow/.local/lib/python3.7/site-packages/airflow/example_dags/plugins/listener_plugin.py
[2023-05-16T21:40:31.716+0000] {processor.py:811} WARNING - No viable dags retrieved from /home/airflow/.local/lib/python3.7/site-packages/airflow/example_dags/plugins/listener_plugin.py
[2023-05-16T21:40:31.728+0000] {processor.py:178} INFO - Processing /home/airflow/.local/lib/python3.7/site-packages/airflow/example_dags/plugins/listener_plugin.py took 0.017 seconds
[2023-05-16T21:41:02.069+0000] {processor.py:156} INFO - Started process (PID=3916) to work on /home/airflow/.local/lib/python3.7/site-packages/airflow/example_dags/plugins/listener_plugin.py
[2023-05-16T21:41:02.069+0000] {processor.py:799} INFO - Processing file /home/airflow/.local/lib/python3.7/site-packages/airflow/example_dags/plugins/listener_plugin.py for tasks to queue
[2023-05-16T21:41:02.070+0000] {logging_mixin.py:149} INFO - [2023-05-16T21:41:02.070+0000] {dagbag.py:541} INFO - Filling up the DagBag from /home/airflow/.local/lib/python3.7/site-packages/airflow/example_dags/plugins/listener_plugin.py
[2023-05-16T21:41:02.071+0000] {processor.py:811} WARNING - No viable dags retrieved from /home/airflow/.local/lib/python3.7/site-packages/airflow/example_dags/plugins/listener_plugin.py
[2023-05-16T21:41:02.082+0000] {processor.py:178} INFO - Processing /home/airflow/.local/lib/python3.7/site-packages/airflow/example_dags/plugins/listener_plugin.py took 0.016 seconds
[2023-05-16T21:41:32.461+0000] {processor.py:156} INFO - Started process (PID=3975) to work on /home/airflow/.local/lib/python3.7/site-packages/airflow/example_dags/plugins/listener_plugin.py
[2023-05-16T21:41:32.462+0000] {processor.py:799} INFO - Processing file /home/airflow/.local/lib/python3.7/site-packages/airflow/example_dags/plugins/listener_plugin.py for tasks to queue
[2023-05-16T21:41:32.463+0000] {logging_mixin.py:149} INFO - [2023-05-16T21:41:32.463+0000] {dagbag.py:541} INFO - Filling up the DagBag from /home/airflow/.local/lib/python3.7/site-packages/airflow/example_dags/plugins/listener_plugin.py
[2023-05-16T21:41:32.466+0000] {processor.py:811} WARNING - No viable dags retrieved from /home/airflow/.local/lib/python3.7/site-packages/airflow/example_dags/plugins/listener_plugin.py
[2023-05-16T21:41:32.482+0000] {processor.py:178} INFO - Processing /home/airflow/.local/lib/python3.7/site-packages/airflow/example_dags/plugins/listener_plugin.py took 0.024 seconds
[2023-05-16T21:42:03.042+0000] {processor.py:156} INFO - Started process (PID=4034) to work on /home/airflow/.local/lib/python3.7/site-packages/airflow/example_dags/plugins/listener_plugin.py
[2023-05-16T21:42:03.042+0000] {processor.py:799} INFO - Processing file /home/airflow/.local/lib/python3.7/site-packages/airflow/example_dags/plugins/listener_plugin.py for tasks to queue
[2023-05-16T21:42:03.043+0000] {logging_mixin.py:149} INFO - [2023-05-16T21:42:03.043+0000] {dagbag.py:541} INFO - Filling up the DagBag from /home/airflow/.local/lib/python3.7/site-packages/airflow/example_dags/plugins/listener_plugin.py
[2023-05-16T21:42:03.044+0000] {processor.py:811} WARNING - No viable dags retrieved from /home/airflow/.local/lib/python3.7/site-packages/airflow/example_dags/plugins/listener_plugin.py
[2023-05-16T21:42:03.055+0000] {processor.py:178} INFO - Processing /home/airflow/.local/lib/python3.7/site-packages/airflow/example_dags/plugins/listener_plugin.py took 0.015 seconds
[2023-05-16T21:42:33.555+0000] {processor.py:156} INFO - Started process (PID=4093) to work on /home/airflow/.local/lib/python3.7/site-packages/airflow/example_dags/plugins/listener_plugin.py
[2023-05-16T21:42:33.556+0000] {processor.py:799} INFO - Processing file /home/airflow/.local/lib/python3.7/site-packages/airflow/example_dags/plugins/listener_plugin.py for tasks to queue
[2023-05-16T21:42:33.557+0000] {logging_mixin.py:149} INFO - [2023-05-16T21:42:33.556+0000] {dagbag.py:541} INFO - Filling up the DagBag from /home/airflow/.local/lib/python3.7/site-packages/airflow/example_dags/plugins/listener_plugin.py
[2023-05-16T21:42:33.558+0000] {processor.py:811} WARNING - No viable dags retrieved from /home/airflow/.local/lib/python3.7/site-packages/airflow/example_dags/plugins/listener_plugin.py
[2023-05-16T21:42:33.573+0000] {processor.py:178} INFO - Processing /home/airflow/.local/lib/python3.7/site-packages/airflow/example_dags/plugins/listener_plugin.py took 0.019 seconds
[2023-05-16T21:43:04.142+0000] {processor.py:156} INFO - Started process (PID=4152) to work on /home/airflow/.local/lib/python3.7/site-packages/airflow/example_dags/plugins/listener_plugin.py
[2023-05-16T21:43:04.143+0000] {processor.py:799} INFO - Processing file /home/airflow/.local/lib/python3.7/site-packages/airflow/example_dags/plugins/listener_plugin.py for tasks to queue
[2023-05-16T21:43:04.144+0000] {logging_mixin.py:149} INFO - [2023-05-16T21:43:04.144+0000] {dagbag.py:541} INFO - Filling up the DagBag from /home/airflow/.local/lib/python3.7/site-packages/airflow/example_dags/plugins/listener_plugin.py
[2023-05-16T21:43:04.147+0000] {processor.py:811} WARNING - No viable dags retrieved from /home/airflow/.local/lib/python3.7/site-packages/airflow/example_dags/plugins/listener_plugin.py
[2023-05-16T21:43:04.164+0000] {processor.py:178} INFO - Processing /home/airflow/.local/lib/python3.7/site-packages/airflow/example_dags/plugins/listener_plugin.py took 0.027 seconds
[2023-05-16T21:43:34.638+0000] {processor.py:156} INFO - Started process (PID=4211) to work on /home/airflow/.local/lib/python3.7/site-packages/airflow/example_dags/plugins/listener_plugin.py
[2023-05-16T21:43:34.639+0000] {processor.py:799} INFO - Processing file /home/airflow/.local/lib/python3.7/site-packages/airflow/example_dags/plugins/listener_plugin.py for tasks to queue
[2023-05-16T21:43:34.639+0000] {logging_mixin.py:149} INFO - [2023-05-16T21:43:34.639+0000] {dagbag.py:541} INFO - Filling up the DagBag from /home/airflow/.local/lib/python3.7/site-packages/airflow/example_dags/plugins/listener_plugin.py
[2023-05-16T21:43:34.641+0000] {processor.py:811} WARNING - No viable dags retrieved from /home/airflow/.local/lib/python3.7/site-packages/airflow/example_dags/plugins/listener_plugin.py
[2023-05-16T21:43:34.652+0000] {processor.py:178} INFO - Processing /home/airflow/.local/lib/python3.7/site-packages/airflow/example_dags/plugins/listener_plugin.py took 0.016 seconds
[2023-05-16T21:44:05.207+0000] {processor.py:156} INFO - Started process (PID=4270) to work on /home/airflow/.local/lib/python3.7/site-packages/airflow/example_dags/plugins/listener_plugin.py
[2023-05-16T21:44:05.208+0000] {processor.py:799} INFO - Processing file /home/airflow/.local/lib/python3.7/site-packages/airflow/example_dags/plugins/listener_plugin.py for tasks to queue
[2023-05-16T21:44:05.208+0000] {logging_mixin.py:149} INFO - [2023-05-16T21:44:05.208+0000] {dagbag.py:541} INFO - Filling up the DagBag from /home/airflow/.local/lib/python3.7/site-packages/airflow/example_dags/plugins/listener_plugin.py
[2023-05-16T21:44:05.210+0000] {processor.py:811} WARNING - No viable dags retrieved from /home/airflow/.local/lib/python3.7/site-packages/airflow/example_dags/plugins/listener_plugin.py
[2023-05-16T21:44:05.220+0000] {processor.py:178} INFO - Processing /home/airflow/.local/lib/python3.7/site-packages/airflow/example_dags/plugins/listener_plugin.py took 0.015 seconds
[2023-05-16T21:44:35.825+0000] {processor.py:156} INFO - Started process (PID=4329) to work on /home/airflow/.local/lib/python3.7/site-packages/airflow/example_dags/plugins/listener_plugin.py
[2023-05-16T21:44:35.826+0000] {processor.py:799} INFO - Processing file /home/airflow/.local/lib/python3.7/site-packages/airflow/example_dags/plugins/listener_plugin.py for tasks to queue
[2023-05-16T21:44:35.826+0000] {logging_mixin.py:149} INFO - [2023-05-16T21:44:35.826+0000] {dagbag.py:541} INFO - Filling up the DagBag from /home/airflow/.local/lib/python3.7/site-packages/airflow/example_dags/plugins/listener_plugin.py
[2023-05-16T21:44:35.828+0000] {processor.py:811} WARNING - No viable dags retrieved from /home/airflow/.local/lib/python3.7/site-packages/airflow/example_dags/plugins/listener_plugin.py
[2023-05-16T21:44:35.839+0000] {processor.py:178} INFO - Processing /home/airflow/.local/lib/python3.7/site-packages/airflow/example_dags/plugins/listener_plugin.py took 0.016 seconds
[2023-05-16T21:45:06.372+0000] {processor.py:156} INFO - Started process (PID=4387) to work on /home/airflow/.local/lib/python3.7/site-packages/airflow/example_dags/plugins/listener_plugin.py
[2023-05-16T21:45:06.373+0000] {processor.py:799} INFO - Processing file /home/airflow/.local/lib/python3.7/site-packages/airflow/example_dags/plugins/listener_plugin.py for tasks to queue
[2023-05-16T21:45:06.373+0000] {logging_mixin.py:149} INFO - [2023-05-16T21:45:06.373+0000] {dagbag.py:541} INFO - Filling up the DagBag from /home/airflow/.local/lib/python3.7/site-packages/airflow/example_dags/plugins/listener_plugin.py
[2023-05-16T21:45:06.375+0000] {processor.py:811} WARNING - No viable dags retrieved from /home/airflow/.local/lib/python3.7/site-packages/airflow/example_dags/plugins/listener_plugin.py
[2023-05-16T21:45:06.385+0000] {processor.py:178} INFO - Processing /home/airflow/.local/lib/python3.7/site-packages/airflow/example_dags/plugins/listener_plugin.py took 0.015 seconds
[2023-05-16T21:45:36.947+0000] {processor.py:156} INFO - Started process (PID=4446) to work on /home/airflow/.local/lib/python3.7/site-packages/airflow/example_dags/plugins/listener_plugin.py
[2023-05-16T21:45:36.948+0000] {processor.py:799} INFO - Processing file /home/airflow/.local/lib/python3.7/site-packages/airflow/example_dags/plugins/listener_plugin.py for tasks to queue
[2023-05-16T21:45:36.948+0000] {logging_mixin.py:149} INFO - [2023-05-16T21:45:36.948+0000] {dagbag.py:541} INFO - Filling up the DagBag from /home/airflow/.local/lib/python3.7/site-packages/airflow/example_dags/plugins/listener_plugin.py
[2023-05-16T21:45:36.949+0000] {processor.py:811} WARNING - No viable dags retrieved from /home/airflow/.local/lib/python3.7/site-packages/airflow/example_dags/plugins/listener_plugin.py
[2023-05-16T21:45:36.963+0000] {processor.py:178} INFO - Processing /home/airflow/.local/lib/python3.7/site-packages/airflow/example_dags/plugins/listener_plugin.py took 0.018 seconds
[2023-05-16T21:46:07.436+0000] {processor.py:156} INFO - Started process (PID=4505) to work on /home/airflow/.local/lib/python3.7/site-packages/airflow/example_dags/plugins/listener_plugin.py
[2023-05-16T21:46:07.437+0000] {processor.py:799} INFO - Processing file /home/airflow/.local/lib/python3.7/site-packages/airflow/example_dags/plugins/listener_plugin.py for tasks to queue
[2023-05-16T21:46:07.438+0000] {logging_mixin.py:149} INFO - [2023-05-16T21:46:07.438+0000] {dagbag.py:541} INFO - Filling up the DagBag from /home/airflow/.local/lib/python3.7/site-packages/airflow/example_dags/plugins/listener_plugin.py
[2023-05-16T21:46:07.439+0000] {processor.py:811} WARNING - No viable dags retrieved from /home/airflow/.local/lib/python3.7/site-packages/airflow/example_dags/plugins/listener_plugin.py
[2023-05-16T21:46:07.451+0000] {processor.py:178} INFO - Processing /home/airflow/.local/lib/python3.7/site-packages/airflow/example_dags/plugins/listener_plugin.py took 0.017 seconds
[2023-05-16T21:46:38.173+0000] {processor.py:156} INFO - Started process (PID=4564) to work on /home/airflow/.local/lib/python3.7/site-packages/airflow/example_dags/plugins/listener_plugin.py
[2023-05-16T21:46:38.173+0000] {processor.py:799} INFO - Processing file /home/airflow/.local/lib/python3.7/site-packages/airflow/example_dags/plugins/listener_plugin.py for tasks to queue
[2023-05-16T21:46:38.174+0000] {logging_mixin.py:149} INFO - [2023-05-16T21:46:38.174+0000] {dagbag.py:541} INFO - Filling up the DagBag from /home/airflow/.local/lib/python3.7/site-packages/airflow/example_dags/plugins/listener_plugin.py
[2023-05-16T21:46:38.175+0000] {processor.py:811} WARNING - No viable dags retrieved from /home/airflow/.local/lib/python3.7/site-packages/airflow/example_dags/plugins/listener_plugin.py
[2023-05-16T21:46:38.185+0000] {processor.py:178} INFO - Processing /home/airflow/.local/lib/python3.7/site-packages/airflow/example_dags/plugins/listener_plugin.py took 0.014 seconds
[2023-05-16T21:47:08.435+0000] {processor.py:156} INFO - Started process (PID=4624) to work on /home/airflow/.local/lib/python3.7/site-packages/airflow/example_dags/plugins/listener_plugin.py
[2023-05-16T21:47:08.436+0000] {processor.py:799} INFO - Processing file /home/airflow/.local/lib/python3.7/site-packages/airflow/example_dags/plugins/listener_plugin.py for tasks to queue
[2023-05-16T21:47:08.437+0000] {logging_mixin.py:149} INFO - [2023-05-16T21:47:08.437+0000] {dagbag.py:541} INFO - Filling up the DagBag from /home/airflow/.local/lib/python3.7/site-packages/airflow/example_dags/plugins/listener_plugin.py
[2023-05-16T21:47:08.440+0000] {processor.py:811} WARNING - No viable dags retrieved from /home/airflow/.local/lib/python3.7/site-packages/airflow/example_dags/plugins/listener_plugin.py
[2023-05-16T21:47:08.462+0000] {processor.py:178} INFO - Processing /home/airflow/.local/lib/python3.7/site-packages/airflow/example_dags/plugins/listener_plugin.py took 0.032 seconds
[2023-05-16T21:47:39.554+0000] {processor.py:156} INFO - Started process (PID=4683) to work on /home/airflow/.local/lib/python3.7/site-packages/airflow/example_dags/plugins/listener_plugin.py
[2023-05-16T21:47:39.555+0000] {processor.py:799} INFO - Processing file /home/airflow/.local/lib/python3.7/site-packages/airflow/example_dags/plugins/listener_plugin.py for tasks to queue
[2023-05-16T21:47:39.556+0000] {logging_mixin.py:149} INFO - [2023-05-16T21:47:39.556+0000] {dagbag.py:541} INFO - Filling up the DagBag from /home/airflow/.local/lib/python3.7/site-packages/airflow/example_dags/plugins/listener_plugin.py
[2023-05-16T21:47:39.559+0000] {processor.py:811} WARNING - No viable dags retrieved from /home/airflow/.local/lib/python3.7/site-packages/airflow/example_dags/plugins/listener_plugin.py
[2023-05-16T21:47:39.571+0000] {processor.py:178} INFO - Processing /home/airflow/.local/lib/python3.7/site-packages/airflow/example_dags/plugins/listener_plugin.py took 0.021 seconds
[2023-05-16T21:48:09.803+0000] {processor.py:156} INFO - Started process (PID=4741) to work on /home/airflow/.local/lib/python3.7/site-packages/airflow/example_dags/plugins/listener_plugin.py
[2023-05-16T21:48:09.804+0000] {processor.py:799} INFO - Processing file /home/airflow/.local/lib/python3.7/site-packages/airflow/example_dags/plugins/listener_plugin.py for tasks to queue
[2023-05-16T21:48:09.805+0000] {logging_mixin.py:149} INFO - [2023-05-16T21:48:09.805+0000] {dagbag.py:541} INFO - Filling up the DagBag from /home/airflow/.local/lib/python3.7/site-packages/airflow/example_dags/plugins/listener_plugin.py
[2023-05-16T21:48:09.808+0000] {processor.py:811} WARNING - No viable dags retrieved from /home/airflow/.local/lib/python3.7/site-packages/airflow/example_dags/plugins/listener_plugin.py
[2023-05-16T21:48:09.822+0000] {processor.py:178} INFO - Processing /home/airflow/.local/lib/python3.7/site-packages/airflow/example_dags/plugins/listener_plugin.py took 0.023 seconds
[2023-05-16T21:48:40.847+0000] {processor.py:156} INFO - Started process (PID=4801) to work on /home/airflow/.local/lib/python3.7/site-packages/airflow/example_dags/plugins/listener_plugin.py
[2023-05-16T21:48:40.848+0000] {processor.py:799} INFO - Processing file /home/airflow/.local/lib/python3.7/site-packages/airflow/example_dags/plugins/listener_plugin.py for tasks to queue
[2023-05-16T21:48:40.849+0000] {logging_mixin.py:149} INFO - [2023-05-16T21:48:40.849+0000] {dagbag.py:541} INFO - Filling up the DagBag from /home/airflow/.local/lib/python3.7/site-packages/airflow/example_dags/plugins/listener_plugin.py
[2023-05-16T21:48:40.852+0000] {processor.py:811} WARNING - No viable dags retrieved from /home/airflow/.local/lib/python3.7/site-packages/airflow/example_dags/plugins/listener_plugin.py
[2023-05-16T21:48:40.870+0000] {processor.py:178} INFO - Processing /home/airflow/.local/lib/python3.7/site-packages/airflow/example_dags/plugins/listener_plugin.py took 0.027 seconds
[2023-05-16T21:49:11.638+0000] {processor.py:156} INFO - Started process (PID=4860) to work on /home/airflow/.local/lib/python3.7/site-packages/airflow/example_dags/plugins/listener_plugin.py
[2023-05-16T21:49:11.638+0000] {processor.py:799} INFO - Processing file /home/airflow/.local/lib/python3.7/site-packages/airflow/example_dags/plugins/listener_plugin.py for tasks to queue
[2023-05-16T21:49:11.639+0000] {logging_mixin.py:149} INFO - [2023-05-16T21:49:11.639+0000] {dagbag.py:541} INFO - Filling up the DagBag from /home/airflow/.local/lib/python3.7/site-packages/airflow/example_dags/plugins/listener_plugin.py
[2023-05-16T21:49:11.640+0000] {processor.py:811} WARNING - No viable dags retrieved from /home/airflow/.local/lib/python3.7/site-packages/airflow/example_dags/plugins/listener_plugin.py
[2023-05-16T21:49:11.654+0000] {processor.py:178} INFO - Processing /home/airflow/.local/lib/python3.7/site-packages/airflow/example_dags/plugins/listener_plugin.py took 0.018 seconds
[2023-05-16T21:49:42.749+0000] {processor.py:156} INFO - Started process (PID=4919) to work on /home/airflow/.local/lib/python3.7/site-packages/airflow/example_dags/plugins/listener_plugin.py
[2023-05-16T21:49:42.750+0000] {processor.py:799} INFO - Processing file /home/airflow/.local/lib/python3.7/site-packages/airflow/example_dags/plugins/listener_plugin.py for tasks to queue
[2023-05-16T21:49:42.750+0000] {logging_mixin.py:149} INFO - [2023-05-16T21:49:42.750+0000] {dagbag.py:541} INFO - Filling up the DagBag from /home/airflow/.local/lib/python3.7/site-packages/airflow/example_dags/plugins/listener_plugin.py
[2023-05-16T21:49:42.752+0000] {processor.py:811} WARNING - No viable dags retrieved from /home/airflow/.local/lib/python3.7/site-packages/airflow/example_dags/plugins/listener_plugin.py
[2023-05-16T21:49:42.761+0000] {processor.py:178} INFO - Processing /home/airflow/.local/lib/python3.7/site-packages/airflow/example_dags/plugins/listener_plugin.py took 0.014 seconds
[2023-05-16T21:50:13.570+0000] {processor.py:156} INFO - Started process (PID=4978) to work on /home/airflow/.local/lib/python3.7/site-packages/airflow/example_dags/plugins/listener_plugin.py
[2023-05-16T21:50:13.572+0000] {processor.py:799} INFO - Processing file /home/airflow/.local/lib/python3.7/site-packages/airflow/example_dags/plugins/listener_plugin.py for tasks to queue
[2023-05-16T21:50:13.573+0000] {logging_mixin.py:149} INFO - [2023-05-16T21:50:13.573+0000] {dagbag.py:541} INFO - Filling up the DagBag from /home/airflow/.local/lib/python3.7/site-packages/airflow/example_dags/plugins/listener_plugin.py
[2023-05-16T21:50:13.574+0000] {processor.py:811} WARNING - No viable dags retrieved from /home/airflow/.local/lib/python3.7/site-packages/airflow/example_dags/plugins/listener_plugin.py
[2023-05-16T21:50:13.584+0000] {processor.py:178} INFO - Processing /home/airflow/.local/lib/python3.7/site-packages/airflow/example_dags/plugins/listener_plugin.py took 0.018 seconds
[2023-05-16T21:50:44.090+0000] {processor.py:156} INFO - Started process (PID=5038) to work on /home/airflow/.local/lib/python3.7/site-packages/airflow/example_dags/plugins/listener_plugin.py
[2023-05-16T21:50:44.091+0000] {processor.py:799} INFO - Processing file /home/airflow/.local/lib/python3.7/site-packages/airflow/example_dags/plugins/listener_plugin.py for tasks to queue
[2023-05-16T21:50:44.091+0000] {logging_mixin.py:149} INFO - [2023-05-16T21:50:44.091+0000] {dagbag.py:541} INFO - Filling up the DagBag from /home/airflow/.local/lib/python3.7/site-packages/airflow/example_dags/plugins/listener_plugin.py
[2023-05-16T21:50:44.093+0000] {processor.py:811} WARNING - No viable dags retrieved from /home/airflow/.local/lib/python3.7/site-packages/airflow/example_dags/plugins/listener_plugin.py
[2023-05-16T21:50:44.104+0000] {processor.py:178} INFO - Processing /home/airflow/.local/lib/python3.7/site-packages/airflow/example_dags/plugins/listener_plugin.py took 0.016 seconds
[2023-05-16T21:51:14.512+0000] {processor.py:156} INFO - Started process (PID=5097) to work on /home/airflow/.local/lib/python3.7/site-packages/airflow/example_dags/plugins/listener_plugin.py
[2023-05-16T21:51:14.513+0000] {processor.py:799} INFO - Processing file /home/airflow/.local/lib/python3.7/site-packages/airflow/example_dags/plugins/listener_plugin.py for tasks to queue
[2023-05-16T21:51:14.513+0000] {logging_mixin.py:149} INFO - [2023-05-16T21:51:14.513+0000] {dagbag.py:541} INFO - Filling up the DagBag from /home/airflow/.local/lib/python3.7/site-packages/airflow/example_dags/plugins/listener_plugin.py
[2023-05-16T21:51:14.514+0000] {processor.py:811} WARNING - No viable dags retrieved from /home/airflow/.local/lib/python3.7/site-packages/airflow/example_dags/plugins/listener_plugin.py
[2023-05-16T21:51:14.524+0000] {processor.py:178} INFO - Processing /home/airflow/.local/lib/python3.7/site-packages/airflow/example_dags/plugins/listener_plugin.py took 0.014 seconds
[2023-05-16T21:51:45.003+0000] {processor.py:156} INFO - Started process (PID=5156) to work on /home/airflow/.local/lib/python3.7/site-packages/airflow/example_dags/plugins/listener_plugin.py
[2023-05-16T21:51:45.003+0000] {processor.py:799} INFO - Processing file /home/airflow/.local/lib/python3.7/site-packages/airflow/example_dags/plugins/listener_plugin.py for tasks to queue
[2023-05-16T21:51:45.004+0000] {logging_mixin.py:149} INFO - [2023-05-16T21:51:45.004+0000] {dagbag.py:541} INFO - Filling up the DagBag from /home/airflow/.local/lib/python3.7/site-packages/airflow/example_dags/plugins/listener_plugin.py
[2023-05-16T21:51:45.005+0000] {processor.py:811} WARNING - No viable dags retrieved from /home/airflow/.local/lib/python3.7/site-packages/airflow/example_dags/plugins/listener_plugin.py
[2023-05-16T21:51:45.018+0000] {processor.py:178} INFO - Processing /home/airflow/.local/lib/python3.7/site-packages/airflow/example_dags/plugins/listener_plugin.py took 0.017 seconds
[2023-05-16T21:52:15.513+0000] {processor.py:156} INFO - Started process (PID=5215) to work on /home/airflow/.local/lib/python3.7/site-packages/airflow/example_dags/plugins/listener_plugin.py
[2023-05-16T21:52:15.514+0000] {processor.py:799} INFO - Processing file /home/airflow/.local/lib/python3.7/site-packages/airflow/example_dags/plugins/listener_plugin.py for tasks to queue
[2023-05-16T21:52:15.514+0000] {logging_mixin.py:149} INFO - [2023-05-16T21:52:15.514+0000] {dagbag.py:541} INFO - Filling up the DagBag from /home/airflow/.local/lib/python3.7/site-packages/airflow/example_dags/plugins/listener_plugin.py
[2023-05-16T21:52:15.515+0000] {processor.py:811} WARNING - No viable dags retrieved from /home/airflow/.local/lib/python3.7/site-packages/airflow/example_dags/plugins/listener_plugin.py
[2023-05-16T21:52:15.525+0000] {processor.py:178} INFO - Processing /home/airflow/.local/lib/python3.7/site-packages/airflow/example_dags/plugins/listener_plugin.py took 0.014 seconds
[2023-05-16T21:52:46.028+0000] {processor.py:156} INFO - Started process (PID=5275) to work on /home/airflow/.local/lib/python3.7/site-packages/airflow/example_dags/plugins/listener_plugin.py
[2023-05-16T21:52:46.029+0000] {processor.py:799} INFO - Processing file /home/airflow/.local/lib/python3.7/site-packages/airflow/example_dags/plugins/listener_plugin.py for tasks to queue
[2023-05-16T21:52:46.030+0000] {logging_mixin.py:149} INFO - [2023-05-16T21:52:46.029+0000] {dagbag.py:541} INFO - Filling up the DagBag from /home/airflow/.local/lib/python3.7/site-packages/airflow/example_dags/plugins/listener_plugin.py
[2023-05-16T21:52:46.032+0000] {processor.py:811} WARNING - No viable dags retrieved from /home/airflow/.local/lib/python3.7/site-packages/airflow/example_dags/plugins/listener_plugin.py
[2023-05-16T21:52:46.042+0000] {processor.py:178} INFO - Processing /home/airflow/.local/lib/python3.7/site-packages/airflow/example_dags/plugins/listener_plugin.py took 0.016 seconds
[2023-05-16T21:53:16.554+0000] {processor.py:156} INFO - Started process (PID=5334) to work on /home/airflow/.local/lib/python3.7/site-packages/airflow/example_dags/plugins/listener_plugin.py
[2023-05-16T21:53:16.555+0000] {processor.py:799} INFO - Processing file /home/airflow/.local/lib/python3.7/site-packages/airflow/example_dags/plugins/listener_plugin.py for tasks to queue
[2023-05-16T21:53:16.555+0000] {logging_mixin.py:149} INFO - [2023-05-16T21:53:16.555+0000] {dagbag.py:541} INFO - Filling up the DagBag from /home/airflow/.local/lib/python3.7/site-packages/airflow/example_dags/plugins/listener_plugin.py
[2023-05-16T21:53:16.557+0000] {processor.py:811} WARNING - No viable dags retrieved from /home/airflow/.local/lib/python3.7/site-packages/airflow/example_dags/plugins/listener_plugin.py
[2023-05-16T21:53:16.567+0000] {processor.py:178} INFO - Processing /home/airflow/.local/lib/python3.7/site-packages/airflow/example_dags/plugins/listener_plugin.py took 0.015 seconds
[2023-05-16T21:53:47.012+0000] {processor.py:156} INFO - Started process (PID=5393) to work on /home/airflow/.local/lib/python3.7/site-packages/airflow/example_dags/plugins/listener_plugin.py
[2023-05-16T21:53:47.013+0000] {processor.py:799} INFO - Processing file /home/airflow/.local/lib/python3.7/site-packages/airflow/example_dags/plugins/listener_plugin.py for tasks to queue
[2023-05-16T21:53:47.013+0000] {logging_mixin.py:149} INFO - [2023-05-16T21:53:47.013+0000] {dagbag.py:541} INFO - Filling up the DagBag from /home/airflow/.local/lib/python3.7/site-packages/airflow/example_dags/plugins/listener_plugin.py
[2023-05-16T21:53:47.015+0000] {processor.py:811} WARNING - No viable dags retrieved from /home/airflow/.local/lib/python3.7/site-packages/airflow/example_dags/plugins/listener_plugin.py
[2023-05-16T21:53:47.027+0000] {processor.py:178} INFO - Processing /home/airflow/.local/lib/python3.7/site-packages/airflow/example_dags/plugins/listener_plugin.py took 0.017 seconds
[2023-05-16T21:54:17.575+0000] {processor.py:156} INFO - Started process (PID=5452) to work on /home/airflow/.local/lib/python3.7/site-packages/airflow/example_dags/plugins/listener_plugin.py
[2023-05-16T21:54:17.576+0000] {processor.py:799} INFO - Processing file /home/airflow/.local/lib/python3.7/site-packages/airflow/example_dags/plugins/listener_plugin.py for tasks to queue
[2023-05-16T21:54:17.576+0000] {logging_mixin.py:149} INFO - [2023-05-16T21:54:17.576+0000] {dagbag.py:541} INFO - Filling up the DagBag from /home/airflow/.local/lib/python3.7/site-packages/airflow/example_dags/plugins/listener_plugin.py
[2023-05-16T21:54:17.578+0000] {processor.py:811} WARNING - No viable dags retrieved from /home/airflow/.local/lib/python3.7/site-packages/airflow/example_dags/plugins/listener_plugin.py
[2023-05-16T21:54:17.589+0000] {processor.py:178} INFO - Processing /home/airflow/.local/lib/python3.7/site-packages/airflow/example_dags/plugins/listener_plugin.py took 0.016 seconds
[2023-05-16T21:54:48.098+0000] {processor.py:156} INFO - Started process (PID=5511) to work on /home/airflow/.local/lib/python3.7/site-packages/airflow/example_dags/plugins/listener_plugin.py
[2023-05-16T21:54:48.098+0000] {processor.py:799} INFO - Processing file /home/airflow/.local/lib/python3.7/site-packages/airflow/example_dags/plugins/listener_plugin.py for tasks to queue
[2023-05-16T21:54:48.099+0000] {logging_mixin.py:149} INFO - [2023-05-16T21:54:48.099+0000] {dagbag.py:541} INFO - Filling up the DagBag from /home/airflow/.local/lib/python3.7/site-packages/airflow/example_dags/plugins/listener_plugin.py
[2023-05-16T21:54:48.100+0000] {processor.py:811} WARNING - No viable dags retrieved from /home/airflow/.local/lib/python3.7/site-packages/airflow/example_dags/plugins/listener_plugin.py
[2023-05-16T21:54:48.111+0000] {processor.py:178} INFO - Processing /home/airflow/.local/lib/python3.7/site-packages/airflow/example_dags/plugins/listener_plugin.py took 0.016 seconds
[2023-05-16T21:55:18.679+0000] {processor.py:156} INFO - Started process (PID=5570) to work on /home/airflow/.local/lib/python3.7/site-packages/airflow/example_dags/plugins/listener_plugin.py
[2023-05-16T21:55:18.680+0000] {processor.py:799} INFO - Processing file /home/airflow/.local/lib/python3.7/site-packages/airflow/example_dags/plugins/listener_plugin.py for tasks to queue
[2023-05-16T21:55:18.681+0000] {logging_mixin.py:149} INFO - [2023-05-16T21:55:18.681+0000] {dagbag.py:541} INFO - Filling up the DagBag from /home/airflow/.local/lib/python3.7/site-packages/airflow/example_dags/plugins/listener_plugin.py
[2023-05-16T21:55:18.682+0000] {processor.py:811} WARNING - No viable dags retrieved from /home/airflow/.local/lib/python3.7/site-packages/airflow/example_dags/plugins/listener_plugin.py
[2023-05-16T21:55:18.694+0000] {processor.py:178} INFO - Processing /home/airflow/.local/lib/python3.7/site-packages/airflow/example_dags/plugins/listener_plugin.py took 0.017 seconds
[2023-05-16T21:55:49.020+0000] {processor.py:156} INFO - Started process (PID=5629) to work on /home/airflow/.local/lib/python3.7/site-packages/airflow/example_dags/plugins/listener_plugin.py
[2023-05-16T21:55:49.020+0000] {processor.py:799} INFO - Processing file /home/airflow/.local/lib/python3.7/site-packages/airflow/example_dags/plugins/listener_plugin.py for tasks to queue
[2023-05-16T21:55:49.021+0000] {logging_mixin.py:149} INFO - [2023-05-16T21:55:49.021+0000] {dagbag.py:541} INFO - Filling up the DagBag from /home/airflow/.local/lib/python3.7/site-packages/airflow/example_dags/plugins/listener_plugin.py
[2023-05-16T21:55:49.022+0000] {processor.py:811} WARNING - No viable dags retrieved from /home/airflow/.local/lib/python3.7/site-packages/airflow/example_dags/plugins/listener_plugin.py
[2023-05-16T21:55:49.032+0000] {processor.py:178} INFO - Processing /home/airflow/.local/lib/python3.7/site-packages/airflow/example_dags/plugins/listener_plugin.py took 0.015 seconds
[2023-05-16T21:56:19.200+0000] {processor.py:156} INFO - Started process (PID=5688) to work on /home/airflow/.local/lib/python3.7/site-packages/airflow/example_dags/plugins/listener_plugin.py
[2023-05-16T21:56:19.201+0000] {processor.py:799} INFO - Processing file /home/airflow/.local/lib/python3.7/site-packages/airflow/example_dags/plugins/listener_plugin.py for tasks to queue
[2023-05-16T21:56:19.201+0000] {logging_mixin.py:149} INFO - [2023-05-16T21:56:19.201+0000] {dagbag.py:541} INFO - Filling up the DagBag from /home/airflow/.local/lib/python3.7/site-packages/airflow/example_dags/plugins/listener_plugin.py
[2023-05-16T21:56:19.203+0000] {processor.py:811} WARNING - No viable dags retrieved from /home/airflow/.local/lib/python3.7/site-packages/airflow/example_dags/plugins/listener_plugin.py
[2023-05-16T21:56:19.215+0000] {processor.py:178} INFO - Processing /home/airflow/.local/lib/python3.7/site-packages/airflow/example_dags/plugins/listener_plugin.py took 0.017 seconds
[2023-05-16T21:56:49.613+0000] {processor.py:156} INFO - Started process (PID=5745) to work on /home/airflow/.local/lib/python3.7/site-packages/airflow/example_dags/plugins/listener_plugin.py
[2023-05-16T21:56:49.613+0000] {processor.py:799} INFO - Processing file /home/airflow/.local/lib/python3.7/site-packages/airflow/example_dags/plugins/listener_plugin.py for tasks to queue
[2023-05-16T21:56:49.613+0000] {logging_mixin.py:149} INFO - [2023-05-16T21:56:49.613+0000] {dagbag.py:541} INFO - Filling up the DagBag from /home/airflow/.local/lib/python3.7/site-packages/airflow/example_dags/plugins/listener_plugin.py
[2023-05-16T21:56:49.615+0000] {processor.py:811} WARNING - No viable dags retrieved from /home/airflow/.local/lib/python3.7/site-packages/airflow/example_dags/plugins/listener_plugin.py
[2023-05-16T21:56:49.628+0000] {processor.py:178} INFO - Processing /home/airflow/.local/lib/python3.7/site-packages/airflow/example_dags/plugins/listener_plugin.py took 0.017 seconds
[2023-05-16T21:57:20.608+0000] {processor.py:156} INFO - Started process (PID=5805) to work on /home/airflow/.local/lib/python3.7/site-packages/airflow/example_dags/plugins/listener_plugin.py
[2023-05-16T21:57:20.609+0000] {processor.py:799} INFO - Processing file /home/airflow/.local/lib/python3.7/site-packages/airflow/example_dags/plugins/listener_plugin.py for tasks to queue
[2023-05-16T21:57:20.609+0000] {logging_mixin.py:149} INFO - [2023-05-16T21:57:20.609+0000] {dagbag.py:541} INFO - Filling up the DagBag from /home/airflow/.local/lib/python3.7/site-packages/airflow/example_dags/plugins/listener_plugin.py
[2023-05-16T21:57:20.611+0000] {processor.py:811} WARNING - No viable dags retrieved from /home/airflow/.local/lib/python3.7/site-packages/airflow/example_dags/plugins/listener_plugin.py
[2023-05-16T21:57:20.626+0000] {processor.py:178} INFO - Processing /home/airflow/.local/lib/python3.7/site-packages/airflow/example_dags/plugins/listener_plugin.py took 0.022 seconds
