[2023-05-18T17:04:54.400+0000] {processor.py:156} INFO - Started process (PID=29062) to work on /home/airflow/.local/lib/python3.7/site-packages/airflow/example_dags/example_sensor_decorator.py
[2023-05-18T17:04:54.402+0000] {processor.py:799} INFO - Processing file /home/airflow/.local/lib/python3.7/site-packages/airflow/example_dags/example_sensor_decorator.py for tasks to queue
[2023-05-18T17:04:54.403+0000] {logging_mixin.py:149} INFO - [2023-05-18T17:04:54.402+0000] {dagbag.py:541} INFO - Filling up the DagBag from /home/airflow/.local/lib/python3.7/site-packages/airflow/example_dags/example_sensor_decorator.py
[2023-05-18T17:04:54.412+0000] {processor.py:809} INFO - DAG(s) dict_keys(['example_sensor_decorator']) retrieved from /home/airflow/.local/lib/python3.7/site-packages/airflow/example_dags/example_sensor_decorator.py
[2023-05-18T17:04:54.458+0000] {logging_mixin.py:149} INFO - [2023-05-18T17:04:54.458+0000] {dag.py:2726} INFO - Sync 1 DAGs
[2023-05-18T17:04:54.516+0000] {logging_mixin.py:149} INFO - [2023-05-18T17:04:54.516+0000] {dag.py:3490} INFO - Setting next_dagrun for example_sensor_decorator to None, run_after=None
[2023-05-18T17:04:54.556+0000] {processor.py:178} INFO - Processing /home/airflow/.local/lib/python3.7/site-packages/airflow/example_dags/example_sensor_decorator.py took 0.162 seconds
[2023-05-18T17:05:37.941+0000] {processor.py:156} INFO - Started process (PID=43) to work on /home/airflow/.local/lib/python3.7/site-packages/airflow/example_dags/example_sensor_decorator.py
[2023-05-18T17:05:37.942+0000] {processor.py:799} INFO - Processing file /home/airflow/.local/lib/python3.7/site-packages/airflow/example_dags/example_sensor_decorator.py for tasks to queue
[2023-05-18T17:05:37.942+0000] {logging_mixin.py:149} INFO - [2023-05-18T17:05:37.942+0000] {dagbag.py:541} INFO - Filling up the DagBag from /home/airflow/.local/lib/python3.7/site-packages/airflow/example_dags/example_sensor_decorator.py
[2023-05-18T17:05:37.946+0000] {processor.py:809} INFO - DAG(s) dict_keys(['example_sensor_decorator']) retrieved from /home/airflow/.local/lib/python3.7/site-packages/airflow/example_dags/example_sensor_decorator.py
[2023-05-18T17:05:37.972+0000] {logging_mixin.py:149} INFO - [2023-05-18T17:05:37.972+0000] {dag.py:2726} INFO - Sync 1 DAGs
[2023-05-18T17:05:37.999+0000] {logging_mixin.py:149} INFO - [2023-05-18T17:05:37.999+0000] {dag.py:3490} INFO - Setting next_dagrun for example_sensor_decorator to None, run_after=None
[2023-05-18T17:05:38.017+0000] {processor.py:178} INFO - Processing /home/airflow/.local/lib/python3.7/site-packages/airflow/example_dags/example_sensor_decorator.py took 0.078 seconds
[2023-05-18T17:09:55.577+0000] {processor.py:156} INFO - Started process (PID=95) to work on /home/airflow/.local/lib/python3.7/site-packages/airflow/example_dags/example_sensor_decorator.py
[2023-05-18T17:09:55.578+0000] {processor.py:799} INFO - Processing file /home/airflow/.local/lib/python3.7/site-packages/airflow/example_dags/example_sensor_decorator.py for tasks to queue
[2023-05-18T17:09:55.579+0000] {logging_mixin.py:149} INFO - [2023-05-18T17:09:55.579+0000] {dagbag.py:541} INFO - Filling up the DagBag from /home/airflow/.local/lib/python3.7/site-packages/airflow/example_dags/example_sensor_decorator.py
[2023-05-18T17:09:55.587+0000] {processor.py:809} INFO - DAG(s) dict_keys(['example_sensor_decorator']) retrieved from /home/airflow/.local/lib/python3.7/site-packages/airflow/example_dags/example_sensor_decorator.py
[2023-05-18T17:09:55.621+0000] {logging_mixin.py:149} INFO - [2023-05-18T17:09:55.621+0000] {dag.py:2726} INFO - Sync 1 DAGs
[2023-05-18T17:09:55.662+0000] {logging_mixin.py:149} INFO - [2023-05-18T17:09:55.662+0000] {dag.py:3490} INFO - Setting next_dagrun for example_sensor_decorator to None, run_after=None
[2023-05-18T17:09:55.695+0000] {processor.py:178} INFO - Processing /home/airflow/.local/lib/python3.7/site-packages/airflow/example_dags/example_sensor_decorator.py took 0.122 seconds
[2023-05-18T17:13:17.215+0000] {processor.py:156} INFO - Started process (PID=43) to work on /home/airflow/.local/lib/python3.7/site-packages/airflow/example_dags/example_sensor_decorator.py
[2023-05-18T17:13:17.216+0000] {processor.py:799} INFO - Processing file /home/airflow/.local/lib/python3.7/site-packages/airflow/example_dags/example_sensor_decorator.py for tasks to queue
[2023-05-18T17:13:17.217+0000] {logging_mixin.py:149} INFO - [2023-05-18T17:13:17.217+0000] {dagbag.py:541} INFO - Filling up the DagBag from /home/airflow/.local/lib/python3.7/site-packages/airflow/example_dags/example_sensor_decorator.py
[2023-05-18T17:13:17.224+0000] {processor.py:809} INFO - DAG(s) dict_keys(['example_sensor_decorator']) retrieved from /home/airflow/.local/lib/python3.7/site-packages/airflow/example_dags/example_sensor_decorator.py
[2023-05-18T17:13:17.250+0000] {logging_mixin.py:149} INFO - [2023-05-18T17:13:17.250+0000] {dag.py:2726} INFO - Sync 1 DAGs
[2023-05-18T17:13:17.284+0000] {logging_mixin.py:149} INFO - [2023-05-18T17:13:17.283+0000] {dag.py:3490} INFO - Setting next_dagrun for example_sensor_decorator to None, run_after=None
[2023-05-18T17:13:17.309+0000] {processor.py:178} INFO - Processing /home/airflow/.local/lib/python3.7/site-packages/airflow/example_dags/example_sensor_decorator.py took 0.097 seconds
[2023-05-18T17:13:47.817+0000] {processor.py:156} INFO - Started process (PID=102) to work on /home/airflow/.local/lib/python3.7/site-packages/airflow/example_dags/example_sensor_decorator.py
[2023-05-18T17:13:47.818+0000] {processor.py:799} INFO - Processing file /home/airflow/.local/lib/python3.7/site-packages/airflow/example_dags/example_sensor_decorator.py for tasks to queue
[2023-05-18T17:13:47.818+0000] {logging_mixin.py:149} INFO - [2023-05-18T17:13:47.818+0000] {dagbag.py:541} INFO - Filling up the DagBag from /home/airflow/.local/lib/python3.7/site-packages/airflow/example_dags/example_sensor_decorator.py
[2023-05-18T17:13:47.824+0000] {processor.py:809} INFO - DAG(s) dict_keys(['example_sensor_decorator']) retrieved from /home/airflow/.local/lib/python3.7/site-packages/airflow/example_dags/example_sensor_decorator.py
[2023-05-18T17:13:47.857+0000] {logging_mixin.py:149} INFO - [2023-05-18T17:13:47.857+0000] {dag.py:2726} INFO - Sync 1 DAGs
[2023-05-18T17:13:47.894+0000] {logging_mixin.py:149} INFO - [2023-05-18T17:13:47.894+0000] {dag.py:3490} INFO - Setting next_dagrun for example_sensor_decorator to None, run_after=None
[2023-05-18T17:13:47.923+0000] {processor.py:178} INFO - Processing /home/airflow/.local/lib/python3.7/site-packages/airflow/example_dags/example_sensor_decorator.py took 0.110 seconds
