[2023-05-18T17:05:39.820+0000] {processor.py:156} INFO - Started process (PID=72) to work on /home/airflow/.local/lib/python3.7/site-packages/airflow/example_dags/example_branch_python_dop_operator_3.py
[2023-05-18T17:05:39.821+0000] {processor.py:799} INFO - Processing file /home/airflow/.local/lib/python3.7/site-packages/airflow/example_dags/example_branch_python_dop_operator_3.py for tasks to queue
[2023-05-18T17:05:39.821+0000] {logging_mixin.py:149} INFO - [2023-05-18T17:05:39.821+0000] {dagbag.py:541} INFO - Filling up the DagBag from /home/airflow/.local/lib/python3.7/site-packages/airflow/example_dags/example_branch_python_dop_operator_3.py
[2023-05-18T17:05:39.827+0000] {processor.py:809} INFO - DAG(s) dict_keys(['example_branch_dop_operator_v3']) retrieved from /home/airflow/.local/lib/python3.7/site-packages/airflow/example_dags/example_branch_python_dop_operator_3.py
[2023-05-18T17:05:39.848+0000] {logging_mixin.py:149} INFO - [2023-05-18T17:05:39.848+0000] {dag.py:2726} INFO - Sync 1 DAGs
[2023-05-18T17:05:39.877+0000] {logging_mixin.py:149} INFO - [2023-05-18T17:05:39.877+0000] {dag.py:3490} INFO - Setting next_dagrun for example_branch_dop_operator_v3 to 2023-05-18T17:04:00+00:00, run_after=2023-05-18T17:05:00+00:00
[2023-05-18T17:05:39.896+0000] {processor.py:178} INFO - Processing /home/airflow/.local/lib/python3.7/site-packages/airflow/example_dags/example_branch_python_dop_operator_3.py took 0.078 seconds
[2023-05-18T17:09:58.413+0000] {processor.py:156} INFO - Started process (PID=124) to work on /home/airflow/.local/lib/python3.7/site-packages/airflow/example_dags/example_branch_python_dop_operator_3.py
[2023-05-18T17:09:58.414+0000] {processor.py:799} INFO - Processing file /home/airflow/.local/lib/python3.7/site-packages/airflow/example_dags/example_branch_python_dop_operator_3.py for tasks to queue
[2023-05-18T17:09:58.415+0000] {logging_mixin.py:149} INFO - [2023-05-18T17:09:58.415+0000] {dagbag.py:541} INFO - Filling up the DagBag from /home/airflow/.local/lib/python3.7/site-packages/airflow/example_dags/example_branch_python_dop_operator_3.py
[2023-05-18T17:09:58.423+0000] {processor.py:809} INFO - DAG(s) dict_keys(['example_branch_dop_operator_v3']) retrieved from /home/airflow/.local/lib/python3.7/site-packages/airflow/example_dags/example_branch_python_dop_operator_3.py
[2023-05-18T17:09:58.459+0000] {logging_mixin.py:149} INFO - [2023-05-18T17:09:58.459+0000] {dag.py:2726} INFO - Sync 1 DAGs
[2023-05-18T17:09:58.501+0000] {logging_mixin.py:149} INFO - [2023-05-18T17:09:58.500+0000] {dag.py:3490} INFO - Setting next_dagrun for example_branch_dop_operator_v3 to 2023-05-18T17:08:00+00:00, run_after=2023-05-18T17:09:00+00:00
[2023-05-18T17:09:58.527+0000] {processor.py:178} INFO - Processing /home/airflow/.local/lib/python3.7/site-packages/airflow/example_dags/example_branch_python_dop_operator_3.py took 0.116 seconds
[2023-05-18T17:13:19.433+0000] {processor.py:156} INFO - Started process (PID=72) to work on /home/airflow/.local/lib/python3.7/site-packages/airflow/example_dags/example_branch_python_dop_operator_3.py
[2023-05-18T17:13:19.433+0000] {processor.py:799} INFO - Processing file /home/airflow/.local/lib/python3.7/site-packages/airflow/example_dags/example_branch_python_dop_operator_3.py for tasks to queue
[2023-05-18T17:13:19.434+0000] {logging_mixin.py:149} INFO - [2023-05-18T17:13:19.434+0000] {dagbag.py:541} INFO - Filling up the DagBag from /home/airflow/.local/lib/python3.7/site-packages/airflow/example_dags/example_branch_python_dop_operator_3.py
[2023-05-18T17:13:19.440+0000] {processor.py:809} INFO - DAG(s) dict_keys(['example_branch_dop_operator_v3']) retrieved from /home/airflow/.local/lib/python3.7/site-packages/airflow/example_dags/example_branch_python_dop_operator_3.py
[2023-05-18T17:13:19.468+0000] {logging_mixin.py:149} INFO - [2023-05-18T17:13:19.468+0000] {dag.py:2726} INFO - Sync 1 DAGs
[2023-05-18T17:13:19.508+0000] {logging_mixin.py:149} INFO - [2023-05-18T17:13:19.508+0000] {dag.py:3490} INFO - Setting next_dagrun for example_branch_dop_operator_v3 to 2023-05-18T17:12:00+00:00, run_after=2023-05-18T17:13:00+00:00
[2023-05-18T17:13:19.549+0000] {processor.py:178} INFO - Processing /home/airflow/.local/lib/python3.7/site-packages/airflow/example_dags/example_branch_python_dop_operator_3.py took 0.118 seconds
[2023-05-18T17:13:50.512+0000] {processor.py:156} INFO - Started process (PID=131) to work on /home/airflow/.local/lib/python3.7/site-packages/airflow/example_dags/example_branch_python_dop_operator_3.py
[2023-05-18T17:13:50.513+0000] {processor.py:799} INFO - Processing file /home/airflow/.local/lib/python3.7/site-packages/airflow/example_dags/example_branch_python_dop_operator_3.py for tasks to queue
[2023-05-18T17:13:50.514+0000] {logging_mixin.py:149} INFO - [2023-05-18T17:13:50.514+0000] {dagbag.py:541} INFO - Filling up the DagBag from /home/airflow/.local/lib/python3.7/site-packages/airflow/example_dags/example_branch_python_dop_operator_3.py
[2023-05-18T17:13:50.527+0000] {processor.py:809} INFO - DAG(s) dict_keys(['example_branch_dop_operator_v3']) retrieved from /home/airflow/.local/lib/python3.7/site-packages/airflow/example_dags/example_branch_python_dop_operator_3.py
[2023-05-18T17:13:50.559+0000] {logging_mixin.py:149} INFO - [2023-05-18T17:13:50.559+0000] {dag.py:2726} INFO - Sync 1 DAGs
[2023-05-18T17:13:50.600+0000] {logging_mixin.py:149} INFO - [2023-05-18T17:13:50.600+0000] {dag.py:3490} INFO - Setting next_dagrun for example_branch_dop_operator_v3 to 2023-05-18T17:12:00+00:00, run_after=2023-05-18T17:13:00+00:00
[2023-05-18T17:13:50.625+0000] {processor.py:178} INFO - Processing /home/airflow/.local/lib/python3.7/site-packages/airflow/example_dags/example_branch_python_dop_operator_3.py took 0.118 seconds
