[2023-05-18T17:04:56.991+0000] {processor.py:156} INFO - Started process (PID=29077) to work on /home/airflow/.local/lib/python3.7/site-packages/airflow/example_dags/example_skip_dag.py
[2023-05-18T17:04:56.992+0000] {processor.py:799} INFO - Processing file /home/airflow/.local/lib/python3.7/site-packages/airflow/example_dags/example_skip_dag.py for tasks to queue
[2023-05-18T17:04:56.993+0000] {logging_mixin.py:149} INFO - [2023-05-18T17:04:56.993+0000] {dagbag.py:541} INFO - Filling up the DagBag from /home/airflow/.local/lib/python3.7/site-packages/airflow/example_dags/example_skip_dag.py
[2023-05-18T17:04:57.007+0000] {processor.py:809} INFO - DAG(s) dict_keys(['example_skip_dag']) retrieved from /home/airflow/.local/lib/python3.7/site-packages/airflow/example_dags/example_skip_dag.py
[2023-05-18T17:04:57.054+0000] {logging_mixin.py:149} INFO - [2023-05-18T17:04:57.054+0000] {dag.py:2726} INFO - Sync 1 DAGs
[2023-05-18T17:04:57.111+0000] {logging_mixin.py:149} INFO - [2023-05-18T17:04:57.111+0000] {dag.py:3490} INFO - Setting next_dagrun for example_skip_dag to 2023-05-17T17:04:57.111031+00:00, run_after=2023-05-18T17:04:57.111031+00:00
[2023-05-18T17:04:57.153+0000] {processor.py:178} INFO - Processing /home/airflow/.local/lib/python3.7/site-packages/airflow/example_dags/example_skip_dag.py took 0.167 seconds
[2023-05-18T17:05:39.008+0000] {processor.py:156} INFO - Started process (PID=58) to work on /home/airflow/.local/lib/python3.7/site-packages/airflow/example_dags/example_skip_dag.py
[2023-05-18T17:05:39.010+0000] {processor.py:799} INFO - Processing file /home/airflow/.local/lib/python3.7/site-packages/airflow/example_dags/example_skip_dag.py for tasks to queue
[2023-05-18T17:05:39.010+0000] {logging_mixin.py:149} INFO - [2023-05-18T17:05:39.010+0000] {dagbag.py:541} INFO - Filling up the DagBag from /home/airflow/.local/lib/python3.7/site-packages/airflow/example_dags/example_skip_dag.py
[2023-05-18T17:05:39.016+0000] {processor.py:809} INFO - DAG(s) dict_keys(['example_skip_dag']) retrieved from /home/airflow/.local/lib/python3.7/site-packages/airflow/example_dags/example_skip_dag.py
[2023-05-18T17:05:39.039+0000] {logging_mixin.py:149} INFO - [2023-05-18T17:05:39.039+0000] {dag.py:2726} INFO - Sync 1 DAGs
[2023-05-18T17:05:39.064+0000] {logging_mixin.py:149} INFO - [2023-05-18T17:05:39.064+0000] {dag.py:3490} INFO - Setting next_dagrun for example_skip_dag to 2023-05-17T17:05:39.064177+00:00, run_after=2023-05-18T17:05:39.064177+00:00
[2023-05-18T17:05:39.083+0000] {processor.py:178} INFO - Processing /home/airflow/.local/lib/python3.7/site-packages/airflow/example_dags/example_skip_dag.py took 0.076 seconds
[2023-05-18T17:09:57.232+0000] {processor.py:156} INFO - Started process (PID=110) to work on /home/airflow/.local/lib/python3.7/site-packages/airflow/example_dags/example_skip_dag.py
[2023-05-18T17:09:57.233+0000] {processor.py:799} INFO - Processing file /home/airflow/.local/lib/python3.7/site-packages/airflow/example_dags/example_skip_dag.py for tasks to queue
[2023-05-18T17:09:57.234+0000] {logging_mixin.py:149} INFO - [2023-05-18T17:09:57.234+0000] {dagbag.py:541} INFO - Filling up the DagBag from /home/airflow/.local/lib/python3.7/site-packages/airflow/example_dags/example_skip_dag.py
[2023-05-18T17:09:57.242+0000] {processor.py:809} INFO - DAG(s) dict_keys(['example_skip_dag']) retrieved from /home/airflow/.local/lib/python3.7/site-packages/airflow/example_dags/example_skip_dag.py
[2023-05-18T17:09:57.277+0000] {logging_mixin.py:149} INFO - [2023-05-18T17:09:57.277+0000] {dag.py:2726} INFO - Sync 1 DAGs
[2023-05-18T17:09:57.315+0000] {logging_mixin.py:149} INFO - [2023-05-18T17:09:57.315+0000] {dag.py:3490} INFO - Setting next_dagrun for example_skip_dag to 2023-05-17T17:09:57.315278+00:00, run_after=2023-05-18T17:09:57.315278+00:00
[2023-05-18T17:09:57.347+0000] {processor.py:178} INFO - Processing /home/airflow/.local/lib/python3.7/site-packages/airflow/example_dags/example_skip_dag.py took 0.118 seconds
[2023-05-18T17:13:18.359+0000] {processor.py:156} INFO - Started process (PID=58) to work on /home/airflow/.local/lib/python3.7/site-packages/airflow/example_dags/example_skip_dag.py
[2023-05-18T17:13:18.359+0000] {processor.py:799} INFO - Processing file /home/airflow/.local/lib/python3.7/site-packages/airflow/example_dags/example_skip_dag.py for tasks to queue
[2023-05-18T17:13:18.360+0000] {logging_mixin.py:149} INFO - [2023-05-18T17:13:18.360+0000] {dagbag.py:541} INFO - Filling up the DagBag from /home/airflow/.local/lib/python3.7/site-packages/airflow/example_dags/example_skip_dag.py
[2023-05-18T17:13:18.366+0000] {processor.py:809} INFO - DAG(s) dict_keys(['example_skip_dag']) retrieved from /home/airflow/.local/lib/python3.7/site-packages/airflow/example_dags/example_skip_dag.py
[2023-05-18T17:13:18.389+0000] {logging_mixin.py:149} INFO - [2023-05-18T17:13:18.389+0000] {dag.py:2726} INFO - Sync 1 DAGs
[2023-05-18T17:13:18.415+0000] {logging_mixin.py:149} INFO - [2023-05-18T17:13:18.415+0000] {dag.py:3490} INFO - Setting next_dagrun for example_skip_dag to 2023-05-17T17:13:18.415083+00:00, run_after=2023-05-18T17:13:18.415083+00:00
[2023-05-18T17:13:18.435+0000] {processor.py:178} INFO - Processing /home/airflow/.local/lib/python3.7/site-packages/airflow/example_dags/example_skip_dag.py took 0.079 seconds
[2023-05-18T17:13:49.158+0000] {processor.py:156} INFO - Started process (PID=117) to work on /home/airflow/.local/lib/python3.7/site-packages/airflow/example_dags/example_skip_dag.py
[2023-05-18T17:13:49.159+0000] {processor.py:799} INFO - Processing file /home/airflow/.local/lib/python3.7/site-packages/airflow/example_dags/example_skip_dag.py for tasks to queue
[2023-05-18T17:13:49.159+0000] {logging_mixin.py:149} INFO - [2023-05-18T17:13:49.159+0000] {dagbag.py:541} INFO - Filling up the DagBag from /home/airflow/.local/lib/python3.7/site-packages/airflow/example_dags/example_skip_dag.py
[2023-05-18T17:13:49.166+0000] {processor.py:809} INFO - DAG(s) dict_keys(['example_skip_dag']) retrieved from /home/airflow/.local/lib/python3.7/site-packages/airflow/example_dags/example_skip_dag.py
[2023-05-18T17:13:49.205+0000] {logging_mixin.py:149} INFO - [2023-05-18T17:13:49.205+0000] {dag.py:2726} INFO - Sync 1 DAGs
[2023-05-18T17:13:49.243+0000] {logging_mixin.py:149} INFO - [2023-05-18T17:13:49.243+0000] {dag.py:3490} INFO - Setting next_dagrun for example_skip_dag to 2023-05-17T17:13:49.242840+00:00, run_after=2023-05-18T17:13:49.242840+00:00
[2023-05-18T17:13:49.267+0000] {processor.py:178} INFO - Processing /home/airflow/.local/lib/python3.7/site-packages/airflow/example_dags/example_skip_dag.py took 0.112 seconds
