[2023-05-18T17:04:56.780+0000] {processor.py:156} INFO - Started process (PID=29075) to work on /home/airflow/.local/lib/python3.7/site-packages/airflow/example_dags/example_external_task_marker_dag.py
[2023-05-18T17:04:56.781+0000] {processor.py:799} INFO - Processing file /home/airflow/.local/lib/python3.7/site-packages/airflow/example_dags/example_external_task_marker_dag.py for tasks to queue
[2023-05-18T17:04:56.782+0000] {logging_mixin.py:149} INFO - [2023-05-18T17:04:56.782+0000] {dagbag.py:541} INFO - Filling up the DagBag from /home/airflow/.local/lib/python3.7/site-packages/airflow/example_dags/example_external_task_marker_dag.py
[2023-05-18T17:04:56.792+0000] {processor.py:809} INFO - DAG(s) dict_keys(['example_external_task_marker_child', 'example_external_task_marker_parent']) retrieved from /home/airflow/.local/lib/python3.7/site-packages/airflow/example_dags/example_external_task_marker_dag.py
[2023-05-18T17:04:56.845+0000] {logging_mixin.py:149} INFO - [2023-05-18T17:04:56.844+0000] {dag.py:2726} INFO - Sync 2 DAGs
[2023-05-18T17:04:56.900+0000] {logging_mixin.py:149} INFO - [2023-05-18T17:04:56.900+0000] {dag.py:3490} INFO - Setting next_dagrun for example_external_task_marker_child to None, run_after=None
[2023-05-18T17:04:56.909+0000] {logging_mixin.py:149} INFO - [2023-05-18T17:04:56.909+0000] {dag.py:3490} INFO - Setting next_dagrun for example_external_task_marker_parent to None, run_after=None
[2023-05-18T17:04:56.943+0000] {processor.py:178} INFO - Processing /home/airflow/.local/lib/python3.7/site-packages/airflow/example_dags/example_external_task_marker_dag.py took 0.168 seconds
[2023-05-18T17:05:38.868+0000] {processor.py:156} INFO - Started process (PID=56) to work on /home/airflow/.local/lib/python3.7/site-packages/airflow/example_dags/example_external_task_marker_dag.py
[2023-05-18T17:05:38.870+0000] {processor.py:799} INFO - Processing file /home/airflow/.local/lib/python3.7/site-packages/airflow/example_dags/example_external_task_marker_dag.py for tasks to queue
[2023-05-18T17:05:38.871+0000] {logging_mixin.py:149} INFO - [2023-05-18T17:05:38.870+0000] {dagbag.py:541} INFO - Filling up the DagBag from /home/airflow/.local/lib/python3.7/site-packages/airflow/example_dags/example_external_task_marker_dag.py
[2023-05-18T17:05:38.881+0000] {processor.py:809} INFO - DAG(s) dict_keys(['example_external_task_marker_parent', 'example_external_task_marker_child']) retrieved from /home/airflow/.local/lib/python3.7/site-packages/airflow/example_dags/example_external_task_marker_dag.py
[2023-05-18T17:05:38.930+0000] {logging_mixin.py:149} INFO - [2023-05-18T17:05:38.929+0000] {dag.py:2726} INFO - Sync 2 DAGs
[2023-05-18T17:05:38.973+0000] {logging_mixin.py:149} INFO - [2023-05-18T17:05:38.973+0000] {dag.py:3490} INFO - Setting next_dagrun for example_external_task_marker_child to None, run_after=None
[2023-05-18T17:05:38.977+0000] {logging_mixin.py:149} INFO - [2023-05-18T17:05:38.977+0000] {dag.py:3490} INFO - Setting next_dagrun for example_external_task_marker_parent to None, run_after=None
[2023-05-18T17:05:38.994+0000] {processor.py:178} INFO - Processing /home/airflow/.local/lib/python3.7/site-packages/airflow/example_dags/example_external_task_marker_dag.py took 0.130 seconds
[2023-05-18T17:09:57.087+0000] {processor.py:156} INFO - Started process (PID=108) to work on /home/airflow/.local/lib/python3.7/site-packages/airflow/example_dags/example_external_task_marker_dag.py
[2023-05-18T17:09:57.088+0000] {processor.py:799} INFO - Processing file /home/airflow/.local/lib/python3.7/site-packages/airflow/example_dags/example_external_task_marker_dag.py for tasks to queue
[2023-05-18T17:09:57.089+0000] {logging_mixin.py:149} INFO - [2023-05-18T17:09:57.089+0000] {dagbag.py:541} INFO - Filling up the DagBag from /home/airflow/.local/lib/python3.7/site-packages/airflow/example_dags/example_external_task_marker_dag.py
[2023-05-18T17:09:57.095+0000] {processor.py:809} INFO - DAG(s) dict_keys(['example_external_task_marker_parent', 'example_external_task_marker_child']) retrieved from /home/airflow/.local/lib/python3.7/site-packages/airflow/example_dags/example_external_task_marker_dag.py
[2023-05-18T17:09:57.132+0000] {logging_mixin.py:149} INFO - [2023-05-18T17:09:57.132+0000] {dag.py:2726} INFO - Sync 2 DAGs
[2023-05-18T17:09:57.172+0000] {logging_mixin.py:149} INFO - [2023-05-18T17:09:57.171+0000] {dag.py:3490} INFO - Setting next_dagrun for example_external_task_marker_child to None, run_after=None
[2023-05-18T17:09:57.178+0000] {logging_mixin.py:149} INFO - [2023-05-18T17:09:57.177+0000] {dag.py:3490} INFO - Setting next_dagrun for example_external_task_marker_parent to None, run_after=None
[2023-05-18T17:09:57.206+0000] {processor.py:178} INFO - Processing /home/airflow/.local/lib/python3.7/site-packages/airflow/example_dags/example_external_task_marker_dag.py took 0.122 seconds
[2023-05-18T17:13:18.263+0000] {processor.py:156} INFO - Started process (PID=56) to work on /home/airflow/.local/lib/python3.7/site-packages/airflow/example_dags/example_external_task_marker_dag.py
[2023-05-18T17:13:18.264+0000] {processor.py:799} INFO - Processing file /home/airflow/.local/lib/python3.7/site-packages/airflow/example_dags/example_external_task_marker_dag.py for tasks to queue
[2023-05-18T17:13:18.264+0000] {logging_mixin.py:149} INFO - [2023-05-18T17:13:18.264+0000] {dagbag.py:541} INFO - Filling up the DagBag from /home/airflow/.local/lib/python3.7/site-packages/airflow/example_dags/example_external_task_marker_dag.py
[2023-05-18T17:13:18.270+0000] {processor.py:809} INFO - DAG(s) dict_keys(['example_external_task_marker_parent', 'example_external_task_marker_child']) retrieved from /home/airflow/.local/lib/python3.7/site-packages/airflow/example_dags/example_external_task_marker_dag.py
[2023-05-18T17:13:18.294+0000] {logging_mixin.py:149} INFO - [2023-05-18T17:13:18.294+0000] {dag.py:2726} INFO - Sync 2 DAGs
[2023-05-18T17:13:18.320+0000] {logging_mixin.py:149} INFO - [2023-05-18T17:13:18.319+0000] {dag.py:3490} INFO - Setting next_dagrun for example_external_task_marker_child to None, run_after=None
[2023-05-18T17:13:18.323+0000] {logging_mixin.py:149} INFO - [2023-05-18T17:13:18.323+0000] {dag.py:3490} INFO - Setting next_dagrun for example_external_task_marker_parent to None, run_after=None
[2023-05-18T17:13:18.340+0000] {processor.py:178} INFO - Processing /home/airflow/.local/lib/python3.7/site-packages/airflow/example_dags/example_external_task_marker_dag.py took 0.080 seconds
[2023-05-18T17:13:49.035+0000] {processor.py:156} INFO - Started process (PID=115) to work on /home/airflow/.local/lib/python3.7/site-packages/airflow/example_dags/example_external_task_marker_dag.py
[2023-05-18T17:13:49.036+0000] {processor.py:799} INFO - Processing file /home/airflow/.local/lib/python3.7/site-packages/airflow/example_dags/example_external_task_marker_dag.py for tasks to queue
[2023-05-18T17:13:49.037+0000] {logging_mixin.py:149} INFO - [2023-05-18T17:13:49.037+0000] {dagbag.py:541} INFO - Filling up the DagBag from /home/airflow/.local/lib/python3.7/site-packages/airflow/example_dags/example_external_task_marker_dag.py
[2023-05-18T17:13:49.042+0000] {processor.py:809} INFO - DAG(s) dict_keys(['example_external_task_marker_parent', 'example_external_task_marker_child']) retrieved from /home/airflow/.local/lib/python3.7/site-packages/airflow/example_dags/example_external_task_marker_dag.py
[2023-05-18T17:13:49.074+0000] {logging_mixin.py:149} INFO - [2023-05-18T17:13:49.073+0000] {dag.py:2726} INFO - Sync 2 DAGs
[2023-05-18T17:13:49.109+0000] {logging_mixin.py:149} INFO - [2023-05-18T17:13:49.109+0000] {dag.py:3490} INFO - Setting next_dagrun for example_external_task_marker_child to None, run_after=None
[2023-05-18T17:13:49.114+0000] {logging_mixin.py:149} INFO - [2023-05-18T17:13:49.114+0000] {dag.py:3490} INFO - Setting next_dagrun for example_external_task_marker_parent to None, run_after=None
[2023-05-18T17:13:49.135+0000] {processor.py:178} INFO - Processing /home/airflow/.local/lib/python3.7/site-packages/airflow/example_dags/example_external_task_marker_dag.py took 0.102 seconds
