[2023-05-18T17:05:39.709+0000] {processor.py:156} INFO - Started process (PID=70) to work on /home/airflow/.local/lib/python3.7/site-packages/airflow/example_dags/example_branch_labels.py
[2023-05-18T17:05:39.710+0000] {processor.py:799} INFO - Processing file /home/airflow/.local/lib/python3.7/site-packages/airflow/example_dags/example_branch_labels.py for tasks to queue
[2023-05-18T17:05:39.710+0000] {logging_mixin.py:149} INFO - [2023-05-18T17:05:39.710+0000] {dagbag.py:541} INFO - Filling up the DagBag from /home/airflow/.local/lib/python3.7/site-packages/airflow/example_dags/example_branch_labels.py
[2023-05-18T17:05:39.716+0000] {processor.py:809} INFO - DAG(s) dict_keys(['example_branch_labels']) retrieved from /home/airflow/.local/lib/python3.7/site-packages/airflow/example_dags/example_branch_labels.py
[2023-05-18T17:05:39.737+0000] {logging_mixin.py:149} INFO - [2023-05-18T17:05:39.736+0000] {dag.py:2726} INFO - Sync 1 DAGs
[2023-05-18T17:05:39.761+0000] {logging_mixin.py:149} INFO - [2023-05-18T17:05:39.761+0000] {dag.py:3490} INFO - Setting next_dagrun for example_branch_labels to 2023-05-17T00:00:00+00:00, run_after=2023-05-18T00:00:00+00:00
[2023-05-18T17:05:39.779+0000] {processor.py:178} INFO - Processing /home/airflow/.local/lib/python3.7/site-packages/airflow/example_dags/example_branch_labels.py took 0.071 seconds
[2023-05-18T17:09:58.297+0000] {processor.py:156} INFO - Started process (PID=122) to work on /home/airflow/.local/lib/python3.7/site-packages/airflow/example_dags/example_branch_labels.py
[2023-05-18T17:09:58.298+0000] {processor.py:799} INFO - Processing file /home/airflow/.local/lib/python3.7/site-packages/airflow/example_dags/example_branch_labels.py for tasks to queue
[2023-05-18T17:09:58.299+0000] {logging_mixin.py:149} INFO - [2023-05-18T17:09:58.298+0000] {dagbag.py:541} INFO - Filling up the DagBag from /home/airflow/.local/lib/python3.7/site-packages/airflow/example_dags/example_branch_labels.py
[2023-05-18T17:09:58.306+0000] {processor.py:809} INFO - DAG(s) dict_keys(['example_branch_labels']) retrieved from /home/airflow/.local/lib/python3.7/site-packages/airflow/example_dags/example_branch_labels.py
[2023-05-18T17:09:58.335+0000] {logging_mixin.py:149} INFO - [2023-05-18T17:09:58.335+0000] {dag.py:2726} INFO - Sync 1 DAGs
[2023-05-18T17:09:58.370+0000] {logging_mixin.py:149} INFO - [2023-05-18T17:09:58.370+0000] {dag.py:3490} INFO - Setting next_dagrun for example_branch_labels to 2023-05-17T00:00:00+00:00, run_after=2023-05-18T00:00:00+00:00
[2023-05-18T17:09:58.393+0000] {processor.py:178} INFO - Processing /home/airflow/.local/lib/python3.7/site-packages/airflow/example_dags/example_branch_labels.py took 0.099 seconds
[2023-05-18T17:13:19.342+0000] {processor.py:156} INFO - Started process (PID=70) to work on /home/airflow/.local/lib/python3.7/site-packages/airflow/example_dags/example_branch_labels.py
[2023-05-18T17:13:19.343+0000] {processor.py:799} INFO - Processing file /home/airflow/.local/lib/python3.7/site-packages/airflow/example_dags/example_branch_labels.py for tasks to queue
[2023-05-18T17:13:19.343+0000] {logging_mixin.py:149} INFO - [2023-05-18T17:13:19.343+0000] {dagbag.py:541} INFO - Filling up the DagBag from /home/airflow/.local/lib/python3.7/site-packages/airflow/example_dags/example_branch_labels.py
[2023-05-18T17:13:19.349+0000] {processor.py:809} INFO - DAG(s) dict_keys(['example_branch_labels']) retrieved from /home/airflow/.local/lib/python3.7/site-packages/airflow/example_dags/example_branch_labels.py
[2023-05-18T17:13:19.369+0000] {logging_mixin.py:149} INFO - [2023-05-18T17:13:19.369+0000] {dag.py:2726} INFO - Sync 1 DAGs
[2023-05-18T17:13:19.395+0000] {logging_mixin.py:149} INFO - [2023-05-18T17:13:19.395+0000] {dag.py:3490} INFO - Setting next_dagrun for example_branch_labels to 2023-05-17T00:00:00+00:00, run_after=2023-05-18T00:00:00+00:00
[2023-05-18T17:13:19.414+0000] {processor.py:178} INFO - Processing /home/airflow/.local/lib/python3.7/site-packages/airflow/example_dags/example_branch_labels.py took 0.074 seconds
[2023-05-18T17:13:50.390+0000] {processor.py:156} INFO - Started process (PID=129) to work on /home/airflow/.local/lib/python3.7/site-packages/airflow/example_dags/example_branch_labels.py
[2023-05-18T17:13:50.391+0000] {processor.py:799} INFO - Processing file /home/airflow/.local/lib/python3.7/site-packages/airflow/example_dags/example_branch_labels.py for tasks to queue
[2023-05-18T17:13:50.391+0000] {logging_mixin.py:149} INFO - [2023-05-18T17:13:50.391+0000] {dagbag.py:541} INFO - Filling up the DagBag from /home/airflow/.local/lib/python3.7/site-packages/airflow/example_dags/example_branch_labels.py
[2023-05-18T17:13:50.399+0000] {processor.py:809} INFO - DAG(s) dict_keys(['example_branch_labels']) retrieved from /home/airflow/.local/lib/python3.7/site-packages/airflow/example_dags/example_branch_labels.py
[2023-05-18T17:13:50.428+0000] {logging_mixin.py:149} INFO - [2023-05-18T17:13:50.427+0000] {dag.py:2726} INFO - Sync 1 DAGs
[2023-05-18T17:13:50.463+0000] {logging_mixin.py:149} INFO - [2023-05-18T17:13:50.463+0000] {dag.py:3490} INFO - Setting next_dagrun for example_branch_labels to 2023-05-17T00:00:00+00:00, run_after=2023-05-18T00:00:00+00:00
[2023-05-18T17:13:50.486+0000] {processor.py:178} INFO - Processing /home/airflow/.local/lib/python3.7/site-packages/airflow/example_dags/example_branch_labels.py took 0.099 seconds
