[2023-05-18T17:04:53.616+0000] {processor.py:156} INFO - Started process (PID=29056) to work on /home/airflow/.local/lib/python3.7/site-packages/airflow/example_dags/example_latest_only.py
[2023-05-18T17:04:53.617+0000] {processor.py:799} INFO - Processing file /home/airflow/.local/lib/python3.7/site-packages/airflow/example_dags/example_latest_only.py for tasks to queue
[2023-05-18T17:04:53.618+0000] {logging_mixin.py:149} INFO - [2023-05-18T17:04:53.618+0000] {dagbag.py:541} INFO - Filling up the DagBag from /home/airflow/.local/lib/python3.7/site-packages/airflow/example_dags/example_latest_only.py
[2023-05-18T17:04:53.628+0000] {processor.py:809} INFO - DAG(s) dict_keys(['latest_only']) retrieved from /home/airflow/.local/lib/python3.7/site-packages/airflow/example_dags/example_latest_only.py
[2023-05-18T17:04:53.699+0000] {logging_mixin.py:149} INFO - [2023-05-18T17:04:53.699+0000] {dag.py:2726} INFO - Sync 1 DAGs
[2023-05-18T17:04:53.762+0000] {logging_mixin.py:149} INFO - [2023-05-18T17:04:53.761+0000] {dag.py:3490} INFO - Setting next_dagrun for latest_only to 2023-05-18T13:04:53.761338+00:00, run_after=2023-05-18T17:04:53.761338+00:00
[2023-05-18T17:04:53.811+0000] {processor.py:178} INFO - Processing /home/airflow/.local/lib/python3.7/site-packages/airflow/example_dags/example_latest_only.py took 0.201 seconds
[2023-05-18T17:05:37.554+0000] {processor.py:156} INFO - Started process (PID=37) to work on /home/airflow/.local/lib/python3.7/site-packages/airflow/example_dags/example_latest_only.py
[2023-05-18T17:05:37.554+0000] {processor.py:799} INFO - Processing file /home/airflow/.local/lib/python3.7/site-packages/airflow/example_dags/example_latest_only.py for tasks to queue
[2023-05-18T17:05:37.555+0000] {logging_mixin.py:149} INFO - [2023-05-18T17:05:37.555+0000] {dagbag.py:541} INFO - Filling up the DagBag from /home/airflow/.local/lib/python3.7/site-packages/airflow/example_dags/example_latest_only.py
[2023-05-18T17:05:37.561+0000] {processor.py:809} INFO - DAG(s) dict_keys(['latest_only']) retrieved from /home/airflow/.local/lib/python3.7/site-packages/airflow/example_dags/example_latest_only.py
[2023-05-18T17:05:37.587+0000] {logging_mixin.py:149} INFO - [2023-05-18T17:05:37.587+0000] {dag.py:2726} INFO - Sync 1 DAGs
[2023-05-18T17:05:37.614+0000] {logging_mixin.py:149} INFO - [2023-05-18T17:05:37.614+0000] {dag.py:3490} INFO - Setting next_dagrun for latest_only to 2023-05-18T13:05:37.614358+00:00, run_after=2023-05-18T17:05:37.614358+00:00
[2023-05-18T17:05:37.636+0000] {processor.py:178} INFO - Processing /home/airflow/.local/lib/python3.7/site-packages/airflow/example_dags/example_latest_only.py took 0.084 seconds
[2023-05-18T17:09:55.047+0000] {processor.py:156} INFO - Started process (PID=89) to work on /home/airflow/.local/lib/python3.7/site-packages/airflow/example_dags/example_latest_only.py
[2023-05-18T17:09:55.048+0000] {processor.py:799} INFO - Processing file /home/airflow/.local/lib/python3.7/site-packages/airflow/example_dags/example_latest_only.py for tasks to queue
[2023-05-18T17:09:55.048+0000] {logging_mixin.py:149} INFO - [2023-05-18T17:09:55.048+0000] {dagbag.py:541} INFO - Filling up the DagBag from /home/airflow/.local/lib/python3.7/site-packages/airflow/example_dags/example_latest_only.py
[2023-05-18T17:09:55.055+0000] {processor.py:809} INFO - DAG(s) dict_keys(['latest_only']) retrieved from /home/airflow/.local/lib/python3.7/site-packages/airflow/example_dags/example_latest_only.py
[2023-05-18T17:09:55.083+0000] {logging_mixin.py:149} INFO - [2023-05-18T17:09:55.083+0000] {dag.py:2726} INFO - Sync 1 DAGs
[2023-05-18T17:09:55.123+0000] {logging_mixin.py:149} INFO - [2023-05-18T17:09:55.123+0000] {dag.py:3490} INFO - Setting next_dagrun for latest_only to 2023-05-18T13:09:55.123135+00:00, run_after=2023-05-18T17:09:55.123135+00:00
[2023-05-18T17:09:55.153+0000] {processor.py:178} INFO - Processing /home/airflow/.local/lib/python3.7/site-packages/airflow/example_dags/example_latest_only.py took 0.110 seconds
[2023-05-18T17:13:16.819+0000] {processor.py:156} INFO - Started process (PID=37) to work on /home/airflow/.local/lib/python3.7/site-packages/airflow/example_dags/example_latest_only.py
[2023-05-18T17:13:16.820+0000] {processor.py:799} INFO - Processing file /home/airflow/.local/lib/python3.7/site-packages/airflow/example_dags/example_latest_only.py for tasks to queue
[2023-05-18T17:13:16.821+0000] {logging_mixin.py:149} INFO - [2023-05-18T17:13:16.821+0000] {dagbag.py:541} INFO - Filling up the DagBag from /home/airflow/.local/lib/python3.7/site-packages/airflow/example_dags/example_latest_only.py
[2023-05-18T17:13:16.831+0000] {processor.py:809} INFO - DAG(s) dict_keys(['latest_only']) retrieved from /home/airflow/.local/lib/python3.7/site-packages/airflow/example_dags/example_latest_only.py
[2023-05-18T17:13:16.873+0000] {logging_mixin.py:149} INFO - [2023-05-18T17:13:16.873+0000] {dag.py:2726} INFO - Sync 1 DAGs
[2023-05-18T17:13:16.899+0000] {logging_mixin.py:149} INFO - [2023-05-18T17:13:16.899+0000] {dag.py:3490} INFO - Setting next_dagrun for latest_only to 2023-05-18T13:13:16.898928+00:00, run_after=2023-05-18T17:13:16.898928+00:00
[2023-05-18T17:13:16.917+0000] {processor.py:178} INFO - Processing /home/airflow/.local/lib/python3.7/site-packages/airflow/example_dags/example_latest_only.py took 0.101 seconds
[2023-05-18T17:13:47.204+0000] {processor.py:156} INFO - Started process (PID=96) to work on /home/airflow/.local/lib/python3.7/site-packages/airflow/example_dags/example_latest_only.py
[2023-05-18T17:13:47.205+0000] {processor.py:799} INFO - Processing file /home/airflow/.local/lib/python3.7/site-packages/airflow/example_dags/example_latest_only.py for tasks to queue
[2023-05-18T17:13:47.206+0000] {logging_mixin.py:149} INFO - [2023-05-18T17:13:47.206+0000] {dagbag.py:541} INFO - Filling up the DagBag from /home/airflow/.local/lib/python3.7/site-packages/airflow/example_dags/example_latest_only.py
[2023-05-18T17:13:47.214+0000] {processor.py:809} INFO - DAG(s) dict_keys(['latest_only']) retrieved from /home/airflow/.local/lib/python3.7/site-packages/airflow/example_dags/example_latest_only.py
[2023-05-18T17:13:47.248+0000] {logging_mixin.py:149} INFO - [2023-05-18T17:13:47.248+0000] {dag.py:2726} INFO - Sync 1 DAGs
[2023-05-18T17:13:47.286+0000] {logging_mixin.py:149} INFO - [2023-05-18T17:13:47.286+0000] {dag.py:3490} INFO - Setting next_dagrun for latest_only to 2023-05-18T13:13:47.285861+00:00, run_after=2023-05-18T17:13:47.285861+00:00
[2023-05-18T17:13:47.314+0000] {processor.py:178} INFO - Processing /home/airflow/.local/lib/python3.7/site-packages/airflow/example_dags/example_latest_only.py took 0.115 seconds
