[2023-05-18T17:04:54.181+0000] {processor.py:156} INFO - Started process (PID=29061) to work on /home/airflow/.local/lib/python3.7/site-packages/airflow/example_dags/example_sensors.py
[2023-05-18T17:04:54.183+0000] {processor.py:799} INFO - Processing file /home/airflow/.local/lib/python3.7/site-packages/airflow/example_dags/example_sensors.py for tasks to queue
[2023-05-18T17:04:54.184+0000] {logging_mixin.py:149} INFO - [2023-05-18T17:04:54.184+0000] {dagbag.py:541} INFO - Filling up the DagBag from /home/airflow/.local/lib/python3.7/site-packages/airflow/example_dags/example_sensors.py
[2023-05-18T17:04:54.202+0000] {processor.py:809} INFO - DAG(s) dict_keys(['example_sensors']) retrieved from /home/airflow/.local/lib/python3.7/site-packages/airflow/example_dags/example_sensors.py
[2023-05-18T17:04:54.261+0000] {logging_mixin.py:149} INFO - [2023-05-18T17:04:54.260+0000] {dag.py:2726} INFO - Sync 1 DAGs
[2023-05-18T17:04:54.323+0000] {logging_mixin.py:149} INFO - [2023-05-18T17:04:54.323+0000] {dag.py:3490} INFO - Setting next_dagrun for example_sensors to None, run_after=None
[2023-05-18T17:04:54.365+0000] {processor.py:178} INFO - Processing /home/airflow/.local/lib/python3.7/site-packages/airflow/example_dags/example_sensors.py took 0.189 seconds
[2023-05-18T17:05:37.836+0000] {processor.py:156} INFO - Started process (PID=42) to work on /home/airflow/.local/lib/python3.7/site-packages/airflow/example_dags/example_sensors.py
[2023-05-18T17:05:37.837+0000] {processor.py:799} INFO - Processing file /home/airflow/.local/lib/python3.7/site-packages/airflow/example_dags/example_sensors.py for tasks to queue
[2023-05-18T17:05:37.837+0000] {logging_mixin.py:149} INFO - [2023-05-18T17:05:37.837+0000] {dagbag.py:541} INFO - Filling up the DagBag from /home/airflow/.local/lib/python3.7/site-packages/airflow/example_dags/example_sensors.py
[2023-05-18T17:05:37.844+0000] {processor.py:809} INFO - DAG(s) dict_keys(['example_sensors']) retrieved from /home/airflow/.local/lib/python3.7/site-packages/airflow/example_dags/example_sensors.py
[2023-05-18T17:05:37.878+0000] {logging_mixin.py:149} INFO - [2023-05-18T17:05:37.877+0000] {dag.py:2726} INFO - Sync 1 DAGs
[2023-05-18T17:05:37.904+0000] {logging_mixin.py:149} INFO - [2023-05-18T17:05:37.904+0000] {dag.py:3490} INFO - Setting next_dagrun for example_sensors to None, run_after=None
[2023-05-18T17:05:37.924+0000] {processor.py:178} INFO - Processing /home/airflow/.local/lib/python3.7/site-packages/airflow/example_dags/example_sensors.py took 0.090 seconds
[2023-05-18T17:09:55.566+0000] {processor.py:156} INFO - Started process (PID=94) to work on /home/airflow/.local/lib/python3.7/site-packages/airflow/example_dags/example_sensors.py
[2023-05-18T17:09:55.568+0000] {processor.py:799} INFO - Processing file /home/airflow/.local/lib/python3.7/site-packages/airflow/example_dags/example_sensors.py for tasks to queue
[2023-05-18T17:09:55.569+0000] {logging_mixin.py:149} INFO - [2023-05-18T17:09:55.569+0000] {dagbag.py:541} INFO - Filling up the DagBag from /home/airflow/.local/lib/python3.7/site-packages/airflow/example_dags/example_sensors.py
[2023-05-18T17:09:55.584+0000] {processor.py:809} INFO - DAG(s) dict_keys(['example_sensors']) retrieved from /home/airflow/.local/lib/python3.7/site-packages/airflow/example_dags/example_sensors.py
[2023-05-18T17:09:55.625+0000] {logging_mixin.py:149} INFO - [2023-05-18T17:09:55.625+0000] {dag.py:2726} INFO - Sync 1 DAGs
[2023-05-18T17:09:55.664+0000] {logging_mixin.py:149} INFO - [2023-05-18T17:09:55.664+0000] {dag.py:3490} INFO - Setting next_dagrun for example_sensors to None, run_after=None
[2023-05-18T17:09:55.698+0000] {processor.py:178} INFO - Processing /home/airflow/.local/lib/python3.7/site-packages/airflow/example_dags/example_sensors.py took 0.137 seconds
[2023-05-18T17:13:17.209+0000] {processor.py:156} INFO - Started process (PID=42) to work on /home/airflow/.local/lib/python3.7/site-packages/airflow/example_dags/example_sensors.py
[2023-05-18T17:13:17.209+0000] {processor.py:799} INFO - Processing file /home/airflow/.local/lib/python3.7/site-packages/airflow/example_dags/example_sensors.py for tasks to queue
[2023-05-18T17:13:17.210+0000] {logging_mixin.py:149} INFO - [2023-05-18T17:13:17.210+0000] {dagbag.py:541} INFO - Filling up the DagBag from /home/airflow/.local/lib/python3.7/site-packages/airflow/example_dags/example_sensors.py
[2023-05-18T17:13:17.218+0000] {processor.py:809} INFO - DAG(s) dict_keys(['example_sensors']) retrieved from /home/airflow/.local/lib/python3.7/site-packages/airflow/example_dags/example_sensors.py
[2023-05-18T17:13:17.251+0000] {logging_mixin.py:149} INFO - [2023-05-18T17:13:17.250+0000] {dag.py:2726} INFO - Sync 1 DAGs
[2023-05-18T17:13:17.280+0000] {logging_mixin.py:149} INFO - [2023-05-18T17:13:17.280+0000] {dag.py:3490} INFO - Setting next_dagrun for example_sensors to None, run_after=None
[2023-05-18T17:13:17.301+0000] {processor.py:178} INFO - Processing /home/airflow/.local/lib/python3.7/site-packages/airflow/example_dags/example_sensors.py took 0.095 seconds
[2023-05-18T17:13:47.673+0000] {processor.py:156} INFO - Started process (PID=101) to work on /home/airflow/.local/lib/python3.7/site-packages/airflow/example_dags/example_sensors.py
[2023-05-18T17:13:47.674+0000] {processor.py:799} INFO - Processing file /home/airflow/.local/lib/python3.7/site-packages/airflow/example_dags/example_sensors.py for tasks to queue
[2023-05-18T17:13:47.675+0000] {logging_mixin.py:149} INFO - [2023-05-18T17:13:47.674+0000] {dagbag.py:541} INFO - Filling up the DagBag from /home/airflow/.local/lib/python3.7/site-packages/airflow/example_dags/example_sensors.py
[2023-05-18T17:13:47.686+0000] {processor.py:809} INFO - DAG(s) dict_keys(['example_sensors']) retrieved from /home/airflow/.local/lib/python3.7/site-packages/airflow/example_dags/example_sensors.py
[2023-05-18T17:13:47.725+0000] {logging_mixin.py:149} INFO - [2023-05-18T17:13:47.725+0000] {dag.py:2726} INFO - Sync 1 DAGs
[2023-05-18T17:13:47.762+0000] {logging_mixin.py:149} INFO - [2023-05-18T17:13:47.762+0000] {dag.py:3490} INFO - Setting next_dagrun for example_sensors to None, run_after=None
[2023-05-18T17:13:47.790+0000] {processor.py:178} INFO - Processing /home/airflow/.local/lib/python3.7/site-packages/airflow/example_dags/example_sensors.py took 0.121 seconds
