[2023-05-18T17:04:56.242+0000] {processor.py:156} INFO - Started process (PID=29071) to work on /home/airflow/.local/lib/python3.7/site-packages/airflow/example_dags/example_short_circuit_operator.py
[2023-05-18T17:04:56.243+0000] {processor.py:799} INFO - Processing file /home/airflow/.local/lib/python3.7/site-packages/airflow/example_dags/example_short_circuit_operator.py for tasks to queue
[2023-05-18T17:04:56.244+0000] {logging_mixin.py:149} INFO - [2023-05-18T17:04:56.244+0000] {dagbag.py:541} INFO - Filling up the DagBag from /home/airflow/.local/lib/python3.7/site-packages/airflow/example_dags/example_short_circuit_operator.py
[2023-05-18T17:04:56.261+0000] {processor.py:809} INFO - DAG(s) dict_keys(['example_short_circuit_operator']) retrieved from /home/airflow/.local/lib/python3.7/site-packages/airflow/example_dags/example_short_circuit_operator.py
[2023-05-18T17:04:56.318+0000] {logging_mixin.py:149} INFO - [2023-05-18T17:04:56.317+0000] {dag.py:2726} INFO - Sync 1 DAGs
[2023-05-18T17:04:56.380+0000] {logging_mixin.py:149} INFO - [2023-05-18T17:04:56.379+0000] {dag.py:3490} INFO - Setting next_dagrun for example_short_circuit_operator to 2023-05-17T17:04:56.379503+00:00, run_after=2023-05-18T17:04:56.379503+00:00
[2023-05-18T17:04:56.423+0000] {processor.py:178} INFO - Processing /home/airflow/.local/lib/python3.7/site-packages/airflow/example_dags/example_short_circuit_operator.py took 0.187 seconds
[2023-05-18T17:05:38.549+0000] {processor.py:156} INFO - Started process (PID=52) to work on /home/airflow/.local/lib/python3.7/site-packages/airflow/example_dags/example_short_circuit_operator.py
[2023-05-18T17:05:38.550+0000] {processor.py:799} INFO - Processing file /home/airflow/.local/lib/python3.7/site-packages/airflow/example_dags/example_short_circuit_operator.py for tasks to queue
[2023-05-18T17:05:38.550+0000] {logging_mixin.py:149} INFO - [2023-05-18T17:05:38.550+0000] {dagbag.py:541} INFO - Filling up the DagBag from /home/airflow/.local/lib/python3.7/site-packages/airflow/example_dags/example_short_circuit_operator.py
[2023-05-18T17:05:38.556+0000] {processor.py:809} INFO - DAG(s) dict_keys(['example_short_circuit_operator']) retrieved from /home/airflow/.local/lib/python3.7/site-packages/airflow/example_dags/example_short_circuit_operator.py
[2023-05-18T17:05:38.580+0000] {logging_mixin.py:149} INFO - [2023-05-18T17:05:38.580+0000] {dag.py:2726} INFO - Sync 1 DAGs
[2023-05-18T17:05:38.604+0000] {logging_mixin.py:149} INFO - [2023-05-18T17:05:38.604+0000] {dag.py:3490} INFO - Setting next_dagrun for example_short_circuit_operator to 2023-05-17T17:05:38.604204+00:00, run_after=2023-05-18T17:05:38.604204+00:00
[2023-05-18T17:05:38.622+0000] {processor.py:178} INFO - Processing /home/airflow/.local/lib/python3.7/site-packages/airflow/example_dags/example_short_circuit_operator.py took 0.076 seconds
[2023-05-18T17:09:56.524+0000] {processor.py:156} INFO - Started process (PID=104) to work on /home/airflow/.local/lib/python3.7/site-packages/airflow/example_dags/example_short_circuit_operator.py
[2023-05-18T17:09:56.525+0000] {processor.py:799} INFO - Processing file /home/airflow/.local/lib/python3.7/site-packages/airflow/example_dags/example_short_circuit_operator.py for tasks to queue
[2023-05-18T17:09:56.525+0000] {logging_mixin.py:149} INFO - [2023-05-18T17:09:56.525+0000] {dagbag.py:541} INFO - Filling up the DagBag from /home/airflow/.local/lib/python3.7/site-packages/airflow/example_dags/example_short_circuit_operator.py
[2023-05-18T17:09:56.534+0000] {processor.py:809} INFO - DAG(s) dict_keys(['example_short_circuit_operator']) retrieved from /home/airflow/.local/lib/python3.7/site-packages/airflow/example_dags/example_short_circuit_operator.py
[2023-05-18T17:09:56.570+0000] {logging_mixin.py:149} INFO - [2023-05-18T17:09:56.570+0000] {dag.py:2726} INFO - Sync 1 DAGs
[2023-05-18T17:09:56.607+0000] {logging_mixin.py:149} INFO - [2023-05-18T17:09:56.606+0000] {dag.py:3490} INFO - Setting next_dagrun for example_short_circuit_operator to 2023-05-17T17:09:56.606656+00:00, run_after=2023-05-18T17:09:56.606656+00:00
[2023-05-18T17:09:56.635+0000] {processor.py:178} INFO - Processing /home/airflow/.local/lib/python3.7/site-packages/airflow/example_dags/example_short_circuit_operator.py took 0.115 seconds
[2023-05-18T17:13:17.903+0000] {processor.py:156} INFO - Started process (PID=52) to work on /home/airflow/.local/lib/python3.7/site-packages/airflow/example_dags/example_short_circuit_operator.py
[2023-05-18T17:13:17.903+0000] {processor.py:799} INFO - Processing file /home/airflow/.local/lib/python3.7/site-packages/airflow/example_dags/example_short_circuit_operator.py for tasks to queue
[2023-05-18T17:13:17.904+0000] {logging_mixin.py:149} INFO - [2023-05-18T17:13:17.904+0000] {dagbag.py:541} INFO - Filling up the DagBag from /home/airflow/.local/lib/python3.7/site-packages/airflow/example_dags/example_short_circuit_operator.py
[2023-05-18T17:13:17.911+0000] {processor.py:809} INFO - DAG(s) dict_keys(['example_short_circuit_operator']) retrieved from /home/airflow/.local/lib/python3.7/site-packages/airflow/example_dags/example_short_circuit_operator.py
[2023-05-18T17:13:17.939+0000] {logging_mixin.py:149} INFO - [2023-05-18T17:13:17.939+0000] {dag.py:2726} INFO - Sync 1 DAGs
[2023-05-18T17:13:17.966+0000] {logging_mixin.py:149} INFO - [2023-05-18T17:13:17.966+0000] {dag.py:3490} INFO - Setting next_dagrun for example_short_circuit_operator to 2023-05-17T17:13:17.966467+00:00, run_after=2023-05-18T17:13:17.966467+00:00
[2023-05-18T17:13:17.988+0000] {processor.py:178} INFO - Processing /home/airflow/.local/lib/python3.7/site-packages/airflow/example_dags/example_short_circuit_operator.py took 0.087 seconds
[2023-05-18T17:13:48.532+0000] {processor.py:156} INFO - Started process (PID=111) to work on /home/airflow/.local/lib/python3.7/site-packages/airflow/example_dags/example_short_circuit_operator.py
[2023-05-18T17:13:48.533+0000] {processor.py:799} INFO - Processing file /home/airflow/.local/lib/python3.7/site-packages/airflow/example_dags/example_short_circuit_operator.py for tasks to queue
[2023-05-18T17:13:48.534+0000] {logging_mixin.py:149} INFO - [2023-05-18T17:13:48.534+0000] {dagbag.py:541} INFO - Filling up the DagBag from /home/airflow/.local/lib/python3.7/site-packages/airflow/example_dags/example_short_circuit_operator.py
[2023-05-18T17:13:48.548+0000] {processor.py:809} INFO - DAG(s) dict_keys(['example_short_circuit_operator']) retrieved from /home/airflow/.local/lib/python3.7/site-packages/airflow/example_dags/example_short_circuit_operator.py
[2023-05-18T17:13:48.579+0000] {logging_mixin.py:149} INFO - [2023-05-18T17:13:48.579+0000] {dag.py:2726} INFO - Sync 1 DAGs
[2023-05-18T17:13:48.613+0000] {logging_mixin.py:149} INFO - [2023-05-18T17:13:48.613+0000] {dag.py:3490} INFO - Setting next_dagrun for example_short_circuit_operator to 2023-05-17T17:13:48.613134+00:00, run_after=2023-05-18T17:13:48.613134+00:00
[2023-05-18T17:13:48.638+0000] {processor.py:178} INFO - Processing /home/airflow/.local/lib/python3.7/site-packages/airflow/example_dags/example_short_circuit_operator.py took 0.110 seconds
