[2023-05-18T17:04:54.608+0000] {processor.py:156} INFO - Started process (PID=29064) to work on /home/airflow/.local/lib/python3.7/site-packages/airflow/example_dags/example_params_trigger_ui.py
[2023-05-18T17:04:54.613+0000] {processor.py:799} INFO - Processing file /home/airflow/.local/lib/python3.7/site-packages/airflow/example_dags/example_params_trigger_ui.py for tasks to queue
[2023-05-18T17:04:54.616+0000] {logging_mixin.py:149} INFO - [2023-05-18T17:04:54.616+0000] {dagbag.py:541} INFO - Filling up the DagBag from /home/airflow/.local/lib/python3.7/site-packages/airflow/example_dags/example_params_trigger_ui.py
[2023-05-18T17:04:54.662+0000] {processor.py:809} INFO - DAG(s) dict_keys(['example_params_trigger_ui']) retrieved from /home/airflow/.local/lib/python3.7/site-packages/airflow/example_dags/example_params_trigger_ui.py
[2023-05-18T17:04:54.869+0000] {logging_mixin.py:149} INFO - [2023-05-18T17:04:54.869+0000] {dag.py:2726} INFO - Sync 1 DAGs
[2023-05-18T17:04:54.929+0000] {logging_mixin.py:149} INFO - [2023-05-18T17:04:54.929+0000] {dag.py:3490} INFO - Setting next_dagrun for example_params_trigger_ui to None, run_after=None
[2023-05-18T17:04:54.970+0000] {processor.py:178} INFO - Processing /home/airflow/.local/lib/python3.7/site-packages/airflow/example_dags/example_params_trigger_ui.py took 0.367 seconds
[2023-05-18T17:05:38.042+0000] {processor.py:156} INFO - Started process (PID=45) to work on /home/airflow/.local/lib/python3.7/site-packages/airflow/example_dags/example_params_trigger_ui.py
[2023-05-18T17:05:38.043+0000] {processor.py:799} INFO - Processing file /home/airflow/.local/lib/python3.7/site-packages/airflow/example_dags/example_params_trigger_ui.py for tasks to queue
[2023-05-18T17:05:38.044+0000] {logging_mixin.py:149} INFO - [2023-05-18T17:05:38.043+0000] {dagbag.py:541} INFO - Filling up the DagBag from /home/airflow/.local/lib/python3.7/site-packages/airflow/example_dags/example_params_trigger_ui.py
[2023-05-18T17:05:38.078+0000] {processor.py:809} INFO - DAG(s) dict_keys(['example_params_trigger_ui']) retrieved from /home/airflow/.local/lib/python3.7/site-packages/airflow/example_dags/example_params_trigger_ui.py
[2023-05-18T17:05:38.168+0000] {logging_mixin.py:149} INFO - [2023-05-18T17:05:38.168+0000] {dag.py:2726} INFO - Sync 1 DAGs
[2023-05-18T17:05:38.198+0000] {logging_mixin.py:149} INFO - [2023-05-18T17:05:38.198+0000] {dag.py:3490} INFO - Setting next_dagrun for example_params_trigger_ui to None, run_after=None
[2023-05-18T17:05:38.220+0000] {processor.py:178} INFO - Processing /home/airflow/.local/lib/python3.7/site-packages/airflow/example_dags/example_params_trigger_ui.py took 0.182 seconds
[2023-05-18T17:09:55.871+0000] {processor.py:156} INFO - Started process (PID=97) to work on /home/airflow/.local/lib/python3.7/site-packages/airflow/example_dags/example_params_trigger_ui.py
[2023-05-18T17:09:55.872+0000] {processor.py:799} INFO - Processing file /home/airflow/.local/lib/python3.7/site-packages/airflow/example_dags/example_params_trigger_ui.py for tasks to queue
[2023-05-18T17:09:55.873+0000] {logging_mixin.py:149} INFO - [2023-05-18T17:09:55.873+0000] {dagbag.py:541} INFO - Filling up the DagBag from /home/airflow/.local/lib/python3.7/site-packages/airflow/example_dags/example_params_trigger_ui.py
[2023-05-18T17:09:55.904+0000] {processor.py:809} INFO - DAG(s) dict_keys(['example_params_trigger_ui']) retrieved from /home/airflow/.local/lib/python3.7/site-packages/airflow/example_dags/example_params_trigger_ui.py
[2023-05-18T17:09:56.033+0000] {logging_mixin.py:149} INFO - [2023-05-18T17:09:56.032+0000] {dag.py:2726} INFO - Sync 1 DAGs
[2023-05-18T17:09:56.078+0000] {logging_mixin.py:149} INFO - [2023-05-18T17:09:56.078+0000] {dag.py:3490} INFO - Setting next_dagrun for example_params_trigger_ui to None, run_after=None
[2023-05-18T17:09:56.110+0000] {processor.py:178} INFO - Processing /home/airflow/.local/lib/python3.7/site-packages/airflow/example_dags/example_params_trigger_ui.py took 0.242 seconds
[2023-05-18T17:13:17.424+0000] {processor.py:156} INFO - Started process (PID=45) to work on /home/airflow/.local/lib/python3.7/site-packages/airflow/example_dags/example_params_trigger_ui.py
[2023-05-18T17:13:17.425+0000] {processor.py:799} INFO - Processing file /home/airflow/.local/lib/python3.7/site-packages/airflow/example_dags/example_params_trigger_ui.py for tasks to queue
[2023-05-18T17:13:17.425+0000] {logging_mixin.py:149} INFO - [2023-05-18T17:13:17.425+0000] {dagbag.py:541} INFO - Filling up the DagBag from /home/airflow/.local/lib/python3.7/site-packages/airflow/example_dags/example_params_trigger_ui.py
[2023-05-18T17:13:17.444+0000] {processor.py:809} INFO - DAG(s) dict_keys(['example_params_trigger_ui']) retrieved from /home/airflow/.local/lib/python3.7/site-packages/airflow/example_dags/example_params_trigger_ui.py
[2023-05-18T17:13:17.534+0000] {logging_mixin.py:149} INFO - [2023-05-18T17:13:17.534+0000] {dag.py:2726} INFO - Sync 1 DAGs
[2023-05-18T17:13:17.561+0000] {logging_mixin.py:149} INFO - [2023-05-18T17:13:17.561+0000] {dag.py:3490} INFO - Setting next_dagrun for example_params_trigger_ui to None, run_after=None
[2023-05-18T17:13:17.583+0000] {processor.py:178} INFO - Processing /home/airflow/.local/lib/python3.7/site-packages/airflow/example_dags/example_params_trigger_ui.py took 0.161 seconds
[2023-05-18T17:13:47.960+0000] {processor.py:156} INFO - Started process (PID=104) to work on /home/airflow/.local/lib/python3.7/site-packages/airflow/example_dags/example_params_trigger_ui.py
[2023-05-18T17:13:47.961+0000] {processor.py:799} INFO - Processing file /home/airflow/.local/lib/python3.7/site-packages/airflow/example_dags/example_params_trigger_ui.py for tasks to queue
[2023-05-18T17:13:47.962+0000] {logging_mixin.py:149} INFO - [2023-05-18T17:13:47.962+0000] {dagbag.py:541} INFO - Filling up the DagBag from /home/airflow/.local/lib/python3.7/site-packages/airflow/example_dags/example_params_trigger_ui.py
[2023-05-18T17:13:47.988+0000] {processor.py:809} INFO - DAG(s) dict_keys(['example_params_trigger_ui']) retrieved from /home/airflow/.local/lib/python3.7/site-packages/airflow/example_dags/example_params_trigger_ui.py
[2023-05-18T17:13:48.105+0000] {logging_mixin.py:149} INFO - [2023-05-18T17:13:48.105+0000] {dag.py:2726} INFO - Sync 1 DAGs
[2023-05-18T17:13:48.143+0000] {logging_mixin.py:149} INFO - [2023-05-18T17:13:48.142+0000] {dag.py:3490} INFO - Setting next_dagrun for example_params_trigger_ui to None, run_after=None
[2023-05-18T17:13:48.170+0000] {processor.py:178} INFO - Processing /home/airflow/.local/lib/python3.7/site-packages/airflow/example_dags/example_params_trigger_ui.py took 0.213 seconds
