[2023-05-18T17:04:52.633+0000] {processor.py:156} INFO - Started process (PID=29052) to work on /home/airflow/.local/lib/python3.7/site-packages/airflow/example_dags/example_task_group_decorator.py
[2023-05-18T17:04:52.635+0000] {processor.py:799} INFO - Processing file /home/airflow/.local/lib/python3.7/site-packages/airflow/example_dags/example_task_group_decorator.py for tasks to queue
[2023-05-18T17:04:52.636+0000] {logging_mixin.py:149} INFO - [2023-05-18T17:04:52.636+0000] {dagbag.py:541} INFO - Filling up the DagBag from /home/airflow/.local/lib/python3.7/site-packages/airflow/example_dags/example_task_group_decorator.py
[2023-05-18T17:04:52.710+0000] {processor.py:809} INFO - DAG(s) dict_keys(['example_task_group_decorator']) retrieved from /home/airflow/.local/lib/python3.7/site-packages/airflow/example_dags/example_task_group_decorator.py
[2023-05-18T17:04:52.832+0000] {logging_mixin.py:149} INFO - [2023-05-18T17:04:52.831+0000] {dag.py:2726} INFO - Sync 1 DAGs
[2023-05-18T17:04:52.894+0000] {logging_mixin.py:149} INFO - [2023-05-18T17:04:52.894+0000] {dag.py:3490} INFO - Setting next_dagrun for example_task_group_decorator to 2023-05-17T17:04:52.893709+00:00, run_after=2023-05-18T17:04:52.893709+00:00
[2023-05-18T17:04:52.949+0000] {processor.py:178} INFO - Processing /home/airflow/.local/lib/python3.7/site-packages/airflow/example_dags/example_task_group_decorator.py took 0.321 seconds
[2023-05-18T17:05:37.314+0000] {processor.py:156} INFO - Started process (PID=33) to work on /home/airflow/.local/lib/python3.7/site-packages/airflow/example_dags/example_task_group_decorator.py
[2023-05-18T17:05:37.315+0000] {processor.py:799} INFO - Processing file /home/airflow/.local/lib/python3.7/site-packages/airflow/example_dags/example_task_group_decorator.py for tasks to queue
[2023-05-18T17:05:37.316+0000] {logging_mixin.py:149} INFO - [2023-05-18T17:05:37.316+0000] {dagbag.py:541} INFO - Filling up the DagBag from /home/airflow/.local/lib/python3.7/site-packages/airflow/example_dags/example_task_group_decorator.py
[2023-05-18T17:05:37.343+0000] {processor.py:809} INFO - DAG(s) dict_keys(['example_task_group_decorator']) retrieved from /home/airflow/.local/lib/python3.7/site-packages/airflow/example_dags/example_task_group_decorator.py
[2023-05-18T17:05:37.377+0000] {logging_mixin.py:149} INFO - [2023-05-18T17:05:37.377+0000] {dag.py:2726} INFO - Sync 1 DAGs
[2023-05-18T17:05:37.406+0000] {logging_mixin.py:149} INFO - [2023-05-18T17:05:37.405+0000] {dag.py:3490} INFO - Setting next_dagrun for example_task_group_decorator to 2023-05-17T17:05:37.405583+00:00, run_after=2023-05-18T17:05:37.405583+00:00
[2023-05-18T17:05:37.427+0000] {processor.py:178} INFO - Processing /home/airflow/.local/lib/python3.7/site-packages/airflow/example_dags/example_task_group_decorator.py took 0.116 seconds
[2023-05-18T17:09:54.660+0000] {processor.py:156} INFO - Started process (PID=85) to work on /home/airflow/.local/lib/python3.7/site-packages/airflow/example_dags/example_task_group_decorator.py
[2023-05-18T17:09:54.661+0000] {processor.py:799} INFO - Processing file /home/airflow/.local/lib/python3.7/site-packages/airflow/example_dags/example_task_group_decorator.py for tasks to queue
[2023-05-18T17:09:54.662+0000] {logging_mixin.py:149} INFO - [2023-05-18T17:09:54.661+0000] {dagbag.py:541} INFO - Filling up the DagBag from /home/airflow/.local/lib/python3.7/site-packages/airflow/example_dags/example_task_group_decorator.py
[2023-05-18T17:09:54.678+0000] {processor.py:809} INFO - DAG(s) dict_keys(['example_task_group_decorator']) retrieved from /home/airflow/.local/lib/python3.7/site-packages/airflow/example_dags/example_task_group_decorator.py
[2023-05-18T17:09:54.714+0000] {logging_mixin.py:149} INFO - [2023-05-18T17:09:54.714+0000] {dag.py:2726} INFO - Sync 1 DAGs
[2023-05-18T17:09:54.753+0000] {logging_mixin.py:149} INFO - [2023-05-18T17:09:54.753+0000] {dag.py:3490} INFO - Setting next_dagrun for example_task_group_decorator to 2023-05-17T17:09:54.752917+00:00, run_after=2023-05-18T17:09:54.752917+00:00
[2023-05-18T17:09:54.780+0000] {processor.py:178} INFO - Processing /home/airflow/.local/lib/python3.7/site-packages/airflow/example_dags/example_task_group_decorator.py took 0.123 seconds
[2023-05-18T17:12:32.393+0000] {processor.py:156} INFO - Started process (PID=145) to work on /home/airflow/.local/lib/python3.7/site-packages/airflow/example_dags/example_task_group_decorator.py
[2023-05-18T17:12:32.411+0000] {processor.py:799} INFO - Processing file /home/airflow/.local/lib/python3.7/site-packages/airflow/example_dags/example_task_group_decorator.py for tasks to queue
[2023-05-18T17:12:32.412+0000] {logging_mixin.py:149} INFO - [2023-05-18T17:12:32.412+0000] {dagbag.py:541} INFO - Filling up the DagBag from /home/airflow/.local/lib/python3.7/site-packages/airflow/example_dags/example_task_group_decorator.py
[2023-05-18T17:12:32.529+0000] {processor.py:809} INFO - DAG(s) dict_keys(['example_task_group_decorator']) retrieved from /home/airflow/.local/lib/python3.7/site-packages/airflow/example_dags/example_task_group_decorator.py
[2023-05-18T17:13:16.539+0000] {processor.py:156} INFO - Started process (PID=33) to work on /home/airflow/.local/lib/python3.7/site-packages/airflow/example_dags/example_task_group_decorator.py
[2023-05-18T17:13:16.540+0000] {processor.py:799} INFO - Processing file /home/airflow/.local/lib/python3.7/site-packages/airflow/example_dags/example_task_group_decorator.py for tasks to queue
[2023-05-18T17:13:16.540+0000] {logging_mixin.py:149} INFO - [2023-05-18T17:13:16.540+0000] {dagbag.py:541} INFO - Filling up the DagBag from /home/airflow/.local/lib/python3.7/site-packages/airflow/example_dags/example_task_group_decorator.py
[2023-05-18T17:13:16.556+0000] {processor.py:809} INFO - DAG(s) dict_keys(['example_task_group_decorator']) retrieved from /home/airflow/.local/lib/python3.7/site-packages/airflow/example_dags/example_task_group_decorator.py
[2023-05-18T17:13:16.590+0000] {logging_mixin.py:149} INFO - [2023-05-18T17:13:16.590+0000] {dag.py:2726} INFO - Sync 1 DAGs
[2023-05-18T17:13:16.613+0000] {logging_mixin.py:149} INFO - [2023-05-18T17:13:16.613+0000] {dag.py:3490} INFO - Setting next_dagrun for example_task_group_decorator to 2023-05-17T17:13:16.612857+00:00, run_after=2023-05-18T17:13:16.612857+00:00
[2023-05-18T17:13:16.630+0000] {processor.py:178} INFO - Processing /home/airflow/.local/lib/python3.7/site-packages/airflow/example_dags/example_task_group_decorator.py took 0.093 seconds
[2023-05-18T17:13:46.790+0000] {processor.py:156} INFO - Started process (PID=92) to work on /home/airflow/.local/lib/python3.7/site-packages/airflow/example_dags/example_task_group_decorator.py
[2023-05-18T17:13:46.791+0000] {processor.py:799} INFO - Processing file /home/airflow/.local/lib/python3.7/site-packages/airflow/example_dags/example_task_group_decorator.py for tasks to queue
[2023-05-18T17:13:46.792+0000] {logging_mixin.py:149} INFO - [2023-05-18T17:13:46.792+0000] {dagbag.py:541} INFO - Filling up the DagBag from /home/airflow/.local/lib/python3.7/site-packages/airflow/example_dags/example_task_group_decorator.py
[2023-05-18T17:13:46.809+0000] {processor.py:809} INFO - DAG(s) dict_keys(['example_task_group_decorator']) retrieved from /home/airflow/.local/lib/python3.7/site-packages/airflow/example_dags/example_task_group_decorator.py
[2023-05-18T17:13:46.846+0000] {logging_mixin.py:149} INFO - [2023-05-18T17:13:46.845+0000] {dag.py:2726} INFO - Sync 1 DAGs
[2023-05-18T17:13:46.883+0000] {logging_mixin.py:149} INFO - [2023-05-18T17:13:46.883+0000] {dag.py:3490} INFO - Setting next_dagrun for example_task_group_decorator to 2023-05-17T17:13:46.882963+00:00, run_after=2023-05-18T17:13:46.882963+00:00
[2023-05-18T17:13:46.912+0000] {processor.py:178} INFO - Processing /home/airflow/.local/lib/python3.7/site-packages/airflow/example_dags/example_task_group_decorator.py took 0.125 seconds
