[2023-05-18T17:04:55.340+0000] {processor.py:156} INFO - Started process (PID=29069) to work on /home/airflow/.local/lib/python3.7/site-packages/airflow/example_dags/example_kubernetes_executor.py
[2023-05-18T17:04:55.341+0000] {processor.py:799} INFO - Processing file /home/airflow/.local/lib/python3.7/site-packages/airflow/example_dags/example_kubernetes_executor.py for tasks to queue
[2023-05-18T17:04:55.342+0000] {logging_mixin.py:149} INFO - [2023-05-18T17:04:55.342+0000] {dagbag.py:541} INFO - Filling up the DagBag from /home/airflow/.local/lib/python3.7/site-packages/airflow/example_dags/example_kubernetes_executor.py
[2023-05-18T17:04:56.018+0000] {processor.py:809} INFO - DAG(s) dict_keys(['example_kubernetes_executor']) retrieved from /home/airflow/.local/lib/python3.7/site-packages/airflow/example_dags/example_kubernetes_executor.py
[2023-05-18T17:04:56.092+0000] {logging_mixin.py:149} INFO - [2023-05-18T17:04:56.092+0000] {dag.py:2726} INFO - Sync 1 DAGs
[2023-05-18T17:04:56.148+0000] {logging_mixin.py:149} INFO - [2023-05-18T17:04:56.147+0000] {dag.py:3490} INFO - Setting next_dagrun for example_kubernetes_executor to None, run_after=None
[2023-05-18T17:04:56.191+0000] {processor.py:178} INFO - Processing /home/airflow/.local/lib/python3.7/site-packages/airflow/example_dags/example_kubernetes_executor.py took 0.857 seconds
[2023-05-18T17:05:38.368+0000] {processor.py:156} INFO - Started process (PID=50) to work on /home/airflow/.local/lib/python3.7/site-packages/airflow/example_dags/example_kubernetes_executor.py
[2023-05-18T17:05:38.368+0000] {processor.py:799} INFO - Processing file /home/airflow/.local/lib/python3.7/site-packages/airflow/example_dags/example_kubernetes_executor.py for tasks to queue
[2023-05-18T17:05:38.369+0000] {logging_mixin.py:149} INFO - [2023-05-18T17:05:38.369+0000] {dagbag.py:541} INFO - Filling up the DagBag from /home/airflow/.local/lib/python3.7/site-packages/airflow/example_dags/example_kubernetes_executor.py
[2023-05-18T17:05:38.703+0000] {processor.py:809} INFO - DAG(s) dict_keys(['example_kubernetes_executor']) retrieved from /home/airflow/.local/lib/python3.7/site-packages/airflow/example_dags/example_kubernetes_executor.py
[2023-05-18T17:05:38.734+0000] {logging_mixin.py:149} INFO - [2023-05-18T17:05:38.734+0000] {dag.py:2726} INFO - Sync 1 DAGs
[2023-05-18T17:05:38.760+0000] {logging_mixin.py:149} INFO - [2023-05-18T17:05:38.759+0000] {dag.py:3490} INFO - Setting next_dagrun for example_kubernetes_executor to None, run_after=None
[2023-05-18T17:05:38.777+0000] {processor.py:178} INFO - Processing /home/airflow/.local/lib/python3.7/site-packages/airflow/example_dags/example_kubernetes_executor.py took 0.412 seconds
[2023-05-18T17:09:56.324+0000] {processor.py:156} INFO - Started process (PID=102) to work on /home/airflow/.local/lib/python3.7/site-packages/airflow/example_dags/example_kubernetes_executor.py
[2023-05-18T17:09:56.326+0000] {processor.py:799} INFO - Processing file /home/airflow/.local/lib/python3.7/site-packages/airflow/example_dags/example_kubernetes_executor.py for tasks to queue
[2023-05-18T17:09:56.327+0000] {logging_mixin.py:149} INFO - [2023-05-18T17:09:56.327+0000] {dagbag.py:541} INFO - Filling up the DagBag from /home/airflow/.local/lib/python3.7/site-packages/airflow/example_dags/example_kubernetes_executor.py
[2023-05-18T17:09:56.793+0000] {processor.py:809} INFO - DAG(s) dict_keys(['example_kubernetes_executor']) retrieved from /home/airflow/.local/lib/python3.7/site-packages/airflow/example_dags/example_kubernetes_executor.py
[2023-05-18T17:09:56.842+0000] {logging_mixin.py:149} INFO - [2023-05-18T17:09:56.842+0000] {dag.py:2726} INFO - Sync 1 DAGs
[2023-05-18T17:09:56.879+0000] {logging_mixin.py:149} INFO - [2023-05-18T17:09:56.878+0000] {dag.py:3490} INFO - Setting next_dagrun for example_kubernetes_executor to None, run_after=None
[2023-05-18T17:09:56.913+0000] {processor.py:178} INFO - Processing /home/airflow/.local/lib/python3.7/site-packages/airflow/example_dags/example_kubernetes_executor.py took 0.594 seconds
[2023-05-18T17:13:17.713+0000] {processor.py:156} INFO - Started process (PID=50) to work on /home/airflow/.local/lib/python3.7/site-packages/airflow/example_dags/example_kubernetes_executor.py
[2023-05-18T17:13:17.714+0000] {processor.py:799} INFO - Processing file /home/airflow/.local/lib/python3.7/site-packages/airflow/example_dags/example_kubernetes_executor.py for tasks to queue
[2023-05-18T17:13:17.714+0000] {logging_mixin.py:149} INFO - [2023-05-18T17:13:17.714+0000] {dagbag.py:541} INFO - Filling up the DagBag from /home/airflow/.local/lib/python3.7/site-packages/airflow/example_dags/example_kubernetes_executor.py
[2023-05-18T17:13:18.102+0000] {processor.py:809} INFO - DAG(s) dict_keys(['example_kubernetes_executor']) retrieved from /home/airflow/.local/lib/python3.7/site-packages/airflow/example_dags/example_kubernetes_executor.py
[2023-05-18T17:13:18.137+0000] {logging_mixin.py:149} INFO - [2023-05-18T17:13:18.137+0000] {dag.py:2726} INFO - Sync 1 DAGs
[2023-05-18T17:13:18.163+0000] {logging_mixin.py:149} INFO - [2023-05-18T17:13:18.163+0000] {dag.py:3490} INFO - Setting next_dagrun for example_kubernetes_executor to None, run_after=None
[2023-05-18T17:13:18.186+0000] {processor.py:178} INFO - Processing /home/airflow/.local/lib/python3.7/site-packages/airflow/example_dags/example_kubernetes_executor.py took 0.475 seconds
[2023-05-18T17:13:48.433+0000] {processor.py:156} INFO - Started process (PID=110) to work on /home/airflow/.local/lib/python3.7/site-packages/airflow/example_dags/example_kubernetes_executor.py
[2023-05-18T17:13:48.434+0000] {processor.py:799} INFO - Processing file /home/airflow/.local/lib/python3.7/site-packages/airflow/example_dags/example_kubernetes_executor.py for tasks to queue
[2023-05-18T17:13:48.435+0000] {logging_mixin.py:149} INFO - [2023-05-18T17:13:48.434+0000] {dagbag.py:541} INFO - Filling up the DagBag from /home/airflow/.local/lib/python3.7/site-packages/airflow/example_dags/example_kubernetes_executor.py
[2023-05-18T17:13:48.776+0000] {processor.py:809} INFO - DAG(s) dict_keys(['example_kubernetes_executor']) retrieved from /home/airflow/.local/lib/python3.7/site-packages/airflow/example_dags/example_kubernetes_executor.py
[2023-05-18T17:13:48.817+0000] {logging_mixin.py:149} INFO - [2023-05-18T17:13:48.816+0000] {dag.py:2726} INFO - Sync 1 DAGs
[2023-05-18T17:13:48.847+0000] {logging_mixin.py:149} INFO - [2023-05-18T17:13:48.847+0000] {dag.py:3490} INFO - Setting next_dagrun for example_kubernetes_executor to None, run_after=None
[2023-05-18T17:13:48.870+0000] {processor.py:178} INFO - Processing /home/airflow/.local/lib/python3.7/site-packages/airflow/example_dags/example_kubernetes_executor.py took 0.439 seconds
