[2023-05-18T17:04:53.741+0000] {processor.py:156} INFO - Started process (PID=29057) to work on /home/airflow/.local/lib/python3.7/site-packages/airflow/example_dags/example_short_circuit_decorator.py
[2023-05-18T17:04:53.743+0000] {processor.py:799} INFO - Processing file /home/airflow/.local/lib/python3.7/site-packages/airflow/example_dags/example_short_circuit_decorator.py for tasks to queue
[2023-05-18T17:04:53.744+0000] {logging_mixin.py:149} INFO - [2023-05-18T17:04:53.744+0000] {dagbag.py:541} INFO - Filling up the DagBag from /home/airflow/.local/lib/python3.7/site-packages/airflow/example_dags/example_short_circuit_decorator.py
[2023-05-18T17:04:53.767+0000] {processor.py:809} INFO - DAG(s) dict_keys(['example_short_circuit_decorator']) retrieved from /home/airflow/.local/lib/python3.7/site-packages/airflow/example_dags/example_short_circuit_decorator.py
[2023-05-18T17:04:53.824+0000] {logging_mixin.py:149} INFO - [2023-05-18T17:04:53.824+0000] {dag.py:2726} INFO - Sync 1 DAGs
[2023-05-18T17:04:53.885+0000] {logging_mixin.py:149} INFO - [2023-05-18T17:04:53.885+0000] {dag.py:3490} INFO - Setting next_dagrun for example_short_circuit_decorator to 2023-05-17T17:04:53.885091+00:00, run_after=2023-05-18T17:04:53.885091+00:00
[2023-05-18T17:04:53.928+0000] {processor.py:178} INFO - Processing /home/airflow/.local/lib/python3.7/site-packages/airflow/example_dags/example_short_circuit_decorator.py took 0.208 seconds
[2023-05-18T17:05:37.630+0000] {processor.py:156} INFO - Started process (PID=38) to work on /home/airflow/.local/lib/python3.7/site-packages/airflow/example_dags/example_short_circuit_decorator.py
[2023-05-18T17:05:37.630+0000] {processor.py:799} INFO - Processing file /home/airflow/.local/lib/python3.7/site-packages/airflow/example_dags/example_short_circuit_decorator.py for tasks to queue
[2023-05-18T17:05:37.631+0000] {logging_mixin.py:149} INFO - [2023-05-18T17:05:37.631+0000] {dagbag.py:541} INFO - Filling up the DagBag from /home/airflow/.local/lib/python3.7/site-packages/airflow/example_dags/example_short_circuit_decorator.py
[2023-05-18T17:05:37.641+0000] {processor.py:809} INFO - DAG(s) dict_keys(['example_short_circuit_decorator']) retrieved from /home/airflow/.local/lib/python3.7/site-packages/airflow/example_dags/example_short_circuit_decorator.py
[2023-05-18T17:05:37.672+0000] {logging_mixin.py:149} INFO - [2023-05-18T17:05:37.671+0000] {dag.py:2726} INFO - Sync 1 DAGs
[2023-05-18T17:05:37.698+0000] {logging_mixin.py:149} INFO - [2023-05-18T17:05:37.698+0000] {dag.py:3490} INFO - Setting next_dagrun for example_short_circuit_decorator to 2023-05-17T17:05:37.698130+00:00, run_after=2023-05-18T17:05:37.698130+00:00
[2023-05-18T17:05:37.718+0000] {processor.py:178} INFO - Processing /home/airflow/.local/lib/python3.7/site-packages/airflow/example_dags/example_short_circuit_decorator.py took 0.090 seconds
[2023-05-18T17:09:55.070+0000] {processor.py:156} INFO - Started process (PID=90) to work on /home/airflow/.local/lib/python3.7/site-packages/airflow/example_dags/example_short_circuit_decorator.py
[2023-05-18T17:09:55.071+0000] {processor.py:799} INFO - Processing file /home/airflow/.local/lib/python3.7/site-packages/airflow/example_dags/example_short_circuit_decorator.py for tasks to queue
[2023-05-18T17:09:55.071+0000] {logging_mixin.py:149} INFO - [2023-05-18T17:09:55.071+0000] {dagbag.py:541} INFO - Filling up the DagBag from /home/airflow/.local/lib/python3.7/site-packages/airflow/example_dags/example_short_circuit_decorator.py
[2023-05-18T17:09:55.082+0000] {processor.py:809} INFO - DAG(s) dict_keys(['example_short_circuit_decorator']) retrieved from /home/airflow/.local/lib/python3.7/site-packages/airflow/example_dags/example_short_circuit_decorator.py
[2023-05-18T17:09:55.116+0000] {logging_mixin.py:149} INFO - [2023-05-18T17:09:55.115+0000] {dag.py:2726} INFO - Sync 1 DAGs
[2023-05-18T17:09:55.154+0000] {logging_mixin.py:149} INFO - [2023-05-18T17:09:55.153+0000] {dag.py:3490} INFO - Setting next_dagrun for example_short_circuit_decorator to 2023-05-17T17:09:55.153682+00:00, run_after=2023-05-18T17:09:55.153682+00:00
[2023-05-18T17:09:55.181+0000] {processor.py:178} INFO - Processing /home/airflow/.local/lib/python3.7/site-packages/airflow/example_dags/example_short_circuit_decorator.py took 0.114 seconds
[2023-05-18T17:13:16.871+0000] {processor.py:156} INFO - Started process (PID=38) to work on /home/airflow/.local/lib/python3.7/site-packages/airflow/example_dags/example_short_circuit_decorator.py
[2023-05-18T17:13:16.872+0000] {processor.py:799} INFO - Processing file /home/airflow/.local/lib/python3.7/site-packages/airflow/example_dags/example_short_circuit_decorator.py for tasks to queue
[2023-05-18T17:13:16.872+0000] {logging_mixin.py:149} INFO - [2023-05-18T17:13:16.872+0000] {dagbag.py:541} INFO - Filling up the DagBag from /home/airflow/.local/lib/python3.7/site-packages/airflow/example_dags/example_short_circuit_decorator.py
[2023-05-18T17:13:16.881+0000] {processor.py:809} INFO - DAG(s) dict_keys(['example_short_circuit_decorator']) retrieved from /home/airflow/.local/lib/python3.7/site-packages/airflow/example_dags/example_short_circuit_decorator.py
[2023-05-18T17:13:16.910+0000] {logging_mixin.py:149} INFO - [2023-05-18T17:13:16.909+0000] {dag.py:2726} INFO - Sync 1 DAGs
[2023-05-18T17:13:16.936+0000] {logging_mixin.py:149} INFO - [2023-05-18T17:13:16.936+0000] {dag.py:3490} INFO - Setting next_dagrun for example_short_circuit_decorator to 2023-05-17T17:13:16.935903+00:00, run_after=2023-05-18T17:13:16.935903+00:00
[2023-05-18T17:13:16.956+0000] {processor.py:178} INFO - Processing /home/airflow/.local/lib/python3.7/site-packages/airflow/example_dags/example_short_circuit_decorator.py took 0.087 seconds
[2023-05-18T17:13:47.345+0000] {processor.py:156} INFO - Started process (PID=97) to work on /home/airflow/.local/lib/python3.7/site-packages/airflow/example_dags/example_short_circuit_decorator.py
[2023-05-18T17:13:47.347+0000] {processor.py:799} INFO - Processing file /home/airflow/.local/lib/python3.7/site-packages/airflow/example_dags/example_short_circuit_decorator.py for tasks to queue
[2023-05-18T17:13:47.348+0000] {logging_mixin.py:149} INFO - [2023-05-18T17:13:47.347+0000] {dagbag.py:541} INFO - Filling up the DagBag from /home/airflow/.local/lib/python3.7/site-packages/airflow/example_dags/example_short_circuit_decorator.py
[2023-05-18T17:13:47.364+0000] {processor.py:809} INFO - DAG(s) dict_keys(['example_short_circuit_decorator']) retrieved from /home/airflow/.local/lib/python3.7/site-packages/airflow/example_dags/example_short_circuit_decorator.py
[2023-05-18T17:13:47.412+0000] {logging_mixin.py:149} INFO - [2023-05-18T17:13:47.412+0000] {dag.py:2726} INFO - Sync 1 DAGs
[2023-05-18T17:13:47.450+0000] {logging_mixin.py:149} INFO - [2023-05-18T17:13:47.450+0000] {dag.py:3490} INFO - Setting next_dagrun for example_short_circuit_decorator to 2023-05-17T17:13:47.450214+00:00, run_after=2023-05-18T17:13:47.450214+00:00
[2023-05-18T17:13:47.480+0000] {processor.py:178} INFO - Processing /home/airflow/.local/lib/python3.7/site-packages/airflow/example_dags/example_short_circuit_decorator.py took 0.140 seconds
