[2023-05-18T17:04:57.438+0000] {processor.py:156} INFO - Started process (PID=29081) to work on /home/airflow/.local/lib/python3.7/site-packages/airflow/example_dags/example_sla_dag.py
[2023-05-18T17:04:57.439+0000] {processor.py:799} INFO - Processing file /home/airflow/.local/lib/python3.7/site-packages/airflow/example_dags/example_sla_dag.py for tasks to queue
[2023-05-18T17:04:57.440+0000] {logging_mixin.py:149} INFO - [2023-05-18T17:04:57.440+0000] {dagbag.py:541} INFO - Filling up the DagBag from /home/airflow/.local/lib/python3.7/site-packages/airflow/example_dags/example_sla_dag.py
[2023-05-18T17:04:57.455+0000] {processor.py:809} INFO - DAG(s) dict_keys(['example_sla_dag']) retrieved from /home/airflow/.local/lib/python3.7/site-packages/airflow/example_dags/example_sla_dag.py
[2023-05-18T17:04:57.499+0000] {logging_mixin.py:149} INFO - [2023-05-18T17:04:57.498+0000] {dag.py:2726} INFO - Sync 1 DAGs
[2023-05-18T17:04:57.560+0000] {logging_mixin.py:149} INFO - [2023-05-18T17:04:57.560+0000] {dag.py:3490} INFO - Setting next_dagrun for example_sla_dag to 2023-05-18T17:02:00+00:00, run_after=2023-05-18T17:04:00+00:00
[2023-05-18T17:04:57.609+0000] {processor.py:178} INFO - Processing /home/airflow/.local/lib/python3.7/site-packages/airflow/example_dags/example_sla_dag.py took 0.176 seconds
[2023-05-18T17:05:39.179+0000] {processor.py:156} INFO - Started process (PID=62) to work on /home/airflow/.local/lib/python3.7/site-packages/airflow/example_dags/example_sla_dag.py
[2023-05-18T17:05:39.180+0000] {processor.py:799} INFO - Processing file /home/airflow/.local/lib/python3.7/site-packages/airflow/example_dags/example_sla_dag.py for tasks to queue
[2023-05-18T17:05:39.181+0000] {logging_mixin.py:149} INFO - [2023-05-18T17:05:39.180+0000] {dagbag.py:541} INFO - Filling up the DagBag from /home/airflow/.local/lib/python3.7/site-packages/airflow/example_dags/example_sla_dag.py
[2023-05-18T17:05:39.186+0000] {processor.py:809} INFO - DAG(s) dict_keys(['example_sla_dag']) retrieved from /home/airflow/.local/lib/python3.7/site-packages/airflow/example_dags/example_sla_dag.py
[2023-05-18T17:05:39.205+0000] {logging_mixin.py:149} INFO - [2023-05-18T17:05:39.205+0000] {dag.py:2726} INFO - Sync 1 DAGs
[2023-05-18T17:05:39.233+0000] {logging_mixin.py:149} INFO - [2023-05-18T17:05:39.233+0000] {dag.py:3490} INFO - Setting next_dagrun for example_sla_dag to 2023-05-18T17:02:00+00:00, run_after=2023-05-18T17:04:00+00:00
[2023-05-18T17:05:39.260+0000] {processor.py:178} INFO - Processing /home/airflow/.local/lib/python3.7/site-packages/airflow/example_dags/example_sla_dag.py took 0.083 seconds
[2023-05-18T17:09:57.516+0000] {processor.py:156} INFO - Started process (PID=114) to work on /home/airflow/.local/lib/python3.7/site-packages/airflow/example_dags/example_sla_dag.py
[2023-05-18T17:09:57.517+0000] {processor.py:799} INFO - Processing file /home/airflow/.local/lib/python3.7/site-packages/airflow/example_dags/example_sla_dag.py for tasks to queue
[2023-05-18T17:09:57.517+0000] {logging_mixin.py:149} INFO - [2023-05-18T17:09:57.517+0000] {dagbag.py:541} INFO - Filling up the DagBag from /home/airflow/.local/lib/python3.7/site-packages/airflow/example_dags/example_sla_dag.py
[2023-05-18T17:09:57.525+0000] {processor.py:809} INFO - DAG(s) dict_keys(['example_sla_dag']) retrieved from /home/airflow/.local/lib/python3.7/site-packages/airflow/example_dags/example_sla_dag.py
[2023-05-18T17:09:57.551+0000] {logging_mixin.py:149} INFO - [2023-05-18T17:09:57.551+0000] {dag.py:2726} INFO - Sync 1 DAGs
[2023-05-18T17:09:57.588+0000] {logging_mixin.py:149} INFO - [2023-05-18T17:09:57.588+0000] {dag.py:3490} INFO - Setting next_dagrun for example_sla_dag to 2023-05-18T17:06:00+00:00, run_after=2023-05-18T17:08:00+00:00
[2023-05-18T17:09:57.611+0000] {processor.py:178} INFO - Processing /home/airflow/.local/lib/python3.7/site-packages/airflow/example_dags/example_sla_dag.py took 0.098 seconds
[2023-05-18T17:13:18.631+0000] {processor.py:156} INFO - Started process (PID=62) to work on /home/airflow/.local/lib/python3.7/site-packages/airflow/example_dags/example_sla_dag.py
[2023-05-18T17:13:18.632+0000] {processor.py:799} INFO - Processing file /home/airflow/.local/lib/python3.7/site-packages/airflow/example_dags/example_sla_dag.py for tasks to queue
[2023-05-18T17:13:18.632+0000] {logging_mixin.py:149} INFO - [2023-05-18T17:13:18.632+0000] {dagbag.py:541} INFO - Filling up the DagBag from /home/airflow/.local/lib/python3.7/site-packages/airflow/example_dags/example_sla_dag.py
[2023-05-18T17:13:18.638+0000] {processor.py:809} INFO - DAG(s) dict_keys(['example_sla_dag']) retrieved from /home/airflow/.local/lib/python3.7/site-packages/airflow/example_dags/example_sla_dag.py
[2023-05-18T17:13:18.658+0000] {logging_mixin.py:149} INFO - [2023-05-18T17:13:18.658+0000] {dag.py:2726} INFO - Sync 1 DAGs
[2023-05-18T17:13:18.688+0000] {logging_mixin.py:149} INFO - [2023-05-18T17:13:18.688+0000] {dag.py:3490} INFO - Setting next_dagrun for example_sla_dag to 2023-05-18T17:10:00+00:00, run_after=2023-05-18T17:12:00+00:00
[2023-05-18T17:13:18.708+0000] {processor.py:178} INFO - Processing /home/airflow/.local/lib/python3.7/site-packages/airflow/example_dags/example_sla_dag.py took 0.079 seconds
[2023-05-18T17:13:49.424+0000] {processor.py:156} INFO - Started process (PID=121) to work on /home/airflow/.local/lib/python3.7/site-packages/airflow/example_dags/example_sla_dag.py
[2023-05-18T17:13:49.425+0000] {processor.py:799} INFO - Processing file /home/airflow/.local/lib/python3.7/site-packages/airflow/example_dags/example_sla_dag.py for tasks to queue
[2023-05-18T17:13:49.425+0000] {logging_mixin.py:149} INFO - [2023-05-18T17:13:49.425+0000] {dagbag.py:541} INFO - Filling up the DagBag from /home/airflow/.local/lib/python3.7/site-packages/airflow/example_dags/example_sla_dag.py
[2023-05-18T17:13:49.438+0000] {processor.py:809} INFO - DAG(s) dict_keys(['example_sla_dag']) retrieved from /home/airflow/.local/lib/python3.7/site-packages/airflow/example_dags/example_sla_dag.py
[2023-05-18T17:13:49.465+0000] {logging_mixin.py:149} INFO - [2023-05-18T17:13:49.465+0000] {dag.py:2726} INFO - Sync 1 DAGs
[2023-05-18T17:13:49.503+0000] {logging_mixin.py:149} INFO - [2023-05-18T17:13:49.503+0000] {dag.py:3490} INFO - Setting next_dagrun for example_sla_dag to 2023-05-18T17:10:00+00:00, run_after=2023-05-18T17:12:00+00:00
[2023-05-18T17:13:49.526+0000] {processor.py:178} INFO - Processing /home/airflow/.local/lib/python3.7/site-packages/airflow/example_dags/example_sla_dag.py took 0.107 seconds
