[2023-05-18T17:04:53.030+0000] {processor.py:156} INFO - Started process (PID=29054) to work on /home/airflow/.local/lib/python3.7/site-packages/airflow/example_dags/example_params_ui_tutorial.py
[2023-05-18T17:04:53.031+0000] {processor.py:799} INFO - Processing file /home/airflow/.local/lib/python3.7/site-packages/airflow/example_dags/example_params_ui_tutorial.py for tasks to queue
[2023-05-18T17:04:53.032+0000] {logging_mixin.py:149} INFO - [2023-05-18T17:04:53.032+0000] {dagbag.py:541} INFO - Filling up the DagBag from /home/airflow/.local/lib/python3.7/site-packages/airflow/example_dags/example_params_ui_tutorial.py
[2023-05-18T17:04:53.124+0000] {processor.py:809} INFO - DAG(s) dict_keys(['example_params_ui_tutorial']) retrieved from /home/airflow/.local/lib/python3.7/site-packages/airflow/example_dags/example_params_ui_tutorial.py
[2023-05-18T17:04:53.448+0000] {logging_mixin.py:149} INFO - [2023-05-18T17:04:53.448+0000] {dag.py:2726} INFO - Sync 1 DAGs
[2023-05-18T17:04:53.505+0000] {logging_mixin.py:149} INFO - [2023-05-18T17:04:53.504+0000] {dag.py:3490} INFO - Setting next_dagrun for example_params_ui_tutorial to None, run_after=None
[2023-05-18T17:04:53.623+0000] {processor.py:178} INFO - Processing /home/airflow/.local/lib/python3.7/site-packages/airflow/example_dags/example_params_ui_tutorial.py took 0.598 seconds
[2023-05-18T17:05:37.431+0000] {processor.py:156} INFO - Started process (PID=35) to work on /home/airflow/.local/lib/python3.7/site-packages/airflow/example_dags/example_params_ui_tutorial.py
[2023-05-18T17:05:37.432+0000] {processor.py:799} INFO - Processing file /home/airflow/.local/lib/python3.7/site-packages/airflow/example_dags/example_params_ui_tutorial.py for tasks to queue
[2023-05-18T17:05:37.433+0000] {logging_mixin.py:149} INFO - [2023-05-18T17:05:37.433+0000] {dagbag.py:541} INFO - Filling up the DagBag from /home/airflow/.local/lib/python3.7/site-packages/airflow/example_dags/example_params_ui_tutorial.py
[2023-05-18T17:05:37.490+0000] {processor.py:809} INFO - DAG(s) dict_keys(['example_params_ui_tutorial']) retrieved from /home/airflow/.local/lib/python3.7/site-packages/airflow/example_dags/example_params_ui_tutorial.py
[2023-05-18T17:05:37.563+0000] {logging_mixin.py:149} INFO - [2023-05-18T17:05:37.562+0000] {dag.py:2726} INFO - Sync 1 DAGs
[2023-05-18T17:05:37.590+0000] {logging_mixin.py:149} INFO - [2023-05-18T17:05:37.589+0000] {dag.py:3490} INFO - Setting next_dagrun for example_params_ui_tutorial to None, run_after=None
[2023-05-18T17:05:37.610+0000] {processor.py:178} INFO - Processing /home/airflow/.local/lib/python3.7/site-packages/airflow/example_dags/example_params_ui_tutorial.py took 0.184 seconds
[2023-05-18T17:09:54.810+0000] {processor.py:156} INFO - Started process (PID=87) to work on /home/airflow/.local/lib/python3.7/site-packages/airflow/example_dags/example_params_ui_tutorial.py
[2023-05-18T17:09:54.811+0000] {processor.py:799} INFO - Processing file /home/airflow/.local/lib/python3.7/site-packages/airflow/example_dags/example_params_ui_tutorial.py for tasks to queue
[2023-05-18T17:09:54.812+0000] {logging_mixin.py:149} INFO - [2023-05-18T17:09:54.811+0000] {dagbag.py:541} INFO - Filling up the DagBag from /home/airflow/.local/lib/python3.7/site-packages/airflow/example_dags/example_params_ui_tutorial.py
[2023-05-18T17:09:54.864+0000] {processor.py:809} INFO - DAG(s) dict_keys(['example_params_ui_tutorial']) retrieved from /home/airflow/.local/lib/python3.7/site-packages/airflow/example_dags/example_params_ui_tutorial.py
[2023-05-18T17:09:54.955+0000] {logging_mixin.py:149} INFO - [2023-05-18T17:09:54.955+0000] {dag.py:2726} INFO - Sync 1 DAGs
[2023-05-18T17:09:54.993+0000] {logging_mixin.py:149} INFO - [2023-05-18T17:09:54.992+0000] {dag.py:3490} INFO - Setting next_dagrun for example_params_ui_tutorial to None, run_after=None
[2023-05-18T17:09:55.019+0000] {processor.py:178} INFO - Processing /home/airflow/.local/lib/python3.7/site-packages/airflow/example_dags/example_params_ui_tutorial.py took 0.213 seconds
[2023-05-18T17:13:16.650+0000] {processor.py:156} INFO - Started process (PID=35) to work on /home/airflow/.local/lib/python3.7/site-packages/airflow/example_dags/example_params_ui_tutorial.py
[2023-05-18T17:13:16.651+0000] {processor.py:799} INFO - Processing file /home/airflow/.local/lib/python3.7/site-packages/airflow/example_dags/example_params_ui_tutorial.py for tasks to queue
[2023-05-18T17:13:16.651+0000] {logging_mixin.py:149} INFO - [2023-05-18T17:13:16.651+0000] {dagbag.py:541} INFO - Filling up the DagBag from /home/airflow/.local/lib/python3.7/site-packages/airflow/example_dags/example_params_ui_tutorial.py
[2023-05-18T17:13:16.688+0000] {processor.py:809} INFO - DAG(s) dict_keys(['example_params_ui_tutorial']) retrieved from /home/airflow/.local/lib/python3.7/site-packages/airflow/example_dags/example_params_ui_tutorial.py
[2023-05-18T17:13:16.755+0000] {logging_mixin.py:149} INFO - [2023-05-18T17:13:16.755+0000] {dag.py:2726} INFO - Sync 1 DAGs
[2023-05-18T17:13:16.781+0000] {logging_mixin.py:149} INFO - [2023-05-18T17:13:16.781+0000] {dag.py:3490} INFO - Setting next_dagrun for example_params_ui_tutorial to None, run_after=None
[2023-05-18T17:13:16.801+0000] {processor.py:178} INFO - Processing /home/airflow/.local/lib/python3.7/site-packages/airflow/example_dags/example_params_ui_tutorial.py took 0.152 seconds
[2023-05-18T17:13:46.944+0000] {processor.py:156} INFO - Started process (PID=94) to work on /home/airflow/.local/lib/python3.7/site-packages/airflow/example_dags/example_params_ui_tutorial.py
[2023-05-18T17:13:46.946+0000] {processor.py:799} INFO - Processing file /home/airflow/.local/lib/python3.7/site-packages/airflow/example_dags/example_params_ui_tutorial.py for tasks to queue
[2023-05-18T17:13:46.947+0000] {logging_mixin.py:149} INFO - [2023-05-18T17:13:46.946+0000] {dagbag.py:541} INFO - Filling up the DagBag from /home/airflow/.local/lib/python3.7/site-packages/airflow/example_dags/example_params_ui_tutorial.py
[2023-05-18T17:13:47.010+0000] {processor.py:809} INFO - DAG(s) dict_keys(['example_params_ui_tutorial']) retrieved from /home/airflow/.local/lib/python3.7/site-packages/airflow/example_dags/example_params_ui_tutorial.py
[2023-05-18T17:13:47.100+0000] {logging_mixin.py:149} INFO - [2023-05-18T17:13:47.100+0000] {dag.py:2726} INFO - Sync 1 DAGs
[2023-05-18T17:13:47.137+0000] {logging_mixin.py:149} INFO - [2023-05-18T17:13:47.137+0000] {dag.py:3490} INFO - Setting next_dagrun for example_params_ui_tutorial to None, run_after=None
[2023-05-18T17:13:47.167+0000] {processor.py:178} INFO - Processing /home/airflow/.local/lib/python3.7/site-packages/airflow/example_dags/example_params_ui_tutorial.py took 0.227 seconds
