[2023-05-18T17:04:54.860+0000] {processor.py:156} INFO - Started process (PID=29066) to work on /home/airflow/.local/lib/python3.7/site-packages/airflow/example_dags/example_complex.py
[2023-05-18T17:04:54.861+0000] {processor.py:799} INFO - Processing file /home/airflow/.local/lib/python3.7/site-packages/airflow/example_dags/example_complex.py for tasks to queue
[2023-05-18T17:04:54.862+0000] {logging_mixin.py:149} INFO - [2023-05-18T17:04:54.862+0000] {dagbag.py:541} INFO - Filling up the DagBag from /home/airflow/.local/lib/python3.7/site-packages/airflow/example_dags/example_complex.py
[2023-05-18T17:04:54.884+0000] {logging_mixin.py:149} INFO - [2023-05-18T17:04:54.883+0000] {taskmixin.py:211} WARNING - Dependency <Task(BashOperator): create_entry_group>, delete_entry_group already registered for DAG: example_complex
[2023-05-18T17:04:54.884+0000] {logging_mixin.py:149} INFO - [2023-05-18T17:04:54.884+0000] {taskmixin.py:211} WARNING - Dependency <Task(BashOperator): delete_entry_group>, create_entry_group already registered for DAG: example_complex
[2023-05-18T17:04:54.885+0000] {logging_mixin.py:149} INFO - [2023-05-18T17:04:54.885+0000] {taskmixin.py:211} WARNING - Dependency <Task(BashOperator): create_entry_gcs>, delete_entry already registered for DAG: example_complex
[2023-05-18T17:04:54.885+0000] {logging_mixin.py:149} INFO - [2023-05-18T17:04:54.885+0000] {taskmixin.py:211} WARNING - Dependency <Task(BashOperator): delete_entry>, create_entry_gcs already registered for DAG: example_complex
[2023-05-18T17:04:54.886+0000] {logging_mixin.py:149} INFO - [2023-05-18T17:04:54.886+0000] {taskmixin.py:211} WARNING - Dependency <Task(BashOperator): create_tag>, delete_tag already registered for DAG: example_complex
[2023-05-18T17:04:54.886+0000] {logging_mixin.py:149} INFO - [2023-05-18T17:04:54.886+0000] {taskmixin.py:211} WARNING - Dependency <Task(BashOperator): delete_tag>, create_tag already registered for DAG: example_complex
[2023-05-18T17:04:54.890+0000] {processor.py:809} INFO - DAG(s) dict_keys(['example_complex']) retrieved from /home/airflow/.local/lib/python3.7/site-packages/airflow/example_dags/example_complex.py
[2023-05-18T17:04:54.970+0000] {logging_mixin.py:149} INFO - [2023-05-18T17:04:54.969+0000] {dag.py:2726} INFO - Sync 1 DAGs
[2023-05-18T17:04:55.031+0000] {logging_mixin.py:149} INFO - [2023-05-18T17:04:55.030+0000] {dag.py:3490} INFO - Setting next_dagrun for example_complex to None, run_after=None
[2023-05-18T17:04:55.075+0000] {processor.py:178} INFO - Processing /home/airflow/.local/lib/python3.7/site-packages/airflow/example_dags/example_complex.py took 0.221 seconds
[2023-05-18T17:05:38.154+0000] {processor.py:156} INFO - Started process (PID=47) to work on /home/airflow/.local/lib/python3.7/site-packages/airflow/example_dags/example_complex.py
[2023-05-18T17:05:38.154+0000] {processor.py:799} INFO - Processing file /home/airflow/.local/lib/python3.7/site-packages/airflow/example_dags/example_complex.py for tasks to queue
[2023-05-18T17:05:38.155+0000] {logging_mixin.py:149} INFO - [2023-05-18T17:05:38.155+0000] {dagbag.py:541} INFO - Filling up the DagBag from /home/airflow/.local/lib/python3.7/site-packages/airflow/example_dags/example_complex.py
[2023-05-18T17:05:38.164+0000] {logging_mixin.py:149} INFO - [2023-05-18T17:05:38.164+0000] {taskmixin.py:211} WARNING - Dependency <Task(BashOperator): create_entry_group>, delete_entry_group already registered for DAG: example_complex
[2023-05-18T17:05:38.164+0000] {logging_mixin.py:149} INFO - [2023-05-18T17:05:38.164+0000] {taskmixin.py:211} WARNING - Dependency <Task(BashOperator): delete_entry_group>, create_entry_group already registered for DAG: example_complex
[2023-05-18T17:05:38.164+0000] {logging_mixin.py:149} INFO - [2023-05-18T17:05:38.164+0000] {taskmixin.py:211} WARNING - Dependency <Task(BashOperator): create_entry_gcs>, delete_entry already registered for DAG: example_complex
[2023-05-18T17:05:38.165+0000] {logging_mixin.py:149} INFO - [2023-05-18T17:05:38.164+0000] {taskmixin.py:211} WARNING - Dependency <Task(BashOperator): delete_entry>, create_entry_gcs already registered for DAG: example_complex
[2023-05-18T17:05:38.165+0000] {logging_mixin.py:149} INFO - [2023-05-18T17:05:38.165+0000] {taskmixin.py:211} WARNING - Dependency <Task(BashOperator): create_tag>, delete_tag already registered for DAG: example_complex
[2023-05-18T17:05:38.165+0000] {logging_mixin.py:149} INFO - [2023-05-18T17:05:38.165+0000] {taskmixin.py:211} WARNING - Dependency <Task(BashOperator): delete_tag>, create_tag already registered for DAG: example_complex
[2023-05-18T17:05:38.166+0000] {processor.py:809} INFO - DAG(s) dict_keys(['example_complex']) retrieved from /home/airflow/.local/lib/python3.7/site-packages/airflow/example_dags/example_complex.py
[2023-05-18T17:05:38.202+0000] {logging_mixin.py:149} INFO - [2023-05-18T17:05:38.202+0000] {dag.py:2726} INFO - Sync 1 DAGs
[2023-05-18T17:05:38.229+0000] {logging_mixin.py:149} INFO - [2023-05-18T17:05:38.229+0000] {dag.py:3490} INFO - Setting next_dagrun for example_complex to None, run_after=None
[2023-05-18T17:05:38.251+0000] {processor.py:178} INFO - Processing /home/airflow/.local/lib/python3.7/site-packages/airflow/example_dags/example_complex.py took 0.099 seconds
[2023-05-18T17:09:55.941+0000] {processor.py:156} INFO - Started process (PID=99) to work on /home/airflow/.local/lib/python3.7/site-packages/airflow/example_dags/example_complex.py
[2023-05-18T17:09:55.942+0000] {processor.py:799} INFO - Processing file /home/airflow/.local/lib/python3.7/site-packages/airflow/example_dags/example_complex.py for tasks to queue
[2023-05-18T17:09:55.943+0000] {logging_mixin.py:149} INFO - [2023-05-18T17:09:55.943+0000] {dagbag.py:541} INFO - Filling up the DagBag from /home/airflow/.local/lib/python3.7/site-packages/airflow/example_dags/example_complex.py
[2023-05-18T17:09:55.957+0000] {logging_mixin.py:149} INFO - [2023-05-18T17:09:55.956+0000] {taskmixin.py:211} WARNING - Dependency <Task(BashOperator): create_entry_group>, delete_entry_group already registered for DAG: example_complex
[2023-05-18T17:09:55.957+0000] {logging_mixin.py:149} INFO - [2023-05-18T17:09:55.957+0000] {taskmixin.py:211} WARNING - Dependency <Task(BashOperator): delete_entry_group>, create_entry_group already registered for DAG: example_complex
[2023-05-18T17:09:55.957+0000] {logging_mixin.py:149} INFO - [2023-05-18T17:09:55.957+0000] {taskmixin.py:211} WARNING - Dependency <Task(BashOperator): create_entry_gcs>, delete_entry already registered for DAG: example_complex
[2023-05-18T17:09:55.957+0000] {logging_mixin.py:149} INFO - [2023-05-18T17:09:55.957+0000] {taskmixin.py:211} WARNING - Dependency <Task(BashOperator): delete_entry>, create_entry_gcs already registered for DAG: example_complex
[2023-05-18T17:09:55.958+0000] {logging_mixin.py:149} INFO - [2023-05-18T17:09:55.958+0000] {taskmixin.py:211} WARNING - Dependency <Task(BashOperator): create_tag>, delete_tag already registered for DAG: example_complex
[2023-05-18T17:09:55.958+0000] {logging_mixin.py:149} INFO - [2023-05-18T17:09:55.958+0000] {taskmixin.py:211} WARNING - Dependency <Task(BashOperator): delete_tag>, create_tag already registered for DAG: example_complex
[2023-05-18T17:09:55.960+0000] {processor.py:809} INFO - DAG(s) dict_keys(['example_complex']) retrieved from /home/airflow/.local/lib/python3.7/site-packages/airflow/example_dags/example_complex.py
[2023-05-18T17:09:56.010+0000] {logging_mixin.py:149} INFO - [2023-05-18T17:09:56.009+0000] {dag.py:2726} INFO - Sync 1 DAGs
[2023-05-18T17:09:56.050+0000] {logging_mixin.py:149} INFO - [2023-05-18T17:09:56.050+0000] {dag.py:3490} INFO - Setting next_dagrun for example_complex to None, run_after=None
[2023-05-18T17:09:56.088+0000] {processor.py:178} INFO - Processing /home/airflow/.local/lib/python3.7/site-packages/airflow/example_dags/example_complex.py took 0.151 seconds
[2023-05-18T17:13:17.461+0000] {processor.py:156} INFO - Started process (PID=47) to work on /home/airflow/.local/lib/python3.7/site-packages/airflow/example_dags/example_complex.py
[2023-05-18T17:13:17.462+0000] {processor.py:799} INFO - Processing file /home/airflow/.local/lib/python3.7/site-packages/airflow/example_dags/example_complex.py for tasks to queue
[2023-05-18T17:13:17.462+0000] {logging_mixin.py:149} INFO - [2023-05-18T17:13:17.462+0000] {dagbag.py:541} INFO - Filling up the DagBag from /home/airflow/.local/lib/python3.7/site-packages/airflow/example_dags/example_complex.py
[2023-05-18T17:13:17.476+0000] {logging_mixin.py:149} INFO - [2023-05-18T17:13:17.476+0000] {taskmixin.py:211} WARNING - Dependency <Task(BashOperator): create_entry_group>, delete_entry_group already registered for DAG: example_complex
[2023-05-18T17:13:17.476+0000] {logging_mixin.py:149} INFO - [2023-05-18T17:13:17.476+0000] {taskmixin.py:211} WARNING - Dependency <Task(BashOperator): delete_entry_group>, create_entry_group already registered for DAG: example_complex
[2023-05-18T17:13:17.476+0000] {logging_mixin.py:149} INFO - [2023-05-18T17:13:17.476+0000] {taskmixin.py:211} WARNING - Dependency <Task(BashOperator): create_entry_gcs>, delete_entry already registered for DAG: example_complex
[2023-05-18T17:13:17.476+0000] {logging_mixin.py:149} INFO - [2023-05-18T17:13:17.476+0000] {taskmixin.py:211} WARNING - Dependency <Task(BashOperator): delete_entry>, create_entry_gcs already registered for DAG: example_complex
[2023-05-18T17:13:17.477+0000] {logging_mixin.py:149} INFO - [2023-05-18T17:13:17.477+0000] {taskmixin.py:211} WARNING - Dependency <Task(BashOperator): create_tag>, delete_tag already registered for DAG: example_complex
[2023-05-18T17:13:17.477+0000] {logging_mixin.py:149} INFO - [2023-05-18T17:13:17.477+0000] {taskmixin.py:211} WARNING - Dependency <Task(BashOperator): delete_tag>, create_tag already registered for DAG: example_complex
[2023-05-18T17:13:17.479+0000] {processor.py:809} INFO - DAG(s) dict_keys(['example_complex']) retrieved from /home/airflow/.local/lib/python3.7/site-packages/airflow/example_dags/example_complex.py
[2023-05-18T17:13:17.515+0000] {logging_mixin.py:149} INFO - [2023-05-18T17:13:17.515+0000] {dag.py:2726} INFO - Sync 1 DAGs
[2023-05-18T17:13:17.541+0000] {logging_mixin.py:149} INFO - [2023-05-18T17:13:17.541+0000] {dag.py:3490} INFO - Setting next_dagrun for example_complex to None, run_after=None
[2023-05-18T17:13:17.561+0000] {processor.py:178} INFO - Processing /home/airflow/.local/lib/python3.7/site-packages/airflow/example_dags/example_complex.py took 0.103 seconds
[2023-05-18T17:13:48.134+0000] {processor.py:156} INFO - Started process (PID=106) to work on /home/airflow/.local/lib/python3.7/site-packages/airflow/example_dags/example_complex.py
[2023-05-18T17:13:48.136+0000] {processor.py:799} INFO - Processing file /home/airflow/.local/lib/python3.7/site-packages/airflow/example_dags/example_complex.py for tasks to queue
[2023-05-18T17:13:48.137+0000] {logging_mixin.py:149} INFO - [2023-05-18T17:13:48.136+0000] {dagbag.py:541} INFO - Filling up the DagBag from /home/airflow/.local/lib/python3.7/site-packages/airflow/example_dags/example_complex.py
[2023-05-18T17:13:48.157+0000] {logging_mixin.py:149} INFO - [2023-05-18T17:13:48.157+0000] {taskmixin.py:211} WARNING - Dependency <Task(BashOperator): create_entry_group>, delete_entry_group already registered for DAG: example_complex
[2023-05-18T17:13:48.157+0000] {logging_mixin.py:149} INFO - [2023-05-18T17:13:48.157+0000] {taskmixin.py:211} WARNING - Dependency <Task(BashOperator): delete_entry_group>, create_entry_group already registered for DAG: example_complex
[2023-05-18T17:13:48.158+0000] {logging_mixin.py:149} INFO - [2023-05-18T17:13:48.158+0000] {taskmixin.py:211} WARNING - Dependency <Task(BashOperator): create_entry_gcs>, delete_entry already registered for DAG: example_complex
[2023-05-18T17:13:48.158+0000] {logging_mixin.py:149} INFO - [2023-05-18T17:13:48.158+0000] {taskmixin.py:211} WARNING - Dependency <Task(BashOperator): delete_entry>, create_entry_gcs already registered for DAG: example_complex
[2023-05-18T17:13:48.159+0000] {logging_mixin.py:149} INFO - [2023-05-18T17:13:48.159+0000] {taskmixin.py:211} WARNING - Dependency <Task(BashOperator): create_tag>, delete_tag already registered for DAG: example_complex
[2023-05-18T17:13:48.159+0000] {logging_mixin.py:149} INFO - [2023-05-18T17:13:48.159+0000] {taskmixin.py:211} WARNING - Dependency <Task(BashOperator): delete_tag>, create_tag already registered for DAG: example_complex
[2023-05-18T17:13:48.163+0000] {processor.py:809} INFO - DAG(s) dict_keys(['example_complex']) retrieved from /home/airflow/.local/lib/python3.7/site-packages/airflow/example_dags/example_complex.py
[2023-05-18T17:13:48.210+0000] {logging_mixin.py:149} INFO - [2023-05-18T17:13:48.210+0000] {dag.py:2726} INFO - Sync 1 DAGs
[2023-05-18T17:13:48.248+0000] {logging_mixin.py:149} INFO - [2023-05-18T17:13:48.248+0000] {dag.py:3490} INFO - Setting next_dagrun for example_complex to None, run_after=None
[2023-05-18T17:13:48.273+0000] {processor.py:178} INFO - Processing /home/airflow/.local/lib/python3.7/site-packages/airflow/example_dags/example_complex.py took 0.144 seconds
