[2023-05-18T17:04:54.124+0000] {processor.py:156} INFO - Started process (PID=29060) to work on /home/airflow/.local/lib/python3.7/site-packages/airflow/example_dags/example_subdag_operator.py
[2023-05-18T17:04:54.125+0000] {processor.py:799} INFO - Processing file /home/airflow/.local/lib/python3.7/site-packages/airflow/example_dags/example_subdag_operator.py for tasks to queue
[2023-05-18T17:04:54.126+0000] {logging_mixin.py:149} INFO - [2023-05-18T17:04:54.126+0000] {dagbag.py:541} INFO - Filling up the DagBag from /home/airflow/.local/lib/python3.7/site-packages/airflow/example_dags/example_subdag_operator.py
[2023-05-18T17:04:54.177+0000] {processor.py:809} INFO - DAG(s) dict_keys(['example_subdag_operator.section-1', 'example_subdag_operator.section-2', 'example_subdag_operator']) retrieved from /home/airflow/.local/lib/python3.7/site-packages/airflow/example_dags/example_subdag_operator.py
[2023-05-18T17:04:54.229+0000] {logging_mixin.py:149} INFO - [2023-05-18T17:04:54.229+0000] {dag.py:2726} INFO - Sync 3 DAGs
[2023-05-18T17:04:54.289+0000] {logging_mixin.py:149} INFO - [2023-05-18T17:04:54.289+0000] {dag.py:3490} INFO - Setting next_dagrun for example_subdag_operator to 2022-01-01T00:00:00+00:00, run_after=2022-01-01T00:00:00+00:00
[2023-05-18T17:04:54.299+0000] {logging_mixin.py:149} INFO - [2023-05-18T17:04:54.299+0000] {dag.py:3490} INFO - Setting next_dagrun for example_subdag_operator.section-1 to None, run_after=None
[2023-05-18T17:04:54.302+0000] {logging_mixin.py:149} INFO - [2023-05-18T17:04:54.302+0000] {dag.py:3490} INFO - Setting next_dagrun for example_subdag_operator.section-2 to None, run_after=None
[2023-05-18T17:04:54.319+0000] {logging_mixin.py:149} INFO - [2023-05-18T17:04:54.319+0000] {dag.py:2726} INFO - Sync 2 DAGs
[2023-05-18T17:04:54.337+0000] {logging_mixin.py:149} INFO - [2023-05-18T17:04:54.337+0000] {dag.py:3490} INFO - Setting next_dagrun for example_subdag_operator.section-1 to None, run_after=None
[2023-05-18T17:04:54.337+0000] {logging_mixin.py:149} INFO - [2023-05-18T17:04:54.337+0000] {dag.py:3490} INFO - Setting next_dagrun for example_subdag_operator.section-2 to None, run_after=None
[2023-05-18T17:04:54.361+0000] {processor.py:178} INFO - Processing /home/airflow/.local/lib/python3.7/site-packages/airflow/example_dags/example_subdag_operator.py took 0.243 seconds
[2023-05-18T17:05:37.809+0000] {processor.py:156} INFO - Started process (PID=41) to work on /home/airflow/.local/lib/python3.7/site-packages/airflow/example_dags/example_subdag_operator.py
[2023-05-18T17:05:37.809+0000] {processor.py:799} INFO - Processing file /home/airflow/.local/lib/python3.7/site-packages/airflow/example_dags/example_subdag_operator.py for tasks to queue
[2023-05-18T17:05:37.810+0000] {logging_mixin.py:149} INFO - [2023-05-18T17:05:37.810+0000] {dagbag.py:541} INFO - Filling up the DagBag from /home/airflow/.local/lib/python3.7/site-packages/airflow/example_dags/example_subdag_operator.py
[2023-05-18T17:05:37.832+0000] {processor.py:809} INFO - DAG(s) dict_keys(['example_subdag_operator.section-1', 'example_subdag_operator.section-2', 'example_subdag_operator']) retrieved from /home/airflow/.local/lib/python3.7/site-packages/airflow/example_dags/example_subdag_operator.py
[2023-05-18T17:05:37.858+0000] {logging_mixin.py:149} INFO - [2023-05-18T17:05:37.858+0000] {dag.py:2726} INFO - Sync 3 DAGs
[2023-05-18T17:05:37.887+0000] {logging_mixin.py:149} INFO - [2023-05-18T17:05:37.887+0000] {dag.py:3490} INFO - Setting next_dagrun for example_subdag_operator to 2022-01-01T00:00:00+00:00, run_after=2022-01-01T00:00:00+00:00
[2023-05-18T17:05:37.891+0000] {logging_mixin.py:149} INFO - [2023-05-18T17:05:37.891+0000] {dag.py:3490} INFO - Setting next_dagrun for example_subdag_operator.section-1 to None, run_after=None
[2023-05-18T17:05:37.893+0000] {logging_mixin.py:149} INFO - [2023-05-18T17:05:37.893+0000] {dag.py:3490} INFO - Setting next_dagrun for example_subdag_operator.section-2 to None, run_after=None
[2023-05-18T17:05:37.902+0000] {logging_mixin.py:149} INFO - [2023-05-18T17:05:37.901+0000] {dag.py:2726} INFO - Sync 2 DAGs
[2023-05-18T17:05:37.909+0000] {logging_mixin.py:149} INFO - [2023-05-18T17:05:37.908+0000] {dag.py:3490} INFO - Setting next_dagrun for example_subdag_operator.section-1 to None, run_after=None
[2023-05-18T17:05:37.909+0000] {logging_mixin.py:149} INFO - [2023-05-18T17:05:37.909+0000] {dag.py:3490} INFO - Setting next_dagrun for example_subdag_operator.section-2 to None, run_after=None
[2023-05-18T17:05:37.922+0000] {processor.py:178} INFO - Processing /home/airflow/.local/lib/python3.7/site-packages/airflow/example_dags/example_subdag_operator.py took 0.115 seconds
[2023-05-18T17:09:55.341+0000] {processor.py:156} INFO - Started process (PID=93) to work on /home/airflow/.local/lib/python3.7/site-packages/airflow/example_dags/example_subdag_operator.py
[2023-05-18T17:09:55.342+0000] {processor.py:799} INFO - Processing file /home/airflow/.local/lib/python3.7/site-packages/airflow/example_dags/example_subdag_operator.py for tasks to queue
[2023-05-18T17:09:55.343+0000] {logging_mixin.py:149} INFO - [2023-05-18T17:09:55.342+0000] {dagbag.py:541} INFO - Filling up the DagBag from /home/airflow/.local/lib/python3.7/site-packages/airflow/example_dags/example_subdag_operator.py
[2023-05-18T17:09:55.373+0000] {processor.py:809} INFO - DAG(s) dict_keys(['example_subdag_operator.section-1', 'example_subdag_operator.section-2', 'example_subdag_operator']) retrieved from /home/airflow/.local/lib/python3.7/site-packages/airflow/example_dags/example_subdag_operator.py
[2023-05-18T17:09:55.403+0000] {logging_mixin.py:149} INFO - [2023-05-18T17:09:55.402+0000] {dag.py:2726} INFO - Sync 3 DAGs
[2023-05-18T17:09:55.454+0000] {logging_mixin.py:149} INFO - [2023-05-18T17:09:55.454+0000] {dag.py:3490} INFO - Setting next_dagrun for example_subdag_operator to 2022-01-01T00:00:00+00:00, run_after=2022-01-01T00:00:00+00:00
[2023-05-18T17:09:55.462+0000] {logging_mixin.py:149} INFO - [2023-05-18T17:09:55.462+0000] {dag.py:3490} INFO - Setting next_dagrun for example_subdag_operator.section-1 to None, run_after=None
[2023-05-18T17:09:55.466+0000] {logging_mixin.py:149} INFO - [2023-05-18T17:09:55.465+0000] {dag.py:3490} INFO - Setting next_dagrun for example_subdag_operator.section-2 to None, run_after=None
[2023-05-18T17:09:55.483+0000] {logging_mixin.py:149} INFO - [2023-05-18T17:09:55.482+0000] {dag.py:2726} INFO - Sync 2 DAGs
[2023-05-18T17:09:55.497+0000] {logging_mixin.py:149} INFO - [2023-05-18T17:09:55.497+0000] {dag.py:3490} INFO - Setting next_dagrun for example_subdag_operator.section-1 to None, run_after=None
[2023-05-18T17:09:55.498+0000] {logging_mixin.py:149} INFO - [2023-05-18T17:09:55.498+0000] {dag.py:3490} INFO - Setting next_dagrun for example_subdag_operator.section-2 to None, run_after=None
[2023-05-18T17:09:55.525+0000] {processor.py:178} INFO - Processing /home/airflow/.local/lib/python3.7/site-packages/airflow/example_dags/example_subdag_operator.py took 0.187 seconds
[2023-05-18T17:13:17.078+0000] {processor.py:156} INFO - Started process (PID=41) to work on /home/airflow/.local/lib/python3.7/site-packages/airflow/example_dags/example_subdag_operator.py
[2023-05-18T17:13:17.079+0000] {processor.py:799} INFO - Processing file /home/airflow/.local/lib/python3.7/site-packages/airflow/example_dags/example_subdag_operator.py for tasks to queue
[2023-05-18T17:13:17.080+0000] {logging_mixin.py:149} INFO - [2023-05-18T17:13:17.079+0000] {dagbag.py:541} INFO - Filling up the DagBag from /home/airflow/.local/lib/python3.7/site-packages/airflow/example_dags/example_subdag_operator.py
[2023-05-18T17:13:17.101+0000] {processor.py:809} INFO - DAG(s) dict_keys(['example_subdag_operator.section-1', 'example_subdag_operator.section-2', 'example_subdag_operator']) retrieved from /home/airflow/.local/lib/python3.7/site-packages/airflow/example_dags/example_subdag_operator.py
[2023-05-18T17:13:17.126+0000] {logging_mixin.py:149} INFO - [2023-05-18T17:13:17.125+0000] {dag.py:2726} INFO - Sync 3 DAGs
[2023-05-18T17:13:17.153+0000] {logging_mixin.py:149} INFO - [2023-05-18T17:13:17.153+0000] {dag.py:3490} INFO - Setting next_dagrun for example_subdag_operator to 2022-01-01T00:00:00+00:00, run_after=2022-01-01T00:00:00+00:00
[2023-05-18T17:13:17.157+0000] {logging_mixin.py:149} INFO - [2023-05-18T17:13:17.157+0000] {dag.py:3490} INFO - Setting next_dagrun for example_subdag_operator.section-1 to None, run_after=None
[2023-05-18T17:13:17.159+0000] {logging_mixin.py:149} INFO - [2023-05-18T17:13:17.159+0000] {dag.py:3490} INFO - Setting next_dagrun for example_subdag_operator.section-2 to None, run_after=None
[2023-05-18T17:13:17.168+0000] {logging_mixin.py:149} INFO - [2023-05-18T17:13:17.167+0000] {dag.py:2726} INFO - Sync 2 DAGs
[2023-05-18T17:13:17.175+0000] {logging_mixin.py:149} INFO - [2023-05-18T17:13:17.175+0000] {dag.py:3490} INFO - Setting next_dagrun for example_subdag_operator.section-1 to None, run_after=None
[2023-05-18T17:13:17.175+0000] {logging_mixin.py:149} INFO - [2023-05-18T17:13:17.175+0000] {dag.py:3490} INFO - Setting next_dagrun for example_subdag_operator.section-2 to None, run_after=None
[2023-05-18T17:13:17.189+0000] {processor.py:178} INFO - Processing /home/airflow/.local/lib/python3.7/site-packages/airflow/example_dags/example_subdag_operator.py took 0.113 seconds
[2023-05-18T17:13:47.650+0000] {processor.py:156} INFO - Started process (PID=100) to work on /home/airflow/.local/lib/python3.7/site-packages/airflow/example_dags/example_subdag_operator.py
[2023-05-18T17:13:47.651+0000] {processor.py:799} INFO - Processing file /home/airflow/.local/lib/python3.7/site-packages/airflow/example_dags/example_subdag_operator.py for tasks to queue
[2023-05-18T17:13:47.652+0000] {logging_mixin.py:149} INFO - [2023-05-18T17:13:47.652+0000] {dagbag.py:541} INFO - Filling up the DagBag from /home/airflow/.local/lib/python3.7/site-packages/airflow/example_dags/example_subdag_operator.py
[2023-05-18T17:13:47.688+0000] {processor.py:809} INFO - DAG(s) dict_keys(['example_subdag_operator.section-1', 'example_subdag_operator.section-2', 'example_subdag_operator']) retrieved from /home/airflow/.local/lib/python3.7/site-packages/airflow/example_dags/example_subdag_operator.py
[2023-05-18T17:13:47.716+0000] {logging_mixin.py:149} INFO - [2023-05-18T17:13:47.715+0000] {dag.py:2726} INFO - Sync 3 DAGs
[2023-05-18T17:13:47.753+0000] {logging_mixin.py:149} INFO - [2023-05-18T17:13:47.752+0000] {dag.py:3490} INFO - Setting next_dagrun for example_subdag_operator to 2022-01-01T00:00:00+00:00, run_after=2022-01-01T00:00:00+00:00
[2023-05-18T17:13:47.758+0000] {logging_mixin.py:149} INFO - [2023-05-18T17:13:47.758+0000] {dag.py:3490} INFO - Setting next_dagrun for example_subdag_operator.section-1 to None, run_after=None
[2023-05-18T17:13:47.760+0000] {logging_mixin.py:149} INFO - [2023-05-18T17:13:47.760+0000] {dag.py:3490} INFO - Setting next_dagrun for example_subdag_operator.section-2 to None, run_after=None
[2023-05-18T17:13:47.771+0000] {logging_mixin.py:149} INFO - [2023-05-18T17:13:47.771+0000] {dag.py:2726} INFO - Sync 2 DAGs
[2023-05-18T17:13:47.780+0000] {logging_mixin.py:149} INFO - [2023-05-18T17:13:47.780+0000] {dag.py:3490} INFO - Setting next_dagrun for example_subdag_operator.section-1 to None, run_after=None
[2023-05-18T17:13:47.781+0000] {logging_mixin.py:149} INFO - [2023-05-18T17:13:47.780+0000] {dag.py:3490} INFO - Setting next_dagrun for example_subdag_operator.section-2 to None, run_after=None
[2023-05-18T17:13:47.797+0000] {processor.py:178} INFO - Processing /home/airflow/.local/lib/python3.7/site-packages/airflow/example_dags/example_subdag_operator.py took 0.152 seconds
