[2023-05-18T17:04:53.870+0000] {processor.py:156} INFO - Started process (PID=29058) to work on /home/airflow/.local/lib/python3.7/site-packages/airflow/example_dags/example_python_operator.py
[2023-05-18T17:04:53.872+0000] {processor.py:799} INFO - Processing file /home/airflow/.local/lib/python3.7/site-packages/airflow/example_dags/example_python_operator.py for tasks to queue
[2023-05-18T17:04:53.873+0000] {logging_mixin.py:149} INFO - [2023-05-18T17:04:53.872+0000] {dagbag.py:541} INFO - Filling up the DagBag from /home/airflow/.local/lib/python3.7/site-packages/airflow/example_dags/example_python_operator.py
[2023-05-18T17:04:53.885+0000] {logging_mixin.py:149} INFO - [2023-05-18T17:04:53.885+0000] {taskmixin.py:211} WARNING - Dependency <Task(_PythonDecoratedOperator): print_the_context>, log_sql_query already registered for DAG: example_python_operator
[2023-05-18T17:04:53.885+0000] {logging_mixin.py:149} INFO - [2023-05-18T17:04:53.885+0000] {taskmixin.py:211} WARNING - Dependency <Task(_PythonDecoratedOperator): log_sql_query>, print_the_context already registered for DAG: example_python_operator
[2023-05-18T17:04:53.887+0000] {logging_mixin.py:149} INFO - [2023-05-18T17:04:53.887+0000] {taskmixin.py:211} WARNING - Dependency <Task(_PythonDecoratedOperator): print_the_context>, log_sql_query already registered for DAG: example_python_operator
[2023-05-18T17:04:53.887+0000] {logging_mixin.py:149} INFO - [2023-05-18T17:04:53.887+0000] {taskmixin.py:211} WARNING - Dependency <Task(_PythonDecoratedOperator): log_sql_query>, print_the_context already registered for DAG: example_python_operator
[2023-05-18T17:04:53.889+0000] {logging_mixin.py:149} INFO - [2023-05-18T17:04:53.888+0000] {taskmixin.py:211} WARNING - Dependency <Task(_PythonDecoratedOperator): print_the_context>, log_sql_query already registered for DAG: example_python_operator
[2023-05-18T17:04:53.889+0000] {logging_mixin.py:149} INFO - [2023-05-18T17:04:53.889+0000] {taskmixin.py:211} WARNING - Dependency <Task(_PythonDecoratedOperator): log_sql_query>, print_the_context already registered for DAG: example_python_operator
[2023-05-18T17:04:53.890+0000] {logging_mixin.py:149} INFO - [2023-05-18T17:04:53.890+0000] {taskmixin.py:211} WARNING - Dependency <Task(_PythonDecoratedOperator): print_the_context>, log_sql_query already registered for DAG: example_python_operator
[2023-05-18T17:04:53.891+0000] {logging_mixin.py:149} INFO - [2023-05-18T17:04:53.890+0000] {taskmixin.py:211} WARNING - Dependency <Task(_PythonDecoratedOperator): log_sql_query>, print_the_context already registered for DAG: example_python_operator
[2023-05-18T17:04:53.896+0000] {processor.py:809} INFO - DAG(s) dict_keys(['example_python_operator']) retrieved from /home/airflow/.local/lib/python3.7/site-packages/airflow/example_dags/example_python_operator.py
[2023-05-18T17:04:53.967+0000] {logging_mixin.py:149} INFO - [2023-05-18T17:04:53.967+0000] {dag.py:2726} INFO - Sync 1 DAGs
[2023-05-18T17:04:54.038+0000] {logging_mixin.py:149} INFO - [2023-05-18T17:04:54.037+0000] {dag.py:3490} INFO - Setting next_dagrun for example_python_operator to None, run_after=None
[2023-05-18T17:04:54.081+0000] {processor.py:178} INFO - Processing /home/airflow/.local/lib/python3.7/site-packages/airflow/example_dags/example_python_operator.py took 0.229 seconds
[2023-05-18T17:05:37.654+0000] {processor.py:156} INFO - Started process (PID=39) to work on /home/airflow/.local/lib/python3.7/site-packages/airflow/example_dags/example_python_operator.py
[2023-05-18T17:05:37.655+0000] {processor.py:799} INFO - Processing file /home/airflow/.local/lib/python3.7/site-packages/airflow/example_dags/example_python_operator.py for tasks to queue
[2023-05-18T17:05:37.656+0000] {logging_mixin.py:149} INFO - [2023-05-18T17:05:37.656+0000] {dagbag.py:541} INFO - Filling up the DagBag from /home/airflow/.local/lib/python3.7/site-packages/airflow/example_dags/example_python_operator.py
[2023-05-18T17:05:37.662+0000] {logging_mixin.py:149} INFO - [2023-05-18T17:05:37.662+0000] {taskmixin.py:211} WARNING - Dependency <Task(_PythonDecoratedOperator): print_the_context>, log_sql_query already registered for DAG: example_python_operator
[2023-05-18T17:05:37.662+0000] {logging_mixin.py:149} INFO - [2023-05-18T17:05:37.662+0000] {taskmixin.py:211} WARNING - Dependency <Task(_PythonDecoratedOperator): log_sql_query>, print_the_context already registered for DAG: example_python_operator
[2023-05-18T17:05:37.663+0000] {logging_mixin.py:149} INFO - [2023-05-18T17:05:37.663+0000] {taskmixin.py:211} WARNING - Dependency <Task(_PythonDecoratedOperator): print_the_context>, log_sql_query already registered for DAG: example_python_operator
[2023-05-18T17:05:37.663+0000] {logging_mixin.py:149} INFO - [2023-05-18T17:05:37.663+0000] {taskmixin.py:211} WARNING - Dependency <Task(_PythonDecoratedOperator): log_sql_query>, print_the_context already registered for DAG: example_python_operator
[2023-05-18T17:05:37.664+0000] {logging_mixin.py:149} INFO - [2023-05-18T17:05:37.664+0000] {taskmixin.py:211} WARNING - Dependency <Task(_PythonDecoratedOperator): print_the_context>, log_sql_query already registered for DAG: example_python_operator
[2023-05-18T17:05:37.664+0000] {logging_mixin.py:149} INFO - [2023-05-18T17:05:37.664+0000] {taskmixin.py:211} WARNING - Dependency <Task(_PythonDecoratedOperator): log_sql_query>, print_the_context already registered for DAG: example_python_operator
[2023-05-18T17:05:37.664+0000] {logging_mixin.py:149} INFO - [2023-05-18T17:05:37.664+0000] {taskmixin.py:211} WARNING - Dependency <Task(_PythonDecoratedOperator): print_the_context>, log_sql_query already registered for DAG: example_python_operator
[2023-05-18T17:05:37.665+0000] {logging_mixin.py:149} INFO - [2023-05-18T17:05:37.665+0000] {taskmixin.py:211} WARNING - Dependency <Task(_PythonDecoratedOperator): log_sql_query>, print_the_context already registered for DAG: example_python_operator
[2023-05-18T17:05:37.669+0000] {processor.py:809} INFO - DAG(s) dict_keys(['example_python_operator']) retrieved from /home/airflow/.local/lib/python3.7/site-packages/airflow/example_dags/example_python_operator.py
[2023-05-18T17:05:37.741+0000] {logging_mixin.py:149} INFO - [2023-05-18T17:05:37.740+0000] {dag.py:2726} INFO - Sync 1 DAGs
[2023-05-18T17:05:37.769+0000] {logging_mixin.py:149} INFO - [2023-05-18T17:05:37.769+0000] {dag.py:3490} INFO - Setting next_dagrun for example_python_operator to None, run_after=None
[2023-05-18T17:05:37.791+0000] {processor.py:178} INFO - Processing /home/airflow/.local/lib/python3.7/site-packages/airflow/example_dags/example_python_operator.py took 0.139 seconds
[2023-05-18T17:09:55.185+0000] {processor.py:156} INFO - Started process (PID=91) to work on /home/airflow/.local/lib/python3.7/site-packages/airflow/example_dags/example_python_operator.py
[2023-05-18T17:09:55.186+0000] {processor.py:799} INFO - Processing file /home/airflow/.local/lib/python3.7/site-packages/airflow/example_dags/example_python_operator.py for tasks to queue
[2023-05-18T17:09:55.187+0000] {logging_mixin.py:149} INFO - [2023-05-18T17:09:55.187+0000] {dagbag.py:541} INFO - Filling up the DagBag from /home/airflow/.local/lib/python3.7/site-packages/airflow/example_dags/example_python_operator.py
[2023-05-18T17:09:55.199+0000] {logging_mixin.py:149} INFO - [2023-05-18T17:09:55.198+0000] {taskmixin.py:211} WARNING - Dependency <Task(_PythonDecoratedOperator): print_the_context>, log_sql_query already registered for DAG: example_python_operator
[2023-05-18T17:09:55.199+0000] {logging_mixin.py:149} INFO - [2023-05-18T17:09:55.199+0000] {taskmixin.py:211} WARNING - Dependency <Task(_PythonDecoratedOperator): log_sql_query>, print_the_context already registered for DAG: example_python_operator
[2023-05-18T17:09:55.201+0000] {logging_mixin.py:149} INFO - [2023-05-18T17:09:55.201+0000] {taskmixin.py:211} WARNING - Dependency <Task(_PythonDecoratedOperator): print_the_context>, log_sql_query already registered for DAG: example_python_operator
[2023-05-18T17:09:55.201+0000] {logging_mixin.py:149} INFO - [2023-05-18T17:09:55.201+0000] {taskmixin.py:211} WARNING - Dependency <Task(_PythonDecoratedOperator): log_sql_query>, print_the_context already registered for DAG: example_python_operator
[2023-05-18T17:09:55.202+0000] {logging_mixin.py:149} INFO - [2023-05-18T17:09:55.202+0000] {taskmixin.py:211} WARNING - Dependency <Task(_PythonDecoratedOperator): print_the_context>, log_sql_query already registered for DAG: example_python_operator
[2023-05-18T17:09:55.203+0000] {logging_mixin.py:149} INFO - [2023-05-18T17:09:55.203+0000] {taskmixin.py:211} WARNING - Dependency <Task(_PythonDecoratedOperator): log_sql_query>, print_the_context already registered for DAG: example_python_operator
[2023-05-18T17:09:55.204+0000] {logging_mixin.py:149} INFO - [2023-05-18T17:09:55.204+0000] {taskmixin.py:211} WARNING - Dependency <Task(_PythonDecoratedOperator): print_the_context>, log_sql_query already registered for DAG: example_python_operator
[2023-05-18T17:09:55.204+0000] {logging_mixin.py:149} INFO - [2023-05-18T17:09:55.204+0000] {taskmixin.py:211} WARNING - Dependency <Task(_PythonDecoratedOperator): log_sql_query>, print_the_context already registered for DAG: example_python_operator
[2023-05-18T17:09:55.210+0000] {processor.py:809} INFO - DAG(s) dict_keys(['example_python_operator']) retrieved from /home/airflow/.local/lib/python3.7/site-packages/airflow/example_dags/example_python_operator.py
[2023-05-18T17:09:55.252+0000] {logging_mixin.py:149} INFO - [2023-05-18T17:09:55.252+0000] {dag.py:2726} INFO - Sync 1 DAGs
[2023-05-18T17:09:55.289+0000] {logging_mixin.py:149} INFO - [2023-05-18T17:09:55.289+0000] {dag.py:3490} INFO - Setting next_dagrun for example_python_operator to None, run_after=None
[2023-05-18T17:09:55.317+0000] {processor.py:178} INFO - Processing /home/airflow/.local/lib/python3.7/site-packages/airflow/example_dags/example_python_operator.py took 0.138 seconds
[2023-05-18T17:13:16.933+0000] {processor.py:156} INFO - Started process (PID=39) to work on /home/airflow/.local/lib/python3.7/site-packages/airflow/example_dags/example_python_operator.py
[2023-05-18T17:13:16.934+0000] {processor.py:799} INFO - Processing file /home/airflow/.local/lib/python3.7/site-packages/airflow/example_dags/example_python_operator.py for tasks to queue
[2023-05-18T17:13:16.934+0000] {logging_mixin.py:149} INFO - [2023-05-18T17:13:16.934+0000] {dagbag.py:541} INFO - Filling up the DagBag from /home/airflow/.local/lib/python3.7/site-packages/airflow/example_dags/example_python_operator.py
[2023-05-18T17:13:16.940+0000] {logging_mixin.py:149} INFO - [2023-05-18T17:13:16.940+0000] {taskmixin.py:211} WARNING - Dependency <Task(_PythonDecoratedOperator): print_the_context>, log_sql_query already registered for DAG: example_python_operator
[2023-05-18T17:13:16.940+0000] {logging_mixin.py:149} INFO - [2023-05-18T17:13:16.940+0000] {taskmixin.py:211} WARNING - Dependency <Task(_PythonDecoratedOperator): log_sql_query>, print_the_context already registered for DAG: example_python_operator
[2023-05-18T17:13:16.941+0000] {logging_mixin.py:149} INFO - [2023-05-18T17:13:16.941+0000] {taskmixin.py:211} WARNING - Dependency <Task(_PythonDecoratedOperator): print_the_context>, log_sql_query already registered for DAG: example_python_operator
[2023-05-18T17:13:16.941+0000] {logging_mixin.py:149} INFO - [2023-05-18T17:13:16.941+0000] {taskmixin.py:211} WARNING - Dependency <Task(_PythonDecoratedOperator): log_sql_query>, print_the_context already registered for DAG: example_python_operator
[2023-05-18T17:13:16.942+0000] {logging_mixin.py:149} INFO - [2023-05-18T17:13:16.942+0000] {taskmixin.py:211} WARNING - Dependency <Task(_PythonDecoratedOperator): print_the_context>, log_sql_query already registered for DAG: example_python_operator
[2023-05-18T17:13:16.942+0000] {logging_mixin.py:149} INFO - [2023-05-18T17:13:16.942+0000] {taskmixin.py:211} WARNING - Dependency <Task(_PythonDecoratedOperator): log_sql_query>, print_the_context already registered for DAG: example_python_operator
[2023-05-18T17:13:16.942+0000] {logging_mixin.py:149} INFO - [2023-05-18T17:13:16.942+0000] {taskmixin.py:211} WARNING - Dependency <Task(_PythonDecoratedOperator): print_the_context>, log_sql_query already registered for DAG: example_python_operator
[2023-05-18T17:13:16.942+0000] {logging_mixin.py:149} INFO - [2023-05-18T17:13:16.942+0000] {taskmixin.py:211} WARNING - Dependency <Task(_PythonDecoratedOperator): log_sql_query>, print_the_context already registered for DAG: example_python_operator
[2023-05-18T17:13:16.947+0000] {processor.py:809} INFO - DAG(s) dict_keys(['example_python_operator']) retrieved from /home/airflow/.local/lib/python3.7/site-packages/airflow/example_dags/example_python_operator.py
[2023-05-18T17:13:17.016+0000] {logging_mixin.py:149} INFO - [2023-05-18T17:13:17.016+0000] {dag.py:2726} INFO - Sync 1 DAGs
[2023-05-18T17:13:17.039+0000] {logging_mixin.py:149} INFO - [2023-05-18T17:13:17.039+0000] {dag.py:3490} INFO - Setting next_dagrun for example_python_operator to None, run_after=None
[2023-05-18T17:13:17.064+0000] {processor.py:178} INFO - Processing /home/airflow/.local/lib/python3.7/site-packages/airflow/example_dags/example_python_operator.py took 0.133 seconds
[2023-05-18T17:13:47.510+0000] {processor.py:156} INFO - Started process (PID=98) to work on /home/airflow/.local/lib/python3.7/site-packages/airflow/example_dags/example_python_operator.py
[2023-05-18T17:13:47.511+0000] {processor.py:799} INFO - Processing file /home/airflow/.local/lib/python3.7/site-packages/airflow/example_dags/example_python_operator.py for tasks to queue
[2023-05-18T17:13:47.512+0000] {logging_mixin.py:149} INFO - [2023-05-18T17:13:47.512+0000] {dagbag.py:541} INFO - Filling up the DagBag from /home/airflow/.local/lib/python3.7/site-packages/airflow/example_dags/example_python_operator.py
[2023-05-18T17:13:47.523+0000] {logging_mixin.py:149} INFO - [2023-05-18T17:13:47.523+0000] {taskmixin.py:211} WARNING - Dependency <Task(_PythonDecoratedOperator): print_the_context>, log_sql_query already registered for DAG: example_python_operator
[2023-05-18T17:13:47.523+0000] {logging_mixin.py:149} INFO - [2023-05-18T17:13:47.523+0000] {taskmixin.py:211} WARNING - Dependency <Task(_PythonDecoratedOperator): log_sql_query>, print_the_context already registered for DAG: example_python_operator
[2023-05-18T17:13:47.525+0000] {logging_mixin.py:149} INFO - [2023-05-18T17:13:47.525+0000] {taskmixin.py:211} WARNING - Dependency <Task(_PythonDecoratedOperator): print_the_context>, log_sql_query already registered for DAG: example_python_operator
[2023-05-18T17:13:47.525+0000] {logging_mixin.py:149} INFO - [2023-05-18T17:13:47.525+0000] {taskmixin.py:211} WARNING - Dependency <Task(_PythonDecoratedOperator): log_sql_query>, print_the_context already registered for DAG: example_python_operator
[2023-05-18T17:13:47.526+0000] {logging_mixin.py:149} INFO - [2023-05-18T17:13:47.526+0000] {taskmixin.py:211} WARNING - Dependency <Task(_PythonDecoratedOperator): print_the_context>, log_sql_query already registered for DAG: example_python_operator
[2023-05-18T17:13:47.527+0000] {logging_mixin.py:149} INFO - [2023-05-18T17:13:47.527+0000] {taskmixin.py:211} WARNING - Dependency <Task(_PythonDecoratedOperator): log_sql_query>, print_the_context already registered for DAG: example_python_operator
[2023-05-18T17:13:47.528+0000] {logging_mixin.py:149} INFO - [2023-05-18T17:13:47.528+0000] {taskmixin.py:211} WARNING - Dependency <Task(_PythonDecoratedOperator): print_the_context>, log_sql_query already registered for DAG: example_python_operator
[2023-05-18T17:13:47.528+0000] {logging_mixin.py:149} INFO - [2023-05-18T17:13:47.528+0000] {taskmixin.py:211} WARNING - Dependency <Task(_PythonDecoratedOperator): log_sql_query>, print_the_context already registered for DAG: example_python_operator
[2023-05-18T17:13:47.534+0000] {processor.py:809} INFO - DAG(s) dict_keys(['example_python_operator']) retrieved from /home/airflow/.local/lib/python3.7/site-packages/airflow/example_dags/example_python_operator.py
[2023-05-18T17:13:47.577+0000] {logging_mixin.py:149} INFO - [2023-05-18T17:13:47.577+0000] {dag.py:2726} INFO - Sync 1 DAGs
[2023-05-18T17:13:47.615+0000] {logging_mixin.py:149} INFO - [2023-05-18T17:13:47.615+0000] {dag.py:3490} INFO - Setting next_dagrun for example_python_operator to None, run_after=None
[2023-05-18T17:13:47.645+0000] {processor.py:178} INFO - Processing /home/airflow/.local/lib/python3.7/site-packages/airflow/example_dags/example_python_operator.py took 0.141 seconds
