[2023-05-18T17:04:54.790+0000] {processor.py:156} INFO - Started process (PID=29065) to work on /home/airflow/.local/lib/python3.7/site-packages/airflow/example_dags/example_setup_teardown_taskflow.py
[2023-05-18T17:04:54.791+0000] {processor.py:799} INFO - Processing file /home/airflow/.local/lib/python3.7/site-packages/airflow/example_dags/example_setup_teardown_taskflow.py for tasks to queue
[2023-05-18T17:04:54.792+0000] {logging_mixin.py:149} INFO - [2023-05-18T17:04:54.792+0000] {dagbag.py:541} INFO - Filling up the DagBag from /home/airflow/.local/lib/python3.7/site-packages/airflow/example_dags/example_setup_teardown_taskflow.py
[2023-05-18T17:04:54.795+0000] {processor.py:811} WARNING - No viable dags retrieved from /home/airflow/.local/lib/python3.7/site-packages/airflow/example_dags/example_setup_teardown_taskflow.py
[2023-05-18T17:04:54.819+0000] {processor.py:178} INFO - Processing /home/airflow/.local/lib/python3.7/site-packages/airflow/example_dags/example_setup_teardown_taskflow.py took 0.035 seconds
[2023-05-18T17:05:38.124+0000] {processor.py:156} INFO - Started process (PID=46) to work on /home/airflow/.local/lib/python3.7/site-packages/airflow/example_dags/example_setup_teardown_taskflow.py
[2023-05-18T17:05:38.125+0000] {processor.py:799} INFO - Processing file /home/airflow/.local/lib/python3.7/site-packages/airflow/example_dags/example_setup_teardown_taskflow.py for tasks to queue
[2023-05-18T17:05:38.125+0000] {logging_mixin.py:149} INFO - [2023-05-18T17:05:38.125+0000] {dagbag.py:541} INFO - Filling up the DagBag from /home/airflow/.local/lib/python3.7/site-packages/airflow/example_dags/example_setup_teardown_taskflow.py
[2023-05-18T17:05:38.126+0000] {processor.py:811} WARNING - No viable dags retrieved from /home/airflow/.local/lib/python3.7/site-packages/airflow/example_dags/example_setup_teardown_taskflow.py
[2023-05-18T17:05:38.137+0000] {processor.py:178} INFO - Processing /home/airflow/.local/lib/python3.7/site-packages/airflow/example_dags/example_setup_teardown_taskflow.py took 0.016 seconds
[2023-05-18T17:09:55.885+0000] {processor.py:156} INFO - Started process (PID=98) to work on /home/airflow/.local/lib/python3.7/site-packages/airflow/example_dags/example_setup_teardown_taskflow.py
[2023-05-18T17:09:55.886+0000] {processor.py:799} INFO - Processing file /home/airflow/.local/lib/python3.7/site-packages/airflow/example_dags/example_setup_teardown_taskflow.py for tasks to queue
[2023-05-18T17:09:55.887+0000] {logging_mixin.py:149} INFO - [2023-05-18T17:09:55.887+0000] {dagbag.py:541} INFO - Filling up the DagBag from /home/airflow/.local/lib/python3.7/site-packages/airflow/example_dags/example_setup_teardown_taskflow.py
[2023-05-18T17:09:55.890+0000] {processor.py:811} WARNING - No viable dags retrieved from /home/airflow/.local/lib/python3.7/site-packages/airflow/example_dags/example_setup_teardown_taskflow.py
[2023-05-18T17:09:55.909+0000] {processor.py:178} INFO - Processing /home/airflow/.local/lib/python3.7/site-packages/airflow/example_dags/example_setup_teardown_taskflow.py took 0.029 seconds
[2023-05-18T17:13:17.430+0000] {processor.py:156} INFO - Started process (PID=46) to work on /home/airflow/.local/lib/python3.7/site-packages/airflow/example_dags/example_setup_teardown_taskflow.py
[2023-05-18T17:13:17.431+0000] {processor.py:799} INFO - Processing file /home/airflow/.local/lib/python3.7/site-packages/airflow/example_dags/example_setup_teardown_taskflow.py for tasks to queue
[2023-05-18T17:13:17.431+0000] {logging_mixin.py:149} INFO - [2023-05-18T17:13:17.431+0000] {dagbag.py:541} INFO - Filling up the DagBag from /home/airflow/.local/lib/python3.7/site-packages/airflow/example_dags/example_setup_teardown_taskflow.py
[2023-05-18T17:13:17.433+0000] {processor.py:811} WARNING - No viable dags retrieved from /home/airflow/.local/lib/python3.7/site-packages/airflow/example_dags/example_setup_teardown_taskflow.py
[2023-05-18T17:13:17.444+0000] {processor.py:178} INFO - Processing /home/airflow/.local/lib/python3.7/site-packages/airflow/example_dags/example_setup_teardown_taskflow.py took 0.016 seconds
[2023-05-18T17:13:48.083+0000] {processor.py:156} INFO - Started process (PID=105) to work on /home/airflow/.local/lib/python3.7/site-packages/airflow/example_dags/example_setup_teardown_taskflow.py
[2023-05-18T17:13:48.084+0000] {processor.py:799} INFO - Processing file /home/airflow/.local/lib/python3.7/site-packages/airflow/example_dags/example_setup_teardown_taskflow.py for tasks to queue
[2023-05-18T17:13:48.085+0000] {logging_mixin.py:149} INFO - [2023-05-18T17:13:48.085+0000] {dagbag.py:541} INFO - Filling up the DagBag from /home/airflow/.local/lib/python3.7/site-packages/airflow/example_dags/example_setup_teardown_taskflow.py
[2023-05-18T17:13:48.086+0000] {processor.py:811} WARNING - No viable dags retrieved from /home/airflow/.local/lib/python3.7/site-packages/airflow/example_dags/example_setup_teardown_taskflow.py
[2023-05-18T17:13:48.104+0000] {processor.py:178} INFO - Processing /home/airflow/.local/lib/python3.7/site-packages/airflow/example_dags/example_setup_teardown_taskflow.py took 0.024 seconds
