[2023-05-18T17:05:39.489+0000] {processor.py:156} INFO - Started process (PID=68) to work on /home/airflow/.local/lib/python3.7/site-packages/airflow/example_dags/example_latest_only_with_trigger.py
[2023-05-18T17:05:39.490+0000] {processor.py:799} INFO - Processing file /home/airflow/.local/lib/python3.7/site-packages/airflow/example_dags/example_latest_only_with_trigger.py for tasks to queue
[2023-05-18T17:05:39.491+0000] {logging_mixin.py:149} INFO - [2023-05-18T17:05:39.490+0000] {dagbag.py:541} INFO - Filling up the DagBag from /home/airflow/.local/lib/python3.7/site-packages/airflow/example_dags/example_latest_only_with_trigger.py
[2023-05-18T17:05:39.495+0000] {processor.py:809} INFO - DAG(s) dict_keys(['latest_only_with_trigger']) retrieved from /home/airflow/.local/lib/python3.7/site-packages/airflow/example_dags/example_latest_only_with_trigger.py
[2023-05-18T17:05:39.518+0000] {logging_mixin.py:149} INFO - [2023-05-18T17:05:39.518+0000] {dag.py:2726} INFO - Sync 1 DAGs
[2023-05-18T17:05:39.544+0000] {logging_mixin.py:149} INFO - [2023-05-18T17:05:39.544+0000] {dag.py:3490} INFO - Setting next_dagrun for latest_only_with_trigger to 2023-05-18T13:05:39.544030+00:00, run_after=2023-05-18T17:05:39.544030+00:00
[2023-05-18T17:05:39.564+0000] {processor.py:178} INFO - Processing /home/airflow/.local/lib/python3.7/site-packages/airflow/example_dags/example_latest_only_with_trigger.py took 0.077 seconds
[2023-05-18T17:09:58.038+0000] {processor.py:156} INFO - Started process (PID=120) to work on /home/airflow/.local/lib/python3.7/site-packages/airflow/example_dags/example_latest_only_with_trigger.py
[2023-05-18T17:09:58.038+0000] {processor.py:799} INFO - Processing file /home/airflow/.local/lib/python3.7/site-packages/airflow/example_dags/example_latest_only_with_trigger.py for tasks to queue
[2023-05-18T17:09:58.039+0000] {logging_mixin.py:149} INFO - [2023-05-18T17:09:58.039+0000] {dagbag.py:541} INFO - Filling up the DagBag from /home/airflow/.local/lib/python3.7/site-packages/airflow/example_dags/example_latest_only_with_trigger.py
[2023-05-18T17:09:58.045+0000] {processor.py:809} INFO - DAG(s) dict_keys(['latest_only_with_trigger']) retrieved from /home/airflow/.local/lib/python3.7/site-packages/airflow/example_dags/example_latest_only_with_trigger.py
[2023-05-18T17:09:58.071+0000] {logging_mixin.py:149} INFO - [2023-05-18T17:09:58.071+0000] {dag.py:2726} INFO - Sync 1 DAGs
[2023-05-18T17:09:58.104+0000] {logging_mixin.py:149} INFO - [2023-05-18T17:09:58.104+0000] {dag.py:3490} INFO - Setting next_dagrun for latest_only_with_trigger to 2023-05-18T13:09:58.104089+00:00, run_after=2023-05-18T17:09:58.104089+00:00
[2023-05-18T17:09:58.130+0000] {processor.py:178} INFO - Processing /home/airflow/.local/lib/python3.7/site-packages/airflow/example_dags/example_latest_only_with_trigger.py took 0.095 seconds
[2023-05-18T17:13:19.255+0000] {processor.py:156} INFO - Started process (PID=68) to work on /home/airflow/.local/lib/python3.7/site-packages/airflow/example_dags/example_latest_only_with_trigger.py
[2023-05-18T17:13:19.256+0000] {processor.py:799} INFO - Processing file /home/airflow/.local/lib/python3.7/site-packages/airflow/example_dags/example_latest_only_with_trigger.py for tasks to queue
[2023-05-18T17:13:19.257+0000] {logging_mixin.py:149} INFO - [2023-05-18T17:13:19.257+0000] {dagbag.py:541} INFO - Filling up the DagBag from /home/airflow/.local/lib/python3.7/site-packages/airflow/example_dags/example_latest_only_with_trigger.py
[2023-05-18T17:13:19.265+0000] {processor.py:809} INFO - DAG(s) dict_keys(['latest_only_with_trigger']) retrieved from /home/airflow/.local/lib/python3.7/site-packages/airflow/example_dags/example_latest_only_with_trigger.py
[2023-05-18T17:13:19.294+0000] {logging_mixin.py:149} INFO - [2023-05-18T17:13:19.294+0000] {dag.py:2726} INFO - Sync 1 DAGs
[2023-05-18T17:13:19.318+0000] {logging_mixin.py:149} INFO - [2023-05-18T17:13:19.317+0000] {dag.py:3490} INFO - Setting next_dagrun for latest_only_with_trigger to 2023-05-18T13:13:19.317794+00:00, run_after=2023-05-18T17:13:19.317794+00:00
[2023-05-18T17:13:19.336+0000] {processor.py:178} INFO - Processing /home/airflow/.local/lib/python3.7/site-packages/airflow/example_dags/example_latest_only_with_trigger.py took 0.086 seconds
[2023-05-18T17:13:50.271+0000] {processor.py:156} INFO - Started process (PID=127) to work on /home/airflow/.local/lib/python3.7/site-packages/airflow/example_dags/example_latest_only_with_trigger.py
[2023-05-18T17:13:50.272+0000] {processor.py:799} INFO - Processing file /home/airflow/.local/lib/python3.7/site-packages/airflow/example_dags/example_latest_only_with_trigger.py for tasks to queue
[2023-05-18T17:13:50.273+0000] {logging_mixin.py:149} INFO - [2023-05-18T17:13:50.273+0000] {dagbag.py:541} INFO - Filling up the DagBag from /home/airflow/.local/lib/python3.7/site-packages/airflow/example_dags/example_latest_only_with_trigger.py
[2023-05-18T17:13:50.278+0000] {processor.py:809} INFO - DAG(s) dict_keys(['latest_only_with_trigger']) retrieved from /home/airflow/.local/lib/python3.7/site-packages/airflow/example_dags/example_latest_only_with_trigger.py
[2023-05-18T17:13:50.307+0000] {logging_mixin.py:149} INFO - [2023-05-18T17:13:50.307+0000] {dag.py:2726} INFO - Sync 1 DAGs
[2023-05-18T17:13:50.341+0000] {logging_mixin.py:149} INFO - [2023-05-18T17:13:50.341+0000] {dag.py:3490} INFO - Setting next_dagrun for latest_only_with_trigger to 2023-05-18T13:13:50.341435+00:00, run_after=2023-05-18T17:13:50.341435+00:00
[2023-05-18T17:13:50.367+0000] {processor.py:178} INFO - Processing /home/airflow/.local/lib/python3.7/site-packages/airflow/example_dags/example_latest_only_with_trigger.py took 0.099 seconds
