[2023-05-18T17:04:57.236+0000] {processor.py:156} INFO - Started process (PID=29079) to work on /home/airflow/.local/lib/python3.7/site-packages/airflow/example_dags/tutorial_taskflow_api_virtualenv.py
[2023-05-18T17:04:57.237+0000] {processor.py:799} INFO - Processing file /home/airflow/.local/lib/python3.7/site-packages/airflow/example_dags/tutorial_taskflow_api_virtualenv.py for tasks to queue
[2023-05-18T17:04:57.238+0000] {logging_mixin.py:149} INFO - [2023-05-18T17:04:57.238+0000] {dagbag.py:541} INFO - Filling up the DagBag from /home/airflow/.local/lib/python3.7/site-packages/airflow/example_dags/tutorial_taskflow_api_virtualenv.py
[2023-05-18T17:04:57.250+0000] {processor.py:809} INFO - DAG(s) dict_keys(['tutorial_taskflow_api_virtualenv']) retrieved from /home/airflow/.local/lib/python3.7/site-packages/airflow/example_dags/tutorial_taskflow_api_virtualenv.py
[2023-05-18T17:04:57.295+0000] {logging_mixin.py:149} INFO - [2023-05-18T17:04:57.295+0000] {dag.py:2726} INFO - Sync 1 DAGs
[2023-05-18T17:04:57.352+0000] {logging_mixin.py:149} INFO - [2023-05-18T17:04:57.352+0000] {dag.py:3490} INFO - Setting next_dagrun for tutorial_taskflow_api_virtualenv to None, run_after=None
[2023-05-18T17:04:57.399+0000] {processor.py:178} INFO - Processing /home/airflow/.local/lib/python3.7/site-packages/airflow/example_dags/tutorial_taskflow_api_virtualenv.py took 0.169 seconds
[2023-05-18T17:05:39.098+0000] {processor.py:156} INFO - Started process (PID=60) to work on /home/airflow/.local/lib/python3.7/site-packages/airflow/example_dags/tutorial_taskflow_api_virtualenv.py
[2023-05-18T17:05:39.099+0000] {processor.py:799} INFO - Processing file /home/airflow/.local/lib/python3.7/site-packages/airflow/example_dags/tutorial_taskflow_api_virtualenv.py for tasks to queue
[2023-05-18T17:05:39.099+0000] {logging_mixin.py:149} INFO - [2023-05-18T17:05:39.099+0000] {dagbag.py:541} INFO - Filling up the DagBag from /home/airflow/.local/lib/python3.7/site-packages/airflow/example_dags/tutorial_taskflow_api_virtualenv.py
[2023-05-18T17:05:39.104+0000] {processor.py:809} INFO - DAG(s) dict_keys(['tutorial_taskflow_api_virtualenv']) retrieved from /home/airflow/.local/lib/python3.7/site-packages/airflow/example_dags/tutorial_taskflow_api_virtualenv.py
[2023-05-18T17:05:39.123+0000] {logging_mixin.py:149} INFO - [2023-05-18T17:05:39.122+0000] {dag.py:2726} INFO - Sync 1 DAGs
[2023-05-18T17:05:39.147+0000] {logging_mixin.py:149} INFO - [2023-05-18T17:05:39.147+0000] {dag.py:3490} INFO - Setting next_dagrun for tutorial_taskflow_api_virtualenv to None, run_after=None
[2023-05-18T17:05:39.165+0000] {processor.py:178} INFO - Processing /home/airflow/.local/lib/python3.7/site-packages/airflow/example_dags/tutorial_taskflow_api_virtualenv.py took 0.069 seconds
[2023-05-18T17:09:57.377+0000] {processor.py:156} INFO - Started process (PID=112) to work on /home/airflow/.local/lib/python3.7/site-packages/airflow/example_dags/tutorial_taskflow_api_virtualenv.py
[2023-05-18T17:09:57.378+0000] {processor.py:799} INFO - Processing file /home/airflow/.local/lib/python3.7/site-packages/airflow/example_dags/tutorial_taskflow_api_virtualenv.py for tasks to queue
[2023-05-18T17:09:57.379+0000] {logging_mixin.py:149} INFO - [2023-05-18T17:09:57.379+0000] {dagbag.py:541} INFO - Filling up the DagBag from /home/airflow/.local/lib/python3.7/site-packages/airflow/example_dags/tutorial_taskflow_api_virtualenv.py
[2023-05-18T17:09:57.391+0000] {processor.py:809} INFO - DAG(s) dict_keys(['tutorial_taskflow_api_virtualenv']) retrieved from /home/airflow/.local/lib/python3.7/site-packages/airflow/example_dags/tutorial_taskflow_api_virtualenv.py
[2023-05-18T17:09:57.434+0000] {logging_mixin.py:149} INFO - [2023-05-18T17:09:57.433+0000] {dag.py:2726} INFO - Sync 1 DAGs
[2023-05-18T17:09:57.471+0000] {logging_mixin.py:149} INFO - [2023-05-18T17:09:57.471+0000] {dag.py:3490} INFO - Setting next_dagrun for tutorial_taskflow_api_virtualenv to None, run_after=None
[2023-05-18T17:09:57.496+0000] {processor.py:178} INFO - Processing /home/airflow/.local/lib/python3.7/site-packages/airflow/example_dags/tutorial_taskflow_api_virtualenv.py took 0.124 seconds
[2023-05-18T17:13:18.451+0000] {processor.py:156} INFO - Started process (PID=60) to work on /home/airflow/.local/lib/python3.7/site-packages/airflow/example_dags/tutorial_taskflow_api_virtualenv.py
[2023-05-18T17:13:18.451+0000] {processor.py:799} INFO - Processing file /home/airflow/.local/lib/python3.7/site-packages/airflow/example_dags/tutorial_taskflow_api_virtualenv.py for tasks to queue
[2023-05-18T17:13:18.452+0000] {logging_mixin.py:149} INFO - [2023-05-18T17:13:18.452+0000] {dagbag.py:541} INFO - Filling up the DagBag from /home/airflow/.local/lib/python3.7/site-packages/airflow/example_dags/tutorial_taskflow_api_virtualenv.py
[2023-05-18T17:13:18.458+0000] {processor.py:809} INFO - DAG(s) dict_keys(['tutorial_taskflow_api_virtualenv']) retrieved from /home/airflow/.local/lib/python3.7/site-packages/airflow/example_dags/tutorial_taskflow_api_virtualenv.py
[2023-05-18T17:13:18.480+0000] {logging_mixin.py:149} INFO - [2023-05-18T17:13:18.480+0000] {dag.py:2726} INFO - Sync 1 DAGs
[2023-05-18T17:13:18.508+0000] {logging_mixin.py:149} INFO - [2023-05-18T17:13:18.508+0000] {dag.py:3490} INFO - Setting next_dagrun for tutorial_taskflow_api_virtualenv to None, run_after=None
[2023-05-18T17:13:18.529+0000] {processor.py:178} INFO - Processing /home/airflow/.local/lib/python3.7/site-packages/airflow/example_dags/tutorial_taskflow_api_virtualenv.py took 0.080 seconds
[2023-05-18T17:13:49.293+0000] {processor.py:156} INFO - Started process (PID=119) to work on /home/airflow/.local/lib/python3.7/site-packages/airflow/example_dags/tutorial_taskflow_api_virtualenv.py
[2023-05-18T17:13:49.294+0000] {processor.py:799} INFO - Processing file /home/airflow/.local/lib/python3.7/site-packages/airflow/example_dags/tutorial_taskflow_api_virtualenv.py for tasks to queue
[2023-05-18T17:13:49.295+0000] {logging_mixin.py:149} INFO - [2023-05-18T17:13:49.295+0000] {dagbag.py:541} INFO - Filling up the DagBag from /home/airflow/.local/lib/python3.7/site-packages/airflow/example_dags/tutorial_taskflow_api_virtualenv.py
[2023-05-18T17:13:49.306+0000] {processor.py:809} INFO - DAG(s) dict_keys(['tutorial_taskflow_api_virtualenv']) retrieved from /home/airflow/.local/lib/python3.7/site-packages/airflow/example_dags/tutorial_taskflow_api_virtualenv.py
[2023-05-18T17:13:49.343+0000] {logging_mixin.py:149} INFO - [2023-05-18T17:13:49.343+0000] {dag.py:2726} INFO - Sync 1 DAGs
[2023-05-18T17:13:49.377+0000] {logging_mixin.py:149} INFO - [2023-05-18T17:13:49.377+0000] {dag.py:3490} INFO - Setting next_dagrun for tutorial_taskflow_api_virtualenv to None, run_after=None
[2023-05-18T17:13:49.399+0000] {processor.py:178} INFO - Processing /home/airflow/.local/lib/python3.7/site-packages/airflow/example_dags/tutorial_taskflow_api_virtualenv.py took 0.110 seconds
